Phi_vmec at LCFS = 0.083
Reference Length = 0.160602
Reference B Field = 1.0243
Interpolating using radial indices 8 and 9 of 15 from VMEC's half mesh
Weight for half mesh = 1 and 0
Interpolating using radial indicies 8 and 9 of 16 from VMEC's full mesh
Weight for full mesh = 1.5 and -0.5
iota = 0.447221
ds = 0.0666667
shat = -0.121751
d iota / ds = 0.0544498
d pressure / ds = 0
theta pest = [-6.28319, -6.08684, -5.89049, -5.69414, -5.49779, -5.30144, -5.10509, -4.90874, -4.71239, -4.51604, -4.31969, -4.12334, -3.92699, -3.73064, -3.53429, -3.33794, -3.14159, -2.94524, -2.74889, -2.55254, -2.35619, -2.15984, -1.9635, -1.76715, -1.5708, -1.37445, -1.1781, -0.981748, -0.785398, -0.589049, -0.392699, -0.19635, 0, 0.19635, 0.392699, 0.589049, 0.785398, 0.981748, 1.1781, 1.37445, 1.5708, 1.76715, 1.9635, 2.15984, 2.35619, 2.55254, 2.74889, 2.94524, 3.14159, 3.33794, 3.53429, 3.73064, 3.92699, 4.12334, 4.31969, 4.51604, 4.71239, 4.90874, 5.10509, 5.30144, 5.49779, 5.69414, 5.89049, 6.08684, 6.28319, ]


---------------------------------------------
Beginning root solves to determine theta_vmec
Values of theta_vmec from GSL solver:
[-6.26653, -6.03061, -5.86145, -5.68711, -5.48902, -5.33281, -5.16607, -4.92387, -4.67762, -4.47995, -4.30614, -4.12847, -3.95251, -3.77535, -3.54153, -3.29576, -3.10571, -2.92704, -2.75802, -2.58702, -2.39764, -2.16999, -1.91545, -1.72824, -1.56849, -1.3818, -1.2028, -1.02475, -0.796104, -0.534661, -0.339364, -0.189194, 0, 0.189194, 0.339364, 0.534661, 0.796104, 1.02475, 1.2028, 1.3818, 1.56849, 1.72824, 1.91545, 2.16999, 2.39764, 2.58702, 2.75802, 2.92704, 3.10571, 3.29576, 3.54153, 3.77535, 3.95251, 4.12847, 4.30614, 4.47995, 4.67762, 4.92387, 5.16607, 5.33281, 5.48902, 5.68711, 5.86145, 6.03061, 6.26653, ]
---------------------------------------------

Relative difference between two methods for computing iota = 0.000278284 (should be << 1)
Relative difference between two methods for computing grad_zeta_X = 0.000947937 (should be << 1)
Relative difference between two methods for computing grad_zeta_Y = 0.000973461 (should be << 1)
maxval(abs(grad_zeta_Z)) = 9.94565e-17 (should be < 1.)
Relative difference between two methods for computing sqrt_g = 0.00115309 (should be << 1)
Relative difference between two methods for computing 1/sqrt_g = 0.000945509 (should be << 1)
Relative difference between two methods for computing B_sub_theta_vmec = 0.00105752 (should be << 1)
Relative difference between two methods for computing B_sub_zeta = 0.000735539 (should be << 1)
Relative difference between two methods for computing B_sub_s = 0.00126204 (should be << 1)
Relative difference between two methods for computing B_sup_theta_vmec = 0.00115238 (should be << 1)
Relative difference between two methods for computing B_sup_zeta = 0.000214884 (should be << 1)
maxval(abs(B_sup_s)) = 8.43769e-15 (should be < 1.)
Relative difference between two methods for computing B_cross_grad_s_dot_grad_alpha = 0.00148859 (should be << 1)
Relative difference between two methods for computing B_cross_grad_B_dot_grad_alpha = 0.00158427 (should be << 1)



**************************************************
You have chosen not to take a subset of the flux tube. The (unscaled) flux tube will go from [-6.28319,6.28319]
**************************************************
Finished creating grid file
