Phi_vmec at LCFS = 0.083
Reference Length = 0.174242
Reference B Field = 0.870204
Interpolating using radial indices 8 and 9 of 15 from VMEC's half mesh
Weight for half mesh = 1 and 0
Interpolating using radial indicies 8 and 9 of 16 from VMEC's full mesh
Weight for full mesh = 1.5 and -0.5
iota = 1.80716
ds = 0.0666667
shat = 0.00453038
d iota / ds = -0.0081871
d pressure / ds = 0
theta pest = [-6.28319, -6.08684, -5.89049, -5.69414, -5.49779, -5.30144, -5.10509, -4.90874, -4.71239, -4.51604, -4.31969, -4.12334, -3.92699, -3.73064, -3.53429, -3.33794, -3.14159, -2.94524, -2.74889, -2.55254, -2.35619, -2.15984, -1.9635, -1.76715, -1.5708, -1.37445, -1.1781, -0.981748, -0.785398, -0.589049, -0.392699, -0.19635, 0, 0.19635, 0.392699, 0.589049, 0.785398, 0.981748, 1.1781, 1.37445, 1.5708, 1.76715, 1.9635, 2.15984, 2.35619, 2.55254, 2.74889, 2.94524, 3.14159, 3.33794, 3.53429, 3.73064, 3.92699, 4.12334, 4.31969, 4.51604, 4.71239, 4.90874, 5.10509, 5.30144, 5.49779, 5.69414, 5.89049, 6.08684, 6.28319, ]


---------------------------------------------
Beginning root solves to determine theta_vmec
Values of theta_vmec from GSL solver:
[-6.35768, -6.17034, -5.98216, -5.79326, -5.60382, -5.41396, -5.22384, -5.03344, -4.84251, -4.65056, -4.45707, -4.26145, -4.06279, -3.85974, -3.65096, -3.43579, -3.21494, -2.99047, -2.76538, -2.54291, -2.32573, -2.11517, -1.91104, -1.7122, -1.51728, -1.32516, -1.13492, -0.945754, -0.756961, -0.568078, -0.378927, -0.189532, 0, 0.189532, 0.378927, 0.568078, 0.756961, 0.945754, 1.13492, 1.32516, 1.51728, 1.7122, 1.91104, 2.11517, 2.32573, 2.54291, 2.76538, 2.99047, 3.21494, 3.43579, 3.65096, 3.85974, 4.06279, 4.26145, 4.45707, 4.65056, 4.84251, 5.03344, 5.22384, 5.41396, 5.60382, 5.79326, 5.98216, 6.17034, 6.35768, ]
---------------------------------------------

Relative difference between two methods for computing iota = 0.000141835 (should be << 1)
Relative difference between two methods for computing grad_zeta_X = 0.000808793 (should be << 1)
Relative difference between two methods for computing grad_zeta_Y = 0.00100873 (should be << 1)
maxval(abs(grad_zeta_Z)) = 3.79837e-17 (should be < 1.)
Relative difference between two methods for computing sqrt_g = 0.00102293 (should be << 1)
Relative difference between two methods for computing 1/sqrt_g = 0.000798275 (should be << 1)
Relative difference between two methods for computing B_sub_theta_vmec = 0.00329706 (should be << 1)
Relative difference between two methods for computing B_sub_zeta = 0.000374801 (should be << 1)
Relative difference between two methods for computing B_sub_s = 0.0014407 (should be << 1)
Relative difference between two methods for computing B_sup_theta_vmec = 0.000836312 (should be << 1)
Relative difference between two methods for computing B_sup_zeta = 7.022e-05 (should be << 1)
maxval(abs(B_sup_s)) = 1.58207e-15 (should be < 1.)
Relative difference between two methods for computing B_cross_grad_s_dot_grad_alpha = 0.0005308 (should be << 1)
Relative difference between two methods for computing B_cross_grad_B_dot_grad_alpha = 0.000536663 (should be << 1)



**************************************************
You have chosen not to take a subset of the flux tube. The (unscaled) flux tube will go from [-6.28319,6.28319]
**************************************************
Finished creating grid file
