Initial aspect ratio: 6.002990249024757
Initial mean iota: 0.39939858456440464
Initial magnetic well: -0.04553931505796013
-------------------------
Optimizing with max_mode = 1
-------------------------
   Iteration     Total nfev        Cost      Cost reduction    Step norm     Optimality   
       0              1         4.9831e-03                                    1.14e-01    
       1              5         4.9792e-03      3.96e-06       2.77e-04       1.32e-02    
       2              9         4.9792e-03      3.90e-08       4.33e-06       8.51e-03    
`ftol` termination condition is satisfied.
Function evaluations 9, initial cost 4.9831e-03, final cost 4.9792e-03, first-order optimality 8.51e-03.
Final aspect ratio: 6.00088465078496
Final mean iota: 0.399196195152133
Final magnetic well: -0.045585748948183874
Final quasisymmetry: 0.009523154109598867
-------------------------
Optimizing with max_mode = 2
-------------------------
   Iteration     Total nfev        Cost      Cost reduction    Step norm     Optimality   
       0              1         4.9792e-03                                    8.31e-01    
WARNING:simsopt.objectives.least_squares:Function evaluation failed for <bound method Vmec.aspect of Vmec1 (nfp=2 mpol=8 ntor=8)>
       1              3         3.1725e-03      1.81e-03       2.04e-02       2.09e+00    
WARNING:simsopt.objectives.least_squares:Function evaluation failed for <bound method Vmec.aspect of Vmec1 (nfp=2 mpol=8 ntor=8)>
       2              4         1.4783e-03      1.69e-03       2.04e-02       2.40e+12    
       3              5         5.5890e-04      9.19e-04       2.04e-02       6.52e-01    
WARNING:simsopt.objectives.least_squares:Function evaluation failed for <bound method Vmec.aspect of Vmec1 (nfp=2 mpol=8 ntor=8)>
       4              7         2.6660e-04      2.92e-04       1.02e-02       2.79e-01    
       5              9         1.9453e-04      7.21e-05       5.09e-03       2.18e-01    
       6             11         1.6933e-04      2.52e-05       2.55e-03       7.81e-02    
       7             12         1.6282e-04      6.51e-06       5.09e-03       1.65e-01    
       8             13         1.5585e-04      6.97e-06       5.09e-03       1.89e-01    
       9             14         1.3503e-04      2.08e-05       1.27e-03       3.22e-02    
      10             16         1.3359e-04      1.44e-06       6.36e-04       2.04e-02    
      11             17         1.3246e-04      1.12e-06       6.36e-04       2.31e-02    
      12             18         1.3150e-04      9.64e-07       6.36e-04       2.29e-02    
WARNING:simsopt.objectives.least_squares:Function evaluation failed for <bound method Vmec.aspect of Vmec1 (nfp=2 mpol=8 ntor=8)>
      13             19         1.3085e-04      6.52e-07       6.36e-04       1.98e+11    
      14             21         1.3053e-04      3.18e-07       1.59e-04       6.44e-03    
      15             22         1.3034e-04      1.94e-07       1.59e-04       5.42e-03    
      16             23         1.3015e-04      1.81e-07       1.59e-04       5.55e-03    
      17             24         1.2999e-04      1.62e-07       1.59e-04       5.65e-03    
      18             25         1.2982e-04      1.67e-07       1.59e-04       5.73e-03    
      19             26         1.2965e-04      1.79e-07       1.59e-04       5.86e-03    
      20             27         1.2949e-04      1.54e-07       1.59e-04       5.88e-03    
      21             28         1.2943e-04      5.69e-08       1.59e-04       5.94e-03    
      22             29         1.2938e-04      5.61e-08       3.98e-05       1.76e-03    
      23             30         1.2933e-04      4.92e-08       3.98e-05       1.76e-03    
      24             31         1.2929e-04      4.28e-08       3.98e-05       1.77e-03    
      25             32         1.2926e-04      2.67e-08       3.98e-05       1.77e-03    
      26             33         1.2922e-04      3.56e-08       3.98e-05       1.76e-03    
      27             34         1.2919e-04      3.65e-08       3.98e-05       1.77e-03    
      28             35         1.2915e-04      3.61e-08       3.98e-05       1.77e-03    
      29             36         1.2910e-04      5.62e-08       3.98e-05       1.78e-03    
      30             37         1.2906e-04      3.55e-08       3.98e-05       1.79e-03    
      31             38         1.2905e-04      1.18e-08       3.98e-05       1.78e-03    
      32             39         1.2903e-04      1.52e-08       9.94e-06       1.29e-03    
      33             41         1.2903e-04      2.51e-09       2.49e-06       1.30e-03    
      34             42         1.2902e-04      1.16e-08       2.49e-06       1.30e-03    
      35             44         1.2902e-04      3.51e-09       1.24e-06       1.30e-03    
      36             50         1.2902e-04      0.00e+00       0.00e+00       1.30e-03    
`xtol` termination condition is satisfied.
Function evaluations 50, initial cost 4.9792e-03, final cost 1.2902e-04, first-order optimality 1.30e-03.
Final aspect ratio: 6.000046859706123
Final mean iota: 0.4179457127894164
Final magnetic well: -0.09321730182563816
Final quasisymmetry: 0.00025380436787316476
-------------------------
Optimizing with max_mode = 3
-------------------------
WARNING:simsopt.objectives.least_squares:Function evaluation failed for <bound method Vmec.aspect of Vmec1 (nfp=2 mpol=8 ntor=8)>
WARNING:simsopt.objectives.least_squares:Function evaluation failed for <bound method Vmec.aspect of Vmec1 (nfp=2 mpol=8 ntor=8)>
   Iteration     Total nfev        Cost      Cost reduction    Step norm     Optimality   
       0              1         1.2902e-04                                    1.91e+11    
WARNING:simsopt.objectives.least_squares:Function evaluation failed for <bound method Vmec.aspect of Vmec1 (nfp=2 mpol=8 ntor=8)>
WARNING:simsopt.objectives.least_squares:Function evaluation failed for <bound method Vmec.aspect of Vmec1 (nfp=2 mpol=8 ntor=8)>
WARNING:simsopt.objectives.least_squares:Function evaluation failed for <bound method Vmec.aspect of Vmec1 (nfp=2 mpol=8 ntor=8)>
       1              6         1.2786e-04      1.16e-06       1.47e-03       6.30e+11    
WARNING:simsopt.objectives.least_squares:Function evaluation failed for <bound method Vmec.aspect of Vmec1 (nfp=2 mpol=8 ntor=8)>
       2              8         9.5645e-05      3.22e-05       3.68e-04       2.62e+10    
WARNING:simsopt.objectives.least_squares:Function evaluation failed for <bound method Vmec.aspect of Vmec1 (nfp=2 mpol=8 ntor=8)>
WARNING:simsopt.objectives.least_squares:Function evaluation failed for <bound method Vmec.aspect of Vmec1 (nfp=2 mpol=8 ntor=8)>
       3             10         9.5144e-05      5.01e-07       1.84e-04       1.71e+10    
WARNING:simsopt.objectives.least_squares:Function evaluation failed for <bound method Vmec.aspect of Vmec1 (nfp=2 mpol=8 ntor=8)>
WARNING:simsopt.objectives.least_squares:Function evaluation failed for <bound method Vmec.aspect of Vmec1 (nfp=2 mpol=8 ntor=8)>
       4             12         9.4171e-05      9.73e-07       4.60e-05       3.86e+10    
WARNING:simsopt.objectives.least_squares:Function evaluation failed for <bound method Vmec.aspect of Vmec1 (nfp=2 mpol=8 ntor=8)>
WARNING:simsopt.objectives.least_squares:Function evaluation failed for <bound method Vmec.aspect of Vmec1 (nfp=2 mpol=8 ntor=8)>
       5             14         9.4010e-05      1.61e-07       2.30e-05       4.43e+10    
WARNING:simsopt.objectives.least_squares:Function evaluation failed for <bound method Vmec.aspect of Vmec1 (nfp=2 mpol=8 ntor=8)>
       6             15         9.0694e-05      3.32e-06       4.60e-05       6.71e+10    
WARNING:simsopt.objectives.least_squares:Function evaluation failed for <bound method Vmec.aspect of Vmec1 (nfp=2 mpol=8 ntor=8)>
       7             16         8.7074e-05      3.62e-06       9.20e-05       7.44e+10    
WARNING:simsopt.objectives.least_squares:Function evaluation failed for <bound method Vmec.aspect of Vmec1 (nfp=2 mpol=8 ntor=8)>
WARNING:simsopt.objectives.least_squares:Function evaluation failed for <bound method Vmec.aspect of Vmec1 (nfp=2 mpol=8 ntor=8)>
       8             18         8.6966e-05      1.09e-07       4.60e-05       5.58e+10    
       9             26         8.6966e-05      0.00e+00       0.00e+00       5.58e+10    
`xtol` termination condition is satisfied.
Function evaluations 26, initial cost 1.2902e-04, final cost 8.6966e-05, first-order optimality 5.58e+10.
Final aspect ratio: 6.000079400772059
Final mean iota: 0.41920344873528087
Final magnetic well: -0.09089558782103979
Final quasisymmetry: 0.00017327832187064184
-------------------------
Optimizing with max_mode = 4
-------------------------
WARNING:simsopt.objectives.least_squares:Function evaluation failed for <bound method Vmec.aspect of Vmec1 (nfp=2 mpol=8 ntor=8)>
WARNING:simsopt.objectives.least_squares:Function evaluation failed for <bound method Vmec.aspect of Vmec1 (nfp=2 mpol=8 ntor=8)>
WARNING:simsopt.objectives.least_squares:Function evaluation failed for <bound method Vmec.aspect of Vmec1 (nfp=2 mpol=8 ntor=8)>
WARNING:simsopt.objectives.least_squares:Function evaluation failed for <bound method Vmec.aspect of Vmec1 (nfp=2 mpol=8 ntor=8)>
WARNING:simsopt.objectives.least_squares:Function evaluation failed for <bound method Vmec.aspect of Vmec1 (nfp=2 mpol=8 ntor=8)>
WARNING:simsopt.objectives.least_squares:Function evaluation failed for <bound method Vmec.aspect of Vmec1 (nfp=2 mpol=8 ntor=8)>
WARNING:simsopt.objectives.least_squares:Function evaluation failed for <bound method Vmec.aspect of Vmec1 (nfp=2 mpol=8 ntor=8)>
WARNING:simsopt.objectives.least_squares:Function evaluation failed for <bound method Vmec.aspect of Vmec1 (nfp=2 mpol=8 ntor=8)>
   Iteration     Total nfev        Cost      Cost reduction    Step norm     Optimality   
       0              1         8.6966e-05                                    5.58e+10    
WARNING:simsopt.objectives.least_squares:Function evaluation failed for <bound method Vmec.aspect of Vmec1 (nfp=2 mpol=8 ntor=8)>
WARNING:simsopt.objectives.least_squares:Function evaluation failed for <bound method Vmec.aspect of Vmec1 (nfp=2 mpol=8 ntor=8)>
WARNING:simsopt.objectives.least_squares:Function evaluation failed for <bound method Vmec.aspect of Vmec1 (nfp=2 mpol=8 ntor=8)>
WARNING:simsopt.objectives.least_squares:Function evaluation failed for <bound method Vmec.aspect of Vmec1 (nfp=2 mpol=8 ntor=8)>
WARNING:simsopt.objectives.least_squares:Function evaluation failed for <bound method Vmec.aspect of Vmec1 (nfp=2 mpol=8 ntor=8)>
WARNING:simsopt.objectives.least_squares:Function evaluation failed for <bound method Vmec.aspect of Vmec1 (nfp=2 mpol=8 ntor=8)>
WARNING:simsopt.objectives.least_squares:Function evaluation failed for <bound method Vmec.aspect of Vmec1 (nfp=2 mpol=8 ntor=8)>
WARNING:simsopt.objectives.least_squares:Function evaluation failed for <bound method Vmec.aspect of Vmec1 (nfp=2 mpol=8 ntor=8)>
WARNING:simsopt.objectives.least_squares:Function evaluation failed for <bound method Vmec.aspect of Vmec1 (nfp=2 mpol=8 ntor=8)>
       1              7         8.6416e-05      5.50e-07       3.68e-04       6.89e+10    
WARNING:simsopt.objectives.least_squares:Function evaluation failed for <bound method Vmec.aspect of Vmec1 (nfp=2 mpol=8 ntor=8)>
WARNING:simsopt.objectives.least_squares:Function evaluation failed for <bound method Vmec.aspect of Vmec1 (nfp=2 mpol=8 ntor=8)>
WARNING:simsopt.objectives.least_squares:Function evaluation failed for <bound method Vmec.aspect of Vmec1 (nfp=2 mpol=8 ntor=8)>
WARNING:simsopt.objectives.least_squares:Function evaluation failed for <bound method Vmec.aspect of Vmec1 (nfp=2 mpol=8 ntor=8)>
WARNING:simsopt.objectives.least_squares:Function evaluation failed for <bound method Vmec.aspect of Vmec1 (nfp=2 mpol=8 ntor=8)>
WARNING:simsopt.objectives.least_squares:Function evaluation failed for <bound method Vmec.aspect of Vmec1 (nfp=2 mpol=8 ntor=8)>
WARNING:simsopt.objectives.least_squares:Function evaluation failed for <bound method Vmec.aspect of Vmec1 (nfp=2 mpol=8 ntor=8)>
WARNING:simsopt.objectives.least_squares:Function evaluation failed for <bound method Vmec.aspect of Vmec1 (nfp=2 mpol=8 ntor=8)>
       2              9         8.6027e-05      3.89e-07       2.30e-05       5.71e+10    
WARNING:simsopt.objectives.least_squares:Function evaluation failed for <bound method Vmec.aspect of Vmec1 (nfp=2 mpol=8 ntor=8)>
WARNING:simsopt.objectives.least_squares:Function evaluation failed for <bound method Vmec.aspect of Vmec1 (nfp=2 mpol=8 ntor=8)>
WARNING:simsopt.objectives.least_squares:Function evaluation failed for <bound method Vmec.aspect of Vmec1 (nfp=2 mpol=8 ntor=8)>
WARNING:simsopt.objectives.least_squares:Function evaluation failed for <bound method Vmec.aspect of Vmec1 (nfp=2 mpol=8 ntor=8)>
WARNING:simsopt.objectives.least_squares:Function evaluation failed for <bound method Vmec.aspect of Vmec1 (nfp=2 mpol=8 ntor=8)>
WARNING:simsopt.objectives.least_squares:Function evaluation failed for <bound method Vmec.aspect of Vmec1 (nfp=2 mpol=8 ntor=8)>
WARNING:simsopt.objectives.least_squares:Function evaluation failed for <bound method Vmec.aspect of Vmec1 (nfp=2 mpol=8 ntor=8)>
WARNING:simsopt.objectives.least_squares:Function evaluation failed for <bound method Vmec.aspect of Vmec1 (nfp=2 mpol=8 ntor=8)>
WARNING:simsopt.objectives.least_squares:Function evaluation failed for <bound method Vmec.aspect of Vmec1 (nfp=2 mpol=8 ntor=8)>
       3             11         8.6018e-05      8.83e-09       1.15e-05       5.53e+10    
WARNING:simsopt.objectives.least_squares:Function evaluation failed for <bound method Vmec.aspect of Vmec1 (nfp=2 mpol=8 ntor=8)>
WARNING:simsopt.objectives.least_squares:Function evaluation failed for <bound method Vmec.aspect of Vmec1 (nfp=2 mpol=8 ntor=8)>
WARNING:simsopt.objectives.least_squares:Function evaluation failed for <bound method Vmec.aspect of Vmec1 (nfp=2 mpol=8 ntor=8)>
WARNING:simsopt.objectives.least_squares:Function evaluation failed for <bound method Vmec.aspect of Vmec1 (nfp=2 mpol=8 ntor=8)>
WARNING:simsopt.objectives.least_squares:Function evaluation failed for <bound method Vmec.aspect of Vmec1 (nfp=2 mpol=8 ntor=8)>
WARNING:simsopt.objectives.least_squares:Function evaluation failed for <bound method Vmec.aspect of Vmec1 (nfp=2 mpol=8 ntor=8)>
WARNING:simsopt.objectives.least_squares:Function evaluation failed for <bound method Vmec.aspect of Vmec1 (nfp=2 mpol=8 ntor=8)>
WARNING:simsopt.objectives.least_squares:Function evaluation failed for <bound method Vmec.aspect of Vmec1 (nfp=2 mpol=8 ntor=8)>
WARNING:simsopt.objectives.least_squares:Function evaluation failed for <bound method Vmec.aspect of Vmec1 (nfp=2 mpol=8 ntor=8)>
       4             12         8.5766e-05      2.52e-07       1.15e-05       4.58e+10    
WARNING:simsopt.objectives.least_squares:Function evaluation failed for <bound method Vmec.aspect of Vmec1 (nfp=2 mpol=8 ntor=8)>
WARNING:simsopt.objectives.least_squares:Function evaluation failed for <bound method Vmec.aspect of Vmec1 (nfp=2 mpol=8 ntor=8)>
WARNING:simsopt.objectives.least_squares:Function evaluation failed for <bound method Vmec.aspect of Vmec1 (nfp=2 mpol=8 ntor=8)>
WARNING:simsopt.objectives.least_squares:Function evaluation failed for <bound method Vmec.aspect of Vmec1 (nfp=2 mpol=8 ntor=8)>
WARNING:simsopt.objectives.least_squares:Function evaluation failed for <bound method Vmec.aspect of Vmec1 (nfp=2 mpol=8 ntor=8)>
WARNING:simsopt.objectives.least_squares:Function evaluation failed for <bound method Vmec.aspect of Vmec1 (nfp=2 mpol=8 ntor=8)>
WARNING:simsopt.objectives.least_squares:Function evaluation failed for <bound method Vmec.aspect of Vmec1 (nfp=2 mpol=8 ntor=8)>
       5             13         8.5405e-05      3.62e-07       2.30e-05       3.06e+10    
WARNING:simsopt.objectives.least_squares:Function evaluation failed for <bound method Vmec.aspect of Vmec1 (nfp=2 mpol=8 ntor=8)>
WARNING:simsopt.objectives.least_squares:Function evaluation failed for <bound method Vmec.aspect of Vmec1 (nfp=2 mpol=8 ntor=8)>
WARNING:simsopt.objectives.least_squares:Function evaluation failed for <bound method Vmec.aspect of Vmec1 (nfp=2 mpol=8 ntor=8)>
WARNING:simsopt.objectives.least_squares:Function evaluation failed for <bound method Vmec.aspect of Vmec1 (nfp=2 mpol=8 ntor=8)>
WARNING:simsopt.objectives.least_squares:Function evaluation failed for <bound method Vmec.aspect of Vmec1 (nfp=2 mpol=8 ntor=8)>
WARNING:simsopt.objectives.least_squares:Function evaluation failed for <bound method Vmec.aspect of Vmec1 (nfp=2 mpol=8 ntor=8)>
WARNING:simsopt.objectives.least_squares:Function evaluation failed for <bound method Vmec.aspect of Vmec1 (nfp=2 mpol=8 ntor=8)>
WARNING:simsopt.objectives.least_squares:Function evaluation failed for <bound method Vmec.aspect of Vmec1 (nfp=2 mpol=8 ntor=8)>
       6             14         7.8958e-05      6.45e-06       4.60e-05       7.31e+10    
       7             23         7.8958e-05      0.00e+00       0.00e+00       7.31e+10    
`xtol` termination condition is satisfied.
Function evaluations 23, initial cost 8.6966e-05, final cost 7.8958e-05, first-order optimality 7.31e+10.
Final aspect ratio: 6.000035600019253
Final mean iota: 0.4191618970098734
Final magnetic well: -0.09059730370243678
Final quasisymmetry: 0.00015720940033240108
-------------------------
Optimizing with max_mode = 5
-------------------------
WARNING:simsopt.objectives.least_squares:Function evaluation failed for <bound method Vmec.aspect of Vmec1 (nfp=2 mpol=8 ntor=8)>
WARNING:simsopt.objectives.least_squares:Function evaluation failed for <bound method Vmec.aspect of Vmec1 (nfp=2 mpol=8 ntor=8)>
WARNING:simsopt.objectives.least_squares:Function evaluation failed for <bound method Vmec.aspect of Vmec1 (nfp=2 mpol=8 ntor=8)>
WARNING:simsopt.objectives.least_squares:Function evaluation failed for <bound method Vmec.aspect of Vmec1 (nfp=2 mpol=8 ntor=8)>
WARNING:simsopt.objectives.least_squares:Function evaluation failed for <bound method Vmec.aspect of Vmec1 (nfp=2 mpol=8 ntor=8)>
WARNING:simsopt.objectives.least_squares:Function evaluation failed for <bound method Vmec.aspect of Vmec1 (nfp=2 mpol=8 ntor=8)>
WARNING:simsopt.objectives.least_squares:Function evaluation failed for <bound method Vmec.aspect of Vmec1 (nfp=2 mpol=8 ntor=8)>
WARNING:simsopt.objectives.least_squares:Function evaluation failed for <bound method Vmec.aspect of Vmec1 (nfp=2 mpol=8 ntor=8)>
WARNING:simsopt.objectives.least_squares:Function evaluation failed for <bound method Vmec.aspect of Vmec1 (nfp=2 mpol=8 ntor=8)>
WARNING:simsopt.objectives.least_squares:Function evaluation failed for <bound method Vmec.aspect of Vmec1 (nfp=2 mpol=8 ntor=8)>
WARNING:simsopt.objectives.least_squares:Function evaluation failed for <bound method Vmec.aspect of Vmec1 (nfp=2 mpol=8 ntor=8)>
WARNING:simsopt.objectives.least_squares:Function evaluation failed for <bound method Vmec.aspect of Vmec1 (nfp=2 mpol=8 ntor=8)>
WARNING:simsopt.objectives.least_squares:Function evaluation failed for <bound method Vmec.aspect of Vmec1 (nfp=2 mpol=8 ntor=8)>
WARNING:simsopt.objectives.least_squares:Function evaluation failed for <bound method Vmec.aspect of Vmec1 (nfp=2 mpol=8 ntor=8)>
   Iteration     Total nfev        Cost      Cost reduction    Step norm     Optimality   
       0              1         7.8958e-05                                    7.31e+10    
WARNING:simsopt.objectives.least_squares:Function evaluation failed for <bound method Vmec.aspect of Vmec1 (nfp=2 mpol=8 ntor=8)>
WARNING:simsopt.objectives.least_squares:Function evaluation failed for <bound method Vmec.aspect of Vmec1 (nfp=2 mpol=8 ntor=8)>
WARNING:simsopt.objectives.least_squares:Function evaluation failed for <bound method Vmec.aspect of Vmec1 (nfp=2 mpol=8 ntor=8)>
WARNING:simsopt.objectives.least_squares:Function evaluation failed for <bound method Vmec.aspect of Vmec1 (nfp=2 mpol=8 ntor=8)>
WARNING:simsopt.objectives.least_squares:Function evaluation failed for <bound method Vmec.aspect of Vmec1 (nfp=2 mpol=8 ntor=8)>
WARNING:simsopt.objectives.least_squares:Function evaluation failed for <bound method Vmec.aspect of Vmec1 (nfp=2 mpol=8 ntor=8)>
WARNING:simsopt.objectives.least_squares:Function evaluation failed for <bound method Vmec.aspect of Vmec1 (nfp=2 mpol=8 ntor=8)>
WARNING:simsopt.objectives.least_squares:Function evaluation failed for <bound method Vmec.aspect of Vmec1 (nfp=2 mpol=8 ntor=8)>
WARNING:simsopt.objectives.least_squares:Function evaluation failed for <bound method Vmec.aspect of Vmec1 (nfp=2 mpol=8 ntor=8)>
WARNING:simsopt.objectives.least_squares:Function evaluation failed for <bound method Vmec.aspect of Vmec1 (nfp=2 mpol=8 ntor=8)>
WARNING:simsopt.objectives.least_squares:Function evaluation failed for <bound method Vmec.aspect of Vmec1 (nfp=2 mpol=8 ntor=8)>
WARNING:simsopt.objectives.least_squares:Function evaluation failed for <bound method Vmec.aspect of Vmec1 (nfp=2 mpol=8 ntor=8)>
WARNING:simsopt.objectives.least_squares:Function evaluation failed for <bound method Vmec.aspect of Vmec1 (nfp=2 mpol=8 ntor=8)>
WARNING:simsopt.objectives.least_squares:Function evaluation failed for <bound method Vmec.aspect of Vmec1 (nfp=2 mpol=8 ntor=8)>
       1              8         7.7113e-05      1.84e-06       9.20e-05       6.16e+10    
WARNING:simsopt.objectives.least_squares:Function evaluation failed for <bound method Vmec.aspect of Vmec1 (nfp=2 mpol=8 ntor=8)>
WARNING:simsopt.objectives.least_squares:Function evaluation failed for <bound method Vmec.aspect of Vmec1 (nfp=2 mpol=8 ntor=8)>
WARNING:simsopt.objectives.least_squares:Function evaluation failed for <bound method Vmec.aspect of Vmec1 (nfp=2 mpol=8 ntor=8)>
WARNING:simsopt.objectives.least_squares:Function evaluation failed for <bound method Vmec.aspect of Vmec1 (nfp=2 mpol=8 ntor=8)>
WARNING:simsopt.objectives.least_squares:Function evaluation failed for <bound method Vmec.aspect of Vmec1 (nfp=2 mpol=8 ntor=8)>
WARNING:simsopt.objectives.least_squares:Function evaluation failed for <bound method Vmec.aspect of Vmec1 (nfp=2 mpol=8 ntor=8)>
WARNING:simsopt.objectives.least_squares:Function evaluation failed for <bound method Vmec.aspect of Vmec1 (nfp=2 mpol=8 ntor=8)>
WARNING:simsopt.objectives.least_squares:Function evaluation failed for <bound method Vmec.aspect of Vmec1 (nfp=2 mpol=8 ntor=8)>
WARNING:simsopt.objectives.least_squares:Function evaluation failed for <bound method Vmec.aspect of Vmec1 (nfp=2 mpol=8 ntor=8)>
WARNING:simsopt.objectives.least_squares:Function evaluation failed for <bound method Vmec.aspect of Vmec1 (nfp=2 mpol=8 ntor=8)>
WARNING:simsopt.objectives.least_squares:Function evaluation failed for <bound method Vmec.aspect of Vmec1 (nfp=2 mpol=8 ntor=8)>
WARNING:simsopt.objectives.least_squares:Function evaluation failed for <bound method Vmec.aspect of Vmec1 (nfp=2 mpol=8 ntor=8)>
       2             10         7.4695e-05      2.42e-06       4.60e-05       4.42e+10    
WARNING:simsopt.objectives.least_squares:Function evaluation failed for <bound method Vmec.aspect of Vmec1 (nfp=2 mpol=8 ntor=8)>
WARNING:simsopt.objectives.least_squares:Function evaluation failed for <bound method Vmec.aspect of Vmec1 (nfp=2 mpol=8 ntor=8)>
WARNING:simsopt.objectives.least_squares:Function evaluation failed for <bound method Vmec.aspect of Vmec1 (nfp=2 mpol=8 ntor=8)>
WARNING:simsopt.objectives.least_squares:Function evaluation failed for <bound method Vmec.aspect of Vmec1 (nfp=2 mpol=8 ntor=8)>
WARNING:simsopt.objectives.least_squares:Function evaluation failed for <bound method Vmec.aspect of Vmec1 (nfp=2 mpol=8 ntor=8)>
WARNING:simsopt.objectives.least_squares:Function evaluation failed for <bound method Vmec.aspect of Vmec1 (nfp=2 mpol=8 ntor=8)>
WARNING:simsopt.objectives.least_squares:Function evaluation failed for <bound method Vmec.aspect of Vmec1 (nfp=2 mpol=8 ntor=8)>
WARNING:simsopt.objectives.least_squares:Function evaluation failed for <bound method Vmec.aspect of Vmec1 (nfp=2 mpol=8 ntor=8)>
WARNING:simsopt.objectives.least_squares:Function evaluation failed for <bound method Vmec.aspect of Vmec1 (nfp=2 mpol=8 ntor=8)>
WARNING:simsopt.objectives.least_squares:Function evaluation failed for <bound method Vmec.aspect of Vmec1 (nfp=2 mpol=8 ntor=8)>
WARNING:simsopt.objectives.least_squares:Function evaluation failed for <bound method Vmec.aspect of Vmec1 (nfp=2 mpol=8 ntor=8)>
WARNING:simsopt.objectives.least_squares:Function evaluation failed for <bound method Vmec.aspect of Vmec1 (nfp=2 mpol=8 ntor=8)>
WARNING:simsopt.objectives.least_squares:Function evaluation failed for <bound method Vmec.aspect of Vmec1 (nfp=2 mpol=8 ntor=8)>
       3             11         7.3880e-05      8.15e-07       9.20e-05       1.39e+11    
WARNING:simsopt.objectives.least_squares:Function evaluation failed for <bound method Vmec.aspect of Vmec1 (nfp=2 mpol=8 ntor=8)>
WARNING:simsopt.objectives.least_squares:Function evaluation failed for <bound method Vmec.aspect of Vmec1 (nfp=2 mpol=8 ntor=8)>
WARNING:simsopt.objectives.least_squares:Function evaluation failed for <bound method Vmec.aspect of Vmec1 (nfp=2 mpol=8 ntor=8)>
WARNING:simsopt.objectives.least_squares:Function evaluation failed for <bound method Vmec.aspect of Vmec1 (nfp=2 mpol=8 ntor=8)>
WARNING:simsopt.objectives.least_squares:Function evaluation failed for <bound method Vmec.aspect of Vmec1 (nfp=2 mpol=8 ntor=8)>
WARNING:simsopt.objectives.least_squares:Function evaluation failed for <bound method Vmec.aspect of Vmec1 (nfp=2 mpol=8 ntor=8)>
WARNING:simsopt.objectives.least_squares:Function evaluation failed for <bound method Vmec.aspect of Vmec1 (nfp=2 mpol=8 ntor=8)>
WARNING:simsopt.objectives.least_squares:Function evaluation failed for <bound method Vmec.aspect of Vmec1 (nfp=2 mpol=8 ntor=8)>
WARNING:simsopt.objectives.least_squares:Function evaluation failed for <bound method Vmec.aspect of Vmec1 (nfp=2 mpol=8 ntor=8)>
WARNING:simsopt.objectives.least_squares:Function evaluation failed for <bound method Vmec.aspect of Vmec1 (nfp=2 mpol=8 ntor=8)>
WARNING:simsopt.objectives.least_squares:Function evaluation failed for <bound method Vmec.aspect of Vmec1 (nfp=2 mpol=8 ntor=8)>
WARNING:simsopt.objectives.least_squares:Function evaluation failed for <bound method Vmec.aspect of Vmec1 (nfp=2 mpol=8 ntor=8)>
WARNING:simsopt.objectives.least_squares:Function evaluation failed for <bound method Vmec.aspect of Vmec1 (nfp=2 mpol=8 ntor=8)>
       4             14         7.3683e-05      1.97e-07       1.15e-05       1.43e+11    
WARNING:simsopt.objectives.least_squares:Function evaluation failed for <bound method Vmec.aspect of Vmec1 (nfp=2 mpol=8 ntor=8)>
WARNING:simsopt.objectives.least_squares:Function evaluation failed for <bound method Vmec.aspect of Vmec1 (nfp=2 mpol=8 ntor=8)>
WARNING:simsopt.objectives.least_squares:Function evaluation failed for <bound method Vmec.aspect of Vmec1 (nfp=2 mpol=8 ntor=8)>
WARNING:simsopt.objectives.least_squares:Function evaluation failed for <bound method Vmec.aspect of Vmec1 (nfp=2 mpol=8 ntor=8)>
WARNING:simsopt.objectives.least_squares:Function evaluation failed for <bound method Vmec.aspect of Vmec1 (nfp=2 mpol=8 ntor=8)>
WARNING:simsopt.objectives.least_squares:Function evaluation failed for <bound method Vmec.aspect of Vmec1 (nfp=2 mpol=8 ntor=8)>
WARNING:simsopt.objectives.least_squares:Function evaluation failed for <bound method Vmec.aspect of Vmec1 (nfp=2 mpol=8 ntor=8)>
WARNING:simsopt.objectives.least_squares:Function evaluation failed for <bound method Vmec.aspect of Vmec1 (nfp=2 mpol=8 ntor=8)>
WARNING:simsopt.objectives.least_squares:Function evaluation failed for <bound method Vmec.aspect of Vmec1 (nfp=2 mpol=8 ntor=8)>
WARNING:simsopt.objectives.least_squares:Function evaluation failed for <bound method Vmec.aspect of Vmec1 (nfp=2 mpol=8 ntor=8)>
WARNING:simsopt.objectives.least_squares:Function evaluation failed for <bound method Vmec.aspect of Vmec1 (nfp=2 mpol=8 ntor=8)>
WARNING:simsopt.objectives.least_squares:Function evaluation failed for <bound method Vmec.aspect of Vmec1 (nfp=2 mpol=8 ntor=8)>
WARNING:simsopt.objectives.least_squares:Function evaluation failed for <bound method Vmec.aspect of Vmec1 (nfp=2 mpol=8 ntor=8)>
       5             15         7.3452e-05      2.31e-07       2.30e-05       1.47e+11    
WARNING:simsopt.objectives.least_squares:Function evaluation failed for <bound method Vmec.aspect of Vmec1 (nfp=2 mpol=8 ntor=8)>
WARNING:simsopt.objectives.least_squares:Function evaluation failed for <bound method Vmec.aspect of Vmec1 (nfp=2 mpol=8 ntor=8)>
WARNING:simsopt.objectives.least_squares:Function evaluation failed for <bound method Vmec.aspect of Vmec1 (nfp=2 mpol=8 ntor=8)>
WARNING:simsopt.objectives.least_squares:Function evaluation failed for <bound method Vmec.aspect of Vmec1 (nfp=2 mpol=8 ntor=8)>
WARNING:simsopt.objectives.least_squares:Function evaluation failed for <bound method Vmec.aspect of Vmec1 (nfp=2 mpol=8 ntor=8)>
WARNING:simsopt.objectives.least_squares:Function evaluation failed for <bound method Vmec.aspect of Vmec1 (nfp=2 mpol=8 ntor=8)>
WARNING:simsopt.objectives.least_squares:Function evaluation failed for <bound method Vmec.aspect of Vmec1 (nfp=2 mpol=8 ntor=8)>
WARNING:simsopt.objectives.least_squares:Function evaluation failed for <bound method Vmec.aspect of Vmec1 (nfp=2 mpol=8 ntor=8)>
WARNING:simsopt.objectives.least_squares:Function evaluation failed for <bound method Vmec.aspect of Vmec1 (nfp=2 mpol=8 ntor=8)>
WARNING:simsopt.objectives.least_squares:Function evaluation failed for <bound method Vmec.aspect of Vmec1 (nfp=2 mpol=8 ntor=8)>
WARNING:simsopt.objectives.least_squares:Function evaluation failed for <bound method Vmec.aspect of Vmec1 (nfp=2 mpol=8 ntor=8)>
WARNING:simsopt.objectives.least_squares:Function evaluation failed for <bound method Vmec.aspect of Vmec1 (nfp=2 mpol=8 ntor=8)>
       6             18         7.3446e-05      5.86e-09       2.88e-06       1.48e+11    
WARNING:simsopt.objectives.least_squares:Function evaluation failed for <bound method Vmec.aspect of Vmec1 (nfp=2 mpol=8 ntor=8)>
WARNING:simsopt.objectives.least_squares:Function evaluation failed for <bound method Vmec.aspect of Vmec1 (nfp=2 mpol=8 ntor=8)>
WARNING:simsopt.objectives.least_squares:Function evaluation failed for <bound method Vmec.aspect of Vmec1 (nfp=2 mpol=8 ntor=8)>
WARNING:simsopt.objectives.least_squares:Function evaluation failed for <bound method Vmec.aspect of Vmec1 (nfp=2 mpol=8 ntor=8)>
WARNING:simsopt.objectives.least_squares:Function evaluation failed for <bound method Vmec.aspect of Vmec1 (nfp=2 mpol=8 ntor=8)>
WARNING:simsopt.objectives.least_squares:Function evaluation failed for <bound method Vmec.aspect of Vmec1 (nfp=2 mpol=8 ntor=8)>
WARNING:simsopt.objectives.least_squares:Function evaluation failed for <bound method Vmec.aspect of Vmec1 (nfp=2 mpol=8 ntor=8)>
WARNING:simsopt.objectives.least_squares:Function evaluation failed for <bound method Vmec.aspect of Vmec1 (nfp=2 mpol=8 ntor=8)>
WARNING:simsopt.objectives.least_squares:Function evaluation failed for <bound method Vmec.aspect of Vmec1 (nfp=2 mpol=8 ntor=8)>
WARNING:simsopt.objectives.least_squares:Function evaluation failed for <bound method Vmec.aspect of Vmec1 (nfp=2 mpol=8 ntor=8)>
WARNING:simsopt.objectives.least_squares:Function evaluation failed for <bound method Vmec.aspect of Vmec1 (nfp=2 mpol=8 ntor=8)>
WARNING:simsopt.objectives.least_squares:Function evaluation failed for <bound method Vmec.aspect of Vmec1 (nfp=2 mpol=8 ntor=8)>
       7             19         7.3440e-05      5.61e-09       2.88e-06       1.48e+11    
WARNING:simsopt.objectives.least_squares:Function evaluation failed for <bound method Vmec.aspect of Vmec1 (nfp=2 mpol=8 ntor=8)>
WARNING:simsopt.objectives.least_squares:Function evaluation failed for <bound method Vmec.aspect of Vmec1 (nfp=2 mpol=8 ntor=8)>
WARNING:simsopt.objectives.least_squares:Function evaluation failed for <bound method Vmec.aspect of Vmec1 (nfp=2 mpol=8 ntor=8)>
WARNING:simsopt.objectives.least_squares:Function evaluation failed for <bound method Vmec.aspect of Vmec1 (nfp=2 mpol=8 ntor=8)>
WARNING:simsopt.objectives.least_squares:Function evaluation failed for <bound method Vmec.aspect of Vmec1 (nfp=2 mpol=8 ntor=8)>
WARNING:simsopt.objectives.least_squares:Function evaluation failed for <bound method Vmec.aspect of Vmec1 (nfp=2 mpol=8 ntor=8)>
WARNING:simsopt.objectives.least_squares:Function evaluation failed for <bound method Vmec.aspect of Vmec1 (nfp=2 mpol=8 ntor=8)>
WARNING:simsopt.objectives.least_squares:Function evaluation failed for <bound method Vmec.aspect of Vmec1 (nfp=2 mpol=8 ntor=8)>
WARNING:simsopt.objectives.least_squares:Function evaluation failed for <bound method Vmec.aspect of Vmec1 (nfp=2 mpol=8 ntor=8)>
WARNING:simsopt.objectives.least_squares:Function evaluation failed for <bound method Vmec.aspect of Vmec1 (nfp=2 mpol=8 ntor=8)>
WARNING:simsopt.objectives.least_squares:Function evaluation failed for <bound method Vmec.aspect of Vmec1 (nfp=2 mpol=8 ntor=8)>
WARNING:simsopt.objectives.least_squares:Function evaluation failed for <bound method Vmec.aspect of Vmec1 (nfp=2 mpol=8 ntor=8)>
       8             20         7.3431e-05      9.40e-09       2.88e-06       1.49e+11    
WARNING:simsopt.objectives.least_squares:Function evaluation failed for <bound method Vmec.aspect of Vmec1 (nfp=2 mpol=8 ntor=8)>
WARNING:simsopt.objectives.least_squares:Function evaluation failed for <bound method Vmec.aspect of Vmec1 (nfp=2 mpol=8 ntor=8)>
WARNING:simsopt.objectives.least_squares:Function evaluation failed for <bound method Vmec.aspect of Vmec1 (nfp=2 mpol=8 ntor=8)>
WARNING:simsopt.objectives.least_squares:Function evaluation failed for <bound method Vmec.aspect of Vmec1 (nfp=2 mpol=8 ntor=8)>
WARNING:simsopt.objectives.least_squares:Function evaluation failed for <bound method Vmec.aspect of Vmec1 (nfp=2 mpol=8 ntor=8)>
WARNING:simsopt.objectives.least_squares:Function evaluation failed for <bound method Vmec.aspect of Vmec1 (nfp=2 mpol=8 ntor=8)>
WARNING:simsopt.objectives.least_squares:Function evaluation failed for <bound method Vmec.aspect of Vmec1 (nfp=2 mpol=8 ntor=8)>
WARNING:simsopt.objectives.least_squares:Function evaluation failed for <bound method Vmec.aspect of Vmec1 (nfp=2 mpol=8 ntor=8)>
WARNING:simsopt.objectives.least_squares:Function evaluation failed for <bound method Vmec.aspect of Vmec1 (nfp=2 mpol=8 ntor=8)>
WARNING:simsopt.objectives.least_squares:Function evaluation failed for <bound method Vmec.aspect of Vmec1 (nfp=2 mpol=8 ntor=8)>
WARNING:simsopt.objectives.least_squares:Function evaluation failed for <bound method Vmec.aspect of Vmec1 (nfp=2 mpol=8 ntor=8)>
WARNING:simsopt.objectives.least_squares:Function evaluation failed for <bound method Vmec.aspect of Vmec1 (nfp=2 mpol=8 ntor=8)>
       9             21         7.3429e-05      1.84e-09       2.88e-06       1.49e+11    
WARNING:simsopt.objectives.least_squares:Function evaluation failed for <bound method Vmec.aspect of Vmec1 (nfp=2 mpol=8 ntor=8)>
WARNING:simsopt.objectives.least_squares:Function evaluation failed for <bound method Vmec.aspect of Vmec1 (nfp=2 mpol=8 ntor=8)>
WARNING:simsopt.objectives.least_squares:Function evaluation failed for <bound method Vmec.aspect of Vmec1 (nfp=2 mpol=8 ntor=8)>
WARNING:simsopt.objectives.least_squares:Function evaluation failed for <bound method Vmec.aspect of Vmec1 (nfp=2 mpol=8 ntor=8)>
WARNING:simsopt.objectives.least_squares:Function evaluation failed for <bound method Vmec.aspect of Vmec1 (nfp=2 mpol=8 ntor=8)>
WARNING:simsopt.objectives.least_squares:Function evaluation failed for <bound method Vmec.aspect of Vmec1 (nfp=2 mpol=8 ntor=8)>
WARNING:simsopt.objectives.least_squares:Function evaluation failed for <bound method Vmec.aspect of Vmec1 (nfp=2 mpol=8 ntor=8)>
WARNING:simsopt.objectives.least_squares:Function evaluation failed for <bound method Vmec.aspect of Vmec1 (nfp=2 mpol=8 ntor=8)>
WARNING:simsopt.objectives.least_squares:Function evaluation failed for <bound method Vmec.aspect of Vmec1 (nfp=2 mpol=8 ntor=8)>
WARNING:simsopt.objectives.least_squares:Function evaluation failed for <bound method Vmec.aspect of Vmec1 (nfp=2 mpol=8 ntor=8)>
WARNING:simsopt.objectives.least_squares:Function evaluation failed for <bound method Vmec.aspect of Vmec1 (nfp=2 mpol=8 ntor=8)>
      10             22         7.3429e-05      5.67e-10       7.19e-07       1.49e+11    
`ftol` termination condition is satisfied.
Function evaluations 22, initial cost 7.8958e-05, final cost 7.3429e-05, first-order optimality 1.49e+11.
Final aspect ratio: 5.999787913765676
Final mean iota: 0.4191434049209311
Final magnetic well: -0.09053299595491233
Final quasisymmetry: 0.00014598867547626067
 - - - - - - - - - - - - - - - - - - - - - - - - - - - - - - - - -
  SEQ =    1 TIME SLICE  0.0000E+00
  PROCESSING INPUT.final
  THIS IS PARVMEC (PARALLEL VMEC), VERSION 9.0
  Lambda: Full Radial Mesh. L-Force: hybrid full/half.

  COMPUTER:    OS:    RELEASE:   DATE = Dec 22,2022  TIME = 02:34:17

  NS =   16 NO. FOURIER MODES =  128 FTOLV =  1.000E-12 NITER =   4000
  PROCESSOR COUNT - RADIAL:    1
 INITIAL JACOBIAN CHANGED SIGN!
 TRYING TO IMPROVE INITIAL MAGNETIC AXIS GUESS
  ---- Improved AXIS Guess ----
      RAXIS_CC =    1.0325672005081061       0.15898802254650482        1.1672489199151079E-002   2.1532148044717103E-003  -3.5090739964705570E-004   1.0935001822304155E-003  -5.2922346755758092E-005   4.4421241740328358E-004  -8.4247995869835468E-004
      ZAXIS_CS =   -0.0000000000000000      -0.14605671899527833       -1.4639267963818195E-002  -2.3140980937234553E-003  -1.1052049004643494E-003  -1.0329317941718294E-003  -1.6228375275865981E-003   7.0724835752008651E-004   1.2408135898246218E-003
  -----------------------------

  ITER    FSQR      FSQZ      FSQL    RAX(v=0)    DELT       WMHD

    1  1.11E-02  3.85E-03  7.86E-03  1.206E+00  9.00E-01  2.7696E-01
  200  5.65E-06  8.43E-08  4.40E-08  1.190E+00  8.74E-01  2.7568E-01
  400  2.35E-09  1.22E-09  2.39E-09  1.183E+00  8.48E-01  2.7568E-01
  600  1.33E-10  3.99E-11  4.38E-11  1.182E+00  8.48E-01  2.7568E-01
  800  3.05E-11  9.25E-12  9.19E-12  1.182E+00  8.48E-01  2.7568E-01
 1000  9.99E-12  2.14E-12  1.18E-12  1.182E+00  8.48E-01  2.7568E-01
 1200  2.07E-12  3.58E-13  8.90E-14  1.182E+00  8.48E-01  2.7568E-01
 1288  9.95E-13  1.71E-13  4.28E-14  1.182E+00  8.48E-01  2.7568E-01

  NS =   51 NO. FOURIER MODES =  128 FTOLV =  1.000E-13 NITER =  10000
  PROCESSOR COUNT - RADIAL:    1

  ITER    FSQR      FSQZ      FSQL    RAX(v=0)    DELT       WMHD

    1  4.11E-03  1.38E-03  3.54E-06  1.182E+00  9.00E-01  2.7568E-01
  200  2.83E-09  1.19E-09  1.87E-11  1.182E+00  8.00E-01  2.7568E-01
  400  4.67E-11  1.04E-11  1.10E-12  1.182E+00  8.00E-01  2.7568E-01
  600  3.78E-12  8.33E-13  3.28E-13  1.182E+00  8.00E-01  2.7568E-01
  800  1.59E-12  3.16E-13  1.14E-13  1.182E+00  8.00E-01  2.7568E-01
 1000  5.99E-13  1.21E-13  2.00E-14  1.182E+00  8.00E-01  2.7568E-01
 1200  2.86E-13  5.22E-14  7.34E-15  1.182E+00  8.00E-01  2.7568E-01
 1400  1.44E-13  2.55E-14  3.64E-15  1.182E+00  8.00E-01  2.7568E-01
 1516  1.00E-13  1.76E-14  2.07E-15  1.182E+00  8.00E-01  2.7568E-01

  NS =  101 NO. FOURIER MODES =  128 FTOLV =  1.000E-14 NITER =   4000
  PROCESSOR COUNT - RADIAL:    1

  ITER    FSQR      FSQZ      FSQL    RAX(v=0)    DELT       WMHD

    1  4.13E-03  1.36E-03  6.09E-08  1.182E+00  9.00E-01  2.7568E-01
  200  2.31E-06  7.51E-06  1.83E-08  1.182E+00  6.48E-01  2.7568E-01
  400  1.02E-08  1.01E-08  9.31E-09  1.182E+00  6.29E-01  2.7568E-01
  600  2.99E-10  1.26E-10  5.32E-11  1.182E+00  6.29E-01  2.7568E-01
  800  1.81E-11  7.56E-12  4.05E-12  1.182E+00  6.29E-01  2.7568E-01
 1000  2.10E-12  9.54E-13  7.19E-13  1.182E+00  6.29E-01  2.7568E-01
 1200  7.89E-13  2.75E-13  2.53E-13  1.182E+00  6.29E-01  2.7568E-01
 1400  3.82E-13  1.36E-13  8.72E-14  1.182E+00  6.29E-01  2.7568E-01
 1600  1.92E-13  6.70E-14  2.10E-14  1.182E+00  6.29E-01  2.7568E-01
 1800  9.81E-14  2.95E-14  9.13E-15  1.182E+00  6.29E-01  2.7568E-01
 2000  5.96E-14  1.46E-14  4.52E-15  1.182E+00  6.29E-01  2.7568E-01
 2200  4.26E-14  8.59E-15  2.02E-15  1.182E+00  6.29E-01  2.7568E-01
 2400  2.96E-14  5.25E-15  7.16E-16  1.182E+00  6.29E-01  2.7568E-01
 2600  1.85E-14  3.24E-15  2.84E-16  1.182E+00  6.29E-01  2.7568E-01
 2800  1.13E-14  2.10E-15  1.29E-16  1.182E+00  6.29E-01  2.7568E-01
 2849  1.00E-14  1.86E-15  1.11E-16  1.182E+00  6.29E-01  2.7568E-01

 EXECUTION TERMINATED NORMALLY

 FILE : final_000_000000
 NUMBER OF JACOBIAN RESETS =    2

    TOTAL COMPUTATIONAL TIME (SEC)        59.67
    TIME TO INPUT/OUTPUT                   0.06
       READ IN DATA                        0.00
       WRITE OUT DATA TO WOUT              0.06
    TIME IN FUNCT3D                       59.22
       BCOVAR FIELDS                       7.60
       FOURIER TRANSFORM                  14.77
       INVERSE FOURIER TRANSFORM          14.81
       FORCES AND SYMMETRIZE               8.47
       RESIDUE                             7.27
       EQFORCE                             0.00
nfp:  2
ns:  101
mpol:  8
ntor:  8
Aminor_p:  0.16951750773620414
Rmajor_p:  1.0170690940873588
aspect:             5.999787913765687
Rmajor_p/Aminor_p:  5.999787913765687
betatotal:  0.0
betapol:    0.0
betator:    0.0
betaxis:    0.0
ctor:    2.168404344971009e-11
bmnc.shape: (101, 242)
bmns.shape: (101, 242)
No module named 'mayavi'
Creating Boozer class for vmec_final
Defining surfaces where to compute Boozer coordinates
 booz_surfaces=[0.  0.1 0.2 0.3 0.4 0.5 0.6 0.7 0.8 0.9]
Running BOOZ_XFORM
mnmax: 128  len(xm): 128  len(xn): 128
mnmax_nyq: 242  len(xm_nyq): 242  len(xn_nyq): 242
Read ns=101, mpol=8, ntor=8, mnmax=128, mnmax_nyq=242
compute_surfs (0-based indices):  0 10 20 30 39 49 60 70 79 89
Initializing with mboz=64, nboz=64
ntheta = 258, nzeta = 258, # threads = 24
                   |        outboard (theta=0)      |      inboard (theta=pi)      |
thread js_b js zeta| |B|input  |B|Boozer    Error   | |B|input  |B|Boozer    Error |
------------------------------------------------------------------------------------
   5     5  49   0  9.059e-01  9.059e-01  2.010e-14  1.075e+00  1.075e+00  1.982e-14
                pi  9.063e-01  9.063e-01  3.675e-15  1.075e+00  1.075e+00  1.384e-14
   6     6  60   0  8.952e-01  8.952e-01  2.158e-14  1.082e+00  1.082e+00  2.462e-14
                pi  8.957e-01  8.957e-01  1.364e-14  1.082e+00  1.082e+00  1.128e-14
   4     4  39   0  9.166e-01  9.166e-01  1.332e-15  1.068e+00  1.068e+00  1.123e-14
                pi  9.169e-01  9.169e-01  9.324e-15  1.067e+00  1.067e+00  1.040e-14
   1     1  10   0  9.577e-01  9.577e-01  1.055e-14  1.036e+00  1.036e+00  3.429e-15
                pi  9.577e-01  9.577e-01  1.275e-15  1.035e+00  1.035e+00  2.574e-15
   3     3  30   0  9.272e-01  9.272e-01  2.000e-14  1.060e+00  1.060e+00  2.471e-14
                pi  9.274e-01  9.274e-01  2.275e-15  1.060e+00  1.060e+00  1.697e-14
   9     9  89   0  8.700e-01  8.700e-01  2.297e-15  1.097e+00  1.097e+00  1.457e-14
                pi  8.708e-01  8.708e-01  2.550e-15  1.098e+00  1.098e+00  4.447e-15
   8     8  79   0  8.783e-01  8.783e-01  1.011e-15  1.093e+00  1.093e+00  1.585e-14
                pi  8.789e-01  8.789e-01  1.263e-15  1.093e+00  1.093e+00  1.604e-14
   7     7  70   0  8.861e-01  8.861e-01  5.764e-15  1.088e+00  1.088e+00  2.836e-14
                pi  8.866e-01  8.866e-01  1.402e-14  1.088e+00  1.088e+00  2.876e-14
   2     2  20   0  9.407e-01  9.407e-01  1.487e-14  1.050e+00  1.050e+00  2.199e-14
                pi  9.408e-01  9.408e-01  4.720e-16  1.049e+00  1.049e+00  1.207e-14
   0     0   0   0  9.898e-01  9.898e-01  1.099e-14  1.007e+00  1.007e+00  2.845e-14
                pi  9.893e-01  9.893e-01  6.060e-15  1.006e+00  1.006e+00  3.597e-14
Writing output to /marconi_scratch/userexternal/rjorge00/some_optimizations/GS2_SIMSOPT_ITG/output_MAXITER350_least_squares_nfp2_QA_QA_onlyQS/boozmn_single_stage.nc
Plot BOOZ_XFORM
Whole optimization took 6233.400921s
