Initial aspect ratio: 8.032497901971727
Initial mean iota: -0.9073732888245726
Initial magnetic well: -0.11352199535921875
Initial growth rate: 0.11601592753249647
## Now calculating total objective function ##
00:57:07 - Growth rate = 0.116016, quasisymmetry = 0.140462, mirror = 0.000000 with aspect ratio=8.032498 took 125.673920s
Total objective before optimization: 13.601213895471329
-------------------------
Optimizing with max_mode = 1
-------------------------
00:59:19 - Growth rate = 0.116016, quasisymmetry = 0.140462, mirror = 0.000000 with aspect ratio=8.032498 took 127.586507s
01:01:31 - Growth rate = 0.116016, quasisymmetry = 0.140462, mirror = 0.000000 with aspect ratio=8.032498 took 127.046846s
01:03:44 - Growth rate = 0.116016, quasisymmetry = 0.140462, mirror = 0.000000 with aspect ratio=8.032498 took 128.315717s
01:05:57 - Growth rate = 0.117373, quasisymmetry = 0.151872, mirror = 0.000000 with aspect ratio=8.031917 took 128.956402s
01:05:57 - Growth rate = 0.111740, quasisymmetry = 0.237220, mirror = 0.000000 with aspect ratio=7.797617 took 129.433154s
01:05:58 - Growth rate = 0.115656, quasisymmetry = 0.140679, mirror = 0.000000 with aspect ratio=8.033161 took 129.734495s
01:05:58 - Growth rate = 0.117930, quasisymmetry = 0.140609, mirror = 0.000000 with aspect ratio=8.033065 took 129.838098s
01:05:58 - Growth rate = 0.117717, quasisymmetry = 0.151925, mirror = 0.000000 with aspect ratio=8.032498 took 130.072962s
01:05:58 - Growth rate = 0.115399, quasisymmetry = 0.229041, mirror = 0.000000 with aspect ratio=7.771752 took 129.705172s
01:05:58 - Growth rate = 0.122191, quasisymmetry = 0.225700, mirror = 0.000000 with aspect ratio=8.107324 took 130.257064s
01:05:59 - Growth rate = 0.116430, quasisymmetry = 0.224299, mirror = 0.000000 with aspect ratio=7.987524 took 130.869043s
   Iteration     Total nfev        Cost      Cost reduction    Step norm     Optimality   
       0              1         6.8006e+00                                    2.01e+03    
01:08:10 - Growth rate = 0.119979, quasisymmetry = 0.188954, mirror = 0.000000 with aspect ratio=7.987997 took 126.627014s
01:10:24 - Growth rate = 0.109326, quasisymmetry = 0.466595, mirror = 0.000000 with aspect ratio=7.995229 took 129.351833s
01:12:39 - Growth rate = 0.109326, quasisymmetry = 0.466595, mirror = 0.000000 with aspect ratio=7.995229 took 129.363647s
01:14:54 - Growth rate = 0.112352, quasisymmetry = 0.363071, mirror = 0.000000 with aspect ratio=7.951338 took 130.539649s
01:14:55 - Growth rate = 0.107270, quasisymmetry = 0.350131, mirror = 0.000000 with aspect ratio=7.763313 took 130.934149s
01:14:55 - Growth rate = 0.120373, quasisymmetry = 0.388909, mirror = 0.000000 with aspect ratio=8.068623 took 131.247883s
01:14:55 - Growth rate = 0.105157, quasisymmetry = 0.420733, mirror = 0.000000 with aspect ratio=7.996960 took 131.935184s
01:14:56 - Growth rate = 0.100966, quasisymmetry = 0.703942, mirror = 0.000000 with aspect ratio=7.736614 took 131.651268s
01:14:56 - Growth rate = 0.108495, quasisymmetry = 0.546654, mirror = 0.000000 with aspect ratio=7.995229 took 132.223998s
01:14:56 - Growth rate = 0.107613, quasisymmetry = 0.468162, mirror = 0.000000 with aspect ratio=7.995847 took 132.299301s
01:14:56 - Growth rate = 0.107007, quasisymmetry = 0.401448, mirror = 0.000000 with aspect ratio=7.993803 took 132.240163s
       1              3         6.2094e+00      5.91e-01       4.96e-03       1.76e+03    
01:17:11 - Growth rate = 0.109437, quasisymmetry = 0.405350, mirror = 0.000000 with aspect ratio=7.998090 took 129.863628s
01:19:26 - Growth rate = 0.109437, quasisymmetry = 0.405350, mirror = 0.000000 with aspect ratio=7.998090 took 130.244304s
01:21:40 - Growth rate = 0.120895, quasisymmetry = 0.396369, mirror = 0.000000 with aspect ratio=8.071392 took 130.103394s
01:21:40 - Growth rate = 0.114418, quasisymmetry = 0.368003, mirror = 0.000000 with aspect ratio=7.954242 took 129.982702s
01:21:41 - Growth rate = 0.110859, quasisymmetry = 0.361705, mirror = 0.000000 with aspect ratio=7.765906 took 130.702069s
01:21:42 - Growth rate = 0.109075, quasisymmetry = 0.488519, mirror = 0.000000 with aspect ratio=7.998090 took 131.110648s
01:21:42 - Growth rate = 0.108855, quasisymmetry = 0.408972, mirror = 0.000000 with aspect ratio=7.998655 took 131.750451s
01:21:43 - Growth rate = 0.109016, quasisymmetry = 0.341531, mirror = 0.000000 with aspect ratio=7.996974 took 131.948895s
01:21:43 - Growth rate = 0.107323, quasisymmetry = 0.580658, mirror = 0.000000 with aspect ratio=7.739219 took 131.743739s
01:21:43 - Growth rate = 0.109552, quasisymmetry = 0.370616, mirror = 0.000000 with aspect ratio=7.999559 took 132.109010s
       2              4         6.1909e+00      1.85e-02       1.24e-03       6.19e+02    
01:23:57 - Growth rate = 0.109385, quasisymmetry = 0.420492, mirror = 0.000000 with aspect ratio=7.997370 took 129.612287s
01:26:12 - Growth rate = 0.109320, quasisymmetry = 0.409092, mirror = 0.000000 with aspect ratio=7.997912 took 130.218454s
01:28:27 - Growth rate = 0.109320, quasisymmetry = 0.409092, mirror = 0.000000 with aspect ratio=7.997912 took 129.789518s
01:30:42 - Growth rate = 0.121144, quasisymmetry = 0.400983, mirror = 0.000000 with aspect ratio=8.071185 took 130.248666s
01:30:42 - Growth rate = 0.111037, quasisymmetry = 0.365580, mirror = 0.000000 with aspect ratio=7.765746 took 130.178226s
01:30:42 - Growth rate = 0.114234, quasisymmetry = 0.372010, mirror = 0.000000 with aspect ratio=7.954085 took 130.900930s
01:30:43 - Growth rate = 0.109522, quasisymmetry = 0.374202, mirror = 0.000000 with aspect ratio=7.999374 took 131.486448s
01:30:44 - Growth rate = 0.109067, quasisymmetry = 0.492967, mirror = 0.000000 with aspect ratio=7.997912 took 131.961040s
01:30:44 - Growth rate = 0.108628, quasisymmetry = 0.344643, mirror = 0.000000 with aspect ratio=7.996798 took 132.172211s
01:30:44 - Growth rate = 0.109006, quasisymmetry = 0.412798, mirror = 0.000000 with aspect ratio=7.998477 took 132.166063s
01:30:44 - Growth rate = 0.107031, quasisymmetry = 0.583454, mirror = 0.000000 with aspect ratio=7.739053 took 131.970313s
       3              6         6.1799e+00      1.10e-02       7.75e-05       3.50e+02    
01:32:58 - Growth rate = 0.109411, quasisymmetry = 0.410182, mirror = 0.000000 with aspect ratio=7.997771 took 129.417576s
01:35:13 - Growth rate = 0.109342, quasisymmetry = 0.409364, mirror = 0.000000 with aspect ratio=7.997877 took 129.549001s
01:37:27 - Growth rate = 0.109325, quasisymmetry = 0.409160, mirror = 0.000000 with aspect ratio=7.997903 took 129.669874s
01:39:42 - Growth rate = 0.109321, quasisymmetry = 0.409109, mirror = 0.000000 with aspect ratio=7.997910 took 129.746639s
01:41:57 - Growth rate = 0.109320, quasisymmetry = 0.409096, mirror = 0.000000 with aspect ratio=7.997911 took 129.403862s
01:44:12 - Growth rate = 0.109320, quasisymmetry = 0.409093, mirror = 0.000000 with aspect ratio=7.997912 took 130.369186s
01:46:28 - Growth rate = 0.109320, quasisymmetry = 0.409092, mirror = 0.000000 with aspect ratio=7.997912 took 130.916853s
01:48:43 - Growth rate = 0.109320, quasisymmetry = 0.409092, mirror = 0.000000 with aspect ratio=7.997912 took 129.666488s
       4             14         6.1799e+00      0.00e+00       0.00e+00       3.50e+02    
`xtol` termination condition is satisfied.
Function evaluations 14, initial cost 6.8006e+00, final cost 6.1799e+00, first-order optimality 3.50e+02.
Final aspect ratio: 7.997911818002726
Final mean iota: -0.8975424824722076
Final magnetic well: -0.11357580741243191
Final quasisymmetry: 0.4090915520429287
Final growth rate: 0.10931968322183643
## Now calculating total objective function ##
01:53:08 - Growth rate = 0.109320, quasisymmetry = 0.409092, mirror = 0.000000 with aspect ratio=7.997912 took 129.824836s
Total objective before optimization: 12.359889052269589
-------------------------
Optimizing with max_mode = 2
-------------------------
01:55:23 - Growth rate = 0.109320, quasisymmetry = 0.409092, mirror = 0.000000 with aspect ratio=7.997912 took 130.336260s
01:57:37 - Growth rate = 0.109320, quasisymmetry = 0.409092, mirror = 0.000000 with aspect ratio=7.997912 took 128.531397s
01:59:51 - Growth rate = 0.109320, quasisymmetry = 0.409092, mirror = 0.000000 with aspect ratio=7.997912 took 129.891058s
02:02:08 - Growth rate = 0.121144, quasisymmetry = 0.400983, mirror = 0.000000 with aspect ratio=8.071185 took 132.518407s
02:02:09 - Growth rate = 0.114234, quasisymmetry = 0.372010, mirror = 0.000000 with aspect ratio=7.954085 took 132.879167s
02:02:09 - Growth rate = 0.111037, quasisymmetry = 0.365580, mirror = 0.000000 with aspect ratio=7.765746 took 133.152709s
02:02:11 - Growth rate = 0.107031, quasisymmetry = 0.583454, mirror = 0.000000 with aspect ratio=7.739053 took 134.599022s
02:02:11 - Growth rate = 0.109133, quasisymmetry = 0.408677, mirror = 0.000000 with aspect ratio=7.997462 took 135.020076s
02:02:11 - Growth rate = 0.109988, quasisymmetry = 0.407098, mirror = 0.000000 with aspect ratio=7.997912 took 135.005826s
02:02:11 - Growth rate = 0.109775, quasisymmetry = 0.406799, mirror = 0.000000 with aspect ratio=7.997913 took 135.088108s
02:02:11 - Growth rate = 0.108547, quasisymmetry = 0.394893, mirror = 0.000000 with aspect ratio=7.997893 took 135.118206s
02:02:11 - Growth rate = 0.109067, quasisymmetry = 0.492967, mirror = 0.000000 with aspect ratio=7.997912 took 135.151767s
02:02:12 - Growth rate = 0.108919, quasisymmetry = 0.408659, mirror = 0.000000 with aspect ratio=7.997867 took 135.573914s
02:02:12 - Growth rate = 0.111815, quasisymmetry = 0.391585, mirror = 0.000000 with aspect ratio=7.998122 took 135.625596s
02:02:12 - Growth rate = 0.109790, quasisymmetry = 0.409782, mirror = 0.000000 with aspect ratio=7.998017 took 135.726627s
02:02:12 - Growth rate = 0.109206, quasisymmetry = 0.409124, mirror = 0.000000 with aspect ratio=7.997920 took 135.758425s
02:02:12 - Growth rate = 0.113105, quasisymmetry = 0.394227, mirror = 0.000000 with aspect ratio=7.997909 took 135.845547s
02:02:12 - Growth rate = 0.109006, quasisymmetry = 0.412798, mirror = 0.000000 with aspect ratio=7.998477 took 135.840284s
02:02:12 - Growth rate = 0.109522, quasisymmetry = 0.374202, mirror = 0.000000 with aspect ratio=7.999374 took 135.854101s
02:02:12 - Growth rate = 0.109492, quasisymmetry = 0.409958, mirror = 0.000000 with aspect ratio=7.998413 took 135.896247s
02:02:12 - Growth rate = 0.109225, quasisymmetry = 0.408232, mirror = 0.000000 with aspect ratio=7.998420 took 135.921870s
02:02:12 - Growth rate = 0.109277, quasisymmetry = 0.408838, mirror = 0.000000 with aspect ratio=7.997795 took 135.982854s
02:02:12 - Growth rate = 0.108628, quasisymmetry = 0.344643, mirror = 0.000000 with aspect ratio=7.996798 took 135.980492s
02:02:12 - Growth rate = 0.109754, quasisymmetry = 0.408530, mirror = 0.000000 with aspect ratio=7.997902 took 135.950192s
02:02:12 - Growth rate = 0.109215, quasisymmetry = 0.396038, mirror = 0.000000 with aspect ratio=7.997724 took 136.194544s
02:02:12 - Growth rate = 0.109446, quasisymmetry = 0.406303, mirror = 0.000000 with aspect ratio=7.997884 took 136.273694s
02:02:13 - Growth rate = 0.109130, quasisymmetry = 0.409078, mirror = 0.000000 with aspect ratio=7.997912 took 136.437030s
   Iteration     Total nfev        Cost      Cost reduction    Step norm     Optimality   
       0              1         6.1799e+00                                    4.06e+03    
02:04:26 - Growth rate = 0.102592, quasisymmetry = 3.022163, mirror = 0.000000 with aspect ratio=8.550922 took 129.502562s
02:06:38 - Growth rate = 0.161971, quasisymmetry = 0.204565, mirror = 0.000000 with aspect ratio=7.968542 took 127.285099s
02:08:49 - Growth rate = 0.118961, quasisymmetry = 0.095994, mirror = 0.000000 with aspect ratio=8.019811 took 126.950595s
02:11:04 - Growth rate = 0.105116, quasisymmetry = 0.743221, mirror = 0.000000 with aspect ratio=7.992231 took 130.451104s
02:13:19 - Growth rate = 0.105116, quasisymmetry = 0.743221, mirror = 0.000000 with aspect ratio=7.992231 took 130.488385s
02:15:38 - Growth rate = 0.114007, quasisymmetry = 0.748244, mirror = 0.000000 with aspect ratio=8.065134 took 134.009710s
02:15:38 - Growth rate = 0.112984, quasisymmetry = 0.686806, mirror = 0.000000 with aspect ratio=7.948743 took 133.852960s
02:15:39 - Growth rate = 0.105423, quasisymmetry = 0.642811, mirror = 0.000000 with aspect ratio=7.760449 took 134.621832s
02:15:40 - Growth rate = 0.105651, quasisymmetry = 0.845835, mirror = 0.000000 with aspect ratio=7.992231 took 135.525097s
02:15:40 - Growth rate = 0.101617, quasisymmetry = 0.910014, mirror = 0.000000 with aspect ratio=7.733923 took 135.523628s
02:15:40 - Growth rate = 0.105277, quasisymmetry = 0.735206, mirror = 0.000000 with aspect ratio=7.992237 took 135.869306s
02:15:40 - Growth rate = 0.104953, quasisymmetry = 0.744438, mirror = 0.000000 with aspect ratio=7.992190 took 136.128240s
02:15:40 - Growth rate = 0.105047, quasisymmetry = 0.742917, mirror = 0.000000 with aspect ratio=7.991779 took 136.140202s
02:15:40 - Growth rate = 0.104460, quasisymmetry = 0.729992, mirror = 0.000000 with aspect ratio=7.992252 took 136.255435s
02:15:41 - Growth rate = 0.104628, quasisymmetry = 0.749717, mirror = 0.000000 with aspect ratio=7.992783 took 136.366305s
02:15:41 - Growth rate = 0.104706, quasisymmetry = 0.737706, mirror = 0.000000 with aspect ratio=7.992187 took 136.438601s
02:15:41 - Growth rate = 0.104118, quasisymmetry = 0.724754, mirror = 0.000000 with aspect ratio=7.992066 took 136.454330s
02:15:41 - Growth rate = 0.106888, quasisymmetry = 0.719168, mirror = 0.000000 with aspect ratio=7.992424 took 136.456595s
02:15:41 - Growth rate = 0.106283, quasisymmetry = 0.661277, mirror = 0.000000 with aspect ratio=7.991025 took 136.545653s
02:15:41 - Growth rate = 0.105860, quasisymmetry = 0.699328, mirror = 0.000000 with aspect ratio=7.993627 took 136.611195s
02:15:41 - Growth rate = 0.105031, quasisymmetry = 0.743400, mirror = 0.000000 with aspect ratio=7.992230 took 136.636817s
02:15:41 - Growth rate = 0.107198, quasisymmetry = 0.714151, mirror = 0.000000 with aspect ratio=7.992204 took 136.628141s
02:15:41 - Growth rate = 0.104924, quasisymmetry = 0.742230, mirror = 0.000000 with aspect ratio=7.992747 took 136.793782s
02:15:41 - Growth rate = 0.105004, quasisymmetry = 0.743652, mirror = 0.000000 with aspect ratio=7.992328 took 136.935712s
02:15:41 - Growth rate = 0.104696, quasisymmetry = 0.738461, mirror = 0.000000 with aspect ratio=7.992232 took 136.978956s
02:15:41 - Growth rate = 0.105098, quasisymmetry = 0.743099, mirror = 0.000000 with aspect ratio=7.992129 took 137.020706s
02:15:41 - Growth rate = 0.105006, quasisymmetry = 0.739679, mirror = 0.000000 with aspect ratio=7.992217 took 137.186864s
02:15:42 - Growth rate = 0.105185, quasisymmetry = 0.744277, mirror = 0.000000 with aspect ratio=7.992728 took 137.342094s
02:15:42 - Growth rate = 0.105042, quasisymmetry = 0.745552, mirror = 0.000000 with aspect ratio=7.992231 took 137.469342s
       1              5         5.8964e+00      2.84e-01       2.18e-03       2.04e+03    
02:17:57 - Growth rate = 0.102825, quasisymmetry = 0.873173, mirror = 0.000000 with aspect ratio=7.991140 took 130.725944s
02:20:14 - Growth rate = 0.102825, quasisymmetry = 0.873173, mirror = 0.000000 with aspect ratio=7.991140 took 132.005490s
02:22:32 - Growth rate = 0.119176, quasisymmetry = 0.875357, mirror = 0.000000 with aspect ratio=8.063981 took 133.786294s
02:22:33 - Growth rate = 0.113460, quasisymmetry = 0.801159, mirror = 0.000000 with aspect ratio=7.947705 took 133.801630s
02:22:33 - Growth rate = 0.105834, quasisymmetry = 0.742338, mirror = 0.000000 with aspect ratio=7.759448 took 134.252532s
02:22:34 - Growth rate = 0.104598, quasisymmetry = 0.983445, mirror = 0.000000 with aspect ratio=7.991140 took 135.222256s
02:22:34 - Growth rate = 0.101999, quasisymmetry = 1.045032, mirror = 0.000000 with aspect ratio=7.732906 took 135.262355s
02:22:35 - Growth rate = 0.102939, quasisymmetry = 0.872857, mirror = 0.000000 with aspect ratio=7.990688 took 135.670322s
02:22:35 - Growth rate = 0.103068, quasisymmetry = 0.864107, mirror = 0.000000 with aspect ratio=7.991141 took 135.858035s
02:22:35 - Growth rate = 0.102790, quasisymmetry = 0.872061, mirror = 0.000000 with aspect ratio=7.991657 took 135.987292s
02:22:36 - Growth rate = 0.102859, quasisymmetry = 0.875696, mirror = 0.000000 with aspect ratio=7.991140 took 136.753668s
02:22:36 - Growth rate = 0.102969, quasisymmetry = 0.874314, mirror = 0.000000 with aspect ratio=7.991635 took 136.770348s
02:22:36 - Growth rate = 0.102793, quasisymmetry = 0.867179, mirror = 0.000000 with aspect ratio=7.991095 took 136.762527s
02:22:36 - Growth rate = 0.102419, quasisymmetry = 0.859389, mirror = 0.000000 with aspect ratio=7.991170 took 136.898566s
02:22:36 - Growth rate = 0.107598, quasisymmetry = 0.825137, mirror = 0.000000 with aspect ratio=7.992539 took 137.081487s
02:22:36 - Growth rate = 0.104999, quasisymmetry = 0.846925, mirror = 0.000000 with aspect ratio=7.991328 took 137.055426s
02:22:36 - Growth rate = 0.102628, quasisymmetry = 0.880243, mirror = 0.000000 with aspect ratio=7.991691 took 137.099671s
02:22:36 - Growth rate = 0.102878, quasisymmetry = 0.873362, mirror = 0.000000 with aspect ratio=7.991138 took 137.109117s
02:22:36 - Growth rate = 0.102585, quasisymmetry = 0.853043, mirror = 0.000000 with aspect ratio=7.990982 took 137.136916s
02:22:36 - Growth rate = 0.102728, quasisymmetry = 0.874464, mirror = 0.000000 with aspect ratio=7.991096 took 137.177782s
02:22:36 - Growth rate = 0.105462, quasisymmetry = 0.840758, mirror = 0.000000 with aspect ratio=7.991110 took 137.224437s
02:22:36 - Growth rate = 0.102779, quasisymmetry = 0.868435, mirror = 0.000000 with aspect ratio=7.991140 took 137.394378s
02:22:37 - Growth rate = 0.108317, quasisymmetry = 0.783102, mirror = 0.000000 with aspect ratio=7.989875 took 137.343999s
02:22:37 - Growth rate = 0.102831, quasisymmetry = 0.873573, mirror = 0.000000 with aspect ratio=7.991235 took 137.627480s
02:22:37 - Growth rate = 0.102916, quasisymmetry = 0.869331, mirror = 0.000000 with aspect ratio=7.991124 took 137.620001s
02:22:37 - Growth rate = 0.102836, quasisymmetry = 0.873141, mirror = 0.000000 with aspect ratio=7.991036 took 137.797837s
       2              6         5.7231e+00      1.73e-01       5.45e-04       2.55e+03    
02:24:53 - Growth rate = 0.103523, quasisymmetry = 0.930586, mirror = 0.000000 with aspect ratio=7.990628 took 131.051084s
02:27:09 - Growth rate = 0.103078, quasisymmetry = 0.887361, mirror = 0.000000 with aspect ratio=7.991012 took 130.789637s
02:29:25 - Growth rate = 0.102871, quasisymmetry = 0.876709, mirror = 0.000000 with aspect ratio=7.991108 took 131.057076s
02:31:40 - Growth rate = 0.102836, quasisymmetry = 0.874056, mirror = 0.000000 with aspect ratio=7.991132 took 130.848482s
02:33:57 - Growth rate = 0.102828, quasisymmetry = 0.873393, mirror = 0.000000 with aspect ratio=7.991138 took 131.326311s
02:36:12 - Growth rate = 0.102826, quasisymmetry = 0.873228, mirror = 0.000000 with aspect ratio=7.991139 took 130.171144s
02:38:28 - Growth rate = 0.102825, quasisymmetry = 0.873186, mirror = 0.000000 with aspect ratio=7.991140 took 131.659002s
02:40:45 - Growth rate = 0.102825, quasisymmetry = 0.873176, mirror = 0.000000 with aspect ratio=7.991140 took 132.139108s
02:43:01 - Growth rate = 0.102825, quasisymmetry = 0.873173, mirror = 0.000000 with aspect ratio=7.991140 took 130.352640s
       3             15         5.7231e+00      0.00e+00       0.00e+00       2.55e+03    
`xtol` termination condition is satisfied.
Function evaluations 15, initial cost 6.1799e+00, final cost 5.7231e+00, first-order optimality 2.55e+03.
Final aspect ratio: 7.991139726197064
Final mean iota: -0.8954331481889443
Final magnetic well: -0.111012715600016
Final quasisymmetry: 0.8731725500081183
Final growth rate: 0.10282488285170051
## Now calculating total objective function ##
02:47:29 - Growth rate = 0.102825, quasisymmetry = 0.873173, mirror = 0.000000 with aspect ratio=7.991140 took 131.689654s
Total objective before optimization: 11.446207587925894
-------------------------
Optimizing with max_mode = 3
-------------------------
02:49:44 - Growth rate = 0.102825, quasisymmetry = 0.873173, mirror = 0.000000 with aspect ratio=7.991140 took 130.041272s
02:51:59 - Growth rate = 0.102825, quasisymmetry = 0.873173, mirror = 0.000000 with aspect ratio=7.991140 took 131.001125s
02:54:16 - Growth rate = 0.102825, quasisymmetry = 0.873173, mirror = 0.000000 with aspect ratio=7.991140 took 132.264618s
02:56:41 - Growth rate = 0.105834, quasisymmetry = 0.742338, mirror = 0.000000 with aspect ratio=7.759448 took 140.224583s
02:56:42 - Growth rate = 0.113460, quasisymmetry = 0.801159, mirror = 0.000000 with aspect ratio=7.947705 took 140.931076s
02:56:43 - Growth rate = 0.104598, quasisymmetry = 0.983445, mirror = 0.000000 with aspect ratio=7.991140 took 141.408772s
02:56:43 - Growth rate = 0.101999, quasisymmetry = 1.045032, mirror = 0.000000 with aspect ratio=7.732906 took 141.954782s
02:56:43 - Growth rate = 0.103260, quasisymmetry = 0.873198, mirror = 0.000000 with aspect ratio=7.991140 took 142.078351s
02:56:43 - Growth rate = 0.102939, quasisymmetry = 0.872857, mirror = 0.000000 with aspect ratio=7.990688 took 142.102056s
02:56:43 - Growth rate = 0.102673, quasisymmetry = 0.881564, mirror = 0.000000 with aspect ratio=7.991135 took 142.160626s
02:56:43 - Growth rate = 0.102828, quasisymmetry = 0.873337, mirror = 0.000000 with aspect ratio=7.991140 took 142.219270s
02:56:44 - Growth rate = 0.102419, quasisymmetry = 0.859389, mirror = 0.000000 with aspect ratio=7.991170 took 142.554107s
02:56:44 - Growth rate = 0.102963, quasisymmetry = 0.876761, mirror = 0.000000 with aspect ratio=7.991135 took 142.563163s
02:56:44 - Growth rate = 0.119176, quasisymmetry = 0.875357, mirror = 0.000000 with aspect ratio=8.063981 took 143.051291s
02:56:44 - Growth rate = 0.102878, quasisymmetry = 0.873362, mirror = 0.000000 with aspect ratio=7.991138 took 142.846511s
02:56:45 - Growth rate = 0.102792, quasisymmetry = 0.880382, mirror = 0.000000 with aspect ratio=7.991144 took 143.506467s
02:56:45 - Growth rate = 0.102925, quasisymmetry = 0.860713, mirror = 0.000000 with aspect ratio=7.991134 took 143.725525s
02:56:45 - Growth rate = 0.103185, quasisymmetry = 0.869330, mirror = 0.000000 with aspect ratio=7.991139 took 143.747209s
02:56:45 - Growth rate = 0.105462, quasisymmetry = 0.840758, mirror = 0.000000 with aspect ratio=7.991110 took 143.692468s
02:56:45 - Growth rate = 0.102888, quasisymmetry = 0.871867, mirror = 0.000000 with aspect ratio=7.991142 took 144.072463s
02:56:46 - Growth rate = 0.102585, quasisymmetry = 0.853043, mirror = 0.000000 with aspect ratio=7.990982 took 144.274660s
02:56:46 - Growth rate = 0.102769, quasisymmetry = 0.873621, mirror = 0.000000 with aspect ratio=7.991142 took 144.534024s
02:56:46 - Growth rate = 0.102958, quasisymmetry = 0.870659, mirror = 0.000000 with aspect ratio=7.991139 took 144.541549s
02:56:46 - Growth rate = 0.102779, quasisymmetry = 0.868435, mirror = 0.000000 with aspect ratio=7.991140 took 144.709135s
02:56:46 - Growth rate = 0.102793, quasisymmetry = 0.867179, mirror = 0.000000 with aspect ratio=7.991095 took 144.754101s
02:56:46 - Growth rate = 0.107598, quasisymmetry = 0.825137, mirror = 0.000000 with aspect ratio=7.992539 took 144.677870s
02:56:46 - Growth rate = 0.104999, quasisymmetry = 0.846925, mirror = 0.000000 with aspect ratio=7.991328 took 144.755041s
02:56:46 - Growth rate = 0.103347, quasisymmetry = 0.859274, mirror = 0.000000 with aspect ratio=7.991142 took 144.950477s
02:56:46 - Growth rate = 0.102751, quasisymmetry = 0.872989, mirror = 0.000000 with aspect ratio=7.991139 took 144.991938s
02:56:46 - Growth rate = 0.102790, quasisymmetry = 0.872061, mirror = 0.000000 with aspect ratio=7.991657 took 145.081262s
02:56:46 - Growth rate = 0.102993, quasisymmetry = 0.871679, mirror = 0.000000 with aspect ratio=7.991138 took 145.138670s
02:56:47 - Growth rate = 0.102728, quasisymmetry = 0.874464, mirror = 0.000000 with aspect ratio=7.991096 took 145.336805s
02:56:47 - Growth rate = 0.102678, quasisymmetry = 0.878830, mirror = 0.000000 with aspect ratio=7.991140 took 145.431824s
02:56:47 - Growth rate = 0.102890, quasisymmetry = 0.871317, mirror = 0.000000 with aspect ratio=7.991137 took 145.448233s
02:56:47 - Growth rate = 0.108317, quasisymmetry = 0.783102, mirror = 0.000000 with aspect ratio=7.989875 took 145.479202s
02:56:47 - Growth rate = 0.102454, quasisymmetry = 0.873298, mirror = 0.000000 with aspect ratio=7.991138 took 145.523065s
02:56:47 - Growth rate = 0.102748, quasisymmetry = 0.871923, mirror = 0.000000 with aspect ratio=7.991140 took 145.723326s
02:56:48 - Growth rate = 0.102628, quasisymmetry = 0.880243, mirror = 0.000000 with aspect ratio=7.991691 took 146.539998s
02:56:48 - Growth rate = 0.102547, quasisymmetry = 0.873210, mirror = 0.000000 with aspect ratio=7.991142 took 146.573520s
02:56:48 - Growth rate = 0.102836, quasisymmetry = 0.873141, mirror = 0.000000 with aspect ratio=7.991036 took 146.641555s
02:56:48 - Growth rate = 0.103141, quasisymmetry = 0.871004, mirror = 0.000000 with aspect ratio=7.991136 took 146.676727s
02:56:48 - Growth rate = 0.102969, quasisymmetry = 0.874314, mirror = 0.000000 with aspect ratio=7.991635 took 146.746005s
02:56:48 - Growth rate = 0.102577, quasisymmetry = 0.873229, mirror = 0.000000 with aspect ratio=7.991140 took 146.738585s
02:56:48 - Growth rate = 0.103068, quasisymmetry = 0.864107, mirror = 0.000000 with aspect ratio=7.991141 took 146.827946s
02:56:48 - Growth rate = 0.102744, quasisymmetry = 0.874456, mirror = 0.000000 with aspect ratio=7.991140 took 146.888844s
02:56:48 - Growth rate = 0.103047, quasisymmetry = 0.873899, mirror = 0.000000 with aspect ratio=7.991140 took 146.798207s
02:56:48 - Growth rate = 0.102859, quasisymmetry = 0.875696, mirror = 0.000000 with aspect ratio=7.991140 took 146.929926s
02:56:48 - Growth rate = 0.102916, quasisymmetry = 0.869331, mirror = 0.000000 with aspect ratio=7.991124 took 147.010293s
02:56:48 - Growth rate = 0.102831, quasisymmetry = 0.873573, mirror = 0.000000 with aspect ratio=7.991235 took 147.039885s
02:56:48 - Growth rate = 0.102804, quasisymmetry = 0.871669, mirror = 0.000000 with aspect ratio=7.991141 took 147.124617s
02:56:48 - Growth rate = 0.105795, quasisymmetry = 0.845081, mirror = 0.000000 with aspect ratio=7.991142 took 147.150388s
   Iteration     Total nfev        Cost      Cost reduction    Step norm     Optimality   
       0              1         5.7231e+00                                    2.91e+03    
02:59:04 - Growth rate = 0.187700, quasisymmetry = 2.289683, mirror = 0.000000 with aspect ratio=7.695935 took 126.118367s
03:01:16 - Growth rate = 0.157226, quasisymmetry = 0.256195, mirror = 0.000000 with aspect ratio=8.008484 took 126.766491s
03:03:29 - Growth rate = 0.104174, quasisymmetry = 0.297206, mirror = 0.000000 with aspect ratio=7.978244 took 128.841986s
03:05:43 - Growth rate = 0.104174, quasisymmetry = 0.297206, mirror = 0.000000 with aspect ratio=7.978244 took 127.866308s
03:08:05 - Growth rate = 0.102652, quasisymmetry = 0.247114, mirror = 0.000000 with aspect ratio=7.747494 took 137.139133s
03:08:05 - Growth rate = 0.097417, quasisymmetry = 0.497794, mirror = 0.000000 with aspect ratio=7.721314 took 137.458773s
03:08:06 - Growth rate = 0.103909, quasisymmetry = 0.296568, mirror = 0.000000 with aspect ratio=7.977810 took 137.764430s
03:08:06 - Growth rate = 0.101300, quasisymmetry = 0.282890, mirror = 0.000000 with aspect ratio=7.978148 took 138.022090s
03:08:06 - Growth rate = 0.104729, quasisymmetry = 0.297177, mirror = 0.000000 with aspect ratio=7.978248 took 138.076042s
03:08:06 - Growth rate = 0.104300, quasisymmetry = 0.295550, mirror = 0.000000 with aspect ratio=7.978197 took 138.201007s
03:08:06 - Growth rate = 0.104421, quasisymmetry = 0.298282, mirror = 0.000000 with aspect ratio=7.978249 took 138.197644s
03:08:07 - Growth rate = 0.104163, quasisymmetry = 0.297291, mirror = 0.000000 with aspect ratio=7.978261 took 138.568989s
03:08:07 - Growth rate = 0.104717, quasisymmetry = 0.297429, mirror = 0.000000 with aspect ratio=7.978165 took 138.820045s
03:08:07 - Growth rate = 0.110326, quasisymmetry = 0.253849, mirror = 0.000000 with aspect ratio=7.935644 took 139.377692s
03:08:08 - Growth rate = 0.103744, quasisymmetry = 0.297102, mirror = 0.000000 with aspect ratio=7.978248 took 139.559646s
03:08:08 - Growth rate = 0.104543, quasisymmetry = 0.298016, mirror = 0.000000 with aspect ratio=7.978248 took 139.595982s
03:08:08 - Growth rate = 0.101617, quasisymmetry = 0.293270, mirror = 0.000000 with aspect ratio=7.978329 took 139.676152s
03:08:08 - Growth rate = 0.113027, quasisymmetry = 0.276050, mirror = 0.000000 with aspect ratio=8.050176 took 140.217244s
03:08:08 - Growth rate = 0.103430, quasisymmetry = 0.274657, mirror = 0.000000 with aspect ratio=7.977132 took 140.267817s
03:08:09 - Growth rate = 0.102721, quasisymmetry = 0.288224, mirror = 0.000000 with aspect ratio=7.977967 took 140.462314s
03:08:09 - Growth rate = 0.104288, quasisymmetry = 0.296958, mirror = 0.000000 with aspect ratio=7.978785 took 140.669127s
03:08:09 - Growth rate = 0.104006, quasisymmetry = 0.296859, mirror = 0.000000 with aspect ratio=7.978188 took 140.681802s
03:08:09 - Growth rate = 0.104972, quasisymmetry = 0.287808, mirror = 0.000000 with aspect ratio=7.978355 took 140.676064s
03:08:09 - Growth rate = 0.103593, quasisymmetry = 0.298489, mirror = 0.000000 with aspect ratio=7.978244 took 140.708134s
03:08:09 - Growth rate = 0.104102, quasisymmetry = 0.296921, mirror = 0.000000 with aspect ratio=7.978238 took 140.829581s
03:08:09 - Growth rate = 0.104034, quasisymmetry = 0.295749, mirror = 0.000000 with aspect ratio=7.978192 took 140.851377s
03:08:09 - Growth rate = 0.104434, quasisymmetry = 0.295654, mirror = 0.000000 with aspect ratio=7.978205 took 140.859158s
03:08:09 - Growth rate = 0.106001, quasisymmetry = 0.295451, mirror = 0.000000 with aspect ratio=7.978244 took 141.047017s
03:08:09 - Growth rate = 0.100849, quasisymmetry = 0.332026, mirror = 0.000000 with aspect ratio=7.978244 took 141.067864s
03:08:09 - Growth rate = 0.104222, quasisymmetry = 0.297080, mirror = 0.000000 with aspect ratio=7.978321 took 141.035435s
03:08:09 - Growth rate = 0.104470, quasisymmetry = 0.296439, mirror = 0.000000 with aspect ratio=7.978206 took 141.327531s
03:08:09 - Growth rate = 0.104923, quasisymmetry = 0.297593, mirror = 0.000000 with aspect ratio=7.978242 took 141.262979s
03:08:09 - Growth rate = 0.104869, quasisymmetry = 0.291777, mirror = 0.000000 with aspect ratio=7.978200 took 141.403417s
03:08:10 - Growth rate = 0.104210, quasisymmetry = 0.295511, mirror = 0.000000 with aspect ratio=7.978246 took 141.598404s
03:08:10 - Growth rate = 0.103836, quasisymmetry = 0.296829, mirror = 0.000000 with aspect ratio=7.978257 took 141.797872s
03:08:10 - Growth rate = 0.104170, quasisymmetry = 0.296382, mirror = 0.000000 with aspect ratio=7.978266 took 141.966480s
03:08:11 - Growth rate = 0.103131, quasisymmetry = 0.296204, mirror = 0.000000 with aspect ratio=7.978288 took 142.416852s
03:08:11 - Growth rate = 0.104888, quasisymmetry = 0.287398, mirror = 0.000000 with aspect ratio=7.978246 took 142.811524s
03:08:11 - Growth rate = 0.104332, quasisymmetry = 0.297192, mirror = 0.000000 with aspect ratio=7.978198 took 143.053593s
03:08:11 - Growth rate = 0.105109, quasisymmetry = 0.274429, mirror = 0.000000 with aspect ratio=7.979678 took 143.210521s
03:08:11 - Growth rate = 0.103887, quasisymmetry = 0.296546, mirror = 0.000000 with aspect ratio=7.978238 took 143.294820s
03:08:12 - Growth rate = 0.104600, quasisymmetry = 0.297078, mirror = 0.000000 with aspect ratio=7.978206 took 143.469373s
03:08:12 - Growth rate = 0.103290, quasisymmetry = 0.296907, mirror = 0.000000 with aspect ratio=7.978221 took 143.517120s
03:08:12 - Growth rate = 0.104541, quasisymmetry = 0.297539, mirror = 0.000000 with aspect ratio=7.978322 took 143.514371s
03:08:12 - Growth rate = 0.103903, quasisymmetry = 0.297496, mirror = 0.000000 with aspect ratio=7.978237 took 143.528637s
03:08:12 - Growth rate = 0.103434, quasisymmetry = 0.293079, mirror = 0.000000 with aspect ratio=7.978183 took 143.538951s
03:08:12 - Growth rate = 0.102617, quasisymmetry = 0.297059, mirror = 0.000000 with aspect ratio=7.978802 took 143.633735s
03:08:12 - Growth rate = 0.104500, quasisymmetry = 0.298393, mirror = 0.000000 with aspect ratio=7.978262 took 143.677314s
03:08:12 - Growth rate = 0.104794, quasisymmetry = 0.297407, mirror = 0.000000 with aspect ratio=7.978244 took 143.683717s
03:08:12 - Growth rate = 0.104193, quasisymmetry = 0.297628, mirror = 0.000000 with aspect ratio=7.978737 took 143.691350s
03:08:12 - Growth rate = 0.103615, quasisymmetry = 0.296717, mirror = 0.000000 with aspect ratio=7.978152 took 143.768652s
03:08:12 - Growth rate = 0.104311, quasisymmetry = 0.296619, mirror = 0.000000 with aspect ratio=7.978220 took 143.968365s
       1              4         5.5749e+00      1.48e-01       6.05e-03       2.39e+03    
03:10:27 - Growth rate = 0.106117, quasisymmetry = 0.329824, mirror = 0.000000 with aspect ratio=7.977231 took 128.793283s
03:12:41 - Growth rate = 0.101737, quasisymmetry = 0.290683, mirror = 0.000000 with aspect ratio=7.977952 took 128.790615s
03:14:54 - Growth rate = 0.101737, quasisymmetry = 0.290683, mirror = 0.000000 with aspect ratio=7.977952 took 127.946621s
03:17:17 - Growth rate = 0.108688, quasisymmetry = 0.246024, mirror = 0.000000 with aspect ratio=7.935381 took 138.156474s
03:17:17 - Growth rate = 0.096966, quasisymmetry = 0.491700, mirror = 0.000000 with aspect ratio=7.721023 took 138.008618s
03:17:17 - Growth rate = 0.103777, quasisymmetry = 0.246040, mirror = 0.000000 with aspect ratio=7.747225 took 138.157765s
03:17:18 - Growth rate = 0.101819, quasisymmetry = 0.290787, mirror = 0.000000 with aspect ratio=7.977967 took 138.789462s
03:17:18 - Growth rate = 0.101803, quasisymmetry = 0.290442, mirror = 0.000000 with aspect ratio=7.977943 took 138.908033s
03:17:19 - Growth rate = 0.108802, quasisymmetry = 0.263914, mirror = 0.000000 with aspect ratio=8.049863 took 140.251632s
03:17:19 - Growth rate = 0.102090, quasisymmetry = 0.290735, mirror = 0.000000 with aspect ratio=7.977872 took 139.972490s
03:17:19 - Growth rate = 0.101409, quasisymmetry = 0.293651, mirror = 0.000000 with aspect ratio=7.977952 took 140.082398s
03:17:19 - Growth rate = 0.101739, quasisymmetry = 0.282236, mirror = 0.000000 with aspect ratio=7.978062 took 140.191679s
03:17:19 - Growth rate = 0.101238, quasisymmetry = 0.321640, mirror = 0.000000 with aspect ratio=7.977952 took 140.400623s
03:17:19 - Growth rate = 0.102276, quasisymmetry = 0.288832, mirror = 0.000000 with aspect ratio=7.977950 took 140.399913s
03:17:20 - Growth rate = 0.101890, quasisymmetry = 0.288715, mirror = 0.000000 with aspect ratio=7.977913 took 140.530473s
03:17:20 - Growth rate = 0.101845, quasisymmetry = 0.291219, mirror = 0.000000 with aspect ratio=7.977946 took 140.524743s
03:17:20 - Growth rate = 0.101626, quasisymmetry = 0.290587, mirror = 0.000000 with aspect ratio=7.977956 took 140.554314s
03:17:20 - Growth rate = 0.101862, quasisymmetry = 0.290248, mirror = 0.000000 with aspect ratio=7.977896 took 140.630938s
03:17:20 - Growth rate = 0.101115, quasisymmetry = 0.271250, mirror = 0.000000 with aspect ratio=7.976840 took 140.551538s
03:17:20 - Growth rate = 0.101783, quasisymmetry = 0.291070, mirror = 0.000000 with aspect ratio=7.978027 took 140.739697s
03:17:20 - Growth rate = 0.101696, quasisymmetry = 0.290697, mirror = 0.000000 with aspect ratio=7.977909 took 140.802550s
03:17:20 - Growth rate = 0.101707, quasisymmetry = 0.289647, mirror = 0.000000 with aspect ratio=7.977972 took 140.876612s
03:17:20 - Growth rate = 0.101759, quasisymmetry = 0.290055, mirror = 0.000000 with aspect ratio=7.977517 took 141.031471s
03:17:20 - Growth rate = 0.101425, quasisymmetry = 0.292222, mirror = 0.000000 with aspect ratio=7.977930 took 141.129761s
03:17:20 - Growth rate = 0.101729, quasisymmetry = 0.291142, mirror = 0.000000 with aspect ratio=7.978445 took 141.159781s
03:17:20 - Growth rate = 0.105030, quasisymmetry = 0.283504, mirror = 0.000000 with aspect ratio=7.977674 took 141.178976s
03:17:20 - Growth rate = 0.102660, quasisymmetry = 0.286089, mirror = 0.000000 with aspect ratio=7.977954 took 141.195881s
03:17:20 - Growth rate = 0.101658, quasisymmetry = 0.288568, mirror = 0.000000 with aspect ratio=7.977907 took 141.221583s
03:17:20 - Growth rate = 0.102756, quasisymmetry = 0.288332, mirror = 0.000000 with aspect ratio=7.978033 took 141.340865s
03:17:20 - Growth rate = 0.101561, quasisymmetry = 0.289551, mirror = 0.000000 with aspect ratio=7.977903 took 141.383899s
03:17:21 - Growth rate = 0.103391, quasisymmetry = 0.278666, mirror = 0.000000 with aspect ratio=7.977861 took 141.445649s
03:17:21 - Growth rate = 0.101921, quasisymmetry = 0.289860, mirror = 0.000000 with aspect ratio=7.977915 took 141.478656s
03:17:21 - Growth rate = 0.102050, quasisymmetry = 0.290808, mirror = 0.000000 with aspect ratio=7.977956 took 141.550878s
03:17:21 - Growth rate = 0.101676, quasisymmetry = 0.290493, mirror = 0.000000 with aspect ratio=7.978028 took 141.537399s
03:17:21 - Growth rate = 0.102184, quasisymmetry = 0.291192, mirror = 0.000000 with aspect ratio=7.977958 took 141.628184s
03:17:21 - Growth rate = 0.101990, quasisymmetry = 0.288356, mirror = 0.000000 with aspect ratio=7.977964 took 141.631684s
03:17:21 - Growth rate = 0.101929, quasisymmetry = 0.282439, mirror = 0.000000 with aspect ratio=7.977952 took 142.284995s
03:17:22 - Growth rate = 0.101729, quasisymmetry = 0.290486, mirror = 0.000000 with aspect ratio=7.978493 took 142.529903s
03:17:22 - Growth rate = 0.102150, quasisymmetry = 0.290447, mirror = 0.000000 with aspect ratio=7.977952 took 142.582342s
03:17:22 - Growth rate = 0.101474, quasisymmetry = 0.284977, mirror = 0.000000 with aspect ratio=7.977905 took 142.766903s
03:17:22 - Growth rate = 0.101734, quasisymmetry = 0.290304, mirror = 0.000000 with aspect ratio=7.977862 took 142.829643s
03:17:22 - Growth rate = 0.101617, quasisymmetry = 0.290552, mirror = 0.000000 with aspect ratio=7.977946 took 142.916025s
03:17:22 - Growth rate = 0.101763, quasisymmetry = 0.290109, mirror = 0.000000 with aspect ratio=7.977930 took 142.972533s
03:17:22 - Growth rate = 0.101180, quasisymmetry = 0.290041, mirror = 0.000000 with aspect ratio=7.978511 took 143.113072s
03:17:22 - Growth rate = 0.101660, quasisymmetry = 0.290354, mirror = 0.000000 with aspect ratio=7.977967 took 143.179007s
03:17:22 - Growth rate = 0.100907, quasisymmetry = 0.290475, mirror = 0.000000 with aspect ratio=7.977997 took 143.225891s
03:17:22 - Growth rate = 0.101774, quasisymmetry = 0.291589, mirror = 0.000000 with aspect ratio=7.977966 took 143.250483s
03:17:22 - Growth rate = 0.101014, quasisymmetry = 0.288452, mirror = 0.000000 with aspect ratio=7.977891 took 143.260186s
03:17:22 - Growth rate = 0.101943, quasisymmetry = 0.290615, mirror = 0.000000 with aspect ratio=7.977915 took 143.259876s
03:17:22 - Growth rate = 0.102165, quasisymmetry = 0.269646, mirror = 0.000000 with aspect ratio=7.979381 took 143.276223s
03:17:23 - Growth rate = 0.101684, quasisymmetry = 0.288282, mirror = 0.000000 with aspect ratio=7.977950 took 143.548425s
       2              6         5.3208e+00      2.54e-01       3.78e-04       1.69e+03    
03:19:38 - Growth rate = 0.100040, quasisymmetry = 0.300483, mirror = 0.000000 with aspect ratio=7.978077 took 130.154354s
03:21:52 - Growth rate = 0.100040, quasisymmetry = 0.300483, mirror = 0.000000 with aspect ratio=7.978077 took 129.034172s
03:24:15 - Growth rate = 0.106862, quasisymmetry = 0.257297, mirror = 0.000000 with aspect ratio=7.935498 took 138.366449s
03:24:16 - Growth rate = 0.095935, quasisymmetry = 0.500573, mirror = 0.000000 with aspect ratio=7.721133 took 138.453067s
03:24:17 - Growth rate = 0.101257, quasisymmetry = 0.296707, mirror = 0.000000 with aspect ratio=7.978159 took 139.004607s
03:24:17 - Growth rate = 0.099947, quasisymmetry = 0.300215, mirror = 0.000000 with aspect ratio=7.978068 took 139.223644s
03:24:17 - Growth rate = 0.105098, quasisymmetry = 0.255135, mirror = 0.000000 with aspect ratio=7.747340 took 139.220318s
03:24:17 - Growth rate = 0.109465, quasisymmetry = 0.276700, mirror = 0.000000 with aspect ratio=8.049990 took 140.177294s
03:24:18 - Growth rate = 0.101834, quasisymmetry = 0.335756, mirror = 0.000000 with aspect ratio=7.978077 took 140.034939s
03:24:18 - Growth rate = 0.100470, quasisymmetry = 0.300407, mirror = 0.000000 with aspect ratio=7.977996 took 140.261543s
03:24:18 - Growth rate = 0.099921, quasisymmetry = 0.299050, mirror = 0.000000 with aspect ratio=7.978014 took 140.255097s
03:24:18 - Growth rate = 0.100253, quasisymmetry = 0.300646, mirror = 0.000000 with aspect ratio=7.978082 took 140.297098s
03:24:18 - Growth rate = 0.099757, quasisymmetry = 0.301325, mirror = 0.000000 with aspect ratio=7.978122 took 140.326840s
03:24:18 - Growth rate = 0.100163, quasisymmetry = 0.299585, mirror = 0.000000 with aspect ratio=7.978040 took 140.492429s
03:24:18 - Growth rate = 0.100030, quasisymmetry = 0.300496, mirror = 0.000000 with aspect ratio=7.978034 took 140.494253s
03:24:18 - Growth rate = 0.099901, quasisymmetry = 0.297780, mirror = 0.000000 with aspect ratio=7.978090 took 140.560370s
03:24:18 - Growth rate = 0.100138, quasisymmetry = 0.301044, mirror = 0.000000 with aspect ratio=7.978083 took 140.673009s
03:24:18 - Growth rate = 0.100054, quasisymmetry = 0.299837, mirror = 0.000000 with aspect ratio=7.978055 took 140.745903s
03:24:18 - Growth rate = 0.100428, quasisymmetry = 0.287558, mirror = 0.000000 with aspect ratio=7.977985 took 140.716014s
03:24:18 - Growth rate = 0.099973, quasisymmetry = 0.300051, mirror = 0.000000 with aspect ratio=7.978021 took 140.853507s
03:24:19 - Growth rate = 0.099900, quasisymmetry = 0.299330, mirror = 0.000000 with aspect ratio=7.978028 took 141.213573s
03:24:19 - Growth rate = 0.100742, quasisymmetry = 0.276834, mirror = 0.000000 with aspect ratio=7.976970 took 141.209359s
03:24:19 - Growth rate = 0.100166, quasisymmetry = 0.298347, mirror = 0.000000 with aspect ratio=7.978075 took 141.827648s
03:24:19 - Growth rate = 0.103653, quasisymmetry = 0.303981, mirror = 0.000000 with aspect ratio=7.978077 took 141.864179s
03:24:20 - Growth rate = 0.100038, quasisymmetry = 0.298346, mirror = 0.000000 with aspect ratio=7.978038 took 141.908755s
03:24:20 - Growth rate = 0.099873, quasisymmetry = 0.299848, mirror = 0.000000 with aspect ratio=7.977642 took 142.046343s
03:24:20 - Growth rate = 0.100186, quasisymmetry = 0.300418, mirror = 0.000000 with aspect ratio=7.978040 took 142.056442s
03:24:20 - Growth rate = 0.099780, quasisymmetry = 0.300190, mirror = 0.000000 with aspect ratio=7.978092 took 142.123693s
03:24:20 - Growth rate = 0.099956, quasisymmetry = 0.300601, mirror = 0.000000 with aspect ratio=7.978092 took 142.079131s
03:24:20 - Growth rate = 0.099919, quasisymmetry = 0.298279, mirror = 0.000000 with aspect ratio=7.978033 took 142.163935s
03:24:20 - Growth rate = 0.099694, quasisymmetry = 0.300406, mirror = 0.000000 with aspect ratio=7.978081 took 142.218012s
03:24:20 - Growth rate = 0.102364, quasisymmetry = 0.291835, mirror = 0.000000 with aspect ratio=7.977803 took 142.244696s
03:24:20 - Growth rate = 0.100387, quasisymmetry = 0.291261, mirror = 0.000000 with aspect ratio=7.978188 took 142.147409s
03:24:20 - Growth rate = 0.100038, quasisymmetry = 0.300980, mirror = 0.000000 with aspect ratio=7.978570 took 142.282666s
03:24:20 - Growth rate = 0.100050, quasisymmetry = 0.300257, mirror = 0.000000 with aspect ratio=7.978618 took 142.241511s
03:24:20 - Growth rate = 0.099913, quasisymmetry = 0.300298, mirror = 0.000000 with aspect ratio=7.978153 took 142.278796s
03:24:20 - Growth rate = 0.100763, quasisymmetry = 0.295275, mirror = 0.000000 with aspect ratio=7.978079 took 142.472164s
03:24:20 - Growth rate = 0.099991, quasisymmetry = 0.292487, mirror = 0.000000 with aspect ratio=7.978076 took 142.601910s
03:24:20 - Growth rate = 0.103380, quasisymmetry = 0.302392, mirror = 0.000000 with aspect ratio=7.978055 took 142.802022s
03:24:21 - Growth rate = 0.099979, quasisymmetry = 0.301471, mirror = 0.000000 with aspect ratio=7.978091 took 143.038002s
03:24:21 - Growth rate = 0.099972, quasisymmetry = 0.299395, mirror = 0.000000 with aspect ratio=7.978097 took 143.035769s
03:24:21 - Growth rate = 0.099789, quasisymmetry = 0.300125, mirror = 0.000000 with aspect ratio=7.977986 took 143.191235s
03:24:21 - Growth rate = 0.099796, quasisymmetry = 0.300517, mirror = 0.000000 with aspect ratio=7.978071 took 143.221712s
03:24:21 - Growth rate = 0.099833, quasisymmetry = 0.298007, mirror = 0.000000 with aspect ratio=7.978074 took 143.219197s
03:24:21 - Growth rate = 0.099883, quasisymmetry = 0.301099, mirror = 0.000000 with aspect ratio=7.978071 took 143.358883s
03:24:21 - Growth rate = 0.103586, quasisymmetry = 0.278545, mirror = 0.000000 with aspect ratio=7.979505 took 143.306064s
03:24:21 - Growth rate = 0.102335, quasisymmetry = 0.300170, mirror = 0.000000 with aspect ratio=7.978636 took 143.386420s
03:24:21 - Growth rate = 0.100231, quasisymmetry = 0.300870, mirror = 0.000000 with aspect ratio=7.978152 took 143.449098s
03:24:21 - Growth rate = 0.099821, quasisymmetry = 0.295216, mirror = 0.000000 with aspect ratio=7.978029 took 143.436972s
03:24:21 - Growth rate = 0.100413, quasisymmetry = 0.300017, mirror = 0.000000 with aspect ratio=7.978077 took 143.710440s
       3              7         5.1545e+00      1.66e-01       9.45e-05       3.63e+03    
03:26:36 - Growth rate = 0.100456, quasisymmetry = 0.301819, mirror = 0.000000 with aspect ratio=7.977782 took 128.605531s
03:28:49 - Growth rate = 0.100133, quasisymmetry = 0.300783, mirror = 0.000000 with aspect ratio=7.978003 took 128.228497s
03:31:03 - Growth rate = 0.100075, quasisymmetry = 0.300556, mirror = 0.000000 with aspect ratio=7.978059 took 129.194017s
03:33:17 - Growth rate = 0.100049, quasisymmetry = 0.300501, mirror = 0.000000 with aspect ratio=7.978072 took 128.218418s
03:35:30 - Growth rate = 0.100042, quasisymmetry = 0.300487, mirror = 0.000000 with aspect ratio=7.978076 took 128.410836s
03:37:44 - Growth rate = 0.100041, quasisymmetry = 0.300484, mirror = 0.000000 with aspect ratio=7.978077 took 128.888257s
03:39:58 - Growth rate = 0.100040, quasisymmetry = 0.300483, mirror = 0.000000 with aspect ratio=7.978077 took 128.665660s
03:42:11 - Growth rate = 0.100040, quasisymmetry = 0.300483, mirror = 0.000000 with aspect ratio=7.978077 took 127.986834s
03:44:24 - Growth rate = 0.100040, quasisymmetry = 0.300483, mirror = 0.000000 with aspect ratio=7.978077 took 127.859460s
       4             16         5.1545e+00      0.00e+00       0.00e+00       3.63e+03    
`xtol` termination condition is satisfied.
Function evaluations 16, initial cost 5.7231e+00, final cost 5.1545e+00, first-order optimality 3.63e+03.
Final aspect ratio: 7.978077047964365
Final mean iota: -0.8684575902861025
Final magnetic well: -0.10808600758030446
Final quasisymmetry: 0.3004826094940239
Final growth rate: 0.1000403273570719
## Now calculating total objective function ##
03:48:47 - Growth rate = 0.100040, quasisymmetry = 0.300483, mirror = 0.000000 with aspect ratio=7.978077 took 128.690936s
Total objective before optimization: 10.309030323030154
-------------------------
Optimizing with max_mode = 4
-------------------------
03:51:01 - Growth rate = 0.100040, quasisymmetry = 0.300483, mirror = 0.000000 with aspect ratio=7.978077 took 128.324010s
03:53:15 - Growth rate = 0.100040, quasisymmetry = 0.300483, mirror = 0.000000 with aspect ratio=7.978077 took 128.612749s
03:55:27 - Growth rate = 0.100040, quasisymmetry = 0.300483, mirror = 0.000000 with aspect ratio=7.978077 took 128.059691s
03:57:51 - Growth rate = 0.105098, quasisymmetry = 0.255135, mirror = 0.000000 with aspect ratio=7.747340 took 138.323011s
03:57:52 - Growth rate = 0.100348, quasisymmetry = 0.299363, mirror = 0.000000 with aspect ratio=7.978084 took 139.682595s
03:57:52 - Growth rate = 0.100166, quasisymmetry = 0.298347, mirror = 0.000000 with aspect ratio=7.978075 took 139.820835s
03:57:53 - Growth rate = 0.101834, quasisymmetry = 0.335756, mirror = 0.000000 with aspect ratio=7.978077 took 140.138443s
03:57:53 - Growth rate = 0.103653, quasisymmetry = 0.303981, mirror = 0.000000 with aspect ratio=7.978077 took 140.242661s
03:57:53 - Growth rate = 0.099956, quasisymmetry = 0.300601, mirror = 0.000000 with aspect ratio=7.978092 took 140.348447s
03:57:53 - Growth rate = 0.100138, quasisymmetry = 0.301044, mirror = 0.000000 with aspect ratio=7.978083 took 140.517726s
03:57:53 - Growth rate = 0.100387, quasisymmetry = 0.291261, mirror = 0.000000 with aspect ratio=7.978188 took 140.877267s
03:57:53 - Growth rate = 0.100265, quasisymmetry = 0.294583, mirror = 0.000000 with aspect ratio=7.978077 took 140.871919s
03:57:54 - Growth rate = 0.100428, quasisymmetry = 0.287558, mirror = 0.000000 with aspect ratio=7.977985 took 141.155392s
03:57:54 - Growth rate = 0.106862, quasisymmetry = 0.257297, mirror = 0.000000 with aspect ratio=7.935498 took 141.744363s
03:57:54 - Growth rate = 0.100742, quasisymmetry = 0.276834, mirror = 0.000000 with aspect ratio=7.976970 took 141.333766s
03:57:55 - Growth rate = 0.099900, quasisymmetry = 0.299330, mirror = 0.000000 with aspect ratio=7.978028 took 141.980291s
03:57:55 - Growth rate = 0.099983, quasisymmetry = 0.300313, mirror = 0.000000 with aspect ratio=7.978075 took 141.968925s
03:57:55 - Growth rate = 0.099781, quasisymmetry = 0.301210, mirror = 0.000000 with aspect ratio=7.978075 took 142.613279s
03:57:55 - Growth rate = 0.099872, quasisymmetry = 0.302732, mirror = 0.000000 with aspect ratio=7.978076 took 142.585548s
03:57:55 - Growth rate = 0.099919, quasisymmetry = 0.298279, mirror = 0.000000 with aspect ratio=7.978033 took 142.768851s
03:57:55 - Growth rate = 0.102364, quasisymmetry = 0.291835, mirror = 0.000000 with aspect ratio=7.977803 took 142.828377s
03:57:55 - Growth rate = 0.101069, quasisymmetry = 0.301449, mirror = 0.000000 with aspect ratio=7.978072 took 142.860119s
03:57:55 - Growth rate = 0.099913, quasisymmetry = 0.300298, mirror = 0.000000 with aspect ratio=7.978153 took 142.872641s
03:57:56 - Growth rate = 0.099851, quasisymmetry = 0.300271, mirror = 0.000000 with aspect ratio=7.978088 took 143.023559s
03:57:56 - Growth rate = 0.100046, quasisymmetry = 0.300632, mirror = 0.000000 with aspect ratio=7.978085 took 143.126401s
03:57:56 - Growth rate = 0.099694, quasisymmetry = 0.300406, mirror = 0.000000 with aspect ratio=7.978081 took 143.133371s
03:57:56 - Growth rate = 0.099901, quasisymmetry = 0.297780, mirror = 0.000000 with aspect ratio=7.978090 took 143.301384s
03:57:56 - Growth rate = 0.099899, quasisymmetry = 0.298366, mirror = 0.000000 with aspect ratio=7.978081 took 143.370305s
03:57:56 - Growth rate = 0.103586, quasisymmetry = 0.278545, mirror = 0.000000 with aspect ratio=7.979505 took 143.717766s
03:57:56 - Growth rate = 0.100163, quasisymmetry = 0.299585, mirror = 0.000000 with aspect ratio=7.978040 took 143.880314s
03:57:56 - Growth rate = 0.100036, quasisymmetry = 0.300815, mirror = 0.000000 with aspect ratio=7.978086 took 143.873263s
03:57:56 - Growth rate = 0.109465, quasisymmetry = 0.276700, mirror = 0.000000 with aspect ratio=8.049990 took 144.342257s
03:57:57 - Growth rate = 0.100050, quasisymmetry = 0.300257, mirror = 0.000000 with aspect ratio=7.978618 took 144.153968s
03:57:57 - Growth rate = 0.100030, quasisymmetry = 0.300496, mirror = 0.000000 with aspect ratio=7.978034 took 144.531453s
03:57:57 - Growth rate = 0.100151, quasisymmetry = 0.300136, mirror = 0.000000 with aspect ratio=7.978076 took 144.816800s
03:57:58 - Growth rate = 0.100413, quasisymmetry = 0.300017, mirror = 0.000000 with aspect ratio=7.978077 took 144.988128s
03:57:58 - Growth rate = 0.100070, quasisymmetry = 0.305340, mirror = 0.000000 with aspect ratio=7.978070 took 145.364743s
03:57:58 - Growth rate = 0.099835, quasisymmetry = 0.299940, mirror = 0.000000 with aspect ratio=7.978069 took 145.452276s
03:57:58 - Growth rate = 0.099789, quasisymmetry = 0.300125, mirror = 0.000000 with aspect ratio=7.977986 took 145.463686s
03:57:58 - Growth rate = 0.100544, quasisymmetry = 0.301349, mirror = 0.000000 with aspect ratio=7.978077 took 145.606920s
03:57:58 - Growth rate = 0.104749, quasisymmetry = 0.304901, mirror = 0.000000 with aspect ratio=7.978077 took 145.666067s
03:57:58 - Growth rate = 0.099972, quasisymmetry = 0.299395, mirror = 0.000000 with aspect ratio=7.978097 took 145.775018s
03:57:58 - Growth rate = 0.099796, quasisymmetry = 0.300517, mirror = 0.000000 with aspect ratio=7.978071 took 145.839204s
03:57:58 - Growth rate = 0.099833, quasisymmetry = 0.298007, mirror = 0.000000 with aspect ratio=7.978074 took 145.850767s
03:57:58 - Growth rate = 0.104794, quasisymmetry = 0.301577, mirror = 0.000000 with aspect ratio=7.978077 took 145.929224s
03:57:59 - Growth rate = 0.099991, quasisymmetry = 0.292487, mirror = 0.000000 with aspect ratio=7.978076 took 146.182650s
03:57:59 - Growth rate = 0.099821, quasisymmetry = 0.295216, mirror = 0.000000 with aspect ratio=7.978029 took 146.300651s
03:57:59 - Growth rate = 0.099535, quasisymmetry = 0.304620, mirror = 0.000000 with aspect ratio=7.978077 took 146.354730s
03:57:59 - Growth rate = 0.099979, quasisymmetry = 0.301471, mirror = 0.000000 with aspect ratio=7.978091 took 146.765817s
03:58:00 - Growth rate = 0.099918, quasisymmetry = 0.300194, mirror = 0.000000 with aspect ratio=7.978079 took 147.229874s
03:58:01 - Growth rate = 0.099757, quasisymmetry = 0.301325, mirror = 0.000000 with aspect ratio=7.978122 took 147.964089s
04:00:10 - Growth rate = 0.099873, quasisymmetry = 0.299848, mirror = 0.000000 with aspect ratio=7.977642 took 134.108782s
04:00:12 - Growth rate = 0.101257, quasisymmetry = 0.296707, mirror = 0.000000 with aspect ratio=7.978159 took 134.557550s
04:00:12 - Growth rate = 0.095935, quasisymmetry = 0.500573, mirror = 0.000000 with aspect ratio=7.721133 took 133.353238s
04:00:12 - Growth rate = 0.099908, quasisymmetry = 0.299023, mirror = 0.000000 with aspect ratio=7.978081 took 134.207944s
04:00:13 - Growth rate = 0.099973, quasisymmetry = 0.300051, mirror = 0.000000 with aspect ratio=7.978021 took 134.512358s
04:00:13 - Growth rate = 0.100763, quasisymmetry = 0.295275, mirror = 0.000000 with aspect ratio=7.978079 took 135.393822s
04:00:13 - Growth rate = 0.100253, quasisymmetry = 0.300646, mirror = 0.000000 with aspect ratio=7.978082 took 134.739933s
04:00:13 - Growth rate = 0.100231, quasisymmetry = 0.300870, mirror = 0.000000 with aspect ratio=7.978152 took 134.173282s
04:00:13 - Growth rate = 0.100728, quasisymmetry = 0.298280, mirror = 0.000000 with aspect ratio=7.978082 took 134.688217s
04:00:13 - Growth rate = 0.100470, quasisymmetry = 0.300407, mirror = 0.000000 with aspect ratio=7.977996 took 134.582859s
04:00:14 - Growth rate = 0.099947, quasisymmetry = 0.300215, mirror = 0.000000 with aspect ratio=7.978068 took 134.285604s
04:00:14 - Growth rate = 0.099923, quasisymmetry = 0.300006, mirror = 0.000000 with aspect ratio=7.978078 took 133.902719s
04:00:15 - Growth rate = 0.099907, quasisymmetry = 0.301373, mirror = 0.000000 with aspect ratio=7.978075 took 134.688811s
04:00:15 - Growth rate = 0.100038, quasisymmetry = 0.298346, mirror = 0.000000 with aspect ratio=7.978038 took 134.324020s
04:00:15 - Growth rate = 0.100135, quasisymmetry = 0.300747, mirror = 0.000000 with aspect ratio=7.978083 took 134.614767s
04:00:15 - Growth rate = 0.100182, quasisymmetry = 0.300681, mirror = 0.000000 with aspect ratio=7.978076 took 134.857633s
04:00:16 - Growth rate = 0.100182, quasisymmetry = 0.300222, mirror = 0.000000 with aspect ratio=7.978075 took 134.102879s
04:00:16 - Growth rate = 0.100186, quasisymmetry = 0.300418, mirror = 0.000000 with aspect ratio=7.978040 took 134.186836s
04:00:16 - Growth rate = 0.100038, quasisymmetry = 0.300980, mirror = 0.000000 with aspect ratio=7.978570 took 134.724256s
04:00:16 - Growth rate = 0.100329, quasisymmetry = 0.302757, mirror = 0.000000 with aspect ratio=7.978076 took 135.275573s
04:00:16 - Growth rate = 0.104454, quasisymmetry = 0.300066, mirror = 0.000000 with aspect ratio=7.978086 took 134.254797s
04:00:17 - Growth rate = 0.100258, quasisymmetry = 0.301444, mirror = 0.000000 with aspect ratio=7.978077 took 134.310251s
04:00:17 - Growth rate = 0.099921, quasisymmetry = 0.299050, mirror = 0.000000 with aspect ratio=7.978014 took 134.101584s
04:00:18 - Growth rate = 0.100054, quasisymmetry = 0.299837, mirror = 0.000000 with aspect ratio=7.978055 took 134.607008s
04:00:18 - Growth rate = 0.102335, quasisymmetry = 0.300170, mirror = 0.000000 with aspect ratio=7.978636 took 134.295925s
04:00:18 - Growth rate = 0.104561, quasisymmetry = 0.303796, mirror = 0.000000 with aspect ratio=7.978078 took 134.778607s
04:00:18 - Growth rate = 0.100020, quasisymmetry = 0.300385, mirror = 0.000000 with aspect ratio=7.978077 took 134.705561s
04:00:18 - Growth rate = 0.099883, quasisymmetry = 0.301099, mirror = 0.000000 with aspect ratio=7.978071 took 134.564429s
04:00:18 - Growth rate = 0.104104, quasisymmetry = 0.305069, mirror = 0.000000 with aspect ratio=7.978083 took 134.377416s
04:00:18 - Growth rate = 0.103380, quasisymmetry = 0.302392, mirror = 0.000000 with aspect ratio=7.978055 took 134.428002s
04:00:18 - Growth rate = 0.099780, quasisymmetry = 0.300190, mirror = 0.000000 with aspect ratio=7.978092 took 134.376726s
04:00:19 - Growth rate = 0.100203, quasisymmetry = 0.300415, mirror = 0.000000 with aspect ratio=7.978085 took 134.541589s
   Iteration     Total nfev        Cost      Cost reduction    Step norm     Optimality   
       0              1         5.1545e+00                                    4.76e+03    
04:02:34 - Growth rate = 0.273675, quasisymmetry = 3.527268, mirror = 0.000000 with aspect ratio=7.651112 took 126.144383s
04:04:44 - Growth rate = 0.175757, quasisymmetry = 0.045536, mirror = 0.000000 with aspect ratio=8.016168 took 125.396281s
04:06:55 - Growth rate = 0.117862, quasisymmetry = 0.099217, mirror = 0.000000 with aspect ratio=8.011059 took 127.154383s
04:09:07 - Growth rate = 0.103210, quasisymmetry = 0.213131, mirror = 0.000000 with aspect ratio=7.979580 took 127.106165s
04:11:22 - Growth rate = 0.101811, quasisymmetry = 0.300085, mirror = 0.000000 with aspect ratio=7.977632 took 129.129867s
04:13:35 - Growth rate = 0.100357, quasisymmetry = 0.299226, mirror = 0.000000 with aspect ratio=7.977965 took 128.116555s
04:15:49 - Growth rate = 0.100143, quasisymmetry = 0.300094, mirror = 0.000000 with aspect ratio=7.978049 took 128.769299s
04:18:02 - Growth rate = 0.100078, quasisymmetry = 0.300381, mirror = 0.000000 with aspect ratio=7.978070 took 127.655081s
04:20:17 - Growth rate = 0.100050, quasisymmetry = 0.300457, mirror = 0.000000 with aspect ratio=7.978075 took 130.619751s
04:22:31 - Growth rate = 0.100043, quasisymmetry = 0.300476, mirror = 0.000000 with aspect ratio=7.978077 took 128.752413s
04:24:47 - Growth rate = 0.100041, quasisymmetry = 0.300481, mirror = 0.000000 with aspect ratio=7.978077 took 130.248643s
04:27:01 - Growth rate = 0.100040, quasisymmetry = 0.300482, mirror = 0.000000 with aspect ratio=7.978077 took 129.642056s
04:29:14 - Growth rate = 0.100040, quasisymmetry = 0.300483, mirror = 0.000000 with aspect ratio=7.978077 took 127.886461s
04:31:28 - Growth rate = 0.100040, quasisymmetry = 0.300483, mirror = 0.000000 with aspect ratio=7.978077 took 128.202048s
       1             15         5.1545e+00      0.00e+00       0.00e+00       4.76e+03    
`xtol` termination condition is satisfied.
Function evaluations 15, initial cost 5.1545e+00, final cost 5.1545e+00, first-order optimality 4.76e+03.
Final aspect ratio: 7.978077047964365
Final mean iota: -0.8684575902861025
Final magnetic well: -0.10808600758030446
Final quasisymmetry: 0.3004826094940239
Final growth rate: 0.1000403273570719
 - - - - - - - - - - - - - - - - - - - - - - - - - - - - - - - - -
  SEQ =    1 TIME SLICE  0.0000E+00
  PROCESSING INPUT.final
  THIS IS PARVMEC (PARALLEL VMEC), VERSION 9.0
  Lambda: Full Radial Mesh. L-Force: hybrid full/half.

  COMPUTER:    OS:    RELEASE:   DATE = Dec 21,2022  TIME = 04:33:42

  NS =   16 NO. FOURIER MODES =   72 FTOLV =  1.000E-12 NITER =   4000
  PROCESSOR COUNT - RADIAL:    1
 INITIAL JACOBIAN CHANGED SIGN!
 TRYING TO IMPROVE INITIAL MAGNETIC AXIS GUESS
  ---- Improved AXIS Guess ----
      RAXIS_CC =   0.99869320632438385       0.11907988054985759        1.6901806445355762E-004  -2.7190107060103574E-003   5.9588748989966166E-004  -9.7137505417814452E-004   2.0782958554043174E-004
      ZAXIS_CS =   -0.0000000000000000       0.11019756344971104       -3.7146934753306627E-003  -3.9004051063849577E-003  -1.0424126657665460E-003  -1.2185368174643782E-003   1.0147637128398561E-003
  -----------------------------

  ITER    FSQR      FSQZ      FSQL    RAX(v=0)    DELT       WMHD

    1  1.59E-02  9.04E-03  3.27E-02  1.115E+00  9.00E-01  1.5486E-01
  200  1.24E-08  2.14E-09  1.57E-09  1.106E+00  9.00E-01  1.5167E-01
  400  2.31E-10  4.70E-11  1.44E-11  1.106E+00  9.00E-01  1.5167E-01
  600  2.73E-12  5.48E-13  2.47E-13  1.106E+00  9.00E-01  1.5167E-01
  651  9.83E-13  2.22E-13  7.46E-14  1.106E+00  9.00E-01  1.5167E-01

  NS =   51 NO. FOURIER MODES =   72 FTOLV =  1.000E-13 NITER =  10000
  PROCESSOR COUNT - RADIAL:    1

  ITER    FSQR      FSQZ      FSQL    RAX(v=0)    DELT       WMHD

    1  2.94E-03  1.28E-03  4.25E-06  1.106E+00  9.00E-01  1.5167E-01
  200  1.61E-09  4.12E-10  1.42E-11  1.106E+00  9.00E-01  1.5167E-01
  400  4.45E-11  9.42E-12  6.58E-13  1.106E+00  9.00E-01  1.5167E-01
  600  3.84E-12  1.34E-12  2.03E-13  1.106E+00  9.00E-01  1.5167E-01
  800  7.65E-13  4.09E-13  6.10E-14  1.106E+00  9.00E-01  1.5167E-01
 1000  3.36E-13  8.43E-14  1.79E-14  1.106E+00  9.00E-01  1.5167E-01
 1163  9.87E-14  2.90E-14  6.59E-15  1.106E+00  9.00E-01  1.5167E-01

  NS =  101 NO. FOURIER MODES =   72 FTOLV =  1.000E-14 NITER =   4000
  PROCESSOR COUNT - RADIAL:    1

  ITER    FSQR      FSQZ      FSQL    RAX(v=0)    DELT       WMHD

    1  4.72E-03  1.79E-03  1.60E-07  1.106E+00  9.00E-01  1.5167E-01
  200  2.16E-08  7.55E-09  1.14E-12  1.106E+00  7.54E-01  1.5167E-01
  400  1.67E-10  3.85E-11  1.04E-13  1.106E+00  7.54E-01  1.5167E-01
  600  1.87E-11  4.37E-12  4.55E-14  1.106E+00  7.54E-01  1.5167E-01
  800  5.72E-12  1.23E-12  1.68E-14  1.106E+00  7.54E-01  1.5167E-01
 1000  2.01E-12  3.64E-13  4.22E-15  1.106E+00  7.54E-01  1.5167E-01
 1200  2.72E-13  5.19E-14  1.42E-15  1.106E+00  7.54E-01  1.5167E-01
 1400  1.20E-13  2.20E-14  4.66E-16  1.106E+00  7.54E-01  1.5167E-01
 1600  2.37E-14  4.85E-15  1.38E-16  1.106E+00  7.54E-01  1.5167E-01
 1667  9.95E-15  2.89E-15  9.14E-17  1.106E+00  7.54E-01  1.5167E-01

 EXECUTION TERMINATED NORMALLY

 FILE : final_000_000000
 NUMBER OF JACOBIAN RESETS =    0

    TOTAL COMPUTATIONAL TIME (SEC)        22.31
    TIME TO INPUT/OUTPUT                   0.03
       READ IN DATA                        0.00
       WRITE OUT DATA TO WOUT              0.03
    TIME IN FUNCT3D                       22.14
       BCOVAR FIELDS                       3.18
       FOURIER TRANSFORM                   4.79
       INVERSE FOURIER TRANSFORM           4.50
       FORCES AND SYMMETRIZE               3.65
       RESIDUE                             3.91
       EQFORCE                             0.00
nfp:  4
ns:  101
mpol:  6
ntor:  6
Aminor_p:  0.12493611165080959
Rmajor_p:  0.9967499248232372
aspect:             7.978077047964365
Rmajor_p/Aminor_p:  7.978077047964365
betatotal:  0.0
betapol:    0.0
betator:    0.0
betaxis:    0.0
ctor:    2.9680034471790684e-11
bmnc.shape: (101, 162)
bmns.shape: (101, 162)
No module named 'mayavi'
Creating Boozer class for vmec_final
Defining surfaces where to compute Boozer coordinates
 booz_surfaces=[0.  0.1 0.2 0.3 0.4 0.5 0.6 0.7 0.8 0.9]
Running BOOZ_XFORM
mnmax: 72  len(xm): 72  len(xn): 72
mnmax_nyq: 162  len(xm_nyq): 162  len(xn_nyq): 162
Read ns=101, mpol=6, ntor=6, mnmax=72, mnmax_nyq=162
compute_surfs (0-based indices):  0 10 20 30 39 49 60 70 79 89
Initializing with mboz=64, nboz=64
ntheta = 258, nzeta = 258, # threads = 24
                   |        outboard (theta=0)      |      inboard (theta=pi)      |
thread js_b js zeta| |B|input  |B|Boozer    Error   | |B|input  |B|Boozer    Error |
------------------------------------------------------------------------------------
   0     0   0   0  1.058e+00  1.058e+00  9.653e-15  1.079e+00  1.079e+00  3.539e-14
                pi  1.003e+00  1.003e+00  1.483e-14  9.854e-01  9.854e-01  7.323e-15
   9     9  89   0  9.430e-01  9.430e-01  1.460e-14  1.214e+00  1.214e+00  1.098e-14
                pi  1.053e+00  1.053e+00  1.855e-14  7.972e-01  7.972e-01  7.799e-15
   6     6  60   0  9.625e-01  9.625e-01  9.113e-15  1.189e+00  1.189e+00  2.820e-14
                pi  1.050e+00  1.050e+00  6.553e-15  8.474e-01  8.474e-01  1.926e-14
   5     5  49   0  9.715e-01  9.715e-01  9.028e-15  1.178e+00  1.178e+00  2.526e-14
                pi  1.048e+00  1.048e+00  1.504e-14  8.666e-01  8.666e-01  2.165e-14
   7     7  70   0  9.551e-01  9.551e-01  1.546e-14  1.198e+00  1.198e+00  9.080e-15
                pi  1.052e+00  1.052e+00  7.601e-15  8.302e-01  8.302e-01  1.217e-14
   4     4  39   0  9.810e-01  9.810e-01  1.030e-14  1.166e+00  1.166e+00  1.085e-14
                pi  1.046e+00  1.046e+00  2.336e-15  8.847e-01  8.847e-01  4.894e-15
   1     1  10   0  1.022e+00  1.022e+00  8.042e-15  1.118e+00  1.118e+00  1.569e-14
                pi  1.028e+00  1.028e+00  5.186e-15  9.462e-01  9.462e-01  1.185e-14
   3     3  30   0  9.908e-01  9.908e-01  9.300e-15  1.154e+00  1.154e+00  1.231e-14
                pi  1.042e+00  1.042e+00  2.983e-15  9.017e-01  9.017e-01  1.182e-14
   8     8  79   0  9.491e-01  9.491e-01  2.690e-15  1.206e+00  1.206e+00  1.289e-14
                pi  1.052e+00  1.052e+00  1.899e-15  8.147e-01  8.147e-01  1.295e-14
   2     2  20   0  1.004e+00  1.004e+00  8.625e-15  1.138e+00  1.138e+00  8.582e-15
                pi  1.037e+00  1.037e+00  7.497e-15  9.223e-01  9.223e-01  3.250e-15
Writing output to /marconi_scratch/userexternal/rjorge00/some_optimizations/GS2_SIMSOPT_ITG/output_MAXITER350_least_squares_nfp4_QH_QH_qlweight1000.000/boozmn_single_stage.nc
Plot BOOZ_XFORM
Whole optimization took 13317.824461s
