Initial aspect ratio: 8.032497901971727
Initial mean iota: -0.9073732888245726
Initial magnetic well: -0.11352199535921875
Initial growth rate: 0.11601592753249647
## Now calculating total objective function ##
11:32:40 - Growth rate = 0.116016, quasisymmetry = 0.140462, mirror = 0.000000 with aspect ratio=8.032498 took 125.452720s
Total objective before optimization: 0.814503226306937
-------------------------
Optimizing with max_mode = 1
-------------------------
11:34:52 - Growth rate = 0.116016, quasisymmetry = 0.140462, mirror = 0.000000 with aspect ratio=8.032498 took 127.883952s
11:37:05 - Growth rate = 0.116016, quasisymmetry = 0.140462, mirror = 0.000000 with aspect ratio=8.032498 took 127.672189s
11:39:16 - Growth rate = 0.116016, quasisymmetry = 0.140462, mirror = 0.000000 with aspect ratio=8.032498 took 127.467094s
11:41:30 - Growth rate = 0.113883, quasisymmetry = 0.144538, mirror = 0.000000 with aspect ratio=8.032150 took 129.217218s
11:41:31 - Growth rate = 0.116444, quasisymmetry = 0.144605, mirror = 0.000000 with aspect ratio=8.032498 took 129.657547s
11:41:31 - Growth rate = 0.113019, quasisymmetry = 0.177355, mirror = 0.000000 with aspect ratio=7.872978 took 129.777546s
11:41:31 - Growth rate = 0.113293, quasisymmetry = 0.180208, mirror = 0.000000 with aspect ratio=7.889081 took 130.123699s
11:41:31 - Growth rate = 0.118153, quasisymmetry = 0.140579, mirror = 0.000000 with aspect ratio=8.033010 took 130.073717s
11:41:31 - Growth rate = 0.120803, quasisymmetry = 0.169639, mirror = 0.000000 with aspect ratio=8.077153 took 130.426098s
11:41:31 - Growth rate = 0.116585, quasisymmetry = 0.140560, mirror = 0.000000 with aspect ratio=8.032961 took 130.267226s
11:41:31 - Growth rate = 0.116661, quasisymmetry = 0.171769, mirror = 0.000000 with aspect ratio=8.005431 took 130.541347s
   Iteration     Total nfev        Cost      Cost reduction    Step norm     Optimality   
       0              1         4.0725e-01                                    1.24e+02    
11:43:44 - Growth rate = 0.119620, quasisymmetry = 0.146835, mirror = 0.000000 with aspect ratio=8.013071 took 128.249290s
11:45:57 - Growth rate = 0.112512, quasisymmetry = 0.183842, mirror = 0.000000 with aspect ratio=8.001595 took 128.343828s
11:48:10 - Growth rate = 0.116180, quasisymmetry = 0.151617, mirror = 0.000000 with aspect ratio=8.023398 took 127.332587s
11:50:26 - Growth rate = 0.113988, quasisymmetry = 0.141391, mirror = 0.000000 with aspect ratio=8.030227 took 131.747952s
11:52:38 - Growth rate = 0.113988, quasisymmetry = 0.141391, mirror = 0.000000 with aspect ratio=8.030227 took 126.999622s
11:54:51 - Growth rate = 0.115017, quasisymmetry = 0.143902, mirror = 0.000000 with aspect ratio=8.029841 took 128.915499s
11:54:52 - Growth rate = 0.113719, quasisymmetry = 0.146593, mirror = 0.000000 with aspect ratio=8.030227 took 129.879747s
11:54:52 - Growth rate = 0.115294, quasisymmetry = 0.140847, mirror = 0.000000 with aspect ratio=8.030740 took 130.004375s
11:54:52 - Growth rate = 0.117304, quasisymmetry = 0.186144, mirror = 0.000000 with aspect ratio=7.870794 took 129.998855s
11:54:53 - Growth rate = 0.119176, quasisymmetry = 0.161900, mirror = 0.000000 with aspect ratio=8.074836 took 130.478261s
11:54:53 - Growth rate = 0.114436, quasisymmetry = 0.141283, mirror = 0.000000 with aspect ratio=8.030695 took 130.306276s
11:54:53 - Growth rate = 0.112494, quasisymmetry = 0.172837, mirror = 0.000000 with aspect ratio=7.886910 took 130.374958s
11:54:53 - Growth rate = 0.114997, quasisymmetry = 0.164518, mirror = 0.000000 with aspect ratio=8.003197 took 130.880257s
       1              5         3.9599e-01      1.13e-02       2.22e-04       7.11e+01    
