/var/spool/slurmd/job10734047/slurm_script: line 13: cd: nonlinear_nfp2_QA_final_ln1.0_lt3.0: No such file or directory

Program aborted. Backtrace:

Program aborted. Backtrace:

Program aborted. Backtrace:

Program aborted. Backtrace:

Program aborted. Backtrace:

Program aborted. Backtrace:

Program aborted. Backtrace:

Program aborted. Backtrace:

Program aborted. Backtrace:

Program aborted. Backtrace:

Program aborted. Backtrace:

Program aborted. Backtrace:

Program aborted. Backtrace:

Program aborted. Backtrace:

Program aborted. Backtrace:

Program aborted. Backtrace:

Program aborted. Backtrace:

Program aborted. Backtrace:

Program aborted. Backtrace:

Program aborted. Backtrace:

Program aborted. Backtrace:

Program aborted. Backtrace:

Program aborted. Backtrace:

Program aborted. Backtrace:

Program aborted. Backtrace:

Program aborted. Backtrace:

Program aborted. Backtrace:

Program aborted. Backtrace:

Program aborted. Backtrace:

Program aborted. Backtrace:

Program aborted. Backtrace:

Program aborted. Backtrace:

Program aborted. Backtrace:

Program aborted. Backtrace:

Program aborted. Backtrace:

Program aborted. Backtrace:

Program aborted. Backtrace:

Program aborted. Backtrace:

Program aborted. Backtrace:

Program aborted. Backtrace:

Program aborted. Backtrace:

Program aborted. Backtrace:

Program aborted. Backtrace:

Program aborted. Backtrace:

Program aborted. Backtrace:

Program aborted. Backtrace:

Program aborted. Backtrace:

Program aborted. Backtrace:

Program aborted. Backtrace:

Program aborted. Backtrace:

Program aborted. Backtrace:

Program aborted. Backtrace:

Program aborted. Backtrace:

Program aborted. Backtrace:

Program aborted. Backtrace:

Program aborted. Backtrace:

Program aborted. Backtrace:

Program aborted. Backtrace:

Program aborted. Backtrace:

Program aborted. Backtrace:

Program aborted. Backtrace:

Program aborted. Backtrace:

Program aborted. Backtrace:

Program aborted. Backtrace:

Program aborted. Backtrace:

Program aborted. Backtrace:

Program aborted. Backtrace:

Program aborted. Backtrace:

Program aborted. Backtrace:

Program aborted. Backtrace:

Program aborted. Backtrace:

Program aborted. Backtrace:

Program aborted. Backtrace:

Program aborted. Backtrace:

Program aborted. Backtrace:

Program aborted. Backtrace:

Program aborted. Backtrace:

Program aborted. Backtrace:

Program aborted. Backtrace:

Program aborted. Backtrace:

Program aborted. Backtrace:

Program aborted. Backtrace:

Program aborted. Backtrace:

Program aborted. Backtrace:

Program aborted. Backtrace:

Program aborted. Backtrace:

Program aborted. Backtrace:

Program aborted. Backtrace:

Program aborted. Backtrace:

Program aborted. Backtrace:

Program aborted. Backtrace:

Program aborted. Backtrace:

Program aborted. Backtrace:

Program aborted. Backtrace:

Program aborted. Backtrace:

Program aborted. Backtrace:

Program aborted. Backtrace:

Program aborted. Backtrace:

Program aborted. Backtrace:

Program aborted. Backtrace:

Program aborted. Backtrace:

Program aborted. Backtrace:

Program aborted. Backtrace:

Program aborted. Backtrace:

Program aborted. Backtrace:

Program aborted. Backtrace:

Program aborted. Backtrace:

Program aborted. Backtrace:

Program aborted. Backtrace:

Program aborted. Backtrace:

Program aborted. Backtrace:

Program aborted. Backtrace:

Program aborted. Backtrace:

Program aborted. Backtrace:

Program aborted. Backtrace:

Program aborted. Backtrace:

Program aborted. Backtrace:

Program aborted. Backtrace:

Program aborted. Backtrace:

Program aborted. Backtrace:

Program aborted. Backtrace:

Program aborted. Backtrace:

Program aborted. Backtrace:

Program aborted. Backtrace:

Program aborted. Backtrace:

Program aborted. Backtrace:

Program aborted. Backtrace:

Program aborted. Backtrace:

Program aborted. Backtrace:

Program aborted. Backtrace:

Program aborted. Backtrace:

Program aborted. Backtrace:

Program aborted. Backtrace:

Program aborted. Backtrace:

Program aborted. Backtrace:

Program aborted. Backtrace:

Program aborted. Backtrace:

Program aborted. Backtrace:

Program aborted. Backtrace:

Program aborted. Backtrace:

Program aborted. Backtrace:

Program aborted. Backtrace:

Program aborted. Backtrace:

Program aborted. Backtrace:

Program aborted. Backtrace:

Program aborted. Backtrace:

Program aborted. Backtrace:

Program aborted. Backtrace:

Program aborted. Backtrace:

Program aborted. Backtrace:

Program aborted. Backtrace:

Program aborted. Backtrace:

Program aborted. Backtrace:

Program aborted. Backtrace:

Program aborted. Backtrace:

Program aborted. Backtrace:

Program aborted. Backtrace:

Program aborted. Backtrace:

Program aborted. Backtrace:

Program aborted. Backtrace:

Program aborted. Backtrace:

Program aborted. Backtrace:

Program aborted. Backtrace:

Program aborted. Backtrace:

Program aborted. Backtrace:

Program aborted. Backtrace:

Program aborted. Backtrace:

Program aborted. Backtrace:

Program aborted. Backtrace:

Program aborted. Backtrace:

Program aborted. Backtrace:

Program aborted. Backtrace:
#0  0x7c75bd in ???
#1  0x5ffda1 in ???
#2  0x6007af in ???
#3  0x6e08fa in ???
#4  0x6e651b in ???
#5  0x64d992 in ???
#6  0x4061fc in ???
#0  0x7c75bd in ???
#1  0x5ffda1 in ???
#2  0x6007af in ???

Program aborted. Backtrace:
#0  0x7c75bd in ???
#1  0x5ffda1 in ???
#2  0x6007af in ???
#3  0x6e08fa in ???
#4  0x6e651b in ???
#5  0x64d992 in ???
#6  0x4061fc in ???
#3  0x6e08fa in ???
#4  0x6e651b in ???
#5  0x64d992 in ???
#6  0x4061fc in ???
#0  0x7c75bd in ???
#1  0x5ffda1 in ???
#2  0x6007af in ???
#3  0x6e08fa in ???
#4  0x6e651b in ???
#5  0x64d992 in ???
#6  0x4061fc in ???
#7  0x2ad99f4f6b34 in ???
#8  0x40622c in ???
#9  0xffffffffffffffff in ???
#7  0x2aed6dda7b34 in ???
#8  0x40622c in ???
#9  0xffffffffffffffff in ???
#7  0x2b5c0a5c8b34 in ???
#8  0x40622c in ???
#9  0xffffffffffffffff in ???
#7  0x2ac30d4dfb34 in ???
#8  0x40622c in ???
#9  0xffffffffffffffff in ???
#0  0x7c75bd in ???
#1  0x5ffda1 in ???
#2  0x6007af in ???
#3  0x6e08fa in ???
#4  0x6e651b in ???
#5  0x64d992 in ???
#6  0x4061fc in ???
#7  0x2b5bc0a61b34 in ???
#8  0x40622c in ???
#9  0xffffffffffffffff in ???
#0  0x7c75bd in ???
#1  0x5ffda1 in ???
#2  0x6007af in ???
#3  0x6e08fa in ???
#4  0x6e651b in ???
#5  0x64d992 in ???
#6  0x4061fc in ???
#7  0x2b0faac5bb34 in ???
#8  0x40622c in ???
#9  0xffffffffffffffff in ???
#0  0x7c75bd in ???
#1  0x5ffda1 in ???
#2  0x6007af in ???
#3  0x6e08fa in ???
#4  0x6e651b in ???
#5  0x64d992 in ???
#6  0x4061fc in ???
#7  0x2b8854b70b34 in ???
#8  0x40622c in ???
#9  0xffffffffffffffff in ???
#0  0x7c75bd in ???
#1  0x5ffda1 in ???
#2  0x6007af in ???
#3  0x6e08fa in ???
#4  0x6e651b in ???
#5  0x64d992 in ???
#6  0x4061fc in ???
#0  0x7c75bd in ???
#1  0x5ffda1 in ???
#2  0x6007af in ???
#3  0x6e08fa in ???
#7  0x2ad59d4b5b34 in ???
#8  0x40622c in ???
#9  0xffffffffffffffff in ???
#4  0x6e651b in ???
#5  0x64d992 in ???
#6  0x4061fc in ???
#7  0x2b1f7b0e9b34 in ???
#8  0x40622c in ???
#9  0xffffffffffffffff in ???
#0  0x7c75bd in ???
#1  0x5ffda1 in ???
#2  0x6007af in ???
#3  0x6e08fa in ???
#4  0x6e651b in ???
#5  0x64d992 in ???
#6  0x4061fc in ???
#7  0x2ace9eeb2b34 in ???
#8  0x40622c in ???
#9  0xffffffffffffffff in ???
#0  0x7c75bd in ???
#1  0x5ffda1 in ???
#2  0x6007af in ???
#3  0x6e08fa in ???
#4  0x6e651b in ???
#5  0x64d992 in ???
#6  0x4061fc in ???
#7  0x2ad19afd0b34 in ???
#8  0x40622c in ???
#9  0xffffffffffffffff in ???
#0  0x7c75bd in ???
#1  0x5ffda1 in ???
#2  0x6007af in ???
#3  0x6e08fa in ???
#4  0x6e651b in ???
#5  0x64d992 in ???
#6  0x4061fc in ???
#7  0x2acf5c4b0b34 in ???
#8  0x40622c in ???
#9  0xffffffffffffffff in ???
#0  0x7c75bd in ???
#1  0x5ffda1 in ???
#2  0x6007af in ???
#3  0x6e08fa in ???
#4  0x6e651b in ???
#5  0x64d992 in ???
#6  0x4061fc in ???
#7  0x2b58a98c7b34 in ???
#8  0x40622c in ???
#9  0xffffffffffffffff in ???
#0  0x7c75bd in ???
#1  0x5ffda1 in ???
#2  0x6007af in ???
#3  0x6e08fa in ???
#4  0x6e651b in ???
#5  0x64d992 in ???
#6  0x4061fc in ???
#7  0x2ace42d6eb34 in ???
#8  0x40622c in ???
#9  0xffffffffffffffff in ???
#0  0x7c75bd in ???
#1  0x5ffda1 in ???
#2  0x6007af in ???
#3  0x6e08fa in ???
#4  0x6e651b in ???
#5  0x64d992 in ???
#6  0x4061fc in ???
#7  0x2afb632a7b34 in ???
#8  0x40622c in ???
#9  0xffffffffffffffff in ???
#0  0x7c75bd in ???
#1  0x5ffda1 in ???
#2  0x6007af in ???
#3  0x6e08fa in ???
#4  0x6e651b in ???
#5  0x64d992 in ???
#6  0x4061fc in ???
#7  0x2b83ce390b34 in ???
#8  0x40622c in ???
#9  0xffffffffffffffff in ???
#0  0x7c75bd in ???
#1  0x5ffda1 in ???
#2  0x6007af in ???
#3  0x6e08fa in ???
#4  0x6e651b in ???
#5  0x64d992 in ???
#6  0x4061fc in ???
#7  0x2b160c646b34 in ???
#8  0x40622c in ???
#9  0xffffffffffffffff in ???
#0  0x7c75bd in ???
#1  0x5ffda1 in ???
#2  0x6007af in ???
#3  0x6e08fa in ???
#4  0x6e651b in ???
#5  0x64d992 in ???
#6  0x4061fc in ???
#7  0x2b5c74c9fb34 in ???
#8  0x40622c in ???
#9  0xffffffffffffffff in ???
#0  0x7c75bd in ???
#1  0x5ffda1 in ???
#2  0x6007af in ???
#3  0x6e08fa in ???
#4  0x6e651b in ???
#5  0x64d992 in ???
#6  0x4061fc in ???
#7  0x2ac16ee06b34 in ???
#8  0x40622c in ???
#9  0xffffffffffffffff in ???
#0  0x7c75bd in ???
#1  0x5ffda1 in ???
#2  0x6007af in ???
#3  0x6e08fa in ???
#4  0x6e651b in ???
#5  0x64d992 in ???
#6  0x4061fc in ???
#7  0x2b1b7c592b34 in ???
#8  0x40622c in ???
#9  0xffffffffffffffff in ???
#0  0x7c75bd in ???
#1  0x5ffda1 in ???
#2  0x6007af in ???
#3  0x6e08fa in ???
#4  0x6e651b in ???
#5  0x64d992 in ???
#6  0x4061fc in ???
#7  0x2b08a7e6fb34 in ???
#8  0x40622c in ???
#9  0xffffffffffffffff in ???
#0  0x7c75bd in ???
#1  0x5ffda1 in ???
#2  0x6007af in ???
#3  0x6e08fa in ???
#4  0x6e651b in ???
#5  0x64d992 in ???
#6  0x4061fc in ???
#7  0x2b5b214e9b34 in ???
#8  0x40622c in ???
#9  0xffffffffffffffff in ???
#0  0x7c75bd in ???
#1  0x5ffda1 in ???
#2  0x6007af in ???
#3  0x6e08fa in ???
#4  0x6e651b in ???
#5  0x64d992 in ???
#6  0x4061fc in ???
#7  0x2af13db9eb34 in ???
#8  0x40622c in ???
#9  0xffffffffffffffff in ???
#0  0x7c75bd in ???
#1  0x5ffda1 in ???
#2  0x6007af in ???
#3  0x6e08fa in ???
#4  0x6e651b in ???
#5  0x64d992 in ???
#6  0x4061fc in ???
#7  0x2ab3cfadbb34 in ???
#8  0x40622c in ???
#9  0xffffffffffffffff in ???
#0  0x7c75bd in ???
#1  0x5ffda1 in ???
#2  0x6007af in ???
#3  0x6e08fa in ???
#4  0x6e651b in ???
#5  0x64d992 in ???
#6  0x4061fc in ???
#7  0x2b7d8dc16b34 in ???
#8  0x40622c in ???
#9  0xffffffffffffffff in ???
#0  0x7c75bd in ???
#1  0x5ffda1 in ???
#2  0x6007af in ???
#3  0x6e08fa in ???
#4  0x6e651b in ???
#5  0x64d992 in ???
#6  0x4061fc in ???
#7  0x2b67023ecb34 in ???
#8  0x40622c in ???
#9  0xffffffffffffffff in ???
#0  0x7c75bd in ???
#1  0x5ffda1 in ???
#2  0x6007af in ???
#3  0x6e08fa in ???
#4  0x6e651b in ???
#5  0x64d992 in ???
#6  0x4061fc in ???
#7  0x2ab53a31cb34 in ???
#8  0x40622c in ???
#9  0xffffffffffffffff in ???
#0  0x7c75bd in ???
#1  0x5ffda1 in ???
#2  0x6007af in ???
#3  0x6e08fa in ???
#4  0x6e651b in ???
#5  0x64d992 in ???
#6  0x4061fc in ???
#7  0x2b4a1eb17b34 in ???
#0  0x7c75bd in ???
#1  0x5ffda1 in ???
#2  0x6007af in ???
#8  0x40622c in ???
#9  0xffffffffffffffff in ???
#3  0x6e08fa in ???
#4  0x6e651b in ???
#5  0x64d992 in ???
#6  0x4061fc in ???
#7  0x2b242a639b34 in ???
#8  0x40622c in ???
#9  0xffffffffffffffff in ???
#0  0x7c75bd in ???
#1  0x5ffda1 in ???
#2  0x6007af in ???
#3  0x6e08fa in ???
#4  0x6e651b in ???
#5  0x64d992 in ???
#6  0x4061fc in ???
#7  0x2ae25aeffb34 in ???
#8  0x40622c in ???
#9  0xffffffffffffffff in ???
#0  0x7c75bd in ???
#1  0x5ffda1 in ???
#2  0x6007af in ???
#3  0x6e08fa in ???
#4  0x6e651b in ???
#5  0x64d992 in ???
#6  0x4061fc in ???
#7  0x2b506cbd4b34 in ???
#8  0x40622c in ???
#9  0xffffffffffffffff in ???
#0  0x7c75bd in ???
#1  0x5ffda1 in ???
#2  0x6007af in ???
#3  0x6e08fa in ???
#4  0x6e651b in ???
#5  0x64d992 in ???
#6  0x4061fc in ???
#7  0x2b946e8d7b34 in ???
#8  0x40622c in ???
#9  0xffffffffffffffff in ???
#0  0x7c75bd in ???
#1  0x5ffda1 in ???
#2  0x6007af in ???
#3  0x6e08fa in ???
#4  0x6e651b in ???
#5  0x64d992 in ???
#6  0x4061fc in ???
#7  0x2ba904057b34 in ???
#8  0x40622c in ???
#9  0xffffffffffffffff in ???
#0  0x7c75bd in ???
#1  0x5ffda1 in ???
#2  0x6007af in ???
#3  0x6e08fa in ???
#4  0x6e651b in ???
#5  0x64d992 in ???
#6  0x4061fc in ???
#7  0x2b1b05db6b34 in ???
#8  0x40622c in ???
#9  0xffffffffffffffff in ???
#0  0x7c75bd in ???
#1  0x5ffda1 in ???
#2  0x6007af in ???
#3  0x6e08fa in ???
#4  0x6e651b in ???
#5  0x64d992 in ???
#6  0x4061fc in ???
#7  0x2af21e509b34 in ???
#8  0x40622c in ???
#9  0xffffffffffffffff in ???
#0  0x7c75bd in ???
#1  0x5ffda1 in ???
#2  0x6007af in ???
#3  0x6e08fa in ???
#4  0x6e651b in ???
#5  0x64d992 in ???
#6  0x4061fc in ???
#7  0x2ab345108b34 in ???
#8  0x40622c in ???
#9  0xffffffffffffffff in ???
#0  0x7c75bd in ???
#0  0x7c75bd in ???
#1  0x5ffda1 in ???
#2  0x6007af in ???
#3  0x6e08fa in ???
#4  0x6e651b in ???
#5  0x64d992 in ???
#6  0x4061fc in ???
#7  0x2b8459df6b34 in ???
#8  0x40622c in ???
#9  0xffffffffffffffff in ???
#1  0x5ffda1 in ???
#2  0x6007af in ???
#3  0x6e08fa in ???
#4  0x6e651b in ???
#5  0x64d992 in ???
#6  0x4061fc in ???
#7  0x2ad8d8693b34 in ???
#8  0x40622c in ???
#9  0xffffffffffffffff in ???
#0  0x7c75bd in ???
#1  0x5ffda1 in ???
#2  0x6007af in ???
#3  0x6e08fa in ???
#4  0x6e651b in ???
#5  0x64d992 in ???
#6  0x4061fc in ???
#7  0x2ac69bcacb34 in ???
#8  0x40622c in ???
#9  0xffffffffffffffff in ???
#0  0x7c75bd in ???
#1  0x5ffda1 in ???
#2  0x6007af in ???
#3  0x6e08fa in ???
#4  0x6e651b in ???
#5  0x64d992 in ???
#6  0x4061fc in ???
#7  0x2ad6dc1f8b34 in ???
#8  0x40622c in ???
#9  0xffffffffffffffff in ???
#0  0x7c75bd in ???
#1  0x5ffda1 in ???
#2  0x6007af in ???
#3  0x6e08fa in ???
#4  0x6e651b in ???
#5  0x64d992 in ???
#6  0x4061fc in ???
#7  0x2acc9307db34 in ???
#8  0x40622c in ???
#9  0xffffffffffffffff in ???
#0  0x7c75bd in ???
#1  0x5ffda1 in ???
#2  0x6007af in ???
#0  0x7c75bd in ???
#1  0x5ffda1 in ???
#2  0x6007af in ???
#3  0x6e08fa in ???
#4  0x6e651b in ???
#5  0x64d992 in ???
#6  0x4061fc in ???
#7  0x2b61a5eb8b34 in ???
#0  0x7c75bd in ???
#1  0x5ffda1 in ???
#2  0x6007af in ???
#3  0x6e08fa in ???
#4  0x6e651b in ???
#3  0x6e08fa in ???
#4  0x6e651b in ???
#5  0x64d992 in ???
#6  0x4061fc in ???
#7  0x2b5ee7a3bb34 in ???
#8  0x40622c in ???
#9  0xffffffffffffffff in ???
#8  0x40622c in ???
#9  0xffffffffffffffff in ???
#5  0x64d992 in ???
#6  0x4061fc in ???
#7  0x2ac9599feb34 in ???
#8  0x40622c in ???
#9  0xffffffffffffffff in ???
#0  0x7c75bd in ???
#1  0x5ffda1 in ???
#2  0x6007af in ???
#3  0x6e08fa in ???
#4  0x6e651b in ???
#5  0x64d992 in ???
#6  0x4061fc in ???
#7  0x2b02a506bb34 in ???
#8  0x40622c in ???
#9  0xffffffffffffffff in ???
#0  0x7c75bd in ???
#1  0x5ffda1 in ???
#2  0x6007af in ???
#3  0x6e08fa in ???
#4  0x6e651b in ???
#0  0x7c75bd in ???
#1  0x5ffda1 in ???
#2  0x6007af in ???
#3  0x6e08fa in ???
#4  0x6e651b in ???
#5  0x64d992 in ???
#6  0x4061fc in ???
#7  0x2aaaeca1fb34 in ???
#8  0x40622c in ???
#9  0xffffffffffffffff in ???
#5  0x64d992 in ???
#6  0x4061fc in ???
#7  0x2b64aa2bfb34 in ???
#8  0x40622c in ???
#9  0xffffffffffffffff in ???
#0  0x7c75bd in ???
#1  0x5ffda1 in ???
#2  0x6007af in ???
#3  0x6e08fa in ???
#4  0x6e651b in ???
#5  0x64d992 in ???
#6  0x4061fc in ???
#7  0x2ac6eda7ab34 in ???
#8  0x40622c in ???
#9  0xffffffffffffffff in ???

Program aborted. Backtrace:

Program aborted. Backtrace:

Program aborted. Backtrace:

Program aborted. Backtrace:
#0  0x7c75bd in ???
#1  0x5ffda1 in ???
#2  0x6007af in ???
#0  0x7c75bd in ???
#1  0x5ffda1 in ???
#2  0x6007af in ???
#3  0x6e08fa in ???
#4  0x6e651b in ???
#3  0x6e08fa in ???
#4  0x6e651b in ???
#5  0x64d992 in ???
#6  0x4061fc in ???
#5  0x64d992 in ???
#6  0x4061fc in ???
#0  0x7c75bd in ???
#0  0x7c75bd in ???
#1  0x5ffda1 in ???
#2  0x6007af in ???
#1  0x5ffda1 in ???
#2  0x6007af in ???
#3  0x6e08fa in ???
#4  0x6e651b in ???
#5  0x64d992 in ???
#6  0x4061fc in ???
#3  0x6e08fa in ???
#4  0x6e651b in ???
#5  0x64d992 in ???
#6  0x4061fc in ???
#0  0x7c75bd in ???
#1  0x5ffda1 in ???
#2  0x6007af in ???
#3  0x6e08fa in ???
#4  0x6e651b in ???
#5  0x64d992 in ???
#6  0x4061fc in ???
#0  0x7c75bd in ???
#1  0x5ffda1 in ???
#2  0x6007af in ???
#3  0x6e08fa in ???
#4  0x6e651b in ???
#5  0x64d992 in ???
#6  0x4061fc in ???
#0  0x7c75bd in ???
#1  0x5ffda1 in ???
#2  0x6007af in ???
#3  0x6e08fa in ???
#4  0x6e651b in ???
#5  0x64d992 in ???
#6  0x4061fc in ???
#7  0x2ac2642d2b34 in ???
#8  0x40622c in ???
#9  0xffffffffffffffff in ???
#7  0x2ad829476b34 in ???
#8  0x40622c in ???
#9  0xffffffffffffffff in ???
#7  0x2b8744a2fb34 in ???
#8  0x40622c in ???
#9  0xffffffffffffffff in ???
#7  0x2b78e32e1b34 in ???
#8  0x40622c in ???
#9  0xffffffffffffffff in ???
#7  0x2b352a0fab34 in ???
#8  0x40622c in ???
#9  0xffffffffffffffff in ???
#0  0x7c75bd in ???
#1  0x5ffda1 in ???
#2  0x6007af in ???
#3  0x6e08fa in ???
#4  0x6e651b in ???
#5  0x64d992 in ???
#6  0x4061fc in ???
#7  0x2ba584756b34 in ???
#8  0x40622c in ???
#9  0xffffffffffffffff in ???
#7  0x2b6266b40b34 in ???
#8  0x40622c in ???
#9  0xffffffffffffffff in ???
#7  0x2b7c16c57b34 in ???
#8  0x40622c in ???
#9  0xffffffffffffffff in ???
#0  0x7c75bd in ???
#1  0x5ffda1 in ???
#2  0x6007af in ???
#3  0x6e08fa in ???
#4  0x6e651b in ???
#5  0x64d992 in ???
#6  0x4061fc in ???
#7  0x2b58367beb34 in ???
#8  0x40622c in ???
#9  0xffffffffffffffff in ???
#0  0x7c75bd in ???
#1  0x5ffda1 in ???
#2  0x6007af in ???
#3  0x6e08fa in ???
#4  0x6e651b in ???
#5  0x64d992 in ???
#6  0x4061fc in ???
#7  0x2b4c0b899b34 in ???
#8  0x40622c in ???
#9  0xffffffffffffffff in ???
#0  0x7c75bd in ???
#1  0x5ffda1 in ???
#2  0x6007af in ???
#3  0x6e08fa in ???
#4  0x6e651b in ???
#5  0x64d992 in ???
#6  0x4061fc in ???
#7  0x2b8d8bb0bb34 in ???
#8  0x40622c in ???
#9  0xffffffffffffffff in ???
#0  0x7c75bd in ???
#1  0x5ffda1 in ???
#2  0x6007af in ???
#3  0x6e08fa in ???
#4  0x6e651b in ???
#5  0x64d992 in ???
#6  0x4061fc in ???
#7  0x2b1963c00b34 in ???
#8  0x40622c in ???
#9  0xffffffffffffffff in ???
#0  0x7c75bd in ???
#1  0x5ffda1 in ???
#2  0x6007af in ???
#3  0x6e08fa in ???
#4  0x6e651b in ???
#5  0x64d992 in ???
#6  0x4061fc in ???
#7  0x2b89a16bcb34 in ???
#8  0x40622c in ???
#9  0xffffffffffffffff in ???
#0  0x7c75bd in ???
#1  0x5ffda1 in ???
#2  0x6007af in ???
#3  0x6e08fa in ???
#4  0x6e651b in ???
#0  0x7c75bd in ???
#1  0x5ffda1 in ???
#2  0x6007af in ???
#5  0x64d992 in ???
#6  0x4061fc in ???
#7  0x2b440f5bfb34 in ???
#8  0x40622c in ???
#9  0xffffffffffffffff in ???
#3  0x6e08fa in ???
#4  0x6e651b in ???
#5  0x64d992 in ???
#6  0x4061fc in ???
#7  0x2ab841311b34 in ???
#8  0x40622c in ???
#9  0xffffffffffffffff in ???
#0  0x7c75bd in ???
#1  0x5ffda1 in ???
#2  0x6007af in ???
#3  0x6e08fa in ???
#4  0x6e651b in ???
#5  0x64d992 in ???
#6  0x4061fc in ???
#7  0x2acf6bb86b34 in ???
#8  0x40622c in ???
#9  0xffffffffffffffff in ???
#0  0x7c75bd in ???
#1  0x5ffda1 in ???
#2  0x6007af in ???
#3  0x6e08fa in ???
#4  0x6e651b in ???
#5  0x64d992 in ???
#6  0x4061fc in ???
#0  0x7c75bd in ???
#1  0x5ffda1 in ???
#2  0x6007af in ???
#3  0x6e08fa in ???
#4  0x6e651b in ???
#5  0x64d992 in ???
#6  0x4061fc in ???
#7  0x2ac4a04fab34 in ???
#8  0x40622c in ???
#9  0xffffffffffffffff in ???
#0  0x7c75bd in ???
#1  0x5ffda1 in ???
#2  0x6007af in ???
#3  0x6e08fa in ???
#4  0x6e651b in ???
#5  0x64d992 in ???
#6  0x4061fc in ???
#7  0x2acaffff4b34 in ???
#8  0x40622c in ???
#9  0xffffffffffffffff in ???
#7  0x2b4acb03db34 in ???
#8  0x40622c in ???
#9  0xffffffffffffffff in ???
#0  0x7c75bd in ???
#1  0x5ffda1 in ???
#2  0x6007af in ???
#3  0x6e08fa in ???
#4  0x6e651b in ???
#5  0x64d992 in ???
#6  0x4061fc in ???
#7  0x2aaab682ab34 in ???
#8  0x40622c in ???
#9  0xffffffffffffffff in ???
#0  0x7c75bd in ???
#1  0x5ffda1 in ???
#2  0x6007af in ???
#3  0x6e08fa in ???
#4  0x6e651b in ???
#5  0x64d992 in ???
#6  0x4061fc in ???
#7  0x2b3a1eb42b34 in ???
#8  0x40622c in ???
#9  0xffffffffffffffff in ???
#0  0x7c75bd in ???
#1  0x5ffda1 in ???
#2  0x6007af in ???
#3  0x6e08fa in ???
#4  0x6e651b in ???
#5  0x64d992 in ???
#6  0x4061fc in ???
#7  0x2b47f5eafb34 in ???
#8  0x40622c in ???
#9  0xffffffffffffffff in ???

Program aborted. Backtrace:
#0  0x7c75bd in ???
#1  0x5ffda1 in ???
#2  0x6007af in ???
#3  0x6e08fa in ???
#4  0x6e651b in ???
#5  0x64d992 in ???
#6  0x4061fc in ???
#7  0x2b3161f28b34 in ???
#8  0x40622c in ???
#9  0xffffffffffffffff in ???
#0  0x7c75bd in ???
#1  0x5ffda1 in ???
#2  0x6007af in ???
#3  0x6e08fa in ???
#4  0x6e651b in ???
#5  0x64d992 in ???
#6  0x4061fc in ???
#7  0x2b9ef469eb34 in ???
#8  0x40622c in ???
#9  0xffffffffffffffff in ???
#0  0x7c75bd in ???
#1  0x5ffda1 in ???
#2  0x6007af in ???
#3  0x6e08fa in ???
#4  0x6e651b in ???
#5  0x64d992 in ???
#6  0x4061fc in ???
#7  0x2ae1af4ccb34 in ???
#8  0x40622c in ???
#9  0xffffffffffffffff in ???
#0  0x7c75bd in ???
#1  0x5ffda1 in ???
#2  0x6007af in ???
#3  0x6e08fa in ???
#4  0x6e651b in ???
#5  0x64d992 in ???
#0  0x7c75bd in ???
#1  0x5ffda1 in ???
#2  0x6007af in ???
#3  0x6e08fa in ???
#4  0x6e651b in ???
#5  0x64d992 in ???
#6  0x4061fc in ???
#6  0x4061fc in ???
#7  0x2acc905eab34 in ???
#8  0x40622c in ???
#9  0xffffffffffffffff in ???
#7  0x2af569c98b34 in ???
#8  0x40622c in ???
#9  0xffffffffffffffff in ???
#0  0x7c75bd in ???
#1  0x5ffda1 in ???
#2  0x6007af in ???
#3  0x6e08fa in ???
#4  0x6e651b in ???
#5  0x64d992 in ???
#6  0x4061fc in ???
#7  0x2b9907dddb34 in ???
#8  0x40622c in ???
#9  0xffffffffffffffff in ???
#0  0x7c75bd in ???
#1  0x5ffda1 in ???
#2  0x6007af in ???
#3  0x6e08fa in ???
#4  0x6e651b in ???
#5  0x64d992 in ???
#6  0x4061fc in ???
#7  0x2b379e961b34 in ???
#8  0x40622c in ???
#9  0xffffffffffffffff in ???
#0  0x7c75bd in ???
#1  0x5ffda1 in ???
#2  0x6007af in ???
#3  0x6e08fa in ???
#4  0x6e651b in ???
#5  0x64d992 in ???
#6  0x4061fc in ???
#7  0x2ac28296db34 in ???
#8  0x40622c in ???
#9  0xffffffffffffffff in ???
#0  0x7c75bd in ???
#1  0x5ffda1 in ???
#2  0x6007af in ???
#3  0x6e08fa in ???
#4  0x6e651b in ???
#5  0x64d992 in ???
#6  0x4061fc in ???
#7  0x2ba74abaab34 in ???
#8  0x40622c in ???
#9  0xffffffffffffffff in ???
#0  0x7c75bd in ???
#1  0x5ffda1 in ???
#2  0x6007af in ???
#3  0x6e08fa in ???
#4  0x6e651b in ???
#5  0x64d992 in ???
#6  0x4061fc in ???
#7  0x2af2e7292b34 in ???
#0  0x7c75bd in ???
#1  0x5ffda1 in ???
#2  0x6007af in ???
#3  0x6e08fa in ???
#4  0x6e651b in ???
#5  0x64d992 in ???
#6  0x4061fc in ???
#8  0x40622c in ???
#9  0xffffffffffffffff in ???
#7  0x2b6486e99b34 in ???
#8  0x40622c in ???
#9  0xffffffffffffffff in ???
#0  0x7c75bd in ???
#1  0x5ffda1 in ???
#2  0x6007af in ???
#3  0x6e08fa in ???
#4  0x6e651b in ???
#5  0x64d992 in ???
#6  0x4061fc in ???
#7  0x2b63fbdf8b34 in ???
#8  0x40622c in ???
#9  0xffffffffffffffff in ???
#0  0x7c75bd in ???
#1  0x5ffda1 in ???
#2  0x6007af in ???
#3  0x6e08fa in ???
#4  0x6e651b in ???
#5  0x64d992 in ???
#6  0x4061fc in ???
#7  0x2afea609fb34 in ???
#8  0x40622c in ???
#9  0xffffffffffffffff in ???
#0  0x7c75bd in ???
#1  0x5ffda1 in ???
#2  0x6007af in ???
#3  0x6e08fa in ???
#4  0x6e651b in ???
#5  0x64d992 in ???
#6  0x4061fc in ???
#7  0x2adab8eeab34 in ???
#8  0x40622c in ???
#9  0xffffffffffffffff in ???
#0  0x7c75bd in ???
#1  0x5ffda1 in ???
#2  0x6007af in ???
#3  0x6e08fa in ???
#4  0x6e651b in ???
#5  0x64d992 in ???
#6  0x4061fc in ???
#7  0x2b5ae36feb34 in ???
#8  0x40622c in ???
#9  0xffffffffffffffff in ???
#0  0x7c75bd in ???
#1  0x5ffda1 in ???
#2  0x6007af in ???
#3  0x6e08fa in ???
#4  0x6e651b in ???
#5  0x64d992 in ???
#6  0x4061fc in ???
#7  0x2ae5506f8b34 in ???
#8  0x40622c in ???
#9  0xffffffffffffffff in ???
#0  0x7c75bd in ???
#1  0x5ffda1 in ???
#2  0x6007af in ???
#3  0x6e08fa in ???
#4  0x6e651b in ???
#5  0x64d992 in ???
#6  0x4061fc in ???
#7  0x2b22b7945b34 in ???
#8  0x40622c in ???
#9  0xffffffffffffffff in ???
#0  0x7c75bd in ???
#0  0x7c75bd in ???
#1  0x5ffda1 in ???
#2  0x6007af in ???
#1  0x5ffda1 in ???
#2  0x6007af in ???
#3  0x6e08fa in ???
#4  0x6e651b in ???
#5  0x64d992 in ???
#6  0x4061fc in ???
#7  0x2ae3d7375b34 in ???
#8  0x40622c in ???
#9  0xffffffffffffffff in ???
#3  0x6e08fa in ???
#4  0x6e651b in ???
#5  0x64d992 in ???
#6  0x4061fc in ???
#7  0x2ab1b148fb34 in ???
#8  0x40622c in ???
#9  0xffffffffffffffff in ???
#0  0x7c75bd in ???
#1  0x5ffda1 in ???
#2  0x6007af in ???
#3  0x6e08fa in ???
#4  0x6e651b in ???
#5  0x64d992 in ???
#6  0x4061fc in ???
#7  0x2b6138fa3b34 in ???
#8  0x40622c in ???
#9  0xffffffffffffffff in ???
#0  0x7c75bd in ???
#1  0x5ffda1 in ???
#2  0x6007af in ???
#3  0x6e08fa in ???
#4  0x6e651b in ???
#5  0x64d992 in ???
#6  0x4061fc in ???
#7  0x2b365327db34 in ???
#8  0x40622c in ???
#9  0xffffffffffffffff in ???
#0  0x7c75bd in ???
#1  0x5ffda1 in ???
#2  0x6007af in ???
#3  0x6e08fa in ???
#4  0x6e651b in ???
#5  0x64d992 in ???
#6  0x4061fc in ???
#7  0x2ab462a8bb34 in ???
#8  0x40622c in ???
#9  0xffffffffffffffff in ???
#0  0x7c75bd in ???
#1  0x5ffda1 in ???
#2  0x6007af in ???
#3  0x6e08fa in ???
#4  0x6e651b in ???
#5  0x64d992 in ???
#6  0x4061fc in ???
#7  0x2b84dd0c1b34 in ???
#8  0x40622c in ???
#9  0xffffffffffffffff in ???
#0  0x7c75bd in ???
#1  0x5ffda1 in ???
#2  0x6007af in ???
#3  0x6e08fa in ???
#4  0x6e651b in ???
#0  0x7c75bd in ???
#1  0x5ffda1 in ???
#2  0x6007af in ???
#3  0x6e08fa in ???
#4  0x6e651b in ???
#5  0x64d992 in ???
#5  0x64d992 in ???
#6  0x4061fc in ???
#7  0x2b81c2d37b34 in ???
#8  0x40622c in ???
#9  0xffffffffffffffff in ???
#6  0x4061fc in ???
#7  0x2ba4ec147b34 in ???
#8  0x40622c in ???
#9  0xffffffffffffffff in ???
#0  0x7c75bd in ???
#1  0x5ffda1 in ???
#2  0x6007af in ???
#3  0x6e08fa in ???
#4  0x6e651b in ???
#5  0x64d992 in ???
#6  0x4061fc in ???
#7  0x2b1a54a9cb34 in ???
#8  0x40622c in ???
#9  0xffffffffffffffff in ???

Program aborted. Backtrace:

Program aborted. Backtrace:

Program aborted. Backtrace:

Program aborted. Backtrace:

Program aborted. Backtrace:
#0  0x7c75bd in ???
#1  0x5ffda1 in ???
#2  0x6007af in ???
#3  0x6e08fa in ???
#4  0x6e651b in ???
#5  0x64d992 in ???
#6  0x4061fc in ???
#7  0x2ac72f75eb34 in __libc_start_main
	at ../csu/libc-start.c:274
#8  0x40622c in ???
#9  0xffffffffffffffff in ???
#0  0x7c75bd in ???
#1  0x5ffda1 in ???
#2  0x6007af in ???
#3  0x6e08fa in ???
#4  0x6e651b in ???
#5  0x64d992 in ???
#6  0x4061fc in ???
#7  0x2b4aaf3eeb34 in __libc_start_main
	at ../csu/libc-start.c:274
#8  0x40622c in ???
#9  0xffffffffffffffff in ???

Program aborted. Backtrace:

Program aborted. Backtrace:

Program aborted. Backtrace:
#0  0x7c75bd in ???
#0  0x7c75bd in ???
#0  0x7c75bd in ???
#0  0x7c75bd in ???
#1  0x5ffda1 in ???
#2  0x6007af in ???
#1  0x5ffda1 in ???
#2  0x6007af in ???
#1  0x5ffda1 in ???
#2  0x6007af in ???
#3  0x6e08fa in ???
#4  0x6e651b in ???
#5  0x64d992 in ???
#6  0x4061fc in ???
#3  0x6e08fa in ???
#4  0x6e651b in ???
#5  0x64d992 in ???
#6  0x4061fc in ???
#1  0x5ffda1 in ???
#2  0x6007af in ???
#3  0x6e08fa in ???
#4  0x6e651b in ???
#5  0x64d992 in ???
#6  0x4061fc in ???
#3  0x6e08fa in ???
#4  0x6e651b in ???
#5  0x64d992 in ???
#6  0x4061fc in ???
#7  0x2b823a5b2b34 in ???
#8  0x40622c in ???
#9  0xffffffffffffffff in ???
#7  0x2af210c9fb34 in ???
#8  0x40622c in ???
#9  0xffffffffffffffff in ???
#7  0x2b5eba6dab34 in ???
#8  0x40622c in ???
#9  0xffffffffffffffff in ???
#7  0x2ba15c01eb34 in ???
#8  0x40622c in ???
#9  0xffffffffffffffff in ???
#0  0x7c75bd in ???
#1  0x5ffda1 in ???
#2  0x6007af in ???
#3  0x6e08fa in ???
#4  0x6e651b in ???
#5  0x64d992 in ???
#6  0x4061fc in ???
#7  0x2af348059b34 in __libc_start_main
	at ../csu/libc-start.c:274
#8  0x40622c in ???
#9  0xffffffffffffffff in ???
#0  0x7c75bd in ???
#1  0x5ffda1 in ???
#2  0x6007af in ???
#3  0x6e08fa in ???
#4  0x6e651b in ???
#5  0x64d992 in ???
#6  0x4061fc in ???
#7  0x2ac901b94b34 in ???
#8  0x40622c in ???
#9  0xffffffffffffffff in ???
#0  0x7c75bd in ???
#1  0x5ffda1 in ???
#2  0x6007af in ???
#3  0x6e08fa in ???
#4  0x6e651b in ???
#5  0x64d992 in ???
#6  0x4061fc in ???
#7  0x2afc786cab34 in ???
#8  0x40622c in ???
#9  0xffffffffffffffff in ???

Program aborted. Backtrace:
#0  0x7c75bd in ???
#1  0x5ffda1 in ???
#2  0x6007af in ???
#3  0x6e08fa in ???
#4  0x6e651b in ???
#5  0x64d992 in ???
#6  0x4061fc in ???
#7  0x2b7358bcfb34 in ???
#8  0x40622c in ???
#9  0xffffffffffffffff in ???
#0  0x7c75bd in ???
#1  0x5ffda1 in ???
#2  0x6007af in ???
#3  0x6e08fa in ???
#4  0x6e651b in ???
#5  0x64d992 in ???
#6  0x4061fc in ???
#7  0x2b8c56d71b34 in ???
#8  0x40622c in ???
#9  0xffffffffffffffff in ???
#0  0x7c75bd in ???
#1  0x5ffda1 in ???
#2  0x6007af in ???
#3  0x6e08fa in ???
#4  0x6e651b in ???
#5  0x64d992 in ???
#6  0x4061fc in ???
#7  0x2ba2866fcb34 in ???
#8  0x40622c in ???
#9  0xffffffffffffffff in ???
#0  0x7c75bd in ???
#1  0x5ffda1 in ???
#0  0x7c75bd in ???
#1  0x5ffda1 in ???
#2  0x6007af in ???
#3  0x6e08fa in ???
#4  0x6e651b in ???
#5  0x64d992 in ???
#6  0x4061fc in ???
#7  0x2aafe7f01b34 in ???
#8  0x40622c in ???
#9  0xffffffffffffffff in ???
#2  0x6007af in ???
#3  0x6e08fa in ???
#4  0x6e651b in ???
#5  0x64d992 in ???
#6  0x4061fc in ???
#7  0x2af864f4eb34 in ???
#8  0x40622c in ???
#9  0xffffffffffffffff in ???
#0  0x7c75bd in ???
#1  0x5ffda1 in ???
#2  0x6007af in ???
#3  0x6e08fa in ???
#4  0x6e651b in ???
#5  0x64d992 in ???
#6  0x4061fc in ???
#7  0x2b947c794b34 in ???
#8  0x40622c in ???
#9  0xffffffffffffffff in ???
#0  0x7c75bd in ???
#1  0x5ffda1 in ???
#2  0x6007af in ???
#3  0x6e08fa in ???
#4  0x6e651b in ???
#5  0x64d992 in ???
#6  0x4061fc in ???
#7  0x2ae387aebb34 in ???
#8  0x40622c in ???
#9  0xffffffffffffffff in ???
#0  0x7c75bd in ???
#0  0x7c75bd in ???
#1  0x5ffda1 in ???
#2  0x6007af in ???
#3  0x6e08fa in ???
#4  0x6e651b in ???
#5  0x64d992 in ???
#6  0x4061fc in ???
#1  0x5ffda1 in ???
#2  0x6007af in ???
#3  0x6e08fa in ???
#4  0x6e651b in ???
#5  0x64d992 in ???
#6  0x4061fc in ???
#0  0x7c75bd in ???
#1  0x5ffda1 in ???
#2  0x6007af in ???
#3  0x6e08fa in ???
#4  0x6e651b in ???
#5  0x64d992 in ???
#6  0x4061fc in ???
#7  0x2ba1a8691b34 in ???
#8  0x40622c in ???
#9  0xffffffffffffffff in ???
#7  0x2b5f83e5ab34 in ???
#8  0x40622c in ???
#9  0xffffffffffffffff in ???
#7  0x2ab324723b34 in ???
#8  0x40622c in ???
#9  0xffffffffffffffff in ???
#0  0x7c75bd in ???
#1  0x5ffda1 in ???
#2  0x6007af in ???
#3  0x6e08fa in ???
#4  0x6e651b in ???
#5  0x64d992 in ???
#6  0x4061fc in ???
#7  0x2b4341846b34 in ???
#8  0x40622c in ???
#9  0xffffffffffffffff in ???
#0  0x7c75bd in ???
#1  0x5ffda1 in ???
#2  0x6007af in ???
#3  0x6e08fa in ???
#4  0x6e651b in ???
#5  0x64d992 in ???
#6  0x4061fc in ???
#7  0x2b8901884b34 in ???
#8  0x40622c in ???
#9  0xffffffffffffffff in ???
#0  0x7c75bd in ???
#1  0x5ffda1 in ???
#2  0x6007af in ???
#3  0x6e08fa in ???
#4  0x6e651b in ???
#5  0x64d992 in ???
#6  0x4061fc in ???
#7  0x2b13e2209b34 in ???
#8  0x40622c in ???
#9  0xffffffffffffffff in ???
#0  0x7c75bd in ???
#1  0x5ffda1 in ???
#2  0x6007af in ???
#3  0x6e08fa in ???
#4  0x6e651b in ???
#5  0x64d992 in ???
#6  0x4061fc in ???
#7  0x2ab4e87aab34 in ???
#8  0x40622c in ???
#9  0xffffffffffffffff in ???
#0  0x7c75bd in ???
#1  0x5ffda1 in ???
#2  0x6007af in ???
#3  0x6e08fa in ???
#4  0x6e651b in ???
#5  0x64d992 in ???
#6  0x4061fc in ???
#7  0x2acb31535b34 in ???
#8  0x40622c in ???
#9  0xffffffffffffffff in ???
#0  0x7c75bd in ???
#1  0x5ffda1 in ???
#2  0x6007af in ???
#3  0x6e08fa in ???
#4  0x6e651b in ???
#5  0x64d992 in ???
#6  0x4061fc in ???
#7  0x2adc0f669b34 in ???
#8  0x40622c in ???
#9  0xffffffffffffffff in ???
#0  0x7c75bd in ???
#1  0x5ffda1 in ???
#2  0x6007af in ???
#3  0x6e08fa in ???
#4  0x6e651b in ???
#5  0x64d992 in ???
#6  0x4061fc in ???
#7  0x2aca078c6b34 in ???
#8  0x40622c in ???
#9  0xffffffffffffffff in ???
#0  0x7c75bd in ???
#1  0x5ffda1 in ???
#2  0x6007af in ???
#3  0x6e08fa in ???
#4  0x6e651b in ???
#5  0x64d992 in ???
#6  0x4061fc in ???
#7  0x2b957e3c9b34 in ???
#8  0x40622c in ???
#9  0xffffffffffffffff in ???
#0  0x7c75bd in ???
#1  0x5ffda1 in ???
#2  0x6007af in ???
#3  0x6e08fa in ???
#4  0x6e651b in ???
#5  0x64d992 in ???
#6  0x4061fc in ???
#7  0x2b4853842b34 in ???
#8  0x40622c in ???
#9  0xffffffffffffffff in ???
#0  0x7c75bd in ???
#1  0x5ffda1 in ???
#2  0x6007af in ???
#3  0x6e08fa in ???
#4  0x6e651b in ???
#5  0x64d992 in ???
#6  0x4061fc in ???

Program aborted. Backtrace:
#0  0x7c75bd in ???
#1  0x5ffda1 in ???
#2  0x6007af in ???
#3  0x6e08fa in ???
#4  0x6e651b in ???
#5  0x64d992 in ???
#6  0x4061fc in ???
#7  0x2b72b40a5b34 in ???
#8  0x40622c in ???
#9  0xffffffffffffffff in ???
#0  0x7c75bd in ???
#1  0x5ffda1 in ???
#2  0x6007af in ???
#3  0x6e08fa in ???
#4  0x6e651b in ???
#5  0x64d992 in ???
#6  0x4061fc in ???
#7  0x2b12722eeb34 in ???
#8  0x40622c in ???
#9  0xffffffffffffffff in ???
#7  0x2abfd02a5b34 in ???
#8  0x40622c in ???
#9  0xffffffffffffffff in ???
#0  0x7c75bd in ???
#1  0x5ffda1 in ???
#2  0x6007af in ???
#3  0x6e08fa in ???
#4  0x6e651b in ???
#5  0x64d992 in ???
#6  0x4061fc in ???
#7  0x2b727a9b0b34 in ???
#0  0x7c75bd in ???
#1  0x5ffda1 in ???
#2  0x6007af in ???
#3  0x6e08fa in ???
#4  0x6e651b in ???
#5  0x64d992 in ???
#6  0x4061fc in ???
#8  0x40622c in ???
#9  0xffffffffffffffff in ???
#7  0x2b0a5589fb34 in ???
#8  0x40622c in ???
#9  0xffffffffffffffff in ???
#0  0x7c75bd in ???
#1  0x5ffda1 in ???
#2  0x6007af in ???
#3  0x6e08fa in ???
#4  0x6e651b in ???
#5  0x64d992 in ???
#6  0x4061fc in ???
#7  0x2aed39075b34 in ???
#8  0x40622c in ???
#9  0xffffffffffffffff in ???
#0  0x7c75bd in ???
#1  0x5ffda1 in ???
#2  0x6007af in ???
#3  0x6e08fa in ???
#4  0x6e651b in ???
#5  0x64d992 in ???
#6  0x4061fc in ???
#7  0x2aae59ffdb34 in ???
#8  0x40622c in ???
#9  0xffffffffffffffff in ???
#0  0x7c75bd in ???
#1  0x5ffda1 in ???
#2  0x6007af in ???
#3  0x6e08fa in ???
#4  0x6e651b in ???
#5  0x64d992 in ???
#6  0x4061fc in ???
#7  0x2b9ff79e2b34 in ???
#8  0x40622c in ???
#9  0xffffffffffffffff in ???
#0  0x7c75bd in ???
#1  0x5ffda1 in ???
#2  0x6007af in ???
#3  0x6e08fa in ???
#4  0x6e651b in ???
#5  0x64d992 in ???
#6  0x4061fc in ???
#7  0x2b5b89b33b34 in ???
#8  0x40622c in ???
#9  0xffffffffffffffff in ???
#0  0x7c75bd in ???
#1  0x5ffda1 in ???
#2  0x6007af in ???
#3  0x6e08fa in ???
#4  0x6e651b in ???
#5  0x64d992 in ???
#6  0x4061fc in ???
#7  0x2b125d150b34 in ???
#8  0x40622c in ???
#9  0xffffffffffffffff in ???
#0  0x7c75bd in ???
#1  0x5ffda1 in ???
#2  0x6007af in ???
#3  0x6e08fa in ???
#4  0x6e651b in ???
#5  0x64d992 in ???
#6  0x4061fc in ???
#7  0x2ac71058fb34 in ???
#8  0x40622c in ???
#9  0xffffffffffffffff in ???
#0  0x7c75bd in ???
#1  0x5ffda1 in ???
#2  0x6007af in ???
#3  0x6e08fa in ???
#4  0x6e651b in ???
#5  0x64d992 in ???
#6  0x4061fc in ???
#7  0x2ac184ba7b34 in ???
#8  0x40622c in ???
#9  0xffffffffffffffff in ???
#0  0x7c75bd in ???
#1  0x5ffda1 in ???
#2  0x6007af in ???
#3  0x6e08fa in ???
#4  0x6e651b in ???
#5  0x64d992 in ???
#6  0x4061fc in ???
#7  0x2aedff691b34 in ???
#8  0x40622c in ???
#9  0xffffffffffffffff in ???
#0  0x7c75bd in ???
#1  0x5ffda1 in ???
#2  0x6007af in ???
#3  0x6e08fa in ???
#4  0x6e651b in ???
#0  0x7c75bd in ???
#1  0x5ffda1 in ???
#2  0x6007af in ???
#3  0x6e08fa in ???
#4  0x6e651b in ???
#5  0x64d992 in ???
#6  0x4061fc in ???
#7  0x2b4d7cb1eb34 in ???
#8  0x40622c in ???
#9  0xffffffffffffffff in ???
#5  0x64d992 in ???
#6  0x4061fc in ???
#7  0x2b9245df8b34 in ???
#8  0x40622c in ???
#9  0xffffffffffffffff in ???
#0  0x7c75bd in ???
#1  0x5ffda1 in ???
#2  0x6007af in ???
#3  0x6e08fa in ???
#4  0x6e651b in ???
#5  0x64d992 in ???
#6  0x4061fc in ???
#7  0x2b7b9435eb34 in ???
#8  0x40622c in ???
#9  0xffffffffffffffff in ???
#0  0x7c75bd in ???
#0  0x7c75bd in ???
#1  0x5ffda1 in ???
#2  0x6007af in ???
#3  0x6e08fa in ???
#4  0x6e651b in ???
#5  0x64d992 in ???
#6  0x4061fc in ???
#7  0x2b02985fbb34 in ???
#8  0x40622c in ???
#9  0xffffffffffffffff in ???
#1  0x5ffda1 in ???
#2  0x6007af in ???
#3  0x6e08fa in ???
#4  0x6e651b in ???
#5  0x64d992 in ???
#6  0x4061fc in ???
#7  0x2b82e488eb34 in ???
#8  0x40622c in ???
#9  0xffffffffffffffff in ???
#0  0x7c75bd in ???
#0  0x7c75bd in ???
#1  0x5ffda1 in ???
#2  0x6007af in ???
#3  0x6e08fa in ???
#4  0x6e651b in ???
#5  0x64d992 in ???
#6  0x4061fc in ???
#7  0x2b69ef2a9b34 in ???
#8  0x40622c in ???
#9  0xffffffffffffffff in ???
#1  0x5ffda1 in ???
#2  0x6007af in ???
#3  0x6e08fa in ???
#4  0x6e651b in ???
#5  0x64d992 in ???
#6  0x4061fc in ???
#7  0x2b80dc964b34 in ???
#8  0x40622c in ???
#9  0xffffffffffffffff in ???
#0  0x7c75bd in ???
#1  0x5ffda1 in ???
#2  0x6007af in ???
#3  0x6e08fa in ???
#4  0x6e651b in ???
#5  0x64d992 in ???
#6  0x4061fc in ???
#7  0x2b8422bf2b34 in ???
#8  0x40622c in ???
#9  0xffffffffffffffff in ???
#0  0x7c75bd in ???
#1  0x5ffda1 in ???
#2  0x6007af in ???
#3  0x6e08fa in ???
#4  0x6e651b in ???
#5  0x64d992 in ???
#6  0x4061fc in ???
#7  0x2abddb6f6b34 in ???
#8  0x40622c in ???
#9  0xffffffffffffffff in ???
#0  0x7c75bd in ???
#1  0x5ffda1 in ???
#0  0x7c75bd in ???
#2  0x6007af in ???
#3  0x6e08fa in ???
#4  0x6e651b in ???
#5  0x64d992 in ???
#6  0x4061fc in ???
#7  0x2b7092473b34 in ???
#8  0x40622c in ???
#9  0xffffffffffffffff in ???
#1  0x5ffda1 in ???
#2  0x6007af in ???
#3  0x6e08fa in ???
#4  0x6e651b in ???
#5  0x64d992 in ???
#6  0x4061fc in ???
#7  0x2b26b87ffb34 in ???
#8  0x40622c in ???
#9  0xffffffffffffffff in ???
#0  0x7c75bd in ???
#0  0x7c75bd in ???
#1  0x5ffda1 in ???
#2  0x6007af in ???
#3  0x6e08fa in ???
#4  0x6e651b in ???
#5  0x64d992 in ???
#1  0x5ffda1 in ???
#2  0x6007af in ???
#3  0x6e08fa in ???
#4  0x6e651b in ???
#5  0x64d992 in ???
#6  0x4061fc in ???
#7  0x2b2fb851eb34 in ???
#8  0x40622c in ???
#9  0xffffffffffffffff in ???
#6  0x4061fc in ???
#7  0x2b4720075b34 in ???
#8  0x40622c in ???
#9  0xffffffffffffffff in ???

Program aborted. Backtrace:

Program aborted. Backtrace:
#0  0x7c75bd in ???
#1  0x5ffda1 in ???
#2  0x6007af in ???
#3  0x6e08fa in ???
#4  0x6e651b in ???
#5  0x64d992 in ???
#6  0x4061fc in ???
#7  0x2adc84903b34 in __libc_start_main
	at ../csu/libc-start.c:274
#8  0x40622c in ???
#9  0xffffffffffffffff in ???
#0  0x7c75bd in ???
#1  0x5ffda1 in ???
#2  0x6007af in ???
#3  0x6e08fa in ???
#4  0x6e651b in ???
#5  0x64d992 in ???
#6  0x4061fc in ???
#7  0x2ba23ee5fb34 in __libc_start_main
	at ../csu/libc-start.c:274
#8  0x40622c in ???
#9  0xffffffffffffffff in ???
#0  0x7c75bd in ???
#1  0x5ffda1 in ???
#2  0x6007af in ???
#3  0x6e08fa in ???
#4  0x6e651b in ???
#5  0x64d992 in ???
#6  0x4061fc in ???
#7  0x2afe9d9b7b34 in __libc_start_main
	at ../csu/libc-start.c:274
#8  0x40622c in ???
#9  0xffffffffffffffff in ???

Program aborted. Backtrace:

Program aborted. Backtrace:

Program aborted. Backtrace:

Program aborted. Backtrace:

Program aborted. Backtrace:

Program aborted. Backtrace:

Program aborted. Backtrace:

Program aborted. Backtrace:

Program aborted. Backtrace:

Program aborted. Backtrace:
#0  0x7c75bd in ???
#1  0x5ffda1 in ???
#2  0x6007af in ???
#3  0x6e08fa in ???
#4  0x6e651b in ???
#5  0x64d992 in ???
#6  0x4061fc in ???
#7  0x2acb92c41b34 in ???
#8  0x40622c in ???
#9  0xffffffffffffffff in ???

Program aborted. Backtrace:

Program aborted. Backtrace:

Program aborted. Backtrace:

Program aborted. Backtrace:

Program aborted. Backtrace:

Program aborted. Backtrace:

Program aborted. Backtrace:

Program aborted. Backtrace:

Program aborted. Backtrace:

Program aborted. Backtrace:

Program aborted. Backtrace:
#0  0x7c75bd in ???
#1  0x5ffda1 in ???
#2  0x6007af in ???
#3  0x6e08fa in ???
#4  0x6e651b in ???
#5  0x64d992 in ???
#6  0x4061fc in ???
#7  0x2aca46f1cb34 in ???
#8  0x40622c in ???
#9  0xffffffffffffffff in ???

Program aborted. Backtrace:

Program aborted. Backtrace:
srun: error: r146c05s04: tasks 224,228: Aborted
srun: launch/slurm: _step_signal: Terminating StepId=10734047.0
slurmstepd: error: *** STEP 10734047.0 ON r129c11s02 CANCELLED AT 2023-01-06T13:33:22 ***
srun: error: r172c17s01: tasks 367,379: Aborted
srun: error: r143c10s04: tasks 96-143: Aborted
srun: error: r179c04s04: tasks 432-479: Aborted
srun: error: r143c10s03: tasks 48-50,52,55-64,66-69,71-75,77-95: Terminated
srun: error: r143c10s03: tasks 51,53-54,65,70,76: Aborted
srun: error: r145c10s01: tasks 144-191: Aborted
srun: error: r172c17s01: tasks 336-366,368-378,380-383: Terminated
srun: error: r146c05s04: tasks 192-223,225-227,229-231,233-239: Terminated
srun: error: r146c05s04: task 232: Aborted
srun: error: r146c06s04: tasks 240-287: Terminated
srun: error: r176c05s02: tasks 384-431: Terminated
srun: error: r147c10s03: tasks 288-335: Terminated
srun: error: r129c11s02: tasks 0-47: Terminated
srun: Force Terminated StepId=10734047.0
