Initial aspect ratio: 8.032497901971727
Initial mean iota: -0.9073732888245726
Initial magnetic well: -0.11352199535921875
-------------------------
Optimizing with max_mode = 1
-------------------------
23:18:40 - Growth rate = 0.129834, quasisymmetry = 0.140462, mirror = 0.000000 with aspect ratio=8.032498 took 29.964092s
23:19:15 - Growth rate = 0.129834, quasisymmetry = 0.140462, mirror = 0.000000 with aspect ratio=8.032498 took 29.814433s
23:19:49 - Growth rate = 0.129834, quasisymmetry = 0.140462, mirror = 0.000000 with aspect ratio=8.032498 took 29.766139s
23:20:23 - Growth rate = 0.135149, quasisymmetry = 0.888578, mirror = 0.000000 with aspect ratio=7.894208 took 31.038021s
23:20:23 - Growth rate = 0.122865, quasisymmetry = 1.653170, mirror = 0.000000 with aspect ratio=8.083844 took 30.789806s
23:20:24 - Growth rate = 0.127812, quasisymmetry = 0.186617, mirror = 0.000000 with aspect ratio=8.032498 took 31.100744s
23:20:24 - Growth rate = 0.120348, quasisymmetry = 0.433793, mirror = 0.000000 with aspect ratio=7.534806 took 31.011075s
23:20:24 - Growth rate = 0.126379, quasisymmetry = 0.186944, mirror = 0.000000 with aspect ratio=8.031337 took 30.962103s
23:20:24 - Growth rate = 0.115447, quasisymmetry = 0.463404, mirror = 0.000000 with aspect ratio=7.582148 took 31.169442s
23:20:25 - Growth rate = 0.140444, quasisymmetry = 1.340532, mirror = 0.000000 with aspect ratio=8.078863 took 32.363832s
23:20:25 - Growth rate = 0.153414, quasisymmetry = 0.867493, mirror = 0.000000 with aspect ratio=8.246877 took 31.236919s
   Iteration     Total nfev        Cost      Cost reduction    Step norm     Optimality   
       0              1         2.4038e-01                                    7.51e+00    
23:20:58 - Growth rate = 0.135323, quasisymmetry = 0.696617, mirror = 0.000000 with aspect ratio=8.296643 took 30.275170s
23:21:33 - Growth rate = 0.112651, quasisymmetry = 0.186673, mirror = 0.000000 with aspect ratio=7.995893 took 30.445776s
23:22:08 - Growth rate = 0.112651, quasisymmetry = 0.186673, mirror = 0.000000 with aspect ratio=7.995893 took 30.186975s
23:22:42 - Growth rate = 0.118758, quasisymmetry = 1.166339, mirror = 0.000000 with aspect ratio=8.025056 took 31.151637s
23:22:42 - Growth rate = 0.136649, quasisymmetry = 0.895667, mirror = 0.000000 with aspect ratio=7.896107 took 31.314874s
23:22:42 - Growth rate = 0.132057, quasisymmetry = 1.785421, mirror = 0.000000 with aspect ratio=8.022230 took 31.369973s
23:22:43 - Growth rate = 0.118018, quasisymmetry = 0.502436, mirror = 0.000000 with aspect ratio=7.562594 took 31.046154s
23:22:43 - Growth rate = 0.111806, quasisymmetry = 0.302757, mirror = 0.000000 with aspect ratio=7.995893 took 31.326988s
23:22:43 - Growth rate = 0.127392, quasisymmetry = 0.963493, mirror = 0.000000 with aspect ratio=8.221712 took 31.482427s
23:22:44 - Growth rate = 0.111910, quasisymmetry = 0.386303, mirror = 0.000000 with aspect ratio=7.519879 took 32.265780s
23:22:44 - Growth rate = 0.115204, quasisymmetry = 0.186180, mirror = 0.000000 with aspect ratio=7.994940 took 32.116255s
       1              3         2.2027e-01      2.01e-02       2.43e-02       2.01e+01    
23:23:20 - Growth rate = 0.109946, quasisymmetry = 0.175316, mirror = 0.000000 with aspect ratio=8.015814 took 30.322703s
23:23:56 - Growth rate = 0.109946, quasisymmetry = 0.175316, mirror = 0.000000 with aspect ratio=8.015814 took 30.322147s
23:24:30 - Growth rate = 0.112250, quasisymmetry = 0.776161, mirror = 0.000000 with aspect ratio=7.893782 took 31.005698s
23:24:31 - Growth rate = 0.105370, quasisymmetry = 1.427228, mirror = 0.000000 with aspect ratio=8.042211 took 31.100950s
23:24:32 - Growth rate = 0.104926, quasisymmetry = 0.555757, mirror = 0.000000 with aspect ratio=7.498211 took 31.211130s
23:24:32 - Growth rate = 0.102389, quasisymmetry = 0.506595, mirror = 0.000000 with aspect ratio=7.547361 took 31.213960s
23:24:32 - Growth rate = 0.107765, quasisymmetry = 0.213023, mirror = 0.000000 with aspect ratio=8.015814 took 31.183118s
23:24:32 - Growth rate = 0.125604, quasisymmetry = 1.770410, mirror = 0.000000 with aspect ratio=8.028872 took 31.669352s
23:24:32 - Growth rate = 0.107917, quasisymmetry = 0.230735, mirror = 0.000000 with aspect ratio=8.014556 took 31.043510s
23:24:33 - Growth rate = 0.118975, quasisymmetry = 0.977742, mirror = 0.000000 with aspect ratio=8.297242 took 31.484766s
       2              4         2.0891e-01      1.14e-02       2.43e-02       5.60e+00    
23:25:09 - Growth rate = 0.107749, quasisymmetry = 0.169633, mirror = 0.000000 with aspect ratio=8.004181 took 30.353870s
23:25:45 - Growth rate = 0.107749, quasisymmetry = 0.169633, mirror = 0.000000 with aspect ratio=8.004181 took 30.331459s
23:26:20 - Growth rate = 0.112314, quasisymmetry = 0.844845, mirror = 0.000000 with aspect ratio=7.882922 took 30.925792s
23:26:21 - Growth rate = 0.103745, quasisymmetry = 1.466609, mirror = 0.000000 with aspect ratio=8.034524 took 31.113575s
23:26:21 - Growth rate = 0.101555, quasisymmetry = 0.555957, mirror = 0.000000 with aspect ratio=7.539981 took 30.951970s
23:26:21 - Growth rate = 0.103542, quasisymmetry = 0.475734, mirror = 0.000000 with aspect ratio=7.491379 took 31.004563s
23:26:22 - Growth rate = 0.105568, quasisymmetry = 0.229063, mirror = 0.000000 with aspect ratio=8.004181 took 31.026068s
23:26:22 - Growth rate = 0.107615, quasisymmetry = 0.218763, mirror = 0.000000 with aspect ratio=8.003144 took 31.171224s
23:26:22 - Growth rate = 0.125425, quasisymmetry = 1.855678, mirror = 0.000000 with aspect ratio=8.023392 took 32.039103s
23:26:23 - Growth rate = 0.116000, quasisymmetry = 1.088846, mirror = 0.000000 with aspect ratio=8.277166 took 31.222191s
       3              5         2.0094e-01      7.97e-03       6.08e-03       2.64e+00    
23:26:59 - Growth rate = 0.104191, quasisymmetry = 0.177478, mirror = 0.000000 with aspect ratio=8.009850 took 30.489058s
23:27:35 - Growth rate = 0.104191, quasisymmetry = 0.177478, mirror = 0.000000 with aspect ratio=8.009850 took 30.377158s
23:28:10 - Growth rate = 0.098469, quasisymmetry = 1.470591, mirror = 0.000000 with aspect ratio=8.050029 took 30.874129s
23:28:10 - Growth rate = 0.109554, quasisymmetry = 0.839128, mirror = 0.000000 with aspect ratio=7.886022 took 31.140650s
23:28:11 - Growth rate = 0.098504, quasisymmetry = 0.580955, mirror = 0.000000 with aspect ratio=7.547604 took 30.784775s
23:28:11 - Growth rate = 0.102653, quasisymmetry = 0.448532, mirror = 0.000000 with aspect ratio=7.499525 took 31.063091s
23:28:11 - Growth rate = 0.099902, quasisymmetry = 0.256696, mirror = 0.000000 with aspect ratio=8.009850 took 30.850730s
23:28:11 - Growth rate = 0.119575, quasisymmetry = 1.902270, mirror = 0.000000 with aspect ratio=8.042296 took 31.439521s
23:28:11 - Growth rate = 0.103970, quasisymmetry = 0.223423, mirror = 0.000000 with aspect ratio=8.008802 took 31.048395s
23:28:12 - Growth rate = 0.113422, quasisymmetry = 1.191348, mirror = 0.000000 with aspect ratio=8.276310 took 30.978761s
       4              6         1.9744e-01      3.50e-03       1.22e-02       5.10e+00    
23:28:48 - Growth rate = 0.098941, quasisymmetry = 0.199064, mirror = 0.000000 with aspect ratio=8.028600 took 30.008267s
23:29:23 - Growth rate = 0.101432, quasisymmetry = 0.182025, mirror = 0.000000 with aspect ratio=8.011306 took 30.226372s
23:29:59 - Growth rate = 0.101432, quasisymmetry = 0.182025, mirror = 0.000000 with aspect ratio=8.011306 took 30.340966s
23:30:35 - Growth rate = 0.107369, quasisymmetry = 0.786918, mirror = 0.000000 with aspect ratio=7.890815 took 31.072932s
23:30:35 - Growth rate = 0.095860, quasisymmetry = 1.398803, mirror = 0.000000 with aspect ratio=8.051064 took 30.953850s
23:30:35 - Growth rate = 0.102785, quasisymmetry = 0.476267, mirror = 0.000000 with aspect ratio=7.503018 took 31.007493s
23:30:36 - Growth rate = 0.115301, quasisymmetry = 1.860347, mirror = 0.000000 with aspect ratio=8.042364 took 31.544490s
23:30:36 - Growth rate = 0.097846, quasisymmetry = 0.547179, mirror = 0.000000 with aspect ratio=7.550647 took 31.275689s
23:30:36 - Growth rate = 0.101436, quasisymmetry = 0.228560, mirror = 0.000000 with aspect ratio=8.010090 took 31.141587s
23:30:36 - Growth rate = 0.098373, quasisymmetry = 0.260971, mirror = 0.000000 with aspect ratio=8.011306 took 31.402556s
23:30:38 - Growth rate = 0.111666, quasisymmetry = 1.141432, mirror = 0.000000 with aspect ratio=8.279740 took 32.079231s
       5              8         1.9409e-01      3.35e-03       3.04e-03       2.26e+00    
23:31:13 - Growth rate = 0.099190, quasisymmetry = 0.193464, mirror = 0.000000 with aspect ratio=8.024933 took 30.358804s
23:31:49 - Growth rate = 0.100388, quasisymmetry = 0.184489, mirror = 0.000000 with aspect ratio=8.013153 took 30.349838s
23:32:25 - Growth rate = 0.100388, quasisymmetry = 0.184489, mirror = 0.000000 with aspect ratio=8.013153 took 29.922365s
23:33:00 - Growth rate = 0.106766, quasisymmetry = 0.776486, mirror = 0.000000 with aspect ratio=7.895081 took 31.031028s
23:33:00 - Growth rate = 0.097622, quasisymmetry = 1.363100, mirror = 0.000000 with aspect ratio=8.051969 took 31.040979s
23:33:01 - Growth rate = 0.111579, quasisymmetry = 1.868164, mirror = 0.000000 with aspect ratio=8.042947 took 31.538557s
23:33:01 - Growth rate = 0.103625, quasisymmetry = 0.477660, mirror = 0.000000 with aspect ratio=7.506730 took 31.321439s
23:33:01 - Growth rate = 0.098432, quasisymmetry = 0.540703, mirror = 0.000000 with aspect ratio=7.553908 took 31.242232s
23:33:01 - Growth rate = 0.101340, quasisymmetry = 0.230642, mirror = 0.000000 with aspect ratio=8.011913 took 31.107217s
23:33:01 - Growth rate = 0.097571, quasisymmetry = 0.264517, mirror = 0.000000 with aspect ratio=8.013153 took 31.281467s
23:33:02 - Growth rate = 0.110888, quasisymmetry = 1.134479, mirror = 0.000000 with aspect ratio=8.282156 took 31.544233s
       6             10         1.9328e-01      8.07e-04       1.52e-03       1.81e+00    
23:33:38 - Growth rate = 0.099591, quasisymmetry = 0.186961, mirror = 0.000000 with aspect ratio=8.016313 took 30.357185s
23:34:14 - Growth rate = 0.099591, quasisymmetry = 0.186961, mirror = 0.000000 with aspect ratio=8.016313 took 30.493721s
23:34:49 - Growth rate = 0.106017, quasisymmetry = 0.773143, mirror = 0.000000 with aspect ratio=7.900596 took 31.020521s
23:34:50 - Growth rate = 0.096102, quasisymmetry = 1.331984, mirror = 0.000000 with aspect ratio=8.054191 took 31.124241s
23:34:50 - Growth rate = 0.104374, quasisymmetry = 0.473964, mirror = 0.000000 with aspect ratio=7.512030 took 31.164586s
23:34:50 - Growth rate = 0.109802, quasisymmetry = 1.885623, mirror = 0.000000 with aspect ratio=8.044910 took 31.618314s
23:34:50 - Growth rate = 0.099573, quasisymmetry = 0.538597, mirror = 0.000000 with aspect ratio=7.558597 took 31.178353s
23:34:50 - Growth rate = 0.099264, quasisymmetry = 0.269121, mirror = 0.000000 with aspect ratio=8.016313 took 31.194888s
23:34:50 - Growth rate = 0.100007, quasisymmetry = 0.231706, mirror = 0.000000 with aspect ratio=8.015081 took 31.249572s
23:34:51 - Growth rate = 0.108912, quasisymmetry = 1.137033, mirror = 0.000000 with aspect ratio=8.285359 took 31.556578s
       7             11         1.9306e-01      2.20e-04       1.52e-03       1.63e+00    
23:35:27 - Growth rate = 0.099741, quasisymmetry = 0.187542, mirror = 0.000000 with aspect ratio=8.015488 took 30.455042s
23:36:03 - Growth rate = 0.099987, quasisymmetry = 0.187196, mirror = 0.000000 with aspect ratio=8.015128 took 30.583775s
23:36:39 - Growth rate = 0.099858, quasisymmetry = 0.187031, mirror = 0.000000 with aspect ratio=8.015791 took 30.351033s
23:37:15 - Growth rate = 0.099658, quasisymmetry = 0.186977, mirror = 0.000000 with aspect ratio=8.016176 took 30.267748s
23:37:50 - Growth rate = 0.099606, quasisymmetry = 0.186964, mirror = 0.000000 with aspect ratio=8.016279 took 30.325620s
23:38:26 - Growth rate = 0.099595, quasisymmetry = 0.186962, mirror = 0.000000 with aspect ratio=8.016305 took 30.097698s
23:39:02 - Growth rate = 0.099592, quasisymmetry = 0.186961, mirror = 0.000000 with aspect ratio=8.016311 took 30.302947s
23:39:38 - Growth rate = 0.099591, quasisymmetry = 0.186961, mirror = 0.000000 with aspect ratio=8.016313 took 30.631517s
23:40:13 - Growth rate = 0.099591, quasisymmetry = 0.186961, mirror = 0.000000 with aspect ratio=8.016313 took 30.096734s
       8             20         1.9306e-01      0.00e+00       0.00e+00       1.63e+00    
The maximum number of function evaluations is exceeded.
Function evaluations 20, initial cost 2.4038e-01, final cost 1.9306e-01, first-order optimality 1.63e+00.
Final aspect ratio: 8.016313244724985
Final mean iota: -0.9674605220660508
Final magnetic well: -0.11936163337789063
Final quasisymmetry: 0.18696060179091936
-------------------------
Optimizing with max_mode = 2
-------------------------
23:40:55 - Growth rate = 0.099591, quasisymmetry = 0.186961, mirror = 0.000000 with aspect ratio=8.016313 took 30.509538s
23:41:31 - Growth rate = 0.099591, quasisymmetry = 0.186961, mirror = 0.000000 with aspect ratio=8.016313 took 30.656678s
23:42:06 - Growth rate = 0.099591, quasisymmetry = 0.186961, mirror = 0.000000 with aspect ratio=8.016313 took 30.107960s
23:42:42 - Growth rate = 0.097953, quasisymmetry = 0.164354, mirror = 0.000000 with aspect ratio=7.949945 took 31.724400s
23:42:43 - Growth rate = 0.093543, quasisymmetry = 0.234885, mirror = 0.000000 with aspect ratio=8.003470 took 31.976318s
23:42:43 - Growth rate = 0.106017, quasisymmetry = 0.773143, mirror = 0.000000 with aspect ratio=7.900596 took 31.838403s
23:42:43 - Growth rate = 0.096102, quasisymmetry = 1.331984, mirror = 0.000000 with aspect ratio=8.054191 took 31.915965s
23:42:43 - Growth rate = 0.098028, quasisymmetry = 0.853855, mirror = 0.000000 with aspect ratio=8.017312 took 31.988332s
23:42:43 - Growth rate = 0.109802, quasisymmetry = 1.885623, mirror = 0.000000 with aspect ratio=8.044910 took 32.365634s
23:42:43 - Growth rate = 0.099264, quasisymmetry = 0.269121, mirror = 0.000000 with aspect ratio=8.016313 took 31.856714s
23:42:44 - Growth rate = 0.093652, quasisymmetry = 3.998406, mirror = 0.000000 with aspect ratio=7.992570 took 32.230548s
23:42:44 - Growth rate = 0.097201, quasisymmetry = 0.640819, mirror = 0.000000 with aspect ratio=8.018485 took 32.264195s
23:42:44 - Growth rate = 0.103087, quasisymmetry = 0.747377, mirror = 0.000000 with aspect ratio=8.021490 took 32.055202s
23:42:44 - Growth rate = 0.104374, quasisymmetry = 0.473964, mirror = 0.000000 with aspect ratio=7.512030 took 32.179276s
23:42:44 - Growth rate = 0.097645, quasisymmetry = 2.139410, mirror = 0.000000 with aspect ratio=8.016313 took 32.377292s
23:42:44 - Growth rate = 0.099573, quasisymmetry = 0.538597, mirror = 0.000000 with aspect ratio=7.558597 took 32.126136s
23:42:44 - Growth rate = 0.096868, quasisymmetry = 0.455849, mirror = 0.000000 with aspect ratio=8.016313 took 32.155074s
23:42:44 - Growth rate = 0.101217, quasisymmetry = 0.197923, mirror = 0.000000 with aspect ratio=8.013040 took 32.066499s
23:42:44 - Growth rate = 0.098299, quasisymmetry = 0.242232, mirror = 0.000000 with aspect ratio=8.070298 took 32.198292s
23:42:44 - Growth rate = 0.092341, quasisymmetry = 3.644432, mirror = 0.000000 with aspect ratio=8.016317 took 32.261831s
23:42:44 - Growth rate = 0.100007, quasisymmetry = 0.231706, mirror = 0.000000 with aspect ratio=8.015081 took 32.248205s
23:42:44 - Growth rate = 0.100615, quasisymmetry = 4.101591, mirror = 0.000000 with aspect ratio=8.016419 took 32.616623s
23:42:44 - Growth rate = 0.098153, quasisymmetry = 2.728559, mirror = 0.000000 with aspect ratio=8.033844 took 32.074513s
23:42:44 - Growth rate = 0.104327, quasisymmetry = 5.328644, mirror = 0.000000 with aspect ratio=8.018165 took 32.485953s
23:42:44 - Growth rate = 0.108912, quasisymmetry = 1.137033, mirror = 0.000000 with aspect ratio=8.285359 took 31.954426s
23:42:44 - Growth rate = 0.101949, quasisymmetry = 0.210688, mirror = 0.000000 with aspect ratio=8.076907 took 32.141671s
23:42:46 - Growth rate = 0.102432, quasisymmetry = 0.410716, mirror = 0.000000 with aspect ratio=8.033708 took 32.408726s
   Iteration     Total nfev        Cost      Cost reduction    Step norm     Optimality   
       0              1         1.9306e-01                                    1.97e+01    
23:43:20 - Growth rate = 0.114278, quasisymmetry = 2.146004, mirror = 0.000000 with aspect ratio=8.652807 took 30.601475s
23:43:58 - Growth rate = 0.113930, quasisymmetry = 0.175208, mirror = 0.000000 with aspect ratio=8.082874 took 30.144547s
23:44:33 - Growth rate = 0.099031, quasisymmetry = 0.082671, mirror = 0.000000 with aspect ratio=8.022144 took 30.407692s
23:45:08 - Growth rate = 0.099031, quasisymmetry = 0.082671, mirror = 0.000000 with aspect ratio=8.022144 took 30.887021s
23:45:43 - Growth rate = 0.119536, quasisymmetry = 0.705480, mirror = 0.000000 with aspect ratio=7.913838 took 31.973982s
23:45:43 - Growth rate = 0.105245, quasisymmetry = 1.272819, mirror = 0.000000 with aspect ratio=8.059213 took 31.823055s
23:45:43 - Growth rate = 0.100287, quasisymmetry = 0.131131, mirror = 0.000000 with aspect ratio=8.077959 took 31.768608s
23:45:43 - Growth rate = 0.088215, quasisymmetry = 0.365399, mirror = 0.000000 with aspect ratio=7.520584 took 31.905827s
23:45:44 - Growth rate = 0.084991, quasisymmetry = 3.540754, mirror = 0.000000 with aspect ratio=8.022505 took 32.056591s
23:45:44 - Growth rate = 0.129908, quasisymmetry = 1.944593, mirror = 0.000000 with aspect ratio=8.048389 took 32.292360s
23:45:44 - Growth rate = 0.100674, quasisymmetry = 0.442762, mirror = 0.000000 with aspect ratio=7.565540 took 32.047824s
23:45:44 - Growth rate = 0.103870, quasisymmetry = 0.128266, mirror = 0.000000 with aspect ratio=8.021212 took 31.939409s
23:45:44 - Growth rate = 0.093656, quasisymmetry = 0.583816, mirror = 0.000000 with aspect ratio=8.023334 took 31.916697s
23:45:44 - Growth rate = 0.093792, quasisymmetry = 0.605568, mirror = 0.000000 with aspect ratio=8.022144 took 32.204976s
23:45:44 - Growth rate = 0.098881, quasisymmetry = 0.154151, mirror = 0.000000 with aspect ratio=8.022144 took 32.152426s
23:45:44 - Growth rate = 0.098577, quasisymmetry = 3.711376, mirror = 0.000000 with aspect ratio=8.027760 took 32.151069s
23:45:44 - Growth rate = 0.095412, quasisymmetry = 0.433732, mirror = 0.000000 with aspect ratio=8.026405 took 32.423505s
23:45:44 - Growth rate = 0.120690, quasisymmetry = 0.814885, mirror = 0.000000 with aspect ratio=8.031950 took 32.312250s
23:45:44 - Growth rate = 0.091634, quasisymmetry = 1.946856, mirror = 0.000000 with aspect ratio=8.024732 took 32.249081s
23:45:44 - Growth rate = 0.102420, quasisymmetry = 2.817443, mirror = 0.000000 with aspect ratio=8.039277 took 32.165421s
23:45:44 - Growth rate = 0.100696, quasisymmetry = 0.121020, mirror = 0.000000 with aspect ratio=8.088746 took 32.211413s
23:45:44 - Growth rate = 0.103473, quasisymmetry = 0.172341, mirror = 0.000000 with aspect ratio=8.028917 took 31.989650s
23:45:44 - Growth rate = 0.112332, quasisymmetry = 5.871196, mirror = 0.000000 with aspect ratio=8.024027 took 32.640025s
23:45:44 - Growth rate = 0.109261, quasisymmetry = 0.078982, mirror = 0.000000 with aspect ratio=7.998105 took 31.800166s
23:45:44 - Growth rate = 0.106066, quasisymmetry = 4.190372, mirror = 0.000000 with aspect ratio=7.999250 took 32.867292s
23:45:44 - Growth rate = 0.119938, quasisymmetry = 1.137215, mirror = 0.000000 with aspect ratio=8.293135 took 32.004632s
23:45:46 - Growth rate = 0.093264, quasisymmetry = 0.344330, mirror = 0.000000 with aspect ratio=8.013855 took 32.673052s
23:45:46 - Growth rate = 0.118906, quasisymmetry = 0.078900, mirror = 0.000000 with aspect ratio=7.954302 took 32.194639s
       1              4         1.4014e-01      5.29e-02       8.07e-03       6.83e+00    
23:46:20 - Growth rate = 0.097045, quasisymmetry = 0.130514, mirror = 0.000000 with aspect ratio=7.998271 took 30.102187s
23:46:55 - Growth rate = 0.094401, quasisymmetry = 0.087546, mirror = 0.000000 with aspect ratio=8.005090 took 30.242313s
23:47:29 - Growth rate = 0.094401, quasisymmetry = 0.087546, mirror = 0.000000 with aspect ratio=8.005090 took 30.349894s
23:48:04 - Growth rate = 0.095911, quasisymmetry = 1.219488, mirror = 0.000000 with aspect ratio=8.044713 took 31.703241s
23:48:05 - Growth rate = 0.113298, quasisymmetry = 0.622376, mirror = 0.000000 with aspect ratio=7.897048 took 32.122003s
23:48:05 - Growth rate = 0.101159, quasisymmetry = 4.256384, mirror = 0.000000 with aspect ratio=7.980243 took 31.853242s
23:48:05 - Growth rate = 0.096334, quasisymmetry = 0.130070, mirror = 0.000000 with aspect ratio=8.061105 took 31.699672s
23:48:05 - Growth rate = 0.134358, quasisymmetry = 1.871916, mirror = 0.000000 with aspect ratio=8.030191 took 32.061255s
23:48:05 - Growth rate = 0.090617, quasisymmetry = 0.415607, mirror = 0.000000 with aspect ratio=7.503922 took 31.960245s
23:48:05 - Growth rate = 0.109150, quasisymmetry = 0.804224, mirror = 0.000000 with aspect ratio=8.016486 took 31.833336s
23:48:05 - Growth rate = 0.090465, quasisymmetry = 0.594302, mirror = 0.000000 with aspect ratio=8.006339 took 31.636912s
23:48:05 - Growth rate = 0.093856, quasisymmetry = 0.157977, mirror = 0.000000 with aspect ratio=8.005090 took 31.735815s
23:48:05 - Growth rate = 0.087240, quasisymmetry = 1.901034, mirror = 0.000000 with aspect ratio=8.008406 took 31.916623s
23:48:05 - Growth rate = 0.095535, quasisymmetry = 0.145494, mirror = 0.000000 with aspect ratio=8.073781 took 31.830374s
23:48:05 - Growth rate = 0.096868, quasisymmetry = 0.392828, mirror = 0.000000 with aspect ratio=7.548032 took 32.004455s
23:48:05 - Growth rate = 0.090606, quasisymmetry = 0.431359, mirror = 0.000000 with aspect ratio=8.013542 took 32.142035s
23:48:05 - Growth rate = 0.115373, quasisymmetry = 5.941453, mirror = 0.000000 with aspect ratio=8.005443 took 32.291989s
23:48:05 - Growth rate = 0.080565, quasisymmetry = 3.593050, mirror = 0.000000 with aspect ratio=8.004908 took 32.020283s
23:48:05 - Growth rate = 0.097697, quasisymmetry = 2.802219, mirror = 0.000000 with aspect ratio=8.026208 took 31.905349s
23:48:05 - Growth rate = 0.100591, quasisymmetry = 3.781244, mirror = 0.000000 with aspect ratio=8.013320 took 32.031865s
23:48:05 - Growth rate = 0.098975, quasisymmetry = 0.128642, mirror = 0.000000 with aspect ratio=8.003911 took 32.035001s
23:48:05 - Growth rate = 0.091724, quasisymmetry = 0.647765, mirror = 0.000000 with aspect ratio=8.005090 took 32.027979s
23:48:05 - Growth rate = 0.101697, quasisymmetry = 0.089418, mirror = 0.000000 with aspect ratio=7.985933 took 31.600183s
23:48:05 - Growth rate = 0.093954, quasisymmetry = 0.214691, mirror = 0.000000 with aspect ratio=8.018262 took 31.812118s
23:48:05 - Growth rate = 0.118646, quasisymmetry = 1.052922, mirror = 0.000000 with aspect ratio=8.276766 took 31.653069s
23:48:07 - Growth rate = 0.114860, quasisymmetry = 0.079372, mirror = 0.000000 with aspect ratio=7.941670 took 31.854144s
23:48:07 - Growth rate = 0.092307, quasisymmetry = 0.388646, mirror = 0.000000 with aspect ratio=7.996922 took 32.544411s
       2              6         1.3293e-01      7.21e-03       4.03e-03       7.87e+00    
23:48:41 - Growth rate = 0.094910, quasisymmetry = 0.090743, mirror = 0.000000 with aspect ratio=8.009653 took 30.228238s
23:49:16 - Growth rate = 0.094849, quasisymmetry = 0.088529, mirror = 0.000000 with aspect ratio=8.007737 took 30.375318s
23:49:51 - Growth rate = 0.095245, quasisymmetry = 0.087770, mirror = 0.000000 with aspect ratio=8.006057 took 30.445735s
23:50:25 - Growth rate = 0.094388, quasisymmetry = 0.087420, mirror = 0.000000 with aspect ratio=8.005260 took 30.402478s
23:51:00 - Growth rate = 0.094388, quasisymmetry = 0.087420, mirror = 0.000000 with aspect ratio=8.005260 took 30.310946s
23:51:35 - Growth rate = 0.095897, quasisymmetry = 1.204760, mirror = 0.000000 with aspect ratio=8.044926 took 31.829909s
23:51:35 - Growth rate = 0.112741, quasisymmetry = 0.620414, mirror = 0.000000 with aspect ratio=7.897216 took 32.192842s
23:51:35 - Growth rate = 0.096664, quasisymmetry = 0.130688, mirror = 0.000000 with aspect ratio=8.061281 took 31.806120s
23:51:36 - Growth rate = 0.124778, quasisymmetry = 1.886810, mirror = 0.000000 with aspect ratio=8.030349 took 32.284092s
23:51:36 - Growth rate = 0.090841, quasisymmetry = 0.599943, mirror = 0.000000 with aspect ratio=8.006489 took 31.892534s
23:51:36 - Growth rate = 0.087445, quasisymmetry = 1.910280, mirror = 0.000000 with aspect ratio=8.008569 took 32.074455s
23:51:36 - Growth rate = 0.098732, quasisymmetry = 4.221392, mirror = 0.000000 with aspect ratio=7.980422 took 32.396370s
23:51:36 - Growth rate = 0.096396, quasisymmetry = 0.392980, mirror = 0.000000 with aspect ratio=7.548178 took 32.129550s
23:51:36 - Growth rate = 0.090329, quasisymmetry = 0.417205, mirror = 0.000000 with aspect ratio=7.504075 took 32.347989s
23:51:36 - Growth rate = 0.108628, quasisymmetry = 0.799169, mirror = 0.000000 with aspect ratio=8.016667 took 32.256461s
23:51:36 - Growth rate = 0.101134, quasisymmetry = 3.781410, mirror = 0.000000 with aspect ratio=8.013483 took 32.165843s
23:51:36 - Growth rate = 0.095635, quasisymmetry = 0.145635, mirror = 0.000000 with aspect ratio=8.073985 took 32.149137s
23:51:36 - Growth rate = 0.094428, quasisymmetry = 0.162819, mirror = 0.000000 with aspect ratio=8.005260 took 32.162627s
23:51:36 - Growth rate = 0.097705, quasisymmetry = 2.770654, mirror = 0.000000 with aspect ratio=8.026447 took 32.132197s
23:51:36 - Growth rate = 0.091395, quasisymmetry = 0.638335, mirror = 0.000000 with aspect ratio=8.005260 took 32.159791s
23:51:36 - Growth rate = 0.098787, quasisymmetry = 0.125234, mirror = 0.000000 with aspect ratio=8.004075 took 32.270250s
23:51:36 - Growth rate = 0.114875, quasisymmetry = 5.885661, mirror = 0.000000 with aspect ratio=8.005598 took 32.622693s
23:51:36 - Growth rate = 0.091318, quasisymmetry = 0.426554, mirror = 0.000000 with aspect ratio=8.013746 took 32.502515s
23:51:36 - Growth rate = 0.096809, quasisymmetry = 0.215465, mirror = 0.000000 with aspect ratio=8.018506 took 31.975857s
23:51:36 - Growth rate = 0.079979, quasisymmetry = 3.580963, mirror = 0.000000 with aspect ratio=8.005172 took 32.378106s
23:51:36 - Growth rate = 0.118361, quasisymmetry = 1.047372, mirror = 0.000000 with aspect ratio=8.276972 took 31.889800s
23:51:37 - Growth rate = 0.099909, quasisymmetry = 0.090105, mirror = 0.000000 with aspect ratio=7.986160 took 32.081820s
23:51:38 - Growth rate = 0.092873, quasisymmetry = 0.389655, mirror = 0.000000 with aspect ratio=7.997059 took 32.527497s
23:51:38 - Growth rate = 0.111533, quasisymmetry = 0.079772, mirror = 0.000000 with aspect ratio=7.941859 took 32.084383s
       3             10         1.3284e-01      8.58e-05       6.30e-05       4.96e+00    
23:52:12 - Growth rate = 0.094350, quasisymmetry = 0.087405, mirror = 0.000000 with aspect ratio=8.005300 took 30.009558s
23:52:47 - Growth rate = 0.094350, quasisymmetry = 0.087405, mirror = 0.000000 with aspect ratio=8.005300 took 30.367389s
23:53:22 - Growth rate = 0.112830, quasisymmetry = 0.620360, mirror = 0.000000 with aspect ratio=7.897257 took 32.076610s
23:53:22 - Growth rate = 0.095861, quasisymmetry = 1.201580, mirror = 0.000000 with aspect ratio=8.044970 took 31.868839s
23:53:22 - Growth rate = 0.096655, quasisymmetry = 0.130893, mirror = 0.000000 with aspect ratio=8.061324 took 31.846252s
23:53:22 - Growth rate = 0.090238, quasisymmetry = 0.417319, mirror = 0.000000 with aspect ratio=7.504111 took 32.005265s
23:53:22 - Growth rate = 0.098713, quasisymmetry = 4.212443, mirror = 0.000000 with aspect ratio=7.980462 took 32.218904s
23:53:23 - Growth rate = 0.096170, quasisymmetry = 0.393343, mirror = 0.000000 with aspect ratio=7.548213 took 31.964417s
23:53:23 - Growth rate = 0.124896, quasisymmetry = 1.891047, mirror = 0.000000 with aspect ratio=8.030384 took 32.351439s
23:53:23 - Growth rate = 0.087426, quasisymmetry = 1.912682, mirror = 0.000000 with aspect ratio=8.008609 took 32.026812s
23:53:23 - Growth rate = 0.108624, quasisymmetry = 0.798140, mirror = 0.000000 with aspect ratio=8.016712 took 32.184346s
23:53:23 - Growth rate = 0.090995, quasisymmetry = 0.601203, mirror = 0.000000 with aspect ratio=8.006524 took 32.005117s
23:53:23 - Growth rate = 0.098712, quasisymmetry = 0.124453, mirror = 0.000000 with aspect ratio=8.004115 took 32.090451s
23:53:23 - Growth rate = 0.094401, quasisymmetry = 0.164017, mirror = 0.000000 with aspect ratio=8.005300 took 32.154673s
23:53:23 - Growth rate = 0.091226, quasisymmetry = 0.635897, mirror = 0.000000 with aspect ratio=8.005300 took 32.205438s
23:53:23 - Growth rate = 0.097719, quasisymmetry = 2.763144, mirror = 0.000000 with aspect ratio=8.026502 took 32.241506s
23:53:23 - Growth rate = 0.091263, quasisymmetry = 0.425406, mirror = 0.000000 with aspect ratio=8.013796 took 32.500166s
23:53:23 - Growth rate = 0.079979, quasisymmetry = 3.578404, mirror = 0.000000 with aspect ratio=8.005237 took 32.363435s
23:53:23 - Growth rate = 0.095751, quasisymmetry = 0.145611, mirror = 0.000000 with aspect ratio=8.074036 took 32.395628s
23:53:23 - Growth rate = 0.101611, quasisymmetry = 0.090261, mirror = 0.000000 with aspect ratio=7.986210 took 31.839851s
23:53:23 - Growth rate = 0.101404, quasisymmetry = 3.781090, mirror = 0.000000 with aspect ratio=8.013524 took 32.445411s
23:53:23 - Growth rate = 0.114688, quasisymmetry = 5.871353, mirror = 0.000000 with aspect ratio=8.005632 took 32.776291s
23:53:23 - Growth rate = 0.096981, quasisymmetry = 0.215507, mirror = 0.000000 with aspect ratio=8.018572 took 32.183167s
23:53:23 - Growth rate = 0.118384, quasisymmetry = 1.046658, mirror = 0.000000 with aspect ratio=8.277023 took 31.976330s
23:53:24 - Growth rate = 0.111835, quasisymmetry = 0.079920, mirror = 0.000000 with aspect ratio=7.941902 took 31.732173s
23:53:24 - Growth rate = 0.092997, quasisymmetry = 0.389699, mirror = 0.000000 with aspect ratio=7.997097 took 32.390393s
       4             11         1.3276e-01      7.72e-05       1.58e-05       4.21e+00    
23:53:59 - Growth rate = 0.094704, quasisymmetry = 0.087413, mirror = 0.000000 with aspect ratio=8.005344 took 30.424453s
23:54:33 - Growth rate = 0.094343, quasisymmetry = 0.087405, mirror = 0.000000 with aspect ratio=8.005310 took 30.460150s
23:55:08 - Growth rate = 0.094343, quasisymmetry = 0.087405, mirror = 0.000000 with aspect ratio=8.005310 took 30.420379s
23:55:43 - Growth rate = 0.112825, quasisymmetry = 0.620344, mirror = 0.000000 with aspect ratio=7.897267 took 31.974159s
23:55:44 - Growth rate = 0.095853, quasisymmetry = 1.200837, mirror = 0.000000 with aspect ratio=8.044981 took 32.022737s
23:55:44 - Growth rate = 0.096572, quasisymmetry = 0.130945, mirror = 0.000000 with aspect ratio=8.061334 took 31.855380s
23:55:44 - Growth rate = 0.098708, quasisymmetry = 4.210368, mirror = 0.000000 with aspect ratio=7.980472 took 31.952262s
23:55:44 - Growth rate = 0.124882, quasisymmetry = 1.892034, mirror = 0.000000 with aspect ratio=8.030393 took 32.319159s
23:55:44 - Growth rate = 0.108665, quasisymmetry = 0.797906, mirror = 0.000000 with aspect ratio=8.016723 took 32.141397s
23:55:44 - Growth rate = 0.090218, quasisymmetry = 0.417350, mirror = 0.000000 with aspect ratio=7.504121 took 32.269526s
23:55:44 - Growth rate = 0.101479, quasisymmetry = 3.781000, mirror = 0.000000 with aspect ratio=8.013534 took 32.016026s
23:55:44 - Growth rate = 0.096163, quasisymmetry = 0.393427, mirror = 0.000000 with aspect ratio=7.548221 took 32.112560s
23:55:44 - Growth rate = 0.087421, quasisymmetry = 1.913272, mirror = 0.000000 with aspect ratio=8.008619 took 32.115907s
23:55:44 - Growth rate = 0.094448, quasisymmetry = 0.164300, mirror = 0.000000 with aspect ratio=8.005310 took 32.040305s
23:55:44 - Growth rate = 0.098696, quasisymmetry = 0.124275, mirror = 0.000000 with aspect ratio=8.004125 took 32.082548s
23:55:44 - Growth rate = 0.095801, quasisymmetry = 0.145609, mirror = 0.000000 with aspect ratio=8.074048 took 32.100346s
23:55:44 - Growth rate = 0.097723, quasisymmetry = 2.761392, mirror = 0.000000 with aspect ratio=8.026516 took 32.066093s
23:55:44 - Growth rate = 0.091250, quasisymmetry = 0.425140, mirror = 0.000000 with aspect ratio=8.013808 took 32.335215s
23:55:44 - Growth rate = 0.091041, quasisymmetry = 0.601507, mirror = 0.000000 with aspect ratio=8.006533 took 32.110161s
23:55:45 - Growth rate = 0.079980, quasisymmetry = 3.577859, mirror = 0.000000 with aspect ratio=8.005253 took 32.279829s
23:55:45 - Growth rate = 0.114640, quasisymmetry = 5.867968, mirror = 0.000000 with aspect ratio=8.005641 took 32.521167s
23:55:45 - Growth rate = 0.101692, quasisymmetry = 0.090302, mirror = 0.000000 with aspect ratio=7.986223 took 31.793051s
23:55:45 - Growth rate = 0.091187, quasisymmetry = 0.635319, mirror = 0.000000 with aspect ratio=8.005310 took 32.283899s
23:55:45 - Growth rate = 0.097011, quasisymmetry = 0.215519, mirror = 0.000000 with aspect ratio=8.018589 took 31.932281s
23:55:45 - Growth rate = 0.118376, quasisymmetry = 1.046489, mirror = 0.000000 with aspect ratio=8.277035 took 31.921758s
23:55:46 - Growth rate = 0.093024, quasisymmetry = 0.389710, mirror = 0.000000 with aspect ratio=7.997106 took 32.541877s
23:55:46 - Growth rate = 0.111908, quasisymmetry = 0.079958, mirror = 0.000000 with aspect ratio=7.941913 took 31.964306s
       5             13         1.3275e-01      1.47e-05       3.94e-06       4.03e+00    
23:56:21 - Growth rate = 0.094351, quasisymmetry = 0.087406, mirror = 0.000000 with aspect ratio=8.005320 took 30.424715s
23:56:55 - Growth rate = 0.094341, quasisymmetry = 0.087405, mirror = 0.000000 with aspect ratio=8.005313 took 30.295955s
23:57:30 - Growth rate = 0.094341, quasisymmetry = 0.087405, mirror = 0.000000 with aspect ratio=8.005313 took 30.317730s
23:58:05 - Growth rate = 0.112824, quasisymmetry = 0.620340, mirror = 0.000000 with aspect ratio=7.897270 took 32.088824s
23:58:05 - Growth rate = 0.095850, quasisymmetry = 1.200654, mirror = 0.000000 with aspect ratio=8.044984 took 31.864093s
23:58:05 - Growth rate = 0.096573, quasisymmetry = 0.130958, mirror = 0.000000 with aspect ratio=8.061337 took 31.816404s
23:58:06 - Growth rate = 0.098707, quasisymmetry = 4.209858, mirror = 0.000000 with aspect ratio=7.980475 took 32.174065s
23:58:06 - Growth rate = 0.090213, quasisymmetry = 0.417358, mirror = 0.000000 with aspect ratio=7.504123 took 32.165338s
23:58:06 - Growth rate = 0.124889, quasisymmetry = 1.892277, mirror = 0.000000 with aspect ratio=8.030395 took 32.406195s
23:58:06 - Growth rate = 0.096161, quasisymmetry = 0.393448, mirror = 0.000000 with aspect ratio=7.548224 took 32.065576s
23:58:06 - Growth rate = 0.091247, quasisymmetry = 0.425075, mirror = 0.000000 with aspect ratio=8.013811 took 32.158629s
23:58:06 - Growth rate = 0.098692, quasisymmetry = 0.124231, mirror = 0.000000 with aspect ratio=8.004127 took 32.019212s
23:58:06 - Growth rate = 0.091052, quasisymmetry = 0.601583, mirror = 0.000000 with aspect ratio=8.006535 took 31.970522s
23:58:06 - Growth rate = 0.108655, quasisymmetry = 0.797849, mirror = 0.000000 with aspect ratio=8.016725 took 32.277584s
23:58:06 - Growth rate = 0.097724, quasisymmetry = 2.760961, mirror = 0.000000 with aspect ratio=8.026519 took 32.059339s
23:58:06 - Growth rate = 0.094460, quasisymmetry = 0.164370, mirror = 0.000000 with aspect ratio=8.005313 took 32.102414s
23:58:06 - Growth rate = 0.087420, quasisymmetry = 1.913419, mirror = 0.000000 with aspect ratio=8.008622 took 32.200493s
23:58:06 - Growth rate = 0.079980, quasisymmetry = 3.577728, mirror = 0.000000 with aspect ratio=8.005257 took 32.155964s
23:58:06 - Growth rate = 0.095813, quasisymmetry = 0.145609, mirror = 0.000000 with aspect ratio=8.074051 took 32.168183s
23:58:06 - Growth rate = 0.101713, quasisymmetry = 0.090312, mirror = 0.000000 with aspect ratio=7.986226 took 31.746685s
23:58:06 - Growth rate = 0.114628, quasisymmetry = 5.867132, mirror = 0.000000 with aspect ratio=8.005643 took 32.545005s
23:58:06 - Growth rate = 0.101499, quasisymmetry = 3.780977, mirror = 0.000000 with aspect ratio=8.013536 took 32.323923s
23:58:06 - Growth rate = 0.097020, quasisymmetry = 0.215522, mirror = 0.000000 with aspect ratio=8.018593 took 32.044864s
23:58:06 - Growth rate = 0.118374, quasisymmetry = 1.046448, mirror = 0.000000 with aspect ratio=8.277038 took 31.865634s
23:58:06 - Growth rate = 0.091178, quasisymmetry = 0.635177, mirror = 0.000000 with aspect ratio=8.005313 took 32.398110s
23:58:07 - Growth rate = 0.111927, quasisymmetry = 0.079967, mirror = 0.000000 with aspect ratio=7.941916 took 31.806107s
23:58:08 - Growth rate = 0.093031, quasisymmetry = 0.389713, mirror = 0.000000 with aspect ratio=7.997108 took 32.675454s
       6             15         1.3275e-01      3.49e-06       9.85e-07       3.99e+00    
23:58:42 - Growth rate = 0.094339, quasisymmetry = 0.087405, mirror = 0.000000 with aspect ratio=8.005315 took 30.589319s
23:59:17 - Growth rate = 0.094339, quasisymmetry = 0.087405, mirror = 0.000000 with aspect ratio=8.005315 took 30.332281s
23:59:52 - Growth rate = 0.112822, quasisymmetry = 0.620336, mirror = 0.000000 with aspect ratio=7.897272 took 31.941315s
23:59:52 - Growth rate = 0.095849, quasisymmetry = 1.200474, mirror = 0.000000 with aspect ratio=8.044986 took 32.000798s
23:59:53 - Growth rate = 0.096574, quasisymmetry = 0.130971, mirror = 0.000000 with aspect ratio=8.061340 took 31.828021s
23:59:53 - Growth rate = 0.098705, quasisymmetry = 4.209357, mirror = 0.000000 with aspect ratio=7.980477 took 31.961035s
23:59:53 - Growth rate = 0.090208, quasisymmetry = 0.417366, mirror = 0.000000 with aspect ratio=7.504125 took 32.094090s
23:59:53 - Growth rate = 0.108644, quasisymmetry = 0.797792, mirror = 0.000000 with aspect ratio=8.016728 took 31.978646s
23:59:53 - Growth rate = 0.124896, quasisymmetry = 1.892516, mirror = 0.000000 with aspect ratio=8.030397 took 32.404648s
23:59:53 - Growth rate = 0.096159, quasisymmetry = 0.393469, mirror = 0.000000 with aspect ratio=7.548226 took 32.058242s
23:59:53 - Growth rate = 0.094471, quasisymmetry = 0.164438, mirror = 0.000000 with aspect ratio=8.005315 took 31.909458s
23:59:53 - Growth rate = 0.091063, quasisymmetry = 0.601658, mirror = 0.000000 with aspect ratio=8.006538 took 31.879541s
23:59:53 - Growth rate = 0.098688, quasisymmetry = 0.124189, mirror = 0.000000 with aspect ratio=8.004130 took 32.092637s
23:59:53 - Growth rate = 0.095825, quasisymmetry = 0.145608, mirror = 0.000000 with aspect ratio=8.074055 took 32.033052s
23:59:53 - Growth rate = 0.097725, quasisymmetry = 2.760537, mirror = 0.000000 with aspect ratio=8.026523 took 32.009065s
23:59:53 - Growth rate = 0.079980, quasisymmetry = 3.577602, mirror = 0.000000 with aspect ratio=8.005261 took 32.090164s
23:59:53 - Growth rate = 0.087419, quasisymmetry = 1.913566, mirror = 0.000000 with aspect ratio=8.008624 took 32.267309s
23:59:53 - Growth rate = 0.091168, quasisymmetry = 0.635035, mirror = 0.000000 with aspect ratio=8.005315 took 32.141128s
23:59:53 - Growth rate = 0.115159, quasisymmetry = 5.866306, mirror = 0.000000 with aspect ratio=8.005645 took 32.465683s
23:59:53 - Growth rate = 0.118372, quasisymmetry = 1.046407, mirror = 0.000000 with aspect ratio=8.277041 took 31.800501s
23:59:53 - Growth rate = 0.097029, quasisymmetry = 0.215525, mirror = 0.000000 with aspect ratio=8.018597 took 32.005335s
23:59:53 - Growth rate = 0.101736, quasisymmetry = 0.090322, mirror = 0.000000 with aspect ratio=7.986229 took 31.794688s
23:59:53 - Growth rate = 0.101519, quasisymmetry = 3.780955, mirror = 0.000000 with aspect ratio=8.013539 took 32.434434s
23:59:54 - Growth rate = 0.091243, quasisymmetry = 0.425011, mirror = 0.000000 with aspect ratio=8.013814 took 32.714894s
23:59:54 - Growth rate = 0.093037, quasisymmetry = 0.389715, mirror = 0.000000 with aspect ratio=7.997111 took 32.329180s
23:59:55 - Growth rate = 0.111945, quasisymmetry = 0.079976, mirror = 0.000000 with aspect ratio=7.941919 took 31.811270s
       7             16         1.3274e-01      3.36e-06       9.85e-07       4.05e+00    
00:00:29 - Growth rate = 0.094340, quasisymmetry = 0.087406, mirror = 0.000000 with aspect ratio=8.005318 took 30.404695s
00:01:04 - Growth rate = 0.094338, quasisymmetry = 0.087406, mirror = 0.000000 with aspect ratio=8.005316 took 30.304550s
00:01:38 - Growth rate = 0.094338, quasisymmetry = 0.087406, mirror = 0.000000 with aspect ratio=8.005316 took 30.503919s
00:02:14 - Growth rate = 0.095848, quasisymmetry = 1.200429, mirror = 0.000000 with aspect ratio=8.044987 took 31.870871s
00:02:14 - Growth rate = 0.112822, quasisymmetry = 0.620335, mirror = 0.000000 with aspect ratio=7.897273 took 32.208367s
00:02:14 - Growth rate = 0.096575, quasisymmetry = 0.130975, mirror = 0.000000 with aspect ratio=8.061340 took 31.784644s
00:02:14 - Growth rate = 0.108642, quasisymmetry = 0.797778, mirror = 0.000000 with aspect ratio=8.016729 took 32.025811s
00:02:14 - Growth rate = 0.090207, quasisymmetry = 0.417368, mirror = 0.000000 with aspect ratio=7.504126 took 32.223379s
00:02:14 - Growth rate = 0.124897, quasisymmetry = 1.892576, mirror = 0.000000 with aspect ratio=8.030398 took 32.427880s
00:02:14 - Growth rate = 0.101525, quasisymmetry = 3.780949, mirror = 0.000000 with aspect ratio=8.013540 took 31.989312s
00:02:14 - Growth rate = 0.098705, quasisymmetry = 4.209231, mirror = 0.000000 with aspect ratio=7.980478 took 32.305552s
00:02:14 - Growth rate = 0.096158, quasisymmetry = 0.393474, mirror = 0.000000 with aspect ratio=7.548226 took 32.115145s
00:02:15 - Growth rate = 0.098687, quasisymmetry = 0.124178, mirror = 0.000000 with aspect ratio=8.004130 took 32.070724s
00:02:15 - Growth rate = 0.097725, quasisymmetry = 2.760431, mirror = 0.000000 with aspect ratio=8.026524 took 32.010605s
00:02:15 - Growth rate = 0.094474, quasisymmetry = 0.164456, mirror = 0.000000 with aspect ratio=8.005316 took 32.070962s
00:02:15 - Growth rate = 0.087418, quasisymmetry = 1.913603, mirror = 0.000000 with aspect ratio=8.008625 took 32.222647s
00:02:15 - Growth rate = 0.095828, quasisymmetry = 0.145608, mirror = 0.000000 with aspect ratio=8.074055 took 32.215150s
00:02:15 - Growth rate = 0.079980, quasisymmetry = 3.577571, mirror = 0.000000 with aspect ratio=8.005262 took 32.267081s
00:02:15 - Growth rate = 0.091243, quasisymmetry = 0.424994, mirror = 0.000000 with aspect ratio=8.013815 took 32.480769s
00:02:15 - Growth rate = 0.115156, quasisymmetry = 5.866098, mirror = 0.000000 with aspect ratio=8.005646 took 32.689017s
00:02:15 - Growth rate = 0.091166, quasisymmetry = 0.635000, mirror = 0.000000 with aspect ratio=8.005316 took 32.428709s
00:02:15 - Growth rate = 0.091066, quasisymmetry = 0.601677, mirror = 0.000000 with aspect ratio=8.006538 took 32.346768s
00:02:15 - Growth rate = 0.097031, quasisymmetry = 0.215526, mirror = 0.000000 with aspect ratio=8.018598 took 32.100162s
00:02:15 - Growth rate = 0.101741, quasisymmetry = 0.090325, mirror = 0.000000 with aspect ratio=7.986230 took 31.913056s
00:02:15 - Growth rate = 0.118372, quasisymmetry = 1.046397, mirror = 0.000000 with aspect ratio=8.277042 took 32.050266s
00:02:16 - Growth rate = 0.111949, quasisymmetry = 0.079979, mirror = 0.000000 with aspect ratio=7.941919 took 31.756922s
00:02:16 - Growth rate = 0.093039, quasisymmetry = 0.389716, mirror = 0.000000 with aspect ratio=7.997111 took 32.366414s
       8             18         1.3274e-01      8.19e-07       2.46e-07       4.04e+00    
00:02:51 - Growth rate = 0.094338, quasisymmetry = 0.087406, mirror = 0.000000 with aspect ratio=8.005316 took 30.357208s
00:03:25 - Growth rate = 0.094338, quasisymmetry = 0.087406, mirror = 0.000000 with aspect ratio=8.005316 took 29.982674s
00:04:00 - Growth rate = 0.095848, quasisymmetry = 1.200384, mirror = 0.000000 with aspect ratio=8.044988 took 31.594270s
00:04:00 - Growth rate = 0.112822, quasisymmetry = 0.620334, mirror = 0.000000 with aspect ratio=7.897274 took 31.905799s
00:04:00 - Growth rate = 0.096575, quasisymmetry = 0.130978, mirror = 0.000000 with aspect ratio=8.061341 took 31.711743s
00:04:00 - Growth rate = 0.098705, quasisymmetry = 4.209105, mirror = 0.000000 with aspect ratio=7.980478 took 31.905139s
00:04:01 - Growth rate = 0.090205, quasisymmetry = 0.417370, mirror = 0.000000 with aspect ratio=7.504126 took 31.925585s
00:04:01 - Growth rate = 0.124899, quasisymmetry = 1.892636, mirror = 0.000000 with aspect ratio=8.030399 took 32.102189s
00:04:01 - Growth rate = 0.096158, quasisymmetry = 0.393479, mirror = 0.000000 with aspect ratio=7.548227 took 31.790853s
00:04:01 - Growth rate = 0.101530, quasisymmetry = 3.780943, mirror = 0.000000 with aspect ratio=8.013540 took 31.750544s
00:04:01 - Growth rate = 0.108639, quasisymmetry = 0.797764, mirror = 0.000000 with aspect ratio=8.016729 took 31.866664s
00:04:01 - Growth rate = 0.094477, quasisymmetry = 0.164473, mirror = 0.000000 with aspect ratio=8.005316 took 31.711414s
00:04:01 - Growth rate = 0.087418, quasisymmetry = 1.913640, mirror = 0.000000 with aspect ratio=8.008626 took 31.935762s
00:04:01 - Growth rate = 0.095831, quasisymmetry = 0.145608, mirror = 0.000000 with aspect ratio=8.074056 took 31.840119s
00:04:01 - Growth rate = 0.091069, quasisymmetry = 0.601695, mirror = 0.000000 with aspect ratio=8.006539 took 31.838121s
00:04:01 - Growth rate = 0.091242, quasisymmetry = 0.424978, mirror = 0.000000 with aspect ratio=8.013816 took 32.165743s
00:04:01 - Growth rate = 0.098686, quasisymmetry = 0.124167, mirror = 0.000000 with aspect ratio=8.004131 took 32.006111s
00:04:01 - Growth rate = 0.097726, quasisymmetry = 2.760324, mirror = 0.000000 with aspect ratio=8.026525 took 31.930614s
00:04:01 - Growth rate = 0.079980, quasisymmetry = 3.577539, mirror = 0.000000 with aspect ratio=8.005263 took 32.058297s
00:04:01 - Growth rate = 0.091164, quasisymmetry = 0.634964, mirror = 0.000000 with aspect ratio=8.005316 took 32.094080s
00:04:01 - Growth rate = 0.118371, quasisymmetry = 1.046386, mirror = 0.000000 with aspect ratio=8.277043 took 31.668859s
00:04:01 - Growth rate = 0.097033, quasisymmetry = 0.215527, mirror = 0.000000 with aspect ratio=8.018599 took 31.837143s
00:04:01 - Growth rate = 0.115153, quasisymmetry = 5.865890, mirror = 0.000000 with aspect ratio=8.005646 took 32.629006s
00:04:02 - Growth rate = 0.101747, quasisymmetry = 0.090327, mirror = 0.000000 with aspect ratio=7.986231 took 32.108718s
00:04:02 - Growth rate = 0.093041, quasisymmetry = 0.389716, mirror = 0.000000 with aspect ratio=7.997112 took 32.439900s
00:04:03 - Growth rate = 0.111954, quasisymmetry = 0.079981, mirror = 0.000000 with aspect ratio=7.941920 took 32.216432s
       9             19         1.3274e-01      8.11e-07       2.46e-07       4.03e+00    
00:04:37 - Growth rate = 0.094337, quasisymmetry = 0.087406, mirror = 0.000000 with aspect ratio=8.005317 took 30.331667s
00:05:12 - Growth rate = 0.094337, quasisymmetry = 0.087406, mirror = 0.000000 with aspect ratio=8.005317 took 30.441489s
00:05:47 - Growth rate = 0.112821, quasisymmetry = 0.620333, mirror = 0.000000 with aspect ratio=7.897274 took 32.014667s
00:05:47 - Growth rate = 0.095847, quasisymmetry = 1.200339, mirror = 0.000000 with aspect ratio=8.044989 took 31.914526s
00:05:48 - Growth rate = 0.096575, quasisymmetry = 0.130981, mirror = 0.000000 with aspect ratio=8.061342 took 31.961315s
00:05:48 - Growth rate = 0.098704, quasisymmetry = 4.208980, mirror = 0.000000 with aspect ratio=7.980479 took 32.115265s
00:05:48 - Growth rate = 0.090204, quasisymmetry = 0.417372, mirror = 0.000000 with aspect ratio=7.504127 took 32.104613s
00:05:48 - Growth rate = 0.096157, quasisymmetry = 0.393484, mirror = 0.000000 with aspect ratio=7.548227 took 31.962420s
00:05:48 - Growth rate = 0.124901, quasisymmetry = 1.892696, mirror = 0.000000 with aspect ratio=8.030399 took 32.333785s
00:05:48 - Growth rate = 0.087418, quasisymmetry = 1.913677, mirror = 0.000000 with aspect ratio=8.008626 took 32.010985s
00:05:48 - Growth rate = 0.091241, quasisymmetry = 0.424962, mirror = 0.000000 with aspect ratio=8.013817 took 32.186374s
00:05:48 - Growth rate = 0.094480, quasisymmetry = 0.164490, mirror = 0.000000 with aspect ratio=8.005317 took 32.017512s
00:05:48 - Growth rate = 0.098685, quasisymmetry = 0.124156, mirror = 0.000000 with aspect ratio=8.004132 took 32.076676s
00:05:48 - Growth rate = 0.108637, quasisymmetry = 0.797750, mirror = 0.000000 with aspect ratio=8.016730 took 32.234359s
00:05:48 - Growth rate = 0.097726, quasisymmetry = 2.760218, mirror = 0.000000 with aspect ratio=8.026525 took 32.103356s
00:05:48 - Growth rate = 0.115150, quasisymmetry = 5.865683, mirror = 0.000000 with aspect ratio=8.005647 took 32.482411s
00:05:48 - Growth rate = 0.095835, quasisymmetry = 0.145608, mirror = 0.000000 with aspect ratio=8.074057 took 32.227032s
00:05:48 - Growth rate = 0.101753, quasisymmetry = 0.090330, mirror = 0.000000 with aspect ratio=7.986232 took 31.681440s
00:05:48 - Growth rate = 0.079980, quasisymmetry = 3.577508, mirror = 0.000000 with aspect ratio=8.005264 took 32.255759s
00:05:48 - Growth rate = 0.091162, quasisymmetry = 0.634929, mirror = 0.000000 with aspect ratio=8.005317 took 32.244642s
00:05:48 - Growth rate = 0.101535, quasisymmetry = 3.780937, mirror = 0.000000 with aspect ratio=8.013541 took 32.332650s
00:05:48 - Growth rate = 0.091072, quasisymmetry = 0.601714, mirror = 0.000000 with aspect ratio=8.006539 took 32.160613s
00:05:49 - Growth rate = 0.118371, quasisymmetry = 1.046376, mirror = 0.000000 with aspect ratio=8.277044 took 31.869094s
00:05:49 - Growth rate = 0.097036, quasisymmetry = 0.215527, mirror = 0.000000 with aspect ratio=8.018601 took 32.430439s
00:05:50 - Growth rate = 0.111958, quasisymmetry = 0.079983, mirror = 0.000000 with aspect ratio=7.941921 took 31.861547s
00:05:50 - Growth rate = 0.093042, quasisymmetry = 0.389717, mirror = 0.000000 with aspect ratio=7.997112 took 32.694861s
      10             20         1.3274e-01      8.02e-07       2.46e-07       4.01e+00    
The maximum number of function evaluations is exceeded.
Function evaluations 20, initial cost 1.9306e-01, final cost 1.3274e-01, first-order optimality 4.01e+00.
Final aspect ratio: 8.005316968347413
Final mean iota: -0.9999410899043092
Final magnetic well: -0.08929743701822283
Final quasisymmetry: 0.08740571358431794
-------------------------
Optimizing with max_mode = 3
-------------------------
00:06:29 - Growth rate = 0.094337, quasisymmetry = 0.087406, mirror = 0.000000 with aspect ratio=8.005317 took 30.522291s
00:07:03 - Growth rate = 0.094337, quasisymmetry = 0.087406, mirror = 0.000000 with aspect ratio=8.005317 took 30.405020s
00:07:37 - Growth rate = 0.094337, quasisymmetry = 0.087406, mirror = 0.000000 with aspect ratio=8.005317 took 30.270463s
00:08:14 - Growth rate = 0.095847, quasisymmetry = 1.200339, mirror = 0.000000 with aspect ratio=8.044989 took 32.978871s
00:08:14 - Growth rate = 0.112821, quasisymmetry = 0.620333, mirror = 0.000000 with aspect ratio=7.897274 took 33.246210s
00:08:14 - Growth rate = 0.096575, quasisymmetry = 0.130981, mirror = 0.000000 with aspect ratio=8.061342 took 32.915735s
00:08:14 - Growth rate = 0.084516, quasisymmetry = 8.893989, mirror = 0.000000 with aspect ratio=8.005208 took 33.081806s
00:08:14 - Growth rate = 0.096157, quasisymmetry = 0.393484, mirror = 0.000000 with aspect ratio=7.548227 took 32.865909s
00:08:14 - Growth rate = 0.098704, quasisymmetry = 4.208980, mirror = 0.000000 with aspect ratio=7.980479 took 33.223497s
00:08:14 - Growth rate = 0.090204, quasisymmetry = 0.417372, mirror = 0.000000 with aspect ratio=7.504127 took 33.142372s
00:08:15 - Growth rate = 0.108637, quasisymmetry = 0.797750, mirror = 0.000000 with aspect ratio=8.016730 took 33.023705s
00:08:15 - Growth rate = 0.094131, quasisymmetry = 11.684287, mirror = 0.000000 with aspect ratio=8.005930 took 33.360031s
00:08:15 - Growth rate = 0.094480, quasisymmetry = 0.164490, mirror = 0.000000 with aspect ratio=8.005317 took 33.004103s
00:08:15 - Growth rate = 0.098685, quasisymmetry = 0.124156, mirror = 0.000000 with aspect ratio=8.004132 took 33.096748s
00:08:15 - Growth rate = 0.099375, quasisymmetry = 9.411275, mirror = 0.000000 with aspect ratio=8.005516 took 33.246799s
00:08:15 - Growth rate = 0.124901, quasisymmetry = 1.892696, mirror = 0.000000 with aspect ratio=8.030399 took 33.633442s
00:08:15 - Growth rate = 0.088166, quasisymmetry = 7.358567, mirror = 0.000000 with aspect ratio=8.005316 took 33.301108s
00:08:15 - Growth rate = 0.087418, quasisymmetry = 1.913677, mirror = 0.000000 with aspect ratio=8.008626 took 33.165392s
00:08:15 - Growth rate = 0.103124, quasisymmetry = 0.204517, mirror = 0.000000 with aspect ratio=8.008306 took 33.251103s
00:08:15 - Growth rate = 0.097490, quasisymmetry = 2.472659, mirror = 0.000000 with aspect ratio=8.005317 took 33.210362s
00:08:15 - Growth rate = 0.083864, quasisymmetry = 1.200610, mirror = 0.000000 with aspect ratio=8.004097 took 33.078644s
00:08:15 - Growth rate = 0.091241, quasisymmetry = 0.424962, mirror = 0.000000 with aspect ratio=8.013817 took 33.376292s
00:08:15 - Growth rate = 0.080978, quasisymmetry = 4.210312, mirror = 0.000000 with aspect ratio=8.005286 took 32.924623s
00:08:15 - Growth rate = 0.079980, quasisymmetry = 3.577508, mirror = 0.000000 with aspect ratio=8.005264 took 33.203153s
00:08:15 - Growth rate = 0.091072, quasisymmetry = 0.601714, mirror = 0.000000 with aspect ratio=8.006539 took 33.164169s
00:08:15 - Growth rate = 0.096695, quasisymmetry = 2.449752, mirror = 0.000000 with aspect ratio=8.005442 took 33.178784s
00:08:15 - Growth rate = 0.078098, quasisymmetry = 0.626463, mirror = 0.000000 with aspect ratio=8.004541 took 33.352204s
00:08:15 - Growth rate = 0.097726, quasisymmetry = 2.760218, mirror = 0.000000 with aspect ratio=8.026525 took 33.370329s
00:08:15 - Growth rate = 0.095835, quasisymmetry = 0.145608, mirror = 0.000000 with aspect ratio=8.074057 took 33.421706s
00:08:15 - Growth rate = 0.115150, quasisymmetry = 5.865683, mirror = 0.000000 with aspect ratio=8.005647 took 33.724601s
00:08:15 - Growth rate = 0.097036, quasisymmetry = 0.215527, mirror = 0.000000 with aspect ratio=8.018601 took 33.188450s
00:08:15 - Growth rate = 0.101535, quasisymmetry = 3.780937, mirror = 0.000000 with aspect ratio=8.013541 took 33.618556s
00:08:15 - Growth rate = 0.103530, quasisymmetry = 11.007984, mirror = 0.000000 with aspect ratio=8.004407 took 33.284509s
00:08:15 - Growth rate = 0.118371, quasisymmetry = 1.046376, mirror = 0.000000 with aspect ratio=8.277044 took 33.003067s
00:08:15 - Growth rate = 0.075333, quasisymmetry = 0.135575, mirror = 0.000000 with aspect ratio=8.005093 took 33.039998s
00:08:15 - Growth rate = 0.091162, quasisymmetry = 0.634929, mirror = 0.000000 with aspect ratio=8.005317 took 33.574105s
00:08:15 - Growth rate = 0.083269, quasisymmetry = 2.781436, mirror = 0.000000 with aspect ratio=8.003250 took 33.591244s
00:08:15 - Growth rate = 0.087690, quasisymmetry = 6.094066, mirror = 0.000000 with aspect ratio=8.004852 took 33.114251s
00:08:15 - Growth rate = 0.087031, quasisymmetry = 6.170868, mirror = 0.000000 with aspect ratio=8.004651 took 33.559167s
00:08:15 - Growth rate = 0.093835, quasisymmetry = 0.115744, mirror = 0.000000 with aspect ratio=8.012186 took 33.207755s
00:08:16 - Growth rate = 0.101753, quasisymmetry = 0.090330, mirror = 0.000000 with aspect ratio=7.986232 took 33.290177s
00:08:16 - Growth rate = 0.089837, quasisymmetry = 0.150059, mirror = 0.000000 with aspect ratio=8.004148 took 33.077637s
00:08:16 - Growth rate = 0.090813, quasisymmetry = 1.027198, mirror = 0.000000 with aspect ratio=8.003097 took 33.434151s
00:08:16 - Growth rate = 0.105461, quasisymmetry = 1.734755, mirror = 0.000000 with aspect ratio=8.007876 took 33.979572s
00:08:16 - Growth rate = 0.093042, quasisymmetry = 0.389717, mirror = 0.000000 with aspect ratio=7.997112 took 33.302593s
00:08:16 - Growth rate = 0.093209, quasisymmetry = 0.110191, mirror = 0.000000 with aspect ratio=8.006619 took 32.944676s
00:08:16 - Growth rate = 0.111958, quasisymmetry = 0.079983, mirror = 0.000000 with aspect ratio=7.941921 took 32.813395s
00:08:16 - Growth rate = 0.108535, quasisymmetry = 0.258691, mirror = 0.000000 with aspect ratio=8.001868 took 33.221185s
00:08:17 - Growth rate = 0.098847, quasisymmetry = 0.113028, mirror = 0.000000 with aspect ratio=8.005976 took 33.234049s
00:08:17 - Growth rate = 0.076691, quasisymmetry = 0.118261, mirror = 0.000000 with aspect ratio=8.001926 took 33.267469s
00:08:17 - Growth rate = 0.076778, quasisymmetry = 0.311353, mirror = 0.000000 with aspect ratio=8.003886 took 33.042304s
   Iteration     Total nfev        Cost      Cost reduction    Step norm     Optimality   
       0              1         1.3274e-01                                    9.59e+00    
00:09:00 - Growth rate = 0.072026, quasisymmetry = 19.209321, mirror = 0.169118 with aspect ratio=9.821884 took 30.863214s
00:09:35 - Growth rate = 0.113314, quasisymmetry = 1.167989, mirror = 0.000000 with aspect ratio=8.109098 took 30.617275s
00:10:10 - Growth rate = 0.086109, quasisymmetry = 0.093612, mirror = 0.000000 with aspect ratio=7.994853 took 30.457805s
00:10:44 - Growth rate = 0.086109, quasisymmetry = 0.093612, mirror = 0.000000 with aspect ratio=7.994853 took 30.254430s
00:11:22 - Growth rate = 0.079547, quasisymmetry = 1.375413, mirror = 0.000000 with aspect ratio=7.991741 took 33.252233s
00:11:22 - Growth rate = 0.113111, quasisymmetry = 0.601019, mirror = 0.000000 with aspect ratio=7.890735 took 33.343222s
00:11:22 - Growth rate = 0.108837, quasisymmetry = 11.557896, mirror = 0.000000 with aspect ratio=7.995650 took 33.641062s
00:11:22 - Growth rate = 0.080080, quasisymmetry = 0.410038, mirror = 0.000000 with aspect ratio=7.496013 took 33.436924s
00:11:22 - Growth rate = 0.080863, quasisymmetry = 4.534470, mirror = 0.000000 with aspect ratio=7.968064 took 33.307669s
00:11:22 - Growth rate = 0.072483, quasisymmetry = 3.252254, mirror = 0.000000 with aspect ratio=7.987315 took 33.549734s
00:11:22 - Growth rate = 0.083912, quasisymmetry = 0.099105, mirror = 0.000000 with aspect ratio=7.974309 took 33.332971s
00:11:22 - Growth rate = 0.091231, quasisymmetry = 4.248326, mirror = 0.000000 with aspect ratio=8.003596 took 33.560231s
00:11:22 - Growth rate = 0.097547, quasisymmetry = 0.383042, mirror = 0.000000 with aspect ratio=7.538496 took 33.577332s
00:11:22 - Growth rate = 0.079188, quasisymmetry = 0.469901, mirror = 0.000000 with aspect ratio=8.010337 took 33.517979s
00:11:22 - Growth rate = 0.071943, quasisymmetry = 3.958493, mirror = 0.000000 with aspect ratio=7.996444 took 33.456543s
00:11:22 - Growth rate = 0.090173, quasisymmetry = 0.157784, mirror = 0.000000 with aspect ratio=7.993581 took 33.327955s
00:11:22 - Growth rate = 0.088915, quasisymmetry = 2.781831, mirror = 0.000000 with aspect ratio=7.994853 took 33.483981s
00:11:22 - Growth rate = 0.075927, quasisymmetry = 7.519018, mirror = 0.000000 with aspect ratio=7.995915 took 33.515838s
00:11:22 - Growth rate = 0.084998, quasisymmetry = 0.208423, mirror = 0.000000 with aspect ratio=8.077328 took 33.578626s
00:11:22 - Growth rate = 0.080840, quasisymmetry = 1.982841, mirror = 0.000000 with aspect ratio=7.999715 took 33.583265s
00:11:22 - Growth rate = 0.086673, quasisymmetry = 0.121421, mirror = 0.000000 with aspect ratio=7.994853 took 33.401826s
00:11:22 - Growth rate = 0.084779, quasisymmetry = 0.126527, mirror = 0.000000 with aspect ratio=8.011286 took 33.200448s
00:11:22 - Growth rate = 0.111600, quasisymmetry = 1.075348, mirror = 0.000000 with aspect ratio=8.022819 took 33.664440s
00:11:22 - Growth rate = 0.080261, quasisymmetry = 0.578643, mirror = 0.000000 with aspect ratio=7.996724 took 33.545629s
00:11:22 - Growth rate = 0.088657, quasisymmetry = 9.250732, mirror = 0.000000 with aspect ratio=7.990894 took 33.808975s
00:11:22 - Growth rate = 0.079087, quasisymmetry = 0.225780, mirror = 0.000000 with aspect ratio=7.986105 took 33.375479s
00:11:22 - Growth rate = 0.084178, quasisymmetry = 0.150285, mirror = 0.000000 with aspect ratio=8.049502 took 33.174607s
00:11:22 - Growth rate = 0.091474, quasisymmetry = 0.253858, mirror = 0.000000 with aspect ratio=7.975613 took 33.506181s
00:11:22 - Growth rate = 0.075869, quasisymmetry = 6.241474, mirror = 0.000000 with aspect ratio=7.993980 took 33.926381s
00:11:22 - Growth rate = 0.086878, quasisymmetry = 2.137098, mirror = 0.000000 with aspect ratio=7.995052 took 33.778367s
00:11:22 - Growth rate = 0.077426, quasisymmetry = 0.702560, mirror = 0.000000 with aspect ratio=7.994853 took 33.793854s
00:11:22 - Growth rate = 0.067464, quasisymmetry = 0.905122, mirror = 0.000000 with aspect ratio=7.973077 took 33.834106s
00:11:22 - Growth rate = 0.090655, quasisymmetry = 0.273293, mirror = 0.000000 with aspect ratio=8.019152 took 33.328079s
00:11:22 - Growth rate = 0.093615, quasisymmetry = 1.350295, mirror = 0.000000 with aspect ratio=8.038419 took 33.753134s
00:11:23 - Growth rate = 0.071765, quasisymmetry = 10.347629, mirror = 0.000000 with aspect ratio=7.995133 took 34.155663s
00:11:23 - Growth rate = 0.130715, quasisymmetry = 1.137555, mirror = 0.000000 with aspect ratio=8.268144 took 33.377083s
00:11:23 - Growth rate = 0.098310, quasisymmetry = 3.129149, mirror = 0.000000 with aspect ratio=8.019774 took 33.868465s
00:11:23 - Growth rate = 0.068791, quasisymmetry = 6.488402, mirror = 0.000000 with aspect ratio=7.997387 took 33.961670s
00:11:23 - Growth rate = 0.128432, quasisymmetry = 1.811941, mirror = 0.000000 with aspect ratio=8.012338 took 33.940804s
00:11:23 - Growth rate = 0.108489, quasisymmetry = 6.430487, mirror = 0.000000 with aspect ratio=7.995700 took 34.103796s
00:11:23 - Growth rate = 0.085470, quasisymmetry = 0.456593, mirror = 0.000000 with aspect ratio=7.983950 took 34.057173s
00:11:23 - Growth rate = 0.098435, quasisymmetry = 0.129725, mirror = 0.000000 with aspect ratio=8.002656 took 33.129042s
00:11:23 - Growth rate = 0.115390, quasisymmetry = 0.094720, mirror = 0.000000 with aspect ratio=7.931838 took 33.010045s
00:11:23 - Growth rate = 0.084815, quasisymmetry = 12.527593, mirror = 0.000000 with aspect ratio=7.995792 took 34.286489s
00:11:23 - Growth rate = 0.081338, quasisymmetry = 1.370141, mirror = 0.000000 with aspect ratio=7.982732 took 34.004195s
00:11:23 - Growth rate = 0.092010, quasisymmetry = 0.301841, mirror = 0.000000 with aspect ratio=8.012422 took 33.505826s
00:11:23 - Growth rate = 0.097930, quasisymmetry = 2.110146, mirror = 0.000000 with aspect ratio=7.995525 took 34.283419s
00:11:23 - Growth rate = 0.069092, quasisymmetry = 0.466268, mirror = 0.000000 with aspect ratio=7.974364 took 33.583130s
00:11:23 - Growth rate = 0.090177, quasisymmetry = 0.321239, mirror = 0.000000 with aspect ratio=8.033123 took 33.614832s
00:11:23 - Growth rate = 0.077120, quasisymmetry = 4.778542, mirror = 0.000000 with aspect ratio=7.995634 took 33.215198s
00:11:23 - Growth rate = 0.074589, quasisymmetry = 0.197472, mirror = 0.000000 with aspect ratio=7.980534 took 33.082262s
00:11:27 - Growth rate = 0.069206, quasisymmetry = 0.185076, mirror = 0.000000 with aspect ratio=7.977085 took 33.213091s
       1              4         1.2099e-01      1.17e-02       1.10e-02       2.32e+01    
00:12:02 - Growth rate = 0.085337, quasisymmetry = 0.080742, mirror = 0.000000 with aspect ratio=8.004789 took 30.225754s
00:12:37 - Growth rate = 0.085337, quasisymmetry = 0.080742, mirror = 0.000000 with aspect ratio=8.004789 took 30.199155s
00:13:14 - Growth rate = 0.091232, quasisymmetry = 0.100683, mirror = 0.000000 with aspect ratio=7.988273 took 32.951864s
00:13:14 - Growth rate = 0.079433, quasisymmetry = 0.406522, mirror = 0.000000 with aspect ratio=7.506141 took 33.414368s
00:13:14 - Growth rate = 0.101971, quasisymmetry = 11.925061, mirror = 0.000000 with aspect ratio=8.005973 took 33.593513s
00:13:14 - Growth rate = 0.093365, quasisymmetry = 4.392278, mirror = 0.000000 with aspect ratio=8.015404 took 33.397164s
00:13:14 - Growth rate = 0.114164, quasisymmetry = 0.586330, mirror = 0.000000 with aspect ratio=7.901170 took 33.377145s
00:13:14 - Growth rate = 0.080328, quasisymmetry = 1.961589, mirror = 0.000000 with aspect ratio=8.010662 took 33.414931s
00:13:14 - Growth rate = 0.099022, quasisymmetry = 0.401121, mirror = 0.000000 with aspect ratio=7.548751 took 33.375321s
00:13:14 - Growth rate = 0.072169, quasisymmetry = 3.801253, mirror = 0.000000 with aspect ratio=8.007510 took 33.423918s
00:13:14 - Growth rate = 0.081485, quasisymmetry = 4.227068, mirror = 0.000000 with aspect ratio=7.978555 took 33.367343s
00:13:14 - Growth rate = 0.090451, quasisymmetry = 0.121604, mirror = 0.000000 with aspect ratio=8.003434 took 33.089159s
00:13:14 - Growth rate = 0.086151, quasisymmetry = 0.151243, mirror = 0.000000 with aspect ratio=8.004789 took 33.178066s
00:13:14 - Growth rate = 0.088824, quasisymmetry = 0.310361, mirror = 0.000000 with aspect ratio=8.028860 took 33.372415s
00:13:14 - Growth rate = 0.071982, quasisymmetry = 3.542087, mirror = 0.000000 with aspect ratio=7.994769 took 33.505233s
00:13:14 - Growth rate = 0.090677, quasisymmetry = 9.580027, mirror = 0.000000 with aspect ratio=7.999356 took 33.424211s
00:13:14 - Growth rate = 0.079931, quasisymmetry = 0.464059, mirror = 0.000000 with aspect ratio=8.024935 took 33.446403s
00:13:14 - Growth rate = 0.066842, quasisymmetry = 0.900296, mirror = 0.000000 with aspect ratio=7.981398 took 33.234200s
00:13:14 - Growth rate = 0.094773, quasisymmetry = 1.210697, mirror = 0.000000 with aspect ratio=8.048157 took 33.358078s
00:13:15 - Growth rate = 0.087194, quasisymmetry = 2.283007, mirror = 0.000000 with aspect ratio=8.005027 took 33.595058s
00:13:15 - Growth rate = 0.078190, quasisymmetry = 0.632491, mirror = 0.000000 with aspect ratio=8.004789 took 33.653050s
00:13:15 - Growth rate = 0.087674, quasisymmetry = 2.630572, mirror = 0.000000 with aspect ratio=8.004789 took 33.628181s
00:13:15 - Growth rate = 0.092150, quasisymmetry = 0.229959, mirror = 0.000000 with aspect ratio=7.985431 took 33.297579s
00:13:15 - Growth rate = 0.120189, quasisymmetry = 1.078177, mirror = 0.000000 with aspect ratio=8.279755 took 33.064895s
00:13:15 - Growth rate = 0.111543, quasisymmetry = 0.108275, mirror = 0.000000 with aspect ratio=7.939089 took 33.151693s
00:13:15 - Growth rate = 0.115995, quasisymmetry = 1.037346, mirror = 0.000000 with aspect ratio=8.034144 took 33.714206s
00:13:15 - Growth rate = 0.100023, quasisymmetry = 2.839783, mirror = 0.000000 with aspect ratio=8.030204 took 33.224025s
00:13:15 - Growth rate = 0.081595, quasisymmetry = 0.585611, mirror = 0.000000 with aspect ratio=8.006495 took 33.622222s
00:13:15 - Growth rate = 0.069720, quasisymmetry = 6.382635, mirror = 0.000000 with aspect ratio=8.007528 took 33.703333s
00:13:15 - Growth rate = 0.076789, quasisymmetry = 6.212848, mirror = 0.000000 with aspect ratio=8.003638 took 33.457518s
00:13:15 - Growth rate = 0.083690, quasisymmetry = 0.166117, mirror = 0.000000 with aspect ratio=8.057953 took 33.474898s
00:13:15 - Growth rate = 0.133451, quasisymmetry = 1.944346, mirror = 0.000000 with aspect ratio=8.020704 took 33.790665s
00:13:15 - Growth rate = 0.072978, quasisymmetry = 10.603938, mirror = 0.000000 with aspect ratio=8.004441 took 33.447349s
00:13:15 - Growth rate = 0.085709, quasisymmetry = 0.467193, mirror = 0.000000 with aspect ratio=7.995886 took 33.827753s
00:13:15 - Growth rate = 0.085364, quasisymmetry = 0.119932, mirror = 0.000000 with aspect ratio=8.028044 took 33.007431s
00:13:15 - Growth rate = 0.081706, quasisymmetry = 0.207225, mirror = 0.000000 with aspect ratio=7.996663 took 33.451534s
00:13:15 - Growth rate = 0.107163, quasisymmetry = 6.016824, mirror = 0.000000 with aspect ratio=8.005444 took 33.915108s
00:13:15 - Growth rate = 0.081287, quasisymmetry = 1.461940, mirror = 0.000000 with aspect ratio=7.998865 took 33.181290s
00:13:15 - Growth rate = 0.081314, quasisymmetry = 1.406870, mirror = 0.000000 with aspect ratio=7.992461 took 33.906448s
00:13:15 - Growth rate = 0.087592, quasisymmetry = 0.199627, mirror = 0.000000 with aspect ratio=8.088384 took 33.703939s
00:13:15 - Growth rate = 0.076432, quasisymmetry = 7.921338, mirror = 0.000000 with aspect ratio=8.006939 took 34.102808s
00:13:15 - Growth rate = 0.083410, quasisymmetry = 12.255014, mirror = 0.000000 with aspect ratio=8.006071 took 34.093951s
00:13:15 - Growth rate = 0.101169, quasisymmetry = 0.111357, mirror = 0.000000 with aspect ratio=8.009961 took 33.375087s
00:13:15 - Growth rate = 0.069028, quasisymmetry = 0.479917, mirror = 0.000000 with aspect ratio=7.980310 took 33.279793s
00:13:15 - Growth rate = 0.079086, quasisymmetry = 4.622331, mirror = 0.000000 with aspect ratio=8.004943 took 33.261688s
00:13:15 - Growth rate = 0.092341, quasisymmetry = 0.343823, mirror = 0.000000 with aspect ratio=8.024077 took 33.687221s
00:13:16 - Growth rate = 0.101600, quasisymmetry = 2.118829, mirror = 0.000000 with aspect ratio=8.007508 took 33.821857s
00:13:16 - Growth rate = 0.073407, quasisymmetry = 0.190799, mirror = 0.000000 with aspect ratio=7.984654 took 32.962078s
00:13:17 - Growth rate = 0.085962, quasisymmetry = 0.335090, mirror = 0.000000 with aspect ratio=8.048270 took 33.876384s
00:13:17 - Growth rate = 0.071525, quasisymmetry = 0.172299, mirror = 0.000000 with aspect ratio=7.982461 took 33.091689s
       2              5         1.1323e-01      7.76e-03       2.76e-03       3.67e+00    
00:13:53 - Growth rate = 0.086987, quasisymmetry = 0.087585, mirror = 0.000000 with aspect ratio=8.008258 took 30.370582s
00:14:28 - Growth rate = 0.084576, quasisymmetry = 0.084104, mirror = 0.000000 with aspect ratio=8.006426 took 30.314626s
00:15:03 - Growth rate = 0.083757, quasisymmetry = 0.081942, mirror = 0.000000 with aspect ratio=8.005060 took 30.467115s
00:15:37 - Growth rate = 0.083757, quasisymmetry = 0.081942, mirror = 0.000000 with aspect ratio=8.005060 took 30.306441s
00:16:14 - Growth rate = 0.079612, quasisymmetry = 0.413168, mirror = 0.000000 with aspect ratio=7.506438 took 33.207054s
00:16:15 - Growth rate = 0.105022, quasisymmetry = 11.923542, mirror = 0.000000 with aspect ratio=8.006238 took 33.418953s
00:16:15 - Growth rate = 0.098566, quasisymmetry = 0.398881, mirror = 0.000000 with aspect ratio=7.549024 took 32.897098s
00:16:15 - Growth rate = 0.113567, quasisymmetry = 0.580969, mirror = 0.000000 with aspect ratio=7.901445 took 33.048556s
00:16:15 - Growth rate = 0.084357, quasisymmetry = 0.103683, mirror = 0.000000 with aspect ratio=7.988728 took 32.872984s
00:16:15 - Growth rate = 0.071604, quasisymmetry = 3.800125, mirror = 0.000000 with aspect ratio=8.007857 took 33.010334s
00:16:15 - Growth rate = 0.091780, quasisymmetry = 4.409094, mirror = 0.000000 with aspect ratio=8.015750 took 33.256175s
00:16:15 - Growth rate = 0.081624, quasisymmetry = 4.221064, mirror = 0.000000 with aspect ratio=7.978890 took 33.127781s
00:16:15 - Growth rate = 0.089111, quasisymmetry = 0.311981, mirror = 0.000000 with aspect ratio=8.029192 took 33.070395s
00:16:15 - Growth rate = 0.072279, quasisymmetry = 3.551012, mirror = 0.000000 with aspect ratio=7.994980 took 33.335288s
00:16:15 - Growth rate = 0.089667, quasisymmetry = 0.202533, mirror = 0.000000 with aspect ratio=8.088706 took 33.305480s
00:16:15 - Growth rate = 0.090811, quasisymmetry = 0.120912, mirror = 0.000000 with aspect ratio=8.003680 took 33.085983s
00:16:15 - Growth rate = 0.091663, quasisymmetry = 9.608893, mirror = 0.000000 with aspect ratio=7.999552 took 33.312558s
00:16:15 - Growth rate = 0.109754, quasisymmetry = 1.034573, mirror = 0.000000 with aspect ratio=8.034489 took 33.334430s
00:16:15 - Growth rate = 0.079221, quasisymmetry = 0.464587, mirror = 0.000000 with aspect ratio=8.025563 took 33.366585s
00:16:15 - Growth rate = 0.071923, quasisymmetry = 10.625924, mirror = 0.000000 with aspect ratio=8.004528 took 33.498199s
00:16:15 - Growth rate = 0.094164, quasisymmetry = 1.198980, mirror = 0.000000 with aspect ratio=8.048487 took 33.280190s
00:16:15 - Growth rate = 0.086518, quasisymmetry = 0.154615, mirror = 0.000000 with aspect ratio=8.005060 took 33.294376s
00:16:15 - Growth rate = 0.078557, quasisymmetry = 0.630019, mirror = 0.000000 with aspect ratio=8.005060 took 33.456454s
00:16:15 - Growth rate = 0.076325, quasisymmetry = 7.941526, mirror = 0.000000 with aspect ratio=8.007218 took 33.544148s
00:16:15 - Growth rate = 0.113310, quasisymmetry = 0.110717, mirror = 0.000000 with aspect ratio=7.939331 took 33.008480s
00:16:15 - Growth rate = 0.082272, quasisymmetry = 0.206397, mirror = 0.000000 with aspect ratio=7.997012 took 33.220619s
00:16:15 - Growth rate = 0.093418, quasisymmetry = 0.229231, mirror = 0.000000 with aspect ratio=7.985739 took 33.253681s
00:16:15 - Growth rate = 0.079421, quasisymmetry = 1.467149, mirror = 0.000000 with aspect ratio=7.998890 took 33.284452s
00:16:15 - Growth rate = 0.119921, quasisymmetry = 1.066621, mirror = 0.000000 with aspect ratio=8.280112 took 32.990890s
00:16:15 - Growth rate = 0.135237, quasisymmetry = 1.943318, mirror = 0.000000 with aspect ratio=8.020930 took 33.563768s
00:16:15 - Growth rate = 0.079911, quasisymmetry = 0.591890, mirror = 0.000000 with aspect ratio=8.006760 took 33.526010s
00:16:15 - Growth rate = 0.086343, quasisymmetry = 2.639975, mirror = 0.000000 with aspect ratio=8.005060 took 33.615318s
00:16:15 - Growth rate = 0.086288, quasisymmetry = 12.273185, mirror = 0.000000 with aspect ratio=8.006390 took 33.668461s
00:16:15 - Growth rate = 0.099829, quasisymmetry = 2.824625, mirror = 0.000000 with aspect ratio=8.030513 took 33.471117s
00:16:15 - Growth rate = 0.085873, quasisymmetry = 0.472786, mirror = 0.000000 with aspect ratio=7.996207 took 33.715742s
00:16:16 - Growth rate = 0.084858, quasisymmetry = 0.120486, mirror = 0.000000 with aspect ratio=8.028722 took 32.917573s
00:16:16 - Growth rate = 0.087707, quasisymmetry = 2.281453, mirror = 0.000000 with aspect ratio=8.005302 took 33.769365s
00:16:16 - Growth rate = 0.075456, quasisymmetry = 6.217318, mirror = 0.000000 with aspect ratio=8.003989 took 33.622701s
00:16:16 - Growth rate = 0.094147, quasisymmetry = 5.997130, mirror = 0.000000 with aspect ratio=8.005685 took 33.927457s
00:16:16 - Growth rate = 0.084020, quasisymmetry = 0.169547, mirror = 0.000000 with aspect ratio=8.058214 took 32.851055s
00:16:16 - Growth rate = 0.069744, quasisymmetry = 6.391457, mirror = 0.000000 with aspect ratio=8.007827 took 33.817728s
00:16:16 - Growth rate = 0.069212, quasisymmetry = 0.486092, mirror = 0.000000 with aspect ratio=7.980286 took 33.197326s
00:16:16 - Growth rate = 0.080273, quasisymmetry = 1.968704, mirror = 0.000000 with aspect ratio=8.011054 took 33.454319s
00:16:16 - Growth rate = 0.081009, quasisymmetry = 1.416306, mirror = 0.000000 with aspect ratio=7.992755 took 33.974853s
00:16:16 - Growth rate = 0.067334, quasisymmetry = 0.904093, mirror = 0.000000 with aspect ratio=7.981488 took 33.775568s
00:16:16 - Growth rate = 0.086392, quasisymmetry = 0.340527, mirror = 0.000000 with aspect ratio=8.048801 took 33.088518s
00:16:16 - Growth rate = 0.077679, quasisymmetry = 4.638628, mirror = 0.000000 with aspect ratio=8.005089 took 33.118244s
00:16:16 - Growth rate = 0.092442, quasisymmetry = 0.345222, mirror = 0.000000 with aspect ratio=8.024439 took 33.199719s
00:16:17 - Growth rate = 0.101461, quasisymmetry = 2.120840, mirror = 0.000000 with aspect ratio=8.007867 took 34.282341s
00:16:17 - Growth rate = 0.074302, quasisymmetry = 0.192768, mirror = 0.000000 with aspect ratio=7.984668 took 32.890842s
00:16:17 - Growth rate = 0.099878, quasisymmetry = 0.112026, mirror = 0.000000 with aspect ratio=8.010131 took 33.506340s
00:16:18 - Growth rate = 0.071388, quasisymmetry = 0.174236, mirror = 0.000000 with aspect ratio=7.982473 took 33.019115s
       3              8         1.1116e-01      2.07e-03       1.73e-04       3.24e+00    
00:16:53 - Growth rate = 0.084727, quasisymmetry = 0.083518, mirror = 0.000000 with aspect ratio=8.006211 took 30.170164s
00:17:28 - Growth rate = 0.083969, quasisymmetry = 0.082468, mirror = 0.000000 with aspect ratio=8.005306 took 30.378268s
00:18:02 - Growth rate = 0.083757, quasisymmetry = 0.082086, mirror = 0.000000 with aspect ratio=8.005110 took 29.847148s
slurmstepd: error: *** JOB 10707066 ON r173c02s03 CANCELLED AT 2022-12-22T00:18:06 ***
