Initial aspect ratio: 8.032497901971727
Initial mean iota: -0.9073732888245726
Initial magnetic well: -0.11352199535921875
Initial growth rate: 0.11601592753249647
## Now calculating total objective function ##
00:56:14 - Growth rate = 0.116016, quasisymmetry = 0.140462, mirror = 0.000000 with aspect ratio=8.032498 took 127.249177s
Total objective before optimization: 1.4874879983682305
-------------------------
Optimizing with max_mode = 1
-------------------------
00:58:27 - Growth rate = 0.116016, quasisymmetry = 0.140462, mirror = 0.000000 with aspect ratio=8.032498 took 127.975587s
01:00:38 - Growth rate = 0.116016, quasisymmetry = 0.140462, mirror = 0.000000 with aspect ratio=8.032498 took 126.689437s
01:02:50 - Growth rate = 0.116016, quasisymmetry = 0.140462, mirror = 0.000000 with aspect ratio=8.032498 took 127.853419s
01:05:04 - Growth rate = 0.122191, quasisymmetry = 0.225700, mirror = 0.000000 with aspect ratio=8.107324 took 129.304647s
01:05:04 - Growth rate = 0.111740, quasisymmetry = 0.237220, mirror = 0.000000 with aspect ratio=7.797617 took 129.431725s
01:05:04 - Growth rate = 0.117717, quasisymmetry = 0.151925, mirror = 0.000000 with aspect ratio=8.032498 took 129.639565s
01:05:04 - Growth rate = 0.115399, quasisymmetry = 0.229041, mirror = 0.000000 with aspect ratio=7.771752 took 129.423973s
01:05:04 - Growth rate = 0.115656, quasisymmetry = 0.140679, mirror = 0.000000 with aspect ratio=8.033161 took 129.899192s
01:05:05 - Growth rate = 0.117373, quasisymmetry = 0.151872, mirror = 0.000000 with aspect ratio=8.031917 took 130.033328s
01:05:05 - Growth rate = 0.116430, quasisymmetry = 0.224299, mirror = 0.000000 with aspect ratio=7.987524 took 130.478649s
01:05:05 - Growth rate = 0.117930, quasisymmetry = 0.140609, mirror = 0.000000 with aspect ratio=8.033065 took 130.783481s
   Iteration     Total nfev        Cost      Cost reduction    Step norm     Optimality   
       0              1         7.4374e-01                                    2.01e+02    
01:07:19 - Growth rate = 0.119889, quasisymmetry = 0.188537, mirror = 0.000000 with aspect ratio=7.988169 took 128.603275s
01:09:32 - Growth rate = 0.110822, quasisymmetry = 0.274693, mirror = 0.000000 with aspect ratio=7.995530 took 128.313038s
01:11:44 - Growth rate = 0.114748, quasisymmetry = 0.162120, mirror = 0.000000 with aspect ratio=8.022955 took 127.285179s
01:13:58 - Growth rate = 0.114748, quasisymmetry = 0.162120, mirror = 0.000000 with aspect ratio=8.022955 took 128.774400s
01:16:11 - Growth rate = 0.123775, quasisymmetry = 0.198080, mirror = 0.000000 with aspect ratio=8.097417 took 129.253691s
01:16:12 - Growth rate = 0.113933, quasisymmetry = 0.153996, mirror = 0.000000 with aspect ratio=8.022154 took 129.768945s
01:16:12 - Growth rate = 0.117016, quasisymmetry = 0.198272, mirror = 0.000000 with aspect ratio=7.978257 took 130.182397s
01:16:12 - Growth rate = 0.109532, quasisymmetry = 0.295097, mirror = 0.000000 with aspect ratio=7.762761 took 129.879335s
01:16:12 - Growth rate = 0.111363, quasisymmetry = 0.156555, mirror = 0.000000 with aspect ratio=8.023824 took 130.164955s
01:16:12 - Growth rate = 0.114080, quasisymmetry = 0.210208, mirror = 0.000000 with aspect ratio=7.788835 took 130.285926s
01:16:12 - Growth rate = 0.112922, quasisymmetry = 0.162682, mirror = 0.000000 with aspect ratio=8.023616 took 130.216432s
01:16:13 - Growth rate = 0.116497, quasisymmetry = 0.190767, mirror = 0.000000 with aspect ratio=8.022955 took 130.214972s
       1              4         7.3967e-01      4.07e-03       1.24e-03       2.44e+02    
01:18:25 - Growth rate = 0.114680, quasisymmetry = 0.155121, mirror = 0.000000 with aspect ratio=8.024213 took 127.528740s
01:20:36 - Growth rate = 0.114680, quasisymmetry = 0.155121, mirror = 0.000000 with aspect ratio=8.024213 took 126.373168s
01:22:51 - Growth rate = 0.112954, quasisymmetry = 0.271144, mirror = 0.000000 with aspect ratio=7.763941 took 129.970427s
01:22:51 - Growth rate = 0.111989, quasisymmetry = 0.221986, mirror = 0.000000 with aspect ratio=7.789988 took 130.326064s
01:22:51 - Growth rate = 0.116682, quasisymmetry = 0.149243, mirror = 0.000000 with aspect ratio=8.023496 took 130.192935s
01:22:51 - Growth rate = 0.117557, quasisymmetry = 0.209741, mirror = 0.000000 with aspect ratio=7.979506 took 130.770826s
01:22:51 - Growth rate = 0.123393, quasisymmetry = 0.210425, mirror = 0.000000 with aspect ratio=8.098678 took 130.777983s
01:22:51 - Growth rate = 0.113912, quasisymmetry = 0.156150, mirror = 0.000000 with aspect ratio=8.024825 took 130.672282s
01:22:51 - Growth rate = 0.112591, quasisymmetry = 0.151136, mirror = 0.000000 with aspect ratio=8.025009 took 130.748042s
01:22:51 - Growth rate = 0.114995, quasisymmetry = 0.182679, mirror = 0.000000 with aspect ratio=8.024213 took 130.811795s
       2              5         7.3543e-01      4.24e-03       3.10e-04       1.65e+02    
01:25:04 - Growth rate = 0.113362, quasisymmetry = 0.153552, mirror = 0.000000 with aspect ratio=8.024420 took 127.931099s
01:27:16 - Growth rate = 0.113362, quasisymmetry = 0.153552, mirror = 0.000000 with aspect ratio=8.024420 took 127.479294s
01:29:30 - Growth rate = 0.116703, quasisymmetry = 0.212286, mirror = 0.000000 with aspect ratio=7.979713 took 129.537689s
01:29:30 - Growth rate = 0.117182, quasisymmetry = 0.148435, mirror = 0.000000 with aspect ratio=8.023721 took 129.622095s
01:29:31 - Growth rate = 0.111950, quasisymmetry = 0.265775, mirror = 0.000000 with aspect ratio=7.764138 took 129.722611s
01:29:31 - Growth rate = 0.112696, quasisymmetry = 0.224607, mirror = 0.000000 with aspect ratio=7.790172 took 130.094122s
01:29:31 - Growth rate = 0.117717, quasisymmetry = 0.180591, mirror = 0.000000 with aspect ratio=8.024420 took 129.987412s
01:29:31 - Growth rate = 0.122506, quasisymmetry = 0.213118, mirror = 0.000000 with aspect ratio=8.098879 took 130.486726s
01:29:31 - Growth rate = 0.113188, quasisymmetry = 0.154649, mirror = 0.000000 with aspect ratio=8.025022 took 130.373166s
01:29:32 - Growth rate = 0.113787, quasisymmetry = 0.149950, mirror = 0.000000 with aspect ratio=8.025196 took 130.657968s
       3              6         7.1963e-01      1.58e-02       7.74e-05       2.53e+01    
01:31:44 - Growth rate = 0.116221, quasisymmetry = 0.157066, mirror = 0.000000 with aspect ratio=8.022040 took 128.063939s
01:33:59 - Growth rate = 0.113866, quasisymmetry = 0.154410, mirror = 0.000000 with aspect ratio=8.023829 took 129.486377s
01:36:11 - Growth rate = 0.113473, quasisymmetry = 0.153765, mirror = 0.000000 with aspect ratio=8.024272 took 127.577534s
01:38:24 - Growth rate = 0.113403, quasisymmetry = 0.153605, mirror = 0.000000 with aspect ratio=8.024383 took 128.296598s
01:40:37 - Growth rate = 0.113372, quasisymmetry = 0.153565, mirror = 0.000000 with aspect ratio=8.024410 took 127.816151s
01:42:51 - Growth rate = 0.113365, quasisymmetry = 0.153555, mirror = 0.000000 with aspect ratio=8.024417 took 129.230773s
01:45:04 - Growth rate = 0.113363, quasisymmetry = 0.153553, mirror = 0.000000 with aspect ratio=8.024419 took 128.256090s
01:47:17 - Growth rate = 0.113363, quasisymmetry = 0.153552, mirror = 0.000000 with aspect ratio=8.024419 took 128.110750s
01:49:30 - Growth rate = 0.113362, quasisymmetry = 0.153552, mirror = 0.000000 with aspect ratio=8.024419 took 127.886038s
       4             15         7.1963e-01      0.00e+00       0.00e+00       2.53e+01    
`xtol` termination condition is satisfied.
Function evaluations 15, initial cost 7.4374e-01, final cost 7.1963e-01, first-order optimality 2.53e+01.
Final aspect ratio: 8.024419508862541
Final mean iota: -0.9054186153957471
Final magnetic well: -0.11348455687528207
Final quasisymmetry: 0.1535521631632375
Final growth rate: 0.11336236778084502
## Now calculating total objective function ##
01:53:50 - Growth rate = 0.113362, quasisymmetry = 0.153552, mirror = 0.000000 with aspect ratio=8.024420 took 127.593439s
Total objective before optimization: 1.4392511184643113
-------------------------
Optimizing with max_mode = 2
-------------------------
01:56:02 - Growth rate = 0.113362, quasisymmetry = 0.153552, mirror = 0.000000 with aspect ratio=8.024420 took 127.695592s
01:58:15 - Growth rate = 0.113362, quasisymmetry = 0.153552, mirror = 0.000000 with aspect ratio=8.024420 took 128.105464s
02:00:28 - Growth rate = 0.113362, quasisymmetry = 0.153552, mirror = 0.000000 with aspect ratio=8.024420 took 128.224979s
02:02:45 - Growth rate = 0.112696, quasisymmetry = 0.224607, mirror = 0.000000 with aspect ratio=7.790172 took 132.015801s
02:02:45 - Growth rate = 0.122506, quasisymmetry = 0.213118, mirror = 0.000000 with aspect ratio=8.098879 took 132.573633s
02:02:45 - Growth rate = 0.116703, quasisymmetry = 0.212286, mirror = 0.000000 with aspect ratio=7.979713 took 132.961631s
02:02:45 - Growth rate = 0.113436, quasisymmetry = 0.153418, mirror = 0.000000 with aspect ratio=8.024420 took 132.809803s
02:02:45 - Growth rate = 0.117182, quasisymmetry = 0.148435, mirror = 0.000000 with aspect ratio=8.023721 took 132.879935s
02:02:46 - Growth rate = 0.113088, quasisymmetry = 0.153566, mirror = 0.000000 with aspect ratio=8.024398 took 133.368734s
02:02:46 - Growth rate = 0.113263, quasisymmetry = 0.153089, mirror = 0.000000 with aspect ratio=8.023967 took 133.456257s
02:02:46 - Growth rate = 0.111950, quasisymmetry = 0.265775, mirror = 0.000000 with aspect ratio=7.764138 took 133.433366s
02:02:46 - Growth rate = 0.113369, quasisymmetry = 0.150585, mirror = 0.000000 with aspect ratio=8.024410 took 133.665793s
02:02:46 - Growth rate = 0.114339, quasisymmetry = 0.150870, mirror = 0.000000 with aspect ratio=8.024229 took 133.757921s
02:02:46 - Growth rate = 0.113426, quasisymmetry = 0.153232, mirror = 0.000000 with aspect ratio=8.024399 took 133.766430s
02:02:46 - Growth rate = 0.112566, quasisymmetry = 0.149835, mirror = 0.000000 with aspect ratio=8.024632 took 133.780228s
02:02:46 - Growth rate = 0.113999, quasisymmetry = 0.153396, mirror = 0.000000 with aspect ratio=8.024420 took 133.804502s
02:02:46 - Growth rate = 0.113986, quasisymmetry = 0.150648, mirror = 0.000000 with aspect ratio=8.024412 took 133.879283s
02:02:47 - Growth rate = 0.113262, quasisymmetry = 0.153504, mirror = 0.000000 with aspect ratio=8.024938 took 133.935169s
02:02:47 - Growth rate = 0.113223, quasisymmetry = 0.153173, mirror = 0.000000 with aspect ratio=8.024420 took 133.943489s
02:02:47 - Growth rate = 0.113317, quasisymmetry = 0.153505, mirror = 0.000000 with aspect ratio=8.024428 took 134.045938s
02:02:47 - Growth rate = 0.117717, quasisymmetry = 0.180591, mirror = 0.000000 with aspect ratio=8.024420 took 133.943208s
02:02:47 - Growth rate = 0.113188, quasisymmetry = 0.154649, mirror = 0.000000 with aspect ratio=8.025022 took 134.070276s
02:02:47 - Growth rate = 0.113595, quasisymmetry = 0.153878, mirror = 0.000000 with aspect ratio=8.024526 took 134.066973s
02:02:47 - Growth rate = 0.113327, quasisymmetry = 0.152648, mirror = 0.000000 with aspect ratio=8.024301 took 134.114137s
02:02:47 - Growth rate = 0.113499, quasisymmetry = 0.153753, mirror = 0.000000 with aspect ratio=8.024912 took 134.222183s
02:02:47 - Growth rate = 0.113718, quasisymmetry = 0.153362, mirror = 0.000000 with aspect ratio=8.024418 took 134.297888s
02:02:47 - Growth rate = 0.113787, quasisymmetry = 0.149950, mirror = 0.000000 with aspect ratio=8.025196 took 134.848401s
   Iteration     Total nfev        Cost      Cost reduction    Step norm     Optimality   
       0              1         7.1963e-01                                    1.10e+02    
02:04:59 - Growth rate = 0.132297, quasisymmetry = 0.686354, mirror = 0.000000 with aspect ratio=8.219428 took 128.140448s
02:07:11 - Growth rate = 0.155133, quasisymmetry = 0.156141, mirror = 0.000000 with aspect ratio=7.997509 took 126.297084s
02:09:22 - Growth rate = 0.114851, quasisymmetry = 0.123134, mirror = 0.000000 with aspect ratio=8.017523 took 126.819732s
02:11:34 - Growth rate = 0.116212, quasisymmetry = 0.168029, mirror = 0.000000 with aspect ratio=8.021250 took 127.183412s
02:13:48 - Growth rate = 0.116184, quasisymmetry = 0.155905, mirror = 0.000000 with aspect ratio=8.023732 took 128.916926s
02:16:01 - Growth rate = 0.113676, quasisymmetry = 0.153931, mirror = 0.000000 with aspect ratio=8.024255 took 127.801831s
02:18:13 - Growth rate = 0.113087, quasisymmetry = 0.153631, mirror = 0.000000 with aspect ratio=8.024379 took 127.811637s
02:20:27 - Growth rate = 0.113087, quasisymmetry = 0.153631, mirror = 0.000000 with aspect ratio=8.024379 took 128.935067s
02:22:44 - Growth rate = 0.116786, quasisymmetry = 0.212927, mirror = 0.000000 with aspect ratio=7.979675 took 132.694509s
02:22:44 - Growth rate = 0.112492, quasisymmetry = 0.225254, mirror = 0.000000 with aspect ratio=7.790133 took 132.829185s
02:22:45 - Growth rate = 0.117002, quasisymmetry = 0.148544, mirror = 0.000000 with aspect ratio=8.023682 took 132.890878s
02:22:45 - Growth rate = 0.122592, quasisymmetry = 0.213851, mirror = 0.000000 with aspect ratio=8.098836 took 133.202541s
02:22:45 - Growth rate = 0.112927, quasisymmetry = 0.153169, mirror = 0.000000 with aspect ratio=8.023926 took 132.954776s
02:22:45 - Growth rate = 0.113239, quasisymmetry = 0.153283, mirror = 0.000000 with aspect ratio=8.024358 took 133.117886s
02:22:45 - Growth rate = 0.111928, quasisymmetry = 0.265278, mirror = 0.000000 with aspect ratio=7.764100 took 133.268965s
02:22:45 - Growth rate = 0.113261, quasisymmetry = 0.150678, mirror = 0.000000 with aspect ratio=8.024370 took 133.412357s
02:22:45 - Growth rate = 0.113088, quasisymmetry = 0.153458, mirror = 0.000000 with aspect ratio=8.024380 took 133.498521s
02:22:45 - Growth rate = 0.112971, quasisymmetry = 0.153585, mirror = 0.000000 with aspect ratio=8.024387 took 133.488995s
02:22:45 - Growth rate = 0.112825, quasisymmetry = 0.153671, mirror = 0.000000 with aspect ratio=8.024357 took 133.696293s
02:22:45 - Growth rate = 0.113443, quasisymmetry = 0.150024, mirror = 0.000000 with aspect ratio=8.025156 took 133.709447s
02:22:45 - Growth rate = 0.113977, quasisymmetry = 0.150918, mirror = 0.000000 with aspect ratio=8.024189 took 133.750313s
02:22:45 - Growth rate = 0.113574, quasisymmetry = 0.150649, mirror = 0.000000 with aspect ratio=8.024371 took 133.784387s
02:22:46 - Growth rate = 0.113666, quasisymmetry = 0.153409, mirror = 0.000000 with aspect ratio=8.024379 took 133.820382s
02:22:46 - Growth rate = 0.115590, quasisymmetry = 0.149898, mirror = 0.000000 with aspect ratio=8.024591 took 133.834889s
02:22:46 - Growth rate = 0.117570, quasisymmetry = 0.180699, mirror = 0.000000 with aspect ratio=8.024379 took 133.773601s
02:22:46 - Growth rate = 0.113209, quasisymmetry = 0.153284, mirror = 0.000000 with aspect ratio=8.024379 took 134.001658s
02:22:46 - Growth rate = 0.112972, quasisymmetry = 0.153583, mirror = 0.000000 with aspect ratio=8.024898 took 134.130903s
02:22:46 - Growth rate = 0.113123, quasisymmetry = 0.152724, mirror = 0.000000 with aspect ratio=8.024261 took 134.245702s
02:22:46 - Growth rate = 0.112834, quasisymmetry = 0.154770, mirror = 0.000000 with aspect ratio=8.024981 took 134.216651s
02:22:46 - Growth rate = 0.113292, quasisymmetry = 0.153953, mirror = 0.000000 with aspect ratio=8.024485 took 134.337899s
02:22:46 - Growth rate = 0.113217, quasisymmetry = 0.153831, mirror = 0.000000 with aspect ratio=8.024871 took 134.330421s
02:22:46 - Growth rate = 0.113365, quasisymmetry = 0.153401, mirror = 0.000000 with aspect ratio=8.024377 took 134.447326s
       1              8         7.1655e-01      3.08e-03       2.82e-05       2.63e+02    
02:25:00 - Growth rate = 0.114074, quasisymmetry = 0.155160, mirror = 0.000000 with aspect ratio=8.024282 took 129.530194s
02:27:14 - Growth rate = 0.113110, quasisymmetry = 0.154007, mirror = 0.000000 with aspect ratio=8.024355 took 128.679114s
02:29:28 - Growth rate = 0.113097, quasisymmetry = 0.153725, mirror = 0.000000 with aspect ratio=8.024373 took 128.846081s
02:31:41 - Growth rate = 0.113095, quasisymmetry = 0.153655, mirror = 0.000000 with aspect ratio=8.024377 took 128.286170s
02:33:54 - Growth rate = 0.113087, quasisymmetry = 0.153637, mirror = 0.000000 with aspect ratio=8.024379 took 128.286610s
02:36:07 - Growth rate = 0.113087, quasisymmetry = 0.153633, mirror = 0.000000 with aspect ratio=8.024379 took 128.394036s
02:38:21 - Growth rate = 0.113087, quasisymmetry = 0.153632, mirror = 0.000000 with aspect ratio=8.024379 took 128.627233s
02:40:35 - Growth rate = 0.113087, quasisymmetry = 0.153631, mirror = 0.000000 with aspect ratio=8.024379 took 129.840320s
       2             16         7.1655e-01      0.00e+00       0.00e+00       2.63e+02    
`xtol` termination condition is satisfied.
Function evaluations 16, initial cost 7.1963e-01, final cost 7.1655e-01, first-order optimality 2.63e+02.
Final aspect ratio: 8.024378963940183
Final mean iota: -0.9054694156042287
Final magnetic well: -0.11348977883457693
Final quasisymmetry: 0.15363138803438814
Final growth rate: 0.11308695774771234
## Now calculating total objective function ##
02:44:57 - Growth rate = 0.113087, quasisymmetry = 0.153631, mirror = 0.000000 with aspect ratio=8.024379 took 128.316868s
Total objective before optimization: 1.4330917231804428
-------------------------
Optimizing with max_mode = 3
-------------------------
02:47:10 - Growth rate = 0.113087, quasisymmetry = 0.153631, mirror = 0.000000 with aspect ratio=8.024379 took 128.072741s
02:49:24 - Growth rate = 0.113087, quasisymmetry = 0.153631, mirror = 0.000000 with aspect ratio=8.024379 took 128.935768s
02:51:36 - Growth rate = 0.113087, quasisymmetry = 0.153631, mirror = 0.000000 with aspect ratio=8.024379 took 127.899502s
02:54:00 - Growth rate = 0.122592, quasisymmetry = 0.213851, mirror = 0.000000 with aspect ratio=8.098836 took 139.124273s
02:54:00 - Growth rate = 0.112492, quasisymmetry = 0.225254, mirror = 0.000000 with aspect ratio=7.790133 took 139.170377s
02:54:00 - Growth rate = 0.113502, quasisymmetry = 0.154724, mirror = 0.000000 with aspect ratio=8.024379 took 139.260559s
02:54:00 - Growth rate = 0.116786, quasisymmetry = 0.212927, mirror = 0.000000 with aspect ratio=7.979675 took 139.623668s
02:54:01 - Growth rate = 0.113261, quasisymmetry = 0.150678, mirror = 0.000000 with aspect ratio=8.024370 took 139.348802s
02:54:01 - Growth rate = 0.112999, quasisymmetry = 0.153699, mirror = 0.000000 with aspect ratio=8.024379 took 139.395805s
02:54:01 - Growth rate = 0.112927, quasisymmetry = 0.153169, mirror = 0.000000 with aspect ratio=8.023926 took 139.492343s
02:54:01 - Growth rate = 0.114407, quasisymmetry = 0.153507, mirror = 0.000000 with aspect ratio=8.024379 took 139.701997s
02:54:01 - Growth rate = 0.117002, quasisymmetry = 0.148544, mirror = 0.000000 with aspect ratio=8.023682 took 139.804813s
02:54:01 - Growth rate = 0.113574, quasisymmetry = 0.150649, mirror = 0.000000 with aspect ratio=8.024371 took 139.983032s
02:54:01 - Growth rate = 0.113292, quasisymmetry = 0.153953, mirror = 0.000000 with aspect ratio=8.024485 took 140.040798s
02:54:02 - Growth rate = 0.114631, quasisymmetry = 0.154913, mirror = 0.000000 with aspect ratio=8.024379 took 140.214463s
02:54:02 - Growth rate = 0.113209, quasisymmetry = 0.153284, mirror = 0.000000 with aspect ratio=8.024379 took 140.373752s
02:54:02 - Growth rate = 0.113666, quasisymmetry = 0.153409, mirror = 0.000000 with aspect ratio=8.024379 took 140.387977s
02:54:02 - Growth rate = 0.113018, quasisymmetry = 0.153678, mirror = 0.000000 with aspect ratio=8.024379 took 140.526160s
02:54:02 - Growth rate = 0.112964, quasisymmetry = 0.153638, mirror = 0.000000 with aspect ratio=8.024379 took 140.945891s
02:54:02 - Growth rate = 0.113280, quasisymmetry = 0.153690, mirror = 0.000000 with aspect ratio=8.024379 took 140.901268s
02:54:02 - Growth rate = 0.112902, quasisymmetry = 0.153643, mirror = 0.000000 with aspect ratio=8.024379 took 141.001387s
02:54:02 - Growth rate = 0.111928, quasisymmetry = 0.265278, mirror = 0.000000 with aspect ratio=7.764100 took 140.926003s
02:54:03 - Growth rate = 0.114343, quasisymmetry = 0.153741, mirror = 0.000000 with aspect ratio=8.024379 took 141.421938s
02:54:03 - Growth rate = 0.117570, quasisymmetry = 0.180699, mirror = 0.000000 with aspect ratio=8.024379 took 141.639255s
02:54:03 - Growth rate = 0.113215, quasisymmetry = 0.154189, mirror = 0.000000 with aspect ratio=8.024379 took 141.770190s
02:54:03 - Growth rate = 0.113443, quasisymmetry = 0.150024, mirror = 0.000000 with aspect ratio=8.025156 took 141.821998s
02:54:03 - Growth rate = 0.113217, quasisymmetry = 0.153831, mirror = 0.000000 with aspect ratio=8.024871 took 141.956072s
02:54:03 - Growth rate = 0.114193, quasisymmetry = 0.154120, mirror = 0.000000 with aspect ratio=8.024379 took 141.917528s
02:54:03 - Growth rate = 0.113068, quasisymmetry = 0.153729, mirror = 0.000000 with aspect ratio=8.024379 took 142.022763s
02:54:03 - Growth rate = 0.112972, quasisymmetry = 0.153583, mirror = 0.000000 with aspect ratio=8.024898 took 142.051676s
02:54:03 - Growth rate = 0.113772, quasisymmetry = 0.154759, mirror = 0.000000 with aspect ratio=8.024379 took 142.241334s
02:54:04 - Growth rate = 0.115590, quasisymmetry = 0.149898, mirror = 0.000000 with aspect ratio=8.024591 took 142.236648s
02:54:04 - Growth rate = 0.114341, quasisymmetry = 0.152691, mirror = 0.000000 with aspect ratio=8.024379 took 142.294173s
02:54:04 - Growth rate = 0.113365, quasisymmetry = 0.153401, mirror = 0.000000 with aspect ratio=8.024377 took 142.380709s
02:54:04 - Growth rate = 0.114064, quasisymmetry = 0.154801, mirror = 0.000000 with aspect ratio=8.024379 took 142.345069s
02:54:04 - Growth rate = 0.112948, quasisymmetry = 0.153632, mirror = 0.000000 with aspect ratio=8.024379 took 142.396912s
02:54:04 - Growth rate = 0.113977, quasisymmetry = 0.150918, mirror = 0.000000 with aspect ratio=8.024189 took 142.448032s
02:54:04 - Growth rate = 0.112825, quasisymmetry = 0.153671, mirror = 0.000000 with aspect ratio=8.024357 took 142.481118s
02:54:04 - Growth rate = 0.113088, quasisymmetry = 0.153458, mirror = 0.000000 with aspect ratio=8.024380 took 142.527371s
02:54:04 - Growth rate = 0.113823, quasisymmetry = 0.154901, mirror = 0.000000 with aspect ratio=8.024379 took 142.577035s
02:54:04 - Growth rate = 0.114233, quasisymmetry = 0.154331, mirror = 0.000000 with aspect ratio=8.024379 took 142.614709s
02:54:04 - Growth rate = 0.113239, quasisymmetry = 0.153283, mirror = 0.000000 with aspect ratio=8.024358 took 142.640661s
02:54:04 - Growth rate = 0.113033, quasisymmetry = 0.153752, mirror = 0.000000 with aspect ratio=8.024379 took 142.599532s
02:54:04 - Growth rate = 0.115144, quasisymmetry = 0.156324, mirror = 0.000000 with aspect ratio=8.024379 took 142.637304s
02:54:04 - Growth rate = 0.113123, quasisymmetry = 0.152724, mirror = 0.000000 with aspect ratio=8.024261 took 142.681551s
02:54:04 - Growth rate = 0.114122, quasisymmetry = 0.154438, mirror = 0.000000 with aspect ratio=8.024379 took 142.657923s
02:54:04 - Growth rate = 0.114326, quasisymmetry = 0.154756, mirror = 0.000000 with aspect ratio=8.024379 took 142.683308s
02:54:04 - Growth rate = 0.112971, quasisymmetry = 0.153585, mirror = 0.000000 with aspect ratio=8.024387 took 142.677779s
02:54:04 - Growth rate = 0.112834, quasisymmetry = 0.154770, mirror = 0.000000 with aspect ratio=8.024981 took 142.746963s
02:54:04 - Growth rate = 0.112930, quasisymmetry = 0.153391, mirror = 0.000000 with aspect ratio=8.024379 took 142.900515s
02:54:04 - Growth rate = 0.112970, quasisymmetry = 0.153438, mirror = 0.000000 with aspect ratio=8.024379 took 142.939752s
   Iteration     Total nfev        Cost      Cost reduction    Step norm     Optimality   
       0              1         7.1655e-01                                    2.63e+02    
02:56:17 - Growth rate = 0.148415, quasisymmetry = 0.311825, mirror = 0.000000 with aspect ratio=7.866426 took 125.901311s
02:58:30 - Growth rate = 0.153912, quasisymmetry = 0.138148, mirror = 0.000000 with aspect ratio=8.021661 took 127.337836s
03:00:41 - Growth rate = 0.125207, quasisymmetry = 0.087741, mirror = 0.000000 with aspect ratio=8.023280 took 127.945464s
03:02:55 - Growth rate = 0.112048, quasisymmetry = 0.209065, mirror = 0.000000 with aspect ratio=8.020991 took 128.680125s
03:05:08 - Growth rate = 0.113641, quasisymmetry = 0.175582, mirror = 0.000000 with aspect ratio=8.023577 took 127.772478s
03:07:22 - Growth rate = 0.112549, quasisymmetry = 0.156411, mirror = 0.000000 with aspect ratio=8.024190 took 129.432334s
03:09:35 - Growth rate = 0.112549, quasisymmetry = 0.156411, mirror = 0.000000 with aspect ratio=8.024190 took 128.284139s
03:11:58 - Growth rate = 0.112124, quasisymmetry = 0.227026, mirror = 0.000000 with aspect ratio=7.789958 took 138.323524s
03:11:58 - Growth rate = 0.117311, quasisymmetry = 0.155951, mirror = 0.000000 with aspect ratio=8.023737 took 138.693594s
03:11:59 - Growth rate = 0.112259, quasisymmetry = 0.156429, mirror = 0.000000 with aspect ratio=8.024190 took 138.736068s
03:11:59 - Growth rate = 0.113936, quasisymmetry = 0.156384, mirror = 0.000000 with aspect ratio=8.024190 took 139.035740s
03:11:59 - Growth rate = 0.121598, quasisymmetry = 0.216132, mirror = 0.000000 with aspect ratio=8.098634 took 139.459901s
03:11:59 - Growth rate = 0.116063, quasisymmetry = 0.215070, mirror = 0.000000 with aspect ratio=7.979493 took 139.562529s
03:11:59 - Growth rate = 0.113366, quasisymmetry = 0.157590, mirror = 0.000000 with aspect ratio=8.024191 took 139.387482s
03:12:00 - Growth rate = 0.112581, quasisymmetry = 0.155530, mirror = 0.000000 with aspect ratio=8.024071 took 139.834088s
03:12:00 - Growth rate = 0.117718, quasisymmetry = 0.156290, mirror = 0.000000 with aspect ratio=8.024190 took 139.798822s
03:12:00 - Growth rate = 0.114071, quasisymmetry = 0.155910, mirror = 0.000000 with aspect ratio=8.024191 took 139.787055s
03:12:00 - Growth rate = 0.112482, quasisymmetry = 0.156352, mirror = 0.000000 with aspect ratio=8.024709 took 139.787650s
03:12:00 - Growth rate = 0.112645, quasisymmetry = 0.156170, mirror = 0.000000 with aspect ratio=8.024189 took 139.956417s
03:12:00 - Growth rate = 0.112733, quasisymmetry = 0.156621, mirror = 0.000000 with aspect ratio=8.024682 took 140.157028s
03:12:00 - Growth rate = 0.113407, quasisymmetry = 0.153886, mirror = 0.000000 with aspect ratio=8.024181 took 140.217107s
03:12:00 - Growth rate = 0.113173, quasisymmetry = 0.268515, mirror = 0.000000 with aspect ratio=7.763927 took 140.130790s
03:12:00 - Growth rate = 0.112514, quasisymmetry = 0.156273, mirror = 0.000000 with aspect ratio=8.024190 took 140.340117s
03:12:00 - Growth rate = 0.114055, quasisymmetry = 0.150601, mirror = 0.000000 with aspect ratio=8.023489 took 140.377867s
03:12:00 - Growth rate = 0.112637, quasisymmetry = 0.156520, mirror = 0.000000 with aspect ratio=8.024168 took 140.475535s
03:12:00 - Growth rate = 0.113570, quasisymmetry = 0.156730, mirror = 0.000000 with aspect ratio=8.024191 took 140.518258s
03:12:01 - Growth rate = 0.112787, quasisymmetry = 0.155932, mirror = 0.000000 with aspect ratio=8.024169 took 140.747206s
03:12:01 - Growth rate = 0.114323, quasisymmetry = 0.152569, mirror = 0.000000 with aspect ratio=8.024968 took 141.082634s
03:12:01 - Growth rate = 0.113477, quasisymmetry = 0.157299, mirror = 0.000000 with aspect ratio=8.024190 took 141.195370s
03:12:01 - Growth rate = 0.113872, quasisymmetry = 0.184170, mirror = 0.000000 with aspect ratio=8.024190 took 141.244478s
03:12:01 - Growth rate = 0.114009, quasisymmetry = 0.153485, mirror = 0.000000 with aspect ratio=8.024001 took 141.418581s
03:12:01 - Growth rate = 0.113656, quasisymmetry = 0.156574, mirror = 0.000000 with aspect ratio=8.024190 took 141.514449s
03:12:01 - Growth rate = 0.112572, quasisymmetry = 0.156606, mirror = 0.000000 with aspect ratio=8.024192 took 141.526718s
03:12:01 - Growth rate = 0.112889, quasisymmetry = 0.155974, mirror = 0.000000 with aspect ratio=8.024188 took 141.672150s
03:12:02 - Growth rate = 0.112839, quasisymmetry = 0.152421, mirror = 0.000000 with aspect ratio=8.024403 took 141.622157s
03:12:02 - Growth rate = 0.112505, quasisymmetry = 0.155759, mirror = 0.000000 with aspect ratio=8.024191 took 141.657551s
03:12:02 - Growth rate = 0.112928, quasisymmetry = 0.152401, mirror = 0.000000 with aspect ratio=8.024182 took 141.690578s
03:12:02 - Growth rate = 0.112475, quasisymmetry = 0.156532, mirror = 0.000000 with aspect ratio=8.024192 took 141.696659s
03:12:02 - Growth rate = 0.113007, quasisymmetry = 0.157553, mirror = 0.000000 with aspect ratio=8.024190 took 141.694308s
03:12:02 - Growth rate = 0.113646, quasisymmetry = 0.157660, mirror = 0.000000 with aspect ratio=8.024191 took 141.740655s
03:12:02 - Growth rate = 0.113669, quasisymmetry = 0.156277, mirror = 0.000000 with aspect ratio=8.024191 took 141.933983s
03:12:02 - Growth rate = 0.112686, quasisymmetry = 0.156365, mirror = 0.000000 with aspect ratio=8.024198 took 141.978434s
03:12:02 - Growth rate = 0.113290, quasisymmetry = 0.156685, mirror = 0.000000 with aspect ratio=8.024191 took 142.007581s
03:12:02 - Growth rate = 0.113590, quasisymmetry = 0.156418, mirror = 0.000000 with aspect ratio=8.024190 took 142.071658s
03:12:02 - Growth rate = 0.112458, quasisymmetry = 0.156216, mirror = 0.000000 with aspect ratio=8.024190 took 142.126852s
03:12:02 - Growth rate = 0.112907, quasisymmetry = 0.156470, mirror = 0.000000 with aspect ratio=8.024190 took 142.291828s
03:12:02 - Growth rate = 0.112797, quasisymmetry = 0.156838, mirror = 0.000000 with aspect ratio=8.024192 took 142.561047s
03:12:02 - Growth rate = 0.113227, quasisymmetry = 0.156203, mirror = 0.000000 with aspect ratio=8.024190 took 142.587271s
03:12:03 - Growth rate = 0.114687, quasisymmetry = 0.157713, mirror = 0.000000 with aspect ratio=8.024190 took 142.660607s
03:12:03 - Growth rate = 0.112712, quasisymmetry = 0.156418, mirror = 0.000000 with aspect ratio=8.024190 took 142.793570s
03:12:03 - Growth rate = 0.112769, quasisymmetry = 0.156756, mirror = 0.000000 with aspect ratio=8.024296 took 142.803444s
03:12:03 - Growth rate = 0.112500, quasisymmetry = 0.156464, mirror = 0.000000 with aspect ratio=8.024190 took 142.794531s
03:12:03 - Growth rate = 0.112636, quasisymmetry = 0.156510, mirror = 0.000000 with aspect ratio=8.024190 took 142.815228s
03:12:03 - Growth rate = 0.115163, quasisymmetry = 0.157665, mirror = 0.000000 with aspect ratio=8.024791 took 142.886437s
03:12:03 - Growth rate = 0.113433, quasisymmetry = 0.153700, mirror = 0.000000 with aspect ratio=8.024191 took 142.933301s
       1              7         7.1186e-01      4.69e-03       1.06e-04       5.81e+02    
03:14:16 - Growth rate = 0.112663, quasisymmetry = 0.156860, mirror = 0.000000 with aspect ratio=8.024203 took 128.441536s
03:16:29 - Growth rate = 0.112570, quasisymmetry = 0.156520, mirror = 0.000000 with aspect ratio=8.024193 took 127.731693s
03:18:41 - Growth rate = 0.112488, quasisymmetry = 0.156438, mirror = 0.000000 with aspect ratio=8.024191 took 127.916438s
03:20:56 - Growth rate = 0.112488, quasisymmetry = 0.156438, mirror = 0.000000 with aspect ratio=8.024191 took 129.960913s
03:23:19 - Growth rate = 0.112135, quasisymmetry = 0.227025, mirror = 0.000000 with aspect ratio=7.789959 took 138.378184s
03:23:20 - Growth rate = 0.117030, quasisymmetry = 0.155978, mirror = 0.000000 with aspect ratio=8.023738 took 138.833347s
03:23:20 - Growth rate = 0.113593, quasisymmetry = 0.156754, mirror = 0.000000 with aspect ratio=8.024192 took 138.906022s
03:23:20 - Growth rate = 0.115931, quasisymmetry = 0.215071, mirror = 0.000000 with aspect ratio=7.979493 took 139.236340s
03:23:20 - Growth rate = 0.112651, quasisymmetry = 0.156197, mirror = 0.000000 with aspect ratio=8.024190 took 139.337507s
03:23:20 - Growth rate = 0.113236, quasisymmetry = 0.156231, mirror = 0.000000 with aspect ratio=8.024191 took 139.361105s
03:23:20 - Growth rate = 0.121605, quasisymmetry = 0.216131, mirror = 0.000000 with aspect ratio=8.098635 took 139.647275s
03:23:21 - Growth rate = 0.112587, quasisymmetry = 0.155557, mirror = 0.000000 with aspect ratio=8.024072 took 139.571440s
03:23:21 - Growth rate = 0.117720, quasisymmetry = 0.156317, mirror = 0.000000 with aspect ratio=8.024191 took 139.668553s
03:23:21 - Growth rate = 0.113430, quasisymmetry = 0.153919, mirror = 0.000000 with aspect ratio=8.024182 took 139.949473s
03:23:21 - Growth rate = 0.112854, quasisymmetry = 0.152448, mirror = 0.000000 with aspect ratio=8.024404 took 139.915875s
03:23:21 - Growth rate = 0.113626, quasisymmetry = 0.157687, mirror = 0.000000 with aspect ratio=8.024192 took 140.007171s
03:23:21 - Growth rate = 0.112510, quasisymmetry = 0.155783, mirror = 0.000000 with aspect ratio=8.024192 took 139.933072s
03:23:21 - Growth rate = 0.113018, quasisymmetry = 0.157580, mirror = 0.000000 with aspect ratio=8.024191 took 140.014704s
03:23:21 - Growth rate = 0.114033, quasisymmetry = 0.153513, mirror = 0.000000 with aspect ratio=8.024002 took 140.059197s
03:23:21 - Growth rate = 0.114049, quasisymmetry = 0.150629, mirror = 0.000000 with aspect ratio=8.023489 took 140.237272s
03:23:21 - Growth rate = 0.113194, quasisymmetry = 0.268565, mirror = 0.000000 with aspect ratio=7.763928 took 140.192790s
03:23:21 - Growth rate = 0.112513, quasisymmetry = 0.156634, mirror = 0.000000 with aspect ratio=8.024193 took 140.406670s
03:23:22 - Growth rate = 0.113497, quasisymmetry = 0.157324, mirror = 0.000000 with aspect ratio=8.024190 took 140.695110s
03:23:22 - Growth rate = 0.112674, quasisymmetry = 0.156648, mirror = 0.000000 with aspect ratio=8.024683 took 140.719301s
03:23:22 - Growth rate = 0.113311, quasisymmetry = 0.156708, mirror = 0.000000 with aspect ratio=8.024191 took 140.914057s
03:23:22 - Growth rate = 0.113521, quasisymmetry = 0.156598, mirror = 0.000000 with aspect ratio=8.024191 took 140.971070s
03:23:22 - Growth rate = 0.112656, quasisymmetry = 0.156547, mirror = 0.000000 with aspect ratio=8.024169 took 141.243053s
03:23:22 - Growth rate = 0.112933, quasisymmetry = 0.152422, mirror = 0.000000 with aspect ratio=8.024183 took 141.209582s
03:23:22 - Growth rate = 0.112432, quasisymmetry = 0.156392, mirror = 0.000000 with aspect ratio=8.024199 took 141.451416s
03:23:22 - Growth rate = 0.113853, quasisymmetry = 0.184193, mirror = 0.000000 with aspect ratio=8.024191 took 141.388584s
03:23:23 - Growth rate = 0.113613, quasisymmetry = 0.156445, mirror = 0.000000 with aspect ratio=8.024191 took 141.522507s
03:23:23 - Growth rate = 0.112640, quasisymmetry = 0.155958, mirror = 0.000000 with aspect ratio=8.024170 took 141.543820s
03:23:23 - Growth rate = 0.113947, quasisymmetry = 0.156410, mirror = 0.000000 with aspect ratio=8.024190 took 141.613968s
03:23:23 - Growth rate = 0.112913, quasisymmetry = 0.156497, mirror = 0.000000 with aspect ratio=8.024191 took 141.618544s
03:23:23 - Growth rate = 0.112533, quasisymmetry = 0.156302, mirror = 0.000000 with aspect ratio=8.024191 took 141.721170s
03:23:23 - Growth rate = 0.113377, quasisymmetry = 0.157617, mirror = 0.000000 with aspect ratio=8.024191 took 141.751991s
03:23:23 - Growth rate = 0.113438, quasisymmetry = 0.153714, mirror = 0.000000 with aspect ratio=8.024192 took 141.695695s
03:23:23 - Growth rate = 0.112481, quasisymmetry = 0.156560, mirror = 0.000000 with aspect ratio=8.024193 took 141.787668s
03:23:23 - Growth rate = 0.112489, quasisymmetry = 0.156379, mirror = 0.000000 with aspect ratio=8.024710 took 141.824697s
03:23:23 - Growth rate = 0.112643, quasisymmetry = 0.156537, mirror = 0.000000 with aspect ratio=8.024191 took 141.879422s
03:23:23 - Growth rate = 0.117322, quasisymmetry = 0.156456, mirror = 0.000000 with aspect ratio=8.024191 took 141.881083s
03:23:23 - Growth rate = 0.114323, quasisymmetry = 0.152595, mirror = 0.000000 with aspect ratio=8.024969 took 142.198220s
03:23:23 - Growth rate = 0.112719, quasisymmetry = 0.156445, mirror = 0.000000 with aspect ratio=8.024191 took 142.412565s
03:23:23 - Growth rate = 0.115171, quasisymmetry = 0.157691, mirror = 0.000000 with aspect ratio=8.024792 took 142.518047s
03:23:24 - Growth rate = 0.112777, quasisymmetry = 0.156784, mirror = 0.000000 with aspect ratio=8.024297 took 142.574623s
03:23:24 - Growth rate = 0.112896, quasisymmetry = 0.156000, mirror = 0.000000 with aspect ratio=8.024189 took 142.536567s
03:23:24 - Growth rate = 0.113678, quasisymmetry = 0.156294, mirror = 0.000000 with aspect ratio=8.024192 took 142.617326s
03:23:24 - Growth rate = 0.114078, quasisymmetry = 0.155923, mirror = 0.000000 with aspect ratio=8.024191 took 142.648578s
03:23:24 - Growth rate = 0.114699, quasisymmetry = 0.157728, mirror = 0.000000 with aspect ratio=8.024191 took 142.635767s
03:23:24 - Growth rate = 0.112803, quasisymmetry = 0.156864, mirror = 0.000000 with aspect ratio=8.024192 took 142.678647s
03:23:24 - Growth rate = 0.112466, quasisymmetry = 0.156243, mirror = 0.000000 with aspect ratio=8.024190 took 142.738036s
03:23:24 - Growth rate = 0.112507, quasisymmetry = 0.156491, mirror = 0.000000 with aspect ratio=8.024190 took 142.841874s
       2             10         7.1119e-01      6.68e-04       1.66e-06       5.88e+02    
03:25:36 - Growth rate = 0.112560, quasisymmetry = 0.156464, mirror = 0.000000 with aspect ratio=8.024191 took 127.142593s
03:27:49 - Growth rate = 0.112491, quasisymmetry = 0.156445, mirror = 0.000000 with aspect ratio=8.024191 took 128.351890s
03:30:02 - Growth rate = 0.112489, quasisymmetry = 0.156440, mirror = 0.000000 with aspect ratio=8.024191 took 128.346983s
03:32:14 - Growth rate = 0.112488, quasisymmetry = 0.156439, mirror = 0.000000 with aspect ratio=8.024191 took 127.157764s
03:34:28 - Growth rate = 0.112488, quasisymmetry = 0.156438, mirror = 0.000000 with aspect ratio=8.024191 took 128.249733s
03:36:40 - Growth rate = 0.112488, quasisymmetry = 0.156438, mirror = 0.000000 with aspect ratio=8.024191 took 127.816305s
       3             16         7.1119e-01      0.00e+00       0.00e+00       5.88e+02    
`xtol` termination condition is satisfied.
Function evaluations 16, initial cost 7.1655e-01, final cost 7.1119e-01, first-order optimality 5.88e+02.
Final aspect ratio: 8.024190863304051
Final mean iota: -0.9052326108792951
Final magnetic well: -0.11343527905562263
Final quasisymmetry: 0.15643824750203003
Final growth rate: 0.11248827192231815
## Now calculating total objective function ##
03:41:01 - Growth rate = 0.112488, quasisymmetry = 0.156438, mirror = 0.000000 with aspect ratio=8.024191 took 127.802036s
Total objective before optimization: 1.4223845773763641
-------------------------
Optimizing with max_mode = 4
-------------------------
03:43:13 - Growth rate = 0.112488, quasisymmetry = 0.156438, mirror = 0.000000 with aspect ratio=8.024191 took 127.293182s
03:45:25 - Growth rate = 0.112488, quasisymmetry = 0.156438, mirror = 0.000000 with aspect ratio=8.024191 took 127.549512s
03:47:38 - Growth rate = 0.112488, quasisymmetry = 0.156438, mirror = 0.000000 with aspect ratio=8.024191 took 127.758612s
03:50:01 - Growth rate = 0.115931, quasisymmetry = 0.215071, mirror = 0.000000 with aspect ratio=7.979493 took 138.697771s
03:50:01 - Growth rate = 0.117020, quasisymmetry = 0.155820, mirror = 0.000000 with aspect ratio=8.024191 took 138.780148s
03:50:01 - Growth rate = 0.113732, quasisymmetry = 0.156549, mirror = 0.000000 with aspect ratio=8.024191 took 138.710363s
03:50:01 - Growth rate = 0.112651, quasisymmetry = 0.156197, mirror = 0.000000 with aspect ratio=8.024190 took 138.783636s
03:50:01 - Growth rate = 0.121605, quasisymmetry = 0.216131, mirror = 0.000000 with aspect ratio=8.098635 took 139.035754s
03:50:01 - Growth rate = 0.113601, quasisymmetry = 0.156497, mirror = 0.000000 with aspect ratio=8.024191 took 138.974143s
03:50:02 - Growth rate = 0.112896, quasisymmetry = 0.156000, mirror = 0.000000 with aspect ratio=8.024189 took 139.335877s
03:50:02 - Growth rate = 0.112587, quasisymmetry = 0.155557, mirror = 0.000000 with aspect ratio=8.024072 took 139.499829s
03:50:02 - Growth rate = 0.113438, quasisymmetry = 0.153714, mirror = 0.000000 with aspect ratio=8.024192 took 140.030202s
03:50:03 - Growth rate = 0.112533, quasisymmetry = 0.156302, mirror = 0.000000 with aspect ratio=8.024191 took 140.252443s
03:50:03 - Growth rate = 0.112803, quasisymmetry = 0.156864, mirror = 0.000000 with aspect ratio=8.024192 took 140.588706s
03:50:03 - Growth rate = 0.112643, quasisymmetry = 0.156537, mirror = 0.000000 with aspect ratio=8.024191 took 140.836606s
03:50:03 - Growth rate = 0.112135, quasisymmetry = 0.227025, mirror = 0.000000 with aspect ratio=7.789959 took 141.125341s
03:50:03 - Growth rate = 0.112532, quasisymmetry = 0.156624, mirror = 0.000000 with aspect ratio=8.024191 took 141.136995s
03:50:03 - Growth rate = 0.114049, quasisymmetry = 0.150629, mirror = 0.000000 with aspect ratio=8.023489 took 141.015756s
03:50:04 - Growth rate = 0.112455, quasisymmetry = 0.156399, mirror = 0.000000 with aspect ratio=8.024191 took 141.494586s
03:50:04 - Growth rate = 0.112507, quasisymmetry = 0.158056, mirror = 0.000000 with aspect ratio=8.024191 took 141.548458s
03:50:04 - Growth rate = 0.112544, quasisymmetry = 0.157389, mirror = 0.000000 with aspect ratio=8.024191 took 141.773201s
03:50:04 - Growth rate = 0.113311, quasisymmetry = 0.156708, mirror = 0.000000 with aspect ratio=8.024191 took 141.783925s
03:50:04 - Growth rate = 0.112510, quasisymmetry = 0.155783, mirror = 0.000000 with aspect ratio=8.024192 took 141.803194s
03:50:04 - Growth rate = 0.114078, quasisymmetry = 0.155923, mirror = 0.000000 with aspect ratio=8.024191 took 141.939392s
03:50:04 - Growth rate = 0.114323, quasisymmetry = 0.152595, mirror = 0.000000 with aspect ratio=8.024969 took 142.016576s
03:50:04 - Growth rate = 0.112719, quasisymmetry = 0.156445, mirror = 0.000000 with aspect ratio=8.024191 took 142.026505s
03:50:04 - Growth rate = 0.113221, quasisymmetry = 0.157592, mirror = 0.000000 with aspect ratio=8.024191 took 142.036721s
03:50:04 - Growth rate = 0.116678, quasisymmetry = 0.157683, mirror = 0.000000 with aspect ratio=8.024191 took 142.072802s
03:50:05 - Growth rate = 0.114699, quasisymmetry = 0.157728, mirror = 0.000000 with aspect ratio=8.024191 took 142.101041s
03:50:05 - Growth rate = 0.113461, quasisymmetry = 0.158072, mirror = 0.000000 with aspect ratio=8.024191 took 142.150676s
03:50:05 - Growth rate = 0.112489, quasisymmetry = 0.156379, mirror = 0.000000 with aspect ratio=8.024710 took 142.195807s
03:50:05 - Growth rate = 0.113377, quasisymmetry = 0.157617, mirror = 0.000000 with aspect ratio=8.024191 took 142.542452s
03:50:05 - Growth rate = 0.112933, quasisymmetry = 0.152422, mirror = 0.000000 with aspect ratio=8.024183 took 142.851363s
03:50:06 - Growth rate = 0.112811, quasisymmetry = 0.158114, mirror = 0.000000 with aspect ratio=8.024191 took 143.341697s
03:50:06 - Growth rate = 0.117322, quasisymmetry = 0.156456, mirror = 0.000000 with aspect ratio=8.024191 took 143.472178s
03:50:06 - Growth rate = 0.112510, quasisymmetry = 0.156892, mirror = 0.000000 with aspect ratio=8.024191 took 143.962472s
03:50:06 - Growth rate = 0.112854, quasisymmetry = 0.152448, mirror = 0.000000 with aspect ratio=8.024404 took 144.021834s
03:50:07 - Growth rate = 0.113018, quasisymmetry = 0.157580, mirror = 0.000000 with aspect ratio=8.024191 took 144.375480s
03:50:07 - Growth rate = 0.113947, quasisymmetry = 0.156410, mirror = 0.000000 with aspect ratio=8.024190 took 144.419721s
03:50:07 - Growth rate = 0.112481, quasisymmetry = 0.156560, mirror = 0.000000 with aspect ratio=8.024193 took 144.365887s
03:50:07 - Growth rate = 0.113853, quasisymmetry = 0.184193, mirror = 0.000000 with aspect ratio=8.024191 took 144.344510s
03:50:07 - Growth rate = 0.112640, quasisymmetry = 0.155958, mirror = 0.000000 with aspect ratio=8.024170 took 144.496940s
03:50:07 - Growth rate = 0.113218, quasisymmetry = 0.156131, mirror = 0.000000 with aspect ratio=8.024191 took 144.605581s
03:50:07 - Growth rate = 0.112432, quasisymmetry = 0.156392, mirror = 0.000000 with aspect ratio=8.024199 took 144.593719s
03:50:07 - Growth rate = 0.117426, quasisymmetry = 0.157948, mirror = 0.000000 with aspect ratio=8.024191 took 144.567310s
03:50:07 - Growth rate = 0.113964, quasisymmetry = 0.158461, mirror = 0.000000 with aspect ratio=8.024191 took 144.685303s
03:50:07 - Growth rate = 0.117272, quasisymmetry = 0.156175, mirror = 0.000000 with aspect ratio=8.024191 took 144.635907s
03:50:07 - Growth rate = 0.114033, quasisymmetry = 0.153513, mirror = 0.000000 with aspect ratio=8.024002 took 144.756307s
03:50:07 - Growth rate = 0.112541, quasisymmetry = 0.156473, mirror = 0.000000 with aspect ratio=8.024191 took 144.684577s
03:50:07 - Growth rate = 0.113497, quasisymmetry = 0.157324, mirror = 0.000000 with aspect ratio=8.024190 took 144.812155s
03:50:07 - Growth rate = 0.113830, quasisymmetry = 0.156912, mirror = 0.000000 with aspect ratio=8.024191 took 144.796695s
03:52:20 - Growth rate = 0.112777, quasisymmetry = 0.156784, mirror = 0.000000 with aspect ratio=8.024297 took 134.737202s
03:52:20 - Growth rate = 0.113618, quasisymmetry = 0.156558, mirror = 0.000000 with aspect ratio=8.024191 took 134.479653s
03:52:21 - Growth rate = 0.112466, quasisymmetry = 0.156243, mirror = 0.000000 with aspect ratio=8.024190 took 133.799441s
03:52:21 - Growth rate = 0.112362, quasisymmetry = 0.157546, mirror = 0.000000 with aspect ratio=8.024191 took 134.508193s
03:52:21 - Growth rate = 0.115171, quasisymmetry = 0.157691, mirror = 0.000000 with aspect ratio=8.024792 took 134.384953s
03:52:21 - Growth rate = 0.117198, quasisymmetry = 0.155879, mirror = 0.000000 with aspect ratio=8.024191 took 133.239223s
03:52:21 - Growth rate = 0.112658, quasisymmetry = 0.156826, mirror = 0.000000 with aspect ratio=8.024191 took 134.295344s
03:52:22 - Growth rate = 0.117385, quasisymmetry = 0.156508, mirror = 0.000000 with aspect ratio=8.024191 took 134.018000s
03:52:22 - Growth rate = 0.113194, quasisymmetry = 0.268565, mirror = 0.000000 with aspect ratio=7.763928 took 133.594293s
03:52:23 - Growth rate = 0.113678, quasisymmetry = 0.156294, mirror = 0.000000 with aspect ratio=8.024192 took 133.839499s
03:52:23 - Growth rate = 0.117030, quasisymmetry = 0.155978, mirror = 0.000000 with aspect ratio=8.023738 took 134.751914s
03:52:23 - Growth rate = 0.113521, quasisymmetry = 0.156598, mirror = 0.000000 with aspect ratio=8.024191 took 134.262969s
03:52:23 - Growth rate = 0.112449, quasisymmetry = 0.156382, mirror = 0.000000 with aspect ratio=8.024191 took 134.086331s
03:52:23 - Growth rate = 0.112513, quasisymmetry = 0.156634, mirror = 0.000000 with aspect ratio=8.024193 took 134.285566s
03:52:23 - Growth rate = 0.113389, quasisymmetry = 0.156365, mirror = 0.000000 with aspect ratio=8.024191 took 133.691712s
03:52:23 - Growth rate = 0.112656, quasisymmetry = 0.156547, mirror = 0.000000 with aspect ratio=8.024169 took 133.342517s
03:52:23 - Growth rate = 0.113167, quasisymmetry = 0.157741, mirror = 0.000000 with aspect ratio=8.024191 took 134.238494s
03:52:23 - Growth rate = 0.113236, quasisymmetry = 0.156231, mirror = 0.000000 with aspect ratio=8.024191 took 134.479557s
03:52:23 - Growth rate = 0.112913, quasisymmetry = 0.156497, mirror = 0.000000 with aspect ratio=8.024191 took 134.221655s
03:52:24 - Growth rate = 0.112674, quasisymmetry = 0.156648, mirror = 0.000000 with aspect ratio=8.024683 took 134.523554s
03:52:24 - Growth rate = 0.112507, quasisymmetry = 0.156491, mirror = 0.000000 with aspect ratio=8.024190 took 135.098398s
03:52:24 - Growth rate = 0.113593, quasisymmetry = 0.156754, mirror = 0.000000 with aspect ratio=8.024192 took 133.428187s
03:52:24 - Growth rate = 0.112534, quasisymmetry = 0.156648, mirror = 0.000000 with aspect ratio=8.024191 took 133.773731s
03:52:25 - Growth rate = 0.113626, quasisymmetry = 0.157687, mirror = 0.000000 with aspect ratio=8.024192 took 134.120121s
03:52:26 - Growth rate = 0.112658, quasisymmetry = 0.156677, mirror = 0.000000 with aspect ratio=8.024191 took 134.182288s
03:52:26 - Growth rate = 0.112643, quasisymmetry = 0.156498, mirror = 0.000000 with aspect ratio=8.024191 took 134.158683s
03:52:26 - Growth rate = 0.113200, quasisymmetry = 0.157779, mirror = 0.000000 with aspect ratio=8.024191 took 134.234425s
03:52:26 - Growth rate = 0.112949, quasisymmetry = 0.156788, mirror = 0.000000 with aspect ratio=8.024191 took 134.346793s
03:52:26 - Growth rate = 0.113430, quasisymmetry = 0.153919, mirror = 0.000000 with aspect ratio=8.024182 took 134.164458s
03:52:26 - Growth rate = 0.117720, quasisymmetry = 0.156317, mirror = 0.000000 with aspect ratio=8.024191 took 134.745371s
03:52:26 - Growth rate = 0.114375, quasisymmetry = 0.157757, mirror = 0.000000 with aspect ratio=8.024191 took 134.468004s
03:52:27 - Growth rate = 0.113613, quasisymmetry = 0.156445, mirror = 0.000000 with aspect ratio=8.024191 took 134.906070s
   Iteration     Total nfev        Cost      Cost reduction    Step norm     Optimality   
       0              1         7.1119e-01                                    5.88e+02    
WARNING:simsopt.objectives.least_squares:Function evaluation failed for <bound method Vmec.aspect of Vmec1 (nfp=4 mpol=6 ntor=6)>
03:54:42 - Growth rate = 0.149542, quasisymmetry = 0.518586, mirror = 0.000000 with aspect ratio=7.995732 took 128.391102s
03:56:56 - Growth rate = 0.166831, quasisymmetry = 0.066946, mirror = 0.000000 with aspect ratio=8.020238 took 129.415164s
03:59:10 - Growth rate = 0.116422, quasisymmetry = 0.119227, mirror = 0.000000 with aspect ratio=8.025082 took 129.381419s
04:01:22 - Growth rate = 0.111227, quasisymmetry = 0.165385, mirror = 0.000000 with aspect ratio=8.024341 took 127.675995s
04:03:35 - Growth rate = 0.111227, quasisymmetry = 0.165385, mirror = 0.000000 with aspect ratio=8.024341 took 128.023480s
04:05:58 - Growth rate = 0.113616, quasisymmetry = 0.163037, mirror = 0.000000 with aspect ratio=8.024340 took 137.666611s
04:05:58 - Growth rate = 0.122546, quasisymmetry = 0.220676, mirror = 0.000000 with aspect ratio=8.098784 took 138.077947s
04:05:58 - Growth rate = 0.117092, quasisymmetry = 0.219746, mirror = 0.000000 with aspect ratio=7.979603 took 138.047457s
04:05:58 - Growth rate = 0.114152, quasisymmetry = 0.164767, mirror = 0.000000 with aspect ratio=8.024357 took 138.188396s
04:05:58 - Growth rate = 0.114194, quasisymmetry = 0.165418, mirror = 0.000000 with aspect ratio=8.024345 took 138.429162s
04:05:59 - Growth rate = 0.114179, quasisymmetry = 0.165365, mirror = 0.000000 with aspect ratio=8.024341 took 138.530350s
04:05:59 - Growth rate = 0.111550, quasisymmetry = 0.165498, mirror = 0.000000 with aspect ratio=8.024340 took 138.653027s
04:05:59 - Growth rate = 0.111065, quasisymmetry = 0.165374, mirror = 0.000000 with aspect ratio=8.024341 took 138.874418s
04:05:59 - Growth rate = 0.114067, quasisymmetry = 0.164688, mirror = 0.000000 with aspect ratio=8.024346 took 139.109588s
04:05:59 - Growth rate = 0.114207, quasisymmetry = 0.165359, mirror = 0.000000 with aspect ratio=8.024360 took 139.098862s
04:05:59 - Growth rate = 0.114892, quasisymmetry = 0.161880, mirror = 0.000000 with aspect ratio=8.024343 took 139.369568s
04:06:00 - Growth rate = 0.114237, quasisymmetry = 0.164784, mirror = 0.000000 with aspect ratio=8.024340 took 139.662176s
04:06:00 - Growth rate = 0.113918, quasisymmetry = 0.164419, mirror = 0.000000 with aspect ratio=8.024343 took 139.658558s
04:06:00 - Growth rate = 0.111872, quasisymmetry = 0.163152, mirror = 0.000000 with aspect ratio=8.024151 took 139.777672s
04:06:00 - Growth rate = 0.114452, quasisymmetry = 0.162594, mirror = 0.000000 with aspect ratio=8.024342 took 139.812613s
04:06:00 - Growth rate = 0.114198, quasisymmetry = 0.165210, mirror = 0.000000 with aspect ratio=8.024337 took 140.074443s
04:06:00 - Growth rate = 0.114558, quasisymmetry = 0.165893, mirror = 0.000000 with aspect ratio=8.024341 took 140.036487s
04:06:00 - Growth rate = 0.111276, quasisymmetry = 0.165603, mirror = 0.000000 with aspect ratio=8.024339 took 140.238156s
04:06:00 - Growth rate = 0.114515, quasisymmetry = 0.165029, mirror = 0.000000 with aspect ratio=8.024342 took 140.240475s
04:06:00 - Growth rate = 0.113993, quasisymmetry = 0.165911, mirror = 0.000000 with aspect ratio=8.024341 took 140.328910s
04:06:01 - Growth rate = 0.114156, quasisymmetry = 0.165203, mirror = 0.000000 with aspect ratio=8.024337 took 140.496105s
04:06:01 - Growth rate = 0.114432, quasisymmetry = 0.164541, mirror = 0.000000 with aspect ratio=8.024219 took 140.597057s
04:06:01 - Growth rate = 0.113721, quasisymmetry = 0.165771, mirror = 0.000000 with aspect ratio=8.024341 took 140.623232s
04:06:01 - Growth rate = 0.113592, quasisymmetry = 0.164926, mirror = 0.000000 with aspect ratio=8.024342 took 140.668730s
04:06:01 - Growth rate = 0.111672, quasisymmetry = 0.164914, mirror = 0.000000 with aspect ratio=8.024339 took 140.762218s
04:06:01 - Growth rate = 0.111345, quasisymmetry = 0.166834, mirror = 0.000000 with aspect ratio=8.024340 took 140.799374s
04:06:01 - Growth rate = 0.112125, quasisymmetry = 0.165319, mirror = 0.000000 with aspect ratio=8.024341 took 140.893268s
04:06:01 - Growth rate = 0.111296, quasisymmetry = 0.165355, mirror = 0.000000 with aspect ratio=8.024858 took 140.931360s
04:06:01 - Growth rate = 0.111261, quasisymmetry = 0.165379, mirror = 0.000000 with aspect ratio=8.024339 took 141.087861s
04:06:01 - Growth rate = 0.109981, quasisymmetry = 0.231618, mirror = 0.000000 with aspect ratio=7.790110 took 141.099736s
04:06:01 - Growth rate = 0.111660, quasisymmetry = 0.161803, mirror = 0.000000 with aspect ratio=8.025128 took 141.040472s
04:06:01 - Growth rate = 0.114475, quasisymmetry = 0.166570, mirror = 0.000000 with aspect ratio=8.024340 took 141.114059s
04:06:02 - Growth rate = 0.114891, quasisymmetry = 0.162127, mirror = 0.000000 with aspect ratio=8.023623 took 141.494035s
04:06:02 - Growth rate = 0.113086, quasisymmetry = 0.161992, mirror = 0.000000 with aspect ratio=8.024554 took 141.976647s
04:06:02 - Growth rate = 0.111133, quasisymmetry = 0.165341, mirror = 0.000000 with aspect ratio=8.024359 took 142.068106s
04:06:02 - Growth rate = 0.114555, quasisymmetry = 0.164968, mirror = 0.000000 with aspect ratio=8.024319 took 142.171595s
04:06:02 - Growth rate = 0.114288, quasisymmetry = 0.165346, mirror = 0.000000 with aspect ratio=8.024339 took 142.405737s
04:06:03 - Growth rate = 0.113099, quasisymmetry = 0.164605, mirror = 0.000000 with aspect ratio=8.024342 took 142.662481s
04:06:03 - Growth rate = 0.111652, quasisymmetry = 0.166714, mirror = 0.000000 with aspect ratio=8.024341 took 142.827179s
04:06:03 - Growth rate = 0.113998, quasisymmetry = 0.165421, mirror = 0.000000 with aspect ratio=8.024344 took 142.862009s
04:06:03 - Growth rate = 0.114207, quasisymmetry = 0.161449, mirror = 0.000000 with aspect ratio=8.024333 took 142.867023s
04:06:03 - Growth rate = 0.113441, quasisymmetry = 0.165527, mirror = 0.000000 with aspect ratio=8.024340 took 142.907048s
04:06:03 - Growth rate = 0.111507, quasisymmetry = 0.165508, mirror = 0.000000 with aspect ratio=8.024356 took 143.023272s
04:06:03 - Growth rate = 0.111129, quasisymmetry = 0.166303, mirror = 0.000000 with aspect ratio=8.024344 took 143.027501s
04:06:03 - Growth rate = 0.113496, quasisymmetry = 0.162930, mirror = 0.000000 with aspect ratio=8.024342 took 143.013421s
04:06:03 - Growth rate = 0.113577, quasisymmetry = 0.162828, mirror = 0.000000 with aspect ratio=8.024341 took 143.024150s
04:06:03 - Growth rate = 0.114040, quasisymmetry = 0.165121, mirror = 0.000000 with aspect ratio=8.024340 took 143.023038s
04:06:03 - Growth rate = 0.117040, quasisymmetry = 0.189986, mirror = 0.000000 with aspect ratio=8.024341 took 143.078954s
04:08:17 - Growth rate = 0.111577, quasisymmetry = 0.165797, mirror = 0.000000 with aspect ratio=8.024446 took 134.044267s
04:08:17 - Growth rate = 0.111297, quasisymmetry = 0.165377, mirror = 0.000000 with aspect ratio=8.024338 took 133.951784s
04:08:17 - Growth rate = 0.114222, quasisymmetry = 0.164815, mirror = 0.000000 with aspect ratio=8.024356 took 133.867113s
04:08:17 - Growth rate = 0.111293, quasisymmetry = 0.167213, mirror = 0.000000 with aspect ratio=8.024352 took 134.318570s
04:08:17 - Growth rate = 0.114106, quasisymmetry = 0.165331, mirror = 0.000000 with aspect ratio=8.024345 took 133.726666s
04:08:18 - Growth rate = 0.112060, quasisymmetry = 0.165536, mirror = 0.000000 with aspect ratio=8.024340 took 133.740816s
04:08:18 - Growth rate = 0.111317, quasisymmetry = 0.165557, mirror = 0.000000 with aspect ratio=8.024341 took 133.663183s
04:08:18 - Growth rate = 0.111650, quasisymmetry = 0.165915, mirror = 0.000000 with aspect ratio=8.024343 took 134.284060s
04:08:19 - Growth rate = 0.111238, quasisymmetry = 0.165495, mirror = 0.000000 with aspect ratio=8.024339 took 134.077369s
04:08:19 - Growth rate = 0.111241, quasisymmetry = 0.166288, mirror = 0.000000 with aspect ratio=8.024339 took 133.737169s
04:08:19 - Growth rate = 0.111748, quasisymmetry = 0.167365, mirror = 0.000000 with aspect ratio=8.024352 took 133.576162s
04:08:19 - Growth rate = 0.114381, quasisymmetry = 0.165244, mirror = 0.000000 with aspect ratio=8.024338 took 133.554208s
04:08:19 - Growth rate = 0.111283, quasisymmetry = 0.165696, mirror = 0.000000 with aspect ratio=8.024347 took 133.670546s
04:08:19 - Growth rate = 0.111230, quasisymmetry = 0.165475, mirror = 0.000000 with aspect ratio=8.024343 took 134.008283s
04:08:19 - Growth rate = 0.112286, quasisymmetry = 0.166165, mirror = 0.000000 with aspect ratio=8.024964 took 133.755694s
04:08:19 - Growth rate = 0.114220, quasisymmetry = 0.164913, mirror = 0.000000 with aspect ratio=8.023888 took 133.489618s
04:08:20 - Growth rate = 0.111920, quasisymmetry = 0.167474, mirror = 0.000000 with aspect ratio=8.024339 took 134.040895s
04:08:20 - Growth rate = 0.111760, quasisymmetry = 0.165454, mirror = 0.000000 with aspect ratio=8.024340 took 134.030749s
04:08:20 - Growth rate = 0.111069, quasisymmetry = 0.281649, mirror = 0.000000 with aspect ratio=7.764061 took 133.145807s
04:08:20 - Growth rate = 0.111323, quasisymmetry = 0.165596, mirror = 0.000000 with aspect ratio=8.024832 took 134.019043s
04:08:21 - Growth rate = 0.114082, quasisymmetry = 0.165256, mirror = 0.000000 with aspect ratio=8.024340 took 133.889939s
04:08:21 - Growth rate = 0.111072, quasisymmetry = 0.166326, mirror = 0.000000 with aspect ratio=8.024344 took 133.967113s
04:08:21 - Growth rate = 0.111101, quasisymmetry = 0.165389, mirror = 0.000000 with aspect ratio=8.024355 took 133.850152s
04:08:21 - Growth rate = 0.111331, quasisymmetry = 0.165617, mirror = 0.000000 with aspect ratio=8.024340 took 133.756085s
04:08:22 - Growth rate = 0.113824, quasisymmetry = 0.163934, mirror = 0.000000 with aspect ratio=8.024331 took 133.832836s
04:08:22 - Growth rate = 0.111164, quasisymmetry = 0.165506, mirror = 0.000000 with aspect ratio=8.024320 took 133.961555s
04:08:22 - Growth rate = 0.111767, quasisymmetry = 0.165211, mirror = 0.000000 with aspect ratio=8.024342 took 134.036113s
04:08:22 - Growth rate = 0.112390, quasisymmetry = 0.165180, mirror = 0.000000 with aspect ratio=8.024342 took 136.065560s
04:08:22 - Growth rate = 0.111630, quasisymmetry = 0.166395, mirror = 0.000000 with aspect ratio=8.024339 took 134.378778s
04:08:22 - Growth rate = 0.111506, quasisymmetry = 0.165645, mirror = 0.000000 with aspect ratio=8.024357 took 134.600574s
04:08:22 - Growth rate = 0.113102, quasisymmetry = 0.165382, mirror = 0.000000 with aspect ratio=8.024343 took 134.791098s
04:08:22 - Growth rate = 0.113084, quasisymmetry = 0.164936, mirror = 0.000000 with aspect ratio=8.024340 took 134.523073s
       1              6         7.0157e-01      9.63e-03       5.85e-04       3.86e+02    
04:10:36 - Growth rate = 0.116471, quasisymmetry = 0.177159, mirror = 0.000000 with aspect ratio=8.024369 took 127.353299s
04:12:49 - Growth rate = 0.111412, quasisymmetry = 0.168009, mirror = 0.000000 with aspect ratio=8.024348 took 128.605254s
04:15:03 - Growth rate = 0.111285, quasisymmetry = 0.166018, mirror = 0.000000 with aspect ratio=8.024343 took 128.980466s
04:17:16 - Growth rate = 0.111233, quasisymmetry = 0.165542, mirror = 0.000000 with aspect ratio=8.024341 took 128.141253s
04:19:29 - Growth rate = 0.111229, quasisymmetry = 0.165424, mirror = 0.000000 with aspect ratio=8.024341 took 128.035141s
04:21:41 - Growth rate = 0.111228, quasisymmetry = 0.165394, mirror = 0.000000 with aspect ratio=8.024341 took 127.137476s
04:23:54 - Growth rate = 0.111228, quasisymmetry = 0.165387, mirror = 0.000000 with aspect ratio=8.024341 took 128.680656s
04:26:07 - Growth rate = 0.111227, quasisymmetry = 0.165385, mirror = 0.000000 with aspect ratio=8.024341 took 128.230249s
04:28:21 - Growth rate = 0.111227, quasisymmetry = 0.165385, mirror = 0.000000 with aspect ratio=8.024341 took 129.156329s
       2             15         7.0157e-01      0.00e+00       0.00e+00       3.86e+02    
`xtol` termination condition is satisfied.
Function evaluations 15, initial cost 7.1119e-01, final cost 7.0157e-01, first-order optimality 3.86e+02.
Final aspect ratio: 8.024340765661384
Final mean iota: -0.901186733013936
Final magnetic well: -0.11470720296189037
Final quasisymmetry: 0.16538454019971927
Final growth rate: 0.11122747434107445
 - - - - - - - - - - - - - - - - - - - - - - - - - - - - - - - - -
  SEQ =    1 TIME SLICE  0.0000E+00
  PROCESSING INPUT.final
  THIS IS PARVMEC (PARALLEL VMEC), VERSION 9.0
  Lambda: Full Radial Mesh. L-Force: hybrid full/half.

  COMPUTER:    OS:    RELEASE:   DATE = Dec 21,2022  TIME = 04:31:07

  NS =   16 NO. FOURIER MODES =   72 FTOLV =  1.000E-12 NITER =   4000
  PROCESSOR COUNT - RADIAL:    1
 INITIAL JACOBIAN CHANGED SIGN!
 TRYING TO IMPROVE INITIAL MAGNETIC AXIS GUESS
  ---- Improved AXIS Guess ----
      RAXIS_CC =   0.99997229694394463       0.11447975780743454       -1.8886612928639767E-005  -2.9282267510064751E-004  -2.7217011208164411E-004  -5.0953975893496613E-005  -8.9871729897938538E-005
      ZAXIS_CS =   -0.0000000000000000       0.11240546943998528        4.6413539852057105E-005  -2.3916355359845901E-004   3.6477959503007453E-005  -5.3031802830082837E-005   3.7135584441619865E-005
  -----------------------------

  ITER    FSQR      FSQZ      FSQL    RAX(v=0)    DELT       WMHD

    1  9.58E-03  6.03E-03  2.14E-02  1.114E+00  9.00E-01  1.5533E-01
  200  7.97E-09  1.31E-09  1.57E-09  1.103E+00  9.00E-01  1.5261E-01
  400  1.50E-10  3.23E-11  1.42E-11  1.103E+00  9.00E-01  1.5261E-01
  600  1.31E-12  4.26E-13  3.20E-13  1.103E+00  9.00E-01  1.5261E-01
  615  9.86E-13  3.54E-13  1.95E-13  1.103E+00  9.00E-01  1.5261E-01

  NS =   51 NO. FOURIER MODES =   72 FTOLV =  1.000E-13 NITER =  10000
  PROCESSOR COUNT - RADIAL:    1

  ITER    FSQR      FSQZ      FSQL    RAX(v=0)    DELT       WMHD

    1  9.19E-04  7.73E-04  1.86E-06  1.103E+00  9.00E-01  1.5261E-01
  200  6.06E-10  1.66E-10  1.02E-11  1.103E+00  9.00E-01  1.5261E-01
  400  1.58E-11  4.09E-12  7.17E-13  1.103E+00  9.00E-01  1.5261E-01
  600  2.33E-12  8.30E-13  2.59E-13  1.103E+00  9.00E-01  1.5261E-01
  800  5.91E-13  2.28E-13  8.27E-14  1.103E+00  9.00E-01  1.5261E-01
 1000  2.13E-13  6.20E-14  2.06E-14  1.103E+00  9.00E-01  1.5261E-01
 1110  9.96E-14  2.68E-14  1.06E-14  1.103E+00  9.00E-01  1.5261E-01

  NS =  101 NO. FOURIER MODES =   72 FTOLV =  1.000E-14 NITER =   4000
  PROCESSOR COUNT - RADIAL:    1

  ITER    FSQR      FSQZ      FSQL    RAX(v=0)    DELT       WMHD

    1  1.20E-03  5.80E-04  3.92E-08  1.103E+00  9.00E-01  1.5261E-01
  200  5.90E-09  1.25E-09  4.91E-13  1.103E+00  7.76E-01  1.5261E-01
  400  1.22E-10  1.98E-11  1.26E-13  1.103E+00  7.76E-01  1.5261E-01
  600  1.07E-11  1.74E-12  7.67E-14  1.103E+00  7.76E-01  1.5261E-01
  800  4.45E-12  7.09E-13  3.20E-14  1.103E+00  7.76E-01  1.5261E-01
 1000  1.35E-12  2.18E-13  1.15E-14  1.103E+00  7.76E-01  1.5261E-01
 1200  3.85E-13  6.17E-14  4.02E-15  1.103E+00  7.76E-01  1.5261E-01
 1400  1.12E-13  1.79E-14  1.09E-15  1.103E+00  7.76E-01  1.5261E-01
 1600  2.36E-14  3.91E-15  3.92E-16  1.103E+00  7.76E-01  1.5261E-01
 1654  9.83E-15  2.17E-15  2.96E-16  1.103E+00  7.76E-01  1.5261E-01

 EXECUTION TERMINATED NORMALLY

 FILE : final_000_000000
 NUMBER OF JACOBIAN RESETS =    0

    TOTAL COMPUTATIONAL TIME (SEC)        21.87
    TIME TO INPUT/OUTPUT                   0.03
       READ IN DATA                        0.00
       WRITE OUT DATA TO WOUT              0.03
    TIME IN FUNCT3D                       21.72
       BCOVAR FIELDS                       3.12
       FOURIER TRANSFORM                   4.69
       INVERSE FOURIER TRANSFORM           4.41
       FORCES AND SYMMETRIZE               3.62
       RESIDUE                             3.82
       EQFORCE                             0.00
nfp:  4
ns:  101
mpol:  6
ntor:  6
Aminor_p:  0.12440909350689568
Rmajor_p:  0.9983009606463612
aspect:             8.024340765661378
Rmajor_p/Aminor_p:  8.024340765661378
betatotal:  0.0
betapol:    0.0
betator:    0.0
betaxis:    0.0
ctor:    -9.771372079525609e-11
bmnc.shape: (101, 162)
bmns.shape: (101, 162)
No module named 'mayavi'
Creating Boozer class for vmec_final
Defining surfaces where to compute Boozer coordinates
 booz_surfaces=[0.  0.1 0.2 0.3 0.4 0.5 0.6 0.7 0.8 0.9]
Running BOOZ_XFORM
mnmax: 72  len(xm): 72  len(xn): 72
mnmax_nyq: 162  len(xm_nyq): 162  len(xn_nyq): 162
Read ns=101, mpol=6, ntor=6, mnmax=72, mnmax_nyq=162
compute_surfs (0-based indices):  0 10 20 30 39 49 60 70 79 89
Initializing with mboz=64, nboz=64
ntheta = 258, nzeta = 258, # threads = 24
                   |        outboard (theta=0)      |      inboard (theta=pi)      |
thread js_b js zeta| |B|input  |B|Boozer    Error   | |B|input  |B|Boozer    Error |
------------------------------------------------------------------------------------
   1     1  10   0  9.981e-01  9.981e-01  7.675e-15  1.093e+00  1.093e+00  7.111e-15
                pi  1.050e+00  1.050e+00  1.480e-15  9.633e-01  9.633e-01  5.647e-15
   4     4  39   0  9.559e-01  9.559e-01  3.136e-15  1.137e+00  1.137e+00  1.640e-14
                pi  1.068e+00  1.068e+00  3.949e-15  8.961e-01  8.961e-01  1.214e-14
   5     5  49   0  9.459e-01  9.459e-01  1.268e-14  1.148e+00  1.148e+00  1.760e-14
                pi  1.071e+00  1.071e+00  1.555e-14  8.763e-01  8.763e-01  1.824e-14
   9     9  89   0  9.154e-01  9.154e-01  2.911e-15  1.180e+00  1.180e+00  2.372e-14
                pi  1.073e+00  1.073e+00  1.614e-14  8.009e-01  8.009e-01  1.275e-14
   6     6  60   0  9.363e-01  9.363e-01  3.083e-15  1.158e+00  1.158e+00  1.074e-14
                pi  1.072e+00  1.072e+00  6.419e-15  8.553e-01  8.553e-01  8.308e-15
   7     7  70   0  9.284e-01  9.284e-01  1.076e-15  1.166e+00  1.166e+00  1.942e-14
                pi  1.073e+00  1.073e+00  1.676e-14  8.364e-01  8.364e-01  1.513e-14
   2     2  20   0  9.799e-01  9.799e-01  8.724e-15  1.112e+00  1.112e+00  5.592e-15
                pi  1.059e+00  1.059e+00  6.706e-15  9.373e-01  9.373e-01  1.777e-15
   8     8  79   0  9.220e-01  9.220e-01  6.021e-16  1.173e+00  1.173e+00  2.177e-14
                pi  1.073e+00  1.073e+00  1.469e-14  8.196e-01  8.196e-01  1.815e-14
   3     3  30   0  9.662e-01  9.662e-01  3.332e-15  1.126e+00  1.126e+00  2.819e-14
                pi  1.065e+00  1.065e+00  1.188e-14  9.148e-01  9.148e-01  1.311e-14
   0     0   0   0  1.035e+00  1.035e+00  1.910e-14  1.055e+00  1.055e+00  3.429e-14
                pi  1.024e+00  1.024e+00  5.853e-15  1.006e+00  1.006e+00  2.539e-14
Writing output to /marconi_scratch/userexternal/rjorge00/some_optimizations/GS2_SIMSOPT_ITG/output_MAXITER350_least_squares_nfp4_QH_QH_qlweight100.000/boozmn_single_stage.nc
Plot BOOZ_XFORM
Whole optimization took 13220.898921s
