Initial aspect ratio: 8.032497901971649
Initial mean iota: -0.9073720911454474
Initial magnetic well: -0.11350709579869207
Initial growth rate: 0.13153976635326048
## Now calculating total objective function ##
22:45:33 - Growth rate = 0.131540, quasisymmetry = 0.140486, mirror = 0.000000 with aspect ratio=8.032498 took 105.099565s
Total objective before optimization: 0.3145691622382815
-------------------------
Optimizing with max_mode = 1
-------------------------
22:47:20 - Growth rate = 0.131540, quasisymmetry = 0.140486, mirror = 0.000000 with aspect ratio=8.032498 took 104.678368s
22:49:09 - Growth rate = 0.131540, quasisymmetry = 0.140486, mirror = 0.000000 with aspect ratio=8.032498 took 105.436187s
22:50:58 - Growth rate = 0.131540, quasisymmetry = 0.140486, mirror = 0.000000 with aspect ratio=8.032498 took 105.608593s
22:52:46 - Growth rate = 0.130878, quasisymmetry = 0.433724, mirror = 0.000000 with aspect ratio=7.534806 took 106.162500s
22:52:47 - Growth rate = 0.133975, quasisymmetry = 0.463382, mirror = 0.000000 with aspect ratio=7.582148 took 107.118442s
22:52:47 - Growth rate = 0.142565, quasisymmetry = 0.459487, mirror = 0.000000 with aspect ratio=7.943228 took 107.309046s
22:52:48 - Growth rate = 0.130461, quasisymmetry = 0.186637, mirror = 0.000000 with aspect ratio=8.032498 took 107.340077s
22:52:48 - Growth rate = 0.133637, quasisymmetry = 0.187060, mirror = 0.000000 with aspect ratio=8.031337 took 107.618759s
22:52:48 - Growth rate = 0.129739, quasisymmetry = 0.141425, mirror = 0.000000 with aspect ratio=8.033824 took 107.873508s
22:52:49 - Growth rate = 0.130691, quasisymmetry = 0.141135, mirror = 0.000000 with aspect ratio=8.033632 took 108.030917s
22:52:49 - Growth rate = 0.145012, quasisymmetry = 0.501086, mirror = 0.000000 with aspect ratio=8.184196 took 108.337985s
   Iteration     Total nfev        Cost      Cost reduction    Step norm     Optimality   
       0              1         1.5728e-01                                    8.26e+00    
22:54:40 - Growth rate = 0.127556, quasisymmetry = 0.180404, mirror = 0.000000 with aspect ratio=7.981877 took 106.909998s
22:56:28 - Growth rate = 0.131784, quasisymmetry = 0.141294, mirror = 0.000000 with aspect ratio=8.035345 took 105.615562s
22:58:21 - Growth rate = 0.130575, quasisymmetry = 0.140696, mirror = 0.000000 with aspect ratio=8.035290 took 109.149479s
23:00:13 - Growth rate = 0.130575, quasisymmetry = 0.140696, mirror = 0.000000 with aspect ratio=8.035290 took 109.074564s
23:02:02 - Growth rate = 0.128030, quasisymmetry = 0.419643, mirror = 0.000000 with aspect ratio=7.537189 took 106.445682s
23:02:04 - Growth rate = 0.132902, quasisymmetry = 0.185961, mirror = 0.000000 with aspect ratio=8.034214 took 107.368743s
23:02:04 - Growth rate = 0.131481, quasisymmetry = 0.141235, mirror = 0.000000 with aspect ratio=8.036093 took 108.131044s
23:02:04 - Growth rate = 0.132426, quasisymmetry = 0.189220, mirror = 0.000000 with aspect ratio=8.035290 took 108.048042s
23:02:05 - Growth rate = 0.133819, quasisymmetry = 0.479885, mirror = 0.000000 with aspect ratio=7.584614 took 108.674639s
23:02:05 - Growth rate = 0.133484, quasisymmetry = 0.141984, mirror = 0.000000 with aspect ratio=8.036212 took 108.393722s
23:02:05 - Growth rate = 0.143307, quasisymmetry = 0.482182, mirror = 0.000000 with aspect ratio=7.946112 took 108.826623s
23:02:05 - Growth rate = 0.144584, quasisymmetry = 0.513916, mirror = 0.000000 with aspect ratio=8.186917 took 108.763704s
       1              4         1.5622e-01      1.06e-03       1.26e-03       2.05e+01    
23:03:55 - Growth rate = 0.132513, quasisymmetry = 0.140901, mirror = 0.000000 with aspect ratio=8.033289 took 106.485269s
23:05:45 - Growth rate = 0.132741, quasisymmetry = 0.140465, mirror = 0.000000 with aspect ratio=8.034746 took 106.570530s
23:07:34 - Growth rate = 0.131197, quasisymmetry = 0.140615, mirror = 0.000000 with aspect ratio=8.035152 took 105.900469s
23:09:24 - Growth rate = 0.130731, quasisymmetry = 0.140674, mirror = 0.000000 with aspect ratio=8.035256 took 106.671098s
23:11:12 - Growth rate = 0.130625, quasisymmetry = 0.140691, mirror = 0.000000 with aspect ratio=8.035282 took 105.391482s
23:13:01 - Growth rate = 0.130587, quasisymmetry = 0.140695, mirror = 0.000000 with aspect ratio=8.035288 took 105.449796s
23:14:50 - Growth rate = 0.130578, quasisymmetry = 0.140696, mirror = 0.000000 with aspect ratio=8.035290 took 105.170011s
23:16:38 - Growth rate = 0.130575, quasisymmetry = 0.140696, mirror = 0.000000 with aspect ratio=8.035290 took 105.513436s
23:18:28 - Growth rate = 0.130575, quasisymmetry = 0.140696, mirror = 0.000000 with aspect ratio=8.035290 took 106.173798s
23:20:16 - Growth rate = 0.130575, quasisymmetry = 0.140696, mirror = 0.000000 with aspect ratio=8.035290 took 105.261519s
       2             14         1.5622e-01      0.00e+00       0.00e+00       2.05e+01    
`xtol` termination condition is satisfied.
Function evaluations 14, initial cost 1.5728e-01, final cost 1.5622e-01, first-order optimality 2.05e+01.
Final aspect ratio: 8.035290247193732
Final mean iota: -0.9075356231694875
Final magnetic well: -0.11310698328015248
Final quasisymmetry: 0.14069642100787524
Final growth rate: 0.13057463326606122
## Now calculating total objective function ##
23:23:50 - Growth rate = 0.130575, quasisymmetry = 0.140696, mirror = 0.000000 with aspect ratio=8.035290 took 105.131266s
Total objective before optimization: 0.3124391710805368
-------------------------
Optimizing with max_mode = 2
-------------------------
23:25:39 - Growth rate = 0.130575, quasisymmetry = 0.140696, mirror = 0.000000 with aspect ratio=8.035290 took 105.382852s
23:27:28 - Growth rate = 0.130575, quasisymmetry = 0.140696, mirror = 0.000000 with aspect ratio=8.035290 took 105.829142s
23:29:16 - Growth rate = 0.130575, quasisymmetry = 0.140696, mirror = 0.000000 with aspect ratio=8.035290 took 105.180639s
23:31:07 - Growth rate = 0.128030, quasisymmetry = 0.419643, mirror = 0.000000 with aspect ratio=7.537189 took 108.736654s
23:31:09 - Growth rate = 0.143307, quasisymmetry = 0.482182, mirror = 0.000000 with aspect ratio=7.946112 took 110.277914s
23:31:09 - Growth rate = 0.131343, quasisymmetry = 0.140818, mirror = 0.000000 with aspect ratio=8.035284 took 109.980974s
23:31:09 - Growth rate = 0.130904, quasisymmetry = 0.140247, mirror = 0.000000 with aspect ratio=8.034833 took 110.299006s
23:31:09 - Growth rate = 0.132902, quasisymmetry = 0.185961, mirror = 0.000000 with aspect ratio=8.034214 took 110.140495s
23:31:10 - Growth rate = 0.133819, quasisymmetry = 0.479885, mirror = 0.000000 with aspect ratio=7.584614 took 110.954333s
23:31:10 - Growth rate = 0.131564, quasisymmetry = 0.140552, mirror = 0.000000 with aspect ratio=8.035285 took 110.890938s
23:31:10 - Growth rate = 0.130455, quasisymmetry = 0.141043, mirror = 0.000000 with aspect ratio=8.035277 took 110.913273s
23:31:10 - Growth rate = 0.130723, quasisymmetry = 0.140518, mirror = 0.000000 with aspect ratio=8.035291 took 110.976354s
23:31:10 - Growth rate = 0.130840, quasisymmetry = 0.140640, mirror = 0.000000 with aspect ratio=8.035294 took 111.022205s
23:31:10 - Growth rate = 0.130793, quasisymmetry = 0.141039, mirror = 0.000000 with aspect ratio=8.035290 took 111.010236s
23:31:10 - Growth rate = 0.132282, quasisymmetry = 0.140450, mirror = 0.000000 with aspect ratio=8.035098 took 111.039127s
23:31:10 - Growth rate = 0.131113, quasisymmetry = 0.140875, mirror = 0.000000 with aspect ratio=8.035279 took 111.106444s
23:31:10 - Growth rate = 0.132426, quasisymmetry = 0.189220, mirror = 0.000000 with aspect ratio=8.035290 took 110.967144s
23:31:10 - Growth rate = 0.130768, quasisymmetry = 0.140668, mirror = 0.000000 with aspect ratio=8.035502 took 111.131995s
23:31:10 - Growth rate = 0.130555, quasisymmetry = 0.141049, mirror = 0.000000 with aspect ratio=8.035290 took 111.371216s
23:31:10 - Growth rate = 0.131481, quasisymmetry = 0.141235, mirror = 0.000000 with aspect ratio=8.036093 took 111.441055s
23:31:10 - Growth rate = 0.130999, quasisymmetry = 0.140166, mirror = 0.000000 with aspect ratio=8.035290 took 111.541126s
23:31:10 - Growth rate = 0.130486, quasisymmetry = 0.140862, mirror = 0.000000 with aspect ratio=8.035812 took 111.497884s
23:31:11 - Growth rate = 0.133484, quasisymmetry = 0.141984, mirror = 0.000000 with aspect ratio=8.036212 took 111.610713s
23:31:11 - Growth rate = 0.130706, quasisymmetry = 0.139550, mirror = 0.000000 with aspect ratio=8.035171 took 111.638431s
23:31:11 - Growth rate = 0.130573, quasisymmetry = 0.140698, mirror = 0.000000 with aspect ratio=8.035778 took 111.666100s
23:31:11 - Growth rate = 0.144584, quasisymmetry = 0.513916, mirror = 0.000000 with aspect ratio=8.186917 took 111.403755s
23:31:11 - Growth rate = 0.130689, quasisymmetry = 0.140797, mirror = 0.000000 with aspect ratio=8.035399 took 111.858192s
   Iteration     Total nfev        Cost      Cost reduction    Step norm     Optimality   
       0              1         1.5622e-01                                    2.05e+01    
23:33:01 - Growth rate = 0.115956, quasisymmetry = 2.659643, mirror = 0.000000 with aspect ratio=8.889038 took 107.951073s
23:34:50 - Growth rate = 0.187934, quasisymmetry = 0.184710, mirror = 0.000000 with aspect ratio=8.060245 took 105.404935s
23:36:39 - Growth rate = 0.138401, quasisymmetry = 0.083275, mirror = 0.000000 with aspect ratio=8.032771 took 106.203143s
23:38:28 - Growth rate = 0.138401, quasisymmetry = 0.083275, mirror = 0.000000 with aspect ratio=8.032771 took 105.987998s
23:40:20 - Growth rate = 0.144790, quasisymmetry = 0.404601, mirror = 0.000000 with aspect ratio=7.581437 took 109.766285s
23:40:20 - Growth rate = 0.120524, quasisymmetry = 0.372939, mirror = 0.000000 with aspect ratio=7.535628 took 109.768378s
23:40:20 - Growth rate = 0.138185, quasisymmetry = 0.082759, mirror = 0.000000 with aspect ratio=8.031774 took 109.732569s
23:40:21 - Growth rate = 0.168893, quasisymmetry = 0.411711, mirror = 0.000000 with aspect ratio=7.945602 took 110.685111s
23:40:21 - Growth rate = 0.141619, quasisymmetry = 0.135419, mirror = 0.000000 with aspect ratio=8.032771 took 110.406913s
23:40:21 - Growth rate = 0.139142, quasisymmetry = 0.083199, mirror = 0.000000 with aspect ratio=8.032761 took 110.501714s
23:40:21 - Growth rate = 0.138754, quasisymmetry = 0.083633, mirror = 0.000000 with aspect ratio=8.032784 took 110.527390s
23:40:21 - Growth rate = 0.138298, quasisymmetry = 0.081231, mirror = 0.000000 with aspect ratio=8.033237 took 110.582581s
23:40:21 - Growth rate = 0.139003, quasisymmetry = 0.083170, mirror = 0.000000 with aspect ratio=8.032771 took 110.786604s
23:40:22 - Growth rate = 0.138682, quasisymmetry = 0.083100, mirror = 0.000000 with aspect ratio=8.032751 took 110.887873s
23:40:22 - Growth rate = 0.132669, quasisymmetry = 0.086760, mirror = 0.000000 with aspect ratio=8.031913 took 110.890710s
23:40:22 - Growth rate = 0.138077, quasisymmetry = 0.084294, mirror = 0.000000 with aspect ratio=8.032770 took 110.916939s
23:40:22 - Growth rate = 0.139028, quasisymmetry = 0.083179, mirror = 0.000000 with aspect ratio=8.032634 took 110.962026s
23:40:22 - Growth rate = 0.141280, quasisymmetry = 0.123597, mirror = 0.000000 with aspect ratio=8.031598 took 110.846372s
23:40:22 - Growth rate = 0.134600, quasisymmetry = 0.086216, mirror = 0.000000 with aspect ratio=8.033540 took 111.088574s
23:40:22 - Growth rate = 0.138629, quasisymmetry = 0.083170, mirror = 0.000000 with aspect ratio=8.032772 took 111.114761s
23:40:22 - Growth rate = 0.137916, quasisymmetry = 0.084479, mirror = 0.000000 with aspect ratio=8.032278 took 111.117841s
23:40:22 - Growth rate = 0.137769, quasisymmetry = 0.083643, mirror = 0.000000 with aspect ratio=8.032794 took 111.232430s
23:40:22 - Growth rate = 0.146656, quasisymmetry = 0.088094, mirror = 0.000000 with aspect ratio=8.035581 took 111.290556s
23:40:22 - Growth rate = 0.145213, quasisymmetry = 0.084815, mirror = 0.000000 with aspect ratio=8.033963 took 111.269074s
23:40:22 - Growth rate = 0.164123, quasisymmetry = 0.492269, mirror = 0.000000 with aspect ratio=8.185032 took 111.170343s
23:40:22 - Growth rate = 0.138673, quasisymmetry = 0.083234, mirror = 0.000000 with aspect ratio=8.033311 took 111.628778s
23:40:22 - Growth rate = 0.138986, quasisymmetry = 0.083713, mirror = 0.000000 with aspect ratio=8.032799 took 111.696059s
23:40:23 - Growth rate = 0.138239, quasisymmetry = 0.083403, mirror = 0.000000 with aspect ratio=8.033316 took 111.861087s
       1              4         1.3795e-01      1.83e-02       9.26e-03       4.92e+01    
23:42:11 - Growth rate = 0.135237, quasisymmetry = 0.083461, mirror = 0.000000 with aspect ratio=8.022492 took 106.008697s
23:43:59 - Growth rate = 0.135237, quasisymmetry = 0.083461, mirror = 0.000000 with aspect ratio=8.022492 took 104.879028s
23:45:51 - Growth rate = 0.164778, quasisymmetry = 0.345108, mirror = 0.000000 with aspect ratio=7.935753 took 109.498049s
23:45:51 - Growth rate = 0.145843, quasisymmetry = 0.349526, mirror = 0.000000 with aspect ratio=7.572290 took 109.919219s
23:45:51 - Growth rate = 0.117534, quasisymmetry = 0.441299, mirror = 0.000000 with aspect ratio=7.526423 took 110.028243s
23:45:51 - Growth rate = 0.135173, quasisymmetry = 0.083491, mirror = 0.000000 with aspect ratio=8.023047 took 110.006613s
23:45:51 - Growth rate = 0.133222, quasisymmetry = 0.082239, mirror = 0.000000 with aspect ratio=8.023069 took 110.062713s
23:45:52 - Growth rate = 0.139729, quasisymmetry = 0.131818, mirror = 0.000000 with aspect ratio=8.022492 took 110.014439s
23:45:52 - Growth rate = 0.134210, quasisymmetry = 0.083660, mirror = 0.000000 with aspect ratio=8.022489 took 110.419796s
23:45:52 - Growth rate = 0.135375, quasisymmetry = 0.083370, mirror = 0.000000 with aspect ratio=8.022476 took 110.457884s
23:45:52 - Growth rate = 0.135675, quasisymmetry = 0.083399, mirror = 0.000000 with aspect ratio=8.022340 took 110.565660s
23:45:52 - Growth rate = 0.140068, quasisymmetry = 0.123209, mirror = 0.000000 with aspect ratio=8.020965 took 110.443060s
23:45:52 - Growth rate = 0.135456, quasisymmetry = 0.083553, mirror = 0.000000 with aspect ratio=8.022500 took 110.648952s
23:45:52 - Growth rate = 0.138503, quasisymmetry = 0.088156, mirror = 0.000000 with aspect ratio=8.021698 took 110.766500s
23:45:52 - Growth rate = 0.136556, quasisymmetry = 0.083114, mirror = 0.000000 with aspect ratio=8.024696 took 110.813917s
23:45:52 - Growth rate = 0.135659, quasisymmetry = 0.083215, mirror = 0.000000 with aspect ratio=8.022506 took 110.864713s
23:45:52 - Growth rate = 0.134400, quasisymmetry = 0.084611, mirror = 0.000000 with aspect ratio=8.022496 took 110.862895s
23:45:52 - Growth rate = 0.135171, quasisymmetry = 0.083679, mirror = 0.000000 with aspect ratio=8.022492 took 110.884184s
23:45:52 - Growth rate = 0.134674, quasisymmetry = 0.082628, mirror = 0.000000 with aspect ratio=8.021425 took 110.943748s
23:45:52 - Growth rate = 0.133020, quasisymmetry = 0.087347, mirror = 0.000000 with aspect ratio=8.023495 took 111.047303s
23:45:52 - Growth rate = 0.135279, quasisymmetry = 0.083345, mirror = 0.000000 with aspect ratio=8.022493 took 111.068601s
23:45:53 - Growth rate = 0.141308, quasisymmetry = 0.082486, mirror = 0.000000 with aspect ratio=8.025648 took 111.079028s
23:45:53 - Growth rate = 0.134549, quasisymmetry = 0.083994, mirror = 0.000000 with aspect ratio=8.022516 took 111.101469s
23:45:53 - Growth rate = 0.135211, quasisymmetry = 0.083528, mirror = 0.000000 with aspect ratio=8.023032 took 111.155381s
23:45:53 - Growth rate = 0.132893, quasisymmetry = 0.085603, mirror = 0.000000 with aspect ratio=8.021946 took 111.223937s
23:45:53 - Growth rate = 0.161199, quasisymmetry = 0.424075, mirror = 0.000000 with aspect ratio=8.174584 took 111.262640s
       2              5         1.3343e-01      4.52e-03       2.31e-03       1.82e+01    
23:47:43 - Growth rate = 0.136322, quasisymmetry = 0.084017, mirror = 0.000000 with aspect ratio=8.022413 took 107.659084s
23:49:32 - Growth rate = 0.135017, quasisymmetry = 0.083653, mirror = 0.000000 with aspect ratio=8.022471 took 105.687985s
23:51:20 - Growth rate = 0.135017, quasisymmetry = 0.083653, mirror = 0.000000 with aspect ratio=8.022471 took 105.669679s
23:53:12 - Growth rate = 0.167432, quasisymmetry = 0.343862, mirror = 0.000000 with aspect ratio=7.935712 took 109.492832s
23:53:12 - Growth rate = 0.147307, quasisymmetry = 0.348061, mirror = 0.000000 with aspect ratio=7.572231 took 109.455124s
23:53:12 - Growth rate = 0.117819, quasisymmetry = 0.443240, mirror = 0.000000 with aspect ratio=7.526393 took 109.735535s
23:53:12 - Growth rate = 0.137208, quasisymmetry = 0.084290, mirror = 0.000000 with aspect ratio=8.022467 took 109.678207s
23:53:13 - Growth rate = 0.134064, quasisymmetry = 0.082798, mirror = 0.000000 with aspect ratio=8.021399 took 109.872323s
23:53:13 - Growth rate = 0.135201, quasisymmetry = 0.083535, mirror = 0.000000 with aspect ratio=8.022456 took 110.085328s
23:53:13 - Growth rate = 0.134996, quasisymmetry = 0.083670, mirror = 0.000000 with aspect ratio=8.023026 took 110.284871s
23:53:13 - Growth rate = 0.135354, quasisymmetry = 0.083605, mirror = 0.000000 with aspect ratio=8.022473 took 110.646964s
23:53:13 - Growth rate = 0.131888, quasisymmetry = 0.089366, mirror = 0.000000 with aspect ratio=8.021650 took 110.658489s
23:53:13 - Growth rate = 0.135516, quasisymmetry = 0.083583, mirror = 0.000000 with aspect ratio=8.022319 took 110.702976s
23:53:13 - Growth rate = 0.133355, quasisymmetry = 0.088575, mirror = 0.000000 with aspect ratio=8.023494 took 110.681937s
23:53:13 - Growth rate = 0.135222, quasisymmetry = 0.083738, mirror = 0.000000 with aspect ratio=8.023010 took 110.758094s
23:53:13 - Growth rate = 0.135209, quasisymmetry = 0.083804, mirror = 0.000000 with aspect ratio=8.022479 took 110.769045s
23:53:13 - Growth rate = 0.140843, quasisymmetry = 0.081887, mirror = 0.000000 with aspect ratio=8.025648 took 110.790766s
23:53:14 - Growth rate = 0.134443, quasisymmetry = 0.084456, mirror = 0.000000 with aspect ratio=8.022496 took 110.816490s
23:53:14 - Growth rate = 0.132946, quasisymmetry = 0.085866, mirror = 0.000000 with aspect ratio=8.021922 took 110.795273s
23:53:14 - Growth rate = 0.134413, quasisymmetry = 0.084908, mirror = 0.000000 with aspect ratio=8.022474 took 110.824573s
23:53:14 - Growth rate = 0.138188, quasisymmetry = 0.124912, mirror = 0.000000 with aspect ratio=8.020946 took 110.711088s
23:53:14 - Growth rate = 0.132750, quasisymmetry = 0.082532, mirror = 0.000000 with aspect ratio=8.023045 took 110.890193s
23:53:14 - Growth rate = 0.135100, quasisymmetry = 0.083844, mirror = 0.000000 with aspect ratio=8.022471 took 110.874919s
23:53:14 - Growth rate = 0.137090, quasisymmetry = 0.130292, mirror = 0.000000 with aspect ratio=8.022471 took 110.842326s
23:53:14 - Growth rate = 0.137930, quasisymmetry = 0.083805, mirror = 0.000000 with aspect ratio=8.024685 took 111.132643s
23:53:14 - Growth rate = 0.135522, quasisymmetry = 0.083376, mirror = 0.000000 with aspect ratio=8.022484 took 111.135879s
23:53:14 - Growth rate = 0.161324, quasisymmetry = 0.423523, mirror = 0.000000 with aspect ratio=8.174571 took 111.133258s
       3              7         1.3323e-01      2.01e-04       1.45e-04       3.05e+01    
23:55:02 - Growth rate = 0.135144, quasisymmetry = 0.083912, mirror = 0.000000 with aspect ratio=8.022349 took 105.675632s
23:56:51 - Growth rate = 0.135085, quasisymmetry = 0.083713, mirror = 0.000000 with aspect ratio=8.022440 took 105.381072s
23:58:39 - Growth rate = 0.135034, quasisymmetry = 0.083667, mirror = 0.000000 with aspect ratio=8.022463 took 105.484229s
00:00:27 - Growth rate = 0.135023, quasisymmetry = 0.083656, mirror = 0.000000 with aspect ratio=8.022469 took 105.194299s
00:02:16 - Growth rate = 0.135019, quasisymmetry = 0.083654, mirror = 0.000000 with aspect ratio=8.022470 took 106.169275s
00:04:04 - Growth rate = 0.135018, quasisymmetry = 0.083653, mirror = 0.000000 with aspect ratio=8.022471 took 105.290107s
00:05:52 - Growth rate = 0.135017, quasisymmetry = 0.083653, mirror = 0.000000 with aspect ratio=8.022471 took 104.998088s
00:07:40 - Growth rate = 0.135017, quasisymmetry = 0.083653, mirror = 0.000000 with aspect ratio=8.022471 took 105.610475s
       4             15         1.3323e-01      0.00e+00       0.00e+00       3.05e+01    
`xtol` termination condition is satisfied.
Function evaluations 15, initial cost 1.5622e-01, final cost 1.3323e-01, first-order optimality 3.05e+01.
Final aspect ratio: 8.022470941882453
Final mean iota: -0.9596944951478799
Final magnetic well: -0.09090836225027332
Final quasisymmetry: 0.0836527076067545
Final growth rate: 0.13501728103658292
## Now calculating total objective function ##
00:11:14 - Growth rate = 0.135017, quasisymmetry = 0.083653, mirror = 0.000000 with aspect ratio=8.022471 took 105.858352s
Total objective before optimization: 0.26645431262095015
-------------------------
Optimizing with max_mode = 3
-------------------------
00:13:02 - Growth rate = 0.135017, quasisymmetry = 0.083653, mirror = 0.000000 with aspect ratio=8.022471 took 104.991094s
00:14:50 - Growth rate = 0.135017, quasisymmetry = 0.083653, mirror = 0.000000 with aspect ratio=8.022471 took 105.156161s
00:16:37 - Growth rate = 0.135017, quasisymmetry = 0.083653, mirror = 0.000000 with aspect ratio=8.022471 took 104.622869s
00:18:34 - Growth rate = 0.167432, quasisymmetry = 0.343862, mirror = 0.000000 with aspect ratio=7.935712 took 114.431243s
00:18:34 - Growth rate = 0.133235, quasisymmetry = 0.085121, mirror = 0.000000 with aspect ratio=8.022469 took 114.356434s
00:18:34 - Growth rate = 0.135201, quasisymmetry = 0.083535, mirror = 0.000000 with aspect ratio=8.022456 took 114.471291s
00:18:34 - Growth rate = 0.117819, quasisymmetry = 0.443240, mirror = 0.000000 with aspect ratio=7.526393 took 114.707524s
00:18:34 - Growth rate = 0.140843, quasisymmetry = 0.081887, mirror = 0.000000 with aspect ratio=8.025648 took 114.650313s
00:18:34 - Growth rate = 0.147307, quasisymmetry = 0.348061, mirror = 0.000000 with aspect ratio=7.572231 took 114.851592s
00:18:34 - Growth rate = 0.136180, quasisymmetry = 0.084422, mirror = 0.000000 with aspect ratio=8.022471 took 114.832902s
00:18:34 - Growth rate = 0.138165, quasisymmetry = 0.083439, mirror = 0.000000 with aspect ratio=8.022470 took 115.019888s
00:18:35 - Growth rate = 0.134855, quasisymmetry = 0.085108, mirror = 0.000000 with aspect ratio=8.022467 took 115.422887s
00:18:35 - Growth rate = 0.134064, quasisymmetry = 0.082798, mirror = 0.000000 with aspect ratio=8.021399 took 115.437158s
00:18:35 - Growth rate = 0.134260, quasisymmetry = 0.083756, mirror = 0.000000 with aspect ratio=8.022467 took 115.402393s
00:18:35 - Growth rate = 0.136278, quasisymmetry = 0.083554, mirror = 0.000000 with aspect ratio=8.022528 took 115.434157s
00:18:35 - Growth rate = 0.132750, quasisymmetry = 0.082532, mirror = 0.000000 with aspect ratio=8.023045 took 115.609073s
00:18:35 - Growth rate = 0.135982, quasisymmetry = 0.083241, mirror = 0.000000 with aspect ratio=8.022471 took 115.736913s
00:18:35 - Growth rate = 0.135578, quasisymmetry = 0.082891, mirror = 0.000000 with aspect ratio=8.022481 took 115.774962s
00:18:35 - Growth rate = 0.134967, quasisymmetry = 0.083661, mirror = 0.000000 with aspect ratio=8.022470 took 115.808599s
00:18:35 - Growth rate = 0.135354, quasisymmetry = 0.083605, mirror = 0.000000 with aspect ratio=8.022473 took 115.910805s
00:18:36 - Growth rate = 0.133456, quasisymmetry = 0.083734, mirror = 0.000000 with aspect ratio=8.022451 took 116.115318s
00:18:36 - Growth rate = 0.135168, quasisymmetry = 0.083404, mirror = 0.000000 with aspect ratio=8.022490 took 116.124821s
00:18:36 - Growth rate = 0.138188, quasisymmetry = 0.124912, mirror = 0.000000 with aspect ratio=8.020946 took 115.993485s
00:18:36 - Growth rate = 0.135222, quasisymmetry = 0.083738, mirror = 0.000000 with aspect ratio=8.023010 took 116.161974s
00:18:36 - Growth rate = 0.135100, quasisymmetry = 0.083844, mirror = 0.000000 with aspect ratio=8.022471 took 116.300616s
00:18:36 - Growth rate = 0.135305, quasisymmetry = 0.083719, mirror = 0.000000 with aspect ratio=8.022495 took 116.370589s
00:18:36 - Growth rate = 0.135209, quasisymmetry = 0.083804, mirror = 0.000000 with aspect ratio=8.022479 took 116.408144s
00:18:36 - Growth rate = 0.137930, quasisymmetry = 0.083805, mirror = 0.000000 with aspect ratio=8.024685 took 116.437472s
00:18:36 - Growth rate = 0.135098, quasisymmetry = 0.083709, mirror = 0.000000 with aspect ratio=8.022458 took 116.507858s
00:18:36 - Growth rate = 0.134443, quasisymmetry = 0.084456, mirror = 0.000000 with aspect ratio=8.022496 took 116.566239s
00:18:36 - Growth rate = 0.134868, quasisymmetry = 0.083692, mirror = 0.000000 with aspect ratio=8.022445 took 116.712230s
00:18:36 - Growth rate = 0.134925, quasisymmetry = 0.083813, mirror = 0.000000 with aspect ratio=8.022464 took 116.773710s
00:18:36 - Growth rate = 0.134945, quasisymmetry = 0.083612, mirror = 0.000000 with aspect ratio=8.022468 took 116.846938s
00:18:36 - Growth rate = 0.131888, quasisymmetry = 0.089366, mirror = 0.000000 with aspect ratio=8.021650 took 116.911551s
00:18:36 - Growth rate = 0.137208, quasisymmetry = 0.084290, mirror = 0.000000 with aspect ratio=8.022467 took 116.938777s
00:18:36 - Growth rate = 0.134413, quasisymmetry = 0.084908, mirror = 0.000000 with aspect ratio=8.022474 took 116.946563s
00:18:36 - Growth rate = 0.132946, quasisymmetry = 0.085866, mirror = 0.000000 with aspect ratio=8.021922 took 116.944521s
00:18:36 - Growth rate = 0.138680, quasisymmetry = 0.083478, mirror = 0.000000 with aspect ratio=8.022462 took 116.978254s
00:18:37 - Growth rate = 0.133355, quasisymmetry = 0.088575, mirror = 0.000000 with aspect ratio=8.023494 took 117.075534s
00:18:37 - Growth rate = 0.134996, quasisymmetry = 0.083670, mirror = 0.000000 with aspect ratio=8.023026 took 117.111835s
00:18:37 - Growth rate = 0.137090, quasisymmetry = 0.130292, mirror = 0.000000 with aspect ratio=8.022471 took 117.120915s
00:18:37 - Growth rate = 0.135522, quasisymmetry = 0.083376, mirror = 0.000000 with aspect ratio=8.022484 took 117.188611s
00:18:37 - Growth rate = 0.135149, quasisymmetry = 0.084228, mirror = 0.000000 with aspect ratio=8.022465 took 117.326788s
00:18:37 - Growth rate = 0.133936, quasisymmetry = 0.083435, mirror = 0.000000 with aspect ratio=8.022470 took 117.285680s
00:18:37 - Growth rate = 0.161324, quasisymmetry = 0.423523, mirror = 0.000000 with aspect ratio=8.174571 took 117.147629s
00:18:37 - Growth rate = 0.134268, quasisymmetry = 0.084158, mirror = 0.000000 with aspect ratio=8.022471 took 117.317802s
00:18:37 - Growth rate = 0.134890, quasisymmetry = 0.084527, mirror = 0.000000 with aspect ratio=8.022471 took 117.301926s
00:18:37 - Growth rate = 0.134559, quasisymmetry = 0.083796, mirror = 0.000000 with aspect ratio=8.022467 took 117.375458s
00:18:37 - Growth rate = 0.135072, quasisymmetry = 0.083564, mirror = 0.000000 with aspect ratio=8.022464 took 117.464985s
00:18:37 - Growth rate = 0.135516, quasisymmetry = 0.083583, mirror = 0.000000 with aspect ratio=8.022319 took 117.643305s
00:18:39 - Growth rate = 0.134032, quasisymmetry = 0.083668, mirror = 0.000000 with aspect ratio=8.022487 took 119.174299s
   Iteration     Total nfev        Cost      Cost reduction    Step norm     Optimality   
       0              1         1.3323e-01                                    4.47e+01    
00:20:29 - Growth rate = 0.201494, quasisymmetry = 2.875554, mirror = 0.000000 with aspect ratio=7.801616 took 106.127583s
00:22:20 - Growth rate = 0.185760, quasisymmetry = 0.173247, mirror = 0.000000 with aspect ratio=7.993199 took 106.406555s
00:24:08 - Growth rate = 0.154090, quasisymmetry = 0.060098, mirror = 0.000000 with aspect ratio=8.018091 took 105.176139s
00:25:58 - Growth rate = 0.126576, quasisymmetry = 0.091487, mirror = 0.000000 with aspect ratio=8.021061 took 106.215000s
00:27:45 - Growth rate = 0.126576, quasisymmetry = 0.091487, mirror = 0.000000 with aspect ratio=8.021061 took 104.823275s
00:29:42 - Growth rate = 0.164956, quasisymmetry = 0.357934, mirror = 0.000000 with aspect ratio=7.934440 took 114.031094s
00:29:42 - Growth rate = 0.126393, quasisymmetry = 0.089698, mirror = 0.000000 with aspect ratio=8.021043 took 114.023230s
00:29:42 - Growth rate = 0.135114, quasisymmetry = 0.090236, mirror = 0.000000 with aspect ratio=8.023317 took 114.202728s
00:29:42 - Growth rate = 0.126585, quasisymmetry = 0.090981, mirror = 0.000000 with aspect ratio=8.021654 took 114.274650s
00:29:42 - Growth rate = 0.144571, quasisymmetry = 0.358149, mirror = 0.000000 with aspect ratio=7.570735 took 114.621194s
00:29:43 - Growth rate = 0.114364, quasisymmetry = 0.446498, mirror = 0.000000 with aspect ratio=7.525199 took 114.743147s
00:29:43 - Growth rate = 0.124219, quasisymmetry = 0.091391, mirror = 0.000000 with aspect ratio=8.021067 took 114.709177s
00:29:43 - Growth rate = 0.126561, quasisymmetry = 0.091307, mirror = 0.000000 with aspect ratio=8.021062 took 114.803915s
00:29:43 - Growth rate = 0.128657, quasisymmetry = 0.092157, mirror = 0.000000 with aspect ratio=8.021058 took 115.231445s
00:29:43 - Growth rate = 0.127994, quasisymmetry = 0.088331, mirror = 0.000000 with aspect ratio=8.021049 took 115.339274s
00:29:43 - Growth rate = 0.138651, quasisymmetry = 0.093818, mirror = 0.000000 with aspect ratio=8.020312 took 115.319778s
00:29:44 - Growth rate = 0.126816, quasisymmetry = 0.091953, mirror = 0.000000 with aspect ratio=8.021065 took 115.575280s
00:29:44 - Growth rate = 0.127305, quasisymmetry = 0.091507, mirror = 0.000000 with aspect ratio=8.021057 took 115.588942s
00:29:44 - Growth rate = 0.125151, quasisymmetry = 0.094211, mirror = 0.000000 with aspect ratio=8.021058 took 115.601970s
00:29:44 - Growth rate = 0.126626, quasisymmetry = 0.092246, mirror = 0.000000 with aspect ratio=8.021082 took 115.651193s
00:29:44 - Growth rate = 0.127771, quasisymmetry = 0.090640, mirror = 0.000000 with aspect ratio=8.019924 took 115.770148s
00:29:44 - Growth rate = 0.127942, quasisymmetry = 0.093934, mirror = 0.000000 with aspect ratio=8.020494 took 115.762448s
00:29:44 - Growth rate = 0.127083, quasisymmetry = 0.091393, mirror = 0.000000 with aspect ratio=8.021054 took 115.912160s
00:29:44 - Growth rate = 0.128337, quasisymmetry = 0.090731, mirror = 0.000000 with aspect ratio=8.021056 took 115.965489s
00:29:44 - Growth rate = 0.126716, quasisymmetry = 0.091569, mirror = 0.000000 with aspect ratio=8.021054 took 115.962069s
00:29:44 - Growth rate = 0.127329, quasisymmetry = 0.091475, mirror = 0.000000 with aspect ratio=8.021623 took 116.111346s
00:29:44 - Growth rate = 0.127524, quasisymmetry = 0.090830, mirror = 0.000000 with aspect ratio=8.021067 took 116.162646s
00:29:44 - Growth rate = 0.128943, quasisymmetry = 0.091250, mirror = 0.000000 with aspect ratio=8.021076 took 116.237409s
00:29:44 - Growth rate = 0.127218, quasisymmetry = 0.091379, mirror = 0.000000 with aspect ratio=8.021046 took 116.200790s
00:29:44 - Growth rate = 0.126779, quasisymmetry = 0.091548, mirror = 0.000000 with aspect ratio=8.021599 took 116.256565s
00:29:44 - Growth rate = 0.142426, quasisymmetry = 0.123290, mirror = 0.000000 with aspect ratio=8.019559 took 116.136000s
00:29:44 - Growth rate = 0.128774, quasisymmetry = 0.090215, mirror = 0.000000 with aspect ratio=8.021089 took 116.309044s
00:29:44 - Growth rate = 0.127342, quasisymmetry = 0.091437, mirror = 0.000000 with aspect ratio=8.021075 took 116.434536s
00:29:44 - Growth rate = 0.136440, quasisymmetry = 0.092624, mirror = 0.000000 with aspect ratio=8.024320 took 116.443755s
00:29:44 - Growth rate = 0.126780, quasisymmetry = 0.090596, mirror = 0.000000 with aspect ratio=8.021055 took 116.541873s
00:29:44 - Growth rate = 0.127438, quasisymmetry = 0.091771, mirror = 0.000000 with aspect ratio=8.021061 took 116.534396s
00:29:45 - Growth rate = 0.127361, quasisymmetry = 0.092331, mirror = 0.000000 with aspect ratio=8.021054 took 116.580264s
00:29:45 - Growth rate = 0.160566, quasisymmetry = 0.442505, mirror = 0.000000 with aspect ratio=8.173257 took 116.408361s
00:29:45 - Growth rate = 0.127575, quasisymmetry = 0.091518, mirror = 0.000000 with aspect ratio=8.021054 took 116.665322s
00:29:45 - Growth rate = 0.126740, quasisymmetry = 0.091544, mirror = 0.000000 with aspect ratio=8.021049 took 116.676613s
00:29:45 - Growth rate = 0.127473, quasisymmetry = 0.091579, mirror = 0.000000 with aspect ratio=8.021032 took 116.704747s
00:29:45 - Growth rate = 0.126581, quasisymmetry = 0.092308, mirror = 0.000000 with aspect ratio=8.021076 took 116.927011s
00:29:45 - Growth rate = 0.128859, quasisymmetry = 0.092367, mirror = 0.000000 with aspect ratio=8.021060 took 116.973942s
00:29:45 - Growth rate = 0.126952, quasisymmetry = 0.091428, mirror = 0.000000 with aspect ratio=8.021059 took 117.049610s
00:29:45 - Growth rate = 0.132676, quasisymmetry = 0.147438, mirror = 0.000000 with aspect ratio=8.021061 took 117.037555s
00:29:45 - Growth rate = 0.125554, quasisymmetry = 0.091624, mirror = 0.000000 with aspect ratio=8.021079 took 117.209241s
00:29:45 - Growth rate = 0.129063, quasisymmetry = 0.094149, mirror = 0.000000 with aspect ratio=8.022160 took 117.232440s
00:29:45 - Growth rate = 0.127691, quasisymmetry = 0.091604, mirror = 0.000000 with aspect ratio=8.021045 took 117.229450s
00:29:45 - Growth rate = 0.126269, quasisymmetry = 0.090678, mirror = 0.000000 with aspect ratio=8.021061 took 117.293122s
00:29:45 - Growth rate = 0.127714, quasisymmetry = 0.091394, mirror = 0.000000 with aspect ratio=8.021081 took 117.320509s
00:29:45 - Growth rate = 0.126962, quasisymmetry = 0.091893, mirror = 0.000000 with aspect ratio=8.021059 took 117.371757s
00:29:45 - Growth rate = 0.127566, quasisymmetry = 0.091439, mirror = 0.000000 with aspect ratio=8.020904 took 117.447385s
00:29:45 - Growth rate = 0.127778, quasisymmetry = 0.091323, mirror = 0.000000 with aspect ratio=8.021049 took 117.468457s
       1              5         1.2607e-01      7.15e-03       1.51e-03       5.72e+01    
00:31:35 - Growth rate = 0.133126, quasisymmetry = 0.092060, mirror = 0.000000 with aspect ratio=8.020819 took 106.117912s
00:33:23 - Growth rate = 0.126594, quasisymmetry = 0.091778, mirror = 0.000000 with aspect ratio=8.020981 took 104.795629s
00:35:11 - Growth rate = 0.127013, quasisymmetry = 0.091566, mirror = 0.000000 with aspect ratio=8.021040 took 105.213082s
00:37:00 - Growth rate = 0.127109, quasisymmetry = 0.091507, mirror = 0.000000 with aspect ratio=8.021056 took 106.234244s
00:38:49 - Growth rate = 0.126559, quasisymmetry = 0.091492, mirror = 0.000000 with aspect ratio=8.021059 took 105.502243s
00:40:38 - Growth rate = 0.126559, quasisymmetry = 0.091492, mirror = 0.000000 with aspect ratio=8.021059 took 106.424563s
00:42:34 - Growth rate = 0.144543, quasisymmetry = 0.358136, mirror = 0.000000 with aspect ratio=7.570734 took 114.074448s
00:42:35 - Growth rate = 0.128823, quasisymmetry = 0.092369, mirror = 0.000000 with aspect ratio=8.021059 took 114.122388s
00:42:35 - Growth rate = 0.114353, quasisymmetry = 0.446518, mirror = 0.000000 with aspect ratio=7.525197 took 114.322254s
00:42:35 - Growth rate = 0.127342, quasisymmetry = 0.092331, mirror = 0.000000 with aspect ratio=8.021053 took 114.252919s
00:42:35 - Growth rate = 0.164922, quasisymmetry = 0.357925, mirror = 0.000000 with aspect ratio=7.934439 took 115.068370s
00:42:36 - Growth rate = 0.127760, quasisymmetry = 0.090645, mirror = 0.000000 with aspect ratio=8.019922 took 115.027740s
00:42:36 - Growth rate = 0.126575, quasisymmetry = 0.090988, mirror = 0.000000 with aspect ratio=8.021652 took 115.054672s
00:42:36 - Growth rate = 0.128358, quasisymmetry = 0.090729, mirror = 0.000000 with aspect ratio=8.021054 took 115.036463s
00:42:36 - Growth rate = 0.132700, quasisymmetry = 0.147489, mirror = 0.000000 with aspect ratio=8.021059 took 114.981505s
00:42:36 - Growth rate = 0.127230, quasisymmetry = 0.091327, mirror = 0.000000 with aspect ratio=8.021048 took 115.215967s
00:42:36 - Growth rate = 0.126762, quasisymmetry = 0.090603, mirror = 0.000000 with aspect ratio=8.021053 took 115.304096s
00:42:36 - Growth rate = 0.136473, quasisymmetry = 0.092635, mirror = 0.000000 with aspect ratio=8.024319 took 115.609437s
00:42:36 - Growth rate = 0.127061, quasisymmetry = 0.091398, mirror = 0.000000 with aspect ratio=8.021053 took 115.685682s
00:42:37 - Growth rate = 0.124212, quasisymmetry = 0.091396, mirror = 0.000000 with aspect ratio=8.021066 took 116.123987s
00:42:37 - Growth rate = 0.126721, quasisymmetry = 0.091549, mirror = 0.000000 with aspect ratio=8.021047 took 116.174913s
00:42:37 - Growth rate = 0.138567, quasisymmetry = 0.093815, mirror = 0.000000 with aspect ratio=8.020310 took 116.208747s
00:42:37 - Growth rate = 0.127276, quasisymmetry = 0.091512, mirror = 0.000000 with aspect ratio=8.021056 took 116.181547s
00:42:37 - Growth rate = 0.125145, quasisymmetry = 0.094214, mirror = 0.000000 with aspect ratio=8.021057 took 116.233629s
00:42:37 - Growth rate = 0.125542, quasisymmetry = 0.091629, mirror = 0.000000 with aspect ratio=8.021077 took 116.289381s
00:42:37 - Growth rate = 0.127191, quasisymmetry = 0.091384, mirror = 0.000000 with aspect ratio=8.021044 took 116.300794s
00:42:37 - Growth rate = 0.142388, quasisymmetry = 0.123249, mirror = 0.000000 with aspect ratio=8.019557 took 116.232746s
00:42:37 - Growth rate = 0.127535, quasisymmetry = 0.091444, mirror = 0.000000 with aspect ratio=8.020903 took 116.501481s
00:42:37 - Growth rate = 0.127542, quasisymmetry = 0.091523, mirror = 0.000000 with aspect ratio=8.021053 took 116.600621s
00:42:37 - Growth rate = 0.126932, quasisymmetry = 0.091553, mirror = 0.000000 with aspect ratio=8.021597 took 116.613848s
00:42:37 - Growth rate = 0.126573, quasisymmetry = 0.092312, mirror = 0.000000 with aspect ratio=8.021075 took 116.653168s
00:42:37 - Growth rate = 0.126936, quasisymmetry = 0.091898, mirror = 0.000000 with aspect ratio=8.021058 took 116.766754s
00:42:37 - Growth rate = 0.127672, quasisymmetry = 0.091608, mirror = 0.000000 with aspect ratio=8.021044 took 116.768005s
00:42:37 - Growth rate = 0.127684, quasisymmetry = 0.091399, mirror = 0.000000 with aspect ratio=8.021080 took 116.847830s
00:42:37 - Growth rate = 0.126929, quasisymmetry = 0.091433, mirror = 0.000000 with aspect ratio=8.021058 took 116.897297s
00:42:37 - Growth rate = 0.126254, quasisymmetry = 0.090685, mirror = 0.000000 with aspect ratio=8.021059 took 116.970538s
00:42:38 - Growth rate = 0.129055, quasisymmetry = 0.094137, mirror = 0.000000 with aspect ratio=8.022159 took 116.970071s
00:42:38 - Growth rate = 0.128898, quasisymmetry = 0.091254, mirror = 0.000000 with aspect ratio=8.021075 took 117.000081s
00:42:38 - Growth rate = 0.127420, quasisymmetry = 0.091776, mirror = 0.000000 with aspect ratio=8.021059 took 117.086268s
00:42:38 - Growth rate = 0.127452, quasisymmetry = 0.091584, mirror = 0.000000 with aspect ratio=8.021031 took 117.140440s
00:42:38 - Growth rate = 0.126542, quasisymmetry = 0.091313, mirror = 0.000000 with aspect ratio=8.021061 took 117.233719s
00:42:38 - Growth rate = 0.126798, quasisymmetry = 0.091958, mirror = 0.000000 with aspect ratio=8.021063 took 117.261122s
00:42:38 - Growth rate = 0.126385, quasisymmetry = 0.089696, mirror = 0.000000 with aspect ratio=8.021042 took 117.359792s
00:42:38 - Growth rate = 0.128757, quasisymmetry = 0.090218, mirror = 0.000000 with aspect ratio=8.021087 took 117.387464s
00:42:38 - Growth rate = 0.126597, quasisymmetry = 0.092250, mirror = 0.000000 with aspect ratio=8.021081 took 117.484812s
00:42:38 - Growth rate = 0.127928, quasisymmetry = 0.093940, mirror = 0.000000 with aspect ratio=8.020493 took 117.554558s
00:42:38 - Growth rate = 0.128621, quasisymmetry = 0.092157, mirror = 0.000000 with aspect ratio=8.021057 took 117.672092s
00:42:38 - Growth rate = 0.127270, quasisymmetry = 0.091441, mirror = 0.000000 with aspect ratio=8.021074 took 117.655601s
00:42:38 - Growth rate = 0.160534, quasisymmetry = 0.442495, mirror = 0.000000 with aspect ratio=8.173256 took 117.557333s
00:42:38 - Growth rate = 0.135153, quasisymmetry = 0.090233, mirror = 0.000000 with aspect ratio=8.023316 took 117.815069s
00:42:38 - Growth rate = 0.127973, quasisymmetry = 0.088333, mirror = 0.000000 with aspect ratio=8.021048 took 117.792859s
00:42:38 - Growth rate = 0.126692, quasisymmetry = 0.091575, mirror = 0.000000 with aspect ratio=8.021053 took 117.825272s
00:42:38 - Growth rate = 0.127299, quasisymmetry = 0.091480, mirror = 0.000000 with aspect ratio=8.021621 took 117.846343s
00:42:39 - Growth rate = 0.127525, quasisymmetry = 0.090837, mirror = 0.000000 with aspect ratio=8.021066 took 118.017624s
       2             10         1.2605e-01      1.86e-05       1.47e-06       5.68e+01    
00:44:28 - Growth rate = 0.126555, quasisymmetry = 0.091493, mirror = 0.000000 with aspect ratio=8.021059 took 105.866411s
00:46:16 - Growth rate = 0.126555, quasisymmetry = 0.091493, mirror = 0.000000 with aspect ratio=8.021059 took 105.413095s
00:48:13 - Growth rate = 0.114350, quasisymmetry = 0.446523, mirror = 0.000000 with aspect ratio=7.525197 took 114.409926s
00:48:13 - Growth rate = 0.144536, quasisymmetry = 0.358133, mirror = 0.000000 with aspect ratio=7.570734 took 114.489347s
00:48:13 - Growth rate = 0.164913, quasisymmetry = 0.357923, mirror = 0.000000 with aspect ratio=7.934438 took 114.844566s
00:48:14 - Growth rate = 0.126573, quasisymmetry = 0.090989, mirror = 0.000000 with aspect ratio=8.021652 took 114.734633s
00:48:14 - Growth rate = 0.135164, quasisymmetry = 0.090233, mirror = 0.000000 with aspect ratio=8.023316 took 114.878082s
00:48:14 - Growth rate = 0.126251, quasisymmetry = 0.090686, mirror = 0.000000 with aspect ratio=8.021059 took 114.933101s
00:48:14 - Growth rate = 0.127677, quasisymmetry = 0.091400, mirror = 0.000000 with aspect ratio=8.021079 took 114.955807s
00:48:14 - Growth rate = 0.125143, quasisymmetry = 0.094214, mirror = 0.000000 with aspect ratio=8.021056 took 114.982731s
00:48:14 - Growth rate = 0.142379, quasisymmetry = 0.123239, mirror = 0.000000 with aspect ratio=8.019557 took 115.004393s
00:48:14 - Growth rate = 0.127338, quasisymmetry = 0.092332, mirror = 0.000000 with aspect ratio=8.021053 took 115.341627s
00:48:14 - Growth rate = 0.126590, quasisymmetry = 0.092251, mirror = 0.000000 with aspect ratio=8.021080 took 115.449745s
00:48:15 - Growth rate = 0.126927, quasisymmetry = 0.091554, mirror = 0.000000 with aspect ratio=8.021597 took 115.668070s
00:48:15 - Growth rate = 0.128753, quasisymmetry = 0.090218, mirror = 0.000000 with aspect ratio=8.021087 took 115.885606s
00:48:15 - Growth rate = 0.129054, quasisymmetry = 0.094135, mirror = 0.000000 with aspect ratio=8.022159 took 115.891571s
00:48:15 - Growth rate = 0.126686, quasisymmetry = 0.091576, mirror = 0.000000 with aspect ratio=8.021053 took 115.930629s
00:48:15 - Growth rate = 0.127968, quasisymmetry = 0.088334, mirror = 0.000000 with aspect ratio=8.021048 took 116.003913s
00:48:15 - Growth rate = 0.127221, quasisymmetry = 0.091328, mirror = 0.000000 with aspect ratio=8.021047 took 116.068048s
00:48:15 - Growth rate = 0.138549, quasisymmetry = 0.093814, mirror = 0.000000 with aspect ratio=8.020310 took 116.245763s
00:48:15 - Growth rate = 0.126757, quasisymmetry = 0.090605, mirror = 0.000000 with aspect ratio=8.021053 took 116.309078s
00:48:15 - Growth rate = 0.126929, quasisymmetry = 0.091899, mirror = 0.000000 with aspect ratio=8.021057 took 116.344054s
00:48:15 - Growth rate = 0.127528, quasisymmetry = 0.091445, mirror = 0.000000 with aspect ratio=8.020902 took 116.358140s
00:48:15 - Growth rate = 0.127448, quasisymmetry = 0.091585, mirror = 0.000000 with aspect ratio=8.021031 took 116.448827s
00:48:15 - Growth rate = 0.126571, quasisymmetry = 0.092313, mirror = 0.000000 with aspect ratio=8.021074 took 116.571827s
00:48:16 - Growth rate = 0.132707, quasisymmetry = 0.147502, mirror = 0.000000 with aspect ratio=8.021059 took 116.528804s
00:48:16 - Growth rate = 0.127757, quasisymmetry = 0.090647, mirror = 0.000000 with aspect ratio=8.019922 took 116.731393s
00:48:16 - Growth rate = 0.124211, quasisymmetry = 0.091397, mirror = 0.000000 with aspect ratio=8.021066 took 116.735589s
00:48:16 - Growth rate = 0.127257, quasisymmetry = 0.091443, mirror = 0.000000 with aspect ratio=8.021073 took 116.791614s
00:48:16 - Growth rate = 0.127416, quasisymmetry = 0.091777, mirror = 0.000000 with aspect ratio=8.021059 took 116.784309s
00:48:16 - Growth rate = 0.126924, quasisymmetry = 0.091434, mirror = 0.000000 with aspect ratio=8.021057 took 116.843383s
00:48:16 - Growth rate = 0.128888, quasisymmetry = 0.091255, mirror = 0.000000 with aspect ratio=8.021074 took 116.916185s
00:48:16 - Growth rate = 0.127185, quasisymmetry = 0.091385, mirror = 0.000000 with aspect ratio=8.021044 took 116.917001s
00:48:16 - Growth rate = 0.128369, quasisymmetry = 0.090729, mirror = 0.000000 with aspect ratio=8.021054 took 116.940302s
00:48:16 - Growth rate = 0.127056, quasisymmetry = 0.091399, mirror = 0.000000 with aspect ratio=8.021052 took 116.939387s
00:48:16 - Growth rate = 0.127925, quasisymmetry = 0.093941, mirror = 0.000000 with aspect ratio=8.020493 took 116.911124s
00:48:16 - Growth rate = 0.126383, quasisymmetry = 0.089696, mirror = 0.000000 with aspect ratio=8.021041 took 116.949888s
00:48:16 - Growth rate = 0.128814, quasisymmetry = 0.092370, mirror = 0.000000 with aspect ratio=8.021058 took 116.960711s
00:48:16 - Growth rate = 0.127291, quasisymmetry = 0.091481, mirror = 0.000000 with aspect ratio=8.021621 took 117.017159s
00:48:16 - Growth rate = 0.126716, quasisymmetry = 0.091550, mirror = 0.000000 with aspect ratio=8.021047 took 117.099338s
00:48:16 - Growth rate = 0.128613, quasisymmetry = 0.092157, mirror = 0.000000 with aspect ratio=8.021056 took 117.089779s
00:48:16 - Growth rate = 0.127270, quasisymmetry = 0.091513, mirror = 0.000000 with aspect ratio=8.021056 took 117.113574s
00:48:16 - Growth rate = 0.127668, quasisymmetry = 0.091609, mirror = 0.000000 with aspect ratio=8.021043 took 117.135280s
00:48:16 - Growth rate = 0.136482, quasisymmetry = 0.092638, mirror = 0.000000 with aspect ratio=8.024319 took 117.183323s
00:48:16 - Growth rate = 0.125540, quasisymmetry = 0.091630, mirror = 0.000000 with aspect ratio=8.021077 took 117.233362s
00:48:16 - Growth rate = 0.126794, quasisymmetry = 0.091959, mirror = 0.000000 with aspect ratio=8.021063 took 117.225682s
00:48:16 - Growth rate = 0.127527, quasisymmetry = 0.090839, mirror = 0.000000 with aspect ratio=8.021066 took 117.259889s
00:48:16 - Growth rate = 0.126538, quasisymmetry = 0.091314, mirror = 0.000000 with aspect ratio=8.021060 took 117.394795s
00:48:16 - Growth rate = 0.160526, quasisymmetry = 0.442492, mirror = 0.000000 with aspect ratio=8.173256 took 117.321379s
00:48:16 - Growth rate = 0.127535, quasisymmetry = 0.091524, mirror = 0.000000 with aspect ratio=8.021053 took 117.529825s
       3             11         1.2605e-01      4.42e-06       3.69e-07       5.67e+01    
00:50:05 - Growth rate = 0.126554, quasisymmetry = 0.091493, mirror = 0.000000 with aspect ratio=8.021059 took 105.256307s
00:51:54 - Growth rate = 0.126554, quasisymmetry = 0.091493, mirror = 0.000000 with aspect ratio=8.021059 took 106.202698s
00:53:51 - Growth rate = 0.164911, quasisymmetry = 0.357923, mirror = 0.000000 with aspect ratio=7.934438 took 114.566008s
00:53:51 - Growth rate = 0.126572, quasisymmetry = 0.090990, mirror = 0.000000 with aspect ratio=8.021652 took 114.597984s
00:53:51 - Growth rate = 0.127254, quasisymmetry = 0.091443, mirror = 0.000000 with aspect ratio=8.021073 took 114.570844s
00:53:51 - Growth rate = 0.136484, quasisymmetry = 0.092639, mirror = 0.000000 with aspect ratio=8.024319 took 114.633345s
00:53:51 - Growth rate = 0.125143, quasisymmetry = 0.094214, mirror = 0.000000 with aspect ratio=8.021056 took 114.691607s
00:53:51 - Growth rate = 0.114350, quasisymmetry = 0.446524, mirror = 0.000000 with aspect ratio=7.525197 took 114.837748s
00:53:52 - Growth rate = 0.127218, quasisymmetry = 0.091328, mirror = 0.000000 with aspect ratio=8.021047 took 114.876804s
00:53:52 - Growth rate = 0.144534, quasisymmetry = 0.358132, mirror = 0.000000 with aspect ratio=7.570734 took 115.156327s
00:53:52 - Growth rate = 0.135167, quasisymmetry = 0.090233, mirror = 0.000000 with aspect ratio=8.023315 took 115.289558s
00:53:52 - Growth rate = 0.127675, quasisymmetry = 0.091400, mirror = 0.000000 with aspect ratio=8.021079 took 115.325791s
00:53:52 - Growth rate = 0.124211, quasisymmetry = 0.091398, mirror = 0.000000 with aspect ratio=8.021066 took 115.342612s
00:53:53 - Growth rate = 0.127415, quasisymmetry = 0.091777, mirror = 0.000000 with aspect ratio=8.021059 took 115.952270s
00:53:53 - Growth rate = 0.126756, quasisymmetry = 0.090605, mirror = 0.000000 with aspect ratio=8.021053 took 115.994571s
00:53:53 - Growth rate = 0.138544, quasisymmetry = 0.093814, mirror = 0.000000 with aspect ratio=8.020310 took 116.117303s
00:53:53 - Growth rate = 0.127446, quasisymmetry = 0.091586, mirror = 0.000000 with aspect ratio=8.021031 took 116.130752s
00:53:53 - Growth rate = 0.127967, quasisymmetry = 0.088334, mirror = 0.000000 with aspect ratio=8.021048 took 116.190534s
00:53:53 - Growth rate = 0.126926, quasisymmetry = 0.091555, mirror = 0.000000 with aspect ratio=8.021597 took 116.245697s
00:53:53 - Growth rate = 0.132708, quasisymmetry = 0.147505, mirror = 0.000000 with aspect ratio=8.021059 took 116.257352s
00:53:53 - Growth rate = 0.126685, quasisymmetry = 0.091577, mirror = 0.000000 with aspect ratio=8.021053 took 116.541540s
00:53:53 - Growth rate = 0.142377, quasisymmetry = 0.123236, mirror = 0.000000 with aspect ratio=8.019557 took 116.385534s
00:53:53 - Growth rate = 0.127268, quasisymmetry = 0.091513, mirror = 0.000000 with aspect ratio=8.021056 took 116.619517s
00:53:53 - Growth rate = 0.127667, quasisymmetry = 0.091609, mirror = 0.000000 with aspect ratio=8.021043 took 116.616207s
00:53:53 - Growth rate = 0.126571, quasisymmetry = 0.092313, mirror = 0.000000 with aspect ratio=8.021074 took 116.656277s
00:53:53 - Growth rate = 0.127290, quasisymmetry = 0.091481, mirror = 0.000000 with aspect ratio=8.021621 took 116.728559s
00:53:54 - Growth rate = 0.126250, quasisymmetry = 0.090687, mirror = 0.000000 with aspect ratio=8.021059 took 116.800388s
00:53:54 - Growth rate = 0.127533, quasisymmetry = 0.091524, mirror = 0.000000 with aspect ratio=8.021053 took 116.735634s
00:53:54 - Growth rate = 0.127527, quasisymmetry = 0.090840, mirror = 0.000000 with aspect ratio=8.021065 took 116.793244s
00:53:54 - Growth rate = 0.127756, quasisymmetry = 0.090647, mirror = 0.000000 with aspect ratio=8.019922 took 117.010287s
00:53:54 - Growth rate = 0.128752, quasisymmetry = 0.090219, mirror = 0.000000 with aspect ratio=8.021087 took 117.024410s
00:53:54 - Growth rate = 0.127924, quasisymmetry = 0.093942, mirror = 0.000000 with aspect ratio=8.020493 took 117.086864s
00:53:54 - Growth rate = 0.126588, quasisymmetry = 0.092252, mirror = 0.000000 with aspect ratio=8.021080 took 117.104678s
00:53:54 - Growth rate = 0.126383, quasisymmetry = 0.089696, mirror = 0.000000 with aspect ratio=8.021041 took 117.142560s
00:53:54 - Growth rate = 0.126537, quasisymmetry = 0.091314, mirror = 0.000000 with aspect ratio=8.021060 took 117.171336s
00:53:54 - Growth rate = 0.127337, quasisymmetry = 0.092332, mirror = 0.000000 with aspect ratio=8.021053 took 117.201621s
00:53:54 - Growth rate = 0.126923, quasisymmetry = 0.091435, mirror = 0.000000 with aspect ratio=8.021057 took 117.198699s
00:53:54 - Growth rate = 0.160524, quasisymmetry = 0.442492, mirror = 0.000000 with aspect ratio=8.173255 took 116.993201s
00:53:54 - Growth rate = 0.128610, quasisymmetry = 0.092157, mirror = 0.000000 with aspect ratio=8.021056 took 117.290863s
00:53:54 - Growth rate = 0.126928, quasisymmetry = 0.091899, mirror = 0.000000 with aspect ratio=8.021057 took 117.314697s
00:53:54 - Growth rate = 0.126793, quasisymmetry = 0.091960, mirror = 0.000000 with aspect ratio=8.021063 took 117.330713s
00:53:54 - Growth rate = 0.127183, quasisymmetry = 0.091385, mirror = 0.000000 with aspect ratio=8.021044 took 117.298706s
00:53:54 - Growth rate = 0.126715, quasisymmetry = 0.091550, mirror = 0.000000 with aspect ratio=8.021047 took 117.327747s
00:53:54 - Growth rate = 0.128812, quasisymmetry = 0.092370, mirror = 0.000000 with aspect ratio=8.021058 took 117.371685s
00:53:54 - Growth rate = 0.128372, quasisymmetry = 0.090729, mirror = 0.000000 with aspect ratio=8.021054 took 117.545228s
00:53:54 - Growth rate = 0.129053, quasisymmetry = 0.094134, mirror = 0.000000 with aspect ratio=8.022158 took 117.553192s
00:53:54 - Growth rate = 0.125539, quasisymmetry = 0.091631, mirror = 0.000000 with aspect ratio=8.021077 took 117.607283s
00:53:54 - Growth rate = 0.128886, quasisymmetry = 0.091255, mirror = 0.000000 with aspect ratio=8.021074 took 117.616478s
00:53:54 - Growth rate = 0.127055, quasisymmetry = 0.091399, mirror = 0.000000 with aspect ratio=8.021052 took 117.641585s
00:53:54 - Growth rate = 0.127526, quasisymmetry = 0.091446, mirror = 0.000000 with aspect ratio=8.020902 took 117.691191s
       4             12         1.2605e-01      1.10e-06       9.21e-08       5.67e+01    
00:55:44 - Growth rate = 0.126554, quasisymmetry = 0.091493, mirror = 0.000000 with aspect ratio=8.021059 took 105.836743s
00:57:33 - Growth rate = 0.126554, quasisymmetry = 0.091493, mirror = 0.000000 with aspect ratio=8.021059 took 106.239576s
00:59:29 - Growth rate = 0.164910, quasisymmetry = 0.357922, mirror = 0.000000 with aspect ratio=7.934438 took 114.357757s
00:59:30 - Growth rate = 0.126572, quasisymmetry = 0.090990, mirror = 0.000000 with aspect ratio=8.021652 took 114.461948s
00:59:30 - Growth rate = 0.114350, quasisymmetry = 0.446524, mirror = 0.000000 with aspect ratio=7.525197 took 114.739548s
00:59:30 - Growth rate = 0.127674, quasisymmetry = 0.091400, mirror = 0.000000 with aspect ratio=8.021079 took 114.610917s
00:59:30 - Growth rate = 0.144534, quasisymmetry = 0.358132, mirror = 0.000000 with aspect ratio=7.570734 took 114.981568s
00:59:30 - Growth rate = 0.127289, quasisymmetry = 0.091481, mirror = 0.000000 with aspect ratio=8.021621 took 114.989165s
00:59:31 - Growth rate = 0.128373, quasisymmetry = 0.090729, mirror = 0.000000 with aspect ratio=8.021054 took 115.204393s
00:59:31 - Growth rate = 0.135168, quasisymmetry = 0.090233, mirror = 0.000000 with aspect ratio=8.023315 took 115.211746s
00:59:31 - Growth rate = 0.128610, quasisymmetry = 0.092157, mirror = 0.000000 with aspect ratio=8.021056 took 115.189740s
00:59:31 - Growth rate = 0.127336, quasisymmetry = 0.092332, mirror = 0.000000 with aspect ratio=8.021053 took 115.269544s
00:59:31 - Growth rate = 0.126922, quasisymmetry = 0.091435, mirror = 0.000000 with aspect ratio=8.021057 took 115.388926s
00:59:31 - Growth rate = 0.128885, quasisymmetry = 0.091255, mirror = 0.000000 with aspect ratio=8.021074 took 115.428811s
00:59:31 - Growth rate = 0.125143, quasisymmetry = 0.094214, mirror = 0.000000 with aspect ratio=8.021056 took 115.523579s
00:59:31 - Growth rate = 0.127183, quasisymmetry = 0.091385, mirror = 0.000000 with aspect ratio=8.021044 took 115.500004s
00:59:31 - Growth rate = 0.127446, quasisymmetry = 0.091586, mirror = 0.000000 with aspect ratio=8.021031 took 115.569262s
00:59:31 - Growth rate = 0.138543, quasisymmetry = 0.093814, mirror = 0.000000 with aspect ratio=8.020310 took 115.632511s
00:59:31 - Growth rate = 0.126926, quasisymmetry = 0.091555, mirror = 0.000000 with aspect ratio=8.021597 took 115.905672s
00:59:31 - Growth rate = 0.127924, quasisymmetry = 0.093942, mirror = 0.000000 with aspect ratio=8.020493 took 115.956998s
00:59:31 - Growth rate = 0.127533, quasisymmetry = 0.091524, mirror = 0.000000 with aspect ratio=8.021052 took 116.056204s
00:59:31 - Growth rate = 0.142376, quasisymmetry = 0.123235, mirror = 0.000000 with aspect ratio=8.019557 took 115.896492s
00:59:32 - Growth rate = 0.126588, quasisymmetry = 0.092252, mirror = 0.000000 with aspect ratio=8.021080 took 116.137451s
00:59:32 - Growth rate = 0.132709, quasisymmetry = 0.147506, mirror = 0.000000 with aspect ratio=8.021059 took 116.150661s
00:59:32 - Growth rate = 0.127666, quasisymmetry = 0.091609, mirror = 0.000000 with aspect ratio=8.021043 took 116.317879s
00:59:32 - Growth rate = 0.127268, quasisymmetry = 0.091514, mirror = 0.000000 with aspect ratio=8.021055 took 116.397060s
00:59:32 - Growth rate = 0.127218, quasisymmetry = 0.091328, mirror = 0.000000 with aspect ratio=8.021047 took 116.463395s
00:59:32 - Growth rate = 0.126250, quasisymmetry = 0.090687, mirror = 0.000000 with aspect ratio=8.021059 took 116.464497s
00:59:32 - Growth rate = 0.128752, quasisymmetry = 0.090219, mirror = 0.000000 with aspect ratio=8.021087 took 116.436545s
00:59:32 - Growth rate = 0.126793, quasisymmetry = 0.091960, mirror = 0.000000 with aspect ratio=8.021063 took 116.523554s
00:59:32 - Growth rate = 0.126383, quasisymmetry = 0.089696, mirror = 0.000000 with aspect ratio=8.021041 took 116.555542s
00:59:32 - Growth rate = 0.126684, quasisymmetry = 0.091577, mirror = 0.000000 with aspect ratio=8.021053 took 116.586591s
00:59:32 - Growth rate = 0.127966, quasisymmetry = 0.088334, mirror = 0.000000 with aspect ratio=8.021048 took 116.601015s
00:59:32 - Growth rate = 0.127253, quasisymmetry = 0.091443, mirror = 0.000000 with aspect ratio=8.021073 took 116.654909s
00:59:32 - Growth rate = 0.127055, quasisymmetry = 0.091400, mirror = 0.000000 with aspect ratio=8.021052 took 116.747409s
00:59:32 - Growth rate = 0.136484, quasisymmetry = 0.092639, mirror = 0.000000 with aspect ratio=8.024319 took 116.759252s
00:59:32 - Growth rate = 0.127525, quasisymmetry = 0.091446, mirror = 0.000000 with aspect ratio=8.020902 took 116.805604s
00:59:32 - Growth rate = 0.127527, quasisymmetry = 0.090840, mirror = 0.000000 with aspect ratio=8.021065 took 116.810128s
00:59:32 - Growth rate = 0.126536, quasisymmetry = 0.091314, mirror = 0.000000 with aspect ratio=8.021060 took 116.840312s
00:59:32 - Growth rate = 0.126756, quasisymmetry = 0.090605, mirror = 0.000000 with aspect ratio=8.021053 took 116.889713s
00:59:32 - Growth rate = 0.127756, quasisymmetry = 0.090647, mirror = 0.000000 with aspect ratio=8.019922 took 116.931455s
00:59:32 - Growth rate = 0.160523, quasisymmetry = 0.442492, mirror = 0.000000 with aspect ratio=8.173255 took 116.775955s
00:59:32 - Growth rate = 0.125539, quasisymmetry = 0.091631, mirror = 0.000000 with aspect ratio=8.021077 took 117.005489s
00:59:32 - Growth rate = 0.126715, quasisymmetry = 0.091551, mirror = 0.000000 with aspect ratio=8.021047 took 117.005591s
00:59:32 - Growth rate = 0.126571, quasisymmetry = 0.092313, mirror = 0.000000 with aspect ratio=8.021074 took 117.042198s
00:59:32 - Growth rate = 0.127415, quasisymmetry = 0.091778, mirror = 0.000000 with aspect ratio=8.021059 took 117.005578s
00:59:32 - Growth rate = 0.124210, quasisymmetry = 0.091398, mirror = 0.000000 with aspect ratio=8.021066 took 117.066304s
00:59:33 - Growth rate = 0.128812, quasisymmetry = 0.092370, mirror = 0.000000 with aspect ratio=8.021058 took 117.181411s
00:59:33 - Growth rate = 0.129053, quasisymmetry = 0.094134, mirror = 0.000000 with aspect ratio=8.022158 took 117.177361s
00:59:33 - Growth rate = 0.126928, quasisymmetry = 0.091899, mirror = 0.000000 with aspect ratio=8.021057 took 117.203124s
       5             13         1.2605e-01      2.74e-07       2.30e-08       5.67e+01    
01:01:21 - Growth rate = 0.126554, quasisymmetry = 0.091494, mirror = 0.000000 with aspect ratio=8.021059 took 105.553921s
01:03:10 - Growth rate = 0.126554, quasisymmetry = 0.091494, mirror = 0.000000 with aspect ratio=8.021059 took 105.629979s
01:05:07 - Growth rate = 0.144533, quasisymmetry = 0.358132, mirror = 0.000000 with aspect ratio=7.570733 took 114.147621s
01:05:07 - Growth rate = 0.114350, quasisymmetry = 0.446524, mirror = 0.000000 with aspect ratio=7.525197 took 114.193596s
01:05:07 - Growth rate = 0.127756, quasisymmetry = 0.090647, mirror = 0.000000 with aspect ratio=8.019922 took 114.347740s
01:05:07 - Growth rate = 0.127674, quasisymmetry = 0.091400, mirror = 0.000000 with aspect ratio=8.021079 took 114.428841s
01:05:07 - Growth rate = 0.128885, quasisymmetry = 0.091255, mirror = 0.000000 with aspect ratio=8.021074 took 114.747077s
01:05:08 - Growth rate = 0.127336, quasisymmetry = 0.092332, mirror = 0.000000 with aspect ratio=8.021053 took 115.154739s
01:05:08 - Growth rate = 0.142376, quasisymmetry = 0.123235, mirror = 0.000000 with aspect ratio=8.019557 took 115.031679s
01:05:08 - Growth rate = 0.126922, quasisymmetry = 0.091435, mirror = 0.000000 with aspect ratio=8.021057 took 115.231402s
01:05:08 - Growth rate = 0.127525, quasisymmetry = 0.091446, mirror = 0.000000 with aspect ratio=8.020902 took 115.229548s
01:05:08 - Growth rate = 0.164910, quasisymmetry = 0.357922, mirror = 0.000000 with aspect ratio=7.934438 took 115.523161s
01:05:08 - Growth rate = 0.126572, quasisymmetry = 0.090990, mirror = 0.000000 with aspect ratio=8.021652 took 115.274629s
01:05:08 - Growth rate = 0.124210, quasisymmetry = 0.091398, mirror = 0.000000 with aspect ratio=8.021066 took 115.259598s
01:05:08 - Growth rate = 0.135168, quasisymmetry = 0.090233, mirror = 0.000000 with aspect ratio=8.023315 took 115.374295s
01:05:08 - Growth rate = 0.126927, quasisymmetry = 0.091899, mirror = 0.000000 with aspect ratio=8.021057 took 115.352068s
01:05:08 - Growth rate = 0.128610, quasisymmetry = 0.092157, mirror = 0.000000 with aspect ratio=8.021056 took 115.377416s
01:05:08 - Growth rate = 0.128373, quasisymmetry = 0.090729, mirror = 0.000000 with aspect ratio=8.021054 took 115.638205s
01:05:08 - Growth rate = 0.136484, quasisymmetry = 0.092639, mirror = 0.000000 with aspect ratio=8.024319 took 115.922740s
01:05:09 - Growth rate = 0.128812, quasisymmetry = 0.092370, mirror = 0.000000 with aspect ratio=8.021058 took 115.948783s
01:05:09 - Growth rate = 0.126382, quasisymmetry = 0.089696, mirror = 0.000000 with aspect ratio=8.021041 took 116.018395s
01:05:09 - Growth rate = 0.127218, quasisymmetry = 0.091328, mirror = 0.000000 with aspect ratio=8.021047 took 116.067627s
01:05:09 - Growth rate = 0.128752, quasisymmetry = 0.090219, mirror = 0.000000 with aspect ratio=8.021087 took 116.028851s
01:05:09 - Growth rate = 0.126250, quasisymmetry = 0.090687, mirror = 0.000000 with aspect ratio=8.021059 took 116.128718s
01:05:09 - Growth rate = 0.125539, quasisymmetry = 0.091631, mirror = 0.000000 with aspect ratio=8.021077 took 116.277779s
01:05:09 - Growth rate = 0.129053, quasisymmetry = 0.094134, mirror = 0.000000 with aspect ratio=8.022158 took 116.265428s
01:05:09 - Growth rate = 0.127054, quasisymmetry = 0.091400, mirror = 0.000000 with aspect ratio=8.021052 took 116.287661s
01:05:09 - Growth rate = 0.138543, quasisymmetry = 0.093814, mirror = 0.000000 with aspect ratio=8.020310 took 116.298191s
01:05:09 - Growth rate = 0.126571, quasisymmetry = 0.092313, mirror = 0.000000 with aspect ratio=8.021074 took 116.313548s
01:05:09 - Growth rate = 0.125143, quasisymmetry = 0.094214, mirror = 0.000000 with aspect ratio=8.021056 took 116.357489s
01:05:09 - Growth rate = 0.132709, quasisymmetry = 0.147506, mirror = 0.000000 with aspect ratio=8.021059 took 116.258850s
01:05:09 - Growth rate = 0.126715, quasisymmetry = 0.091551, mirror = 0.000000 with aspect ratio=8.021047 took 116.400166s
01:05:09 - Growth rate = 0.127666, quasisymmetry = 0.091609, mirror = 0.000000 with aspect ratio=8.021043 took 116.423038s
01:05:09 - Growth rate = 0.126588, quasisymmetry = 0.092252, mirror = 0.000000 with aspect ratio=8.021080 took 116.816111s
01:05:10 - Growth rate = 0.127268, quasisymmetry = 0.091514, mirror = 0.000000 with aspect ratio=8.021055 took 116.925223s
01:05:10 - Growth rate = 0.127966, quasisymmetry = 0.088334, mirror = 0.000000 with aspect ratio=8.021048 took 116.987669s
01:05:10 - Growth rate = 0.126926, quasisymmetry = 0.091555, mirror = 0.000000 with aspect ratio=8.021597 took 117.056640s
01:05:10 - Growth rate = 0.127183, quasisymmetry = 0.091385, mirror = 0.000000 with aspect ratio=8.021044 took 117.153061s
01:05:10 - Growth rate = 0.127289, quasisymmetry = 0.091481, mirror = 0.000000 with aspect ratio=8.021621 took 117.248669s
01:05:10 - Growth rate = 0.127532, quasisymmetry = 0.091524, mirror = 0.000000 with aspect ratio=8.021052 took 117.353817s
01:05:10 - Growth rate = 0.126793, quasisymmetry = 0.091960, mirror = 0.000000 with aspect ratio=8.021063 took 117.625689s
01:05:10 - Growth rate = 0.127446, quasisymmetry = 0.091586, mirror = 0.000000 with aspect ratio=8.021031 took 117.756898s
01:05:10 - Growth rate = 0.126536, quasisymmetry = 0.091315, mirror = 0.000000 with aspect ratio=8.021060 took 117.851739s
01:05:10 - Growth rate = 0.127527, quasisymmetry = 0.090840, mirror = 0.000000 with aspect ratio=8.021065 took 117.906521s
01:05:11 - Growth rate = 0.126684, quasisymmetry = 0.091577, mirror = 0.000000 with aspect ratio=8.021053 took 117.961444s
01:05:11 - Growth rate = 0.127924, quasisymmetry = 0.093942, mirror = 0.000000 with aspect ratio=8.020493 took 118.003283s
01:05:11 - Growth rate = 0.160523, quasisymmetry = 0.442492, mirror = 0.000000 with aspect ratio=8.173255 took 117.862273s
01:05:11 - Growth rate = 0.127415, quasisymmetry = 0.091778, mirror = 0.000000 with aspect ratio=8.021059 took 118.129795s
01:05:11 - Growth rate = 0.126756, quasisymmetry = 0.090605, mirror = 0.000000 with aspect ratio=8.021053 took 118.449395s
01:05:11 - Growth rate = 0.127253, quasisymmetry = 0.091443, mirror = 0.000000 with aspect ratio=8.021073 took 118.495907s
       6             14         1.2605e-01      6.86e-08       5.76e-09       5.67e+01    
01:07:00 - Growth rate = 0.126554, quasisymmetry = 0.091494, mirror = 0.000000 with aspect ratio=8.021059 took 105.647667s
01:08:49 - Growth rate = 0.126554, quasisymmetry = 0.091494, mirror = 0.000000 with aspect ratio=8.021059 took 105.299839s
01:10:45 - Growth rate = 0.144533, quasisymmetry = 0.358132, mirror = 0.000000 with aspect ratio=7.570733 took 113.963254s
01:10:45 - Growth rate = 0.114350, quasisymmetry = 0.446524, mirror = 0.000000 with aspect ratio=7.525197 took 114.003991s
01:10:46 - Growth rate = 0.124210, quasisymmetry = 0.091398, mirror = 0.000000 with aspect ratio=8.021066 took 114.307257s
01:10:46 - Growth rate = 0.128373, quasisymmetry = 0.090729, mirror = 0.000000 with aspect ratio=8.021054 took 114.489181s
01:10:46 - Growth rate = 0.125143, quasisymmetry = 0.094214, mirror = 0.000000 with aspect ratio=8.021056 took 114.656137s
01:10:46 - Growth rate = 0.164910, quasisymmetry = 0.357922, mirror = 0.000000 with aspect ratio=7.934438 took 115.036129s
01:10:46 - Growth rate = 0.127756, quasisymmetry = 0.090647, mirror = 0.000000 with aspect ratio=8.019922 took 115.063518s
01:10:47 - Growth rate = 0.126572, quasisymmetry = 0.090990, mirror = 0.000000 with aspect ratio=8.021652 took 115.309873s
01:10:47 - Growth rate = 0.126571, quasisymmetry = 0.092313, mirror = 0.000000 with aspect ratio=8.021074 took 115.392196s
01:10:47 - Growth rate = 0.135168, quasisymmetry = 0.090233, mirror = 0.000000 with aspect ratio=8.023315 took 115.440948s
01:10:47 - Growth rate = 0.126382, quasisymmetry = 0.089696, mirror = 0.000000 with aspect ratio=8.021041 took 115.487336s
01:10:47 - Growth rate = 0.132709, quasisymmetry = 0.147506, mirror = 0.000000 with aspect ratio=8.021059 took 115.414855s
01:10:47 - Growth rate = 0.142376, quasisymmetry = 0.123235, mirror = 0.000000 with aspect ratio=8.019557 took 115.370062s
01:10:47 - Growth rate = 0.127966, quasisymmetry = 0.088334, mirror = 0.000000 with aspect ratio=8.021048 took 115.691101s
01:10:47 - Growth rate = 0.127674, quasisymmetry = 0.091400, mirror = 0.000000 with aspect ratio=8.021079 took 115.724004s
01:10:47 - Growth rate = 0.138542, quasisymmetry = 0.093814, mirror = 0.000000 with aspect ratio=8.020310 took 115.887867s
01:10:47 - Growth rate = 0.126927, quasisymmetry = 0.091899, mirror = 0.000000 with aspect ratio=8.021057 took 116.082657s
01:10:47 - Growth rate = 0.126793, quasisymmetry = 0.091960, mirror = 0.000000 with aspect ratio=8.021063 took 116.090095s
01:10:47 - Growth rate = 0.127054, quasisymmetry = 0.091400, mirror = 0.000000 with aspect ratio=8.021052 took 116.115695s
01:10:48 - Growth rate = 0.127289, quasisymmetry = 0.091481, mirror = 0.000000 with aspect ratio=8.021621 took 116.183002s
01:10:48 - Growth rate = 0.128812, quasisymmetry = 0.092370, mirror = 0.000000 with aspect ratio=8.021058 took 116.197332s
01:10:48 - Growth rate = 0.128885, quasisymmetry = 0.091255, mirror = 0.000000 with aspect ratio=8.021074 took 116.295507s
01:10:48 - Growth rate = 0.127532, quasisymmetry = 0.091524, mirror = 0.000000 with aspect ratio=8.021052 took 116.288316s
01:10:48 - Growth rate = 0.126715, quasisymmetry = 0.091551, mirror = 0.000000 with aspect ratio=8.021047 took 116.362998s
01:10:48 - Growth rate = 0.127415, quasisymmetry = 0.091778, mirror = 0.000000 with aspect ratio=8.021059 took 116.366856s
01:10:48 - Growth rate = 0.125539, quasisymmetry = 0.091631, mirror = 0.000000 with aspect ratio=8.021077 took 116.391753s
01:10:48 - Growth rate = 0.126250, quasisymmetry = 0.090687, mirror = 0.000000 with aspect ratio=8.021059 took 116.476628s
01:10:48 - Growth rate = 0.129053, quasisymmetry = 0.094134, mirror = 0.000000 with aspect ratio=8.022158 took 116.511193s
01:10:48 - Growth rate = 0.127336, quasisymmetry = 0.092332, mirror = 0.000000 with aspect ratio=8.021053 took 116.546365s
01:10:48 - Growth rate = 0.127525, quasisymmetry = 0.091446, mirror = 0.000000 with aspect ratio=8.020902 took 116.548978s
01:10:48 - Growth rate = 0.127666, quasisymmetry = 0.091609, mirror = 0.000000 with aspect ratio=8.021043 took 116.586773s
01:10:48 - Growth rate = 0.126922, quasisymmetry = 0.091435, mirror = 0.000000 with aspect ratio=8.021057 took 116.632385s
01:10:48 - Growth rate = 0.127218, quasisymmetry = 0.091328, mirror = 0.000000 with aspect ratio=8.021047 took 116.766524s
01:10:48 - Growth rate = 0.126588, quasisymmetry = 0.092252, mirror = 0.000000 with aspect ratio=8.021080 took 116.789354s
01:10:48 - Growth rate = 0.127183, quasisymmetry = 0.091385, mirror = 0.000000 with aspect ratio=8.021044 took 116.911244s
01:10:48 - Growth rate = 0.127924, quasisymmetry = 0.093942, mirror = 0.000000 with aspect ratio=8.020493 took 116.930096s
01:10:48 - Growth rate = 0.126756, quasisymmetry = 0.090605, mirror = 0.000000 with aspect ratio=8.021053 took 117.073472s
01:10:49 - Growth rate = 0.126536, quasisymmetry = 0.091315, mirror = 0.000000 with aspect ratio=8.021060 took 117.294498s
01:10:49 - Growth rate = 0.127446, quasisymmetry = 0.091586, mirror = 0.000000 with aspect ratio=8.021031 took 117.381405s
01:10:49 - Growth rate = 0.136484, quasisymmetry = 0.092639, mirror = 0.000000 with aspect ratio=8.024319 took 117.421345s
01:10:49 - Growth rate = 0.128610, quasisymmetry = 0.092157, mirror = 0.000000 with aspect ratio=8.021056 took 117.520550s
01:10:49 - Growth rate = 0.127253, quasisymmetry = 0.091443, mirror = 0.000000 with aspect ratio=8.021073 took 117.546178s
01:10:49 - Growth rate = 0.127527, quasisymmetry = 0.090840, mirror = 0.000000 with aspect ratio=8.021065 took 117.551399s
01:10:49 - Growth rate = 0.126926, quasisymmetry = 0.091555, mirror = 0.000000 with aspect ratio=8.021597 took 117.685719s
01:10:49 - Growth rate = 0.127268, quasisymmetry = 0.091514, mirror = 0.000000 with aspect ratio=8.021055 took 117.784238s
01:10:49 - Growth rate = 0.128752, quasisymmetry = 0.090219, mirror = 0.000000 with aspect ratio=8.021087 took 117.791471s
01:10:49 - Growth rate = 0.160523, quasisymmetry = 0.442491, mirror = 0.000000 with aspect ratio=8.173255 took 117.591837s
01:10:49 - Growth rate = 0.126684, quasisymmetry = 0.091577, mirror = 0.000000 with aspect ratio=8.021053 took 118.089608s
       7             15         1.2605e-01      1.71e-08       1.44e-09       5.67e+01    
`xtol` termination condition is satisfied.
Function evaluations 15, initial cost 1.3323e-01, final cost 1.2605e-01, first-order optimality 5.67e+01.
Final aspect ratio: 8.021058978851944
Final mean iota: -0.948410396344946
Final magnetic well: -0.09073217327372633
Final quasisymmetry: 0.09149351203189426
Final growth rate: 0.1265537259413707
 - - - - - - - - - - - - - - - - - - - - - - - - - - - - - - - - -
  SEQ =    1 TIME SLICE  0.0000E+00
  PROCESSING INPUT.final
  THIS IS PARVMEC (PARALLEL VMEC), VERSION 9.0
  Lambda: Full Radial Mesh. L-Force: hybrid full/half.

  COMPUTER:    OS:    RELEASE:   DATE = Dec 20,2022  TIME = 01:12:47

  NS =   16 NO. FOURIER MODES =   50 FTOLV =  1.000E-12 NITER =   4000
  PROCESSOR COUNT - RADIAL:    1
 INITIAL JACOBIAN CHANGED SIGN!
 TRYING TO IMPROVE INITIAL MAGNETIC AXIS GUESS
  ---- Improved AXIS Guess ----
      RAXIS_CC =   0.99129433003747058       0.12536231347441357        2.3955455976295685E-003   6.9740897190467163E-005  -2.8889628463531512E-004  -7.3279856130338192E-004
      ZAXIS_CS =   -0.0000000000000000       0.12457220093418767        1.5057849235816951E-003  -1.2131310018788136E-003  -1.0901717279328523E-003   5.5414807277941681E-005
  -----------------------------

  ITER    FSQR      FSQZ      FSQL    RAX(v=0)    DELT       WMHD

    1  1.64E-02  4.97E-03  3.05E-02  1.118E+00  9.00E-01  1.5935E-01
  200  6.31E-09  1.37E-09  2.04E-09  1.110E+00  9.00E-01  1.5582E-01
  400  6.41E-11  1.61E-11  2.37E-11  1.111E+00  9.00E-01  1.5582E-01
  600  1.46E-12  3.87E-13  9.46E-14  1.111E+00  9.00E-01  1.5582E-01
  624  9.91E-13  2.87E-13  5.68E-14  1.111E+00  9.00E-01  1.5582E-01

  NS =   51 NO. FOURIER MODES =   50 FTOLV =  1.000E-13 NITER =  10000
  PROCESSOR COUNT - RADIAL:    1

  ITER    FSQR      FSQZ      FSQL    RAX(v=0)    DELT       WMHD

    1  1.92E-03  1.41E-03  1.50E-06  1.111E+00  9.00E-01  1.5582E-01
  200  2.95E-10  1.06E-10  2.11E-12  1.111E+00  9.00E-01  1.5582E-01
  400  3.24E-12  1.05E-12  8.00E-14  1.111E+00  9.00E-01  1.5582E-01
  575  9.92E-14  4.12E-14  1.15E-14  1.111E+00  9.00E-01  1.5582E-01

  NS =  101 NO. FOURIER MODES =   50 FTOLV =  1.000E-14 NITER =   4000
  PROCESSOR COUNT - RADIAL:    1

  ITER    FSQR      FSQZ      FSQL    RAX(v=0)    DELT       WMHD

    1  1.43E-03  1.03E-03  1.78E-08  1.111E+00  9.00E-01  1.5582E-01
  200  6.06E-09  1.85E-09  4.99E-13  1.111E+00  7.76E-01  1.5582E-01
  400  2.90E-11  4.43E-12  2.65E-14  1.111E+00  7.76E-01  1.5582E-01
  600  1.59E-12  2.77E-13  4.99E-15  1.111E+00  7.76E-01  1.5582E-01
  800  5.47E-14  1.28E-14  1.29E-15  1.111E+00  7.76E-01  1.5582E-01
 1000  1.55E-14  3.11E-15  2.15E-16  1.111E+00  7.76E-01  1.5582E-01
 1070  9.98E-15  2.03E-15  1.11E-16  1.111E+00  7.76E-01  1.5582E-01

 EXECUTION TERMINATED NORMALLY

 FILE : final_000_000000
 NUMBER OF JACOBIAN RESETS =    0

    TOTAL COMPUTATIONAL TIME (SEC)        10.51
    TIME TO INPUT/OUTPUT                   0.02
       READ IN DATA                        0.00
       WRITE OUT DATA TO WOUT              0.02
    TIME IN FUNCT3D                       10.42
       BCOVAR FIELDS                       1.58
       FOURIER TRANSFORM                   2.00
       INVERSE FOURIER TRANSFORM           1.81
       FORCES AND SYMMETRIZE               1.84
       RESIDUE                             2.28
       EQFORCE                             0.00
nfp:  4
ns:  101
mpol:  5
ntor:  5
Aminor_p:  0.12395611557502925
Rmajor_p:  0.994259313816699
aspect:             8.021058978851954
Rmajor_p/Aminor_p:  8.021058978851954
betatotal:  0.0
betapol:    0.0
betator:    0.0
betaxis:    0.0
ctor:    -8.253489038045903e-11
bmnc.shape: (101, 128)
bmns.shape: (101, 128)
No module named 'mayavi'
Creating Boozer class for vmec_final
Defining surfaces where to compute Boozer coordinates
 booz_surfaces=[0.  0.1 0.2 0.3 0.4 0.5 0.6 0.7 0.8 0.9]
Running BOOZ_XFORM
mnmax: 50  len(xm): 50  len(xn): 50
mnmax_nyq: 128  len(xm_nyq): 128  len(xn_nyq): 128
Read ns=101, mpol=5, ntor=5, mnmax=50, mnmax_nyq=128
compute_surfs (0-based indices):  0 10 20 30 39 49 60 70 79 89
Initializing with mboz=64, nboz=64
ntheta = 258, nzeta = 258, # threads = 24
                   |        outboard (theta=0)      |      inboard (theta=pi)      |
thread js_b js zeta| |B|input  |B|Boozer    Error   | |B|input  |B|Boozer    Error |
------------------------------------------------------------------------------------
   0     0   0   0  1.028e+00  1.028e+00  1.814e-14  1.051e+00  1.051e+00  1.183e-14
                pi  1.047e+00  1.047e+00  1.273e-14  1.025e+00  1.025e+00  1.732e-15
   3     3  30   0  9.531e-01  9.531e-01  3.262e-15  1.131e+00  1.131e+00  1.119e-14
                pi  1.088e+00  1.088e+00  7.555e-15  9.255e-01  9.255e-01  1.344e-14
   7     7  70   0  9.118e-01  9.118e-01  0.000e+00  1.179e+00  1.179e+00  1.978e-14
                pi  1.086e+00  1.086e+00  1.083e-14  8.434e-01  8.434e-01  1.869e-14
   6     6  60   0  9.204e-01  9.204e-01  1.411e-14  1.169e+00  1.169e+00  1.881e-14
                pi  1.088e+00  1.088e+00  5.100e-15  8.627e-01  8.627e-01  3.475e-15
   2     2  20   0  9.681e-01  9.681e-01  8.831e-15  1.114e+00  1.114e+00  2.471e-14
                pi  1.083e+00  1.083e+00  1.189e-14  9.498e-01  9.498e-01  3.390e-15
   4     4  39   0  9.418e-01  9.418e-01  3.536e-16  1.144e+00  1.144e+00  3.126e-14
                pi  1.089e+00  1.089e+00  7.135e-15  9.055e-01  9.055e-01  1.778e-14
   8     8  79   0  9.046e-01  9.046e-01  2.209e-14  1.187e+00  1.187e+00  1.290e-14
                pi  1.084e+00  1.084e+00  1.823e-14  8.263e-01  8.263e-01  3.225e-15
   5     5  49   0  9.310e-01  9.310e-01  1.860e-14  1.156e+00  1.156e+00  2.612e-14
                pi  1.090e+00  1.090e+00  1.916e-14  8.847e-01  8.847e-01  1.305e-14
   9     9  89   0  8.973e-01  8.973e-01  5.692e-15  1.196e+00  1.196e+00  1.299e-14
                pi  1.080e+00  1.080e+00  1.644e-15  8.076e-01  8.076e-01  1.444e-14
   1     1  10   0  9.878e-01  9.878e-01  3.372e-16  1.093e+00  1.093e+00  8.738e-15
                pi  1.074e+00  1.074e+00  3.100e-15  9.784e-01  9.784e-01  1.396e-14
Writing output to /marconi_scratch/userexternal/rjorge00/some_optimizations/GS2_SIMSOPT_ITG/output_MAXITER350_least_squares_nfp4_QH_QH_qlweight10.000/boozmn_single_stage.nc
Plot BOOZ_XFORM
Whole optimization took 9100.341225s
