Initial aspect ratio: 8.03249790197172
Initial mean iota: -0.9073602290877159
Initial magnetic well: -0.11353608145656895
-------------------------
Optimizing with max_mode = 1
-------------------------
   Iteration     Total nfev        Cost      Cost reduction    Step norm     Optimality   
       0              1         7.1835e-02                                    2.20e+00    
       1              2         7.1074e-02      7.61e-04       2.18e-03       3.93e-01    
       2              3         7.0961e-02      1.13e-04       2.37e-03       7.86e-01    
       3              6         7.0939e-02      2.24e-05       1.67e-04       5.60e-02    
       4              9         7.0938e-02      9.64e-07       1.04e-05       1.01e-02    
       5             13         7.0938e-02      5.27e-09       3.26e-07       7.52e-03    
`ftol` termination condition is satisfied.
Function evaluations 13, initial cost 7.1835e-02, final cost 7.0938e-02, first-order optimality 7.52e-03.
Final aspect ratio: 8.010889769835703
Final mean iota: -0.9101034607341242
Final magnetic well: -0.1151693831779524
Final quasisymmetry: 0.14151939382305695
-------------------------
Optimizing with max_mode = 2
-------------------------
   Iteration     Total nfev        Cost      Cost reduction    Step norm     Optimality   
       0              1         7.0938e-02                                    5.48e+00    
       1              3         2.9743e-02      4.12e-02       1.85e-02       3.03e+01    
WARNING:simsopt.objectives.least_squares:Function evaluation failed for <bound method Vmec.aspect of Vmec1 (nfp=4 mpol=8 ntor=8)>
       2              4         2.1062e-02      8.68e-03       3.70e-02       2.84e+13    
WARNING:simsopt.objectives.least_squares:Function evaluation failed for <bound method Vmec.aspect of Vmec1 (nfp=4 mpol=8 ntor=8)>
       3              6         3.9957e-03      1.71e-02       9.25e-03       3.47e+11    
       4              8         2.8309e-03      1.16e-03       4.62e-03       8.20e-01    
       5             10         2.5502e-03      2.81e-04       2.31e-03       6.50e-01    
       6             11         2.3018e-03      2.48e-04       4.62e-03       2.17e+00    
       7             12         2.0374e-03      2.64e-04       4.62e-03       1.94e+00    
       8             13         1.8667e-03      1.71e-04       4.62e-03       1.82e+00    
       9             15         1.7910e-03      7.56e-05       2.31e-03       5.12e-01    
      10             16         1.7237e-03      6.73e-05       2.31e-03       5.10e-01    
      11             17         1.6751e-03      4.86e-05       4.62e-03       1.90e+00    
      12             18         1.5809e-03      9.42e-05       4.62e-03       2.11e+00    
      13             19         1.4225e-03      1.58e-04       4.62e-03       1.75e+00    
      14             21         1.3151e-03      1.07e-04       2.31e-03       5.41e-01    
      15             22         1.2817e-03      3.33e-05       4.62e-03       1.42e+00    
      16             23         1.2169e-03      6.49e-05       4.62e-03       1.48e+00    
      17             24         1.1572e-03      5.96e-05       4.62e-03       1.50e+00    
      18             25         1.1192e-03      3.80e-05       4.62e-03       1.44e+00    
      19             26         1.0674e-03      5.18e-05       4.62e-03       1.17e+00    
      20             27         9.7885e-04      8.86e-05       2.22e-03       2.78e-01    
      21             29         9.6433e-04      1.45e-05       6.17e-04       2.27e-01    
WARNING:simsopt.objectives.least_squares:Function evaluation failed for <bound method Vmec.aspect of Vmec1 (nfp=4 mpol=8 ntor=8)>
      22             30         9.5712e-04      7.20e-06       1.23e-03       3.24e+11    
      23             32         9.5179e-04      5.33e-06       6.17e-04       2.22e-01    
      24             34         9.4829e-04      3.49e-06       3.08e-04       9.94e-02    
      25             35         9.4526e-04      3.03e-06       6.17e-04       1.45e-01    
      26             37         9.4118e-04      4.08e-06       3.08e-04       1.10e-01    
      27             38         9.4058e-04      6.04e-07       6.17e-04       1.58e-01    
      28             41         9.3783e-04      2.74e-06       3.85e-05       1.90e-02    
      29             44         9.3765e-04      1.87e-07       4.82e-06       2.23e-03    
      30             45         9.3745e-04      1.93e-07       9.64e-06       4.98e-03    
      31             48         9.3722e-04      2.31e-07       1.20e-06       1.54e-03    
      32             50         9.3695e-04      2.76e-07       6.02e-07       1.63e-03    
      33             53         9.3657e-04      3.75e-07       7.53e-08       1.45e-03    
      34             57         9.3657e-04      0.00e+00       0.00e+00       1.45e-03    
`xtol` termination condition is satisfied.
Function evaluations 57, initial cost 7.0938e-02, final cost 9.3657e-04, first-order optimality 1.45e-03.
Final aspect ratio: 8.000210960835483
Final mean iota: -1.1531592933998425
Final magnetic well: -0.00823623211971829
Final quasisymmetry: 0.0018730080127017598
-------------------------
Optimizing with max_mode = 3
-------------------------
   Iteration     Total nfev        Cost      Cost reduction    Step norm     Optimality   
       0              1         9.3657e-04                                    3.20e+00    
       1              3         8.5328e-04      8.33e-05       9.50e-03       8.21e+00    
       2              4         1.2267e-04      7.31e-04       2.38e-03       3.20e-01    
WARNING:simsopt.objectives.least_squares:Function evaluation failed for <bound method Vmec.aspect of Vmec1 (nfp=4 mpol=8 ntor=8)>
       3              5         9.2503e-05      3.02e-05       4.75e-03       3.18e+12    
       4              8         8.8865e-05      3.64e-06       2.97e-04       8.06e-02    
       5              9         7.9753e-05      9.11e-06       7.42e-05       2.36e-02    
       6             11         7.6537e-05      3.22e-06       3.71e-05       1.22e-02    
       7             18         7.6345e-05      1.92e-07       1.81e-08       1.26e-02    
       8             21         7.6345e-05      0.00e+00       0.00e+00       1.26e-02    
`xtol` termination condition is satisfied.
Function evaluations 21, initial cost 9.3657e-04, final cost 7.6345e-05, first-order optimality 1.26e-02.
Final aspect ratio: 8.000010548172645
Final mean iota: -1.1857572501353417
Final magnetic well: -0.004803423555085964
Final quasisymmetry: 0.00015268914346641834
-------------------------
Optimizing with max_mode = 4
-------------------------
   Iteration     Total nfev        Cost      Cost reduction    Step norm     Optimality   
       0              1         7.6345e-05                                    5.62e-01    
       1              4         7.5466e-05      8.79e-07       2.31e-03       5.31e-01    
       2              5         5.6409e-05      1.91e-05       5.78e-04       1.06e-01    
       3              6         5.4575e-05      1.83e-06       5.78e-04       2.75e-01    
       4              7         4.6233e-05      8.34e-06       1.44e-04       5.27e-02    
       5              8         4.5708e-05      5.26e-07       2.89e-04       4.96e-02    
       6              9         4.5242e-05      4.66e-07       2.89e-04       5.11e-02    
       7             11         4.5111e-05      1.31e-07       7.22e-05       5.21e-02    
       8             13         4.5109e-05      1.85e-09       4.51e-06       5.46e-02    
       9             19         4.5109e-05      0.00e+00       0.00e+00       5.46e-02    
`xtol` termination condition is satisfied.
Function evaluations 19, initial cost 7.6345e-05, final cost 4.5109e-05, first-order optimality 5.46e-02.
Final aspect ratio: 8.000016747189347
Final mean iota: -1.1945980630415711
Final magnetic well: -0.004972616218436287
Final quasisymmetry: 9.021777255355278e-05
-------------------------
Optimizing with max_mode = 5
-------------------------
   Iteration     Total nfev        Cost      Cost reduction    Step norm     Optimality   
       0              1         4.5109e-05                                    4.02e-01    
       1              5         4.4305e-05      8.04e-07       6.00e-04       1.23e-01    
       2              6         4.3747e-05      5.58e-07       1.50e-04       4.35e-02    
       3              7         4.3675e-05      7.19e-08       3.75e-05       8.86e-02    
       4             14         4.3675e-05      0.00e+00       0.00e+00       8.86e-02    
`xtol` termination condition is satisfied.
Function evaluations 14, initial cost 4.5109e-05, final cost 4.3675e-05, first-order optimality 8.86e-02.
Final aspect ratio: 8.000015539915095
Final mean iota: -1.195715069784287
Final magnetic well: -0.005006923769721959
Final quasisymmetry: 8.735025043831888e-05
 - - - - - - - - - - - - - - - - - - - - - - - - - - - - - - - - -
  SEQ =    1 TIME SLICE  0.0000E+00
  PROCESSING INPUT.final
  THIS IS PARVMEC (PARALLEL VMEC), VERSION 9.0
  Lambda: Full Radial Mesh. L-Force: hybrid full/half.

  COMPUTER:    OS:    RELEASE:   DATE = Dec 22,2022  TIME = 14:29:44

  NS =   16 NO. FOURIER MODES =  128 FTOLV =  1.000E-12 NITER =   4000
  PROCESSOR COUNT - RADIAL:    1
 INITIAL JACOBIAN CHANGED SIGN!
 TRYING TO IMPROVE INITIAL MAGNETIC AXIS GUESS
  ---- Improved AXIS Guess ----
      RAXIS_CC =    1.0014329684249816       0.20286124445771112        1.4914385832170812E-002  -1.1391981056500213E-002   4.4742309856399097E-004   3.1149262112293648E-003  -2.9497787901453282E-003   4.8472022374918293E-004   6.4249917157484660E-004
      ZAXIS_CS =   -0.0000000000000000       0.14521974253850764       -9.1976122919087315E-004  -6.2910984862862163E-003   1.1360521525533300E-003   1.1128551881886071E-003  -7.6983753819396270E-004  -1.2723807520807252E-004   1.1897537908963649E-003
  -----------------------------

  ITER    FSQR      FSQZ      FSQL    RAX(v=0)    DELT       WMHD

    1  7.81E-02  3.92E-02  8.73E-02  1.210E+00  9.00E-01  1.8751E-01
  200  2.04E-08  1.16E-08  1.28E-08  1.203E+00  7.29E-01  1.7822E-01
  400  2.94E-10  1.91E-10  2.27E-10  1.203E+00  7.29E-01  1.7822E-01
  600  3.06E-11  1.92E-11  2.20E-11  1.203E+00  7.29E-01  1.7822E-01
  800  8.85E-12  4.57E-12  5.14E-12  1.203E+00  7.29E-01  1.7822E-01
 1000  1.50E-12  7.10E-13  6.25E-13  1.203E+00  7.29E-01  1.7822E-01
 1030  9.99E-13  5.55E-13  4.91E-13  1.203E+00  7.29E-01  1.7822E-01

  NS =   51 NO. FOURIER MODES =  128 FTOLV =  1.000E-13 NITER =  10000
  PROCESSOR COUNT - RADIAL:    1

  ITER    FSQR      FSQZ      FSQL    RAX(v=0)    DELT       WMHD

    1  2.58E-02  9.83E-03  3.20E-05  1.203E+00  9.00E-01  1.7823E-01
  200  2.71E-08  1.29E-08  2.82E-10  1.203E+00  6.18E-01  1.7822E-01
  400  3.24E-10  1.21E-10  2.32E-11  1.203E+00  6.18E-01  1.7822E-01
  600  3.08E-11  1.31E-11  7.83E-12  1.203E+00  6.18E-01  1.7822E-01
  800  1.02E-11  3.30E-12  8.64E-13  1.203E+00  6.18E-01  1.7822E-01
 1000  1.10E-12  4.80E-13  1.32E-13  1.203E+00  6.18E-01  1.7822E-01
 1200  2.68E-13  1.13E-13  3.24E-14  1.203E+00  6.18E-01  1.7822E-01
 1400  1.23E-13  5.37E-14  1.22E-14  1.203E+00  6.18E-01  1.7822E-01
 1435  9.81E-14  4.47E-14  1.07E-14  1.203E+00  6.18E-01  1.7822E-01

  NS =  101 NO. FOURIER MODES =  128 FTOLV =  1.000E-14 NITER =   4000
  PROCESSOR COUNT - RADIAL:    1

  ITER    FSQR      FSQZ      FSQL    RAX(v=0)    DELT       WMHD

    1  2.12E-02  6.60E-03  5.91E-07  1.203E+00  9.00E-01  1.7822E-01
  200  1.12E-07  3.66E-08  3.38E-11  1.203E+00  4.95E-01  1.7822E-01
  400  1.85E-09  1.40E-09  2.94E-12  1.203E+00  4.95E-01  1.7822E-01
  600  2.11E-10  2.75E-10  7.61E-13  1.203E+00  4.95E-01  1.7822E-01
  800  1.83E-11  1.32E-11  1.72E-13  1.203E+00  4.95E-01  1.7822E-01
 1000  1.22E-11  1.52E-11  5.53E-14  1.203E+00  4.95E-01  1.7822E-01
 1200  5.94E-12  8.90E-12  1.92E-14  1.203E+00  4.95E-01  1.7822E-01
 1400  1.13E-12  7.67E-13  6.42E-15  1.203E+00  4.95E-01  1.7822E-01
 1600  6.76E-13  6.94E-13  3.45E-15  1.203E+00  4.95E-01  1.7822E-01
 1800  2.73E-13  3.29E-13  1.35E-15  1.203E+00  4.95E-01  1.7822E-01
 2000  1.30E-13  1.06E-13  6.68E-16  1.203E+00  4.95E-01  1.7822E-01
 2200  9.65E-14  6.99E-14  3.99E-16  1.203E+00  4.95E-01  1.7822E-01
 2400  3.34E-14  2.59E-14  2.04E-16  1.203E+00  4.95E-01  1.7822E-01
 2600  1.74E-14  1.07E-14  7.92E-17  1.203E+00  4.95E-01  1.7822E-01
 2688  9.90E-15  7.93E-15  4.72E-17  1.203E+00  4.95E-01  1.7822E-01

 EXECUTION TERMINATED NORMALLY

 FILE : final_000_000000
 NUMBER OF JACOBIAN RESETS =    4

    TOTAL COMPUTATIONAL TIME (SEC)        55.73
    TIME TO INPUT/OUTPUT                   0.05
       READ IN DATA                        0.00
       WRITE OUT DATA TO WOUT              0.05
    TIME IN FUNCT3D                       55.40
       BCOVAR FIELDS                       7.12
       FOURIER TRANSFORM                  13.78
       INVERSE FOURIER TRANSFORM          13.86
       FORCES AND SYMMETRIZE               7.90
       RESIDUE                             6.84
       EQFORCE                             0.00
nfp:  4
ns:  101
mpol:  8
ntor:  8
Aminor_p:  0.12406416838583693
Rmajor_p:  0.9925152750333377
aspect:             8.000015539915088
Rmajor_p/Aminor_p:  8.000015539915088
betatotal:  0.0
betapol:    0.0
betator:    0.0
betaxis:    0.0
ctor:    1.6019087098473328e-10
bmnc.shape: (101, 242)
bmns.shape: (101, 242)
No module named 'mayavi'
Creating Boozer class for vmec_final
Defining surfaces where to compute Boozer coordinates
 booz_surfaces=[0.  0.1 0.2 0.3 0.4 0.5 0.6 0.7 0.8 0.9]
Running BOOZ_XFORM
mnmax: 128  len(xm): 128  len(xn): 128
mnmax_nyq: 242  len(xm_nyq): 242  len(xn_nyq): 242
Read ns=101, mpol=8, ntor=8, mnmax=128, mnmax_nyq=242
compute_surfs (0-based indices):  0 10 20 30 39 49 60 70 79 89
Initializing with mboz=64, nboz=64
ntheta = 258, nzeta = 258, # threads = 24
                   |        outboard (theta=0)      |      inboard (theta=pi)      |
thread js_b js zeta| |B|input  |B|Boozer    Error   | |B|input  |B|Boozer    Error |
------------------------------------------------------------------------------------
   0     0   0   0  1.077e+00  1.077e+00  1.670e-14  1.100e+00  1.100e+00  1.998e-14
                pi  1.100e+00  1.100e+00  1.191e-14  1.077e+00  1.077e+00  5.978e-15
   2     2  20   0  1.019e+00  1.019e+00  1.394e-14  1.168e+00  1.168e+00  2.091e-14
                pi  1.167e+00  1.167e+00  5.329e-15  1.020e+00  1.020e+00  8.273e-15
   3     3  30   0  1.005e+00  1.005e+00  5.302e-15  1.187e+00  1.187e+00  1.328e-14
                pi  1.186e+00  1.186e+00  9.363e-16  1.006e+00  1.006e+00  2.936e-14
   9     9  89   0  9.523e-01  9.523e-01  4.663e-16  1.268e+00  1.268e+00  2.610e-14
                pi  1.263e+00  1.263e+00  7.206e-15  9.519e-01  9.519e-01  1.819e-14
   5     5  49   0  9.842e-01  9.842e-01  1.320e-14  1.217e+00  1.217e+00  3.449e-14
                pi  1.216e+00  1.216e+00  1.077e-14  9.847e-01  9.847e-01  3.822e-14
   6     6  60   0  9.743e-01  9.743e-01  3.191e-15  1.232e+00  1.232e+00  2.379e-14
                pi  1.231e+00  1.231e+00  3.969e-15  9.745e-01  9.745e-01  1.162e-14
   8     8  79   0  9.593e-01  9.593e-01  9.143e-15  1.256e+00  1.256e+00  3.041e-14
                pi  1.253e+00  1.253e+00  1.134e-14  9.591e-01  9.591e-01  2.304e-14
   1     1  10   0  1.038e+00  1.038e+00  2.032e-14  1.144e+00  1.144e+00  3.687e-15
                pi  1.143e+00  1.143e+00  7.576e-15  1.039e+00  1.039e+00  7.482e-15
   7     7  70   0  9.661e-01  9.661e-01  4.597e-16  1.245e+00  1.245e+00  1.427e-14
                pi  1.243e+00  1.243e+00  1.358e-14  9.661e-01  9.661e-01  9.423e-15
   4     4  39   0  9.945e-01  9.945e-01  8.485e-15  1.202e+00  1.202e+00  3.012e-14
                pi  1.201e+00  1.201e+00  9.061e-15  9.951e-01  9.951e-01  1.964e-14
Writing output to /marconi_scratch/userexternal/rjorge00/some_optimizations/GS2_SIMSOPT_ITG/output_MAXITER350_least_squares_nfp4_QH_QH_onlyQS/boozmn_single_stage.nc
Plot BOOZ_XFORM
Whole optimization took 4701.094043s
