Initial aspect ratio: 6.0029902490248235
Initial mean iota: 0.39940028561642876
Initial magnetic well: -0.04553581079649515
Initial growth rate: 0.24247023251385388
## Now calculating total objective function ##
11:31:19 - Growth rate = 0.242470, quasisymmetry = 0.009515, mirror = 0.000000 with aspect ratio=6.002990 took 127.132362s
Total objective before optimization: 2.949539095142536
-------------------------
Optimizing with max_mode = 1
-------------------------
11:33:29 - Growth rate = 0.242470, quasisymmetry = 0.009515, mirror = 0.000000 with aspect ratio=6.002990 took 126.701149s
11:35:42 - Growth rate = 0.242470, quasisymmetry = 0.009515, mirror = 0.000000 with aspect ratio=6.002990 took 128.865716s
11:37:54 - Growth rate = 0.242470, quasisymmetry = 0.009515, mirror = 0.000000 with aspect ratio=6.002990 took 128.323245s
11:40:06 - Growth rate = 0.246967, quasisymmetry = 0.009626, mirror = 0.000000 with aspect ratio=6.002905 took 129.116104s
11:40:06 - Growth rate = 0.245997, quasisymmetry = 0.016425, mirror = 0.000000 with aspect ratio=5.883830 took 129.300469s
11:40:06 - Growth rate = 0.242295, quasisymmetry = 0.009974, mirror = 0.000000 with aspect ratio=6.003498 took 129.308649s
11:40:07 - Growth rate = 0.245050, quasisymmetry = 0.009649, mirror = 0.000000 with aspect ratio=6.002990 took 129.572251s
11:40:07 - Growth rate = 0.239134, quasisymmetry = 0.017157, mirror = 0.000000 with aspect ratio=5.894314 took 129.607947s
11:40:08 - Growth rate = 0.244790, quasisymmetry = 0.009739, mirror = 0.000000 with aspect ratio=6.003034 took 130.609239s
11:40:08 - Growth rate = 0.243796, quasisymmetry = 0.020161, mirror = 0.000000 with aspect ratio=5.981951 took 130.976450s
11:40:09 - Growth rate = 0.243755, quasisymmetry = 0.015777, mirror = 0.000000 with aspect ratio=6.035962 took 131.451178s
   Iteration     Total nfev        Cost      Cost reduction    Step norm     Optimality   
       0              1         1.4748e+00                                    8.66e+01    
11:42:20 - Growth rate = 0.128522, quasisymmetry = 0.038857, mirror = 0.000000 with aspect ratio=6.345745 took 126.068202s
11:44:31 - Growth rate = 0.128522, quasisymmetry = 0.038857, mirror = 0.000000 with aspect ratio=6.345745 took 125.973223s
11:46:42 - Growth rate = 0.136158, quasisymmetry = 0.054264, mirror = 0.000000 with aspect ratio=6.224268 took 127.232725s
11:46:44 - Growth rate = 0.130151, quasisymmetry = 0.034490, mirror = 0.000000 with aspect ratio=6.346388 took 128.167760s
11:46:44 - Growth rate = 0.130139, quasisymmetry = 0.039017, mirror = 0.000000 with aspect ratio=6.346006 took 128.795178s
11:46:44 - Growth rate = 0.131683, quasisymmetry = 0.043112, mirror = 0.000000 with aspect ratio=6.345745 took 128.963615s
11:46:44 - Growth rate = 0.128518, quasisymmetry = 0.039414, mirror = 0.000000 with aspect ratio=6.345500 took 129.103888s
11:46:45 - Growth rate = 0.127599, quasisymmetry = 0.031006, mirror = 0.000000 with aspect ratio=6.376469 took 129.183459s
11:46:45 - Growth rate = 0.137496, quasisymmetry = 0.027475, mirror = 0.000000 with aspect ratio=6.232818 took 129.169905s
11:46:46 - Growth rate = 0.138506, quasisymmetry = 0.026591, mirror = 0.000000 with aspect ratio=6.325016 took 131.030787s
       1              2         4.9423e-01      9.81e-01       9.10e-02       1.06e+02    
11:48:55 - Growth rate = 0.267608, quasisymmetry = 0.099361, mirror = 0.000000 with aspect ratio=6.224093 took 125.877613s
11:51:06 - Growth rate = 0.159421, quasisymmetry = 0.018979, mirror = 0.000000 with aspect ratio=6.006855 took 126.234491s
11:53:17 - Growth rate = 0.129261, quasisymmetry = 0.045231, mirror = 0.000000 with aspect ratio=6.270096 took 126.695450s
