Initial aspect ratio: 6.002990249024822
Initial mean iota: 0.3994132975290793
Initial magnetic well: -0.04553540648793591
Initial growth rate: 0.27760117358773184
## Now calculating total objective function ##
22:08:37 - Growth rate = 0.277601, quasisymmetry = 0.009516, mirror = 0.000000 with aspect ratio=6.002990 took 104.525965s
Total objective before optimization: 0.7805726502716651
-------------------------
Optimizing with max_mode = 1
-------------------------
22:10:26 - Growth rate = 0.277601, quasisymmetry = 0.009516, mirror = 0.000000 with aspect ratio=6.002990 took 106.032444s
22:12:15 - Growth rate = 0.277601, quasisymmetry = 0.009516, mirror = 0.000000 with aspect ratio=6.002990 took 105.906972s
22:14:03 - Growth rate = 0.277601, quasisymmetry = 0.009516, mirror = 0.000000 with aspect ratio=6.002990 took 106.253376s
22:15:53 - Growth rate = 0.295157, quasisymmetry = 0.124417, mirror = 0.000000 with aspect ratio=5.933625 took 106.662104s
22:15:53 - Growth rate = 0.281829, quasisymmetry = 0.011152, mirror = 0.000000 with aspect ratio=6.002990 took 106.857291s
22:15:54 - Growth rate = 0.279318, quasisymmetry = 0.074428, mirror = 0.000000 with aspect ratio=5.631219 took 107.511674s
22:15:54 - Growth rate = 0.277038, quasisymmetry = 0.078262, mirror = 0.000000 with aspect ratio=5.662023 took 107.942494s
22:15:54 - Growth rate = 0.282427, quasisymmetry = 0.010473, mirror = 0.000000 with aspect ratio=6.002708 took 108.171686s
22:15:54 - Growth rate = 0.280397, quasisymmetry = 0.014673, mirror = 0.000000 with aspect ratio=6.004680 took 108.452342s
22:15:55 - Growth rate = 0.283233, quasisymmetry = 0.081226, mirror = 0.000000 with aspect ratio=6.115008 took 108.434114s
22:15:55 - Growth rate = 0.281616, quasisymmetry = 0.011961, mirror = 0.000000 with aspect ratio=6.003137 took 109.084870s
   Iteration     Total nfev        Cost      Cost reduction    Step norm     Optimality   
       0              1         3.9029e-01                                    1.03e+01    
22:17:50 - Growth rate = 0.098683, quasisymmetry = 1.596837, mirror = 0.000000 with aspect ratio=8.957475 took 106.010136s
22:19:40 - Growth rate = 0.250823, quasisymmetry = 0.030234, mirror = 0.000000 with aspect ratio=5.994720 took 107.867327s
22:21:31 - Growth rate = 0.250823, quasisymmetry = 0.030234, mirror = 0.000000 with aspect ratio=5.994720 took 107.970226s
22:23:20 - Growth rate = 0.257434, quasisymmetry = 0.097145, mirror = 0.000000 with aspect ratio=5.609101 took 107.046589s
22:23:22 - Growth rate = 0.258130, quasisymmetry = 0.139366, mirror = 0.000000 with aspect ratio=5.905062 took 108.593709s
22:23:23 - Growth rate = 0.244757, quasisymmetry = 0.131977, mirror = 0.000000 with aspect ratio=5.639229 took 109.138975s
22:23:23 - Growth rate = 0.249827, quasisymmetry = 0.026414, mirror = 0.000000 with aspect ratio=5.994567 took 109.653837s
22:23:23 - Growth rate = 0.255174, quasisymmetry = 0.022706, mirror = 0.000000 with aspect ratio=5.994720 took 110.008786s
22:23:24 - Growth rate = 0.247169, quasisymmetry = 0.027830, mirror = 0.000000 with aspect ratio=5.996357 took 110.796181s
22:23:24 - Growth rate = 0.253429, quasisymmetry = 0.190851, mirror = 0.000000 with aspect ratio=6.127493 took 110.811877s
22:23:25 - Growth rate = 0.247802, quasisymmetry = 0.038278, mirror = 0.000000 with aspect ratio=5.996820 took 111.124752s
       1              3         3.3002e-01      6.03e-02       5.04e-02       1.71e+01    
22:25:14 - Growth rate = 0.261460, quasisymmetry = 0.099880, mirror = 0.000000 with aspect ratio=5.943171 took 106.825334s
22:27:04 - Growth rate = 0.245103, quasisymmetry = 0.025662, mirror = 0.000000 with aspect ratio=5.995919 took 107.373445s
22:28:54 - Growth rate = 0.245103, quasisymmetry = 0.025662, mirror = 0.000000 with aspect ratio=5.995919 took 106.667916s
22:30:43 - Growth rate = 0.255798, quasisymmetry = 0.054060, mirror = 0.000000 with aspect ratio=5.609978 took 106.475555s
22:30:45 - Growth rate = 0.258567, quasisymmetry = 0.180669, mirror = 0.000000 with aspect ratio=5.907482 took 108.342043s
22:30:45 - Growth rate = 0.255936, quasisymmetry = 0.215412, mirror = 0.000000 with aspect ratio=6.127272 took 108.479601s
22:30:45 - Growth rate = 0.245957, quasisymmetry = 0.157667, mirror = 0.000000 with aspect ratio=5.639718 took 108.919860s
22:30:46 - Growth rate = 0.249804, quasisymmetry = 0.026185, mirror = 0.000000 with aspect ratio=5.995919 took 109.433832s
22:30:46 - Growth rate = 0.246152, quasisymmetry = 0.027068, mirror = 0.000000 with aspect ratio=5.996358 took 109.613254s
22:30:46 - Growth rate = 0.249989, quasisymmetry = 0.025689, mirror = 0.000000 with aspect ratio=5.996170 took 109.789735s
22:30:46 - Growth rate = 0.246671, quasisymmetry = 0.027332, mirror = 0.000000 with aspect ratio=5.996357 took 109.802460s
       2              5         3.1349e-01      1.65e-02       1.26e-02       1.78e+01    
22:32:33 - Growth rate = 0.245426, quasisymmetry = 0.020585, mirror = 0.000000 with aspect ratio=5.995447 took 104.727700s
22:34:21 - Growth rate = 0.245426, quasisymmetry = 0.020585, mirror = 0.000000 with aspect ratio=5.995447 took 104.920998s
22:36:10 - Growth rate = 0.243612, quasisymmetry = 0.020409, mirror = 0.000000 with aspect ratio=5.995674 took 106.234806s
22:36:10 - Growth rate = 0.257494, quasisymmetry = 0.125659, mirror = 0.000000 with aspect ratio=5.609901 took 106.592056s
22:36:11 - Growth rate = 0.244307, quasisymmetry = 0.018583, mirror = 0.000000 with aspect ratio=5.996385 took 106.960808s
22:36:11 - Growth rate = 0.249062, quasisymmetry = 0.024060, mirror = 0.000000 with aspect ratio=5.995447 took 107.155212s
22:36:11 - Growth rate = 0.246921, quasisymmetry = 0.019162, mirror = 0.000000 with aspect ratio=5.994873 took 107.274235s
22:36:12 - Growth rate = 0.249251, quasisymmetry = 0.105704, mirror = 0.000000 with aspect ratio=6.126858 took 108.581642s
22:36:12 - Growth rate = 0.259470, quasisymmetry = 0.087226, mirror = 0.000000 with aspect ratio=5.906979 took 108.909069s
22:36:13 - Growth rate = 0.240570, quasisymmetry = 0.075769, mirror = 0.000000 with aspect ratio=5.639583 took 109.153985s
       3              6         3.1175e-01      1.74e-03       3.15e-03       4.55e+01    
22:38:01 - Growth rate = 0.246581, quasisymmetry = 0.019557, mirror = 0.000000 with aspect ratio=5.998212 took 105.019647s
22:39:49 - Growth rate = 0.243448, quasisymmetry = 0.020091, mirror = 0.000000 with aspect ratio=5.996173 took 105.642436s
22:41:38 - Growth rate = 0.243448, quasisymmetry = 0.020091, mirror = 0.000000 with aspect ratio=5.996173 took 105.762534s
22:43:26 - Growth rate = 0.245191, quasisymmetry = 0.019990, mirror = 0.000000 with aspect ratio=5.996401 took 106.302444s
22:43:28 - Growth rate = 0.247745, quasisymmetry = 0.018884, mirror = 0.000000 with aspect ratio=5.995641 took 107.369473s
22:43:28 - Growth rate = 0.255449, quasisymmetry = 0.121217, mirror = 0.000000 with aspect ratio=5.610536 took 107.548459s
22:43:28 - Growth rate = 0.247115, quasisymmetry = 0.023858, mirror = 0.000000 with aspect ratio=5.996173 took 107.542078s
22:43:28 - Growth rate = 0.248955, quasisymmetry = 0.018179, mirror = 0.000000 with aspect ratio=5.997095 took 108.094820s
22:43:29 - Growth rate = 0.258922, quasisymmetry = 0.090991, mirror = 0.000000 with aspect ratio=5.907661 took 108.568367s
22:43:29 - Growth rate = 0.241279, quasisymmetry = 0.078884, mirror = 0.000000 with aspect ratio=5.640200 took 108.707126s
22:43:29 - Growth rate = 0.250387, quasisymmetry = 0.110510, mirror = 0.000000 with aspect ratio=6.127640 took 108.920468s
       4              8         3.0667e-01      5.08e-03       1.97e-04       4.18e+01    
22:45:17 - Growth rate = 0.247030, quasisymmetry = 0.020892, mirror = 0.000000 with aspect ratio=5.995812 took 104.887476s
22:47:05 - Growth rate = 0.245036, quasisymmetry = 0.020279, mirror = 0.000000 with aspect ratio=5.996081 took 105.703325s
22:48:53 - Growth rate = 0.243815, quasisymmetry = 0.020137, mirror = 0.000000 with aspect ratio=5.996150 took 105.483100s
22:50:42 - Growth rate = 0.243534, quasisymmetry = 0.020103, mirror = 0.000000 with aspect ratio=5.996168 took 105.896430s
22:52:30 - Growth rate = 0.243470, quasisymmetry = 0.020094, mirror = 0.000000 with aspect ratio=5.996172 took 105.105631s
22:54:19 - Growth rate = 0.243454, quasisymmetry = 0.020092, mirror = 0.000000 with aspect ratio=5.996173 took 105.712671s
22:56:08 - Growth rate = 0.243450, quasisymmetry = 0.020092, mirror = 0.000000 with aspect ratio=5.996173 took 106.067762s
22:57:56 - Growth rate = 0.243449, quasisymmetry = 0.020091, mirror = 0.000000 with aspect ratio=5.996173 took 105.120119s
22:59:43 - Growth rate = 0.243448, quasisymmetry = 0.020091, mirror = 0.000000 with aspect ratio=5.996173 took 104.977847s
       5             17         3.0667e-01      0.00e+00       0.00e+00       4.18e+01    
`xtol` termination condition is satisfied.
Function evaluations 17, initial cost 3.9029e-01, final cost 3.0667e-01, first-order optimality 4.18e+01.
Final aspect ratio: 5.996173491826718
Final mean iota: 0.44363547916261387
Final magnetic well: -0.062110655187717786
Final quasisymmetry: 0.020091414805874515
Final growth rate: 0.2434483078111122
## Now calculating total objective function ##
23:03:16 - Growth rate = 0.243448, quasisymmetry = 0.020091, mirror = 0.000000 with aspect ratio=5.996173 took 104.409378s
Total objective before optimization: 0.6133354786068682
-------------------------
Optimizing with max_mode = 2
-------------------------
23:05:03 - Growth rate = 0.243448, quasisymmetry = 0.020091, mirror = 0.000000 with aspect ratio=5.996173 took 104.901242s
23:06:52 - Growth rate = 0.243448, quasisymmetry = 0.020091, mirror = 0.000000 with aspect ratio=5.996173 took 105.231277s
23:08:39 - Growth rate = 0.243448, quasisymmetry = 0.020091, mirror = 0.000000 with aspect ratio=5.996173 took 105.302953s
23:10:31 - Growth rate = 0.247745, quasisymmetry = 0.018884, mirror = 0.000000 with aspect ratio=5.995641 took 109.326073s
23:10:31 - Growth rate = 0.255449, quasisymmetry = 0.121217, mirror = 0.000000 with aspect ratio=5.610536 took 109.408752s
23:10:32 - Growth rate = 0.243433, quasisymmetry = 0.020329, mirror = 0.000000 with aspect ratio=5.996174 took 109.817675s
23:10:32 - Growth rate = 0.243516, quasisymmetry = 0.020308, mirror = 0.000000 with aspect ratio=5.996173 took 109.886833s
23:10:32 - Growth rate = 0.246818, quasisymmetry = 0.020349, mirror = 0.000000 with aspect ratio=5.996265 took 110.085922s
23:10:32 - Growth rate = 0.243370, quasisymmetry = 0.020157, mirror = 0.000000 with aspect ratio=5.996163 took 110.235304s
23:10:32 - Growth rate = 0.242958, quasisymmetry = 0.019920, mirror = 0.000000 with aspect ratio=5.996175 took 110.424726s
23:10:32 - Growth rate = 0.245191, quasisymmetry = 0.019990, mirror = 0.000000 with aspect ratio=5.996401 took 110.397977s
23:10:32 - Growth rate = 0.243580, quasisymmetry = 0.020695, mirror = 0.000000 with aspect ratio=5.996169 took 110.481492s
23:10:32 - Growth rate = 0.247115, quasisymmetry = 0.023858, mirror = 0.000000 with aspect ratio=5.996173 took 110.491890s
23:10:32 - Growth rate = 0.243643, quasisymmetry = 0.020105, mirror = 0.000000 with aspect ratio=5.996625 took 110.618488s
23:10:32 - Growth rate = 0.244005, quasisymmetry = 0.020224, mirror = 0.000000 with aspect ratio=5.996064 took 110.656746s
23:10:33 - Growth rate = 0.244160, quasisymmetry = 0.020646, mirror = 0.000000 with aspect ratio=5.996075 took 110.691897s
23:10:33 - Growth rate = 0.243882, quasisymmetry = 0.020242, mirror = 0.000000 with aspect ratio=5.996179 took 110.704440s
23:10:33 - Growth rate = 0.244231, quasisymmetry = 0.020356, mirror = 0.000000 with aspect ratio=5.996173 took 110.697247s
23:10:33 - Growth rate = 0.243503, quasisymmetry = 0.020104, mirror = 0.000000 with aspect ratio=5.995711 took 110.834717s
23:10:33 - Growth rate = 0.243223, quasisymmetry = 0.020067, mirror = 0.000000 with aspect ratio=5.996588 took 110.969875s
23:10:33 - Growth rate = 0.243224, quasisymmetry = 0.020058, mirror = 0.000000 with aspect ratio=5.996178 took 111.049934s
23:10:33 - Growth rate = 0.243133, quasisymmetry = 0.020105, mirror = 0.000000 with aspect ratio=5.996173 took 111.152806s
23:10:33 - Growth rate = 0.244090, quasisymmetry = 0.020219, mirror = 0.000000 with aspect ratio=5.996292 took 111.332261s
23:10:33 - Growth rate = 0.248955, quasisymmetry = 0.018179, mirror = 0.000000 with aspect ratio=5.997095 took 111.299013s
23:10:34 - Growth rate = 0.241279, quasisymmetry = 0.078884, mirror = 0.000000 with aspect ratio=5.640200 took 111.509206s
23:10:34 - Growth rate = 0.258922, quasisymmetry = 0.090991, mirror = 0.000000 with aspect ratio=5.907661 took 111.891347s
23:10:34 - Growth rate = 0.250387, quasisymmetry = 0.110510, mirror = 0.000000 with aspect ratio=6.127640 took 111.887657s
   Iteration     Total nfev        Cost      Cost reduction    Step norm     Optimality   
       0              1         3.0667e-01                                    8.31e+01    
23:12:28 - Growth rate = 0.216639, quasisymmetry = 0.030111, mirror = 0.000000 with aspect ratio=6.261441 took 107.147965s
23:14:22 - Growth rate = 0.216639, quasisymmetry = 0.030111, mirror = 0.000000 with aspect ratio=6.261441 took 106.495787s
23:16:17 - Growth rate = 0.226156, quasisymmetry = 0.196628, mirror = 0.000000 with aspect ratio=6.183398 took 109.123330s
23:16:18 - Growth rate = 0.214911, quasisymmetry = 0.176026, mirror = 0.000000 with aspect ratio=5.896937 took 109.256905s
23:16:19 - Growth rate = 0.228323, quasisymmetry = 0.026861, mirror = 0.000000 with aspect ratio=5.819543 took 111.395984s
23:16:19 - Growth rate = 0.215561, quasisymmetry = 0.030044, mirror = 0.000000 with aspect ratio=6.224442 took 111.444244s
23:16:20 - Growth rate = 0.216492, quasisymmetry = 0.028585, mirror = 0.000000 with aspect ratio=6.260427 took 110.937688s
23:16:20 - Growth rate = 0.217103, quasisymmetry = 0.031037, mirror = 0.000000 with aspect ratio=6.261503 took 111.036613s
23:16:20 - Growth rate = 0.219712, quasisymmetry = 0.184853, mirror = 0.000000 with aspect ratio=6.402816 took 109.719452s
23:16:20 - Growth rate = 0.218085, quasisymmetry = 0.041831, mirror = 0.000000 with aspect ratio=6.263663 took 111.322849s
23:16:20 - Growth rate = 0.216402, quasisymmetry = 0.029866, mirror = 0.000000 with aspect ratio=6.261525 took 111.502692s
23:16:20 - Growth rate = 0.216810, quasisymmetry = 0.029825, mirror = 0.000000 with aspect ratio=6.261441 took 111.493256s
23:16:20 - Growth rate = 0.220320, quasisymmetry = 0.061964, mirror = 0.000000 with aspect ratio=6.262499 took 111.545839s
23:16:21 - Growth rate = 0.217234, quasisymmetry = 0.028878, mirror = 0.000000 with aspect ratio=6.261475 took 111.813240s
23:16:21 - Growth rate = 0.218381, quasisymmetry = 0.039390, mirror = 0.000000 with aspect ratio=6.261441 took 111.779755s
23:16:21 - Growth rate = 0.217068, quasisymmetry = 0.043202, mirror = 0.000000 with aspect ratio=6.262377 took 111.657029s
23:16:21 - Growth rate = 0.218953, quasisymmetry = 0.032141, mirror = 0.000000 with aspect ratio=6.262573 took 111.926161s
23:16:21 - Growth rate = 0.216945, quasisymmetry = 0.030106, mirror = 0.000000 with aspect ratio=6.261446 took 111.897064s
23:16:21 - Growth rate = 0.218168, quasisymmetry = 0.039794, mirror = 0.000000 with aspect ratio=6.261887 took 111.789913s
23:16:21 - Growth rate = 0.216665, quasisymmetry = 0.029350, mirror = 0.000000 with aspect ratio=6.261496 took 112.050007s
23:16:21 - Growth rate = 0.217056, quasisymmetry = 0.040244, mirror = 0.000000 with aspect ratio=6.261352 took 112.101931s
23:16:21 - Growth rate = 0.217668, quasisymmetry = 0.031305, mirror = 0.000000 with aspect ratio=6.265414 took 111.974253s
23:16:21 - Growth rate = 0.217832, quasisymmetry = 0.029053, mirror = 0.000000 with aspect ratio=6.262320 took 112.226602s
23:16:21 - Growth rate = 0.216611, quasisymmetry = 0.030639, mirror = 0.000000 with aspect ratio=6.261496 took 112.332330s
23:16:21 - Growth rate = 0.217554, quasisymmetry = 0.032465, mirror = 0.000000 with aspect ratio=6.261285 took 112.195893s
23:16:21 - Growth rate = 0.216144, quasisymmetry = 0.031875, mirror = 0.000000 with aspect ratio=6.284109 took 111.774771s
       1              2         2.8405e-01      2.26e-02       8.72e-02       1.39e+01    
23:18:13 - Growth rate = 0.205606, quasisymmetry = 0.007926, mirror = 0.000000 with aspect ratio=6.028804 took 106.899993s
23:20:06 - Growth rate = 0.205606, quasisymmetry = 0.007926, mirror = 0.000000 with aspect ratio=6.028804 took 108.667040s
23:22:00 - Growth rate = 0.217212, quasisymmetry = 0.085557, mirror = 0.000000 with aspect ratio=5.960856 took 109.644241s
23:22:01 - Growth rate = 0.207639, quasisymmetry = 0.064455, mirror = 0.000000 with aspect ratio=5.682175 took 109.830978s
23:22:02 - Growth rate = 0.207237, quasisymmetry = 0.009388, mirror = 0.000000 with aspect ratio=6.031416 took 111.215854s
23:22:02 - Growth rate = 0.203765, quasisymmetry = 0.009110, mirror = 0.000000 with aspect ratio=5.998536 took 111.952237s
23:22:02 - Growth rate = 0.206674, quasisymmetry = 0.083664, mirror = 0.000000 with aspect ratio=6.157054 took 110.967238s
23:22:03 - Growth rate = 0.203770, quasisymmetry = 0.008345, mirror = 0.000000 with aspect ratio=6.027794 took 112.240250s
23:22:03 - Growth rate = 0.206152, quasisymmetry = 0.011278, mirror = 0.000000 with aspect ratio=6.028804 took 112.337230s
23:22:03 - Growth rate = 0.204697, quasisymmetry = 0.008710, mirror = 0.000000 with aspect ratio=6.031988 took 112.540108s
23:22:04 - Growth rate = 0.213298, quasisymmetry = 0.068224, mirror = 0.000000 with aspect ratio=5.618373 took 112.088268s
23:22:04 - Growth rate = 0.207221, quasisymmetry = 0.008910, mirror = 0.000000 with aspect ratio=6.033166 took 113.080564s
23:22:04 - Growth rate = 0.204489, quasisymmetry = 0.008333, mirror = 0.000000 with aspect ratio=6.029559 took 113.091918s
23:22:04 - Growth rate = 0.205728, quasisymmetry = 0.007806, mirror = 0.000000 with aspect ratio=6.028790 took 113.121974s
23:22:04 - Growth rate = 0.205581, quasisymmetry = 0.007823, mirror = 0.000000 with aspect ratio=6.028812 took 113.147557s
23:22:04 - Growth rate = 0.203686, quasisymmetry = 0.013686, mirror = 0.000000 with aspect ratio=6.028274 took 113.081563s
23:22:04 - Growth rate = 0.205122, quasisymmetry = 0.017025, mirror = 0.000000 with aspect ratio=6.030303 took 113.313426s
23:22:04 - Growth rate = 0.205296, quasisymmetry = 0.008875, mirror = 0.000000 with aspect ratio=6.028973 took 113.375130s
23:22:04 - Growth rate = 0.205487, quasisymmetry = 0.008408, mirror = 0.000000 with aspect ratio=6.027920 took 113.493174s
23:22:04 - Growth rate = 0.204195, quasisymmetry = 0.008812, mirror = 0.000000 with aspect ratio=6.028939 took 113.537237s
23:22:04 - Growth rate = 0.204588, quasisymmetry = 0.007831, mirror = 0.000000 with aspect ratio=6.029054 took 113.517462s
23:22:05 - Growth rate = 0.203726, quasisymmetry = 0.007756, mirror = 0.000000 with aspect ratio=6.028676 took 113.630419s
23:22:05 - Growth rate = 0.204418, quasisymmetry = 0.008136, mirror = 0.000000 with aspect ratio=6.028804 took 113.722245s
23:22:05 - Growth rate = 0.204779, quasisymmetry = 0.009999, mirror = 0.000000 with aspect ratio=6.028731 took 113.739299s
23:22:05 - Growth rate = 0.205840, quasisymmetry = 0.007843, mirror = 0.000000 with aspect ratio=6.030139 took 113.854488s
23:22:05 - Growth rate = 0.204300, quasisymmetry = 0.008788, mirror = 0.000000 with aspect ratio=6.046293 took 112.031182s
       2              3         2.1580e-01      6.82e-02       2.18e-02       1.57e+01    
23:23:57 - Growth rate = 0.201763, quasisymmetry = 0.062423, mirror = 0.000000 with aspect ratio=5.981149 took 107.051079s
23:25:51 - Growth rate = 0.201507, quasisymmetry = 0.029542, mirror = 0.000000 with aspect ratio=6.015686 took 108.151341s
23:27:43 - Growth rate = 0.203119, quasisymmetry = 0.012568, mirror = 0.000000 with aspect ratio=6.026234 took 107.903039s
23:29:35 - Growth rate = 0.203119, quasisymmetry = 0.012568, mirror = 0.000000 with aspect ratio=6.026234 took 106.952216s
23:31:29 - Growth rate = 0.208733, quasisymmetry = 0.067948, mirror = 0.000000 with aspect ratio=5.679739 took 109.592642s
23:31:29 - Growth rate = 0.217816, quasisymmetry = 0.083694, mirror = 0.000000 with aspect ratio=5.958372 took 109.863350s
23:31:31 - Growth rate = 0.208215, quasisymmetry = 0.088987, mirror = 0.000000 with aspect ratio=6.154477 took 110.758524s
23:31:32 - Growth rate = 0.204543, quasisymmetry = 0.013711, mirror = 0.000000 with aspect ratio=5.996045 took 112.960230s
23:31:32 - Growth rate = 0.204996, quasisymmetry = 0.010022, mirror = 0.000000 with aspect ratio=6.028886 took 112.756240s
23:31:32 - Growth rate = 0.204648, quasisymmetry = 0.029626, mirror = 0.000000 with aspect ratio=6.027772 took 112.627074s
23:31:32 - Growth rate = 0.202677, quasisymmetry = 0.021142, mirror = 0.000000 with aspect ratio=6.025631 took 112.834856s
23:31:32 - Growth rate = 0.205371, quasisymmetry = 0.013655, mirror = 0.000000 with aspect ratio=6.030763 took 113.031082s
23:31:32 - Growth rate = 0.203754, quasisymmetry = 0.015633, mirror = 0.000000 with aspect ratio=6.026126 took 113.128844s
23:31:32 - Growth rate = 0.204905, quasisymmetry = 0.015468, mirror = 0.000000 with aspect ratio=6.029480 took 113.163832s
23:31:32 - Growth rate = 0.203955, quasisymmetry = 0.013947, mirror = 0.000000 with aspect ratio=6.025190 took 113.218593s
23:31:33 - Growth rate = 0.204680, quasisymmetry = 0.015542, mirror = 0.000000 with aspect ratio=6.026070 took 113.335153s
23:31:33 - Growth rate = 0.214063, quasisymmetry = 0.067951, mirror = 0.000000 with aspect ratio=5.616162 took 112.107269s
23:31:33 - Growth rate = 0.204295, quasisymmetry = 0.016031, mirror = 0.000000 with aspect ratio=6.026400 took 113.601016s
23:31:33 - Growth rate = 0.203763, quasisymmetry = 0.013362, mirror = 0.000000 with aspect ratio=6.026319 took 113.706183s
23:31:33 - Growth rate = 0.206626, quasisymmetry = 0.019808, mirror = 0.000000 with aspect ratio=6.026234 took 113.820156s
23:31:33 - Growth rate = 0.203434, quasisymmetry = 0.013224, mirror = 0.000000 with aspect ratio=6.026411 took 114.037742s
23:31:33 - Growth rate = 0.203361, quasisymmetry = 0.012338, mirror = 0.000000 with aspect ratio=6.026221 took 114.082624s
23:31:33 - Growth rate = 0.204006, quasisymmetry = 0.013411, mirror = 0.000000 with aspect ratio=6.026234 took 114.184657s
23:31:33 - Growth rate = 0.203271, quasisymmetry = 0.012767, mirror = 0.000000 with aspect ratio=6.026246 took 114.214514s
23:31:34 - Growth rate = 0.203522, quasisymmetry = 0.012455, mirror = 0.000000 with aspect ratio=6.027342 took 114.276563s
23:31:34 - Growth rate = 0.205728, quasisymmetry = 0.013023, mirror = 0.000000 with aspect ratio=6.025352 took 114.334702s
23:31:35 - Growth rate = 0.203101, quasisymmetry = 0.011437, mirror = 0.000000 with aspect ratio=6.043640 took 113.153888s
23:31:35 - Growth rate = 0.202506, quasisymmetry = 0.012808, mirror = 0.000000 with aspect ratio=6.027032 took 113.646690s
       3              6         2.1296e-01      2.84e-03       1.36e-03       1.25e+01    
23:33:27 - Growth rate = 0.203870, quasisymmetry = 0.010456, mirror = 0.000000 with aspect ratio=6.025428 took 107.760480s
23:35:19 - Growth rate = 0.202751, quasisymmetry = 0.011832, mirror = 0.000000 with aspect ratio=6.026034 took 107.519762s
23:37:12 - Growth rate = 0.202751, quasisymmetry = 0.011832, mirror = 0.000000 with aspect ratio=6.026034 took 108.298223s
WARNING:simsopt.objectives.least_squares:Function evaluation failed for <bound method Vmec.aspect of Vmec1 (nfp=2 mpol=5 ntor=5)>
23:39:06 - Growth rate = 0.216939, quasisymmetry = 0.083419, mirror = 0.000000 with aspect ratio=5.958171 took 109.869742s
23:39:06 - Growth rate = 0.207279, quasisymmetry = 0.066864, mirror = 0.000000 with aspect ratio=5.679550 took 109.679243s
23:39:09 - Growth rate = 0.207859, quasisymmetry = 0.087590, mirror = 0.000000 with aspect ratio=6.154270 took 111.186037s
23:39:09 - Growth rate = 0.203797, quasisymmetry = 0.012918, mirror = 0.000000 with aspect ratio=5.995838 took 112.285939s
23:39:10 - Growth rate = 0.206350, quasisymmetry = 0.018342, mirror = 0.000000 with aspect ratio=6.026034 took 112.769307s
23:39:10 - Growth rate = 0.204258, quasisymmetry = 0.014340, mirror = 0.000000 with aspect ratio=6.029274 took 113.089141s
23:39:10 - Growth rate = 0.203433, quasisymmetry = 0.014488, mirror = 0.000000 with aspect ratio=6.025928 took 113.187410s
23:39:10 - Growth rate = 0.202728, quasisymmetry = 0.019906, mirror = 0.000000 with aspect ratio=6.025426 took 113.044254s
23:39:10 - Growth rate = 0.205262, quasisymmetry = 0.009777, mirror = 0.000000 with aspect ratio=6.028689 took 113.288939s
23:39:10 - Growth rate = 0.213597, quasisymmetry = 0.068479, mirror = 0.000000 with aspect ratio=5.615993 took 112.464354s
23:39:10 - Growth rate = 0.204644, quasisymmetry = 0.014833, mirror = 0.000000 with aspect ratio=6.026198 took 113.546514s
23:39:11 - Growth rate = 0.204865, quasisymmetry = 0.012263, mirror = 0.000000 with aspect ratio=6.025158 took 113.712350s
23:39:11 - Growth rate = 0.203988, quasisymmetry = 0.014429, mirror = 0.000000 with aspect ratio=6.025873 took 113.695291s
23:39:11 - Growth rate = 0.203084, quasisymmetry = 0.012992, mirror = 0.000000 with aspect ratio=6.024987 took 113.957418s
23:39:11 - Growth rate = 0.205883, quasisymmetry = 0.012942, mirror = 0.000000 with aspect ratio=6.030575 took 113.905817s
23:39:11 - Growth rate = 0.203195, quasisymmetry = 0.012016, mirror = 0.000000 with aspect ratio=6.026045 took 113.986142s
23:39:11 - Growth rate = 0.202741, quasisymmetry = 0.011630, mirror = 0.000000 with aspect ratio=6.026022 took 114.042237s
23:39:11 - Growth rate = 0.202703, quasisymmetry = 0.011721, mirror = 0.000000 with aspect ratio=6.027119 took 114.310150s
23:39:11 - Growth rate = 0.202923, quasisymmetry = 0.012160, mirror = 0.000000 with aspect ratio=6.026834 took 113.748347s
23:39:11 - Growth rate = 0.203390, quasisymmetry = 0.012688, mirror = 0.000000 with aspect ratio=6.026034 took 114.422638s
23:39:11 - Growth rate = 0.203041, quasisymmetry = 0.012597, mirror = 0.000000 with aspect ratio=6.026121 took 114.438857s
23:39:11 - Growth rate = 0.202792, quasisymmetry = 0.012492, mirror = 0.000000 with aspect ratio=6.026213 took 114.550015s
23:39:13 - Growth rate = 0.201864, quasisymmetry = 0.010954, mirror = 0.000000 with aspect ratio=6.043437 took 114.342493s
       4              8         2.1184e-01      1.12e-03       8.52e-05       1.21e+15    
23:41:06 - Growth rate = 0.205299, quasisymmetry = 0.011220, mirror = 0.000000 with aspect ratio=6.026070 took 108.251851s
23:43:00 - Growth rate = 0.203693, quasisymmetry = 0.011664, mirror = 0.000000 with aspect ratio=6.026043 took 109.254017s
23:44:53 - Growth rate = 0.202699, quasisymmetry = 0.011789, mirror = 0.000000 with aspect ratio=6.026037 took 108.376235s
23:46:45 - Growth rate = 0.202699, quasisymmetry = 0.011789, mirror = 0.000000 with aspect ratio=6.026037 took 107.680555s
WARNING:simsopt.objectives.least_squares:Function evaluation failed for <bound method Vmec.aspect of Vmec1 (nfp=2 mpol=5 ntor=5)>
23:48:39 - Growth rate = 0.216836, quasisymmetry = 0.083427, mirror = 0.000000 with aspect ratio=5.958173 took 109.565873s
23:48:39 - Growth rate = 0.207188, quasisymmetry = 0.066814, mirror = 0.000000 with aspect ratio=5.679552 took 109.317992s
23:48:41 - Growth rate = 0.207766, quasisymmetry = 0.087532, mirror = 0.000000 with aspect ratio=6.154273 took 110.238577s
23:48:41 - Growth rate = 0.203747, quasisymmetry = 0.012871, mirror = 0.000000 with aspect ratio=5.995839 took 111.910666s
23:48:42 - Growth rate = 0.202640, quasisymmetry = 0.019830, mirror = 0.000000 with aspect ratio=6.025429 took 112.482169s
23:48:43 - Growth rate = 0.205233, quasisymmetry = 0.009769, mirror = 0.000000 with aspect ratio=6.028691 took 112.908918s
23:48:43 - Growth rate = 0.204542, quasisymmetry = 0.014759, mirror = 0.000000 with aspect ratio=6.026200 took 112.978258s
23:48:43 - Growth rate = 0.213462, quasisymmetry = 0.068499, mirror = 0.000000 with aspect ratio=5.615995 took 111.901984s
23:48:43 - Growth rate = 0.205825, quasisymmetry = 0.012899, mirror = 0.000000 with aspect ratio=6.030577 took 113.125610s
23:48:43 - Growth rate = 0.206387, quasisymmetry = 0.018250, mirror = 0.000000 with aspect ratio=6.026037 took 113.331188s
23:48:43 - Growth rate = 0.204791, quasisymmetry = 0.012218, mirror = 0.000000 with aspect ratio=6.025160 took 113.386151s
23:48:43 - Growth rate = 0.203047, quasisymmetry = 0.012934, mirror = 0.000000 with aspect ratio=6.024989 took 113.505113s
23:48:43 - Growth rate = 0.204178, quasisymmetry = 0.014275, mirror = 0.000000 with aspect ratio=6.029275 took 113.498815s
23:48:43 - Growth rate = 0.203387, quasisymmetry = 0.014418, mirror = 0.000000 with aspect ratio=6.025930 took 113.511178s
23:48:44 - Growth rate = 0.202636, quasisymmetry = 0.011678, mirror = 0.000000 with aspect ratio=6.027121 took 113.763361s
23:48:44 - Growth rate = 0.203211, quasisymmetry = 0.012552, mirror = 0.000000 with aspect ratio=6.026123 took 113.801303s
23:48:44 - Growth rate = 0.203180, quasisymmetry = 0.011973, mirror = 0.000000 with aspect ratio=6.026047 took 113.808541s
23:48:44 - Growth rate = 0.203979, quasisymmetry = 0.014363, mirror = 0.000000 with aspect ratio=6.025875 took 113.879244s
23:48:44 - Growth rate = 0.202676, quasisymmetry = 0.011589, mirror = 0.000000 with aspect ratio=6.026024 took 114.113597s
23:48:44 - Growth rate = 0.202842, quasisymmetry = 0.012123, mirror = 0.000000 with aspect ratio=6.026836 took 113.895183s
23:48:44 - Growth rate = 0.203313, quasisymmetry = 0.012647, mirror = 0.000000 with aspect ratio=6.026037 took 114.483131s
23:48:44 - Growth rate = 0.202822, quasisymmetry = 0.012450, mirror = 0.000000 with aspect ratio=6.026215 took 114.571005s
23:48:46 - Growth rate = 0.201839, quasisymmetry = 0.010927, mirror = 0.000000 with aspect ratio=6.043439 took 113.219254s
       5             11         2.1171e-01      1.28e-04       5.32e-06       1.21e+15    
23:50:39 - Growth rate = 0.202621, quasisymmetry = 0.011704, mirror = 0.000000 with aspect ratio=6.026041 took 108.628011s
23:52:33 - Growth rate = 0.202621, quasisymmetry = 0.011704, mirror = 0.000000 with aspect ratio=6.026041 took 108.711906s
WARNING:simsopt.objectives.least_squares:Function evaluation failed for <bound method Vmec.aspect of Vmec1 (nfp=2 mpol=5 ntor=5)>
23:54:26 - Growth rate = 0.207310, quasisymmetry = 0.066715, mirror = 0.000000 with aspect ratio=5.679556 took 109.195506s
23:54:27 - Growth rate = 0.216652, quasisymmetry = 0.083442, mirror = 0.000000 with aspect ratio=5.958176 took 109.854182s
23:54:29 - Growth rate = 0.207591, quasisymmetry = 0.087415, mirror = 0.000000 with aspect ratio=6.154278 took 111.295693s
23:54:29 - Growth rate = 0.203640, quasisymmetry = 0.012776, mirror = 0.000000 with aspect ratio=5.995843 took 112.307861s
23:54:29 - Growth rate = 0.205154, quasisymmetry = 0.009750, mirror = 0.000000 with aspect ratio=6.028697 took 112.189533s
23:54:29 - Growth rate = 0.205529, quasisymmetry = 0.012814, mirror = 0.000000 with aspect ratio=6.030582 took 112.153168s
23:54:30 - Growth rate = 0.204073, quasisymmetry = 0.014145, mirror = 0.000000 with aspect ratio=6.029280 took 112.632586s
23:54:30 - Growth rate = 0.214696, quasisymmetry = 0.068539, mirror = 0.000000 with aspect ratio=5.615998 took 111.683160s
23:54:30 - Growth rate = 0.202969, quasisymmetry = 0.012819, mirror = 0.000000 with aspect ratio=6.024994 took 113.104512s
23:54:30 - Growth rate = 0.202593, quasisymmetry = 0.011593, mirror = 0.000000 with aspect ratio=6.027126 took 113.133374s
23:54:30 - Growth rate = 0.204396, quasisymmetry = 0.014614, mirror = 0.000000 with aspect ratio=6.026205 took 113.232159s
23:54:31 - Growth rate = 0.202483, quasisymmetry = 0.019681, mirror = 0.000000 with aspect ratio=6.025434 took 113.213606s
23:54:31 - Growth rate = 0.203846, quasisymmetry = 0.014233, mirror = 0.000000 with aspect ratio=6.025880 took 113.294374s
23:54:31 - Growth rate = 0.206278, quasisymmetry = 0.018070, mirror = 0.000000 with aspect ratio=6.026041 took 113.520813s
23:54:31 - Growth rate = 0.203076, quasisymmetry = 0.011886, mirror = 0.000000 with aspect ratio=6.026052 took 113.563900s
23:54:31 - Growth rate = 0.203300, quasisymmetry = 0.014281, mirror = 0.000000 with aspect ratio=6.025935 took 113.627892s
23:54:31 - Growth rate = 0.202894, quasisymmetry = 0.012365, mirror = 0.000000 with aspect ratio=6.026221 took 113.658658s
23:54:31 - Growth rate = 0.204506, quasisymmetry = 0.012129, mirror = 0.000000 with aspect ratio=6.025165 took 113.700670s
23:54:31 - Growth rate = 0.203872, quasisymmetry = 0.011508, mirror = 0.000000 with aspect ratio=6.026029 took 113.767653s
23:54:31 - Growth rate = 0.203124, quasisymmetry = 0.012462, mirror = 0.000000 with aspect ratio=6.026128 took 114.022709s
23:54:31 - Growth rate = 0.203170, quasisymmetry = 0.012564, mirror = 0.000000 with aspect ratio=6.026041 took 114.069439s
23:54:31 - Growth rate = 0.204921, quasisymmetry = 0.012049, mirror = 0.000000 with aspect ratio=6.026840 took 112.842094s
23:54:34 - Growth rate = 0.201785, quasisymmetry = 0.010873, mirror = 0.000000 with aspect ratio=6.043445 took 113.383461s
       6             12         2.1151e-01      1.99e-04       1.06e-05       1.21e+15    
23:56:26 - Growth rate = 0.203629, quasisymmetry = 0.011637, mirror = 0.000000 with aspect ratio=6.026038 took 107.712856s
23:58:27 - Growth rate = 0.202604, quasisymmetry = 0.011687, mirror = 0.000000 with aspect ratio=6.026041 took 116.161565s
00:00:20 - Growth rate = 0.202604, quasisymmetry = 0.011687, mirror = 0.000000 with aspect ratio=6.026041 took 107.940196s
WARNING:simsopt.objectives.least_squares:Function evaluation failed for <bound method Vmec.aspect of Vmec1 (nfp=2 mpol=5 ntor=5)>
00:02:14 - Growth rate = 0.216619, quasisymmetry = 0.083437, mirror = 0.000000 with aspect ratio=5.958175 took 109.535210s
00:02:14 - Growth rate = 0.207280, quasisymmetry = 0.066692, mirror = 0.000000 with aspect ratio=5.679556 took 110.254836s
00:02:17 - Growth rate = 0.207560, quasisymmetry = 0.087385, mirror = 0.000000 with aspect ratio=6.154278 took 111.551035s
00:02:17 - Growth rate = 0.205140, quasisymmetry = 0.009744, mirror = 0.000000 with aspect ratio=6.028696 took 112.455094s
00:02:17 - Growth rate = 0.204049, quasisymmetry = 0.014119, mirror = 0.000000 with aspect ratio=6.029279 took 112.653482s
00:02:17 - Growth rate = 0.205515, quasisymmetry = 0.012798, mirror = 0.000000 with aspect ratio=6.030581 took 112.779199s
00:02:18 - Growth rate = 0.214661, quasisymmetry = 0.068550, mirror = 0.000000 with aspect ratio=5.615997 took 111.882532s
00:02:18 - Growth rate = 0.202953, quasisymmetry = 0.012798, mirror = 0.000000 with aspect ratio=6.024993 took 113.311492s
00:02:18 - Growth rate = 0.206263, quasisymmetry = 0.018038, mirror = 0.000000 with aspect ratio=6.026041 took 113.381146s
00:02:18 - Growth rate = 0.203286, quasisymmetry = 0.014255, mirror = 0.000000 with aspect ratio=6.025934 took 113.430639s
00:02:18 - Growth rate = 0.202452, quasisymmetry = 0.019654, mirror = 0.000000 with aspect ratio=6.025433 took 113.380731s
00:02:18 - Growth rate = 0.203764, quasisymmetry = 0.011491, mirror = 0.000000 with aspect ratio=6.026029 took 113.586393s
00:02:18 - Growth rate = 0.203837, quasisymmetry = 0.014207, mirror = 0.000000 with aspect ratio=6.025880 took 113.621978s
00:02:18 - Growth rate = 0.204492, quasisymmetry = 0.012112, mirror = 0.000000 with aspect ratio=6.025165 took 113.682065s
00:02:18 - Growth rate = 0.202568, quasisymmetry = 0.011576, mirror = 0.000000 with aspect ratio=6.027126 took 113.681068s
00:02:18 - Growth rate = 0.204374, quasisymmetry = 0.014586, mirror = 0.000000 with aspect ratio=6.026204 took 113.668483s
00:02:18 - Growth rate = 0.203058, quasisymmetry = 0.011868, mirror = 0.000000 with aspect ratio=6.026051 took 113.736439s
00:02:18 - Growth rate = 0.203142, quasisymmetry = 0.012547, mirror = 0.000000 with aspect ratio=6.026041 took 113.763089s
00:02:18 - Growth rate = 0.203108, quasisymmetry = 0.012445, mirror = 0.000000 with aspect ratio=6.026127 took 113.907508s
00:02:18 - Growth rate = 0.202864, quasisymmetry = 0.012348, mirror = 0.000000 with aspect ratio=6.026220 took 113.984855s
00:02:19 - Growth rate = 0.203619, quasisymmetry = 0.012758, mirror = 0.000000 with aspect ratio=5.995842 took 114.449499s
00:02:19 - Growth rate = 0.204798, quasisymmetry = 0.012033, mirror = 0.000000 with aspect ratio=6.026839 took 113.170179s
00:02:21 - Growth rate = 0.201785, quasisymmetry = 0.010862, mirror = 0.000000 with aspect ratio=6.043444 took 113.457699s
       7             14         2.1147e-01      4.25e-05       2.66e-06       1.21e+15    
00:04:13 - Growth rate = 0.202587, quasisymmetry = 0.011669, mirror = 0.000000 with aspect ratio=6.026040 took 107.670499s
00:06:07 - Growth rate = 0.202587, quasisymmetry = 0.011669, mirror = 0.000000 with aspect ratio=6.026040 took 108.541684s
WARNING:simsopt.objectives.least_squares:Function evaluation failed for <bound method Vmec.aspect of Vmec1 (nfp=2 mpol=5 ntor=5)>
WARNING:simsopt.objectives.least_squares:Function evaluation failed for <bound method Vmec.aspect of Vmec1 (nfp=2 mpol=5 ntor=5)>
00:08:00 - Growth rate = 0.216586, quasisymmetry = 0.083433, mirror = 0.000000 with aspect ratio=5.958174 took 109.230110s
00:08:00 - Growth rate = 0.207248, quasisymmetry = 0.066669, mirror = 0.000000 with aspect ratio=5.679555 took 109.123932s
00:08:02 - Growth rate = 0.207529, quasisymmetry = 0.087355, mirror = 0.000000 with aspect ratio=6.154277 took 110.425835s
00:08:02 - Growth rate = 0.205126, quasisymmetry = 0.009739, mirror = 0.000000 with aspect ratio=6.028696 took 111.293528s
00:08:03 - Growth rate = 0.203602, quasisymmetry = 0.012740, mirror = 0.000000 with aspect ratio=5.995841 took 112.309061s
00:08:03 - Growth rate = 0.214610, quasisymmetry = 0.068561, mirror = 0.000000 with aspect ratio=5.615997 took 111.007170s
00:08:04 - Growth rate = 0.202421, quasisymmetry = 0.019627, mirror = 0.000000 with aspect ratio=6.025432 took 112.758092s
00:08:04 - Growth rate = 0.203809, quasisymmetry = 0.014182, mirror = 0.000000 with aspect ratio=6.025879 took 112.965109s
00:08:04 - Growth rate = 0.204478, quasisymmetry = 0.012094, mirror = 0.000000 with aspect ratio=6.025164 took 113.049713s
00:08:04 - Growth rate = 0.202936, quasisymmetry = 0.012776, mirror = 0.000000 with aspect ratio=6.024993 took 113.142520s
00:08:04 - Growth rate = 0.204353, quasisymmetry = 0.014558, mirror = 0.000000 with aspect ratio=6.026203 took 113.067103s
00:08:04 - Growth rate = 0.204322, quasisymmetry = 0.014229, mirror = 0.000000 with aspect ratio=6.025934 took 113.205714s
00:08:05 - Growth rate = 0.206249, quasisymmetry = 0.018005, mirror = 0.000000 with aspect ratio=6.026040 took 113.495714s
00:08:05 - Growth rate = 0.203039, quasisymmetry = 0.011851, mirror = 0.000000 with aspect ratio=6.026051 took 113.527637s
00:08:05 - Growth rate = 0.205501, quasisymmetry = 0.012781, mirror = 0.000000 with aspect ratio=6.030581 took 113.480206s
00:08:05 - Growth rate = 0.204024, quasisymmetry = 0.014094, mirror = 0.000000 with aspect ratio=6.029278 took 113.546779s
00:08:05 - Growth rate = 0.204706, quasisymmetry = 0.012018, mirror = 0.000000 with aspect ratio=6.026839 took 112.190402s
00:08:05 - Growth rate = 0.202835, quasisymmetry = 0.012331, mirror = 0.000000 with aspect ratio=6.026219 took 113.770561s
00:08:05 - Growth rate = 0.203077, quasisymmetry = 0.012427, mirror = 0.000000 with aspect ratio=6.026126 took 113.833704s
00:08:05 - Growth rate = 0.203694, quasisymmetry = 0.011475, mirror = 0.000000 with aspect ratio=6.026028 took 113.866975s
00:08:05 - Growth rate = 0.202605, quasisymmetry = 0.011559, mirror = 0.000000 with aspect ratio=6.027125 took 113.983315s
00:08:05 - Growth rate = 0.203114, quasisymmetry = 0.012530, mirror = 0.000000 with aspect ratio=6.026040 took 114.071171s
       8             15         2.1142e-01      4.40e-05       2.66e-06       1.21e+15    
00:09:58 - Growth rate = 0.203682, quasisymmetry = 0.011652, mirror = 0.000000 with aspect ratio=6.026038 took 108.564915s
00:11:52 - Growth rate = 0.202582, quasisymmetry = 0.011665, mirror = 0.000000 with aspect ratio=6.026039 took 109.052938s
00:13:46 - Growth rate = 0.202582, quasisymmetry = 0.011665, mirror = 0.000000 with aspect ratio=6.026039 took 109.305640s
WARNING:simsopt.objectives.least_squares:Function evaluation failed for <bound method Vmec.aspect of Vmec1 (nfp=2 mpol=5 ntor=5)>
00:15:40 - Growth rate = 0.207240, quasisymmetry = 0.066662, mirror = 0.000000 with aspect ratio=5.679555 took 109.489158s
00:15:40 - Growth rate = 0.216576, quasisymmetry = 0.083433, mirror = 0.000000 with aspect ratio=5.958174 took 109.907845s
00:15:42 - Growth rate = 0.207521, quasisymmetry = 0.087347, mirror = 0.000000 with aspect ratio=6.154276 took 110.938397s
00:15:42 - Growth rate = 0.205122, quasisymmetry = 0.009738, mirror = 0.000000 with aspect ratio=6.028695 took 111.800003s
00:15:43 - Growth rate = 0.206244, quasisymmetry = 0.017995, mirror = 0.000000 with aspect ratio=6.026039 took 112.301145s
00:15:43 - Growth rate = 0.203596, quasisymmetry = 0.012735, mirror = 0.000000 with aspect ratio=5.995840 took 113.075923s
00:15:43 - Growth rate = 0.204303, quasisymmetry = 0.014221, mirror = 0.000000 with aspect ratio=6.025933 took 112.823809s
00:15:43 - Growth rate = 0.214618, quasisymmetry = 0.068563, mirror = 0.000000 with aspect ratio=5.615996 took 111.666405s
00:15:43 - Growth rate = 0.204473, quasisymmetry = 0.012089, mirror = 0.000000 with aspect ratio=6.025164 took 112.953797s
00:15:43 - Growth rate = 0.205496, quasisymmetry = 0.012776, mirror = 0.000000 with aspect ratio=6.030580 took 112.927270s
00:15:44 - Growth rate = 0.204018, quasisymmetry = 0.014087, mirror = 0.000000 with aspect ratio=6.029277 took 113.298175s
00:15:44 - Growth rate = 0.203033, quasisymmetry = 0.011846, mirror = 0.000000 with aspect ratio=6.026050 took 113.359326s
00:15:44 - Growth rate = 0.202414, quasisymmetry = 0.019619, mirror = 0.000000 with aspect ratio=6.025431 took 113.307562s
00:15:44 - Growth rate = 0.202931, quasisymmetry = 0.012770, mirror = 0.000000 with aspect ratio=6.024992 took 113.669071s
00:15:44 - Growth rate = 0.203802, quasisymmetry = 0.014175, mirror = 0.000000 with aspect ratio=6.025879 took 113.618418s
00:15:44 - Growth rate = 0.202828, quasisymmetry = 0.012327, mirror = 0.000000 with aspect ratio=6.026219 took 113.621365s
00:15:44 - Growth rate = 0.204346, quasisymmetry = 0.014551, mirror = 0.000000 with aspect ratio=6.026203 took 113.612041s
00:15:44 - Growth rate = 0.203073, quasisymmetry = 0.012422, mirror = 0.000000 with aspect ratio=6.026126 took 113.634013s
00:15:44 - Growth rate = 0.202598, quasisymmetry = 0.011554, mirror = 0.000000 with aspect ratio=6.027125 took 113.793454s
00:15:44 - Growth rate = 0.203677, quasisymmetry = 0.011470, mirror = 0.000000 with aspect ratio=6.026027 took 113.974829s
00:15:45 - Growth rate = 0.203109, quasisymmetry = 0.012526, mirror = 0.000000 with aspect ratio=6.026039 took 114.357974s
00:15:45 - Growth rate = 0.204685, quasisymmetry = 0.012014, mirror = 0.000000 with aspect ratio=6.026838 took 113.301198s
00:15:47 - Growth rate = 0.201766, quasisymmetry = 0.010848, mirror = 0.000000 with aspect ratio=6.043443 took 113.597452s
       9             17         2.1141e-01      1.32e-05       6.65e-07       1.21e+15    
00:17:39 - Growth rate = 0.202581, quasisymmetry = 0.011664, mirror = 0.000000 with aspect ratio=6.026039 took 107.631241s
00:19:33 - Growth rate = 0.202581, quasisymmetry = 0.011664, mirror = 0.000000 with aspect ratio=6.026039 took 108.991624s
WARNING:simsopt.objectives.least_squares:Function evaluation failed for <bound method Vmec.aspect of Vmec1 (nfp=2 mpol=5 ntor=5)>
00:21:27 - Growth rate = 0.207237, quasisymmetry = 0.066661, mirror = 0.000000 with aspect ratio=5.679555 took 109.358603s
00:21:27 - Growth rate = 0.216574, quasisymmetry = 0.083432, mirror = 0.000000 with aspect ratio=5.958174 took 109.574303s
00:21:29 - Growth rate = 0.207519, quasisymmetry = 0.087345, mirror = 0.000000 with aspect ratio=6.154276 took 110.909018s
00:21:29 - Growth rate = 0.205121, quasisymmetry = 0.009737, mirror = 0.000000 with aspect ratio=6.028695 took 111.569285s
00:21:30 - Growth rate = 0.203595, quasisymmetry = 0.012733, mirror = 0.000000 with aspect ratio=5.995840 took 112.559019s
00:21:30 - Growth rate = 0.205495, quasisymmetry = 0.012775, mirror = 0.000000 with aspect ratio=6.030580 took 112.405913s
00:21:30 - Growth rate = 0.202930, quasisymmetry = 0.012769, mirror = 0.000000 with aspect ratio=6.024992 took 112.704154s
00:21:31 - Growth rate = 0.204472, quasisymmetry = 0.012088, mirror = 0.000000 with aspect ratio=6.025164 took 113.249154s
00:21:31 - Growth rate = 0.202412, quasisymmetry = 0.019617, mirror = 0.000000 with aspect ratio=6.025431 took 113.150717s
00:21:31 - Growth rate = 0.204299, quasisymmetry = 0.014219, mirror = 0.000000 with aspect ratio=6.025933 took 113.336500s
00:21:31 - Growth rate = 0.203107, quasisymmetry = 0.012525, mirror = 0.000000 with aspect ratio=6.026039 took 113.362412s
00:21:31 - Growth rate = 0.214615, quasisymmetry = 0.068564, mirror = 0.000000 with aspect ratio=5.615996 took 112.257460s
00:21:31 - Growth rate = 0.203071, quasisymmetry = 0.012421, mirror = 0.000000 with aspect ratio=6.026126 took 113.577657s
00:21:31 - Growth rate = 0.203800, quasisymmetry = 0.014173, mirror = 0.000000 with aspect ratio=6.025878 took 113.591021s
00:21:31 - Growth rate = 0.204016, quasisymmetry = 0.014085, mirror = 0.000000 with aspect ratio=6.029277 took 113.661366s
00:21:31 - Growth rate = 0.204344, quasisymmetry = 0.014549, mirror = 0.000000 with aspect ratio=6.026203 took 113.631785s
00:21:31 - Growth rate = 0.206243, quasisymmetry = 0.017993, mirror = 0.000000 with aspect ratio=6.026039 took 113.800283s
00:21:31 - Growth rate = 0.202826, quasisymmetry = 0.012325, mirror = 0.000000 with aspect ratio=6.026219 took 113.934677s
00:21:32 - Growth rate = 0.203032, quasisymmetry = 0.011845, mirror = 0.000000 with aspect ratio=6.026050 took 114.104932s
00:21:32 - Growth rate = 0.203673, quasisymmetry = 0.011469, mirror = 0.000000 with aspect ratio=6.026027 took 114.099643s
00:21:32 - Growth rate = 0.202596, quasisymmetry = 0.011553, mirror = 0.000000 with aspect ratio=6.027125 took 114.298630s
00:21:33 - Growth rate = 0.204680, quasisymmetry = 0.012013, mirror = 0.000000 with aspect ratio=6.026838 took 114.375021s
00:21:34 - Growth rate = 0.201765, quasisymmetry = 0.010847, mirror = 0.000000 with aspect ratio=6.043443 took 113.253624s
      10             18         2.1141e-01      7.82e-07       1.66e-07       1.21e+15    
00:23:27 - Growth rate = 0.202581, quasisymmetry = 0.011664, mirror = 0.000000 with aspect ratio=6.026039 took 107.999213s
00:25:19 - Growth rate = 0.202581, quasisymmetry = 0.011664, mirror = 0.000000 with aspect ratio=6.026039 took 108.118704s
WARNING:simsopt.objectives.least_squares:Function evaluation failed for <bound method Vmec.aspect of Vmec1 (nfp=2 mpol=5 ntor=5)>
00:27:13 - Growth rate = 0.207237, quasisymmetry = 0.066660, mirror = 0.000000 with aspect ratio=5.679555 took 108.921576s
00:27:14 - Growth rate = 0.216573, quasisymmetry = 0.083432, mirror = 0.000000 with aspect ratio=5.958174 took 110.052681s
00:27:16 - Growth rate = 0.205121, quasisymmetry = 0.009737, mirror = 0.000000 with aspect ratio=6.028695 took 111.672446s
00:27:16 - Growth rate = 0.203595, quasisymmetry = 0.012733, mirror = 0.000000 with aspect ratio=5.995840 took 112.095967s
00:27:16 - Growth rate = 0.207518, quasisymmetry = 0.087344, mirror = 0.000000 with aspect ratio=6.154276 took 111.334972s
00:27:16 - Growth rate = 0.214614, quasisymmetry = 0.068565, mirror = 0.000000 with aspect ratio=5.615996 took 110.933574s
00:27:16 - Growth rate = 0.204016, quasisymmetry = 0.014084, mirror = 0.000000 with aspect ratio=6.029277 took 112.540566s
00:27:17 - Growth rate = 0.202411, quasisymmetry = 0.019616, mirror = 0.000000 with aspect ratio=6.025431 took 112.613211s
00:27:17 - Growth rate = 0.206243, quasisymmetry = 0.017992, mirror = 0.000000 with aspect ratio=6.026039 took 113.422230s
00:27:17 - Growth rate = 0.204298, quasisymmetry = 0.014219, mirror = 0.000000 with aspect ratio=6.025933 took 113.404339s
00:27:17 - Growth rate = 0.204472, quasisymmetry = 0.012087, mirror = 0.000000 with aspect ratio=6.025164 took 113.416440s
00:27:17 - Growth rate = 0.202930, quasisymmetry = 0.012769, mirror = 0.000000 with aspect ratio=6.024992 took 113.481509s
00:27:17 - Growth rate = 0.203800, quasisymmetry = 0.014173, mirror = 0.000000 with aspect ratio=6.025878 took 113.561224s
00:27:18 - Growth rate = 0.203032, quasisymmetry = 0.011845, mirror = 0.000000 with aspect ratio=6.026050 took 113.671879s
00:27:18 - Growth rate = 0.204344, quasisymmetry = 0.014548, mirror = 0.000000 with aspect ratio=6.026202 took 113.610457s
00:27:18 - Growth rate = 0.202596, quasisymmetry = 0.011553, mirror = 0.000000 with aspect ratio=6.027125 took 113.726436s
00:27:18 - Growth rate = 0.205495, quasisymmetry = 0.012775, mirror = 0.000000 with aspect ratio=6.030580 took 113.736175s
00:27:18 - Growth rate = 0.203071, quasisymmetry = 0.012420, mirror = 0.000000 with aspect ratio=6.026126 took 114.007416s
00:27:18 - Growth rate = 0.202825, quasisymmetry = 0.012325, mirror = 0.000000 with aspect ratio=6.026219 took 113.974307s
00:27:18 - Growth rate = 0.204679, quasisymmetry = 0.012013, mirror = 0.000000 with aspect ratio=6.026838 took 112.734508s
00:27:18 - Growth rate = 0.203672, quasisymmetry = 0.011469, mirror = 0.000000 with aspect ratio=6.026027 took 114.179770s
00:27:18 - Growth rate = 0.203107, quasisymmetry = 0.012525, mirror = 0.000000 with aspect ratio=6.026039 took 114.509896s
00:27:21 - Growth rate = 0.201765, quasisymmetry = 0.010847, mirror = 0.000000 with aspect ratio=6.043443 took 113.525555s
      11             19         2.1141e-01      8.57e-07       4.16e-08       1.21e+15    
00:29:14 - Growth rate = 0.202581, quasisymmetry = 0.011663, mirror = 0.000000 with aspect ratio=6.026039 took 108.800667s
00:31:07 - Growth rate = 0.202581, quasisymmetry = 0.011663, mirror = 0.000000 with aspect ratio=6.026039 took 107.852602s
WARNING:simsopt.objectives.least_squares:Function evaluation failed for <bound method Vmec.aspect of Vmec1 (nfp=2 mpol=5 ntor=5)>
00:33:00 - Growth rate = 0.207237, quasisymmetry = 0.066660, mirror = 0.000000 with aspect ratio=5.679555 took 109.187989s
00:33:01 - Growth rate = 0.216573, quasisymmetry = 0.083432, mirror = 0.000000 with aspect ratio=5.958174 took 109.926928s
00:33:03 - Growth rate = 0.205121, quasisymmetry = 0.009737, mirror = 0.000000 with aspect ratio=6.028695 took 111.577372s
00:33:03 - Growth rate = 0.207518, quasisymmetry = 0.087344, mirror = 0.000000 with aspect ratio=6.154276 took 111.185927s
00:33:03 - Growth rate = 0.214614, quasisymmetry = 0.068565, mirror = 0.000000 with aspect ratio=5.615996 took 111.024769s
00:33:03 - Growth rate = 0.206243, quasisymmetry = 0.017992, mirror = 0.000000 with aspect ratio=6.026039 took 112.308530s
00:33:03 - Growth rate = 0.202930, quasisymmetry = 0.012769, mirror = 0.000000 with aspect ratio=6.024992 took 112.450357s
00:33:04 - Growth rate = 0.204016, quasisymmetry = 0.014084, mirror = 0.000000 with aspect ratio=6.029277 took 112.786426s
00:33:04 - Growth rate = 0.205494, quasisymmetry = 0.012775, mirror = 0.000000 with aspect ratio=6.030580 took 112.786413s
00:33:04 - Growth rate = 0.202411, quasisymmetry = 0.019616, mirror = 0.000000 with aspect ratio=6.025431 took 112.691093s
00:33:04 - Growth rate = 0.203071, quasisymmetry = 0.012420, mirror = 0.000000 with aspect ratio=6.026126 took 113.078262s
00:33:04 - Growth rate = 0.203595, quasisymmetry = 0.012733, mirror = 0.000000 with aspect ratio=5.995840 took 113.407460s
00:33:04 - Growth rate = 0.203800, quasisymmetry = 0.014173, mirror = 0.000000 with aspect ratio=6.025878 took 113.283437s
00:33:04 - Growth rate = 0.204344, quasisymmetry = 0.014548, mirror = 0.000000 with aspect ratio=6.026202 took 113.310600s
00:33:04 - Growth rate = 0.203107, quasisymmetry = 0.012525, mirror = 0.000000 with aspect ratio=6.026039 took 113.438134s
00:33:05 - Growth rate = 0.204298, quasisymmetry = 0.014219, mirror = 0.000000 with aspect ratio=6.025933 took 113.538635s
00:33:05 - Growth rate = 0.202595, quasisymmetry = 0.011553, mirror = 0.000000 with aspect ratio=6.027125 took 113.708500s
00:33:05 - Growth rate = 0.204472, quasisymmetry = 0.012087, mirror = 0.000000 with aspect ratio=6.025164 took 113.955446s
00:33:05 - Growth rate = 0.202825, quasisymmetry = 0.012325, mirror = 0.000000 with aspect ratio=6.026219 took 114.047969s
00:33:05 - Growth rate = 0.204678, quasisymmetry = 0.012013, mirror = 0.000000 with aspect ratio=6.026838 took 112.761730s
00:33:05 - Growth rate = 0.203031, quasisymmetry = 0.011844, mirror = 0.000000 with aspect ratio=6.026050 took 114.222176s
00:33:05 - Growth rate = 0.203672, quasisymmetry = 0.011469, mirror = 0.000000 with aspect ratio=6.026027 took 114.339308s
00:33:08 - Growth rate = 0.201758, quasisymmetry = 0.010847, mirror = 0.000000 with aspect ratio=6.043443 took 113.646551s
      12             20         2.1141e-01      2.14e-07       1.04e-08       1.21e+15    
00:35:01 - Growth rate = 0.202581, quasisymmetry = 0.011663, mirror = 0.000000 with aspect ratio=6.026039 took 108.460649s
00:36:54 - Growth rate = 0.202581, quasisymmetry = 0.011663, mirror = 0.000000 with aspect ratio=6.026039 took 108.206724s
WARNING:simsopt.objectives.least_squares:Function evaluation failed for <bound method Vmec.aspect of Vmec1 (nfp=2 mpol=5 ntor=5)>
00:38:47 - Growth rate = 0.207237, quasisymmetry = 0.066660, mirror = 0.000000 with aspect ratio=5.679555 took 109.317989s
00:38:48 - Growth rate = 0.216573, quasisymmetry = 0.083432, mirror = 0.000000 with aspect ratio=5.958174 took 110.033124s
00:38:51 - Growth rate = 0.205494, quasisymmetry = 0.012775, mirror = 0.000000 with aspect ratio=6.030580 took 112.099455s
00:38:51 - Growth rate = 0.203595, quasisymmetry = 0.012733, mirror = 0.000000 with aspect ratio=5.995840 took 112.675328s
00:38:51 - Growth rate = 0.202930, quasisymmetry = 0.012768, mirror = 0.000000 with aspect ratio=6.024992 took 112.854597s
00:38:51 - Growth rate = 0.204016, quasisymmetry = 0.014084, mirror = 0.000000 with aspect ratio=6.029277 took 113.015519s
00:38:51 - Growth rate = 0.214614, quasisymmetry = 0.068565, mirror = 0.000000 with aspect ratio=5.615996 took 111.786175s
00:38:51 - Growth rate = 0.205121, quasisymmetry = 0.009737, mirror = 0.000000 with aspect ratio=6.028695 took 113.070648s
00:38:52 - Growth rate = 0.202411, quasisymmetry = 0.019616, mirror = 0.000000 with aspect ratio=6.025431 took 113.211640s
00:38:52 - Growth rate = 0.207518, quasisymmetry = 0.087344, mirror = 0.000000 with aspect ratio=6.154276 took 112.805063s
00:38:52 - Growth rate = 0.204344, quasisymmetry = 0.014548, mirror = 0.000000 with aspect ratio=6.026202 took 113.372469s
00:38:52 - Growth rate = 0.204297, quasisymmetry = 0.014219, mirror = 0.000000 with aspect ratio=6.025933 took 113.543676s
00:38:52 - Growth rate = 0.203800, quasisymmetry = 0.014173, mirror = 0.000000 with aspect ratio=6.025878 took 113.572545s
00:38:52 - Growth rate = 0.206243, quasisymmetry = 0.017992, mirror = 0.000000 with aspect ratio=6.026039 took 113.734787s
00:38:52 - Growth rate = 0.204472, quasisymmetry = 0.012087, mirror = 0.000000 with aspect ratio=6.025164 took 113.767406s
00:38:52 - Growth rate = 0.203031, quasisymmetry = 0.011844, mirror = 0.000000 with aspect ratio=6.026050 took 113.847431s
00:38:52 - Growth rate = 0.203107, quasisymmetry = 0.012525, mirror = 0.000000 with aspect ratio=6.026039 took 113.917371s
00:38:52 - Growth rate = 0.203672, quasisymmetry = 0.011469, mirror = 0.000000 with aspect ratio=6.026027 took 113.898943s
00:38:52 - Growth rate = 0.204678, quasisymmetry = 0.012013, mirror = 0.000000 with aspect ratio=6.026838 took 112.675189s
00:38:53 - Growth rate = 0.202595, quasisymmetry = 0.011553, mirror = 0.000000 with aspect ratio=6.027125 took 114.183425s
00:38:53 - Growth rate = 0.203071, quasisymmetry = 0.012420, mirror = 0.000000 with aspect ratio=6.026126 took 114.332824s
00:38:53 - Growth rate = 0.202825, quasisymmetry = 0.012325, mirror = 0.000000 with aspect ratio=6.026219 took 114.383688s
00:38:55 - Growth rate = 0.201765, quasisymmetry = 0.010847, mirror = 0.000000 with aspect ratio=6.043443 took 113.496038s
      13             21         2.1141e-01      5.38e-08       2.60e-09       1.21e+15    
`xtol` termination condition is satisfied.
Function evaluations 21, initial cost 3.0667e-01, final cost 2.1141e-01, first-order optimality 1.21e+15.
Final aspect ratio: 6.02603938577323
Final mean iota: 0.41075216773779005
Final magnetic well: -0.15019404546025217
Final quasisymmetry: 0.011663480938057963
Final growth rate: 0.20258102298270292
## Now calculating total objective function ##
00:42:37 - Growth rate = 0.202581, quasisymmetry = 0.011663, mirror = 0.000000 with aspect ratio=6.026039 took 109.255307s
Total objective before optimization: 0.422817761678239
-------------------------
Optimizing with max_mode = 3
-------------------------
00:44:30 - Growth rate = 0.202581, quasisymmetry = 0.011663, mirror = 0.000000 with aspect ratio=6.026039 took 108.208209s
00:46:23 - Growth rate = 0.202581, quasisymmetry = 0.011663, mirror = 0.000000 with aspect ratio=6.026039 took 108.155380s
00:48:16 - Growth rate = 0.202581, quasisymmetry = 0.011663, mirror = 0.000000 with aspect ratio=6.026039 took 108.896833s
WARNING:simsopt.objectives.least_squares:Function evaluation failed for <bound method Vmec.aspect of Vmec1 (nfp=2 mpol=5 ntor=5)>
Traceback (most recent call last):
  File "/marconi_scratch/userexternal/rjorge00/some_optimizations/GS2_SIMSOPT_ITG/./main.py", line 340, in <module>
    least_squares_mpi_solve(prob, mpi, grad=True, rel_step=diff_rel_step, abs_step=diff_abs_step, max_nfev=MAXITER)
  File "/marconi/home/userexternal/rjorge00/simsopt/src/simsopt/solve/mpi.py", line 196, in least_squares_mpi_solve
    with MPIFiniteDifference(prob.residuals, mpi, abs_step=abs_step,
  File "/marconi/home/userexternal/rjorge00/simsopt/src/simsopt/_core/finite_difference.py", line 167, in __enter__
    self.mpi_apart()
  File "/marconi/home/userexternal/rjorge00/simsopt/src/simsopt/_core/finite_difference.py", line 172, in mpi_apart
    self.mpi.apart(lambda mpi, data: self.mpi_leaders_task(),
  File "/marconi/home/userexternal/rjorge00/simsopt/src/simsopt/util/mpi.py", line 254, in apart
    self.leaders_loop(leaders_action)
  File "/marconi/home/userexternal/rjorge00/simsopt/src/simsopt/util/mpi.py", line 214, in leaders_loop
    action(self, data)
  File "/marconi/home/userexternal/rjorge00/simsopt/src/simsopt/_core/finite_difference.py", line 172, in <lambda>
    self.mpi.apart(lambda mpi, data: self.mpi_leaders_task(),
  File "/marconi/home/userexternal/rjorge00/simsopt/src/simsopt/_core/finite_difference.py", line 309, in mpi_leaders_task
    self._jac()
  File "/marconi/home/userexternal/rjorge00/simsopt/src/simsopt/_core/finite_difference.py", line 256, in _jac
    out = np.asarray(self.fn())
  File "/marconi/home/userexternal/rjorge00/simsopt/src/simsopt/objectives/least_squares.py", line 195, in residuals
    unweighted_residuals = self.unweighted_residuals(x, *args, **kwargs)
  File "/marconi/home/userexternal/rjorge00/simsopt/src/simsopt/objectives/least_squares.py", line 156, in unweighted_residuals
    out = fn(*args, **kwargs)
  File "/marconi/home/userexternal/rjorge00/simsopt/src/simsopt/mhd/vmec.py", line 815, in aspect
    self.run()
  File "/marconi/home/userexternal/rjorge00/simsopt/src/simsopt/mhd/vmec.py", line 722, in run
    raise ObjectiveFailure(f"VMEC did not converge. ierr={ierr}")
simsopt._core.util.ObjectiveFailure: VMEC did not converge. ierr=2
00:50:14 - Growth rate = 0.207237, quasisymmetry = 0.066660, mirror = 0.000000 with aspect ratio=5.679555 took 113.474815s
00:50:14 - Growth rate = 0.216573, quasisymmetry = 0.083432, mirror = 0.000000 with aspect ratio=5.958174 took 114.217006s
00:50:17 - Growth rate = 0.205121, quasisymmetry = 0.009737, mirror = 0.000000 with aspect ratio=6.028695 took 116.810694s
00:50:18 - Growth rate = 0.207518, quasisymmetry = 0.087344, mirror = 0.000000 with aspect ratio=6.154276 took 116.635373s
00:50:18 - Growth rate = 0.202930, quasisymmetry = 0.012768, mirror = 0.000000 with aspect ratio=6.024992 took 117.324934s
00:50:18 - Growth rate = 0.206243, quasisymmetry = 0.017992, mirror = 0.000000 with aspect ratio=6.026039 took 117.343076s
00:50:18 - Growth rate = 0.203595, quasisymmetry = 0.012733, mirror = 0.000000 with aspect ratio=5.995840 took 117.620810s
00:50:18 - Growth rate = 0.214614, quasisymmetry = 0.068565, mirror = 0.000000 with aspect ratio=5.615996 took 116.308237s
00:50:18 - Growth rate = 0.203555, quasisymmetry = 0.011635, mirror = 0.000000 with aspect ratio=6.025995 took 117.624442s
00:50:19 - Growth rate = 0.202411, quasisymmetry = 0.019616, mirror = 0.000000 with aspect ratio=6.025431 took 117.798415s
00:50:19 - Growth rate = 0.202503, quasisymmetry = 0.011665, mirror = 0.000000 with aspect ratio=6.026029 took 118.012973s
00:50:19 - Growth rate = 0.202476, quasisymmetry = 0.011724, mirror = 0.000000 with aspect ratio=6.026060 took 118.932825s
00:50:20 - Growth rate = 0.203883, quasisymmetry = 0.011265, mirror = 0.000000 with aspect ratio=6.026012 took 118.989465s
00:50:20 - Growth rate = 0.203457, quasisymmetry = 0.011704, mirror = 0.000000 with aspect ratio=6.026033 took 119.048050s
00:50:20 - Growth rate = 0.202655, quasisymmetry = 0.011820, mirror = 0.000000 with aspect ratio=6.026082 took 119.139301s
00:50:20 - Growth rate = 0.204344, quasisymmetry = 0.014548, mirror = 0.000000 with aspect ratio=6.026202 took 119.160250s
00:50:20 - Growth rate = 0.203524, quasisymmetry = 0.011395, mirror = 0.000000 with aspect ratio=6.026040 took 119.201253s
00:50:20 - Growth rate = 0.203675, quasisymmetry = 0.011686, mirror = 0.000000 with aspect ratio=6.026122 took 119.373854s
00:50:20 - Growth rate = 0.203800, quasisymmetry = 0.014173, mirror = 0.000000 with aspect ratio=6.025878 took 119.328851s
00:50:20 - Growth rate = 0.205494, quasisymmetry = 0.012775, mirror = 0.000000 with aspect ratio=6.030580 took 119.361232s
00:50:20 - Growth rate = 0.203332, quasisymmetry = 0.011231, mirror = 0.000000 with aspect ratio=6.026096 took 119.418959s
00:50:20 - Growth rate = 0.203457, quasisymmetry = 0.011700, mirror = 0.000000 with aspect ratio=6.025924 took 119.345557s
00:50:20 - Growth rate = 0.203645, quasisymmetry = 0.011633, mirror = 0.000000 with aspect ratio=6.026023 took 119.452516s
00:50:20 - Growth rate = 0.202760, quasisymmetry = 0.011850, mirror = 0.000000 with aspect ratio=6.026039 took 119.462356s
00:50:20 - Growth rate = 0.204016, quasisymmetry = 0.014084, mirror = 0.000000 with aspect ratio=6.029277 took 119.497003s
00:50:20 - Growth rate = 0.204678, quasisymmetry = 0.012013, mirror = 0.000000 with aspect ratio=6.026838 took 118.151308s
00:50:20 - Growth rate = 0.204297, quasisymmetry = 0.014219, mirror = 0.000000 with aspect ratio=6.025933 took 119.554115s
00:50:20 - Growth rate = 0.202642, quasisymmetry = 0.011553, mirror = 0.000000 with aspect ratio=6.026016 took 119.559818s
00:50:20 - Growth rate = 0.203614, quasisymmetry = 0.011598, mirror = 0.000000 with aspect ratio=6.026029 took 119.559544s
00:50:20 - Growth rate = 0.203031, quasisymmetry = 0.011844, mirror = 0.000000 with aspect ratio=6.026050 took 119.717851s
00:50:20 - Growth rate = 0.202731, quasisymmetry = 0.011821, mirror = 0.000000 with aspect ratio=6.026005 took 119.686442s
00:50:20 - Growth rate = 0.203574, quasisymmetry = 0.011779, mirror = 0.000000 with aspect ratio=6.026039 took 119.938222s
00:50:21 - Growth rate = 0.202595, quasisymmetry = 0.011553, mirror = 0.000000 with aspect ratio=6.027125 took 120.168762s
00:50:21 - Growth rate = 0.203468, quasisymmetry = 0.012165, mirror = 0.000000 with aspect ratio=6.026046 took 120.401042s
00:50:21 - Growth rate = 0.204472, quasisymmetry = 0.012087, mirror = 0.000000 with aspect ratio=6.025164 took 120.533488s
00:50:21 - Growth rate = 0.203071, quasisymmetry = 0.012420, mirror = 0.000000 with aspect ratio=6.026126 took 120.701035s
00:50:21 - Growth rate = 0.201765, quasisymmetry = 0.010847, mirror = 0.000000 with aspect ratio=6.043443 took 117.491792s
00:50:21 - Growth rate = 0.203478, quasisymmetry = 0.011655, mirror = 0.000000 with aspect ratio=6.026039 took 120.770093s
00:50:21 - Growth rate = 0.203295, quasisymmetry = 0.011903, mirror = 0.000000 with aspect ratio=6.026011 took 120.918358s
00:50:22 - Growth rate = 0.203027, quasisymmetry = 0.012428, mirror = 0.000000 with aspect ratio=6.026048 took 120.963639s
00:50:22 - Growth rate = 0.203107, quasisymmetry = 0.012525, mirror = 0.000000 with aspect ratio=6.026039 took 121.153294s
00:50:22 - Growth rate = 0.203662, quasisymmetry = 0.011585, mirror = 0.000000 with aspect ratio=6.026012 took 121.137998s
00:50:22 - Growth rate = 0.203969, quasisymmetry = 0.011671, mirror = 0.000000 with aspect ratio=6.026296 took 121.169014s
00:50:22 - Growth rate = 0.203595, quasisymmetry = 0.011714, mirror = 0.000000 with aspect ratio=6.026049 took 121.195749s
00:50:22 - Growth rate = 0.203731, quasisymmetry = 0.011687, mirror = 0.000000 with aspect ratio=6.025955 took 121.254257s
00:50:22 - Growth rate = 0.203672, quasisymmetry = 0.011469, mirror = 0.000000 with aspect ratio=6.026027 took 121.254029s
00:50:22 - Growth rate = 0.202825, quasisymmetry = 0.012325, mirror = 0.000000 with aspect ratio=6.026219 took 121.367000s
slurmstepd: error: *** JOB 10703988 ON r143c12s01 CANCELLED AT 2022-12-20T10:54:35 ***
