t=  0.0000000000E+00 <phi**2>=  0.234005E-06 heat fluxes:   0.000000E+00
t=  0.0000000000E+00 <phi**2>=  0.234005E-06 energy exchange:   0.519602E-24
t=  0.0000000000E+00 <phi**2>=  0.234005E-06 heat fluxes:   0.000000E+00
t=  0.0000000000E+00 <phi**2>=  0.234005E-06 energy exchange:   0.519602E-24
t=  0.4000000000E+01 <phi**2>=  0.369560E-06 heat fluxes:   0.399002E-06
t=  0.4000000000E+01 <phi**2>=  0.369560E-06 energy exchange:  -0.658510E-23
t=  0.8000000000E+01 <phi**2>=  0.107223E-05 heat fluxes:   0.181113E-05
t=  0.8000000000E+01 <phi**2>=  0.107223E-05 energy exchange:   0.360938E-21
t=  0.1200000000E+02 <phi**2>=  0.407562E-05 heat fluxes:   0.812349E-05
t=  0.1200000000E+02 <phi**2>=  0.407562E-05 energy exchange:  -0.111648E-20
t=  0.1600000000E+02 <phi**2>=  0.178803E-04 heat fluxes:   0.382920E-04
t=  0.1600000000E+02 <phi**2>=  0.178803E-04 energy exchange:  -0.968737E-20
t=  0.2000000000E+02 <phi**2>=  0.845902E-04 heat fluxes:   0.187559E-03
t=  0.2000000000E+02 <phi**2>=  0.845902E-04 energy exchange:  -0.254737E-19
t=  0.2400000000E+02 <phi**2>=  0.419250E-03 heat fluxes:   0.946754E-03
t=  0.2400000000E+02 <phi**2>=  0.419250E-03 energy exchange:  -0.358659E-18
t=  0.2800000000E+02 <phi**2>=  0.214019E-02 heat fluxes:   0.488487E-02
t=  0.2800000000E+02 <phi**2>=  0.214019E-02 energy exchange:   0.142428E-17
t=  0.3200000000E+02 <phi**2>=  0.111258E-01 heat fluxes:   0.255612E-01
t=  0.3200000000E+02 <phi**2>=  0.111258E-01 energy exchange:   0.127834E-16
t=  0.3600000000E+02 <phi**2>=  0.585015E-01 heat fluxes:   0.134948E+00
t=  0.3600000000E+02 <phi**2>=  0.585015E-01 energy exchange:   0.321466E-16
t=  0.4000000000E+02 <phi**2>=  0.309837E+00 heat fluxes:   0.716484E+00
t=  0.4000000000E+02 <phi**2>=  0.309837E+00 energy exchange:  -0.470425E-16
t=  0.4400000000E+02 <phi**2>=  0.164847E+01 heat fluxes:   0.381782E+01
t=  0.4400000000E+02 <phi**2>=  0.164847E+01 energy exchange:  -0.145497E-14
t=  0.4800000000E+02 <phi**2>=  0.879601E+01 heat fluxes:   0.203905E+02
t=  0.4800000000E+02 <phi**2>=  0.879601E+01 energy exchange:   0.140558E-14
t=  0.5200000000E+02 <phi**2>=  0.470209E+02 heat fluxes:   0.109065E+03
t=  0.5200000000E+02 <phi**2>=  0.470209E+02 energy exchange:  -0.281428E-14
t=  0.5600000000E+02 <phi**2>=  0.251656E+03 heat fluxes:   0.583920E+03
t=  0.5600000000E+02 <phi**2>=  0.251656E+03 energy exchange:  -0.509379E-14
t=  0.6000000000E+02 <phi**2>=  0.134787E+04 heat fluxes:   0.312817E+04
t=  0.6000000000E+02 <phi**2>=  0.134787E+04 energy exchange:   0.177879E-12
t=  0.6400000000E+02 <phi**2>=  0.722270E+04 heat fluxes:   0.167649E+05
t=  0.6400000000E+02 <phi**2>=  0.722270E+04 energy exchange:  -0.259184E-11
t=  0.6800000000E+02 <phi**2>=  0.387156E+05 heat fluxes:   0.898716E+05
t=  0.6800000000E+02 <phi**2>=  0.387156E+05 energy exchange:  -0.281102E-10
t=  0.7200000000E+02 <phi**2>=  0.207568E+06 heat fluxes:   0.481857E+06
t=  0.7200000000E+02 <phi**2>=  0.207568E+06 energy exchange:  -0.210961E-09
t=  0.7600000000E+02 <phi**2>=  0.111299E+07 heat fluxes:   0.258382E+07
t=  0.7600000000E+02 <phi**2>=  0.111299E+07 energy exchange:  -0.549960E-09
t=  0.8000000000E+02 <phi**2>=  0.596841E+07 heat fluxes:   0.138561E+08
t=  0.8000000000E+02 <phi**2>=  0.596841E+07 energy exchange:   0.112060E-08
