t=  0.0000000000E+00 <phi**2>=  0.234009E-06 heat fluxes:   0.000000E+00
t=  0.0000000000E+00 <phi**2>=  0.234009E-06 energy exchange:  -0.814287E-25
t=  0.0000000000E+00 <phi**2>=  0.234009E-06 heat fluxes:   0.000000E+00
t=  0.0000000000E+00 <phi**2>=  0.234009E-06 energy exchange:  -0.814287E-25
t=  0.4000000000E+01 <phi**2>=  0.369563E-06 heat fluxes:   0.399006E-06
t=  0.4000000000E+01 <phi**2>=  0.369563E-06 energy exchange:   0.740025E-23
t=  0.8000000000E+01 <phi**2>=  0.107224E-05 heat fluxes:   0.181114E-05
t=  0.8000000000E+01 <phi**2>=  0.107224E-05 energy exchange:  -0.465601E-21
t=  0.1200000000E+02 <phi**2>=  0.407563E-05 heat fluxes:   0.812350E-05
t=  0.1200000000E+02 <phi**2>=  0.407563E-05 energy exchange:   0.536935E-21
t=  0.1600000000E+02 <phi**2>=  0.178802E-04 heat fluxes:   0.382917E-04
t=  0.1600000000E+02 <phi**2>=  0.178802E-04 energy exchange:  -0.391917E-20
t=  0.2000000000E+02 <phi**2>=  0.845893E-04 heat fluxes:   0.187557E-03
t=  0.2000000000E+02 <phi**2>=  0.845893E-04 energy exchange:   0.202651E-20
t=  0.2400000000E+02 <phi**2>=  0.419243E-03 heat fluxes:   0.946736E-03
t=  0.2400000000E+02 <phi**2>=  0.419243E-03 energy exchange:  -0.675534E-19
t=  0.2800000000E+02 <phi**2>=  0.214013E-02 heat fluxes:   0.488475E-02
t=  0.2800000000E+02 <phi**2>=  0.214013E-02 energy exchange:   0.479523E-18
t=  0.3200000000E+02 <phi**2>=  0.111254E-01 heat fluxes:   0.255604E-01
t=  0.3200000000E+02 <phi**2>=  0.111254E-01 energy exchange:  -0.535584E-17
t=  0.3600000000E+02 <phi**2>=  0.584993E-01 heat fluxes:   0.134943E+00
t=  0.3600000000E+02 <phi**2>=  0.584993E-01 energy exchange:   0.243946E-16
t=  0.4000000000E+02 <phi**2>=  0.309823E+00 heat fluxes:   0.716453E+00
t=  0.4000000000E+02 <phi**2>=  0.309823E+00 energy exchange:   0.711540E-16
t=  0.4400000000E+02 <phi**2>=  0.164839E+01 heat fluxes:   0.381763E+01
t=  0.4400000000E+02 <phi**2>=  0.164839E+01 energy exchange:  -0.216094E-14
t=  0.4800000000E+02 <phi**2>=  0.879553E+01 heat fluxes:   0.203894E+02
t=  0.4800000000E+02 <phi**2>=  0.879553E+01 energy exchange:   0.595559E-14
t=  0.5200000000E+02 <phi**2>=  0.470181E+02 heat fluxes:   0.109058E+03
t=  0.5200000000E+02 <phi**2>=  0.470181E+02 energy exchange:   0.345094E-13
t=  0.5600000000E+02 <phi**2>=  0.251639E+03 heat fluxes:   0.583882E+03
t=  0.5600000000E+02 <phi**2>=  0.251639E+03 energy exchange:  -0.203995E-12
t=  0.6000000000E+02 <phi**2>=  0.134778E+04 heat fluxes:   0.312795E+04
t=  0.6000000000E+02 <phi**2>=  0.134778E+04 energy exchange:   0.136573E-11
t=  0.6400000000E+02 <phi**2>=  0.722215E+04 heat fluxes:   0.167636E+05
t=  0.6400000000E+02 <phi**2>=  0.722215E+04 energy exchange:   0.547051E-12
t=  0.6800000000E+02 <phi**2>=  0.387124E+05 heat fluxes:   0.898643E+05
t=  0.6800000000E+02 <phi**2>=  0.387124E+05 energy exchange:   0.369010E-10
t=  0.7200000000E+02 <phi**2>=  0.207550E+06 heat fluxes:   0.481815E+06
t=  0.7200000000E+02 <phi**2>=  0.207550E+06 energy exchange:  -0.130113E-09
t=  0.7600000000E+02 <phi**2>=  0.111289E+07 heat fluxes:   0.258359E+07
t=  0.7600000000E+02 <phi**2>=  0.111289E+07 energy exchange:  -0.254878E-09
t=  0.8000000000E+02 <phi**2>=  0.596783E+07 heat fluxes:   0.138547E+08
t=  0.8000000000E+02 <phi**2>=  0.596783E+07 energy exchange:   0.361230E-08
