perl: warning: Setting locale failed.
perl: warning: Please check that your locale settings:
	LANGUAGE = (unset),
	LC_ALL = (unset),
	LC_CTYPE = "UTF-8",
	LANG = "en_US.UTF-8"
    are supported and installed on your system.
perl: warning: Falling back to a fallback locale ("en_US.UTF-8").
Initial aspect ratio: 8.000967056664201
Initial mean iota: -1.2414701291022627
Initial magnetic well: -0.014515615728813585
Initial growth rate: 0.32881728
## Now calculating total objective function ##
17:08:52 - Growth rate = 0.328817, quasisymmetry = 0.035076 with aspect ratio=8.000967 took 7.134728s
Total objective before optimization: 1.116283741493932
-------------------------
Optimizing with max_mode = 3
-------------------------
17:09:08 - Growth rate = 0.328817, quasisymmetry = 0.035076 with aspect ratio=8.000967 took 7.215025s
17:09:24 - Growth rate = 0.328817, quasisymmetry = 0.035076 with aspect ratio=8.000967 took 7.113542s
17:09:40 - Growth rate = 0.328817, quasisymmetry = 0.035076 with aspect ratio=8.000967 took 7.217942s
17:10:10 - Growth rate = 0.328833, quasisymmetry = 0.035112 with aspect ratio=8.000971 took 20.701722s
17:10:10 - Growth rate = 0.328841, quasisymmetry = 0.035140 with aspect ratio=8.000967 took 20.815427s
17:10:10 - Growth rate = 0.328817, quasisymmetry = 0.035065 with aspect ratio=8.000967 took 21.043845s
17:10:10 - Growth rate = 0.328809, quasisymmetry = 0.035107 with aspect ratio=8.000967 took 21.496479s
17:10:39 - Growth rate = 0.328833, quasisymmetry = 0.035164 with aspect ratio=8.000960 took 20.359946s
17:10:39 - Growth rate = 0.328833, quasisymmetry = 0.035153 with aspect ratio=8.000961 took 20.470646s
17:10:39 - Growth rate = 0.328817, quasisymmetry = 0.035210 with aspect ratio=8.000566 took 20.439259s
17:10:40 - Growth rate = 0.328825, quasisymmetry = 0.035164 with aspect ratio=8.000955 took 20.836390s
17:11:07 - Growth rate = 0.328825, quasisymmetry = 0.035107 with aspect ratio=8.000968 took 19.608067s
17:11:08 - Growth rate = 0.328825, quasisymmetry = 0.035069 with aspect ratio=8.000971 took 20.086328s
17:11:08 - Growth rate = 0.328817, quasisymmetry = 0.035060 with aspect ratio=8.000967 took 20.128545s
17:11:09 - Growth rate = 0.328833, quasisymmetry = 0.035112 with aspect ratio=8.000967 took 20.152988s
17:11:33 - Growth rate = 0.328817, quasisymmetry = 0.035073 with aspect ratio=8.000944 took 17.564770s
17:11:36 - Growth rate = 0.328833, quasisymmetry = 0.035126 with aspect ratio=8.000967 took 19.350977s
17:11:36 - Growth rate = 0.328833, quasisymmetry = 0.035088 with aspect ratio=8.000971 took 19.418308s
17:11:37 - Growth rate = 0.328825, quasisymmetry = 0.035077 with aspect ratio=8.000969 took 19.570106s
17:11:53 - Growth rate = 0.328833, quasisymmetry = 0.035083 with aspect ratio=8.000967 took 10.853755s
17:12:02 - Growth rate = 0.328825, quasisymmetry = 0.035076 with aspect ratio=8.000968 took 17.227530s
17:12:02 - Growth rate = 0.328833, quasisymmetry = 0.035078 with aspect ratio=8.000966 took 17.505544s
17:12:03 - Growth rate = 0.328825, quasisymmetry = 0.035080 with aspect ratio=8.000967 took 17.674078s
17:12:10 - Growth rate = 0.328825, quasisymmetry = 0.035077 with aspect ratio=8.000969 took 7.717350s
17:12:26 - Growth rate = 0.328825, quasisymmetry = 0.035075 with aspect ratio=8.000967 took 15.637539s
17:12:28 - Growth rate = 0.328833, quasisymmetry = 0.035090 with aspect ratio=8.000967 took 17.064955s
17:12:29 - Growth rate = 0.328841, quasisymmetry = 0.035092 with aspect ratio=8.000967 took 17.193959s
17:12:32 - Growth rate = 0.328841, quasisymmetry = 0.035038 with aspect ratio=8.000967 took 12.795237s
17:12:46 - Growth rate = 0.328825, quasisymmetry = 0.035129 with aspect ratio=8.000967 took 11.516906s
17:12:54 - Growth rate = 0.328817, quasisymmetry = 0.035092 with aspect ratio=8.000967 took 16.699799s
17:12:54 - Growth rate = 0.328825, quasisymmetry = 0.035049 with aspect ratio=8.000967 took 16.998820s
17:12:56 - Growth rate = 0.328817, quasisymmetry = 0.035163 with aspect ratio=8.000974 took 15.565244s
17:13:03 - Growth rate = 0.328825, quasisymmetry = 0.034986 with aspect ratio=8.000962 took 7.485992s
17:13:17 - Growth rate = 0.328841, quasisymmetry = 0.034996 with aspect ratio=8.000468 took 14.861451s
17:13:19 - Growth rate = 0.328825, quasisymmetry = 0.035111 with aspect ratio=8.001096 took 15.915098s
17:13:20 - Growth rate = 0.328833, quasisymmetry = 0.035055 with aspect ratio=8.000967 took 16.332943s
17:13:24 - Growth rate = 0.328817, quasisymmetry = 0.035071 with aspect ratio=8.000967 took 11.633934s
17:13:39 - Growth rate = 0.328817, quasisymmetry = 0.035068 with aspect ratio=8.000968 took 12.422705s
17:13:44 - Growth rate = 0.328809, quasisymmetry = 0.035148 with aspect ratio=8.000967 took 16.517752s
17:13:46 - Growth rate = 0.328817, quasisymmetry = 0.035075 with aspect ratio=8.000938 took 16.780038s
17:13:47 - Growth rate = 0.328833, quasisymmetry = 0.035125 with aspect ratio=8.000967 took 15.129765s
17:13:54 - Growth rate = 0.328817, quasisymmetry = 0.035063 with aspect ratio=8.000971 took 7.051658s
17:14:03 - Growth rate = 0.328825, quasisymmetry = 0.035073 with aspect ratio=8.000965 took 10.641838s
17:14:08 - Growth rate = 0.328817, quasisymmetry = 0.035080 with aspect ratio=8.000967 took 13.527175s
17:14:10 - Growth rate = 0.328833, quasisymmetry = 0.035075 with aspect ratio=8.000968 took 13.883622s
17:14:13 - Growth rate = 0.328833, quasisymmetry = 0.035077 with aspect ratio=8.000967 took 9.939233s
17:14:19 - Growth rate = 0.328833, quasisymmetry = 0.035077 with aspect ratio=8.000966 took 6.937393s
17:14:25 - Growth rate = 0.328825, quasisymmetry = 0.035073 with aspect ratio=8.000969 took 9.049293s
17:14:31 - Growth rate = 0.328817, quasisymmetry = 0.035080 with aspect ratio=8.000967 took 11.934477s
17:14:34 - Growth rate = 0.328817, quasisymmetry = 0.035086 with aspect ratio=8.000967 took 11.776002s
17:14:37 - Growth rate = 0.328817, quasisymmetry = 0.035087 with aspect ratio=8.000967 took 9.290003s
   Iteration     Total nfev        Cost      Cost reduction    Step norm     Optimality   
       0              1         5.5814e-01                                    1.10e+02    
17:14:57 - Growth rate = 0.317642, quasisymmetry = 0.058140 with aspect ratio=7.973567 took 7.132956s
17:15:12 - Growth rate = 0.317642, quasisymmetry = 0.058140 with aspect ratio=7.973567 took 7.212606s
17:15:40 - Growth rate = 0.317658, quasisymmetry = 0.058246 with aspect ratio=7.973573 took 20.346163s
17:15:41 - Growth rate = 0.317658, quasisymmetry = 0.058170 with aspect ratio=7.973567 took 20.853892s
17:15:41 - Growth rate = 0.317650, quasisymmetry = 0.058110 with aspect ratio=7.973567 took 20.998135s
17:15:41 - Growth rate = 0.317642, quasisymmetry = 0.058205 with aspect ratio=7.973568 took 21.373410s
17:16:06 - Growth rate = 0.317642, quasisymmetry = 0.058246 with aspect ratio=7.973562 took 18.402918s
17:16:08 - Growth rate = 0.317635, quasisymmetry = 0.058385 with aspect ratio=7.973571 took 19.997486s
17:16:09 - Growth rate = 0.317595, quasisymmetry = 0.058413 with aspect ratio=7.973185 took 19.967917s
17:16:09 - Growth rate = 0.317642, quasisymmetry = 0.058247 with aspect ratio=7.973562 took 20.210919s
17:16:27 - Growth rate = 0.317642, quasisymmetry = 0.058167 with aspect ratio=7.973568 took 12.717707s
17:16:34 - Growth rate = 0.317642, quasisymmetry = 0.058178 with aspect ratio=7.973567 took 18.219662s
17:16:35 - Growth rate = 0.317642, quasisymmetry = 0.058131 with aspect ratio=7.973567 took 18.280353s
17:16:35 - Growth rate = 0.317650, quasisymmetry = 0.058127 with aspect ratio=7.973573 took 18.707464s
17:16:42 - Growth rate = 0.317642, quasisymmetry = 0.058117 with aspect ratio=7.973546 took 7.455816s
17:16:55 - Growth rate = 0.317650, quasisymmetry = 0.058139 with aspect ratio=7.973572 took 13.906540s
17:16:59 - Growth rate = 0.317658, quasisymmetry = 0.058142 with aspect ratio=7.973574 took 16.268278s
17:17:00 - Growth rate = 0.317658, quasisymmetry = 0.058173 with aspect ratio=7.973568 took 16.676682s
17:17:03 - Growth rate = 0.317650, quasisymmetry = 0.058108 with aspect ratio=7.973567 took 12.769785s
17:17:11 - Growth rate = 0.317658, quasisymmetry = 0.058144 with aspect ratio=7.973567 took 8.144782s
17:17:21 - Growth rate = 0.317642, quasisymmetry = 0.058145 with aspect ratio=7.973565 took 14.581257s
17:17:22 - Growth rate = 0.317642, quasisymmetry = 0.058141 with aspect ratio=7.973567 took 14.720155s
17:17:24 - Growth rate = 0.317642, quasisymmetry = 0.058137 with aspect ratio=7.973571 took 14.193833s
17:17:28 - Growth rate = 0.317650, quasisymmetry = 0.058152 with aspect ratio=7.973567 took 9.339717s
17:17:42 - Growth rate = 0.317642, quasisymmetry = 0.058119 with aspect ratio=7.973567 took 13.753876s
17:17:43 - Growth rate = 0.317642, quasisymmetry = 0.058123 with aspect ratio=7.973567 took 14.700729s
17:17:48 - Growth rate = 0.317658, quasisymmetry = 0.058072 with aspect ratio=7.973567 took 15.445549s
17:17:50 - Growth rate = 0.317650, quasisymmetry = 0.058108 with aspect ratio=7.973567 took 13.642761s
17:18:02 - Growth rate = 0.317650, quasisymmetry = 0.058164 with aspect ratio=7.973567 took 12.394480s
17:18:06 - Growth rate = 0.317658, quasisymmetry = 0.058174 with aspect ratio=7.973566 took 14.374210s
17:18:10 - Growth rate = 0.317650, quasisymmetry = 0.058228 with aspect ratio=7.973571 took 14.986314s
17:18:11 - Growth rate = 0.317658, quasisymmetry = 0.058233 with aspect ratio=7.973672 took 13.806149s
17:18:20 - Growth rate = 0.317650, quasisymmetry = 0.057978 with aspect ratio=7.973092 took 9.289825s
17:18:24 - Growth rate = 0.317650, quasisymmetry = 0.058104 with aspect ratio=7.973567 took 11.250350s
17:18:31 - Growth rate = 0.317650, quasisymmetry = 0.058159 with aspect ratio=7.973567 took 12.781357s
17:18:32 - Growth rate = 0.317650, quasisymmetry = 0.058215 with aspect ratio=7.973568 took 12.661858s
17:18:37 - Growth rate = 0.317658, quasisymmetry = 0.058153 with aspect ratio=7.973567 took 9.418995s
17:18:40 - Growth rate = 0.317658, quasisymmetry = 0.058134 with aspect ratio=7.973568 took 8.476307s
17:18:49 - Growth rate = 0.317642, quasisymmetry = 0.058134 with aspect ratio=7.973544 took 10.768148s
17:18:52 - Growth rate = 0.317658, quasisymmetry = 0.058139 with aspect ratio=7.973564 took 12.507946s
17:18:57 - Growth rate = 0.317658, quasisymmetry = 0.058151 with aspect ratio=7.973575 took 12.985763s
17:18:59 - Growth rate = 0.317642, quasisymmetry = 0.058203 with aspect ratio=7.973568 took 10.833865s
17:19:05 - Growth rate = 0.317635, quasisymmetry = 0.058137 with aspect ratio=7.973567 took 8.449107s
17:19:10 - Growth rate = 0.317650, quasisymmetry = 0.058135 with aspect ratio=7.973566 took 9.822772s
17:19:16 - Growth rate = 0.317642, quasisymmetry = 0.058142 with aspect ratio=7.973567 took 12.073872s
17:19:19 - Growth rate = 0.317642, quasisymmetry = 0.058141 with aspect ratio=7.973568 took 12.481234s
17:19:24 - Growth rate = 0.317658, quasisymmetry = 0.058139 with aspect ratio=7.973572 took 11.152835s
17:19:26 - Growth rate = 0.317650, quasisymmetry = 0.058161 with aspect ratio=7.973567 took 9.418526s
17:19:33 - Growth rate = 0.317650, quasisymmetry = 0.058131 with aspect ratio=7.973567 took 9.149870s
17:19:36 - Growth rate = 0.317642, quasisymmetry = 0.058128 with aspect ratio=7.973567 took 9.655251s
       1              2         5.3359e-01      2.46e-02       3.80e-02       6.72e+01    
17:19:54 - Growth rate = 0.304329, quasisymmetry = 0.004539 with aspect ratio=7.986541 took 7.174215s
17:20:09 - Growth rate = 0.304329, quasisymmetry = 0.004539 with aspect ratio=7.986541 took 7.125510s
17:20:38 - Growth rate = 0.304329, quasisymmetry = 0.004531 with aspect ratio=7.986542 took 20.389988s
17:20:38 - Growth rate = 0.304321, quasisymmetry = 0.004532 with aspect ratio=7.986540 took 20.851130s
17:20:38 - Growth rate = 0.304329, quasisymmetry = 0.004566 with aspect ratio=7.986545 took 20.920203s
17:20:39 - Growth rate = 0.304329, quasisymmetry = 0.004532 with aspect ratio=7.986540 took 21.670046s
17:21:04 - Growth rate = 0.304313, quasisymmetry = 0.004549 with aspect ratio=7.986535 took 18.392782s
17:21:06 - Growth rate = 0.304266, quasisymmetry = 0.004601 with aspect ratio=7.986155 took 19.669032s
17:21:06 - Growth rate = 0.304321, quasisymmetry = 0.004554 with aspect ratio=7.986536 took 19.764050s
17:21:07 - Growth rate = 0.304313, quasisymmetry = 0.004596 with aspect ratio=7.986543 took 19.902294s
17:21:26 - Growth rate = 0.304321, quasisymmetry = 0.004539 with aspect ratio=7.986547 took 13.861905s
17:21:32 - Growth rate = 0.304321, quasisymmetry = 0.004540 with aspect ratio=7.986540 took 18.363408s
17:21:33 - Growth rate = 0.304329, quasisymmetry = 0.004540 with aspect ratio=7.986542 took 18.601653s
17:21:33 - Growth rate = 0.304329, quasisymmetry = 0.004528 with aspect ratio=7.986541 took 18.443866s
17:21:41 - Growth rate = 0.304321, quasisymmetry = 0.004531 with aspect ratio=7.986541 took 7.084123s
17:21:56 - Growth rate = 0.304329, quasisymmetry = 0.004542 with aspect ratio=7.986551 took 15.619411s
17:21:58 - Growth rate = 0.304329, quasisymmetry = 0.004536 with aspect ratio=7.986547 took 16.950027s
17:21:58 - Growth rate = 0.304321, quasisymmetry = 0.004534 with aspect ratio=7.986520 took 16.984328s
17:22:02 - Growth rate = 0.304321, quasisymmetry = 0.004538 with aspect ratio=7.986541 took 11.668608s
17:22:18 - Growth rate = 0.304337, quasisymmetry = 0.004539 with aspect ratio=7.986538 took 13.997188s
17:22:23 - Growth rate = 0.304321, quasisymmetry = 0.004532 with aspect ratio=7.986540 took 17.273101s
17:22:23 - Growth rate = 0.304329, quasisymmetry = 0.004537 with aspect ratio=7.986541 took 17.611356s
17:22:25 - Growth rate = 0.304321, quasisymmetry = 0.004532 with aspect ratio=7.986540 took 15.684871s
17:22:33 - Growth rate = 0.304329, quasisymmetry = 0.004534 with aspect ratio=7.986540 took 7.200504s
17:22:44 - Growth rate = 0.304337, quasisymmetry = 0.004540 with aspect ratio=7.986544 took 13.803146s
17:22:46 - Growth rate = 0.304329, quasisymmetry = 0.004536 with aspect ratio=7.986540 took 14.654572s
17:22:48 - Growth rate = 0.304337, quasisymmetry = 0.004519 with aspect ratio=7.986540 took 14.981895s
17:22:52 - Growth rate = 0.304321, quasisymmetry = 0.004537 with aspect ratio=7.986541 took 9.671249s
17:23:04 - Growth rate = 0.304329, quasisymmetry = 0.004523 with aspect ratio=7.986541 took 11.567017s
17:23:09 - Growth rate = 0.304337, quasisymmetry = 0.004545 with aspect ratio=7.986541 took 15.104051s
17:23:12 - Growth rate = 0.304329, quasisymmetry = 0.004545 with aspect ratio=7.986540 took 15.623766s
17:23:14 - Growth rate = 0.304345, quasisymmetry = 0.004506 with aspect ratio=7.986067 took 13.555810s
17:23:20 - Growth rate = 0.304329, quasisymmetry = 0.004551 with aspect ratio=7.986543 took 7.354841s
17:23:26 - Growth rate = 0.304329, quasisymmetry = 0.004561 with aspect ratio=7.986647 took 9.526354s
17:23:32 - Growth rate = 0.304329, quasisymmetry = 0.004543 with aspect ratio=7.986542 took 12.621232s
17:23:35 - Growth rate = 0.304345, quasisymmetry = 0.004541 with aspect ratio=7.986540 took 13.091618s
17:23:38 - Growth rate = 0.304329, quasisymmetry = 0.004557 with aspect ratio=7.986541 took 9.836379s
17:23:42 - Growth rate = 0.304329, quasisymmetry = 0.004536 with aspect ratio=7.986541 took 7.519967s
17:23:49 - Growth rate = 0.304329, quasisymmetry = 0.004540 with aspect ratio=7.986541 took 8.925245s
17:23:55 - Growth rate = 0.304321, quasisymmetry = 0.004548 with aspect ratio=7.986553 took 12.386530s
17:23:59 - Growth rate = 0.304329, quasisymmetry = 0.004538 with aspect ratio=7.986521 took 12.996197s
17:24:01 - Growth rate = 0.304329, quasisymmetry = 0.004538 with aspect ratio=7.986538 took 11.061535s
17:24:05 - Growth rate = 0.304337, quasisymmetry = 0.004538 with aspect ratio=7.986542 took 7.787350s
17:24:12 - Growth rate = 0.304337, quasisymmetry = 0.004538 with aspect ratio=7.986540 took 8.630223s
17:24:17 - Growth rate = 0.304321, quasisymmetry = 0.004529 with aspect ratio=7.986540 took 11.095280s
17:24:22 - Growth rate = 0.304337, quasisymmetry = 0.004535 with aspect ratio=7.986541 took 12.465329s
17:24:25 - Growth rate = 0.304329, quasisymmetry = 0.004532 with aspect ratio=7.986540 took 10.993699s
17:24:29 - Growth rate = 0.304337, quasisymmetry = 0.004536 with aspect ratio=7.986540 took 8.087395s
17:24:33 - Growth rate = 0.304329, quasisymmetry = 0.004540 with aspect ratio=7.986545 took 7.303047s
17:24:38 - Growth rate = 0.304313, quasisymmetry = 0.004539 with aspect ratio=7.986540 took 7.547869s
       2              3         4.6536e-01      6.82e-02       9.51e-03       4.95e+01    
17:24:54 - Growth rate = 0.299922, quasisymmetry = 0.015117 with aspect ratio=7.982408 took 7.248348s
17:25:10 - Growth rate = 0.299922, quasisymmetry = 0.015117 with aspect ratio=7.982408 took 7.172385s
17:25:38 - Growth rate = 0.299922, quasisymmetry = 0.015120 with aspect ratio=7.982409 took 20.512439s
17:25:39 - Growth rate = 0.299915, quasisymmetry = 0.015120 with aspect ratio=7.982408 took 20.810913s
17:25:39 - Growth rate = 0.299930, quasisymmetry = 0.015128 with aspect ratio=7.982412 took 20.956591s
17:25:39 - Growth rate = 0.299930, quasisymmetry = 0.015115 with aspect ratio=7.982408 took 21.468117s
17:26:06 - Growth rate = 0.299922, quasisymmetry = 0.015140 with aspect ratio=7.982403 took 19.683330s
17:26:07 - Growth rate = 0.299883, quasisymmetry = 0.015173 with aspect ratio=7.982411 took 20.103778s
17:26:07 - Growth rate = 0.299922, quasisymmetry = 0.015129 with aspect ratio=7.982403 took 20.270630s
17:26:08 - Growth rate = 0.299859, quasisymmetry = 0.015177 with aspect ratio=7.982022 took 20.442938s
17:26:32 - Growth rate = 0.299922, quasisymmetry = 0.015115 with aspect ratio=7.982414 took 17.330705s
17:26:35 - Growth rate = 0.299922, quasisymmetry = 0.015124 with aspect ratio=7.982408 took 19.212823s
17:26:35 - Growth rate = 0.299922, quasisymmetry = 0.015123 with aspect ratio=7.982409 took 19.416679s
17:26:36 - Growth rate = 0.299922, quasisymmetry = 0.015113 with aspect ratio=7.982408 took 19.593592s
17:26:51 - Growth rate = 0.299922, quasisymmetry = 0.015123 with aspect ratio=7.982409 took 10.882676s
17:26:59 - Growth rate = 0.299922, quasisymmetry = 0.015117 with aspect ratio=7.982414 took 16.619860s
17:27:00 - Growth rate = 0.299930, quasisymmetry = 0.015111 with aspect ratio=7.982387 took 17.161468s
17:27:01 - Growth rate = 0.299930, quasisymmetry = 0.015118 with aspect ratio=7.982418 took 16.770117s
17:27:07 - Growth rate = 0.299907, quasisymmetry = 0.015118 with aspect ratio=7.982408 took 7.450701s
17:27:22 - Growth rate = 0.299915, quasisymmetry = 0.015120 with aspect ratio=7.982409 took 14.825005s
17:27:25 - Growth rate = 0.299907, quasisymmetry = 0.015118 with aspect ratio=7.982406 took 16.866720s
17:27:26 - Growth rate = 0.299915, quasisymmetry = 0.015129 with aspect ratio=7.982408 took 17.114272s
17:27:28 - Growth rate = 0.299922, quasisymmetry = 0.015144 with aspect ratio=7.982408 took 13.240553s
17:27:41 - Growth rate = 0.299915, quasisymmetry = 0.015117 with aspect ratio=7.982407 took 10.371020s
17:27:49 - Growth rate = 0.299907, quasisymmetry = 0.015117 with aspect ratio=7.982408 took 15.928394s
17:27:50 - Growth rate = 0.299915, quasisymmetry = 0.015115 with aspect ratio=7.982411 took 16.165124s
17:27:51 - Growth rate = 0.299922, quasisymmetry = 0.015110 with aspect ratio=7.982407 took 14.403790s
17:27:57 - Growth rate = 0.299922, quasisymmetry = 0.015114 with aspect ratio=7.982408 took 7.455155s
17:28:07 - Growth rate = 0.299907, quasisymmetry = 0.015111 with aspect ratio=7.982408 took 11.005052s
17:28:13 - Growth rate = 0.299915, quasisymmetry = 0.015111 with aspect ratio=7.982408 took 14.655237s
17:28:14 - Growth rate = 0.299930, quasisymmetry = 0.015116 with aspect ratio=7.982407 took 15.080490s
17:28:17 - Growth rate = 0.299915, quasisymmetry = 0.015139 with aspect ratio=7.982514 took 11.573744s
17:28:22 - Growth rate = 0.299922, quasisymmetry = 0.015078 with aspect ratio=7.981935 took 7.099951s
17:28:29 - Growth rate = 0.299907, quasisymmetry = 0.015123 with aspect ratio=7.982410 took 9.211659s
17:28:35 - Growth rate = 0.299922, quasisymmetry = 0.015118 with aspect ratio=7.982409 took 12.834507s
17:28:38 - Growth rate = 0.299915, quasisymmetry = 0.015101 with aspect ratio=7.982409 took 13.312734s
17:28:41 - Growth rate = 0.299922, quasisymmetry = 0.015112 with aspect ratio=7.982407 took 10.314904s
17:28:45 - Growth rate = 0.299922, quasisymmetry = 0.015127 with aspect ratio=7.982408 took 7.612597s
17:28:52 - Growth rate = 0.299922, quasisymmetry = 0.015111 with aspect ratio=7.982409 took 8.969896s
17:28:59 - Growth rate = 0.299922, quasisymmetry = 0.015117 with aspect ratio=7.982406 took 13.230454s
17:29:02 - Growth rate = 0.299922, quasisymmetry = 0.015121 with aspect ratio=7.982420 took 13.673727s
17:29:04 - Growth rate = 0.299899, quasisymmetry = 0.015116 with aspect ratio=7.982388 took 11.450534s
17:29:08 - Growth rate = 0.299915, quasisymmetry = 0.015117 with aspect ratio=7.982409 took 7.618170s
17:29:16 - Growth rate = 0.299899, quasisymmetry = 0.015116 with aspect ratio=7.982408 took 8.855050s
17:29:23 - Growth rate = 0.299907, quasisymmetry = 0.015117 with aspect ratio=7.982408 took 13.317904s
17:29:25 - Growth rate = 0.299922, quasisymmetry = 0.015125 with aspect ratio=7.982408 took 13.782925s
17:29:28 - Growth rate = 0.299922, quasisymmetry = 0.015115 with aspect ratio=7.982408 took 11.409130s
17:29:32 - Growth rate = 0.299922, quasisymmetry = 0.015125 with aspect ratio=7.982408 took 7.636329s
17:29:40 - Growth rate = 0.299922, quasisymmetry = 0.015105 with aspect ratio=7.982407 took 8.927082s
17:29:43 - Growth rate = 0.299915, quasisymmetry = 0.015116 with aspect ratio=7.982413 took 9.465052s
       3              4         4.5734e-01      8.02e-03       2.38e-03       7.06e+01    
17:30:01 - Growth rate = 0.297786, quasisymmetry = 0.015259 with aspect ratio=7.978339 took 7.236392s
17:30:17 - Growth rate = 0.297786, quasisymmetry = 0.015259 with aspect ratio=7.978339 took 7.226328s
17:30:46 - Growth rate = 0.297786, quasisymmetry = 0.015256 with aspect ratio=7.978339 took 20.568772s
17:30:46 - Growth rate = 0.297786, quasisymmetry = 0.015269 with aspect ratio=7.978339 took 20.713928s
17:30:46 - Growth rate = 0.297786, quasisymmetry = 0.015274 with aspect ratio=7.978340 took 21.086062s
17:30:47 - Growth rate = 0.297794, quasisymmetry = 0.015268 with aspect ratio=7.978344 took 21.531049s
17:31:14 - Growth rate = 0.297731, quasisymmetry = 0.015323 with aspect ratio=7.977954 took 19.785533s
17:31:14 - Growth rate = 0.297747, quasisymmetry = 0.015317 with aspect ratio=7.978342 took 20.276652s
17:31:15 - Growth rate = 0.297778, quasisymmetry = 0.015291 with aspect ratio=7.978334 took 20.241104s
17:31:15 - Growth rate = 0.297770, quasisymmetry = 0.015273 with aspect ratio=7.978334 took 20.486555s
17:31:39 - Growth rate = 0.297778, quasisymmetry = 0.015255 with aspect ratio=7.978339 took 17.838353s
17:31:41 - Growth rate = 0.297770, quasisymmetry = 0.015265 with aspect ratio=7.978340 took 19.117447s
17:31:42 - Growth rate = 0.297778, quasisymmetry = 0.015256 with aspect ratio=7.978345 took 19.471875s
17:31:43 - Growth rate = 0.297770, quasisymmetry = 0.015267 with aspect ratio=7.978340 took 19.414042s
17:32:01 - Growth rate = 0.297778, quasisymmetry = 0.015260 with aspect ratio=7.978350 took 13.218643s
17:32:07 - Growth rate = 0.297778, quasisymmetry = 0.015260 with aspect ratio=7.978346 took 17.492399s
17:32:08 - Growth rate = 0.297778, quasisymmetry = 0.015271 with aspect ratio=7.978340 took 17.888941s
17:32:09 - Growth rate = 0.297778, quasisymmetry = 0.015252 with aspect ratio=7.978319 took 17.927937s
17:32:16 - Growth rate = 0.297770, quasisymmetry = 0.015262 with aspect ratio=7.978337 took 7.163488s
17:32:29 - Growth rate = 0.297778, quasisymmetry = 0.015264 with aspect ratio=7.978340 took 13.866068s
17:32:31 - Growth rate = 0.297778, quasisymmetry = 0.015261 with aspect ratio=7.978340 took 15.047019s
17:32:33 - Growth rate = 0.297786, quasisymmetry = 0.015279 with aspect ratio=7.978339 took 15.710688s
17:32:36 - Growth rate = 0.297770, quasisymmetry = 0.015269 with aspect ratio=7.978339 took 11.082682s
17:32:49 - Growth rate = 0.297778, quasisymmetry = 0.015262 with aspect ratio=7.978338 took 11.445820s
17:32:54 - Growth rate = 0.297786, quasisymmetry = 0.015274 with aspect ratio=7.978339 took 15.105275s
17:32:57 - Growth rate = 0.297778, quasisymmetry = 0.015258 with aspect ratio=7.978342 took 15.647491s
17:32:58 - Growth rate = 0.297794, quasisymmetry = 0.015262 with aspect ratio=7.978339 took 13.874309s
17:33:05 - Growth rate = 0.297786, quasisymmetry = 0.015249 with aspect ratio=7.978339 took 7.322984s
17:33:12 - Growth rate = 0.297786, quasisymmetry = 0.015266 with aspect ratio=7.978339 took 10.220020s
17:33:17 - Growth rate = 0.297778, quasisymmetry = 0.015256 with aspect ratio=7.978339 took 12.608808s
17:33:20 - Growth rate = 0.297786, quasisymmetry = 0.015216 with aspect ratio=7.977866 took 13.409893s
17:33:23 - Growth rate = 0.297778, quasisymmetry = 0.015282 with aspect ratio=7.978445 took 9.597806s
17:33:27 - Growth rate = 0.297778, quasisymmetry = 0.015254 with aspect ratio=7.978339 took 7.096199s
17:33:33 - Growth rate = 0.297786, quasisymmetry = 0.015268 with aspect ratio=7.978342 took 8.076928s
17:33:40 - Growth rate = 0.297794, quasisymmetry = 0.015258 with aspect ratio=7.978339 took 11.517569s
17:33:43 - Growth rate = 0.297778, quasisymmetry = 0.015265 with aspect ratio=7.978340 took 12.704349s
17:33:47 - Growth rate = 0.297778, quasisymmetry = 0.015257 with aspect ratio=7.978340 took 11.291697s
17:33:50 - Growth rate = 0.297794, quasisymmetry = 0.015263 with aspect ratio=7.978339 took 8.571477s
17:33:56 - Growth rate = 0.297794, quasisymmetry = 0.015259 with aspect ratio=7.978351 took 8.076902s
17:34:03 - Growth rate = 0.297786, quasisymmetry = 0.015260 with aspect ratio=7.978337 took 11.200119s
17:34:07 - Growth rate = 0.297778, quasisymmetry = 0.015262 with aspect ratio=7.978340 took 12.499743s
17:34:10 - Growth rate = 0.297794, quasisymmetry = 0.015258 with aspect ratio=7.978319 took 11.720377s
17:34:13 - Growth rate = 0.297778, quasisymmetry = 0.015260 with aspect ratio=7.978339 took 8.666731s
17:34:18 - Growth rate = 0.297778, quasisymmetry = 0.015261 with aspect ratio=7.978339 took 7.100462s
17:34:24 - Growth rate = 0.297786, quasisymmetry = 0.015260 with aspect ratio=7.978340 took 8.842834s
17:34:29 - Growth rate = 0.297786, quasisymmetry = 0.015265 with aspect ratio=7.978339 took 11.331719s
17:34:33 - Growth rate = 0.297786, quasisymmetry = 0.015249 with aspect ratio=7.978338 took 12.217789s
17:34:37 - Growth rate = 0.297778, quasisymmetry = 0.015267 with aspect ratio=7.978339 took 10.593403s
17:34:40 - Growth rate = 0.297786, quasisymmetry = 0.015247 with aspect ratio=7.978339 took 8.179200s
17:34:45 - Growth rate = 0.297778, quasisymmetry = 0.015258 with aspect ratio=7.978344 took 7.391521s
       4              5         4.5104e-01      6.30e-03       5.94e-04       4.62e+01    
17:35:04 - Growth rate = 0.296631, quasisymmetry = 0.016666 with aspect ratio=7.978552 took 7.235154s
17:35:20 - Growth rate = 0.296631, quasisymmetry = 0.016666 with aspect ratio=7.978552 took 7.226651s
17:35:49 - Growth rate = 0.296639, quasisymmetry = 0.016687 with aspect ratio=7.978553 took 20.339572s
17:35:49 - Growth rate = 0.296623, quasisymmetry = 0.016663 with aspect ratio=7.978552 took 20.963643s
17:35:49 - Growth rate = 0.296639, quasisymmetry = 0.016679 with aspect ratio=7.978557 took 21.053611s
17:35:50 - Growth rate = 0.296631, quasisymmetry = 0.016679 with aspect ratio=7.978552 took 21.501673s
17:36:15 - Growth rate = 0.296615, quasisymmetry = 0.016706 with aspect ratio=7.978547 took 18.120003s
17:36:17 - Growth rate = 0.296583, quasisymmetry = 0.016744 with aspect ratio=7.978167 took 19.537927s
17:36:17 - Growth rate = 0.296615, quasisymmetry = 0.016685 with aspect ratio=7.978547 took 19.707790s
17:36:18 - Growth rate = 0.296599, quasisymmetry = 0.016731 with aspect ratio=7.978555 took 20.033432s
17:36:35 - Growth rate = 0.296631, quasisymmetry = 0.016660 with aspect ratio=7.978558 took 12.160276s
17:36:43 - Growth rate = 0.296647, quasisymmetry = 0.016658 with aspect ratio=7.978552 took 17.594211s
17:36:43 - Growth rate = 0.296607, quasisymmetry = 0.016679 with aspect ratio=7.978553 took 17.809170s
17:36:44 - Growth rate = 0.296631, quasisymmetry = 0.016679 with aspect ratio=7.978553 took 18.233490s
17:36:51 - Growth rate = 0.296639, quasisymmetry = 0.016682 with aspect ratio=7.978553 took 7.552725s
17:37:06 - Growth rate = 0.296647, quasisymmetry = 0.016656 with aspect ratio=7.978532 took 15.961410s
17:37:07 - Growth rate = 0.296631, quasisymmetry = 0.016669 with aspect ratio=7.978563 took 15.852937s
17:37:09 - Growth rate = 0.296623, quasisymmetry = 0.016666 with aspect ratio=7.978559 took 16.503526s
17:37:12 - Growth rate = 0.296631, quasisymmetry = 0.016667 with aspect ratio=7.978553 took 12.299087s
17:37:32 - Growth rate = 0.296615, quasisymmetry = 0.016689 with aspect ratio=7.978552 took 16.871644s
17:37:32 - Growth rate = 0.296615, quasisymmetry = 0.016669 with aspect ratio=7.978550 took 17.357411s
17:37:34 - Growth rate = 0.296631, quasisymmetry = 0.016672 with aspect ratio=7.978553 took 17.699897s
17:37:36 - Growth rate = 0.296631, quasisymmetry = 0.016680 with aspect ratio=7.978552 took 16.155137s
17:37:56 - Growth rate = 0.296623, quasisymmetry = 0.016665 with aspect ratio=7.978555 took 16.265388s
17:37:57 - Growth rate = 0.296631, quasisymmetry = 0.016678 with aspect ratio=7.978552 took 16.997593s
17:38:00 - Growth rate = 0.296631, quasisymmetry = 0.016669 with aspect ratio=7.978551 took 17.628181s
17:38:01 - Growth rate = 0.296623, quasisymmetry = 0.016678 with aspect ratio=7.978552 took 16.923908s
17:38:18 - Growth rate = 0.296631, quasisymmetry = 0.016658 with aspect ratio=7.978552 took 13.628493s
17:38:21 - Growth rate = 0.296623, quasisymmetry = 0.016666 with aspect ratio=7.978552 took 15.709075s
17:38:25 - Growth rate = 0.296631, quasisymmetry = 0.016652 with aspect ratio=7.978552 took 16.444575s
17:38:25 - Growth rate = 0.296631, quasisymmetry = 0.016653 with aspect ratio=7.978552 took 16.096187s
17:38:35 - Growth rate = 0.296639, quasisymmetry = 0.016682 with aspect ratio=7.978555 took 8.826811s
17:38:42 - Growth rate = 0.296647, quasisymmetry = 0.016614 with aspect ratio=7.978079 took 12.436364s
17:38:47 - Growth rate = 0.296647, quasisymmetry = 0.016691 with aspect ratio=7.978658 took 13.881074s
17:38:47 - Growth rate = 0.296639, quasisymmetry = 0.016662 with aspect ratio=7.978553 took 13.670156s
17:38:52 - Growth rate = 0.296615, quasisymmetry = 0.016666 with aspect ratio=7.978552 took 7.914548s
17:38:56 - Growth rate = 0.296631, quasisymmetry = 0.016663 with aspect ratio=7.978552 took 7.141611s
17:39:07 - Growth rate = 0.296639, quasisymmetry = 0.016675 with aspect ratio=7.978553 took 12.469853s
17:39:09 - Growth rate = 0.296631, quasisymmetry = 0.016671 with aspect ratio=7.978553 took 13.488719s
17:39:14 - Growth rate = 0.296639, quasisymmetry = 0.016664 with aspect ratio=7.978532 took 14.141689s
17:39:16 - Growth rate = 0.296623, quasisymmetry = 0.016664 with aspect ratio=7.978564 took 11.141945s
17:39:26 - Growth rate = 0.296639, quasisymmetry = 0.016666 with aspect ratio=7.978550 took 10.417824s
17:39:31 - Growth rate = 0.296631, quasisymmetry = 0.016666 with aspect ratio=7.978553 took 13.618394s
17:39:35 - Growth rate = 0.296647, quasisymmetry = 0.016674 with aspect ratio=7.978552 took 14.199490s
17:39:37 - Growth rate = 0.296623, quasisymmetry = 0.016667 with aspect ratio=7.978552 took 12.374446s
17:39:42 - Growth rate = 0.296639, quasisymmetry = 0.016668 with aspect ratio=7.978552 took 7.120612s
17:39:46 - Growth rate = 0.296631, quasisymmetry = 0.016657 with aspect ratio=7.978552 took 7.295999s
17:39:55 - Growth rate = 0.296623, quasisymmetry = 0.016664 with aspect ratio=7.978557 took 11.365797s
17:39:58 - Growth rate = 0.296623, quasisymmetry = 0.016657 with aspect ratio=7.978551 took 12.624023s
17:40:00 - Growth rate = 0.296623, quasisymmetry = 0.016674 with aspect ratio=7.978552 took 10.999272s
       5              6         4.4831e-01      2.73e-03       1.49e-04       6.34e+01    
17:40:18 - Growth rate = 0.296441, quasisymmetry = 0.016761 with aspect ratio=7.978588 took 7.170630s
17:40:34 - Growth rate = 0.296441, quasisymmetry = 0.016761 with aspect ratio=7.978588 took 7.131478s
17:41:02 - Growth rate = 0.296433, quasisymmetry = 0.016774 with aspect ratio=7.978587 took 20.507403s
17:41:03 - Growth rate = 0.296465, quasisymmetry = 0.016778 with aspect ratio=7.978592 took 20.850795s
17:41:03 - Growth rate = 0.296449, quasisymmetry = 0.016782 with aspect ratio=7.978589 took 20.951727s
17:41:03 - Growth rate = 0.296457, quasisymmetry = 0.016759 with aspect ratio=7.978587 took 21.339451s
17:41:29 - Growth rate = 0.296433, quasisymmetry = 0.016830 with aspect ratio=7.978591 took 18.819441s
17:41:31 - Growth rate = 0.296449, quasisymmetry = 0.016782 with aspect ratio=7.978583 took 20.012567s
17:41:31 - Growth rate = 0.296449, quasisymmetry = 0.016801 with aspect ratio=7.978583 took 20.118635s
17:41:32 - Growth rate = 0.296378, quasisymmetry = 0.016844 with aspect ratio=7.978202 took 20.353366s
17:41:51 - Growth rate = 0.296441, quasisymmetry = 0.016774 with aspect ratio=7.978588 took 14.263397s
17:41:57 - Growth rate = 0.296449, quasisymmetry = 0.016775 with aspect ratio=7.978589 took 18.593452s
17:41:58 - Growth rate = 0.296457, quasisymmetry = 0.016755 with aspect ratio=7.978593 took 18.773860s
17:41:58 - Growth rate = 0.296449, quasisymmetry = 0.016753 with aspect ratio=7.978587 took 18.791251s
17:42:07 - Growth rate = 0.296441, quasisymmetry = 0.016762 with aspect ratio=7.978594 took 7.173723s
17:42:20 - Growth rate = 0.296441, quasisymmetry = 0.016777 with aspect ratio=7.978588 took 15.134185s
17:42:22 - Growth rate = 0.296433, quasisymmetry = 0.016751 with aspect ratio=7.978567 took 16.055571s
17:42:23 - Growth rate = 0.296465, quasisymmetry = 0.016765 with aspect ratio=7.978598 took 16.460466s
17:42:26 - Growth rate = 0.296441, quasisymmetry = 0.016768 with aspect ratio=7.978588 took 11.343520s
17:42:40 - Growth rate = 0.296449, quasisymmetry = 0.016763 with aspect ratio=7.978588 took 12.590255s
17:42:45 - Growth rate = 0.296449, quasisymmetry = 0.016786 with aspect ratio=7.978587 took 16.069247s
17:42:47 - Growth rate = 0.296441, quasisymmetry = 0.016765 with aspect ratio=7.978585 took 16.542032s
17:42:49 - Growth rate = 0.296441, quasisymmetry = 0.016765 with aspect ratio=7.978586 took 14.723146s
17:42:55 - Growth rate = 0.296441, quasisymmetry = 0.016776 with aspect ratio=7.978587 took 7.057130s
17:43:05 - Growth rate = 0.296457, quasisymmetry = 0.016760 with aspect ratio=7.978591 took 11.426396s
17:43:10 - Growth rate = 0.296449, quasisymmetry = 0.016774 with aspect ratio=7.978587 took 14.305910s
17:43:11 - Growth rate = 0.296457, quasisymmetry = 0.016749 with aspect ratio=7.978588 took 14.890760s
17:43:14 - Growth rate = 0.296449, quasisymmetry = 0.016771 with aspect ratio=7.978587 took 10.426278s
17:43:19 - Growth rate = 0.296457, quasisymmetry = 0.016751 with aspect ratio=7.978588 took 6.938406s
17:43:28 - Growth rate = 0.296441, quasisymmetry = 0.016761 with aspect ratio=7.978588 took 10.782853s
17:43:33 - Growth rate = 0.296449, quasisymmetry = 0.016787 with aspect ratio=7.978693 took 13.422040s
17:43:36 - Growth rate = 0.296441, quasisymmetry = 0.016747 with aspect ratio=7.978587 took 14.136512s
17:43:38 - Growth rate = 0.296457, quasisymmetry = 0.016779 with aspect ratio=7.978590 took 10.371911s
17:43:44 - Growth rate = 0.296465, quasisymmetry = 0.016708 with aspect ratio=7.978115 took 7.061050s
17:43:50 - Growth rate = 0.296465, quasisymmetry = 0.016769 with aspect ratio=7.978588 took 9.471596s
17:43:56 - Growth rate = 0.296441, quasisymmetry = 0.016758 with aspect ratio=7.978589 took 12.804024s
17:43:59 - Growth rate = 0.296449, quasisymmetry = 0.016763 with aspect ratio=7.978588 took 13.393064s
17:44:02 - Growth rate = 0.296441, quasisymmetry = 0.016758 with aspect ratio=7.978587 took 10.504093s
17:44:06 - Growth rate = 0.296441, quasisymmetry = 0.016761 with aspect ratio=7.978585 took 7.846691s
17:44:13 - Growth rate = 0.296449, quasisymmetry = 0.016766 with aspect ratio=7.978588 took 9.450974s
17:44:18 - Growth rate = 0.296449, quasisymmetry = 0.016759 with aspect ratio=7.978567 took 11.640637s
17:44:23 - Growth rate = 0.296457, quasisymmetry = 0.016760 with aspect ratio=7.978600 took 12.485322s
17:44:25 - Growth rate = 0.296441, quasisymmetry = 0.016764 with aspect ratio=7.978587 took 10.897380s
17:44:30 - Growth rate = 0.296433, quasisymmetry = 0.016762 with aspect ratio=7.978589 took 8.606449s
17:44:34 - Growth rate = 0.296449, quasisymmetry = 0.016768 with aspect ratio=7.978587 took 8.025954s
17:44:40 - Growth rate = 0.296457, quasisymmetry = 0.016763 with aspect ratio=7.978587 took 9.125412s
17:44:45 - Growth rate = 0.296449, quasisymmetry = 0.016769 with aspect ratio=7.978587 took 11.175589s
17:44:49 - Growth rate = 0.296441, quasisymmetry = 0.016752 with aspect ratio=7.978587 took 11.889174s
17:44:52 - Growth rate = 0.296449, quasisymmetry = 0.016760 with aspect ratio=7.978593 took 10.757056s
17:44:56 - Growth rate = 0.296457, quasisymmetry = 0.016753 with aspect ratio=7.978587 took 8.226443s
       6              7         4.4779e-01      5.16e-04       3.71e-05       7.44e+01    
17:45:17 - Growth rate = 0.296465, quasisymmetry = 0.016562 with aspect ratio=7.978507 took 7.275826s
17:45:33 - Growth rate = 0.296465, quasisymmetry = 0.016562 with aspect ratio=7.978507 took 7.159087s
17:46:02 - Growth rate = 0.296457, quasisymmetry = 0.016559 with aspect ratio=7.978507 took 20.972092s
17:46:02 - Growth rate = 0.296465, quasisymmetry = 0.016581 with aspect ratio=7.978508 took 20.963581s
17:46:02 - Growth rate = 0.296465, quasisymmetry = 0.016574 with aspect ratio=7.978507 took 21.167711s
17:46:02 - Growth rate = 0.296473, quasisymmetry = 0.016577 with aspect ratio=7.978512 took 21.699440s
17:46:30 - Growth rate = 0.296465, quasisymmetry = 0.016601 with aspect ratio=7.978502 took 20.293760s
17:46:30 - Growth rate = 0.296441, quasisymmetry = 0.016643 with aspect ratio=7.978122 took 20.614098s
17:46:31 - Growth rate = 0.296441, quasisymmetry = 0.016629 with aspect ratio=7.978510 took 20.668029s
17:46:31 - Growth rate = 0.296457, quasisymmetry = 0.016582 with aspect ratio=7.978502 took 20.893096s
17:46:58 - Growth rate = 0.296473, quasisymmetry = 0.016556 with aspect ratio=7.978513 took 19.908573s
17:46:58 - Growth rate = 0.296457, quasisymmetry = 0.016554 with aspect ratio=7.978507 took 19.809272s
17:46:58 - Growth rate = 0.296473, quasisymmetry = 0.016574 with aspect ratio=7.978508 took 19.857279s
17:46:59 - Growth rate = 0.296449, quasisymmetry = 0.016575 with aspect ratio=7.978508 took 20.256209s
17:47:26 - Growth rate = 0.296457, quasisymmetry = 0.016565 with aspect ratio=7.978518 took 19.768978s
17:47:26 - Growth rate = 0.296457, quasisymmetry = 0.016577 with aspect ratio=7.978508 took 19.881131s
17:47:26 - Growth rate = 0.296465, quasisymmetry = 0.016562 with aspect ratio=7.978514 took 19.941822s
17:47:27 - Growth rate = 0.296465, quasisymmetry = 0.016552 with aspect ratio=7.978487 took 20.159865s
17:47:52 - Growth rate = 0.296457, quasisymmetry = 0.016563 with aspect ratio=7.978508 took 18.763917s
17:47:53 - Growth rate = 0.296457, quasisymmetry = 0.016565 with aspect ratio=7.978505 took 19.180587s
17:47:54 - Growth rate = 0.296481, quasisymmetry = 0.016568 with aspect ratio=7.978508 took 19.533314s
17:47:55 - Growth rate = 0.296465, quasisymmetry = 0.016586 with aspect ratio=7.978507 took 19.267777s
17:48:18 - Growth rate = 0.296465, quasisymmetry = 0.016577 with aspect ratio=7.978507 took 17.492651s
17:48:19 - Growth rate = 0.296465, quasisymmetry = 0.016573 with aspect ratio=7.978507 took 18.581792s
17:48:21 - Growth rate = 0.296457, quasisymmetry = 0.016565 with aspect ratio=7.978506 took 18.872573s
17:48:22 - Growth rate = 0.296465, quasisymmetry = 0.016561 with aspect ratio=7.978510 took 19.000444s
17:48:40 - Growth rate = 0.296457, quasisymmetry = 0.016571 with aspect ratio=7.978507 took 13.857737s
17:48:45 - Growth rate = 0.296449, quasisymmetry = 0.016561 with aspect ratio=7.978507 took 17.271350s
17:48:46 - Growth rate = 0.296465, quasisymmetry = 0.016549 with aspect ratio=7.978507 took 17.722069s
17:48:47 - Growth rate = 0.296473, quasisymmetry = 0.016552 with aspect ratio=7.978507 took 17.485693s
17:48:55 - Growth rate = 0.296465, quasisymmetry = 0.016548 with aspect ratio=7.978507 took 7.177665s
17:49:04 - Growth rate = 0.296481, quasisymmetry = 0.016509 with aspect ratio=7.978034 took 11.722734s
17:49:09 - Growth rate = 0.296465, quasisymmetry = 0.016588 with aspect ratio=7.978613 took 14.459746s
17:49:10 - Growth rate = 0.296473, quasisymmetry = 0.016579 with aspect ratio=7.978510 took 14.530452s
17:49:13 - Growth rate = 0.296481, quasisymmetry = 0.016558 with aspect ratio=7.978508 took 9.644950s
17:49:19 - Growth rate = 0.296465, quasisymmetry = 0.016558 with aspect ratio=7.978507 took 7.051898s
17:49:30 - Growth rate = 0.296465, quasisymmetry = 0.016568 with aspect ratio=7.978508 took 13.463678s
17:49:31 - Growth rate = 0.296473, quasisymmetry = 0.016564 with aspect ratio=7.978508 took 14.054241s
17:49:35 - Growth rate = 0.296457, quasisymmetry = 0.016566 with aspect ratio=7.978508 took 14.211140s
17:49:38 - Growth rate = 0.296457, quasisymmetry = 0.016561 with aspect ratio=7.978520 took 10.636479s
17:49:49 - Growth rate = 0.296457, quasisymmetry = 0.016561 with aspect ratio=7.978505 took 11.260401s
17:49:52 - Growth rate = 0.296449, quasisymmetry = 0.016559 with aspect ratio=7.978487 took 13.078762s
17:49:57 - Growth rate = 0.296473, quasisymmetry = 0.016562 with aspect ratio=7.978508 took 13.787547s
17:49:59 - Growth rate = 0.296465, quasisymmetry = 0.016563 with aspect ratio=7.978507 took 12.216197s
17:50:06 - Growth rate = 0.296465, quasisymmetry = 0.016564 with aspect ratio=7.978507 took 8.284884s
17:50:10 - Growth rate = 0.296457, quasisymmetry = 0.016568 with aspect ratio=7.978507 took 9.890563s
17:50:17 - Growth rate = 0.296449, quasisymmetry = 0.016553 with aspect ratio=7.978507 took 12.162963s
17:50:19 - Growth rate = 0.296481, quasisymmetry = 0.016552 with aspect ratio=7.978506 took 12.627528s
17:50:24 - Growth rate = 0.296465, quasisymmetry = 0.016570 with aspect ratio=7.978507 took 10.194761s
17:50:27 - Growth rate = 0.296465, quasisymmetry = 0.016560 with aspect ratio=7.978512 took 9.184771s
       7              8         4.4776e-01      2.90e-05       9.29e-06       5.14e+01    
17:50:47 - Growth rate = 0.296465, quasisymmetry = 0.016556 with aspect ratio=7.978497 took 7.200142s
17:51:02 - Growth rate = 0.296465, quasisymmetry = 0.016556 with aspect ratio=7.978497 took 7.211380s
17:51:31 - Growth rate = 0.296465, quasisymmetry = 0.016575 with aspect ratio=7.978498 took 20.628840s
17:51:31 - Growth rate = 0.296465, quasisymmetry = 0.016553 with aspect ratio=7.978497 took 20.954977s
17:51:31 - Growth rate = 0.296481, quasisymmetry = 0.016571 with aspect ratio=7.978502 took 20.898441s
17:51:32 - Growth rate = 0.296457, quasisymmetry = 0.016568 with aspect ratio=7.978497 took 21.390617s
17:51:58 - Growth rate = 0.296449, quasisymmetry = 0.016595 with aspect ratio=7.978492 took 19.007567s
17:51:59 - Growth rate = 0.296433, quasisymmetry = 0.016637 with aspect ratio=7.978112 took 19.891082s
17:51:59 - Growth rate = 0.296465, quasisymmetry = 0.016576 with aspect ratio=7.978493 took 20.168702s
17:52:00 - Growth rate = 0.296449, quasisymmetry = 0.016623 with aspect ratio=7.978500 took 20.318148s
17:52:21 - Growth rate = 0.296449, quasisymmetry = 0.016550 with aspect ratio=7.978503 took 15.448111s
17:52:26 - Growth rate = 0.296473, quasisymmetry = 0.016548 with aspect ratio=7.978497 took 18.630250s
17:52:26 - Growth rate = 0.296457, quasisymmetry = 0.016569 with aspect ratio=7.978498 took 18.956544s
17:52:27 - Growth rate = 0.296457, quasisymmetry = 0.016568 with aspect ratio=7.978498 took 19.013741s
17:52:36 - Growth rate = 0.296457, quasisymmetry = 0.016571 with aspect ratio=7.978498 took 7.245856s
17:52:48 - Growth rate = 0.296457, quasisymmetry = 0.016559 with aspect ratio=7.978508 took 14.709617s
17:52:50 - Growth rate = 0.296449, quasisymmetry = 0.016546 with aspect ratio=7.978477 took 16.031651s
17:52:51 - Growth rate = 0.296465, quasisymmetry = 0.016556 with aspect ratio=7.978504 took 16.445735s
17:52:55 - Growth rate = 0.296449, quasisymmetry = 0.016557 with aspect ratio=7.978498 took 10.335077s
17:53:09 - Growth rate = 0.296465, quasisymmetry = 0.016559 with aspect ratio=7.978495 took 12.604455s
17:53:14 - Growth rate = 0.296473, quasisymmetry = 0.016580 with aspect ratio=7.978497 took 16.100132s
17:53:15 - Growth rate = 0.296465, quasisymmetry = 0.016562 with aspect ratio=7.978498 took 16.545396s
17:53:17 - Growth rate = 0.296465, quasisymmetry = 0.016570 with aspect ratio=7.978497 took 14.257436s
17:53:24 - Growth rate = 0.296473, quasisymmetry = 0.016567 with aspect ratio=7.978497 took 7.169824s
17:53:34 - Growth rate = 0.296465, quasisymmetry = 0.016554 with aspect ratio=7.978501 took 12.061815s
17:53:38 - Growth rate = 0.296465, quasisymmetry = 0.016559 with aspect ratio=7.978496 took 14.546032s
17:53:39 - Growth rate = 0.296449, quasisymmetry = 0.016565 with aspect ratio=7.978497 took 14.808584s
17:53:43 - Growth rate = 0.296465, quasisymmetry = 0.016555 with aspect ratio=7.978497 took 10.400732s
17:53:49 - Growth rate = 0.296465, quasisymmetry = 0.016546 with aspect ratio=7.978497 took 7.551083s
17:53:58 - Growth rate = 0.296457, quasisymmetry = 0.016543 with aspect ratio=7.978497 took 12.776079s
17:54:01 - Growth rate = 0.296457, quasisymmetry = 0.016542 with aspect ratio=7.978497 took 13.732505s
17:54:04 - Growth rate = 0.296457, quasisymmetry = 0.016503 with aspect ratio=7.978025 took 13.716901s
17:54:07 - Growth rate = 0.296481, quasisymmetry = 0.016573 with aspect ratio=7.978500 took 9.623851s
17:54:16 - Growth rate = 0.296465, quasisymmetry = 0.016581 with aspect ratio=7.978603 took 9.070763s
17:54:23 - Growth rate = 0.296465, quasisymmetry = 0.016552 with aspect ratio=7.978498 took 13.691518s
17:54:26 - Growth rate = 0.296465, quasisymmetry = 0.016552 with aspect ratio=7.978497 took 14.415594s
17:54:28 - Growth rate = 0.296465, quasisymmetry = 0.016558 with aspect ratio=7.978498 took 12.547713s
17:54:32 - Growth rate = 0.296457, quasisymmetry = 0.016562 with aspect ratio=7.978498 took 8.228261s
17:54:41 - Growth rate = 0.296465, quasisymmetry = 0.016560 with aspect ratio=7.978498 took 10.596032s
17:54:48 - Growth rate = 0.296457, quasisymmetry = 0.016555 with aspect ratio=7.978510 took 14.252547s
17:54:50 - Growth rate = 0.296473, quasisymmetry = 0.016553 with aspect ratio=7.978477 took 14.701848s
17:54:52 - Growth rate = 0.296465, quasisymmetry = 0.016555 with aspect ratio=7.978495 took 11.713403s
17:54:57 - Growth rate = 0.296473, quasisymmetry = 0.016556 with aspect ratio=7.978499 took 7.242665s
17:55:07 - Growth rate = 0.296473, quasisymmetry = 0.016557 with aspect ratio=7.978497 took 11.549752s
17:55:11 - Growth rate = 0.296465, quasisymmetry = 0.016562 with aspect ratio=7.978497 took 14.147004s
17:55:14 - Growth rate = 0.296465, quasisymmetry = 0.016558 with aspect ratio=7.978497 took 14.606925s
17:55:16 - Growth rate = 0.296473, quasisymmetry = 0.016547 with aspect ratio=7.978497 took 11.460363s
17:55:23 - Growth rate = 0.296465, quasisymmetry = 0.016546 with aspect ratio=7.978496 took 7.055212s
17:55:29 - Growth rate = 0.296457, quasisymmetry = 0.016554 with aspect ratio=7.978503 took 9.286384s
17:55:32 - Growth rate = 0.296465, quasisymmetry = 0.016564 with aspect ratio=7.978497 took 9.340912s
       8              9         4.4776e-01      2.99e-06       2.32e-06       4.99e+01    
17:55:49 - Growth rate = 0.296465, quasisymmetry = 0.016552 with aspect ratio=7.978499 took 7.228377s
17:56:05 - Growth rate = 0.296465, quasisymmetry = 0.016552 with aspect ratio=7.978499 took 7.332916s
slurmstepd: error: *** JOB 8641144 ON r231n01 CANCELLED AT 2022-11-14T17:56:26 ***
