perl: warning: Setting locale failed.
perl: warning: Please check that your locale settings:
	LANGUAGE = (unset),
	LC_ALL = (unset),
	LC_CTYPE = "UTF-8",
	LANG = "en_US.UTF-8"
    are supported and installed on your system.
perl: warning: Falling back to a fallback locale ("en_US.UTF-8").
Initial aspect ratio: 8.000967056664201
Initial mean iota: -1.2414619577370025
Initial magnetic well: -0.014518732731757817
On rank 0 and CUDA_VISIBLE_DEVICES=0
Initial heat flux: 128.68346
-------------------------
Optimizing with max_mode = 3
-------------------------
On rank 0 and CUDA_VISIBLE_DEVICES=0
18:27:20 - Growth rate = 1.804721, qflux = 128.683456, quasisymmetry = 0.035078 with aspect ratio=8.000967 took 190.336716s
On rank 0 and CUDA_VISIBLE_DEVICES=0
18:30:42 - Growth rate = 1.804721, qflux = 128.683456, quasisymmetry = 0.035078 with aspect ratio=8.000967 took 190.154475s
On rank 0 and CUDA_VISIBLE_DEVICES=0
18:34:04 - Growth rate = 1.804721, qflux = 128.683456, quasisymmetry = 0.035078 with aspect ratio=8.000967 took 191.069401s
On rank 19 and CUDA_VISIBLE_DEVICES=3
On rank 18 and CUDA_VISIBLE_DEVICES=2
On rank 29 and CUDA_VISIBLE_DEVICES=1
On rank 33 and CUDA_VISIBLE_DEVICES=1
On rank 30 and CUDA_VISIBLE_DEVICES=2
On rank 17 and CUDA_VISIBLE_DEVICES=1
On rank 21 and CUDA_VISIBLE_DEVICES=1
On rank 23 and CUDA_VISIBLE_DEVICES=3
On rank 31 and CUDA_VISIBLE_DEVICES=3
On rank 22 and CUDA_VISIBLE_DEVICES=2
On rank 16 and CUDA_VISIBLE_DEVICES=0
On rank 45 and CUDA_VISIBLE_DEVICES=1
On rank 20 and CUDA_VISIBLE_DEVICES=0
On rank 6 and CUDA_VISIBLE_DEVICES=2
On rank 40 and CUDA_VISIBLE_DEVICES=0
On rank 28 and CUDA_VISIBLE_DEVICES=0
On rank 44 and CUDA_VISIBLE_DEVICES=0
On rank 7 and CUDA_VISIBLE_DEVICES=3
On rank 47 and CUDA_VISIBLE_DEVICES=3
On rank 34 and CUDA_VISIBLE_DEVICES=2
On rank 27 and CUDA_VISIBLE_DEVICES=3
On rank 11 and CUDA_VISIBLE_DEVICES=3
On rank 42 and CUDA_VISIBLE_DEVICES=2
On rank 46 and CUDA_VISIBLE_DEVICES=2
On rank 32 and CUDA_VISIBLE_DEVICES=0
On rank 26 and CUDA_VISIBLE_DEVICES=2
On rank 8 and CUDA_VISIBLE_DEVICES=0
On rank 43 and CUDA_VISIBLE_DEVICES=3
On rank 10 and CUDA_VISIBLE_DEVICES=2
On rank 35 and CUDA_VISIBLE_DEVICES=3
On rank 9 and CUDA_VISIBLE_DEVICES=1
On rank 5 and CUDA_VISIBLE_DEVICES=1
On rank 41 and CUDA_VISIBLE_DEVICES=1
On rank 13 and CUDA_VISIBLE_DEVICES=1
On rank 4 and CUDA_VISIBLE_DEVICES=0
On rank 12 and CUDA_VISIBLE_DEVICES=0
On rank 15 and CUDA_VISIBLE_DEVICES=3
On rank 14 and CUDA_VISIBLE_DEVICES=2
On rank 24 and CUDA_VISIBLE_DEVICES=0
On rank 25 and CUDA_VISIBLE_DEVICES=1
On rank 0 and CUDA_VISIBLE_DEVICES=0
On rank 2 and CUDA_VISIBLE_DEVICES=2
On rank 3 and CUDA_VISIBLE_DEVICES=3
On rank 39 and CUDA_VISIBLE_DEVICES=3
On rank 38 and CUDA_VISIBLE_DEVICES=2
On rank 37 and CUDA_VISIBLE_DEVICES=1
On rank 36 and CUDA_VISIBLE_DEVICES=0
On rank 1 and CUDA_VISIBLE_DEVICES=1
18:37:23 - Growth rate = 12.672768, qflux = 128.580048, quasisymmetry = 0.035057 with aspect ratio=8.000967 took 188.142625s
18:37:24 - Growth rate = 1.372922, qflux = 128.033966, quasisymmetry = 0.035040 with aspect ratio=8.000967 took 188.031159s
18:37:24 - Growth rate = 40.719456, qflux = 128.144241, quasisymmetry = 0.034998 with aspect ratio=8.000468 took 188.244494s
18:37:24 - Growth rate = 4.013382, qflux = 129.374908, quasisymmetry = 0.035128 with aspect ratio=8.000967 took 188.284204s
18:37:24 - Growth rate = 1.811309, qflux = 127.963570, quasisymmetry = 0.035128 with aspect ratio=8.000967 took 188.278665s
18:37:24 - Growth rate = 10.198864, qflux = 128.110947, quasisymmetry = 0.035212 with aspect ratio=8.000566 took 188.328907s
18:37:24 - Growth rate = 4.553163, qflux = 128.499344, quasisymmetry = 0.035082 with aspect ratio=8.000967 took 188.416394s
18:37:24 - Growth rate = 25.736362, qflux = 128.201981, quasisymmetry = 0.034989 with aspect ratio=8.000962 took 188.386847s
18:37:24 - Growth rate = 4.474688, qflux = 127.002640, quasisymmetry = 0.035114 with aspect ratio=8.000967 took 188.397768s
18:37:24 - Growth rate = 6.442389, qflux = 128.627167, quasisymmetry = 0.035075 with aspect ratio=8.000969 took 188.460626s
18:37:24 - Growth rate = 3.419800, qflux = 128.185425, quasisymmetry = 0.035079 with aspect ratio=8.000969 took 188.478419s
18:37:24 - Growth rate = 2.913172, qflux = 127.384537, quasisymmetry = 0.035082 with aspect ratio=8.000967 took 188.442295s
18:37:24 - Growth rate = 6.523177, qflux = 127.556488, quasisymmetry = 0.035132 with aspect ratio=8.000967 took 188.462974s
18:37:24 - Growth rate = 2.284927, qflux = 127.292816, quasisymmetry = 0.035167 with aspect ratio=8.000955 took 188.510597s
18:37:24 - Growth rate = 5.687923, qflux = 128.309998, quasisymmetry = 0.035080 with aspect ratio=8.000966 took 188.631940s
18:37:24 - Growth rate = 0.864674, qflux = 126.634880, quasisymmetry = 0.035151 with aspect ratio=8.000967 took 188.468011s
18:37:24 - Growth rate = -1.570035, qflux = 127.795334, quasisymmetry = 0.035072 with aspect ratio=8.000971 took 188.430732s
18:37:24 - Growth rate = 11.801161, qflux = 128.256500, quasisymmetry = 0.035092 with aspect ratio=8.000967 took 188.591897s
18:37:24 - Growth rate = 13.268574, qflux = 127.150932, quasisymmetry = 0.035080 with aspect ratio=8.000967 took 188.592208s
18:37:24 - Growth rate = 1.909220, qflux = 128.052994, quasisymmetry = 0.035077 with aspect ratio=8.000967 took 188.482432s
18:37:24 - Growth rate = 2.489647, qflux = 126.976868, quasisymmetry = 0.035089 with aspect ratio=8.000967 took 188.575769s
18:37:24 - Growth rate = 2.674951, qflux = 127.918900, quasisymmetry = 0.035109 with aspect ratio=8.000968 took 188.577194s
18:37:24 - Growth rate = 10.608648, qflux = 128.897766, quasisymmetry = 0.035165 with aspect ratio=8.000974 took 188.646278s
18:37:24 - Growth rate = 5.268247, qflux = 128.882935, quasisymmetry = 0.035094 with aspect ratio=8.000967 took 188.692285s
18:37:24 - Growth rate = 4.817978, qflux = 128.858444, quasisymmetry = 0.035080 with aspect ratio=8.000969 took 188.637869s
18:37:24 - Growth rate = 1.953470, qflux = 128.973328, quasisymmetry = 0.035051 with aspect ratio=8.000967 took 188.664376s
18:37:24 - Growth rate = 0.195247, qflux = 128.399811, quasisymmetry = 0.035076 with aspect ratio=8.000944 took 188.663267s
18:37:24 - Growth rate = 1.266918, qflux = 128.288345, quasisymmetry = 0.035077 with aspect ratio=8.000938 took 188.629370s
18:37:24 - Growth rate = 1.000007, qflux = 128.055908, quasisymmetry = 0.035078 with aspect ratio=8.000968 took 188.814615s
18:37:24 - Growth rate = 4.189774, qflux = 127.983513, quasisymmetry = 0.035155 with aspect ratio=8.000961 took 188.801058s
18:37:24 - Growth rate = 3.074349, qflux = 129.901779, quasisymmetry = 0.035142 with aspect ratio=8.000967 took 188.807540s
18:37:24 - Growth rate = -17.953493, qflux = 128.661224, quasisymmetry = 0.035065 with aspect ratio=8.000971 took 188.863318s
18:37:24 - Growth rate = -1.529103, qflux = 129.571838, quasisymmetry = 0.035075 with aspect ratio=8.000965 took 188.859836s
18:37:24 - Growth rate = 21.634750, qflux = 128.906525, quasisymmetry = 0.035070 with aspect ratio=8.000968 took 188.999543s
18:37:25 - Growth rate = 8.441300, qflux = 128.368896, quasisymmetry = 0.035085 with aspect ratio=8.000967 took 189.166434s
18:37:24 - Growth rate = 10.071349, qflux = 129.262558, quasisymmetry = 0.035083 with aspect ratio=8.000967 took 188.877174s
18:37:25 - Growth rate = -5.184931, qflux = 127.816757, quasisymmetry = 0.035166 with aspect ratio=8.000960 took 189.176596s
18:37:25 - Growth rate = 8.363705, qflux = 127.976883, quasisymmetry = 0.035079 with aspect ratio=8.000966 took 189.285398s
18:37:25 - Growth rate = 16.138262, qflux = 128.706314, quasisymmetry = 0.035094 with aspect ratio=8.000967 took 189.258783s
18:37:25 - Growth rate = 0.327875, qflux = 127.178024, quasisymmetry = 0.035114 with aspect ratio=8.001096 took 189.372840s
18:37:25 - Growth rate = 7.609536, qflux = 128.108765, quasisymmetry = 0.035078 with aspect ratio=8.000968 took 189.428374s
18:37:25 - Growth rate = 1.433786, qflux = 128.463623, quasisymmetry = 0.035090 with aspect ratio=8.000971 took 189.340595s
18:37:25 - Growth rate = 19.026358, qflux = 128.453751, quasisymmetry = 0.035063 with aspect ratio=8.000967 took 189.553576s
18:37:25 - Growth rate = 14.490425, qflux = 128.848343, quasisymmetry = 0.035088 with aspect ratio=8.000967 took 189.569013s
18:37:25 - Growth rate = 4.125216, qflux = 129.175827, quasisymmetry = 0.035109 with aspect ratio=8.000967 took 189.418986s
18:37:25 - Growth rate = 4.991356, qflux = 127.761261, quasisymmetry = 0.035073 with aspect ratio=8.000967 took 189.547951s
18:37:25 - Growth rate = 3.582413, qflux = 128.540482, quasisymmetry = 0.035114 with aspect ratio=8.000971 took 189.333630s
18:37:26 - Growth rate = 1.791327, qflux = 127.758339, quasisymmetry = 0.035068 with aspect ratio=8.000967 took 190.252279s
   Iteration     Total nfev        Cost      Cost reduction    Step norm     Optimality   
       0              1         8.2797e+04                                    2.64e+09    
On rank 0 and CUDA_VISIBLE_DEVICES=0
18:40:59 - Growth rate = 5.161862, qflux = 126.872162, quasisymmetry = 0.000614 with aspect ratio=7.996887 took 191.261376s
On rank 0 and CUDA_VISIBLE_DEVICES=0
18:44:28 - Growth rate = 5.161862, qflux = 126.872162, quasisymmetry = 0.000614 with aspect ratio=7.996887 took 191.331391s
On rank 10 and CUDA_VISIBLE_DEVICES=2
On rank 5 and CUDA_VISIBLE_DEVICES=1
On rank 21 and CUDA_VISIBLE_DEVICES=1
On rank 39 and CUDA_VISIBLE_DEVICES=3
On rank 36 and CUDA_VISIBLE_DEVICES=0
On rank 19 and CUDA_VISIBLE_DEVICES=3
On rank 47 and CUDA_VISIBLE_DEVICES=3
On rank 20 and CUDA_VISIBLE_DEVICES=0
On rank 22 and CUDA_VISIBLE_DEVICES=2
On rank 30 and CUDA_VISIBLE_DEVICES=2
On rank 45 and CUDA_VISIBLE_DEVICES=1
On rank 18 and CUDA_VISIBLE_DEVICES=2
On rank 23 and CUDA_VISIBLE_DEVICES=3
On rank 33 and CUDA_VISIBLE_DEVICES=1
On rank 34 and CUDA_VISIBLE_DEVICES=2
On rank 46 and CUDA_VISIBLE_DEVICES=2
On rank 17 and CUDA_VISIBLE_DEVICES=1
On rank 32 and CUDA_VISIBLE_DEVICES=0
On rank 27 and CUDA_VISIBLE_DEVICES=3
On rank 24 and CUDA_VISIBLE_DEVICES=0
On rank 35 and CUDA_VISIBLE_DEVICES=3
On rank 25 and CUDA_VISIBLE_DEVICES=1
On rank 38 and CUDA_VISIBLE_DEVICES=2
On rank 37 and CUDA_VISIBLE_DEVICES=1
On rank 26 and CUDA_VISIBLE_DEVICES=2
On rank 28 and CUDA_VISIBLE_DEVICES=0
On rank 41 and CUDA_VISIBLE_DEVICES=1
On rank 43 and CUDA_VISIBLE_DEVICES=3
On rank 12 and CUDA_VISIBLE_DEVICES=0
On rank 16 and CUDA_VISIBLE_DEVICES=0
On rank 40 and CUDA_VISIBLE_DEVICES=0
On rank 42 and CUDA_VISIBLE_DEVICES=2
On rank 44 and CUDA_VISIBLE_DEVICES=0
On rank 3 and CUDA_VISIBLE_DEVICES=3
On rank 0 and CUDA_VISIBLE_DEVICES=0
On rank 11 and CUDA_VISIBLE_DEVICES=3
On rank 2 and CUDA_VISIBLE_DEVICES=2
On rank 4 and CUDA_VISIBLE_DEVICES=0
On rank 29 and CUDA_VISIBLE_DEVICES=1
On rank 15 and CUDA_VISIBLE_DEVICES=3
On rank 14 and CUDA_VISIBLE_DEVICES=2
On rank 13 and CUDA_VISIBLE_DEVICES=1
On rank 8 and CUDA_VISIBLE_DEVICES=0
On rank 7 and CUDA_VISIBLE_DEVICES=3
On rank 6 and CUDA_VISIBLE_DEVICES=2
On rank 9 and CUDA_VISIBLE_DEVICES=1
On rank 1 and CUDA_VISIBLE_DEVICES=1
On rank 31 and CUDA_VISIBLE_DEVICES=3
18:47:51 - Growth rate = 5.930492, qflux = 129.316925, quasisymmetry = 0.000614 with aspect ratio=7.996880 took 187.838191s
18:47:51 - Growth rate = 2.007599, qflux = 129.332611, quasisymmetry = 0.000614 with aspect ratio=7.996890 took 187.759118s
18:47:51 - Growth rate = 5.770635, qflux = 128.983795, quasisymmetry = 0.000614 with aspect ratio=7.996886 took 188.137353s
18:47:51 - Growth rate = 2.049016, qflux = 127.415359, quasisymmetry = 0.000614 with aspect ratio=7.996885 took 188.116217s
18:47:51 - Growth rate = 0.255198, qflux = 128.825623, quasisymmetry = 0.000614 with aspect ratio=7.996887 took 188.293246s
18:47:51 - Growth rate = 3.100176, qflux = 129.076996, quasisymmetry = 0.000614 with aspect ratio=7.996889 took 188.203861s
18:47:51 - Growth rate = 6.390473, qflux = 127.611679, quasisymmetry = 0.000618 with aspect ratio=7.996887 took 188.236297s
18:47:51 - Growth rate = 2.805443, qflux = 128.912598, quasisymmetry = 0.000613 with aspect ratio=7.996891 took 188.452762s
18:47:52 - Growth rate = 1.320945, qflux = 129.735931, quasisymmetry = 0.000614 with aspect ratio=7.996887 took 188.187328s
18:47:52 - Growth rate = 8.666452, qflux = 128.603409, quasisymmetry = 0.000610 with aspect ratio=7.997011 took 188.257190s
18:47:52 - Growth rate = 3.718253, qflux = 127.230614, quasisymmetry = 0.000614 with aspect ratio=7.996889 took 188.288612s
18:47:52 - Growth rate = 3.068774, qflux = 128.142242, quasisymmetry = 0.000611 with aspect ratio=7.996887 took 188.342886s
18:47:52 - Growth rate = 3.108064, qflux = 127.356636, quasisymmetry = 0.000612 with aspect ratio=7.996887 took 188.212224s
18:47:52 - Growth rate = 8.162117, qflux = 126.874191, quasisymmetry = 0.000614 with aspect ratio=7.996888 took 188.502725s
18:47:52 - Growth rate = 8.305038, qflux = 129.669540, quasisymmetry = 0.000615 with aspect ratio=7.996887 took 188.489094s
18:47:52 - Growth rate = 5.120378, qflux = 128.180878, quasisymmetry = 0.000607 with aspect ratio=7.996887 took 188.456556s
18:47:52 - Growth rate = -0.264032, qflux = 128.520615, quasisymmetry = 0.000611 with aspect ratio=7.996861 took 188.451793s
18:47:52 - Growth rate = 9.891581, qflux = 128.303345, quasisymmetry = 0.000614 with aspect ratio=7.996885 took 188.404845s
18:47:52 - Growth rate = 10.891890, qflux = 128.692383, quasisymmetry = 0.000614 with aspect ratio=7.996887 took 188.400840s
18:47:52 - Growth rate = 2.200984, qflux = 127.805901, quasisymmetry = 0.000614 with aspect ratio=7.996888 took 188.592859s
18:47:52 - Growth rate = 7.633232, qflux = 127.463890, quasisymmetry = 0.000611 with aspect ratio=7.996888 took 188.302083s
18:47:52 - Growth rate = 15.620867, qflux = 127.697517, quasisymmetry = 0.000617 with aspect ratio=7.996887 took 188.464703s
18:47:52 - Growth rate = 1.074018, qflux = 129.850479, quasisymmetry = 0.000611 with aspect ratio=7.996888 took 188.439797s
18:47:52 - Growth rate = 1.104446, qflux = 128.717056, quasisymmetry = 0.000611 with aspect ratio=7.996890 took 188.265242s
18:47:52 - Growth rate = 0.426022, qflux = 129.043243, quasisymmetry = 0.000614 with aspect ratio=7.996894 took 188.327952s
18:47:52 - Growth rate = 4.340177, qflux = 130.676865, quasisymmetry = 0.000612 with aspect ratio=7.996887 took 188.692087s
18:47:52 - Growth rate = 4.853840, qflux = 127.926109, quasisymmetry = 0.000613 with aspect ratio=7.996886 took 188.689558s
18:47:52 - Growth rate = 15.025953, qflux = 126.718513, quasisymmetry = 0.000611 with aspect ratio=7.996888 took 188.317390s
18:47:52 - Growth rate = -0.717003, qflux = 128.017120, quasisymmetry = 0.000611 with aspect ratio=7.996888 took 188.453130s
18:47:52 - Growth rate = 2.339511, qflux = 128.415909, quasisymmetry = 0.000614 with aspect ratio=7.996887 took 188.777229s
18:47:52 - Growth rate = 1.599730, qflux = 128.756165, quasisymmetry = 0.000610 with aspect ratio=7.996883 took 188.799521s
18:47:52 - Growth rate = 4.804210, qflux = 126.486053, quasisymmetry = 0.000616 with aspect ratio=7.996887 took 188.679504s
18:47:52 - Growth rate = 9.243682, qflux = 128.467331, quasisymmetry = 0.000609 with aspect ratio=7.996882 took 188.288474s
18:47:52 - Growth rate = 9.215366, qflux = 129.025772, quasisymmetry = 0.000614 with aspect ratio=7.996887 took 188.629587s
18:47:52 - Growth rate = 5.282474, qflux = 127.914543, quasisymmetry = 0.000612 with aspect ratio=7.996887 took 189.140306s
18:47:52 - Growth rate = 18.270271, qflux = 128.716217, quasisymmetry = 0.000614 with aspect ratio=7.996887 took 189.165725s
18:47:52 - Growth rate = 3.246290, qflux = 127.488693, quasisymmetry = 0.000611 with aspect ratio=7.996884 took 189.076844s
18:47:52 - Growth rate = 2.538966, qflux = 128.080353, quasisymmetry = 0.000608 with aspect ratio=7.996887 took 189.093955s
18:47:52 - Growth rate = 4.751352, qflux = 127.981499, quasisymmetry = 0.000614 with aspect ratio=7.996886 took 189.266907s
18:47:53 - Growth rate = 3.205431, qflux = 128.270493, quasisymmetry = 0.000603 with aspect ratio=7.996877 took 188.479200s
18:47:53 - Growth rate = 4.123563, qflux = 128.864563, quasisymmetry = 0.000617 with aspect ratio=7.996887 took 189.286808s
18:47:53 - Growth rate = 2.194191, qflux = 127.704147, quasisymmetry = 0.000611 with aspect ratio=7.996887 took 189.153987s
18:47:53 - Growth rate = 4.806946, qflux = 129.364319, quasisymmetry = 0.000614 with aspect ratio=7.996888 took 189.271999s
18:47:53 - Growth rate = 9.824653, qflux = 128.735245, quasisymmetry = 0.000611 with aspect ratio=7.996867 took 188.880532s
18:47:53 - Growth rate = 31.432850, qflux = 129.737534, quasisymmetry = 0.000623 with aspect ratio=7.996389 took 188.496008s
18:47:53 - Growth rate = 4.166034, qflux = 128.111877, quasisymmetry = 0.000617 with aspect ratio=7.996887 took 188.641161s
18:47:53 - Growth rate = 0.976770, qflux = 128.160477, quasisymmetry = 0.000600 with aspect ratio=7.996486 took 188.888843s
18:47:54 - Growth rate = 3.707488, qflux = 128.485947, quasisymmetry = 0.000617 with aspect ratio=7.996891 took 189.411229s
       1              2         8.0483e+04      2.31e+03       6.36e-03       3.78e+09    
On rank 0 and CUDA_VISIBLE_DEVICES=0
18:51:25 - Growth rate = 11.469826, qflux = 129.093109, quasisymmetry = 0.000203 with aspect ratio=8.000941 took 191.061953s
On rank 0 and CUDA_VISIBLE_DEVICES=0
18:54:55 - Growth rate = 8.897637, qflux = 128.254257, quasisymmetry = 0.000215 with aspect ratio=7.999901 took 191.217849s
On rank 0 and CUDA_VISIBLE_DEVICES=0
18:58:24 - Growth rate = 7.330529, qflux = 126.913849, quasisymmetry = 0.000264 with aspect ratio=7.997513 took 191.428605s
On rank 0 and CUDA_VISIBLE_DEVICES=0
19:01:54 - Growth rate = -1.376706, qflux = 128.221085, quasisymmetry = 0.000445 with aspect ratio=7.996906 took 190.953349s
On rank 0 and CUDA_VISIBLE_DEVICES=0
19:05:24 - Growth rate = 4.838993, qflux = 129.581589, quasisymmetry = 0.000618 with aspect ratio=7.996885 took 191.381898s
On rank 0 and CUDA_VISIBLE_DEVICES=0
19:08:53 - Growth rate = 2.964328, qflux = 127.761139, quasisymmetry = 0.000615 with aspect ratio=7.996887 took 191.376799s
On rank 0 and CUDA_VISIBLE_DEVICES=0
19:12:21 - Growth rate = 6.033910, qflux = 127.896851, quasisymmetry = 0.000614 with aspect ratio=7.996887 took 190.904669s
On rank 0 and CUDA_VISIBLE_DEVICES=0
19:15:50 - Growth rate = 2.073101, qflux = 128.770004, quasisymmetry = 0.000614 with aspect ratio=7.996887 took 191.526007s
On rank 0 and CUDA_VISIBLE_DEVICES=0
19:19:19 - Growth rate = 2.410680, qflux = 129.955444, quasisymmetry = 0.000614 with aspect ratio=7.996887 took 190.995947s
On rank 0 and CUDA_VISIBLE_DEVICES=0
19:22:48 - Growth rate = 7.791342, qflux = 129.207169, quasisymmetry = 0.000614 with aspect ratio=7.996887 took 191.302091s
On rank 0 and CUDA_VISIBLE_DEVICES=0
19:26:16 - Growth rate = 73.808205, qflux = 129.180206, quasisymmetry = 0.000614 with aspect ratio=7.996887 took 191.168914s
       2             13         8.0483e+04      0.00e+00       0.00e+00       3.78e+09    
`xtol` termination condition is satisfied.
Function evaluations 13, initial cost 8.2797e+04, final cost 8.0483e+04, first-order optimality 3.78e+09.
On rank 39 and CUDA_VISIBLE_DEVICES=3
On rank 38 and CUDA_VISIBLE_DEVICES=2
On rank 4 and CUDA_VISIBLE_DEVICES=0
On rank 36 and CUDA_VISIBLE_DEVICES=0
On rank 37 and CUDA_VISIBLE_DEVICES=1
On rank 7 and CUDA_VISIBLE_DEVICES=3
On rank 6 and CUDA_VISIBLE_DEVICES=2
On rank 5 and CUDA_VISIBLE_DEVICES=1
On rank 18 and CUDA_VISIBLE_DEVICES=2
On rank 16 and CUDA_VISIBLE_DEVICES=0
On rank 17 and CUDA_VISIBLE_DEVICES=1
On rank 19 and CUDA_VISIBLE_DEVICES=3
On rank 42 and CUDA_VISIBLE_DEVICES=2
On rank 20 and CUDA_VISIBLE_DEVICES=0
On rank 43 and CUDA_VISIBLE_DEVICES=3
On rank 41 and CUDA_VISIBLE_DEVICES=1
On rank 40 and CUDA_VISIBLE_DEVICES=0
On rank 44 and CUDA_VISIBLE_DEVICES=0
On rank 23 and CUDA_VISIBLE_DEVICES=3
On rank 22 and CUDA_VISIBLE_DEVICES=2
On rank 47 and CUDA_VISIBLE_DEVICES=3
On rank 21 and CUDA_VISIBLE_DEVICES=1
On rank 45 and CUDA_VISIBLE_DEVICES=1
On rank 46 and CUDA_VISIBLE_DEVICES=2
On rank 33 and CUDA_VISIBLE_DEVICES=1
On rank 14 and CUDA_VISIBLE_DEVICES=2
On rank 10 and CUDA_VISIBLE_DEVICES=2
On rank 34 and CUDA_VISIBLE_DEVICES=2
On rank 12 and CUDA_VISIBLE_DEVICES=0
On rank 9 and CUDA_VISIBLE_DEVICES=1
On rank 32 and CUDA_VISIBLE_DEVICES=0
On rank 11 and CUDA_VISIBLE_DEVICES=3
On rank 35 and CUDA_VISIBLE_DEVICES=3
On rank 8 and CUDA_VISIBLE_DEVICES=0
On rank 30 and CUDA_VISIBLE_DEVICES=2
On rank 31 and CUDA_VISIBLE_DEVICES=3
On rank 28 and CUDA_VISIBLE_DEVICES=0
On rank 29 and CUDA_VISIBLE_DEVICES=1
On rank 13 and CUDA_VISIBLE_DEVICES=1
On rank 15 and CUDA_VISIBLE_DEVICES=3
On rank 24 and CUDA_VISIBLE_DEVICES=0
On rank 26 and CUDA_VISIBLE_DEVICES=2
Final aspect ratio: 7.996887028416563
Final mean iota: -1.238977290669056
Final magnetic well: -0.015032836096048259
On rank 25 and CUDA_VISIBLE_DEVICES=1
On rank 27 and CUDA_VISIBLE_DEVICES=3
On rank 3 and CUDA_VISIBLE_DEVICES=3
On rank 2 and CUDA_VISIBLE_DEVICES=2
On rank 1 and CUDA_VISIBLE_DEVICES=1
On rank 0 and CUDA_VISIBLE_DEVICES=0
Whole optimization took 4144.218313s
Whole optimization took 4147.966230s
Whole optimization took 4147.966239s
Whole optimization took 4147.966222s
Whole optimization took 4147.967381s
Whole optimization took 4147.992407s
Whole optimization took 4148.026699s
Whole optimization took 4148.036947s
Whole optimization took 4148.036931s
Whole optimization took 4148.036995s
Whole optimization took 4148.036937s
Whole optimization took 4148.070655s
Whole optimization took 4148.071205s
Whole optimization took 4148.072273s
Final heat flux: 126.87216
Whole optimization took 4148.073086s
Whole optimization took 4148.078378s
Whole optimization took 4148.078377s
Whole optimization took 4148.078377s
[Errno 2] No such file or directory: '/m100/home/userexternal/rjorge00/some_optimizations/GX_SIMSOPT/output_MAXITER150_least_squares_nfp4_QH_QH_nonlinear/convert_VMEC_to_GX'
Whole optimization took 4148.070331s
Whole optimization took 4148.122280s
[Errno 2] No such file or directory: 'input.final'
Whole optimization took 4148.122316s
Whole optimization took 4148.164201s
Whole optimization took 4148.177074s
Whole optimization took 4148.177056s
Whole optimization took 4148.189805s
Whole optimization took 4148.245265s
Whole optimization took 4148.245942s
Whole optimization took 4148.245970s
Whole optimization took 4148.245970s
 - - - - - - - - - - - - - - - - - - - - - - - - - - - - - - - - -
Whole optimization took 4148.246006s
Whole optimization took 4148.246004s
Whole optimization took 4148.245162s
Whole optimization took 4148.245176s
Whole optimization took 4148.245167s
Whole optimization took 4148.247495s
Whole optimization took 4148.247796s
  SEQ =    1 TIME SLICE  0.0000E+00
  PROCESSING INPUT.final
  THIS IS PARVMEC (PARALLEL VMEC), VERSION 9.0
  Lambda: Full Radial Mesh. L-Force: hybrid full/half.

  COMPUTER: powerpc64le-conda_cos7-linux-gnu   OS:    RELEASE:   DATE = Nov 22,2022  TIME = 19:29:46
Whole optimization took 4148.245124s
Whole optimization took 4148.245129s
Whole optimization took 4148.267973s
Whole optimization took 4148.288410s

  NS =   16 NO. FOURIER MODES =   50 FTOLV =  1.000E-12 NITER =   4000
  PROCESSOR COUNT - RADIAL:    1
 INITIAL JACOBIAN CHANGED SIGN!
 TRYING TO IMPROVE INITIAL MAGNETIC AXIS GUESS
  ---- Improved AXIS Guess ----
      RAXIS_CC =    1.0021542745610792       0.21742928641041406        3.0220165451845651E-002   1.2125879035805205E-003  -1.6102514492474130E-003  -2.1172194168862526E-003
      ZAXIS_CS =   -0.0000000000000000       0.19681397630263492        2.4909824594052717E-002   4.9951150418774495E-004  -3.7481093768664084E-004   1.0076405487428502E-003
  -----------------------------
Whole optimization took 4148.325902s

  ITER    FSQR      FSQZ      FSQL    RAX(v=0)    DELT       WMHD

    1  3.63E-02  2.63E-02  2.94E-02  1.247E+00  9.00E-01  1.5571E-01
Whole optimization took 4148.336478s
Whole optimization took 4148.334382s
Whole optimization took 4148.359075s
Whole optimization took 4148.342263s
Whole optimization took 4148.359075s
  200  3.01E-09  2.05E-09  1.26E-09  1.238E+00  8.10E-01  1.5244E-01
  400  5.12E-11  3.23E-11  2.63E-11  1.239E+00  8.10E-01  1.5244E-01
Whole optimization took 4149.102748s
  600  2.59E-12  1.59E-12  1.79E-12  1.239E+00  8.10E-01  1.5244E-01
  646  9.64E-13  7.89E-13  8.82E-13  1.239E+00  8.10E-01  1.5244E-01

  NS =   51 NO. FOURIER MODES =   50 FTOLV =  1.000E-13 NITER =  10000
  PROCESSOR COUNT - RADIAL:    1

  ITER    FSQR      FSQZ      FSQL    RAX(v=0)    DELT       WMHD

    1  4.65E-03  2.04E-03  3.81E-06  1.239E+00  9.00E-01  1.5244E-01
  200  3.35E-08  4.42E-08  6.91E-09  1.239E+00  7.29E-01  1.5244E-01
  400  2.08E-10  1.99E-10  1.48E-10  1.239E+00  7.29E-01  1.5244E-01
  600  5.89E-10  6.44E-10  2.84E-11  1.239E+00  7.29E-01  1.5244E-01
  800  4.15E-11  3.25E-11  3.23E-11  1.239E+00  7.08E-01  1.5244E-01
 1000  5.56E-12  4.80E-12  4.38E-12  1.239E+00  7.08E-01  1.5244E-01
 1200  7.35E-13  6.13E-13  2.96E-13  1.239E+00  7.08E-01  1.5244E-01
 1400  1.20E-13  9.08E-14  2.59E-14  1.239E+00  7.08E-01  1.5244E-01
 1419  9.96E-14  7.60E-14  2.07E-14  1.239E+00  7.08E-01  1.5244E-01

  NS =  101 NO. FOURIER MODES =   50 FTOLV =  1.000E-14 NITER =   4000
  PROCESSOR COUNT - RADIAL:    1

  ITER    FSQR      FSQZ      FSQL    RAX(v=0)    DELT       WMHD

    1  3.86E-03  1.41E-03  5.02E-08  1.239E+00  9.00E-01  1.5244E-01
  200  2.15E-09  3.51E-09  4.59E-12  1.239E+00  5.83E-01  1.5244E-01
  400  5.47E-11  4.30E-11  1.97E-13  1.239E+00  5.83E-01  1.5244E-01
  600  5.19E-12  2.42E-12  4.06E-14  1.239E+00  5.83E-01  1.5244E-01
  800  6.74E-13  3.98E-13  1.32E-14  1.239E+00  5.83E-01  1.5244E-01
 1000  1.85E-13  1.17E-13  2.25E-15  1.239E+00  5.83E-01  1.5244E-01
 1200  4.79E-14  1.92E-14  5.26E-16  1.239E+00  5.83E-01  1.5244E-01
 1389  9.98E-15  4.19E-15  2.20E-16  1.239E+00  5.83E-01  1.5244E-01

 EXECUTION TERMINATED NORMALLY

 FILE : final_000_000000
 NUMBER OF JACOBIAN RESETS =    3

    TOTAL COMPUTATIONAL TIME (SEC)        16.44
    TIME TO INPUT/OUTPUT                   0.04
       READ IN DATA                        0.00
       WRITE OUT DATA TO WOUT              0.04
    TIME IN FUNCT3D                       16.23
       BCOVAR FIELDS                       2.56
       FOURIER TRANSFORM                   2.58
       INVERSE FOURIER TRANSFORM           2.43
       FORCES AND SYMMETRIZE               2.72
       RESIDUE                             4.62
       EQFORCE                             0.00
nfp:  4
ns:  101
mpol:  5
ntor:  5
Aminor_p:  0.12479452922093875
Rmajor_p:  0.9979677519442777
aspect:             7.99688702841657
Rmajor_p/Aminor_p:  7.99688702841657
betatotal:  0.0
betapol:    0.0
betator:    0.0
betaxis:    0.0
ctor:    4.124816986521645e-11
bmnc.shape: (101, 128)
bmns.shape: (101, 128)
Creating Boozer class for vmec_final
Defining surfaces where to compute Boozer coordinates
 booz_surfaces=[0.  0.1 0.2 0.3 0.4 0.5 0.6 0.7 0.8 0.9]
Running BOOZ_XFORM
mnmax: 50  len(xm): 50  len(xn): 50
mnmax_nyq: 128  len(xm_nyq): 128  len(xn_nyq): 128
Read ns=101, mpol=5, ntor=5, mnmax=50, mnmax_nyq=128
compute_surfs (0-based indices):  0 10 20 30 39 49 60 70 79 89
Initializing with mboz=64, nboz=64
ntheta = 258, nzeta = 258, # threads = 4
                   |        outboard (theta=0)      |      inboard (theta=pi)      |
thread js_b js zeta| |B|input  |B|Boozer    Error   | |B|input  |B|Boozer    Error |
------------------------------------------------------------------------------------
   1     3  30   0  9.133e-01  9.133e-01  2.066e-15  1.100e+00  1.100e+00  1.110e-14
                pi  1.098e+00  1.098e+00  2.225e-15  9.139e-01  9.139e-01  8.139e-15
   3     8  79   0  8.643e-01  8.643e-01  2.479e-14  1.169e+00  1.169e+00  9.308e-15
                pi  1.164e+00  1.164e+00  1.069e-14  8.619e-01  8.619e-01  3.040e-14
   0     0   0   0  9.890e-01  9.890e-01  1.920e-14  1.013e+00  1.013e+00  9.867e-15
                pi  1.012e+00  1.012e+00  2.414e-15  9.885e-01  9.885e-01  5.728e-15
   2     6  60   0  8.803e-01  8.803e-01  6.936e-15  1.145e+00  1.145e+00  1.027e-14
                pi  1.141e+00  1.141e+00  1.070e-14  8.799e-01  8.799e-01  1.880e-14
   1     4  39   0  9.020e-01  9.020e-01  1.255e-14  1.115e+00  1.115e+00  8.959e-15
                pi  1.112e+00  1.112e+00  4.591e-15  9.025e-01  9.025e-01  2.227e-14
   3     9  89   0  8.568e-01  8.568e-01  3.498e-15  1.180e+00  1.180e+00  9.030e-15
                pi  1.174e+00  1.174e+00  1.437e-14  8.530e-01  8.530e-01  2.213e-15
   0     1  10   0  9.481e-01  9.481e-01  2.927e-15  1.057e+00  1.057e+00  3.696e-14
                pi  1.056e+00  1.056e+00  1.346e-14  9.485e-01  9.485e-01  2.517e-14
   2     7  70   0  8.715e-01  8.715e-01  1.070e-14  1.158e+00  1.158e+00  3.221e-14
                pi  1.153e+00  1.153e+00  1.925e-15  8.702e-01  8.702e-01  2.092e-14
   1     5  49   0  8.910e-01  8.910e-01  3.613e-15  1.130e+00  1.130e+00  1.748e-14
                pi  1.127e+00  1.127e+00  9.655e-15  8.912e-01  8.912e-01  1.495e-14
   0     2  20   0  9.283e-01  9.283e-01  8.850e-15  1.081e+00  1.081e+00  4.928e-15
                pi  1.079e+00  1.079e+00  1.276e-14  9.289e-01  9.289e-01  2.390e-14
Writing output to /m100/home/userexternal/rjorge00/some_optimizations/GX_SIMSOPT/output_MAXITER150_least_squares_nfp4_QH_QH_nonlinear/boozmn_single_stage.nc
Plot BOOZ_XFORM
[Errno 2] No such file or directory: '/m100/home/userexternal/rjorge00/some_optimizations/GX_SIMSOPT/output_MAXITER150_least_squares_nfp4_QH_QH_nonlinear/gx'
Whole optimization took 4262.004256s
