perl: warning: Setting locale failed.
perl: warning: Please check that your locale settings:
	LANGUAGE = (unset),
	LC_ALL = (unset),
	LC_CTYPE = "UTF-8",
	LANG = "en_US.UTF-8"
    are supported and installed on your system.
perl: warning: Falling back to a fallback locale ("en_US.UTF-8").
Initial aspect ratio: 7.054968603286797
Initial mean iota: -1.0714193066109694
Initial magnetic well: -0.1765797982001781
Initial heat flux: 0.01425620109769939
## Now calculating total objective function ##
11:23:47 - Heat flux = 0.014256 with aspect ratio=7.054969 took 11.288811s
Total objective before optimization: 0.23798765614321826
-------------------------
Optimizing with max_mode = 2
-------------------------
11:24:00 - Heat flux = 0.014256 with aspect ratio=7.054969 took 11.312893s
11:24:13 - Heat flux = 0.014256 with aspect ratio=7.054969 took 11.423453s
11:24:25 - Heat flux = 0.014256 with aspect ratio=7.054969 took 11.430964s
11:24:38 - Heat flux = 0.014256 with aspect ratio=7.054968 took 11.457458s
11:24:50 - Heat flux = 0.014256 with aspect ratio=7.054969 took 11.444229s
11:25:03 - Heat flux = 0.014257 with aspect ratio=7.054969 took 11.294328s
11:25:15 - Heat flux = 0.014270 with aspect ratio=7.054954 took 11.589025s
11:25:28 - Heat flux = 0.014272 with aspect ratio=7.054919 took 11.546515s
11:25:40 - Heat flux = 0.014257 with aspect ratio=7.054969 took 11.517909s
11:25:53 - Heat flux = 0.014256 with aspect ratio=7.054969 took 11.383306s
11:26:05 - Heat flux = 0.014256 with aspect ratio=7.054968 took 11.362444s
11:26:18 - Heat flux = 0.014256 with aspect ratio=7.054969 took 11.386395s
11:26:30 - Heat flux = 0.014257 with aspect ratio=7.054969 took 11.409101s
11:26:43 - Heat flux = 0.014257 with aspect ratio=7.054969 took 11.494147s
11:26:55 - Heat flux = 0.014256 with aspect ratio=7.054969 took 11.380775s
11:27:08 - Heat flux = 0.014255 with aspect ratio=7.054969 took 11.432148s
11:27:20 - Heat flux = 0.014256 with aspect ratio=7.054969 took 11.437907s
11:27:33 - Heat flux = 0.014256 with aspect ratio=7.054968 took 11.371980s
11:27:45 - Heat flux = 0.014260 with aspect ratio=7.054990 took 11.443964s
11:27:58 - Heat flux = 0.014251 with aspect ratio=7.054912 took 11.452866s
11:28:10 - Heat flux = 0.014257 with aspect ratio=7.054969 took 11.372084s
11:28:23 - Heat flux = 0.014256 with aspect ratio=7.054969 took 11.375071s
11:28:35 - Heat flux = 0.014256 with aspect ratio=7.054969 took 11.476680s
11:28:48 - Heat flux = 0.014256 with aspect ratio=7.054968 took 11.612778s
11:29:00 - Heat flux = 0.014256 with aspect ratio=7.054969 took 11.477435s
11:29:13 - Heat flux = 0.014257 with aspect ratio=7.054969 took 11.310686s
11:29:25 - Heat flux = 0.014256 with aspect ratio=7.054969 took 11.414573s
   Iteration     Total nfev        Cost      Cost reduction    Step norm     Optimality   
       0              1         1.1899e-01                                    5.83e+00    
Function evaluation failed for <bound method Vmec.aspect of Vmec1 (nfp=4 mpol=5 ntor=5)>
11:29:38 - Heat flux = 0.001282 with aspect ratio=7.047477 took 11.365945s
11:29:51 - Heat flux = 0.001282 with aspect ratio=7.047477 took 11.421446s
11:30:03 - Heat flux = 0.001282 with aspect ratio=7.047477 took 11.450009s
11:30:16 - Heat flux = 0.001282 with aspect ratio=7.047477 took 11.456402s
11:30:28 - Heat flux = 0.001282 with aspect ratio=7.047477 took 11.405476s
11:30:40 - Heat flux = 0.001283 with aspect ratio=7.047465 took 11.353162s
11:30:53 - Heat flux = 0.001283 with aspect ratio=7.047429 took 11.550037s
11:31:05 - Heat flux = 0.001282 with aspect ratio=7.047477 took 11.333230s
11:31:17 - Heat flux = 0.001282 with aspect ratio=7.047477 took 11.397839s
11:31:30 - Heat flux = 0.001282 with aspect ratio=7.047478 took 11.563884s
11:31:42 - Heat flux = 0.001282 with aspect ratio=7.047477 took 11.276894s
11:31:55 - Heat flux = 0.001282 with aspect ratio=7.047478 took 11.584270s
11:32:07 - Heat flux = 0.001282 with aspect ratio=7.047477 took 11.454648s
11:32:19 - Heat flux = 0.001282 with aspect ratio=7.047477 took 11.418144s
11:32:32 - Heat flux = 0.001282 with aspect ratio=7.047477 took 11.482195s
11:32:44 - Heat flux = 0.001282 with aspect ratio=7.047477 took 11.467705s
11:32:57 - Heat flux = 0.001282 with aspect ratio=7.047477 took 11.497866s
11:33:09 - Heat flux = 0.001282 with aspect ratio=7.047498 took 11.453967s
11:33:21 - Heat flux = 0.001281 with aspect ratio=7.047421 took 11.533462s
11:33:34 - Heat flux = 0.001282 with aspect ratio=7.047477 took 11.301131s
11:33:46 - Heat flux = 0.001282 with aspect ratio=7.047477 took 11.388391s
11:33:59 - Heat flux = 0.001282 with aspect ratio=7.047477 took 11.485507s
11:34:11 - Heat flux = 0.001282 with aspect ratio=7.047476 took 11.481477s
11:34:23 - Heat flux = 0.001282 with aspect ratio=7.047477 took 11.426332s
11:34:36 - Heat flux = 0.001282 with aspect ratio=7.047477 took 11.394125s
11:34:48 - Heat flux = 0.001282 with aspect ratio=7.047477 took 11.392428s
       1              3         2.4754e-02      9.42e-02       3.63e-02       9.50e+00    
11:35:00 - Heat flux = 59.567726 with aspect ratio=6.826771 took 10.647748s
11:35:12 - Heat flux = 0.001776 with aspect ratio=6.998796 took 11.421826s
11:35:25 - Heat flux = 0.001776 with aspect ratio=6.998796 took 11.450857s
11:35:37 - Heat flux = 0.001777 with aspect ratio=6.998796 took 11.428710s
11:35:50 - Heat flux = 0.001776 with aspect ratio=6.998796 took 11.471061s
11:36:02 - Heat flux = 0.001776 with aspect ratio=6.998796 took 11.479178s
11:36:14 - Heat flux = 0.001778 with aspect ratio=6.998786 took 11.414548s
11:36:27 - Heat flux = 0.001778 with aspect ratio=6.998751 took 11.338082s
11:36:39 - Heat flux = 0.001777 with aspect ratio=6.998797 took 11.450016s
11:36:51 - Heat flux = 0.001776 with aspect ratio=6.998796 took 11.426849s
11:37:04 - Heat flux = 0.001776 with aspect ratio=6.998797 took 11.306383s
11:37:16 - Heat flux = 0.001776 with aspect ratio=6.998795 took 11.479957s
11:37:28 - Heat flux = 0.001776 with aspect ratio=6.998797 took 11.443790s
11:37:41 - Heat flux = 0.001776 with aspect ratio=6.998797 took 11.415438s
11:37:53 - Heat flux = 0.001776 with aspect ratio=6.998796 took 11.335283s
11:38:05 - Heat flux = 0.001776 with aspect ratio=6.998796 took 11.457408s
11:38:18 - Heat flux = 0.001776 with aspect ratio=6.998796 took 11.411973s
11:38:30 - Heat flux = 0.001776 with aspect ratio=6.998796 took 11.421861s
11:38:42 - Heat flux = 0.001777 with aspect ratio=6.998816 took 11.425836s
11:38:55 - Heat flux = 0.001775 with aspect ratio=6.998743 took 11.449395s
11:39:07 - Heat flux = 0.001777 with aspect ratio=6.998797 took 11.495514s
11:39:19 - Heat flux = 0.001776 with aspect ratio=6.998796 took 11.350992s
11:39:32 - Heat flux = 0.001776 with aspect ratio=6.998796 took 11.463480s
11:39:44 - Heat flux = 0.001776 with aspect ratio=6.998795 took 11.521327s
11:39:57 - Heat flux = 0.001776 with aspect ratio=6.998797 took 11.646302s
11:40:09 - Heat flux = 0.001776 with aspect ratio=6.998797 took 11.554808s
11:40:21 - Heat flux = 0.001776 with aspect ratio=6.998796 took 11.341728s
       2              5         1.3242e-02      1.15e-02       1.42e-02       9.16e+00    
11:40:33 - Heat flux = 0.216423 with aspect ratio=6.942459 took 10.771012s
11:40:46 - Heat flux = 0.000876 with aspect ratio=6.998698 took 11.422175s
11:40:58 - Heat flux = 0.000876 with aspect ratio=6.998698 took 11.354393s
11:41:11 - Heat flux = 0.000876 with aspect ratio=6.998698 took 11.519535s
11:41:23 - Heat flux = 0.000876 with aspect ratio=6.998698 took 11.430582s
11:41:35 - Heat flux = 0.000876 with aspect ratio=6.998698 took 11.445415s
11:41:48 - Heat flux = 0.000876 with aspect ratio=6.998688 took 11.460515s
11:42:00 - Heat flux = 0.000876 with aspect ratio=6.998653 took 11.451465s
11:42:12 - Heat flux = 0.000876 with aspect ratio=6.998698 took 11.450583s
11:42:25 - Heat flux = 0.000876 with aspect ratio=6.998698 took 11.621251s
11:42:37 - Heat flux = 0.000876 with aspect ratio=6.998698 took 11.336501s
11:42:49 - Heat flux = 0.000876 with aspect ratio=6.998696 took 11.460547s
11:43:02 - Heat flux = 0.000876 with aspect ratio=6.998698 took 11.410110s
11:43:14 - Heat flux = 0.000876 with aspect ratio=6.998698 took 11.417313s
11:43:26 - Heat flux = 0.000876 with aspect ratio=6.998698 took 11.459871s
11:43:38 - Heat flux = 0.000876 with aspect ratio=6.998698 took 11.378504s
11:43:51 - Heat flux = 0.000876 with aspect ratio=6.998698 took 11.376938s
11:44:03 - Heat flux = 0.000875 with aspect ratio=6.998698 took 11.391936s
11:44:15 - Heat flux = 0.000876 with aspect ratio=6.998717 took 11.470109s
11:44:27 - Heat flux = 0.000875 with aspect ratio=6.998645 took 11.311159s
11:44:40 - Heat flux = 0.000876 with aspect ratio=6.998698 took 11.341067s
11:44:52 - Heat flux = 0.000876 with aspect ratio=6.998698 took 11.407421s
11:45:04 - Heat flux = 0.000876 with aspect ratio=6.998697 took 11.417818s
11:45:16 - Heat flux = 0.000876 with aspect ratio=6.998696 took 11.378448s
11:45:29 - Heat flux = 0.000876 with aspect ratio=6.998698 took 11.428726s
11:45:41 - Heat flux = 0.000876 with aspect ratio=6.998698 took 11.581902s
11:45:53 - Heat flux = 0.000876 with aspect ratio=6.998698 took 11.362210s
       3              7         8.5789e-03      4.66e-03       7.09e-03       1.31e+00    
11:46:06 - Heat flux = 0.000406 with aspect ratio=6.983892 took 11.326431s
11:46:18 - Heat flux = 0.000406 with aspect ratio=6.983892 took 11.583361s
11:46:31 - Heat flux = 0.000406 with aspect ratio=6.983892 took 11.418521s
11:46:43 - Heat flux = 0.000406 with aspect ratio=6.983892 took 11.376245s
11:46:55 - Heat flux = 0.000406 with aspect ratio=6.983892 took 11.342065s
11:47:07 - Heat flux = 0.000407 with aspect ratio=6.983884 took 11.436052s
11:47:19 - Heat flux = 0.000407 with aspect ratio=6.983849 took 11.436310s
11:47:32 - Heat flux = 0.000406 with aspect ratio=6.983892 took 11.396364s
11:47:44 - Heat flux = 0.000406 with aspect ratio=6.983892 took 11.430579s
11:47:56 - Heat flux = 0.000406 with aspect ratio=6.983892 took 11.432959s
11:48:08 - Heat flux = 0.000406 with aspect ratio=6.983890 took 11.524703s
11:48:21 - Heat flux = 0.000406 with aspect ratio=6.983892 took 11.468403s
11:48:33 - Heat flux = 0.000406 with aspect ratio=6.983892 took 11.377173s
11:48:45 - Heat flux = 0.000406 with aspect ratio=6.983892 took 11.592000s
11:48:57 - Heat flux = 0.000406 with aspect ratio=6.983892 took 11.393262s
11:49:10 - Heat flux = 0.000406 with aspect ratio=6.983892 took 11.334930s
11:49:22 - Heat flux = 0.000406 with aspect ratio=6.983892 took 11.268272s
11:49:34 - Heat flux = 0.000406 with aspect ratio=6.983910 took 11.569776s
11:49:46 - Heat flux = 0.000406 with aspect ratio=6.983842 took 11.381808s
11:49:58 - Heat flux = 0.000406 with aspect ratio=6.983892 took 11.431156s
11:50:11 - Heat flux = 0.000406 with aspect ratio=6.983892 took 11.343791s
11:50:23 - Heat flux = 0.000406 with aspect ratio=6.983892 took 11.376259s
11:50:35 - Heat flux = 0.000406 with aspect ratio=6.983889 took 11.497727s
11:50:47 - Heat flux = 0.000406 with aspect ratio=6.983892 took 11.463923s
11:51:00 - Heat flux = 0.000406 with aspect ratio=6.983892 took 11.391438s
11:51:12 - Heat flux = 0.000406 with aspect ratio=6.983892 took 11.383626s
       4              8         6.1485e-03      2.43e-03       1.42e-02       7.70e+00    
11:51:23 - Heat flux = 0.249619 with aspect ratio=6.979685 took 10.566626s
11:51:35 - Heat flux = 0.151767 with aspect ratio=6.999548 took 10.669996s
11:51:48 - Heat flux = 0.000263 with aspect ratio=6.999590 took 11.353894s
11:52:00 - Heat flux = 0.000263 with aspect ratio=6.999590 took 11.440767s
11:52:12 - Heat flux = 0.000263 with aspect ratio=6.999591 took 11.370620s
11:52:24 - Heat flux = 0.000263 with aspect ratio=6.999590 took 11.369547s
11:52:37 - Heat flux = 0.000263 with aspect ratio=6.999590 took 11.551953s
11:52:49 - Heat flux = 0.000263 with aspect ratio=6.999582 took 11.520890s
11:53:01 - Heat flux = 0.000263 with aspect ratio=6.999548 took 11.642495s
11:53:14 - Heat flux = 0.000263 with aspect ratio=6.999591 took 11.498792s
11:53:26 - Heat flux = 0.000263 with aspect ratio=6.999590 took 11.355345s
11:53:38 - Heat flux = 0.000263 with aspect ratio=6.999591 took 11.431704s
11:53:50 - Heat flux = 0.000263 with aspect ratio=6.999588 took 11.418590s
11:54:03 - Heat flux = 0.000263 with aspect ratio=6.999591 took 11.469892s
11:54:15 - Heat flux = 0.000263 with aspect ratio=6.999591 took 11.362110s
11:54:27 - Heat flux = 0.000263 with aspect ratio=6.999590 took 11.443378s
11:54:39 - Heat flux = 0.000263 with aspect ratio=6.999590 took 11.516817s
11:54:51 - Heat flux = 0.000263 with aspect ratio=6.999590 took 11.476650s
11:55:04 - Heat flux = 0.000263 with aspect ratio=6.999591 took 11.471815s
11:55:16 - Heat flux = 0.000263 with aspect ratio=6.999608 took 11.385129s
11:55:28 - Heat flux = 0.000262 with aspect ratio=6.999540 took 11.432271s
11:55:40 - Heat flux = 0.000263 with aspect ratio=6.999591 took 11.585491s
11:55:53 - Heat flux = 0.000263 with aspect ratio=6.999590 took 11.484349s
11:56:05 - Heat flux = 0.000263 with aspect ratio=6.999590 took 11.439399s
11:56:17 - Heat flux = 0.000263 with aspect ratio=6.999587 took 11.368540s
11:56:29 - Heat flux = 0.000263 with aspect ratio=6.999590 took 11.347042s
11:56:41 - Heat flux = 0.000263 with aspect ratio=6.999591 took 11.480415s
11:56:54 - Heat flux = 0.000263 with aspect ratio=6.999590 took 11.404315s
       5             11         4.3961e-03      1.75e-03       8.86e-04       1.06e-01    
11:57:05 - Heat flux = 0.148548 with aspect ratio=7.000787 took 10.965159s
11:57:18 - Heat flux = 0.000258 with aspect ratio=7.000945 took 11.359862s
11:57:31 - Heat flux = 0.000258 with aspect ratio=7.000945 took 11.481892s
11:57:43 - Heat flux = 0.000258 with aspect ratio=7.000945 took 11.388339s
11:57:55 - Heat flux = 0.000258 with aspect ratio=7.000945 took 11.489806s
11:58:07 - Heat flux = 0.000258 with aspect ratio=7.000945 took 11.405613s
11:58:20 - Heat flux = 0.000258 with aspect ratio=7.000937 took 11.830059s
11:58:32 - Heat flux = 0.000258 with aspect ratio=7.000903 took 11.320973s
11:58:44 - Heat flux = 0.000258 with aspect ratio=7.000945 took 11.396059s
11:58:56 - Heat flux = 0.000258 with aspect ratio=7.000945 took 11.468171s
11:59:08 - Heat flux = 0.000258 with aspect ratio=7.000946 took 11.425716s
11:59:20 - Heat flux = 0.000258 with aspect ratio=7.000943 took 11.370645s
11:59:33 - Heat flux = 0.000258 with aspect ratio=7.000945 took 11.433835s
11:59:45 - Heat flux = 0.000258 with aspect ratio=7.000945 took 11.513173s
11:59:57 - Heat flux = 0.000258 with aspect ratio=7.000945 took 11.377126s
12:00:09 - Heat flux = 0.000258 with aspect ratio=7.000945 took 11.398764s
12:00:21 - Heat flux = 0.000258 with aspect ratio=7.000945 took 11.432941s
12:00:34 - Heat flux = 0.000258 with aspect ratio=7.000945 took 11.348696s
12:00:46 - Heat flux = 0.000258 with aspect ratio=7.000963 took 11.360437s
12:00:58 - Heat flux = 0.000258 with aspect ratio=7.000895 took 11.436716s
12:01:10 - Heat flux = 0.000258 with aspect ratio=7.000945 took 11.513945s
12:01:22 - Heat flux = 0.000258 with aspect ratio=7.000945 took 11.385360s
12:01:34 - Heat flux = 0.000258 with aspect ratio=7.000945 took 11.414675s
12:01:47 - Heat flux = 0.000258 with aspect ratio=7.000942 took 11.446959s
12:01:59 - Heat flux = 0.000258 with aspect ratio=7.000945 took 11.272811s
12:02:11 - Heat flux = 0.000258 with aspect ratio=7.000945 took 11.505628s
12:02:23 - Heat flux = 0.000258 with aspect ratio=7.000945 took 11.654156s
       6             13         4.3233e-03      7.28e-05       4.43e-04       4.07e-01    
12:02:36 - Heat flux = 0.000258 with aspect ratio=7.001516 took 11.445981s
12:02:49 - Heat flux = 0.000258 with aspect ratio=7.001516 took 11.409391s
12:03:01 - Heat flux = 0.000259 with aspect ratio=7.001517 took 11.523149s
12:03:14 - Heat flux = 0.000255 with aspect ratio=7.001516 took 11.468353s
12:03:27 - Heat flux = 0.000259 with aspect ratio=7.001516 took 11.526392s
12:03:39 - Heat flux = 0.000255 with aspect ratio=7.001509 took 11.497053s
12:03:52 - Heat flux = 0.000255 with aspect ratio=7.001474 took 11.489060s
12:04:04 - Heat flux = 0.000258 with aspect ratio=7.001517 took 11.497461s
12:04:17 - Heat flux = 0.000258 with aspect ratio=7.001517 took 11.397765s
12:04:30 - Heat flux = 0.000256 with aspect ratio=7.001517 took 11.516221s
Function evaluation failed for <bound method Vmec.aspect of Vmec1 (nfp=4 mpol=5 ntor=5)>
12:04:43 - Heat flux = 0.000257 with aspect ratio=7.001517 took 11.406347s
12:04:56 - Heat flux = 0.000255 with aspect ratio=7.001517 took 11.651172s
12:05:09 - Heat flux = 0.000258 with aspect ratio=7.001516 took 11.349027s
12:05:21 - Heat flux = 0.000254 with aspect ratio=7.001516 took 11.522272s
12:05:34 - Heat flux = 0.000255 with aspect ratio=7.001516 took 11.597849s
12:05:47 - Heat flux = 0.000258 with aspect ratio=7.001517 took 11.587340s
12:06:00 - Heat flux = 0.000256 with aspect ratio=7.001534 took 11.399975s
12:06:12 - Heat flux = 0.000258 with aspect ratio=7.001466 took 11.404222s
12:06:25 - Heat flux = 0.000255 with aspect ratio=7.001517 took 11.592063s
12:06:38 - Heat flux = 0.000255 with aspect ratio=7.001517 took 11.745934s
12:06:51 - Heat flux = 0.000257 with aspect ratio=7.001516 took 11.416709s
12:07:04 - Heat flux = 0.000255 with aspect ratio=7.001513 took 11.494666s
Function evaluation failed for <bound method Vmec.aspect of Vmec1 (nfp=4 mpol=5 ntor=5)>
Function evaluation failed for <bound method Vmec.aspect of Vmec1 (nfp=4 mpol=5 ntor=5)>
12:07:18 - Heat flux = 0.000258 with aspect ratio=7.001516 took 11.286574s
       7             14         4.2009e-03      1.22e-04       8.86e-04       4.10e+16    
12:07:31 - Heat flux = 0.000611 with aspect ratio=6.972599 took 11.730414s
12:07:44 - Heat flux = 0.000219 with aspect ratio=7.008933 took 11.578288s
12:07:57 - Heat flux = 0.000256 with aspect ratio=7.002447 took 11.588881s
12:08:09 - Heat flux = 0.000254 with aspect ratio=7.001451 took 11.335406s
12:08:22 - Heat flux = 0.000257 with aspect ratio=7.001490 took 11.480852s
12:08:35 - Heat flux = 0.000257 with aspect ratio=7.001509 took 11.473747s
12:08:48 - Heat flux = 0.000257 with aspect ratio=7.001509 took 11.397082s
12:09:01 - Heat flux = 0.000255 with aspect ratio=7.001509 took 11.510776s
Function evaluation failed for <bound method Vmec.aspect of Vmec1 (nfp=4 mpol=5 ntor=5)>
12:09:15 - Heat flux = 0.000255 with aspect ratio=7.001509 took 11.384995s
12:09:27 - Heat flux = 0.000257 with aspect ratio=7.001501 took 11.543550s
12:09:40 - Heat flux = 0.000259 with aspect ratio=7.001466 took 11.499521s
12:09:52 - Heat flux = 0.000255 with aspect ratio=7.001509 took 11.359140s
12:10:05 - Heat flux = 0.000255 with aspect ratio=7.001509 took 11.493582s
12:10:18 - Heat flux = 0.000255 with aspect ratio=7.001509 took 11.504160s
12:10:31 - Heat flux = 0.000258 with aspect ratio=7.001506 took 11.668529s
12:10:43 - Heat flux = 0.000257 with aspect ratio=7.001509 took 11.404940s
12:10:56 - Heat flux = 0.000255 with aspect ratio=7.001509 took 11.439636s
12:11:08 - Heat flux = 0.000255 with aspect ratio=7.001509 took 11.529655s
12:11:21 - Heat flux = 0.000255 with aspect ratio=7.001509 took 11.417641s
Function evaluation failed for <bound method Vmec.aspect of Vmec1 (nfp=4 mpol=5 ntor=5)>
12:11:35 - Heat flux = 0.000255 with aspect ratio=7.001509 took 11.781498s
12:11:48 - Heat flux = 0.000255 with aspect ratio=7.001526 took 11.410391s
12:12:00 - Heat flux = 0.000257 with aspect ratio=7.001458 took 11.314607s
12:12:13 - Heat flux = 0.000255 with aspect ratio=7.001509 took 11.359415s
12:12:25 - Heat flux = 0.000255 with aspect ratio=7.001509 took 11.523434s
12:12:38 - Heat flux = 0.000255 with aspect ratio=7.001508 took 11.432553s
12:12:50 - Heat flux = 0.000255 with aspect ratio=7.001505 took 11.466431s
12:13:03 - Heat flux = 0.000259 with aspect ratio=7.001509 took 11.446729s
12:13:15 - Heat flux = 0.000255 with aspect ratio=7.001509 took 11.544772s
12:13:28 - Heat flux = 0.000255 with aspect ratio=7.001509 took 11.506600s
       8             20         4.1990e-03      1.91e-06       1.73e-06       4.08e+16    
12:13:41 - Heat flux = 0.000255 with aspect ratio=7.001513 took 11.499087s
Function evaluation failed for <bound method Vmec.aspect of Vmec1 (nfp=4 mpol=5 ntor=5)>
12:13:55 - Heat flux = 0.000258 with aspect ratio=7.001509 took 11.333487s
12:14:08 - Heat flux = 0.000257 with aspect ratio=7.001509 took 11.420203s
Function evaluation failed for <bound method Vmec.aspect of Vmec1 (nfp=4 mpol=5 ntor=5)>
       9             25         4.1990e-03      0.00e+00       0.00e+00       4.08e+16    
`xtol` termination condition is satisfied.
Function evaluations 25, initial cost 1.1899e-01, final cost 4.1990e-03, first-order optimality 4.08e+16.
Final aspect ratio: 7.001508638120025
Final mean iota: -1.1797853619235381
Final magnetic well: -0.01868141930596916
Final heat flux: 0.0002569241701562889
 - - - - - - - - - - - - - - - - - - - - - - - - - - - - - - - - -
  VMEC OUTPUT FILES ALREADY EXIST: OVERWRITING THEM ...
  SEQ =    1 TIME SLICE  0.0000E+00
  PROCESSING INPUT.final
  THIS IS PARVMEC (PARALLEL VMEC), VERSION 9.0
  Lambda: Full Radial Mesh. L-Force: hybrid full/half.

  COMPUTER: powerpc64le-conda_cos7-linux-gnu   OS:    RELEASE:   DATE = Nov 02,2022  TIME = 12:14:23

  NS =   16 NO. FOURIER MODES =   50 FTOLV =  1.000E-12 NITER =   4000
  PROCESSOR COUNT - RADIAL:    1
 INITIAL JACOBIAN CHANGED SIGN!
 TRYING TO IMPROVE INITIAL MAGNETIC AXIS GUESS
  ---- Improved AXIS Guess ----
      RAXIS_CC =    1.0079902624140751       0.17893663599083329        3.3764534294607814E-003  -4.2451942464972739E-003  -5.7097791256905490E-004   1.6206575235150266E-003
      ZAXIS_CS =   -0.0000000000000000       0.13712291462711762       -3.4833699966153584E-003  -3.0557535736498724E-003   5.7888851294647648E-004   4.4779265463806747E-004
  -----------------------------

  ITER    FSQR      FSQZ      FSQL    RAX(v=0)    DELT       WMHD

    1  3.98E-02  2.42E-02  5.22E-02  1.187E+00  9.00E-01  1.6052E-01
  200  4.24E-03  4.93E-03  2.75E-05  1.177E+00  8.48E-01  1.5500E-01
  400  5.41E-04  6.28E-04  3.38E-06  1.178E+00  8.48E-01  1.5500E-01
  600  1.04E-04  1.20E-04  6.50E-07  1.178E+00  8.48E-01  1.5500E-01
  800  1.06E-10  2.93E-11  1.58E-11  1.178E+00  8.24E-01  1.5500E-01
 1000  1.12E-11  2.03E-12  6.98E-13  1.178E+00  8.24E-01  1.5500E-01
 1146  9.83E-13  1.94E-13  8.62E-14  1.178E+00  8.24E-01  1.5500E-01

  NS =   51 NO. FOURIER MODES =   50 FTOLV =  1.000E-13 NITER =  10000
  PROCESSOR COUNT - RADIAL:    1

  ITER    FSQR      FSQZ      FSQL    RAX(v=0)    DELT       WMHD

    1  9.91E-03  8.24E-03  1.01E-05  1.178E+00  9.00E-01  1.5500E-01
  200  1.33E-08  3.61E-09  1.21E-10  1.178E+00  6.87E-01  1.5500E-01
  400  1.81E-10  3.36E-11  1.36E-11  1.178E+00  6.87E-01  1.5500E-01
  600  1.81E-11  3.59E-12  1.62E-12  1.178E+00  6.87E-01  1.5500E-01
  800  2.69E-12  5.45E-13  1.01E-13  1.178E+00  6.87E-01  1.5500E-01
 1000  4.10E-13  8.07E-14  7.49E-15  1.178E+00  6.87E-01  1.5500E-01
 1135  9.98E-14  1.94E-14  1.27E-15  1.178E+00  6.87E-01  1.5500E-01

  NS =  101 NO. FOURIER MODES =   50 FTOLV =  1.000E-14 NITER =   4000
  PROCESSOR COUNT - RADIAL:    1

  ITER    FSQR      FSQZ      FSQL    RAX(v=0)    DELT       WMHD

    1  9.27E-03  7.54E-03  1.26E-07  1.178E+00  9.00E-01  1.5500E-01
  200  2.66E-08  1.49E-08  4.66E-12  1.178E+00  5.57E-01  1.5500E-01
  400  5.72E-10  7.44E-11  3.68E-13  1.178E+00  5.57E-01  1.5500E-01
  600  1.03E-10  1.61E-11  4.89E-14  1.178E+00  5.57E-01  1.5500E-01
  800  2.94E-12  6.84E-13  1.13E-14  1.178E+00  5.57E-01  1.5500E-01
 1000  6.10E-13  1.09E-13  2.32E-15  1.178E+00  5.57E-01  1.5500E-01
 1200  2.11E-13  3.61E-14  4.35E-16  1.178E+00  5.57E-01  1.5500E-01
 1400  5.37E-14  9.35E-15  1.28E-16  1.178E+00  5.57E-01  1.5500E-01
 1535  9.94E-15  2.65E-15  4.24E-17  1.178E+00  5.57E-01  1.5500E-01

 EXECUTION TERMINATED NORMALLY

 FILE : final_000_000000
 NUMBER OF JACOBIAN RESETS =    4

    TOTAL COMPUTATIONAL TIME (SEC)        14.26
    TIME TO INPUT/OUTPUT                   0.05
       READ IN DATA                        0.00
       WRITE OUT DATA TO WOUT              0.05
    TIME IN FUNCT3D                       14.11
       BCOVAR FIELDS                       2.13
       FOURIER TRANSFORM                   2.40
       INVERSE FOURIER TRANSFORM           2.26
       FORCES AND SYMMETRIZE               2.39
       RESIDUE                             3.86
       EQFORCE                             0.00
nfp:  4
ns:  101
mpol:  5
ntor:  5
Aminor_p:  0.141854251225409
Rmajor_p:  0.9931937653087538
aspect:             7.001508638120057
Rmajor_p/Aminor_p:  7.001508638120057
betatotal:  0.0
betapol:    0.0
betator:    0.0
betaxis:    0.0
ctor:    4.346024247236621e-11
bmnc.shape: (101, 128)
bmns.shape: (101, 128)
Creating Boozer class for vmec_final
Defining surfaces where to compute Boozer coordinates
 booz_surfaces=[0.  0.1 0.2 0.3 0.4 0.5 0.6 0.7 0.8 0.9]
Running BOOZ_XFORM
mnmax: 50  len(xm): 50  len(xn): 50
mnmax_nyq: 128  len(xm_nyq): 128  len(xn_nyq): 128
Read ns=101, mpol=5, ntor=5, mnmax=50, mnmax_nyq=128
compute_surfs (0-based indices):  0 10 20 30 39 49 60 70 79 89
Initializing with mboz=64, nboz=64
ntheta = 258, nzeta = 258, # threads = 4
                   |        outboard (theta=0)      |      inboard (theta=pi)      |
thread js_b js zeta| |B|input  |B|Boozer    Error   | |B|input  |B|Boozer    Error |
------------------------------------------------------------------------------------
   1     3  30   0  8.104e-01  8.104e-01  1.082e-14  9.777e-01  9.777e-01  4.429e-15
                pi  9.724e-01  9.724e-01  1.941e-15  8.113e-01  8.113e-01  1.875e-14
   0     0   0   0  8.768e-01  8.768e-01  1.140e-15  8.982e-01  8.982e-01  6.798e-15
                pi  9.036e-01  9.036e-01  1.536e-14  8.823e-01  8.823e-01  2.391e-15
   3     8  79   0  7.697e-01  7.697e-01  1.356e-14  1.042e+00  1.042e+00  1.364e-14
                pi  1.008e+00  1.008e+00  1.543e-14  7.712e-01  7.712e-01  2.447e-14
   2     6  60   0  7.827e-01  7.827e-01  4.965e-15  1.019e+00  1.019e+00  1.960e-14
                pi  9.979e-01  9.979e-01  1.079e-14  7.829e-01  7.829e-01  1.886e-14
   1     4  39   0  8.008e-01  8.008e-01  1.386e-15  9.915e-01  9.915e-01  1.478e-14
                pi  9.819e-01  9.819e-01  6.784e-16  8.011e-01  8.011e-01  9.424e-15
   0     1  10   0  8.406e-01  8.406e-01  1.783e-14  9.385e-01  9.385e-01  1.242e-14
                pi  9.411e-01  9.411e-01  1.593e-14  8.441e-01  8.441e-01  1.065e-14
   3     9  89   0  7.639e-01  7.639e-01  1.148e-14  1.053e+00  1.053e+00  2.173e-14
                pi  1.011e+00  1.011e+00  1.076e-14  7.665e-01  7.665e-01  1.115e-14
   2     7  70   0  7.755e-01  7.755e-01  1.446e-14  1.031e+00  1.031e+00  2.217e-14
                pi  1.003e+00  1.003e+00  2.832e-14  7.763e-01  7.763e-01  4.162e-14
   1     5  49   0  7.915e-01  7.915e-01  1.627e-14  1.005e+00  1.005e+00  9.939e-15
                pi  9.904e-01  9.904e-01  2.130e-15  7.916e-01  7.916e-01  1.515e-14
   0     2  20   0  8.233e-01  8.233e-01  1.349e-15  9.603e-01  9.603e-01  2.544e-14
                pi  9.592e-01  9.592e-01  6.945e-16  8.252e-01  8.252e-01  2.045e-14
Writing output to /m100/home/userexternal/rjorge00/some_optimizations/GX_SIMSOPT/output_MAXITER150_least_squares_nfp4_QH/boozmn_single_stage.nc
Plot BOOZ_XFORM
Whole optimization took 3170.323425s
slurmstepd: error: *** JOB 8572762 ON login06 CANCELLED AT 2022-11-02T14:15:47 ***
