Starting GX runs
nzgrid=71 npol=6 nstep=8000 dt=0.5 nhermite=7 nlaguerre=3 nu_hyper=0.5 D_hyper=0.05 ny=100 nx=50 y0=25.0 growth_rate=51.286598 qflux=93.831482 took 248.008297s
nzgrid=141 npol=6 nstep=8000 dt=0.5 nhermite=7 nlaguerre=3 nu_hyper=0.5 D_hyper=0.05 ny=100 nx=50 y0=25.0 growth_rate=19.224525 qflux=101.879616 took 488.128070s
nzgrid=141 npol=12 nstep=8000 dt=0.5 nhermite=7 nlaguerre=3 nu_hyper=0.5 D_hyper=0.05 ny=100 nx=50 y0=25.0 growth_rate=16.129517 qflux=72.163788 took 491.384768s
nzgrid=71 npol=6 nstep=16000 dt=0.5 nhermite=7 nlaguerre=3 nu_hyper=0.5 D_hyper=0.05 ny=100 nx=50 y0=25.0 growth_rate=12.132294 qflux=94.583427 took 491.862000s
nzgrid=71 npol=6 nstep=16000 dt=0.25 nhermite=7 nlaguerre=3 nu_hyper=0.5 D_hyper=0.05 ny=100 nx=50 y0=25.0 growth_rate=26.472549 qflux=93.678604 took 485.610608s
nzgrid=71 npol=6 nstep=8000 dt=0.5 nhermite=14 nlaguerre=3 nu_hyper=0.5 D_hyper=0.05 ny=100 nx=50 y0=25.0 growth_rate=24.669739 qflux=81.422440 took 442.546501s
nzgrid=71 npol=6 nstep=8000 dt=0.5 nhermite=7 nlaguerre=6 nu_hyper=0.5 D_hyper=0.05 ny=100 nx=50 y0=25.0 growth_rate=19.960411 qflux=97.256226 took 481.262194s
nzgrid=71 npol=6 nstep=8000 dt=0.5 nhermite=7 nlaguerre=3 nu_hyper=0.25 D_hyper=0.05 ny=100 nx=50 y0=25.0 growth_rate=18.301863 qflux=79.412491 took 247.667243s
nzgrid=71 npol=6 nstep=8000 dt=0.5 nhermite=7 nlaguerre=3 nu_hyper=0.5 D_hyper=0.025 ny=100 nx=50 y0=25.0 growth_rate=22.562120 qflux=88.796402 took 247.505697s
nzgrid=71 npol=6 nstep=8000 dt=0.5 nhermite=7 nlaguerre=3 nu_hyper=0.5 D_hyper=0.05 ny=200 nx=50 y0=25.0 growth_rate=59.100441 qflux=74.089149 took 451.209640s
nzgrid=71 npol=6 nstep=8000 dt=0.5 nhermite=7 nlaguerre=3 nu_hyper=0.5 D_hyper=0.05 ny=100 nx=100 y0=25.0 growth_rate=139.751694 qflux=29.660088 took 435.190210s
nzgrid=71 npol=6 nstep=8000 dt=0.5 nhermite=7 nlaguerre=3 nu_hyper=0.5 D_hyper=0.05 ny=200 nx=50 y0=50.0 growth_rate=15.004480 qflux=195.763550 took 447.233335s
nzgrid=71 npol=6 nstep=8000 dt=0.5 nhermite=7 nlaguerre=3 nu_hyper=0.5 D_hyper=0.05 ny=200 nx=50 y0=12.5 growth_rate=409.808655 qflux=8.373463 took 449.957537s
./test_parameters.py:121: MatplotlibDeprecationWarning: Auto-removal of overlapping axes is deprecated since 3.6 and will be removed two minor releases later; explicitly call ax.remove() as needed.
  plt.subplot(numRows, numCols, 1)
./test_parameters.py:121: MatplotlibDeprecationWarning: Auto-removal of overlapping axes is deprecated since 3.6 and will be removed two minor releases later; explicitly call ax.remove() as needed.
  plt.subplot(numRows, numCols, 1)
./test_parameters.py:78: RuntimeWarning: invalid value encountered in divide
  phiR = (y[max_index[0],int((len(kxX)-1)/2),:,0]*phiR0+y[max_index[0],int((len(kxX)-1)/2),:,1]*phiI0)/phi02
./test_parameters.py:79: RuntimeWarning: invalid value encountered in divide
  phiI = (y[max_index[0],int((len(kxX)-1)/2),:,1]*phiR0-y[max_index[0],int((len(kxX)-1)/2),:,0]*phiI0)/phi02
./test_parameters.py:121: MatplotlibDeprecationWarning: Auto-removal of overlapping axes is deprecated since 3.6 and will be removed two minor releases later; explicitly call ax.remove() as needed.
  plt.subplot(numRows, numCols, 1)
./test_parameters.py:121: MatplotlibDeprecationWarning: Auto-removal of overlapping axes is deprecated since 3.6 and will be removed two minor releases later; explicitly call ax.remove() as needed.
  plt.subplot(numRows, numCols, 1)
./test_parameters.py:78: RuntimeWarning: invalid value encountered in divide
  phiR = (y[max_index[0],int((len(kxX)-1)/2),:,0]*phiR0+y[max_index[0],int((len(kxX)-1)/2),:,1]*phiI0)/phi02
./test_parameters.py:79: RuntimeWarning: invalid value encountered in divide
  phiI = (y[max_index[0],int((len(kxX)-1)/2),:,1]*phiR0-y[max_index[0],int((len(kxX)-1)/2),:,0]*phiI0)/phi02
./test_parameters.py:121: MatplotlibDeprecationWarning: Auto-removal of overlapping axes is deprecated since 3.6 and will be removed two minor releases later; explicitly call ax.remove() as needed.
  plt.subplot(numRows, numCols, 1)
./test_parameters.py:121: MatplotlibDeprecationWarning: Auto-removal of overlapping axes is deprecated since 3.6 and will be removed two minor releases later; explicitly call ax.remove() as needed.
  plt.subplot(numRows, numCols, 1)
./test_parameters.py:121: MatplotlibDeprecationWarning: Auto-removal of overlapping axes is deprecated since 3.6 and will be removed two minor releases later; explicitly call ax.remove() as needed.
  plt.subplot(numRows, numCols, 1)
./test_parameters.py:78: RuntimeWarning: invalid value encountered in divide
  phiR = (y[max_index[0],int((len(kxX)-1)/2),:,0]*phiR0+y[max_index[0],int((len(kxX)-1)/2),:,1]*phiI0)/phi02
./test_parameters.py:79: RuntimeWarning: invalid value encountered in divide
  phiI = (y[max_index[0],int((len(kxX)-1)/2),:,1]*phiR0-y[max_index[0],int((len(kxX)-1)/2),:,0]*phiI0)/phi02
./test_parameters.py:121: MatplotlibDeprecationWarning: Auto-removal of overlapping axes is deprecated since 3.6 and will be removed two minor releases later; explicitly call ax.remove() as needed.
  plt.subplot(numRows, numCols, 1)
./test_parameters.py:121: MatplotlibDeprecationWarning: Auto-removal of overlapping axes is deprecated since 3.6 and will be removed two minor releases later; explicitly call ax.remove() as needed.
  plt.subplot(numRows, numCols, 1)
./test_parameters.py:121: MatplotlibDeprecationWarning: Auto-removal of overlapping axes is deprecated since 3.6 and will be removed two minor releases later; explicitly call ax.remove() as needed.
  plt.subplot(numRows, numCols, 1)
./test_parameters.py:121: MatplotlibDeprecationWarning: Auto-removal of overlapping axes is deprecated since 3.6 and will be removed two minor releases later; explicitly call ax.remove() as needed.
  plt.subplot(numRows, numCols, 1)
./test_parameters.py:121: MatplotlibDeprecationWarning: Auto-removal of overlapping axes is deprecated since 3.6 and will be removed two minor releases later; explicitly call ax.remove() as needed.
  plt.subplot(numRows, numCols, 1)
./test_parameters.py:121: MatplotlibDeprecationWarning: Auto-removal of overlapping axes is deprecated since 3.6 and will be removed two minor releases later; explicitly call ax.remove() as needed.
  plt.subplot(numRows, numCols, 1)
