Starting GX run
nzgrid=91 npol=4 nstep=8000 dt=0.35 nhermite=15 nlaguerre=5 nu_hyper=0.5 D_hyper=0.05 ny=80 nx=80 y0=10.0 growth_rate=235.035583 qflux=24.077263 took 1178.622848s
nzgrid=181 npol=4 nstep=8000 dt=0.35 nhermite=15 nlaguerre=5 nu_hyper=0.5 D_hyper=0.05 ny=80 nx=80 y0=10.0 growth_rate=89.671150 qflux=11.124788 took 2170.445204s
nzgrid=181 npol=8 nstep=8000 dt=0.35 nhermite=15 nlaguerre=5 nu_hyper=0.5 D_hyper=0.05 ny=80 nx=80 y0=10.0 growth_rate=83.218742 qflux=12.693987 took 2169.569397s
nzgrid=91 npol=4 nstep=16000 dt=0.35 nhermite=15 nlaguerre=5 nu_hyper=0.5 D_hyper=0.05 ny=80 nx=80 y0=10.0 growth_rate=92.933304 qflux=29.069437 took 2346.741128s
nzgrid=91 npol=4 nstep=16000 dt=0.175 nhermite=15 nlaguerre=5 nu_hyper=0.5 D_hyper=0.05 ny=80 nx=80 y0=10.0 growth_rate=62.969440 qflux=18.133083 took 2347.929191s
nzgrid=91 npol=4 nstep=8000 dt=0.35 nhermite=30 nlaguerre=5 nu_hyper=0.5 D_hyper=0.05 ny=80 nx=80 y0=10.0 growth_rate=969.759705 qflux=-0.711625 took 2249.370557s
nzgrid=91 npol=4 nstep=8000 dt=0.35 nhermite=15 nlaguerre=10 nu_hyper=0.5 D_hyper=0.05 ny=80 nx=80 y0=10.0 growth_rate=400.846405 qflux=31.433252 took 2200.482207s
nzgrid=91 npol=4 nstep=8000 dt=0.35 nhermite=15 nlaguerre=5 nu_hyper=0.25 D_hyper=0.05 ny=80 nx=80 y0=10.0 growth_rate=111.633263 qflux=19.138863 took 1177.051217s
nzgrid=91 npol=4 nstep=8000 dt=0.35 nhermite=15 nlaguerre=5 nu_hyper=0.5 D_hyper=0.025 ny=80 nx=80 y0=10.0 growth_rate=196.025253 qflux=23.945759 took 1176.403008s
nzgrid=91 npol=4 nstep=8000 dt=0.35 nhermite=15 nlaguerre=5 nu_hyper=0.5 D_hyper=0.05 ny=160 nx=80 y0=10.0 growth_rate=1318.628052 qflux=-196.391479 took 2260.246684s
nzgrid=91 npol=4 nstep=8000 dt=0.35 nhermite=15 nlaguerre=5 nu_hyper=0.5 D_hyper=0.05 ny=80 nx=160 y0=10.0 growth_rate=174.590897 qflux=1.175986 took 2303.496608s
nzgrid=91 npol=4 nstep=8000 dt=0.35 nhermite=15 nlaguerre=5 nu_hyper=0.5 D_hyper=0.05 ny=160 nx=80 y0=20.0 growth_rate=113.552971 qflux=72.766693 took 2257.696614s
nzgrid=91 npol=4 nstep=8000 dt=0.35 nhermite=15 nlaguerre=5 nu_hyper=0.5 D_hyper=0.05 ny=160 nx=80 y0=5.0 growth_rate=28562.843750 qflux=-109.737610 took 2252.106700s
./test_parameters.py:142: MatplotlibDeprecationWarning: Auto-removal of overlapping axes is deprecated since 3.6 and will be removed two minor releases later; explicitly call ax.remove() as needed.
  plt.subplot(numRows, numCols, 1)
./test_parameters.py:142: MatplotlibDeprecationWarning: Auto-removal of overlapping axes is deprecated since 3.6 and will be removed two minor releases later; explicitly call ax.remove() as needed.
  plt.subplot(numRows, numCols, 1)
./test_parameters.py:142: MatplotlibDeprecationWarning: Auto-removal of overlapping axes is deprecated since 3.6 and will be removed two minor releases later; explicitly call ax.remove() as needed.
  plt.subplot(numRows, numCols, 1)
./test_parameters.py:142: MatplotlibDeprecationWarning: Auto-removal of overlapping axes is deprecated since 3.6 and will be removed two minor releases later; explicitly call ax.remove() as needed.
  plt.subplot(numRows, numCols, 1)
./test_parameters.py:142: MatplotlibDeprecationWarning: Auto-removal of overlapping axes is deprecated since 3.6 and will be removed two minor releases later; explicitly call ax.remove() as needed.
  plt.subplot(numRows, numCols, 1)
./test_parameters.py:142: MatplotlibDeprecationWarning: Auto-removal of overlapping axes is deprecated since 3.6 and will be removed two minor releases later; explicitly call ax.remove() as needed.
  plt.subplot(numRows, numCols, 1)
./test_parameters.py:142: MatplotlibDeprecationWarning: Auto-removal of overlapping axes is deprecated since 3.6 and will be removed two minor releases later; explicitly call ax.remove() as needed.
  plt.subplot(numRows, numCols, 1)
./test_parameters.py:99: RuntimeWarning: invalid value encountered in divide
  phiR = (y[max_index[0],int((len(kxX)-1)/2),:,0]*phiR0+y[max_index[0],int((len(kxX)-1)/2),:,1]*phiI0)/phi02
./test_parameters.py:100: RuntimeWarning: invalid value encountered in divide
  phiI = (y[max_index[0],int((len(kxX)-1)/2),:,1]*phiR0-y[max_index[0],int((len(kxX)-1)/2),:,0]*phiI0)/phi02
./test_parameters.py:142: MatplotlibDeprecationWarning: Auto-removal of overlapping axes is deprecated since 3.6 and will be removed two minor releases later; explicitly call ax.remove() as needed.
  plt.subplot(numRows, numCols, 1)
./test_parameters.py:142: MatplotlibDeprecationWarning: Auto-removal of overlapping axes is deprecated since 3.6 and will be removed two minor releases later; explicitly call ax.remove() as needed.
  plt.subplot(numRows, numCols, 1)
./test_parameters.py:142: MatplotlibDeprecationWarning: Auto-removal of overlapping axes is deprecated since 3.6 and will be removed two minor releases later; explicitly call ax.remove() as needed.
  plt.subplot(numRows, numCols, 1)
./test_parameters.py:142: MatplotlibDeprecationWarning: Auto-removal of overlapping axes is deprecated since 3.6 and will be removed two minor releases later; explicitly call ax.remove() as needed.
  plt.subplot(numRows, numCols, 1)
./test_parameters.py:142: MatplotlibDeprecationWarning: Auto-removal of overlapping axes is deprecated since 3.6 and will be removed two minor releases later; explicitly call ax.remove() as needed.
  plt.subplot(numRows, numCols, 1)
./test_parameters.py:142: MatplotlibDeprecationWarning: Auto-removal of overlapping axes is deprecated since 3.6 and will be removed two minor releases later; explicitly call ax.remove() as needed.
  plt.subplot(numRows, numCols, 1)
