Starting GX run
nzgrid=91 npol=4 nstep=8000 dt=0.35 nhermite=15 nlaguerre=5 nu_hyper=0.5 D_hyper=0.05 ny=80 nx=80 y0=10.0 growth_rate=85.164841 qflux=18.915909 took 1176.938683s
nzgrid=181 npol=4 nstep=8000 dt=0.35 nhermite=15 nlaguerre=5 nu_hyper=0.5 D_hyper=0.05 ny=80 nx=80 y0=10.0 growth_rate=75.489738 qflux=16.596645 took 2168.964963s
nzgrid=181 npol=8 nstep=8000 dt=0.35 nhermite=15 nlaguerre=5 nu_hyper=0.5 D_hyper=0.05 ny=80 nx=80 y0=10.0 growth_rate=89.192078 qflux=17.593054 took 2169.048513s
nzgrid=91 npol=4 nstep=16000 dt=0.35 nhermite=15 nlaguerre=5 nu_hyper=0.5 D_hyper=0.05 ny=80 nx=80 y0=10.0 growth_rate=73.711472 qflux=20.692461 took 2346.043063s
nzgrid=91 npol=4 nstep=16000 dt=0.175 nhermite=15 nlaguerre=5 nu_hyper=0.5 D_hyper=0.05 ny=80 nx=80 y0=10.0 growth_rate=48.272320 qflux=17.592609 took 2348.119355s
nzgrid=91 npol=4 nstep=8000 dt=0.35 nhermite=30 nlaguerre=5 nu_hyper=0.5 D_hyper=0.05 ny=80 nx=80 y0=10.0 growth_rate=456.185364 qflux=46.643440 took 2252.444905s
nzgrid=91 npol=4 nstep=8000 dt=0.35 nhermite=15 nlaguerre=10 nu_hyper=0.5 D_hyper=0.05 ny=80 nx=80 y0=10.0 growth_rate=266.526917 qflux=29.037331 took 2197.751193s
nzgrid=91 npol=4 nstep=8000 dt=0.35 nhermite=15 nlaguerre=5 nu_hyper=0.25 D_hyper=0.05 ny=80 nx=80 y0=10.0 growth_rate=58.422367 qflux=11.926369 took 1174.571546s
nzgrid=91 npol=4 nstep=8000 dt=0.35 nhermite=15 nlaguerre=5 nu_hyper=0.5 D_hyper=0.025 ny=80 nx=80 y0=10.0 growth_rate=74.729233 qflux=18.458216 took 1179.621911s
nzgrid=91 npol=4 nstep=8000 dt=0.35 nhermite=15 nlaguerre=5 nu_hyper=0.5 D_hyper=0.05 ny=160 nx=80 y0=10.0 growth_rate=700.606384 qflux=46.960052 took 2263.025535s
nzgrid=91 npol=4 nstep=8000 dt=0.35 nhermite=15 nlaguerre=5 nu_hyper=0.5 D_hyper=0.05 ny=80 nx=160 y0=10.0 growth_rate=171.307953 qflux=22.312622 took 2300.545694s
nzgrid=91 npol=4 nstep=8000 dt=0.35 nhermite=15 nlaguerre=5 nu_hyper=0.5 D_hyper=0.05 ny=160 nx=80 y0=20.0 growth_rate=230.341385 qflux=37.055473 took 2256.246225s
nzgrid=91 npol=4 nstep=8000 dt=0.35 nhermite=15 nlaguerre=5 nu_hyper=0.5 D_hyper=0.05 ny=160 nx=80 y0=5.0 growth_rate=156017.062500 qflux=-82.316681 took 2255.703015s
./test_parameters.py:142: MatplotlibDeprecationWarning: Auto-removal of overlapping axes is deprecated since 3.6 and will be removed two minor releases later; explicitly call ax.remove() as needed.
  plt.subplot(numRows, numCols, 1)
./test_parameters.py:142: MatplotlibDeprecationWarning: Auto-removal of overlapping axes is deprecated since 3.6 and will be removed two minor releases later; explicitly call ax.remove() as needed.
  plt.subplot(numRows, numCols, 1)
./test_parameters.py:142: MatplotlibDeprecationWarning: Auto-removal of overlapping axes is deprecated since 3.6 and will be removed two minor releases later; explicitly call ax.remove() as needed.
  plt.subplot(numRows, numCols, 1)
./test_parameters.py:99: RuntimeWarning: invalid value encountered in divide
  phiR = (y[max_index[0],int((len(kxX)-1)/2),:,0]*phiR0+y[max_index[0],int((len(kxX)-1)/2),:,1]*phiI0)/phi02
./test_parameters.py:100: RuntimeWarning: invalid value encountered in divide
  phiI = (y[max_index[0],int((len(kxX)-1)/2),:,1]*phiR0-y[max_index[0],int((len(kxX)-1)/2),:,0]*phiI0)/phi02
./test_parameters.py:142: MatplotlibDeprecationWarning: Auto-removal of overlapping axes is deprecated since 3.6 and will be removed two minor releases later; explicitly call ax.remove() as needed.
  plt.subplot(numRows, numCols, 1)
./test_parameters.py:142: MatplotlibDeprecationWarning: Auto-removal of overlapping axes is deprecated since 3.6 and will be removed two minor releases later; explicitly call ax.remove() as needed.
  plt.subplot(numRows, numCols, 1)
./test_parameters.py:142: MatplotlibDeprecationWarning: Auto-removal of overlapping axes is deprecated since 3.6 and will be removed two minor releases later; explicitly call ax.remove() as needed.
  plt.subplot(numRows, numCols, 1)
./test_parameters.py:142: MatplotlibDeprecationWarning: Auto-removal of overlapping axes is deprecated since 3.6 and will be removed two minor releases later; explicitly call ax.remove() as needed.
  plt.subplot(numRows, numCols, 1)
./test_parameters.py:142: MatplotlibDeprecationWarning: Auto-removal of overlapping axes is deprecated since 3.6 and will be removed two minor releases later; explicitly call ax.remove() as needed.
  plt.subplot(numRows, numCols, 1)
./test_parameters.py:142: MatplotlibDeprecationWarning: Auto-removal of overlapping axes is deprecated since 3.6 and will be removed two minor releases later; explicitly call ax.remove() as needed.
  plt.subplot(numRows, numCols, 1)
./test_parameters.py:142: MatplotlibDeprecationWarning: Auto-removal of overlapping axes is deprecated since 3.6 and will be removed two minor releases later; explicitly call ax.remove() as needed.
  plt.subplot(numRows, numCols, 1)
./test_parameters.py:142: MatplotlibDeprecationWarning: Auto-removal of overlapping axes is deprecated since 3.6 and will be removed two minor releases later; explicitly call ax.remove() as needed.
  plt.subplot(numRows, numCols, 1)
./test_parameters.py:142: MatplotlibDeprecationWarning: Auto-removal of overlapping axes is deprecated since 3.6 and will be removed two minor releases later; explicitly call ax.remove() as needed.
  plt.subplot(numRows, numCols, 1)
./test_parameters.py:142: MatplotlibDeprecationWarning: Auto-removal of overlapping axes is deprecated since 3.6 and will be removed two minor releases later; explicitly call ax.remove() as needed.
  plt.subplot(numRows, numCols, 1)
