perl: warning: Setting locale failed.
perl: warning: Please check that your locale settings:
	LANGUAGE = (unset),
	LC_ALL = (unset),
	LC_CTYPE = "UTF-8",
	LANG = "en_US.UTF-8"
    are supported and installed on your system.
perl: warning: Falling back to a fallback locale ("en_US.UTF-8").
Initial aspect ratio: 8.000967056664201
Initial mean iota: -1.2414619577370025
Initial magnetic well: -0.014518732731757817
Initial growth rate: 0.32905445
## Now calculating total objective function ##
18:53:06 - Growth rate = 0.329054, quasisymmetry = 0.035078 with aspect ratio=8.000967 took 7.356537s
Total objective before optimization: 10.862760765298262
-------------------------
Optimizing with max_mode = 3
-------------------------
18:53:17 - Growth rate = 0.329054, quasisymmetry = 0.035078 with aspect ratio=8.000967 took 7.049154s
Function evaluation failed for <bound method Vmec.aspect of Vmec1 (nfp=4 mpol=5 ntor=5)>
Function evaluation failed for <bound method Vmec.aspect of Vmec1 (nfp=4 mpol=5 ntor=5)>
Function evaluation failed for <bound method Vmec.aspect of Vmec1 (nfp=4 mpol=5 ntor=5)>
Function evaluation failed for <bound method Vmec.aspect of Vmec1 (nfp=4 mpol=5 ntor=5)>
Function evaluation failed for <bound method Vmec.aspect of Vmec1 (nfp=4 mpol=5 ntor=5)>
Function evaluation failed for <bound method Vmec.aspect of Vmec1 (nfp=4 mpol=5 ntor=5)>
Function evaluation failed for <bound method Vmec.aspect of Vmec1 (nfp=4 mpol=5 ntor=5)>
Function evaluation failed for <bound method Vmec.aspect of Vmec1 (nfp=4 mpol=5 ntor=5)>
Function evaluation failed for <bound method Vmec.aspect of Vmec1 (nfp=4 mpol=5 ntor=5)>
Function evaluation failed for <bound method Vmec.aspect of Vmec1 (nfp=4 mpol=5 ntor=5)>
Function evaluation failed for <bound method Vmec.aspect of Vmec1 (nfp=4 mpol=5 ntor=5)>
Function evaluation failed for <bound method Vmec.aspect of Vmec1 (nfp=4 mpol=5 ntor=5)>
Function evaluation failed for <bound method Vmec.aspect of Vmec1 (nfp=4 mpol=5 ntor=5)>
Function evaluation failed for <bound method Vmec.aspect of Vmec1 (nfp=4 mpol=5 ntor=5)>
Function evaluation failed for <bound method Vmec.aspect of Vmec1 (nfp=4 mpol=5 ntor=5)>
Function evaluation failed for <bound method Vmec.aspect of Vmec1 (nfp=4 mpol=5 ntor=5)>
Function evaluation failed for <bound method Vmec.aspect of Vmec1 (nfp=4 mpol=5 ntor=5)>
Function evaluation failed for <bound method Vmec.aspect of Vmec1 (nfp=4 mpol=5 ntor=5)>
Function evaluation failed for <bound method Vmec.aspect of Vmec1 (nfp=4 mpol=5 ntor=5)>
Function evaluation failed for <bound method Vmec.aspect of Vmec1 (nfp=4 mpol=5 ntor=5)>
Function evaluation failed for <bound method Vmec.aspect of Vmec1 (nfp=4 mpol=5 ntor=5)>
Function evaluation failed for <bound method Vmec.aspect of Vmec1 (nfp=4 mpol=5 ntor=5)>
Function evaluation failed for <bound method Vmec.aspect of Vmec1 (nfp=4 mpol=5 ntor=5)>
Function evaluation failed for <bound method Vmec.aspect of Vmec1 (nfp=4 mpol=5 ntor=5)>
Function evaluation failed for <bound method Vmec.aspect of Vmec1 (nfp=4 mpol=5 ntor=5)>
Function evaluation failed for <bound method Vmec.aspect of Vmec1 (nfp=4 mpol=5 ntor=5)>
Function evaluation failed for <bound method Vmec.aspect of Vmec1 (nfp=4 mpol=5 ntor=5)>
Function evaluation failed for <bound method Vmec.aspect of Vmec1 (nfp=4 mpol=5 ntor=5)>
Function evaluation failed for <bound method Vmec.aspect of Vmec1 (nfp=4 mpol=5 ntor=5)>
Function evaluation failed for <bound method Vmec.aspect of Vmec1 (nfp=4 mpol=5 ntor=5)>
Function evaluation failed for <bound method Vmec.aspect of Vmec1 (nfp=4 mpol=5 ntor=5)>
Function evaluation failed for <bound method Vmec.aspect of Vmec1 (nfp=4 mpol=5 ntor=5)>
Function evaluation failed for <bound method Vmec.aspect of Vmec1 (nfp=4 mpol=5 ntor=5)>
Function evaluation failed for <bound method Vmec.aspect of Vmec1 (nfp=4 mpol=5 ntor=5)>
Function evaluation failed for <bound method Vmec.aspect of Vmec1 (nfp=4 mpol=5 ntor=5)>
Function evaluation failed for <bound method Vmec.aspect of Vmec1 (nfp=4 mpol=5 ntor=5)>
Function evaluation failed for <bound method Vmec.aspect of Vmec1 (nfp=4 mpol=5 ntor=5)>
Function evaluation failed for <bound method Vmec.aspect of Vmec1 (nfp=4 mpol=5 ntor=5)>
Function evaluation failed for <bound method Vmec.aspect of Vmec1 (nfp=4 mpol=5 ntor=5)>
Function evaluation failed for <bound method Vmec.aspect of Vmec1 (nfp=4 mpol=5 ntor=5)>
Function evaluation failed for <bound method Vmec.aspect of Vmec1 (nfp=4 mpol=5 ntor=5)>
Function evaluation failed for <bound method Vmec.aspect of Vmec1 (nfp=4 mpol=5 ntor=5)>
Function evaluation failed for <bound method Vmec.aspect of Vmec1 (nfp=4 mpol=5 ntor=5)>
Function evaluation failed for <bound method Vmec.aspect of Vmec1 (nfp=4 mpol=5 ntor=5)>
Function evaluation failed for <bound method Vmec.aspect of Vmec1 (nfp=4 mpol=5 ntor=5)>
Function evaluation failed for <bound method Vmec.aspect of Vmec1 (nfp=4 mpol=5 ntor=5)>
Function evaluation failed for <bound method Vmec.aspect of Vmec1 (nfp=4 mpol=5 ntor=5)>
Function evaluation failed for <bound method Vmec.aspect of Vmec1 (nfp=4 mpol=5 ntor=5)>
18:53:41 - Growth rate = 0.285134, quasisymmetry = 1.343054 with aspect ratio=7.988344 took 7.325874s
18:53:52 - Growth rate = 0.213345, quasisymmetry = 43.380122 with aspect ratio=7.992391 took 6.980794s
Function evaluation failed for <bound method Vmec.aspect of Vmec1 (nfp=4 mpol=5 ntor=5)>
Function evaluation failed for <bound method Vmec.aspect of Vmec1 (nfp=4 mpol=5 ntor=5)>
Function evaluation failed for <bound method Vmec.aspect of Vmec1 (nfp=4 mpol=5 ntor=5)>
18:54:11 - Growth rate = 0.226661, quasisymmetry = 50.283867 with aspect ratio=7.883670 took 7.367283s
[Errno 2] No such file or directory: b'/m100/home/userexternal/rjorge00/some_optimizations/GX_SIMSOPT/output_MAXITER150_dual_annealing_nfp4_QH_QH/gxRun_wout_nfp4_QH_000_000056.nc'
18:54:17 - Growth rate = 100.000000, quasisymmetry = 49.221397 with aspect ratio=8.493101 took 1.050146s
Function evaluation failed for <bound method Vmec.aspect of Vmec1 (nfp=4 mpol=5 ntor=5)>
Function evaluation failed for <bound method Vmec.aspect of Vmec1 (nfp=4 mpol=5 ntor=5)>
Function evaluation failed for <bound method Vmec.aspect of Vmec1 (nfp=4 mpol=5 ntor=5)>
Function evaluation failed for <bound method Vmec.aspect of Vmec1 (nfp=4 mpol=5 ntor=5)>
Function evaluation failed for <bound method Vmec.aspect of Vmec1 (nfp=4 mpol=5 ntor=5)>
[Errno 2] No such file or directory: b'/m100/home/userexternal/rjorge00/some_optimizations/GX_SIMSOPT/output_MAXITER150_dual_annealing_nfp4_QH_QH/gxRun_wout_nfp4_QH_000_000062.nc'
18:54:23 - Growth rate = 100.000000, quasisymmetry = 50.761471 with aspect ratio=7.751572 took 1.001244s
Function evaluation failed for <bound method Vmec.aspect of Vmec1 (nfp=4 mpol=5 ntor=5)>
Function evaluation failed for <bound method Vmec.aspect of Vmec1 (nfp=4 mpol=5 ntor=5)>
Function evaluation failed for <bound method Vmec.aspect of Vmec1 (nfp=4 mpol=5 ntor=5)>
Function evaluation failed for <bound method Vmec.aspect of Vmec1 (nfp=4 mpol=5 ntor=5)>
Function evaluation failed for <bound method Vmec.aspect of Vmec1 (nfp=4 mpol=5 ntor=5)>
Function evaluation failed for <bound method Vmec.aspect of Vmec1 (nfp=4 mpol=5 ntor=5)>
Function evaluation failed for <bound method Vmec.aspect of Vmec1 (nfp=4 mpol=5 ntor=5)>
Function evaluation failed for <bound method Vmec.aspect of Vmec1 (nfp=4 mpol=5 ntor=5)>
Function evaluation failed for <bound method Vmec.aspect of Vmec1 (nfp=4 mpol=5 ntor=5)>
Function evaluation failed for <bound method Vmec.aspect of Vmec1 (nfp=4 mpol=5 ntor=5)>
Function evaluation failed for <bound method Vmec.aspect of Vmec1 (nfp=4 mpol=5 ntor=5)>
Function evaluation failed for <bound method Vmec.aspect of Vmec1 (nfp=4 mpol=5 ntor=5)>
18:54:44 - Growth rate = 0.218328, quasisymmetry = 53.291922 with aspect ratio=7.883670 took 7.295666s
Function evaluation failed for <bound method Vmec.aspect of Vmec1 (nfp=4 mpol=5 ntor=5)>
Function evaluation failed for <bound method Vmec.aspect of Vmec1 (nfp=4 mpol=5 ntor=5)>
Function evaluation failed for <bound method Vmec.aspect of Vmec1 (nfp=4 mpol=5 ntor=5)>
18:55:04 - Growth rate = 0.373761, quasisymmetry = 47.777480 with aspect ratio=7.305102 took 7.314199s
18:55:14 - Growth rate = 0.175674, quasisymmetry = 49.959354 with aspect ratio=6.751493 took 7.033680s
Function evaluation failed for <bound method Vmec.aspect of Vmec1 (nfp=4 mpol=5 ntor=5)>
Function evaluation failed for <bound method Vmec.aspect of Vmec1 (nfp=4 mpol=5 ntor=5)>
Function evaluation failed for <bound method Vmec.aspect of Vmec1 (nfp=4 mpol=5 ntor=5)>
Function evaluation failed for <bound method Vmec.aspect of Vmec1 (nfp=4 mpol=5 ntor=5)>
[Errno 2] No such file or directory: b'/m100/home/userexternal/rjorge00/some_optimizations/GX_SIMSOPT/output_MAXITER150_dual_annealing_nfp4_QH_QH/gxRun_wout_nfp4_QH_000_000085.nc'
18:55:37 - Growth rate = 100.000000, quasisymmetry = 42.600971 with aspect ratio=6.817807 took 0.978790s
Function evaluation failed for <bound method Vmec.aspect of Vmec1 (nfp=4 mpol=5 ntor=5)>
Function evaluation failed for <bound method Vmec.aspect of Vmec1 (nfp=4 mpol=5 ntor=5)>
Function evaluation failed for <bound method Vmec.aspect of Vmec1 (nfp=4 mpol=5 ntor=5)>
Function evaluation failed for <bound method Vmec.aspect of Vmec1 (nfp=4 mpol=5 ntor=5)>
Function evaluation failed for <bound method Vmec.aspect of Vmec1 (nfp=4 mpol=5 ntor=5)>
Function evaluation failed for <bound method Vmec.aspect of Vmec1 (nfp=4 mpol=5 ntor=5)>
Function evaluation failed for <bound method Vmec.aspect of Vmec1 (nfp=4 mpol=5 ntor=5)>
Function evaluation failed for <bound method Vmec.aspect of Vmec1 (nfp=4 mpol=5 ntor=5)>
Function evaluation failed for <bound method Vmec.aspect of Vmec1 (nfp=4 mpol=5 ntor=5)>
Function evaluation failed for <bound method Vmec.aspect of Vmec1 (nfp=4 mpol=5 ntor=5)>
Function evaluation failed for <bound method Vmec.aspect of Vmec1 (nfp=4 mpol=5 ntor=5)>
Function evaluation failed for <bound method Vmec.aspect of Vmec1 (nfp=4 mpol=5 ntor=5)>
18:55:52 - Growth rate = 0.285134, quasisymmetry = 1.343054 with aspect ratio=7.988344 took 7.361582s
18:56:03 - Growth rate = 0.290523, quasisymmetry = 1.048475 with aspect ratio=7.989805 took 7.327455s
18:56:14 - Growth rate = 0.286068, quasisymmetry = 1.395058 with aspect ratio=7.988302 took 7.028911s
18:56:25 - Growth rate = 0.285268, quasisymmetry = 1.353417 with aspect ratio=7.988341 took 7.292870s
18:56:37 - Growth rate = 0.284976, quasisymmetry = 1.356144 with aspect ratio=7.988342 took 7.031029s
18:56:48 - Growth rate = 0.284944, quasisymmetry = 1.739126 with aspect ratio=7.992775 took 7.070623s
18:56:59 - Growth rate = 0.300745, quasisymmetry = 1.997371 with aspect ratio=8.003575 took 7.291521s
18:57:10 - Growth rate = 0.262846, quasisymmetry = 0.871803 with aspect ratio=7.789038 took 7.340147s
18:57:21 - Growth rate = 0.283148, quasisymmetry = 1.260079 with aspect ratio=7.982546 took 7.114792s
18:57:31 - Growth rate = 0.285340, quasisymmetry = 1.277196 with aspect ratio=7.988371 took 7.055057s
18:57:42 - Growth rate = 0.285221, quasisymmetry = 1.341570 with aspect ratio=7.988352 took 7.011662s
18:57:53 - Growth rate = 0.285189, quasisymmetry = 1.340978 with aspect ratio=7.988402 took 7.072356s
18:58:05 - Growth rate = 0.285236, quasisymmetry = 1.349737 with aspect ratio=7.989332 took 7.037758s
18:58:16 - Growth rate = 0.284738, quasisymmetry = 1.361062 with aspect ratio=7.977054 took 7.056638s
18:58:27 - Growth rate = 0.285039, quasisymmetry = 1.353188 with aspect ratio=7.988760 took 7.033984s
18:58:40 - Growth rate = 0.285071, quasisymmetry = 1.350873 with aspect ratio=7.988156 took 7.051641s
18:58:51 - Growth rate = 0.285236, quasisymmetry = 1.341367 with aspect ratio=7.988360 took 7.428821s
18:59:03 - Growth rate = 0.285150, quasisymmetry = 1.343119 with aspect ratio=7.988344 took 7.358439s
18:59:15 - Growth rate = 0.285126, quasisymmetry = 1.343053 with aspect ratio=7.988343 took 7.007378s
18:59:27 - Growth rate = 0.285379, quasisymmetry = 1.343117 with aspect ratio=7.988413 took 7.074998s
/m100/home/userexternal/rjorge00/.conda/envs/simsopt/lib/python3.8/site-packages/scipy/optimize/_dual_annealing.py:418: RuntimeWarning: Maximum number of function evaluations has been exceeded.
  mres = self.minimizer(self.func_wrapper.fun, x, **self.kwargs)
Function evaluation failed for <bound method Vmec.aspect of Vmec1 (nfp=4 mpol=5 ntor=5)>
Function evaluation failed for <bound method Vmec.aspect of Vmec1 (nfp=4 mpol=5 ntor=5)>
Function evaluation failed for <bound method Vmec.aspect of Vmec1 (nfp=4 mpol=5 ntor=5)>
Function evaluation failed for <bound method Vmec.aspect of Vmec1 (nfp=4 mpol=5 ntor=5)>
Function evaluation failed for <bound method Vmec.aspect of Vmec1 (nfp=4 mpol=5 ntor=5)>
Function evaluation failed for <bound method Vmec.aspect of Vmec1 (nfp=4 mpol=5 ntor=5)>
Function evaluation failed for <bound method Vmec.aspect of Vmec1 (nfp=4 mpol=5 ntor=5)>
Function evaluation failed for <bound method Vmec.aspect of Vmec1 (nfp=4 mpol=5 ntor=5)>
Function evaluation failed for <bound method Vmec.aspect of Vmec1 (nfp=4 mpol=5 ntor=5)>
Function evaluation failed for <bound method Vmec.aspect of Vmec1 (nfp=4 mpol=5 ntor=5)>
Function evaluation failed for <bound method Vmec.aspect of Vmec1 (nfp=4 mpol=5 ntor=5)>
Function evaluation failed for <bound method Vmec.aspect of Vmec1 (nfp=4 mpol=5 ntor=5)>
Function evaluation failed for <bound method Vmec.aspect of Vmec1 (nfp=4 mpol=5 ntor=5)>
Function evaluation failed for <bound method Vmec.aspect of Vmec1 (nfp=4 mpol=5 ntor=5)>
Function evaluation failed for <bound method Vmec.aspect of Vmec1 (nfp=4 mpol=5 ntor=5)>
Function evaluation failed for <bound method Vmec.aspect of Vmec1 (nfp=4 mpol=5 ntor=5)>
Function evaluation failed for <bound method Vmec.aspect of Vmec1 (nfp=4 mpol=5 ntor=5)>
Function evaluation failed for <bound method Vmec.aspect of Vmec1 (nfp=4 mpol=5 ntor=5)>
Function evaluation failed for <bound method Vmec.aspect of Vmec1 (nfp=4 mpol=5 ntor=5)>
Function evaluation failed for <bound method Vmec.aspect of Vmec1 (nfp=4 mpol=5 ntor=5)>
Function evaluation failed for <bound method Vmec.aspect of Vmec1 (nfp=4 mpol=5 ntor=5)>
Function evaluation failed for <bound method Vmec.aspect of Vmec1 (nfp=4 mpol=5 ntor=5)>
Function evaluation failed for <bound method Vmec.aspect of Vmec1 (nfp=4 mpol=5 ntor=5)>
Function evaluation failed for <bound method Vmec.aspect of Vmec1 (nfp=4 mpol=5 ntor=5)>
Function evaluation failed for <bound method Vmec.aspect of Vmec1 (nfp=4 mpol=5 ntor=5)>
Function evaluation failed for <bound method Vmec.aspect of Vmec1 (nfp=4 mpol=5 ntor=5)>
Function evaluation failed for <bound method Vmec.aspect of Vmec1 (nfp=4 mpol=5 ntor=5)>
Function evaluation failed for <bound method Vmec.aspect of Vmec1 (nfp=4 mpol=5 ntor=5)>
Function evaluation failed for <bound method Vmec.aspect of Vmec1 (nfp=4 mpol=5 ntor=5)>
Function evaluation failed for <bound method Vmec.aspect of Vmec1 (nfp=4 mpol=5 ntor=5)>
Function evaluation failed for <bound method Vmec.aspect of Vmec1 (nfp=4 mpol=5 ntor=5)>
Function evaluation failed for <bound method Vmec.aspect of Vmec1 (nfp=4 mpol=5 ntor=5)>
Function evaluation failed for <bound method Vmec.aspect of Vmec1 (nfp=4 mpol=5 ntor=5)>
Function evaluation failed for <bound method Vmec.aspect of Vmec1 (nfp=4 mpol=5 ntor=5)>
Function evaluation failed for <bound method Vmec.aspect of Vmec1 (nfp=4 mpol=5 ntor=5)>
Function evaluation failed for <bound method Vmec.aspect of Vmec1 (nfp=4 mpol=5 ntor=5)>
Function evaluation failed for <bound method Vmec.aspect of Vmec1 (nfp=4 mpol=5 ntor=5)>
Function evaluation failed for <bound method Vmec.aspect of Vmec1 (nfp=4 mpol=5 ntor=5)>
Function evaluation failed for <bound method Vmec.aspect of Vmec1 (nfp=4 mpol=5 ntor=5)>
Function evaluation failed for <bound method Vmec.aspect of Vmec1 (nfp=4 mpol=5 ntor=5)>
Function evaluation failed for <bound method Vmec.aspect of Vmec1 (nfp=4 mpol=5 ntor=5)>
Function evaluation failed for <bound method Vmec.aspect of Vmec1 (nfp=4 mpol=5 ntor=5)>
Function evaluation failed for <bound method Vmec.aspect of Vmec1 (nfp=4 mpol=5 ntor=5)>
Function evaluation failed for <bound method Vmec.aspect of Vmec1 (nfp=4 mpol=5 ntor=5)>
Function evaluation failed for <bound method Vmec.aspect of Vmec1 (nfp=4 mpol=5 ntor=5)>
Function evaluation failed for <bound method Vmec.aspect of Vmec1 (nfp=4 mpol=5 ntor=5)>
Function evaluation failed for <bound method Vmec.aspect of Vmec1 (nfp=4 mpol=5 ntor=5)>
Function evaluation failed for <bound method Vmec.aspect of Vmec1 (nfp=4 mpol=5 ntor=5)>
18:59:49 - Growth rate = 0.243900, quasisymmetry = 1.989845 with aspect ratio=7.781101 took 7.064701s
Function evaluation failed for <bound method Vmec.aspect of Vmec1 (nfp=4 mpol=5 ntor=5)>
Function evaluation failed for <bound method Vmec.aspect of Vmec1 (nfp=4 mpol=5 ntor=5)>
Function evaluation failed for <bound method Vmec.aspect of Vmec1 (nfp=4 mpol=5 ntor=5)>
Function evaluation failed for <bound method Vmec.aspect of Vmec1 (nfp=4 mpol=5 ntor=5)>
Function evaluation failed for <bound method Vmec.aspect of Vmec1 (nfp=4 mpol=5 ntor=5)>
Function evaluation failed for <bound method Vmec.aspect of Vmec1 (nfp=4 mpol=5 ntor=5)>
Function evaluation failed for <bound method Vmec.aspect of Vmec1 (nfp=4 mpol=5 ntor=5)>
Function evaluation failed for <bound method Vmec.aspect of Vmec1 (nfp=4 mpol=5 ntor=5)>
Function evaluation failed for <bound method Vmec.aspect of Vmec1 (nfp=4 mpol=5 ntor=5)>
Function evaluation failed for <bound method Vmec.aspect of Vmec1 (nfp=4 mpol=5 ntor=5)>
Function evaluation failed for <bound method Vmec.aspect of Vmec1 (nfp=4 mpol=5 ntor=5)>
19:00:37 - Growth rate = 0.238025, quasisymmetry = 3.274708 with aspect ratio=7.328746 took 7.252751s
Function evaluation failed for <bound method Vmec.aspect of Vmec1 (nfp=4 mpol=5 ntor=5)>
Function evaluation failed for <bound method Vmec.aspect of Vmec1 (nfp=4 mpol=5 ntor=5)>
Function evaluation failed for <bound method Vmec.aspect of Vmec1 (nfp=4 mpol=5 ntor=5)>
Function evaluation failed for <bound method Vmec.aspect of Vmec1 (nfp=4 mpol=5 ntor=5)>
Function evaluation failed for <bound method Vmec.aspect of Vmec1 (nfp=4 mpol=5 ntor=5)>
Function evaluation failed for <bound method Vmec.aspect of Vmec1 (nfp=4 mpol=5 ntor=5)>
Function evaluation failed for <bound method Vmec.aspect of Vmec1 (nfp=4 mpol=5 ntor=5)>
Function evaluation failed for <bound method Vmec.aspect of Vmec1 (nfp=4 mpol=5 ntor=5)>
Function evaluation failed for <bound method Vmec.aspect of Vmec1 (nfp=4 mpol=5 ntor=5)>
Function evaluation failed for <bound method Vmec.aspect of Vmec1 (nfp=4 mpol=5 ntor=5)>
Function evaluation failed for <bound method Vmec.aspect of Vmec1 (nfp=4 mpol=5 ntor=5)>
[Errno 2] No such file or directory: b'/m100/home/userexternal/rjorge00/some_optimizations/GX_SIMSOPT/output_MAXITER150_dual_annealing_nfp4_QH_QH/gxRun_wout_nfp4_QH_000_000190.nc'
19:00:52 - Growth rate = 100.000000, quasisymmetry = 37.945540 with aspect ratio=7.328746 took 0.964003s
Function evaluation failed for <bound method Vmec.aspect of Vmec1 (nfp=4 mpol=5 ntor=5)>
Function evaluation failed for <bound method Vmec.aspect of Vmec1 (nfp=4 mpol=5 ntor=5)>
Function evaluation failed for <bound method Vmec.aspect of Vmec1 (nfp=4 mpol=5 ntor=5)>
Function evaluation failed for <bound method Vmec.aspect of Vmec1 (nfp=4 mpol=5 ntor=5)>
Function evaluation failed for <bound method Vmec.aspect of Vmec1 (nfp=4 mpol=5 ntor=5)>
19:01:21 - Growth rate = 0.226035, quasisymmetry = 19.614386 with aspect ratio=5.206452 took 7.023001s
19:01:33 - Growth rate = 0.237241, quasisymmetry = 19.609668 with aspect ratio=5.221943 took 7.311767s
Function evaluation failed for <bound method Vmec.aspect of Vmec1 (nfp=4 mpol=5 ntor=5)>
[Errno 2] No such file or directory: b'/m100/home/userexternal/rjorge00/some_optimizations/GX_SIMSOPT/output_MAXITER150_dual_annealing_nfp4_QH_QH/gxRun_wout_nfp4_QH_000_000199.nc'
19:01:41 - Growth rate = 100.000000, quasisymmetry = 187.075441 with aspect ratio=5.224152 took 0.993719s
Function evaluation failed for <bound method Vmec.aspect of Vmec1 (nfp=4 mpol=5 ntor=5)>
Function evaluation failed for <bound method Vmec.aspect of Vmec1 (nfp=4 mpol=5 ntor=5)>
Function evaluation failed for <bound method Vmec.aspect of Vmec1 (nfp=4 mpol=5 ntor=5)>
Function evaluation failed for <bound method Vmec.aspect of Vmec1 (nfp=4 mpol=5 ntor=5)>
Function evaluation failed for <bound method Vmec.aspect of Vmec1 (nfp=4 mpol=5 ntor=5)>
Function evaluation failed for <bound method Vmec.aspect of Vmec1 (nfp=4 mpol=5 ntor=5)>
Function evaluation failed for <bound method Vmec.aspect of Vmec1 (nfp=4 mpol=5 ntor=5)>
Function evaluation failed for <bound method Vmec.aspect of Vmec1 (nfp=4 mpol=5 ntor=5)>
Function evaluation failed for <bound method Vmec.aspect of Vmec1 (nfp=4 mpol=5 ntor=5)>
Function evaluation failed for <bound method Vmec.aspect of Vmec1 (nfp=4 mpol=5 ntor=5)>
Function evaluation failed for <bound method Vmec.aspect of Vmec1 (nfp=4 mpol=5 ntor=5)>
Function evaluation failed for <bound method Vmec.aspect of Vmec1 (nfp=4 mpol=5 ntor=5)>
Function evaluation failed for <bound method Vmec.aspect of Vmec1 (nfp=4 mpol=5 ntor=5)>
Function evaluation failed for <bound method Vmec.aspect of Vmec1 (nfp=4 mpol=5 ntor=5)>
Function evaluation failed for <bound method Vmec.aspect of Vmec1 (nfp=4 mpol=5 ntor=5)>
Function evaluation failed for <bound method Vmec.aspect of Vmec1 (nfp=4 mpol=5 ntor=5)>
Function evaluation failed for <bound method Vmec.aspect of Vmec1 (nfp=4 mpol=5 ntor=5)>
Function evaluation failed for <bound method Vmec.aspect of Vmec1 (nfp=4 mpol=5 ntor=5)>
Function evaluation failed for <bound method Vmec.aspect of Vmec1 (nfp=4 mpol=5 ntor=5)>
Function evaluation failed for <bound method Vmec.aspect of Vmec1 (nfp=4 mpol=5 ntor=5)>
Function evaluation failed for <bound method Vmec.aspect of Vmec1 (nfp=4 mpol=5 ntor=5)>
Function evaluation failed for <bound method Vmec.aspect of Vmec1 (nfp=4 mpol=5 ntor=5)>
Function evaluation failed for <bound method Vmec.aspect of Vmec1 (nfp=4 mpol=5 ntor=5)>
Function evaluation failed for <bound method Vmec.aspect of Vmec1 (nfp=4 mpol=5 ntor=5)>
Function evaluation failed for <bound method Vmec.aspect of Vmec1 (nfp=4 mpol=5 ntor=5)>
Function evaluation failed for <bound method Vmec.aspect of Vmec1 (nfp=4 mpol=5 ntor=5)>
Function evaluation failed for <bound method Vmec.aspect of Vmec1 (nfp=4 mpol=5 ntor=5)>
Function evaluation failed for <bound method Vmec.aspect of Vmec1 (nfp=4 mpol=5 ntor=5)>
Function evaluation failed for <bound method Vmec.aspect of Vmec1 (nfp=4 mpol=5 ntor=5)>
Function evaluation failed for <bound method Vmec.aspect of Vmec1 (nfp=4 mpol=5 ntor=5)>
Function evaluation failed for <bound method Vmec.aspect of Vmec1 (nfp=4 mpol=5 ntor=5)>
Function evaluation failed for <bound method Vmec.aspect of Vmec1 (nfp=4 mpol=5 ntor=5)>
Function evaluation failed for <bound method Vmec.aspect of Vmec1 (nfp=4 mpol=5 ntor=5)>
Function evaluation failed for <bound method Vmec.aspect of Vmec1 (nfp=4 mpol=5 ntor=5)>
Function evaluation failed for <bound method Vmec.aspect of Vmec1 (nfp=4 mpol=5 ntor=5)>
Function evaluation failed for <bound method Vmec.aspect of Vmec1 (nfp=4 mpol=5 ntor=5)>
Function evaluation failed for <bound method Vmec.aspect of Vmec1 (nfp=4 mpol=5 ntor=5)>
Function evaluation failed for <bound method Vmec.aspect of Vmec1 (nfp=4 mpol=5 ntor=5)>
Function evaluation failed for <bound method Vmec.aspect of Vmec1 (nfp=4 mpol=5 ntor=5)>
Function evaluation failed for <bound method Vmec.aspect of Vmec1 (nfp=4 mpol=5 ntor=5)>
Function evaluation failed for <bound method Vmec.aspect of Vmec1 (nfp=4 mpol=5 ntor=5)>
Function evaluation failed for <bound method Vmec.aspect of Vmec1 (nfp=4 mpol=5 ntor=5)>
Function evaluation failed for <bound method Vmec.aspect of Vmec1 (nfp=4 mpol=5 ntor=5)>
Function evaluation failed for <bound method Vmec.aspect of Vmec1 (nfp=4 mpol=5 ntor=5)>
Function evaluation failed for <bound method Vmec.aspect of Vmec1 (nfp=4 mpol=5 ntor=5)>
Function evaluation failed for <bound method Vmec.aspect of Vmec1 (nfp=4 mpol=5 ntor=5)>
Function evaluation failed for <bound method Vmec.aspect of Vmec1 (nfp=4 mpol=5 ntor=5)>
Function evaluation failed for <bound method Vmec.aspect of Vmec1 (nfp=4 mpol=5 ntor=5)>
Function evaluation failed for <bound method Vmec.aspect of Vmec1 (nfp=4 mpol=5 ntor=5)>
Function evaluation failed for <bound method Vmec.aspect of Vmec1 (nfp=4 mpol=5 ntor=5)>
Function evaluation failed for <bound method Vmec.aspect of Vmec1 (nfp=4 mpol=5 ntor=5)>
Function evaluation failed for <bound method Vmec.aspect of Vmec1 (nfp=4 mpol=5 ntor=5)>
Function evaluation failed for <bound method Vmec.aspect of Vmec1 (nfp=4 mpol=5 ntor=5)>
Function evaluation failed for <bound method Vmec.aspect of Vmec1 (nfp=4 mpol=5 ntor=5)>
Function evaluation failed for <bound method Vmec.aspect of Vmec1 (nfp=4 mpol=5 ntor=5)>
Function evaluation failed for <bound method Vmec.aspect of Vmec1 (nfp=4 mpol=5 ntor=5)>
Function evaluation failed for <bound method Vmec.aspect of Vmec1 (nfp=4 mpol=5 ntor=5)>
Function evaluation failed for <bound method Vmec.aspect of Vmec1 (nfp=4 mpol=5 ntor=5)>
Function evaluation failed for <bound method Vmec.aspect of Vmec1 (nfp=4 mpol=5 ntor=5)>
Function evaluation failed for <bound method Vmec.aspect of Vmec1 (nfp=4 mpol=5 ntor=5)>
Function evaluation failed for <bound method Vmec.aspect of Vmec1 (nfp=4 mpol=5 ntor=5)>
Function evaluation failed for <bound method Vmec.aspect of Vmec1 (nfp=4 mpol=5 ntor=5)>
Function evaluation failed for <bound method Vmec.aspect of Vmec1 (nfp=4 mpol=5 ntor=5)>
19:02:16 - Growth rate = 0.194100, quasisymmetry = 23.591526 with aspect ratio=5.226324 took 7.282567s
Function evaluation failed for <bound method Vmec.aspect of Vmec1 (nfp=4 mpol=5 ntor=5)>
Function evaluation failed for <bound method Vmec.aspect of Vmec1 (nfp=4 mpol=5 ntor=5)>
Function evaluation failed for <bound method Vmec.aspect of Vmec1 (nfp=4 mpol=5 ntor=5)>
19:02:35 - Growth rate = 0.415854, quasisymmetry = 18.172460 with aspect ratio=5.249289 took 7.073413s
Function evaluation failed for <bound method Vmec.aspect of Vmec1 (nfp=4 mpol=5 ntor=5)>
Function evaluation failed for <bound method Vmec.aspect of Vmec1 (nfp=4 mpol=5 ntor=5)>
Function evaluation failed for <bound method Vmec.aspect of Vmec1 (nfp=4 mpol=5 ntor=5)>
Function evaluation failed for <bound method Vmec.aspect of Vmec1 (nfp=4 mpol=5 ntor=5)>
Function evaluation failed for <bound method Vmec.aspect of Vmec1 (nfp=4 mpol=5 ntor=5)>
Function evaluation failed for <bound method Vmec.aspect of Vmec1 (nfp=4 mpol=5 ntor=5)>
19:02:46 - Growth rate = 0.207292, quasisymmetry = 15.675125 with aspect ratio=5.384083 took 7.025552s
Function evaluation failed for <bound method Vmec.aspect of Vmec1 (nfp=4 mpol=5 ntor=5)>
Function evaluation failed for <bound method Vmec.aspect of Vmec1 (nfp=4 mpol=5 ntor=5)>
Function evaluation failed for <bound method Vmec.aspect of Vmec1 (nfp=4 mpol=5 ntor=5)>
Function evaluation failed for <bound method Vmec.aspect of Vmec1 (nfp=4 mpol=5 ntor=5)>
Function evaluation failed for <bound method Vmec.aspect of Vmec1 (nfp=4 mpol=5 ntor=5)>
Function evaluation failed for <bound method Vmec.aspect of Vmec1 (nfp=4 mpol=5 ntor=5)>
Function evaluation failed for <bound method Vmec.aspect of Vmec1 (nfp=4 mpol=5 ntor=5)>
19:02:59 - Growth rate = 0.238912, quasisymmetry = 18.166621 with aspect ratio=5.368918 took 7.645495s
Function evaluation failed for <bound method Vmec.aspect of Vmec1 (nfp=4 mpol=5 ntor=5)>
Function evaluation failed for <bound method Vmec.aspect of Vmec1 (nfp=4 mpol=5 ntor=5)>
Function evaluation failed for <bound method Vmec.aspect of Vmec1 (nfp=4 mpol=5 ntor=5)>
19:03:11 - Growth rate = 0.232291, quasisymmetry = 10.067465 with aspect ratio=5.368918 took 7.617286s
19:03:22 - Growth rate = 0.297454, quasisymmetry = 34.157277 with aspect ratio=5.368918 took 7.683762s
Function evaluation failed for <bound method Vmec.aspect of Vmec1 (nfp=4 mpol=5 ntor=5)>
[Errno 2] No such file or directory: b'/m100/home/userexternal/rjorge00/some_optimizations/GX_SIMSOPT/output_MAXITER150_dual_annealing_nfp4_QH_QH/gxRun_wout_nfp4_QH_000_000289.nc'
19:03:29 - Growth rate = 100.000000, quasisymmetry = 8.587954 with aspect ratio=5.371564 took 0.945368s
Function evaluation failed for <bound method Vmec.aspect of Vmec1 (nfp=4 mpol=5 ntor=5)>
Function evaluation failed for <bound method Vmec.aspect of Vmec1 (nfp=4 mpol=5 ntor=5)>
Function evaluation failed for <bound method Vmec.aspect of Vmec1 (nfp=4 mpol=5 ntor=5)>
19:03:43 - Growth rate = 0.256102, quasisymmetry = 31.282150 with aspect ratio=5.315508 took 7.093559s
Function evaluation failed for <bound method Vmec.aspect of Vmec1 (nfp=4 mpol=5 ntor=5)>
Function evaluation failed for <bound method Vmec.aspect of Vmec1 (nfp=4 mpol=5 ntor=5)>
Function evaluation failed for <bound method Vmec.aspect of Vmec1 (nfp=4 mpol=5 ntor=5)>
Function evaluation failed for <bound method Vmec.aspect of Vmec1 (nfp=4 mpol=5 ntor=5)>
Function evaluation failed for <bound method Vmec.aspect of Vmec1 (nfp=4 mpol=5 ntor=5)>
Function evaluation failed for <bound method Vmec.aspect of Vmec1 (nfp=4 mpol=5 ntor=5)>
Function evaluation failed for <bound method Vmec.aspect of Vmec1 (nfp=4 mpol=5 ntor=5)>
Function evaluation failed for <bound method Vmec.aspect of Vmec1 (nfp=4 mpol=5 ntor=5)>
Function evaluation failed for <bound method Vmec.aspect of Vmec1 (nfp=4 mpol=5 ntor=5)>
Function evaluation failed for <bound method Vmec.aspect of Vmec1 (nfp=4 mpol=5 ntor=5)>
Function evaluation failed for <bound method Vmec.aspect of Vmec1 (nfp=4 mpol=5 ntor=5)>
Function evaluation failed for <bound method Vmec.aspect of Vmec1 (nfp=4 mpol=5 ntor=5)>
[Errno 2] No such file or directory: b'/m100/home/userexternal/rjorge00/some_optimizations/GX_SIMSOPT/output_MAXITER150_dual_annealing_nfp4_QH_QH/gxRun_wout_nfp4_QH_000_000306.nc'
19:03:54 - Growth rate = 100.000000, quasisymmetry = 13.644389 with aspect ratio=5.738832 took 0.782453s
Function evaluation failed for <bound method Vmec.aspect of Vmec1 (nfp=4 mpol=5 ntor=5)>
[Errno 2] No such file or directory: b'/m100/home/userexternal/rjorge00/some_optimizations/GX_SIMSOPT/output_MAXITER150_dual_annealing_nfp4_QH_QH/gxRun_wout_nfp4_QH_000_000308.nc'
19:04:01 - Growth rate = 100.000000, quasisymmetry = 31.564848 with aspect ratio=5.364244 took 0.899094s
Function evaluation failed for <bound method Vmec.aspect of Vmec1 (nfp=4 mpol=5 ntor=5)>
Function evaluation failed for <bound method Vmec.aspect of Vmec1 (nfp=4 mpol=5 ntor=5)>
Function evaluation failed for <bound method Vmec.aspect of Vmec1 (nfp=4 mpol=5 ntor=5)>
Function evaluation failed for <bound method Vmec.aspect of Vmec1 (nfp=4 mpol=5 ntor=5)>
Function evaluation failed for <bound method Vmec.aspect of Vmec1 (nfp=4 mpol=5 ntor=5)>
Function evaluation failed for <bound method Vmec.aspect of Vmec1 (nfp=4 mpol=5 ntor=5)>
Function evaluation failed for <bound method Vmec.aspect of Vmec1 (nfp=4 mpol=5 ntor=5)>
Function evaluation failed for <bound method Vmec.aspect of Vmec1 (nfp=4 mpol=5 ntor=5)>
Function evaluation failed for <bound method Vmec.aspect of Vmec1 (nfp=4 mpol=5 ntor=5)>
Function evaluation failed for <bound method Vmec.aspect of Vmec1 (nfp=4 mpol=5 ntor=5)>
Function evaluation failed for <bound method Vmec.aspect of Vmec1 (nfp=4 mpol=5 ntor=5)>
Function evaluation failed for <bound method Vmec.aspect of Vmec1 (nfp=4 mpol=5 ntor=5)>
Function evaluation failed for <bound method Vmec.aspect of Vmec1 (nfp=4 mpol=5 ntor=5)>
Function evaluation failed for <bound method Vmec.aspect of Vmec1 (nfp=4 mpol=5 ntor=5)>
Function evaluation failed for <bound method Vmec.aspect of Vmec1 (nfp=4 mpol=5 ntor=5)>
Function evaluation failed for <bound method Vmec.aspect of Vmec1 (nfp=4 mpol=5 ntor=5)>
Function evaluation failed for <bound method Vmec.aspect of Vmec1 (nfp=4 mpol=5 ntor=5)>
Function evaluation failed for <bound method Vmec.aspect of Vmec1 (nfp=4 mpol=5 ntor=5)>
Function evaluation failed for <bound method Vmec.aspect of Vmec1 (nfp=4 mpol=5 ntor=5)>
Function evaluation failed for <bound method Vmec.aspect of Vmec1 (nfp=4 mpol=5 ntor=5)>
Function evaluation failed for <bound method Vmec.aspect of Vmec1 (nfp=4 mpol=5 ntor=5)>
Function evaluation failed for <bound method Vmec.aspect of Vmec1 (nfp=4 mpol=5 ntor=5)>
Function evaluation failed for <bound method Vmec.aspect of Vmec1 (nfp=4 mpol=5 ntor=5)>
Function evaluation failed for <bound method Vmec.aspect of Vmec1 (nfp=4 mpol=5 ntor=5)>
Function evaluation failed for <bound method Vmec.aspect of Vmec1 (nfp=4 mpol=5 ntor=5)>
Function evaluation failed for <bound method Vmec.aspect of Vmec1 (nfp=4 mpol=5 ntor=5)>
Function evaluation failed for <bound method Vmec.aspect of Vmec1 (nfp=4 mpol=5 ntor=5)>
Function evaluation failed for <bound method Vmec.aspect of Vmec1 (nfp=4 mpol=5 ntor=5)>
Function evaluation failed for <bound method Vmec.aspect of Vmec1 (nfp=4 mpol=5 ntor=5)>
Function evaluation failed for <bound method Vmec.aspect of Vmec1 (nfp=4 mpol=5 ntor=5)>
Function evaluation failed for <bound method Vmec.aspect of Vmec1 (nfp=4 mpol=5 ntor=5)>
Function evaluation failed for <bound method Vmec.aspect of Vmec1 (nfp=4 mpol=5 ntor=5)>
Function evaluation failed for <bound method Vmec.aspect of Vmec1 (nfp=4 mpol=5 ntor=5)>
Function evaluation failed for <bound method Vmec.aspect of Vmec1 (nfp=4 mpol=5 ntor=5)>
Function evaluation failed for <bound method Vmec.aspect of Vmec1 (nfp=4 mpol=5 ntor=5)>
Function evaluation failed for <bound method Vmec.aspect of Vmec1 (nfp=4 mpol=5 ntor=5)>
Function evaluation failed for <bound method Vmec.aspect of Vmec1 (nfp=4 mpol=5 ntor=5)>
Function evaluation failed for <bound method Vmec.aspect of Vmec1 (nfp=4 mpol=5 ntor=5)>
Function evaluation failed for <bound method Vmec.aspect of Vmec1 (nfp=4 mpol=5 ntor=5)>
Function evaluation failed for <bound method Vmec.aspect of Vmec1 (nfp=4 mpol=5 ntor=5)>
Function evaluation failed for <bound method Vmec.aspect of Vmec1 (nfp=4 mpol=5 ntor=5)>
Function evaluation failed for <bound method Vmec.aspect of Vmec1 (nfp=4 mpol=5 ntor=5)>
Function evaluation failed for <bound method Vmec.aspect of Vmec1 (nfp=4 mpol=5 ntor=5)>
Function evaluation failed for <bound method Vmec.aspect of Vmec1 (nfp=4 mpol=5 ntor=5)>
Function evaluation failed for <bound method Vmec.aspect of Vmec1 (nfp=4 mpol=5 ntor=5)>
Function evaluation failed for <bound method Vmec.aspect of Vmec1 (nfp=4 mpol=5 ntor=5)>
Function evaluation failed for <bound method Vmec.aspect of Vmec1 (nfp=4 mpol=5 ntor=5)>
Function evaluation failed for <bound method Vmec.aspect of Vmec1 (nfp=4 mpol=5 ntor=5)>
Function evaluation failed for <bound method Vmec.aspect of Vmec1 (nfp=4 mpol=5 ntor=5)>
[Errno 2] No such file or directory: b'/m100/home/userexternal/rjorge00/some_optimizations/GX_SIMSOPT/output_MAXITER150_dual_annealing_nfp4_QH_QH/gxRun_wout_nfp4_QH_000_000358.nc'
19:04:18 - Growth rate = 100.000000, quasisymmetry = 27.768791 with aspect ratio=5.388759 took 0.810544s
Function evaluation failed for <bound method Vmec.aspect of Vmec1 (nfp=4 mpol=5 ntor=5)>
Function evaluation failed for <bound method Vmec.aspect of Vmec1 (nfp=4 mpol=5 ntor=5)>
Function evaluation failed for <bound method Vmec.aspect of Vmec1 (nfp=4 mpol=5 ntor=5)>
19:04:49 - Growth rate = 0.238492, quasisymmetry = 10.994801 with aspect ratio=5.376979 took 7.895884s
Function evaluation failed for <bound method Vmec.aspect of Vmec1 (nfp=4 mpol=5 ntor=5)>
Function evaluation failed for <bound method Vmec.aspect of Vmec1 (nfp=4 mpol=5 ntor=5)>
19:05:01 - Growth rate = 0.226795, quasisymmetry = 12.988431 with aspect ratio=5.375305 took 7.951690s
[Errno 2] No such file or directory: b'/m100/home/userexternal/rjorge00/some_optimizations/GX_SIMSOPT/output_MAXITER150_dual_annealing_nfp4_QH_QH/gxRun_wout_nfp4_QH_000_000366.nc'
19:05:06 - Growth rate = 100.000000, quasisymmetry = 30.944917 with aspect ratio=5.351766 took 0.798152s
Function evaluation failed for <bound method Vmec.aspect of Vmec1 (nfp=4 mpol=5 ntor=5)>
Function evaluation failed for <bound method Vmec.aspect of Vmec1 (nfp=4 mpol=5 ntor=5)>
Function evaluation failed for <bound method Vmec.aspect of Vmec1 (nfp=4 mpol=5 ntor=5)>
19:05:19 - Growth rate = 0.241660, quasisymmetry = 13.287751 with aspect ratio=5.357902 took 7.639759s
Function evaluation failed for <bound method Vmec.aspect of Vmec1 (nfp=4 mpol=5 ntor=5)>
Function evaluation failed for <bound method Vmec.aspect of Vmec1 (nfp=4 mpol=5 ntor=5)>
Function evaluation failed for <bound method Vmec.aspect of Vmec1 (nfp=4 mpol=5 ntor=5)>
Function evaluation failed for <bound method Vmec.aspect of Vmec1 (nfp=4 mpol=5 ntor=5)>
Function evaluation failed for <bound method Vmec.aspect of Vmec1 (nfp=4 mpol=5 ntor=5)>
Function evaluation failed for <bound method Vmec.aspect of Vmec1 (nfp=4 mpol=5 ntor=5)>
Function evaluation failed for <bound method Vmec.aspect of Vmec1 (nfp=4 mpol=5 ntor=5)>
Function evaluation failed for <bound method Vmec.aspect of Vmec1 (nfp=4 mpol=5 ntor=5)>
Function evaluation failed for <bound method Vmec.aspect of Vmec1 (nfp=4 mpol=5 ntor=5)>
Function evaluation failed for <bound method Vmec.aspect of Vmec1 (nfp=4 mpol=5 ntor=5)>
Function evaluation failed for <bound method Vmec.aspect of Vmec1 (nfp=4 mpol=5 ntor=5)>
19:05:34 - Growth rate = 0.231769, quasisymmetry = 14.095243 with aspect ratio=5.357902 took 7.934585s
[Errno 2] No such file or directory: b'/m100/home/userexternal/rjorge00/some_optimizations/GX_SIMSOPT/output_MAXITER150_dual_annealing_nfp4_QH_QH/gxRun_wout_nfp4_QH_000_000383.nc'
19:05:40 - Growth rate = 100.000000, quasisymmetry = 107.691966 with aspect ratio=5.357902 took 0.790158s
Function evaluation failed for <bound method Vmec.aspect of Vmec1 (nfp=4 mpol=5 ntor=5)>
Function evaluation failed for <bound method Vmec.aspect of Vmec1 (nfp=4 mpol=5 ntor=5)>
[Errno 2] No such file or directory: b'/m100/home/userexternal/rjorge00/some_optimizations/GX_SIMSOPT/output_MAXITER150_dual_annealing_nfp4_QH_QH/gxRun_wout_nfp4_QH_000_000386.nc'
19:06:00 - Growth rate = 100.000000, quasisymmetry = 46.009680 with aspect ratio=5.433094 took 0.803254s
Function evaluation failed for <bound method Vmec.aspect of Vmec1 (nfp=4 mpol=5 ntor=5)>
Function evaluation failed for <bound method Vmec.aspect of Vmec1 (nfp=4 mpol=5 ntor=5)>
Function evaluation failed for <bound method Vmec.aspect of Vmec1 (nfp=4 mpol=5 ntor=5)>
Function evaluation failed for <bound method Vmec.aspect of Vmec1 (nfp=4 mpol=5 ntor=5)>
Function evaluation failed for <bound method Vmec.aspect of Vmec1 (nfp=4 mpol=5 ntor=5)>
Function evaluation failed for <bound method Vmec.aspect of Vmec1 (nfp=4 mpol=5 ntor=5)>
[Errno 2] No such file or directory: b'/m100/home/userexternal/rjorge00/some_optimizations/GX_SIMSOPT/output_MAXITER150_dual_annealing_nfp4_QH_QH/gxRun_wout_nfp4_QH_000_000393.nc'
19:06:27 - Growth rate = 100.000000, quasisymmetry = 13.736774 with aspect ratio=5.381396 took 0.782435s
Function evaluation failed for <bound method Vmec.aspect of Vmec1 (nfp=4 mpol=5 ntor=5)>
Function evaluation failed for <bound method Vmec.aspect of Vmec1 (nfp=4 mpol=5 ntor=5)>
19:06:40 - Growth rate = 0.222779, quasisymmetry = 13.465017 with aspect ratio=5.323707 took 7.674363s
Function evaluation failed for <bound method Vmec.aspect of Vmec1 (nfp=4 mpol=5 ntor=5)>
Function evaluation failed for <bound method Vmec.aspect of Vmec1 (nfp=4 mpol=5 ntor=5)>
Function evaluation failed for <bound method Vmec.aspect of Vmec1 (nfp=4 mpol=5 ntor=5)>
[Errno 2] No such file or directory: b'/m100/home/userexternal/rjorge00/some_optimizations/GX_SIMSOPT/output_MAXITER150_dual_annealing_nfp4_QH_QH/gxRun_wout_nfp4_QH_000_000400.nc'
19:06:49 - Growth rate = 100.000000, quasisymmetry = 13.081637 with aspect ratio=5.323189 took 0.972736s
Function evaluation failed for <bound method Vmec.aspect of Vmec1 (nfp=4 mpol=5 ntor=5)>
Function evaluation failed for <bound method Vmec.aspect of Vmec1 (nfp=4 mpol=5 ntor=5)>
Function evaluation failed for <bound method Vmec.aspect of Vmec1 (nfp=4 mpol=5 ntor=5)>
Function evaluation failed for <bound method Vmec.aspect of Vmec1 (nfp=4 mpol=5 ntor=5)>
Function evaluation failed for <bound method Vmec.aspect of Vmec1 (nfp=4 mpol=5 ntor=5)>
Function evaluation failed for <bound method Vmec.aspect of Vmec1 (nfp=4 mpol=5 ntor=5)>
Function evaluation failed for <bound method Vmec.aspect of Vmec1 (nfp=4 mpol=5 ntor=5)>
Function evaluation failed for <bound method Vmec.aspect of Vmec1 (nfp=4 mpol=5 ntor=5)>
Function evaluation failed for <bound method Vmec.aspect of Vmec1 (nfp=4 mpol=5 ntor=5)>
Function evaluation failed for <bound method Vmec.aspect of Vmec1 (nfp=4 mpol=5 ntor=5)>
Function evaluation failed for <bound method Vmec.aspect of Vmec1 (nfp=4 mpol=5 ntor=5)>
Function evaluation failed for <bound method Vmec.aspect of Vmec1 (nfp=4 mpol=5 ntor=5)>
Function evaluation failed for <bound method Vmec.aspect of Vmec1 (nfp=4 mpol=5 ntor=5)>
Function evaluation failed for <bound method Vmec.aspect of Vmec1 (nfp=4 mpol=5 ntor=5)>
Function evaluation failed for <bound method Vmec.aspect of Vmec1 (nfp=4 mpol=5 ntor=5)>
Function evaluation failed for <bound method Vmec.aspect of Vmec1 (nfp=4 mpol=5 ntor=5)>
Function evaluation failed for <bound method Vmec.aspect of Vmec1 (nfp=4 mpol=5 ntor=5)>
Function evaluation failed for <bound method Vmec.aspect of Vmec1 (nfp=4 mpol=5 ntor=5)>
Function evaluation failed for <bound method Vmec.aspect of Vmec1 (nfp=4 mpol=5 ntor=5)>
Function evaluation failed for <bound method Vmec.aspect of Vmec1 (nfp=4 mpol=5 ntor=5)>
Function evaluation failed for <bound method Vmec.aspect of Vmec1 (nfp=4 mpol=5 ntor=5)>
Function evaluation failed for <bound method Vmec.aspect of Vmec1 (nfp=4 mpol=5 ntor=5)>
Function evaluation failed for <bound method Vmec.aspect of Vmec1 (nfp=4 mpol=5 ntor=5)>
Function evaluation failed for <bound method Vmec.aspect of Vmec1 (nfp=4 mpol=5 ntor=5)>
Function evaluation failed for <bound method Vmec.aspect of Vmec1 (nfp=4 mpol=5 ntor=5)>
Function evaluation failed for <bound method Vmec.aspect of Vmec1 (nfp=4 mpol=5 ntor=5)>
Function evaluation failed for <bound method Vmec.aspect of Vmec1 (nfp=4 mpol=5 ntor=5)>
Function evaluation failed for <bound method Vmec.aspect of Vmec1 (nfp=4 mpol=5 ntor=5)>
Function evaluation failed for <bound method Vmec.aspect of Vmec1 (nfp=4 mpol=5 ntor=5)>
Function evaluation failed for <bound method Vmec.aspect of Vmec1 (nfp=4 mpol=5 ntor=5)>
Function evaluation failed for <bound method Vmec.aspect of Vmec1 (nfp=4 mpol=5 ntor=5)>
Function evaluation failed for <bound method Vmec.aspect of Vmec1 (nfp=4 mpol=5 ntor=5)>
Function evaluation failed for <bound method Vmec.aspect of Vmec1 (nfp=4 mpol=5 ntor=5)>
Function evaluation failed for <bound method Vmec.aspect of Vmec1 (nfp=4 mpol=5 ntor=5)>
Function evaluation failed for <bound method Vmec.aspect of Vmec1 (nfp=4 mpol=5 ntor=5)>
Function evaluation failed for <bound method Vmec.aspect of Vmec1 (nfp=4 mpol=5 ntor=5)>
Function evaluation failed for <bound method Vmec.aspect of Vmec1 (nfp=4 mpol=5 ntor=5)>
Function evaluation failed for <bound method Vmec.aspect of Vmec1 (nfp=4 mpol=5 ntor=5)>
Function evaluation failed for <bound method Vmec.aspect of Vmec1 (nfp=4 mpol=5 ntor=5)>
Function evaluation failed for <bound method Vmec.aspect of Vmec1 (nfp=4 mpol=5 ntor=5)>
Function evaluation failed for <bound method Vmec.aspect of Vmec1 (nfp=4 mpol=5 ntor=5)>
Function evaluation failed for <bound method Vmec.aspect of Vmec1 (nfp=4 mpol=5 ntor=5)>
Function evaluation failed for <bound method Vmec.aspect of Vmec1 (nfp=4 mpol=5 ntor=5)>
Function evaluation failed for <bound method Vmec.aspect of Vmec1 (nfp=4 mpol=5 ntor=5)>
Function evaluation failed for <bound method Vmec.aspect of Vmec1 (nfp=4 mpol=5 ntor=5)>
Function evaluation failed for <bound method Vmec.aspect of Vmec1 (nfp=4 mpol=5 ntor=5)>
Function evaluation failed for <bound method Vmec.aspect of Vmec1 (nfp=4 mpol=5 ntor=5)>
Function evaluation failed for <bound method Vmec.aspect of Vmec1 (nfp=4 mpol=5 ntor=5)>
Function evaluation failed for <bound method Vmec.aspect of Vmec1 (nfp=4 mpol=5 ntor=5)>
Function evaluation failed for <bound method Vmec.aspect of Vmec1 (nfp=4 mpol=5 ntor=5)>
Function evaluation failed for <bound method Vmec.aspect of Vmec1 (nfp=4 mpol=5 ntor=5)>
Function evaluation failed for <bound method Vmec.aspect of Vmec1 (nfp=4 mpol=5 ntor=5)>
Function evaluation failed for <bound method Vmec.aspect of Vmec1 (nfp=4 mpol=5 ntor=5)>
19:07:15 - Growth rate = 0.208718, quasisymmetry = 13.742428 with aspect ratio=5.328272 took 7.948247s
[Errno 2] No such file or directory: b'/m100/home/userexternal/rjorge00/some_optimizations/GX_SIMSOPT/output_MAXITER150_dual_annealing_nfp4_QH_QH/gxRun_wout_nfp4_QH_000_000455.nc'
19:07:24 - Growth rate = 100.000000, quasisymmetry = 73.530205 with aspect ratio=5.294267 took 0.798462s
[Errno 2] No such file or directory: b'/m100/home/userexternal/rjorge00/some_optimizations/GX_SIMSOPT/output_MAXITER150_dual_annealing_nfp4_QH_QH/gxRun_wout_nfp4_QH_000_000456.nc'
19:07:32 - Growth rate = 100.000000, quasisymmetry = 128.397972 with aspect ratio=5.330598 took 0.809579s
Function evaluation failed for <bound method Vmec.aspect of Vmec1 (nfp=4 mpol=5 ntor=5)>
Function evaluation failed for <bound method Vmec.aspect of Vmec1 (nfp=4 mpol=5 ntor=5)>
Function evaluation failed for <bound method Vmec.aspect of Vmec1 (nfp=4 mpol=5 ntor=5)>
Function evaluation failed for <bound method Vmec.aspect of Vmec1 (nfp=4 mpol=5 ntor=5)>
Function evaluation failed for <bound method Vmec.aspect of Vmec1 (nfp=4 mpol=5 ntor=5)>
Function evaluation failed for <bound method Vmec.aspect of Vmec1 (nfp=4 mpol=5 ntor=5)>
Function evaluation failed for <bound method Vmec.aspect of Vmec1 (nfp=4 mpol=5 ntor=5)>
Function evaluation failed for <bound method Vmec.aspect of Vmec1 (nfp=4 mpol=5 ntor=5)>
Function evaluation failed for <bound method Vmec.aspect of Vmec1 (nfp=4 mpol=5 ntor=5)>
[Errno 2] No such file or directory: b'/m100/home/userexternal/rjorge00/some_optimizations/GX_SIMSOPT/output_MAXITER150_dual_annealing_nfp4_QH_QH/gxRun_wout_nfp4_QH_000_000466.nc'
19:07:41 - Growth rate = 100.000000, quasisymmetry = 37.112880 with aspect ratio=5.734435 took 1.011451s
[Errno 2] No such file or directory: b'/m100/home/userexternal/rjorge00/some_optimizations/GX_SIMSOPT/output_MAXITER150_dual_annealing_nfp4_QH_QH/gxRun_wout_nfp4_QH_000_000467.nc'
19:07:48 - Growth rate = 100.000000, quasisymmetry = 15.077694 with aspect ratio=5.344591 took 1.007653s
[Errno 2] No such file or directory: b'/m100/home/userexternal/rjorge00/some_optimizations/GX_SIMSOPT/output_MAXITER150_dual_annealing_nfp4_QH_QH/gxRun_wout_nfp4_QH_000_000468.nc'
19:07:55 - Growth rate = 100.000000, quasisymmetry = 24.530911 with aspect ratio=5.179124 took 1.203784s
Function evaluation failed for <bound method Vmec.aspect of Vmec1 (nfp=4 mpol=5 ntor=5)>
Function evaluation failed for <bound method Vmec.aspect of Vmec1 (nfp=4 mpol=5 ntor=5)>
Function evaluation failed for <bound method Vmec.aspect of Vmec1 (nfp=4 mpol=5 ntor=5)>
Function evaluation failed for <bound method Vmec.aspect of Vmec1 (nfp=4 mpol=5 ntor=5)>
Function evaluation failed for <bound method Vmec.aspect of Vmec1 (nfp=4 mpol=5 ntor=5)>
Function evaluation failed for <bound method Vmec.aspect of Vmec1 (nfp=4 mpol=5 ntor=5)>
Function evaluation failed for <bound method Vmec.aspect of Vmec1 (nfp=4 mpol=5 ntor=5)>
Function evaluation failed for <bound method Vmec.aspect of Vmec1 (nfp=4 mpol=5 ntor=5)>
Function evaluation failed for <bound method Vmec.aspect of Vmec1 (nfp=4 mpol=5 ntor=5)>
19:08:12 - Growth rate = 0.176649, quasisymmetry = 63.391064 with aspect ratio=5.328272 took 7.098164s
Function evaluation failed for <bound method Vmec.aspect of Vmec1 (nfp=4 mpol=5 ntor=5)>
Function evaluation failed for <bound method Vmec.aspect of Vmec1 (nfp=4 mpol=5 ntor=5)>
Function evaluation failed for <bound method Vmec.aspect of Vmec1 (nfp=4 mpol=5 ntor=5)>
Function evaluation failed for <bound method Vmec.aspect of Vmec1 (nfp=4 mpol=5 ntor=5)>
19:08:43 - Growth rate = 0.223659, quasisymmetry = 15.523682 with aspect ratio=5.255164 took 7.950277s
Function evaluation failed for <bound method Vmec.aspect of Vmec1 (nfp=4 mpol=5 ntor=5)>
Function evaluation failed for <bound method Vmec.aspect of Vmec1 (nfp=4 mpol=5 ntor=5)>
Function evaluation failed for <bound method Vmec.aspect of Vmec1 (nfp=4 mpol=5 ntor=5)>
Function evaluation failed for <bound method Vmec.aspect of Vmec1 (nfp=4 mpol=5 ntor=5)>
Function evaluation failed for <bound method Vmec.aspect of Vmec1 (nfp=4 mpol=5 ntor=5)>
Function evaluation failed for <bound method Vmec.aspect of Vmec1 (nfp=4 mpol=5 ntor=5)>
Function evaluation failed for <bound method Vmec.aspect of Vmec1 (nfp=4 mpol=5 ntor=5)>
Function evaluation failed for <bound method Vmec.aspect of Vmec1 (nfp=4 mpol=5 ntor=5)>
Function evaluation failed for <bound method Vmec.aspect of Vmec1 (nfp=4 mpol=5 ntor=5)>
Function evaluation failed for <bound method Vmec.aspect of Vmec1 (nfp=4 mpol=5 ntor=5)>
[Errno 2] No such file or directory: b'/m100/home/userexternal/rjorge00/some_optimizations/GX_SIMSOPT/output_MAXITER150_dual_annealing_nfp4_QH_QH/gxRun_wout_nfp4_QH_000_000494.nc'
19:09:00 - Growth rate = 100.000000, quasisymmetry = 21.116143 with aspect ratio=5.254282 took 0.769486s
Function evaluation failed for <bound method Vmec.aspect of Vmec1 (nfp=4 mpol=5 ntor=5)>
Function evaluation failed for <bound method Vmec.aspect of Vmec1 (nfp=4 mpol=5 ntor=5)>
Function evaluation failed for <bound method Vmec.aspect of Vmec1 (nfp=4 mpol=5 ntor=5)>
Function evaluation failed for <bound method Vmec.aspect of Vmec1 (nfp=4 mpol=5 ntor=5)>
Function evaluation failed for <bound method Vmec.aspect of Vmec1 (nfp=4 mpol=5 ntor=5)>
Function evaluation failed for <bound method Vmec.aspect of Vmec1 (nfp=4 mpol=5 ntor=5)>
Function evaluation failed for <bound method Vmec.aspect of Vmec1 (nfp=4 mpol=5 ntor=5)>
Function evaluation failed for <bound method Vmec.aspect of Vmec1 (nfp=4 mpol=5 ntor=5)>
Function evaluation failed for <bound method Vmec.aspect of Vmec1 (nfp=4 mpol=5 ntor=5)>
Function evaluation failed for <bound method Vmec.aspect of Vmec1 (nfp=4 mpol=5 ntor=5)>
Function evaluation failed for <bound method Vmec.aspect of Vmec1 (nfp=4 mpol=5 ntor=5)>
Function evaluation failed for <bound method Vmec.aspect of Vmec1 (nfp=4 mpol=5 ntor=5)>
Function evaluation failed for <bound method Vmec.aspect of Vmec1 (nfp=4 mpol=5 ntor=5)>
Function evaluation failed for <bound method Vmec.aspect of Vmec1 (nfp=4 mpol=5 ntor=5)>
Function evaluation failed for <bound method Vmec.aspect of Vmec1 (nfp=4 mpol=5 ntor=5)>
Function evaluation failed for <bound method Vmec.aspect of Vmec1 (nfp=4 mpol=5 ntor=5)>
Function evaluation failed for <bound method Vmec.aspect of Vmec1 (nfp=4 mpol=5 ntor=5)>
Function evaluation failed for <bound method Vmec.aspect of Vmec1 (nfp=4 mpol=5 ntor=5)>
Function evaluation failed for <bound method Vmec.aspect of Vmec1 (nfp=4 mpol=5 ntor=5)>
Function evaluation failed for <bound method Vmec.aspect of Vmec1 (nfp=4 mpol=5 ntor=5)>
Function evaluation failed for <bound method Vmec.aspect of Vmec1 (nfp=4 mpol=5 ntor=5)>
Function evaluation failed for <bound method Vmec.aspect of Vmec1 (nfp=4 mpol=5 ntor=5)>
Function evaluation failed for <bound method Vmec.aspect of Vmec1 (nfp=4 mpol=5 ntor=5)>
Function evaluation failed for <bound method Vmec.aspect of Vmec1 (nfp=4 mpol=5 ntor=5)>
Function evaluation failed for <bound method Vmec.aspect of Vmec1 (nfp=4 mpol=5 ntor=5)>
Function evaluation failed for <bound method Vmec.aspect of Vmec1 (nfp=4 mpol=5 ntor=5)>
Function evaluation failed for <bound method Vmec.aspect of Vmec1 (nfp=4 mpol=5 ntor=5)>
Function evaluation failed for <bound method Vmec.aspect of Vmec1 (nfp=4 mpol=5 ntor=5)>
Function evaluation failed for <bound method Vmec.aspect of Vmec1 (nfp=4 mpol=5 ntor=5)>
Function evaluation failed for <bound method Vmec.aspect of Vmec1 (nfp=4 mpol=5 ntor=5)>
Function evaluation failed for <bound method Vmec.aspect of Vmec1 (nfp=4 mpol=5 ntor=5)>
Function evaluation failed for <bound method Vmec.aspect of Vmec1 (nfp=4 mpol=5 ntor=5)>
Function evaluation failed for <bound method Vmec.aspect of Vmec1 (nfp=4 mpol=5 ntor=5)>
Function evaluation failed for <bound method Vmec.aspect of Vmec1 (nfp=4 mpol=5 ntor=5)>
Function evaluation failed for <bound method Vmec.aspect of Vmec1 (nfp=4 mpol=5 ntor=5)>
Function evaluation failed for <bound method Vmec.aspect of Vmec1 (nfp=4 mpol=5 ntor=5)>
Function evaluation failed for <bound method Vmec.aspect of Vmec1 (nfp=4 mpol=5 ntor=5)>
Function evaluation failed for <bound method Vmec.aspect of Vmec1 (nfp=4 mpol=5 ntor=5)>
Function evaluation failed for <bound method Vmec.aspect of Vmec1 (nfp=4 mpol=5 ntor=5)>
Function evaluation failed for <bound method Vmec.aspect of Vmec1 (nfp=4 mpol=5 ntor=5)>
Function evaluation failed for <bound method Vmec.aspect of Vmec1 (nfp=4 mpol=5 ntor=5)>
Function evaluation failed for <bound method Vmec.aspect of Vmec1 (nfp=4 mpol=5 ntor=5)>
Function evaluation failed for <bound method Vmec.aspect of Vmec1 (nfp=4 mpol=5 ntor=5)>
Function evaluation failed for <bound method Vmec.aspect of Vmec1 (nfp=4 mpol=5 ntor=5)>
Function evaluation failed for <bound method Vmec.aspect of Vmec1 (nfp=4 mpol=5 ntor=5)>
Function evaluation failed for <bound method Vmec.aspect of Vmec1 (nfp=4 mpol=5 ntor=5)>
Function evaluation failed for <bound method Vmec.aspect of Vmec1 (nfp=4 mpol=5 ntor=5)>
Function evaluation failed for <bound method Vmec.aspect of Vmec1 (nfp=4 mpol=5 ntor=5)>
Function evaluation failed for <bound method Vmec.aspect of Vmec1 (nfp=4 mpol=5 ntor=5)>
Function evaluation failed for <bound method Vmec.aspect of Vmec1 (nfp=4 mpol=5 ntor=5)>
Function evaluation failed for <bound method Vmec.aspect of Vmec1 (nfp=4 mpol=5 ntor=5)>
Function evaluation failed for <bound method Vmec.aspect of Vmec1 (nfp=4 mpol=5 ntor=5)>
Function evaluation failed for <bound method Vmec.aspect of Vmec1 (nfp=4 mpol=5 ntor=5)>
Function evaluation failed for <bound method Vmec.aspect of Vmec1 (nfp=4 mpol=5 ntor=5)>
Function evaluation failed for <bound method Vmec.aspect of Vmec1 (nfp=4 mpol=5 ntor=5)>
Function evaluation failed for <bound method Vmec.aspect of Vmec1 (nfp=4 mpol=5 ntor=5)>
Function evaluation failed for <bound method Vmec.aspect of Vmec1 (nfp=4 mpol=5 ntor=5)>
Function evaluation failed for <bound method Vmec.aspect of Vmec1 (nfp=4 mpol=5 ntor=5)>
[Errno 2] No such file or directory: b'/m100/home/userexternal/rjorge00/some_optimizations/GX_SIMSOPT/output_MAXITER150_dual_annealing_nfp4_QH_QH/gxRun_wout_nfp4_QH_000_000553.nc'
19:09:43 - Growth rate = 100.000000, quasisymmetry = 20.495338 with aspect ratio=5.252642 took 0.829163s
19:09:57 - Growth rate = 0.207458, quasisymmetry = 22.539763 with aspect ratio=5.270189 took 7.837556s
Function evaluation failed for <bound method Vmec.aspect of Vmec1 (nfp=4 mpol=5 ntor=5)>
Function evaluation failed for <bound method Vmec.aspect of Vmec1 (nfp=4 mpol=5 ntor=5)>
Function evaluation failed for <bound method Vmec.aspect of Vmec1 (nfp=4 mpol=5 ntor=5)>
Function evaluation failed for <bound method Vmec.aspect of Vmec1 (nfp=4 mpol=5 ntor=5)>
Function evaluation failed for <bound method Vmec.aspect of Vmec1 (nfp=4 mpol=5 ntor=5)>
Function evaluation failed for <bound method Vmec.aspect of Vmec1 (nfp=4 mpol=5 ntor=5)>
Function evaluation failed for <bound method Vmec.aspect of Vmec1 (nfp=4 mpol=5 ntor=5)>
Function evaluation failed for <bound method Vmec.aspect of Vmec1 (nfp=4 mpol=5 ntor=5)>
Function evaluation failed for <bound method Vmec.aspect of Vmec1 (nfp=4 mpol=5 ntor=5)>
Function evaluation failed for <bound method Vmec.aspect of Vmec1 (nfp=4 mpol=5 ntor=5)>
Function evaluation failed for <bound method Vmec.aspect of Vmec1 (nfp=4 mpol=5 ntor=5)>
Function evaluation failed for <bound method Vmec.aspect of Vmec1 (nfp=4 mpol=5 ntor=5)>
Function evaluation failed for <bound method Vmec.aspect of Vmec1 (nfp=4 mpol=5 ntor=5)>
Function evaluation failed for <bound method Vmec.aspect of Vmec1 (nfp=4 mpol=5 ntor=5)>
Function evaluation failed for <bound method Vmec.aspect of Vmec1 (nfp=4 mpol=5 ntor=5)>
Function evaluation failed for <bound method Vmec.aspect of Vmec1 (nfp=4 mpol=5 ntor=5)>
Function evaluation failed for <bound method Vmec.aspect of Vmec1 (nfp=4 mpol=5 ntor=5)>
Function evaluation failed for <bound method Vmec.aspect of Vmec1 (nfp=4 mpol=5 ntor=5)>
Function evaluation failed for <bound method Vmec.aspect of Vmec1 (nfp=4 mpol=5 ntor=5)>
19:10:22 - Growth rate = 0.165409, quasisymmetry = 103.163558 with aspect ratio=5.255164 took 7.082804s
Function evaluation failed for <bound method Vmec.aspect of Vmec1 (nfp=4 mpol=5 ntor=5)>
Function evaluation failed for <bound method Vmec.aspect of Vmec1 (nfp=4 mpol=5 ntor=5)>
[Errno 2] No such file or directory: b'/m100/home/userexternal/rjorge00/some_optimizations/GX_SIMSOPT/output_MAXITER150_dual_annealing_nfp4_QH_QH/gxRun_wout_nfp4_QH_000_000577.nc'
19:10:42 - Growth rate = 100.000000, quasisymmetry = 244.431238 with aspect ratio=5.234219 took 1.480198s
Function evaluation failed for <bound method Vmec.aspect of Vmec1 (nfp=4 mpol=5 ntor=5)>
Function evaluation failed for <bound method Vmec.aspect of Vmec1 (nfp=4 mpol=5 ntor=5)>
Function evaluation failed for <bound method Vmec.aspect of Vmec1 (nfp=4 mpol=5 ntor=5)>
Function evaluation failed for <bound method Vmec.aspect of Vmec1 (nfp=4 mpol=5 ntor=5)>
[Errno 2] No such file or directory: b'/m100/home/userexternal/rjorge00/some_optimizations/GX_SIMSOPT/output_MAXITER150_dual_annealing_nfp4_QH_QH/gxRun_wout_nfp4_QH_000_000582.nc'
19:11:00 - Growth rate = 100.000000, quasisymmetry = 124.465622 with aspect ratio=5.307330 took 0.767036s
Function evaluation failed for <bound method Vmec.aspect of Vmec1 (nfp=4 mpol=5 ntor=5)>
Function evaluation failed for <bound method Vmec.aspect of Vmec1 (nfp=4 mpol=5 ntor=5)>
Function evaluation failed for <bound method Vmec.aspect of Vmec1 (nfp=4 mpol=5 ntor=5)>
Function evaluation failed for <bound method Vmec.aspect of Vmec1 (nfp=4 mpol=5 ntor=5)>
Function evaluation failed for <bound method Vmec.aspect of Vmec1 (nfp=4 mpol=5 ntor=5)>
Function evaluation failed for <bound method Vmec.aspect of Vmec1 (nfp=4 mpol=5 ntor=5)>
Function evaluation failed for <bound method Vmec.aspect of Vmec1 (nfp=4 mpol=5 ntor=5)>
Function evaluation failed for <bound method Vmec.aspect of Vmec1 (nfp=4 mpol=5 ntor=5)>
Function evaluation failed for <bound method Vmec.aspect of Vmec1 (nfp=4 mpol=5 ntor=5)>
Function evaluation failed for <bound method Vmec.aspect of Vmec1 (nfp=4 mpol=5 ntor=5)>
Function evaluation failed for <bound method Vmec.aspect of Vmec1 (nfp=4 mpol=5 ntor=5)>
[Errno 2] No such file or directory: b'/m100/home/userexternal/rjorge00/some_optimizations/GX_SIMSOPT/output_MAXITER150_dual_annealing_nfp4_QH_QH/gxRun_wout_nfp4_QH_000_000594.nc'
19:11:11 - Growth rate = 100.000000, quasisymmetry = 19.460566 with aspect ratio=5.000080 took 0.834392s
Function evaluation failed for <bound method Vmec.aspect of Vmec1 (nfp=4 mpol=5 ntor=5)>
Function evaluation failed for <bound method Vmec.aspect of Vmec1 (nfp=4 mpol=5 ntor=5)>
[Errno 2] No such file or directory: b'/m100/home/userexternal/rjorge00/some_optimizations/GX_SIMSOPT/output_MAXITER150_dual_annealing_nfp4_QH_QH/gxRun_wout_nfp4_QH_000_000597.nc'
19:11:25 - Growth rate = 100.000000, quasisymmetry = 17.288072 with aspect ratio=5.255070 took 0.947608s
Function evaluation failed for <bound method Vmec.aspect of Vmec1 (nfp=4 mpol=5 ntor=5)>
Function evaluation failed for <bound method Vmec.aspect of Vmec1 (nfp=4 mpol=5 ntor=5)>
Function evaluation failed for <bound method Vmec.aspect of Vmec1 (nfp=4 mpol=5 ntor=5)>
Function evaluation failed for <bound method Vmec.aspect of Vmec1 (nfp=4 mpol=5 ntor=5)>
Function evaluation failed for <bound method Vmec.aspect of Vmec1 (nfp=4 mpol=5 ntor=5)>
Function evaluation failed for <bound method Vmec.aspect of Vmec1 (nfp=4 mpol=5 ntor=5)>
Function evaluation failed for <bound method Vmec.aspect of Vmec1 (nfp=4 mpol=5 ntor=5)>
Function evaluation failed for <bound method Vmec.aspect of Vmec1 (nfp=4 mpol=5 ntor=5)>
Function evaluation failed for <bound method Vmec.aspect of Vmec1 (nfp=4 mpol=5 ntor=5)>
Function evaluation failed for <bound method Vmec.aspect of Vmec1 (nfp=4 mpol=5 ntor=5)>
Function evaluation failed for <bound method Vmec.aspect of Vmec1 (nfp=4 mpol=5 ntor=5)>
Function evaluation failed for <bound method Vmec.aspect of Vmec1 (nfp=4 mpol=5 ntor=5)>
Function evaluation failed for <bound method Vmec.aspect of Vmec1 (nfp=4 mpol=5 ntor=5)>
Function evaluation failed for <bound method Vmec.aspect of Vmec1 (nfp=4 mpol=5 ntor=5)>
Function evaluation failed for <bound method Vmec.aspect of Vmec1 (nfp=4 mpol=5 ntor=5)>
Function evaluation failed for <bound method Vmec.aspect of Vmec1 (nfp=4 mpol=5 ntor=5)>
Function evaluation failed for <bound method Vmec.aspect of Vmec1 (nfp=4 mpol=5 ntor=5)>
Function evaluation failed for <bound method Vmec.aspect of Vmec1 (nfp=4 mpol=5 ntor=5)>
Function evaluation failed for <bound method Vmec.aspect of Vmec1 (nfp=4 mpol=5 ntor=5)>
Function evaluation failed for <bound method Vmec.aspect of Vmec1 (nfp=4 mpol=5 ntor=5)>
Function evaluation failed for <bound method Vmec.aspect of Vmec1 (nfp=4 mpol=5 ntor=5)>
Function evaluation failed for <bound method Vmec.aspect of Vmec1 (nfp=4 mpol=5 ntor=5)>
Function evaluation failed for <bound method Vmec.aspect of Vmec1 (nfp=4 mpol=5 ntor=5)>
Function evaluation failed for <bound method Vmec.aspect of Vmec1 (nfp=4 mpol=5 ntor=5)>
Function evaluation failed for <bound method Vmec.aspect of Vmec1 (nfp=4 mpol=5 ntor=5)>
Function evaluation failed for <bound method Vmec.aspect of Vmec1 (nfp=4 mpol=5 ntor=5)>
Function evaluation failed for <bound method Vmec.aspect of Vmec1 (nfp=4 mpol=5 ntor=5)>
Function evaluation failed for <bound method Vmec.aspect of Vmec1 (nfp=4 mpol=5 ntor=5)>
Function evaluation failed for <bound method Vmec.aspect of Vmec1 (nfp=4 mpol=5 ntor=5)>
Function evaluation failed for <bound method Vmec.aspect of Vmec1 (nfp=4 mpol=5 ntor=5)>
Function evaluation failed for <bound method Vmec.aspect of Vmec1 (nfp=4 mpol=5 ntor=5)>
Function evaluation failed for <bound method Vmec.aspect of Vmec1 (nfp=4 mpol=5 ntor=5)>
Function evaluation failed for <bound method Vmec.aspect of Vmec1 (nfp=4 mpol=5 ntor=5)>
Function evaluation failed for <bound method Vmec.aspect of Vmec1 (nfp=4 mpol=5 ntor=5)>
Function evaluation failed for <bound method Vmec.aspect of Vmec1 (nfp=4 mpol=5 ntor=5)>
Function evaluation failed for <bound method Vmec.aspect of Vmec1 (nfp=4 mpol=5 ntor=5)>
Function evaluation failed for <bound method Vmec.aspect of Vmec1 (nfp=4 mpol=5 ntor=5)>
Function evaluation failed for <bound method Vmec.aspect of Vmec1 (nfp=4 mpol=5 ntor=5)>
Function evaluation failed for <bound method Vmec.aspect of Vmec1 (nfp=4 mpol=5 ntor=5)>
Function evaluation failed for <bound method Vmec.aspect of Vmec1 (nfp=4 mpol=5 ntor=5)>
Function evaluation failed for <bound method Vmec.aspect of Vmec1 (nfp=4 mpol=5 ntor=5)>
Function evaluation failed for <bound method Vmec.aspect of Vmec1 (nfp=4 mpol=5 ntor=5)>
Function evaluation failed for <bound method Vmec.aspect of Vmec1 (nfp=4 mpol=5 ntor=5)>
Function evaluation failed for <bound method Vmec.aspect of Vmec1 (nfp=4 mpol=5 ntor=5)>
Function evaluation failed for <bound method Vmec.aspect of Vmec1 (nfp=4 mpol=5 ntor=5)>
Function evaluation failed for <bound method Vmec.aspect of Vmec1 (nfp=4 mpol=5 ntor=5)>
Function evaluation failed for <bound method Vmec.aspect of Vmec1 (nfp=4 mpol=5 ntor=5)>
Function evaluation failed for <bound method Vmec.aspect of Vmec1 (nfp=4 mpol=5 ntor=5)>
19:11:51 - Growth rate = 0.324950, quasisymmetry = 22.011533 with aspect ratio=5.231194 took 7.651576s
Function evaluation failed for <bound method Vmec.aspect of Vmec1 (nfp=4 mpol=5 ntor=5)>
Function evaluation failed for <bound method Vmec.aspect of Vmec1 (nfp=4 mpol=5 ntor=5)>
Function evaluation failed for <bound method Vmec.aspect of Vmec1 (nfp=4 mpol=5 ntor=5)>
Function evaluation failed for <bound method Vmec.aspect of Vmec1 (nfp=4 mpol=5 ntor=5)>
Function evaluation failed for <bound method Vmec.aspect of Vmec1 (nfp=4 mpol=5 ntor=5)>
Function evaluation failed for <bound method Vmec.aspect of Vmec1 (nfp=4 mpol=5 ntor=5)>
Function evaluation failed for <bound method Vmec.aspect of Vmec1 (nfp=4 mpol=5 ntor=5)>
Function evaluation failed for <bound method Vmec.aspect of Vmec1 (nfp=4 mpol=5 ntor=5)>
Function evaluation failed for <bound method Vmec.aspect of Vmec1 (nfp=4 mpol=5 ntor=5)>
Function evaluation failed for <bound method Vmec.aspect of Vmec1 (nfp=4 mpol=5 ntor=5)>
Function evaluation failed for <bound method Vmec.aspect of Vmec1 (nfp=4 mpol=5 ntor=5)>
Function evaluation failed for <bound method Vmec.aspect of Vmec1 (nfp=4 mpol=5 ntor=5)>
Function evaluation failed for <bound method Vmec.aspect of Vmec1 (nfp=4 mpol=5 ntor=5)>
Function evaluation failed for <bound method Vmec.aspect of Vmec1 (nfp=4 mpol=5 ntor=5)>
Function evaluation failed for <bound method Vmec.aspect of Vmec1 (nfp=4 mpol=5 ntor=5)>
Function evaluation failed for <bound method Vmec.aspect of Vmec1 (nfp=4 mpol=5 ntor=5)>
Function evaluation failed for <bound method Vmec.aspect of Vmec1 (nfp=4 mpol=5 ntor=5)>
Function evaluation failed for <bound method Vmec.aspect of Vmec1 (nfp=4 mpol=5 ntor=5)>
Function evaluation failed for <bound method Vmec.aspect of Vmec1 (nfp=4 mpol=5 ntor=5)>
Function evaluation failed for <bound method Vmec.aspect of Vmec1 (nfp=4 mpol=5 ntor=5)>
Function evaluation failed for <bound method Vmec.aspect of Vmec1 (nfp=4 mpol=5 ntor=5)>
Function evaluation failed for <bound method Vmec.aspect of Vmec1 (nfp=4 mpol=5 ntor=5)>
Function evaluation failed for <bound method Vmec.aspect of Vmec1 (nfp=4 mpol=5 ntor=5)>
[Errno 2] No such file or directory: b'/m100/home/userexternal/rjorge00/some_optimizations/GX_SIMSOPT/output_MAXITER150_dual_annealing_nfp4_QH_QH/gxRun_wout_nfp4_QH_000_000670.nc'
19:12:30 - Growth rate = 100.000000, quasisymmetry = 41.235354 with aspect ratio=5.255164 took 1.000154s
[Errno 2] No such file or directory: b'/m100/home/userexternal/rjorge00/some_optimizations/GX_SIMSOPT/output_MAXITER150_dual_annealing_nfp4_QH_QH/gxRun_wout_nfp4_QH_000_000671.nc'
19:12:39 - Growth rate = 100.000000, quasisymmetry = 35.308825 with aspect ratio=5.255164 took 1.181396s
Function evaluation failed for <bound method Vmec.aspect of Vmec1 (nfp=4 mpol=5 ntor=5)>
Function evaluation failed for <bound method Vmec.aspect of Vmec1 (nfp=4 mpol=5 ntor=5)>
19:12:54 - Growth rate = 0.212917, quasisymmetry = 12.346400 with aspect ratio=5.289603 took 7.839287s
19:13:08 - Growth rate = 0.218898, quasisymmetry = 14.341464 with aspect ratio=5.232058 took 7.717587s
Function evaluation failed for <bound method Vmec.aspect of Vmec1 (nfp=4 mpol=5 ntor=5)>
Function evaluation failed for <bound method Vmec.aspect of Vmec1 (nfp=4 mpol=5 ntor=5)>
Function evaluation failed for <bound method Vmec.aspect of Vmec1 (nfp=4 mpol=5 ntor=5)>
Function evaluation failed for <bound method Vmec.aspect of Vmec1 (nfp=4 mpol=5 ntor=5)>
Function evaluation failed for <bound method Vmec.aspect of Vmec1 (nfp=4 mpol=5 ntor=5)>
Function evaluation failed for <bound method Vmec.aspect of Vmec1 (nfp=4 mpol=5 ntor=5)>
[Errno 2] No such file or directory: b'/m100/home/userexternal/rjorge00/some_optimizations/GX_SIMSOPT/output_MAXITER150_dual_annealing_nfp4_QH_QH/gxRun_wout_nfp4_QH_000_000682.nc'
19:13:27 - Growth rate = 100.000000, quasisymmetry = 15.729738 with aspect ratio=5.456563 took 1.084721s
Function evaluation failed for <bound method Vmec.aspect of Vmec1 (nfp=4 mpol=5 ntor=5)>
Function evaluation failed for <bound method Vmec.aspect of Vmec1 (nfp=4 mpol=5 ntor=5)>
[Errno 2] No such file or directory: b'/m100/home/userexternal/rjorge00/some_optimizations/GX_SIMSOPT/output_MAXITER150_dual_annealing_nfp4_QH_QH/gxRun_wout_nfp4_QH_000_000685.nc'
19:13:41 - Growth rate = 100.000000, quasisymmetry = 10.240520 with aspect ratio=5.232859 took 0.979099s
Function evaluation failed for <bound method Vmec.aspect of Vmec1 (nfp=4 mpol=5 ntor=5)>
Function evaluation failed for <bound method Vmec.aspect of Vmec1 (nfp=4 mpol=5 ntor=5)>
[Errno 2] No such file or directory: b'/m100/home/userexternal/rjorge00/some_optimizations/GX_SIMSOPT/output_MAXITER150_dual_annealing_nfp4_QH_QH/gxRun_wout_nfp4_QH_000_000688.nc'
19:13:50 - Growth rate = 100.000000, quasisymmetry = 15.622789 with aspect ratio=5.233356 took 0.766176s
Function evaluation failed for <bound method Vmec.aspect of Vmec1 (nfp=4 mpol=5 ntor=5)>
Function evaluation failed for <bound method Vmec.aspect of Vmec1 (nfp=4 mpol=5 ntor=5)>
Function evaluation failed for <bound method Vmec.aspect of Vmec1 (nfp=4 mpol=5 ntor=5)>
[Errno 2] No such file or directory: b'/m100/home/userexternal/rjorge00/some_optimizations/GX_SIMSOPT/output_MAXITER150_dual_annealing_nfp4_QH_QH/gxRun_wout_nfp4_QH_000_000692.nc'
19:13:57 - Growth rate = 100.000000, quasisymmetry = 19.883258 with aspect ratio=5.234303 took 0.783906s
Function evaluation failed for <bound method Vmec.aspect of Vmec1 (nfp=4 mpol=5 ntor=5)>
Function evaluation failed for <bound method Vmec.aspect of Vmec1 (nfp=4 mpol=5 ntor=5)>
Function evaluation failed for <bound method Vmec.aspect of Vmec1 (nfp=4 mpol=5 ntor=5)>
Function evaluation failed for <bound method Vmec.aspect of Vmec1 (nfp=4 mpol=5 ntor=5)>
Function evaluation failed for <bound method Vmec.aspect of Vmec1 (nfp=4 mpol=5 ntor=5)>
Function evaluation failed for <bound method Vmec.aspect of Vmec1 (nfp=4 mpol=5 ntor=5)>
Function evaluation failed for <bound method Vmec.aspect of Vmec1 (nfp=4 mpol=5 ntor=5)>
Function evaluation failed for <bound method Vmec.aspect of Vmec1 (nfp=4 mpol=5 ntor=5)>
Function evaluation failed for <bound method Vmec.aspect of Vmec1 (nfp=4 mpol=5 ntor=5)>
Function evaluation failed for <bound method Vmec.aspect of Vmec1 (nfp=4 mpol=5 ntor=5)>
Function evaluation failed for <bound method Vmec.aspect of Vmec1 (nfp=4 mpol=5 ntor=5)>
Function evaluation failed for <bound method Vmec.aspect of Vmec1 (nfp=4 mpol=5 ntor=5)>
Function evaluation failed for <bound method Vmec.aspect of Vmec1 (nfp=4 mpol=5 ntor=5)>
Function evaluation failed for <bound method Vmec.aspect of Vmec1 (nfp=4 mpol=5 ntor=5)>
Function evaluation failed for <bound method Vmec.aspect of Vmec1 (nfp=4 mpol=5 ntor=5)>
Function evaluation failed for <bound method Vmec.aspect of Vmec1 (nfp=4 mpol=5 ntor=5)>
Function evaluation failed for <bound method Vmec.aspect of Vmec1 (nfp=4 mpol=5 ntor=5)>
Function evaluation failed for <bound method Vmec.aspect of Vmec1 (nfp=4 mpol=5 ntor=5)>
Function evaluation failed for <bound method Vmec.aspect of Vmec1 (nfp=4 mpol=5 ntor=5)>
Function evaluation failed for <bound method Vmec.aspect of Vmec1 (nfp=4 mpol=5 ntor=5)>
Function evaluation failed for <bound method Vmec.aspect of Vmec1 (nfp=4 mpol=5 ntor=5)>
Function evaluation failed for <bound method Vmec.aspect of Vmec1 (nfp=4 mpol=5 ntor=5)>
Function evaluation failed for <bound method Vmec.aspect of Vmec1 (nfp=4 mpol=5 ntor=5)>
Function evaluation failed for <bound method Vmec.aspect of Vmec1 (nfp=4 mpol=5 ntor=5)>
Function evaluation failed for <bound method Vmec.aspect of Vmec1 (nfp=4 mpol=5 ntor=5)>
Function evaluation failed for <bound method Vmec.aspect of Vmec1 (nfp=4 mpol=5 ntor=5)>
Function evaluation failed for <bound method Vmec.aspect of Vmec1 (nfp=4 mpol=5 ntor=5)>
Function evaluation failed for <bound method Vmec.aspect of Vmec1 (nfp=4 mpol=5 ntor=5)>
Function evaluation failed for <bound method Vmec.aspect of Vmec1 (nfp=4 mpol=5 ntor=5)>
Function evaluation failed for <bound method Vmec.aspect of Vmec1 (nfp=4 mpol=5 ntor=5)>
Function evaluation failed for <bound method Vmec.aspect of Vmec1 (nfp=4 mpol=5 ntor=5)>
Function evaluation failed for <bound method Vmec.aspect of Vmec1 (nfp=4 mpol=5 ntor=5)>
Function evaluation failed for <bound method Vmec.aspect of Vmec1 (nfp=4 mpol=5 ntor=5)>
Function evaluation failed for <bound method Vmec.aspect of Vmec1 (nfp=4 mpol=5 ntor=5)>
Function evaluation failed for <bound method Vmec.aspect of Vmec1 (nfp=4 mpol=5 ntor=5)>
Function evaluation failed for <bound method Vmec.aspect of Vmec1 (nfp=4 mpol=5 ntor=5)>
Function evaluation failed for <bound method Vmec.aspect of Vmec1 (nfp=4 mpol=5 ntor=5)>
Function evaluation failed for <bound method Vmec.aspect of Vmec1 (nfp=4 mpol=5 ntor=5)>
Function evaluation failed for <bound method Vmec.aspect of Vmec1 (nfp=4 mpol=5 ntor=5)>
Function evaluation failed for <bound method Vmec.aspect of Vmec1 (nfp=4 mpol=5 ntor=5)>
Function evaluation failed for <bound method Vmec.aspect of Vmec1 (nfp=4 mpol=5 ntor=5)>
Function evaluation failed for <bound method Vmec.aspect of Vmec1 (nfp=4 mpol=5 ntor=5)>
Function evaluation failed for <bound method Vmec.aspect of Vmec1 (nfp=4 mpol=5 ntor=5)>
Function evaluation failed for <bound method Vmec.aspect of Vmec1 (nfp=4 mpol=5 ntor=5)>
Function evaluation failed for <bound method Vmec.aspect of Vmec1 (nfp=4 mpol=5 ntor=5)>
Function evaluation failed for <bound method Vmec.aspect of Vmec1 (nfp=4 mpol=5 ntor=5)>
Function evaluation failed for <bound method Vmec.aspect of Vmec1 (nfp=4 mpol=5 ntor=5)>
Function evaluation failed for <bound method Vmec.aspect of Vmec1 (nfp=4 mpol=5 ntor=5)>
Function evaluation failed for <bound method Vmec.aspect of Vmec1 (nfp=4 mpol=5 ntor=5)>
[Errno 2] No such file or directory: b'/m100/home/userexternal/rjorge00/some_optimizations/GX_SIMSOPT/output_MAXITER150_dual_annealing_nfp4_QH_QH/gxRun_wout_nfp4_QH_000_000742.nc'
19:14:16 - Growth rate = 100.000000, quasisymmetry = 13.776266 with aspect ratio=5.239659 took 0.949713s
[Errno 2] No such file or directory: b'/m100/home/userexternal/rjorge00/some_optimizations/GX_SIMSOPT/output_MAXITER150_dual_annealing_nfp4_QH_QH/gxRun_wout_nfp4_QH_000_000743.nc'
19:14:24 - Growth rate = 100.000000, quasisymmetry = 219.253683 with aspect ratio=5.243952 took 0.787467s
[Errno 2] No such file or directory: b'/m100/home/userexternal/rjorge00/some_optimizations/GX_SIMSOPT/output_MAXITER150_dual_annealing_nfp4_QH_QH/gxRun_wout_nfp4_QH_000_000744.nc'
19:14:33 - Growth rate = 100.000000, quasisymmetry = 116.462849 with aspect ratio=5.231298 took 1.253730s
Function evaluation failed for <bound method Vmec.aspect of Vmec1 (nfp=4 mpol=5 ntor=5)>
Function evaluation failed for <bound method Vmec.aspect of Vmec1 (nfp=4 mpol=5 ntor=5)>
Function evaluation failed for <bound method Vmec.aspect of Vmec1 (nfp=4 mpol=5 ntor=5)>
Function evaluation failed for <bound method Vmec.aspect of Vmec1 (nfp=4 mpol=5 ntor=5)>
Function evaluation failed for <bound method Vmec.aspect of Vmec1 (nfp=4 mpol=5 ntor=5)>
19:14:48 - Growth rate = 1.226976, quasisymmetry = 15.219892 with aspect ratio=5.229963 took 8.039945s
[Errno 2] No such file or directory: b'/m100/home/userexternal/rjorge00/some_optimizations/GX_SIMSOPT/output_MAXITER150_dual_annealing_nfp4_QH_QH/gxRun_wout_nfp4_QH_000_000751.nc'
19:14:55 - Growth rate = 100.000000, quasisymmetry = 80.831312 with aspect ratio=5.235850 took 1.059705s
Function evaluation failed for <bound method Vmec.aspect of Vmec1 (nfp=4 mpol=5 ntor=5)>
Function evaluation failed for <bound method Vmec.aspect of Vmec1 (nfp=4 mpol=5 ntor=5)>
Function evaluation failed for <bound method Vmec.aspect of Vmec1 (nfp=4 mpol=5 ntor=5)>
Function evaluation failed for <bound method Vmec.aspect of Vmec1 (nfp=4 mpol=5 ntor=5)>
Function evaluation failed for <bound method Vmec.aspect of Vmec1 (nfp=4 mpol=5 ntor=5)>
Function evaluation failed for <bound method Vmec.aspect of Vmec1 (nfp=4 mpol=5 ntor=5)>
Function evaluation failed for <bound method Vmec.aspect of Vmec1 (nfp=4 mpol=5 ntor=5)>
Function evaluation failed for <bound method Vmec.aspect of Vmec1 (nfp=4 mpol=5 ntor=5)>
Function evaluation failed for <bound method Vmec.aspect of Vmec1 (nfp=4 mpol=5 ntor=5)>
Function evaluation failed for <bound method Vmec.aspect of Vmec1 (nfp=4 mpol=5 ntor=5)>
Function evaluation failed for <bound method Vmec.aspect of Vmec1 (nfp=4 mpol=5 ntor=5)>
Function evaluation failed for <bound method Vmec.aspect of Vmec1 (nfp=4 mpol=5 ntor=5)>
Function evaluation failed for <bound method Vmec.aspect of Vmec1 (nfp=4 mpol=5 ntor=5)>
Function evaluation failed for <bound method Vmec.aspect of Vmec1 (nfp=4 mpol=5 ntor=5)>
19:15:11 - Growth rate = 0.156204, quasisymmetry = 28.947398 with aspect ratio=5.232058 took 7.825748s
Function evaluation failed for <bound method Vmec.aspect of Vmec1 (nfp=4 mpol=5 ntor=5)>
Function evaluation failed for <bound method Vmec.aspect of Vmec1 (nfp=4 mpol=5 ntor=5)>
Function evaluation failed for <bound method Vmec.aspect of Vmec1 (nfp=4 mpol=5 ntor=5)>
Function evaluation failed for <bound method Vmec.aspect of Vmec1 (nfp=4 mpol=5 ntor=5)>
Function evaluation failed for <bound method Vmec.aspect of Vmec1 (nfp=4 mpol=5 ntor=5)>
Function evaluation failed for <bound method Vmec.aspect of Vmec1 (nfp=4 mpol=5 ntor=5)>
Function evaluation failed for <bound method Vmec.aspect of Vmec1 (nfp=4 mpol=5 ntor=5)>
Function evaluation failed for <bound method Vmec.aspect of Vmec1 (nfp=4 mpol=5 ntor=5)>
[Errno 2] No such file or directory: b'/m100/home/userexternal/rjorge00/some_optimizations/GX_SIMSOPT/output_MAXITER150_dual_annealing_nfp4_QH_QH/gxRun_wout_nfp4_QH_000_000775.nc'
19:15:52 - Growth rate = 100.000000, quasisymmetry = 16.415046 with aspect ratio=5.231486 took 0.816818s
Function evaluation failed for <bound method Vmec.aspect of Vmec1 (nfp=4 mpol=5 ntor=5)>
Function evaluation failed for <bound method Vmec.aspect of Vmec1 (nfp=4 mpol=5 ntor=5)>
Function evaluation failed for <bound method Vmec.aspect of Vmec1 (nfp=4 mpol=5 ntor=5)>
Function evaluation failed for <bound method Vmec.aspect of Vmec1 (nfp=4 mpol=5 ntor=5)>
[Errno 2] No such file or directory: b'/m100/home/userexternal/rjorge00/some_optimizations/GX_SIMSOPT/output_MAXITER150_dual_annealing_nfp4_QH_QH/gxRun_wout_nfp4_QH_000_000780.nc'
19:16:00 - Growth rate = 100.000000, quasisymmetry = 21.663805 with aspect ratio=5.274402 took 1.014255s
Function evaluation failed for <bound method Vmec.aspect of Vmec1 (nfp=4 mpol=5 ntor=5)>
[Errno 2] No such file or directory: b'/m100/home/userexternal/rjorge00/some_optimizations/GX_SIMSOPT/output_MAXITER150_dual_annealing_nfp4_QH_QH/gxRun_wout_nfp4_QH_000_000782.nc'
19:16:08 - Growth rate = 100.000000, quasisymmetry = 46.546911 with aspect ratio=5.230135 took 0.802084s
Function evaluation failed for <bound method Vmec.aspect of Vmec1 (nfp=4 mpol=5 ntor=5)>
Function evaluation failed for <bound method Vmec.aspect of Vmec1 (nfp=4 mpol=5 ntor=5)>
Function evaluation failed for <bound method Vmec.aspect of Vmec1 (nfp=4 mpol=5 ntor=5)>
Function evaluation failed for <bound method Vmec.aspect of Vmec1 (nfp=4 mpol=5 ntor=5)>
Function evaluation failed for <bound method Vmec.aspect of Vmec1 (nfp=4 mpol=5 ntor=5)>
Function evaluation failed for <bound method Vmec.aspect of Vmec1 (nfp=4 mpol=5 ntor=5)>
Function evaluation failed for <bound method Vmec.aspect of Vmec1 (nfp=4 mpol=5 ntor=5)>
Function evaluation failed for <bound method Vmec.aspect of Vmec1 (nfp=4 mpol=5 ntor=5)>
Function evaluation failed for <bound method Vmec.aspect of Vmec1 (nfp=4 mpol=5 ntor=5)>
Function evaluation failed for <bound method Vmec.aspect of Vmec1 (nfp=4 mpol=5 ntor=5)>
Function evaluation failed for <bound method Vmec.aspect of Vmec1 (nfp=4 mpol=5 ntor=5)>
Function evaluation failed for <bound method Vmec.aspect of Vmec1 (nfp=4 mpol=5 ntor=5)>
Function evaluation failed for <bound method Vmec.aspect of Vmec1 (nfp=4 mpol=5 ntor=5)>
Function evaluation failed for <bound method Vmec.aspect of Vmec1 (nfp=4 mpol=5 ntor=5)>
Function evaluation failed for <bound method Vmec.aspect of Vmec1 (nfp=4 mpol=5 ntor=5)>
Function evaluation failed for <bound method Vmec.aspect of Vmec1 (nfp=4 mpol=5 ntor=5)>
Function evaluation failed for <bound method Vmec.aspect of Vmec1 (nfp=4 mpol=5 ntor=5)>
Function evaluation failed for <bound method Vmec.aspect of Vmec1 (nfp=4 mpol=5 ntor=5)>
Function evaluation failed for <bound method Vmec.aspect of Vmec1 (nfp=4 mpol=5 ntor=5)>
Function evaluation failed for <bound method Vmec.aspect of Vmec1 (nfp=4 mpol=5 ntor=5)>
Function evaluation failed for <bound method Vmec.aspect of Vmec1 (nfp=4 mpol=5 ntor=5)>
Function evaluation failed for <bound method Vmec.aspect of Vmec1 (nfp=4 mpol=5 ntor=5)>
Function evaluation failed for <bound method Vmec.aspect of Vmec1 (nfp=4 mpol=5 ntor=5)>
Function evaluation failed for <bound method Vmec.aspect of Vmec1 (nfp=4 mpol=5 ntor=5)>
Function evaluation failed for <bound method Vmec.aspect of Vmec1 (nfp=4 mpol=5 ntor=5)>
Function evaluation failed for <bound method Vmec.aspect of Vmec1 (nfp=4 mpol=5 ntor=5)>
Function evaluation failed for <bound method Vmec.aspect of Vmec1 (nfp=4 mpol=5 ntor=5)>
Function evaluation failed for <bound method Vmec.aspect of Vmec1 (nfp=4 mpol=5 ntor=5)>
Function evaluation failed for <bound method Vmec.aspect of Vmec1 (nfp=4 mpol=5 ntor=5)>
Function evaluation failed for <bound method Vmec.aspect of Vmec1 (nfp=4 mpol=5 ntor=5)>
Function evaluation failed for <bound method Vmec.aspect of Vmec1 (nfp=4 mpol=5 ntor=5)>
Function evaluation failed for <bound method Vmec.aspect of Vmec1 (nfp=4 mpol=5 ntor=5)>
Function evaluation failed for <bound method Vmec.aspect of Vmec1 (nfp=4 mpol=5 ntor=5)>
Function evaluation failed for <bound method Vmec.aspect of Vmec1 (nfp=4 mpol=5 ntor=5)>
Function evaluation failed for <bound method Vmec.aspect of Vmec1 (nfp=4 mpol=5 ntor=5)>
Function evaluation failed for <bound method Vmec.aspect of Vmec1 (nfp=4 mpol=5 ntor=5)>
Function evaluation failed for <bound method Vmec.aspect of Vmec1 (nfp=4 mpol=5 ntor=5)>
Function evaluation failed for <bound method Vmec.aspect of Vmec1 (nfp=4 mpol=5 ntor=5)>
Function evaluation failed for <bound method Vmec.aspect of Vmec1 (nfp=4 mpol=5 ntor=5)>
Function evaluation failed for <bound method Vmec.aspect of Vmec1 (nfp=4 mpol=5 ntor=5)>
Function evaluation failed for <bound method Vmec.aspect of Vmec1 (nfp=4 mpol=5 ntor=5)>
Function evaluation failed for <bound method Vmec.aspect of Vmec1 (nfp=4 mpol=5 ntor=5)>
Function evaluation failed for <bound method Vmec.aspect of Vmec1 (nfp=4 mpol=5 ntor=5)>
Function evaluation failed for <bound method Vmec.aspect of Vmec1 (nfp=4 mpol=5 ntor=5)>
Function evaluation failed for <bound method Vmec.aspect of Vmec1 (nfp=4 mpol=5 ntor=5)>
Function evaluation failed for <bound method Vmec.aspect of Vmec1 (nfp=4 mpol=5 ntor=5)>
Function evaluation failed for <bound method Vmec.aspect of Vmec1 (nfp=4 mpol=5 ntor=5)>
Function evaluation failed for <bound method Vmec.aspect of Vmec1 (nfp=4 mpol=5 ntor=5)>
Function evaluation failed for <bound method Vmec.aspect of Vmec1 (nfp=4 mpol=5 ntor=5)>
Function evaluation failed for <bound method Vmec.aspect of Vmec1 (nfp=4 mpol=5 ntor=5)>
Function evaluation failed for <bound method Vmec.aspect of Vmec1 (nfp=4 mpol=5 ntor=5)>
Function evaluation failed for <bound method Vmec.aspect of Vmec1 (nfp=4 mpol=5 ntor=5)>
Function evaluation failed for <bound method Vmec.aspect of Vmec1 (nfp=4 mpol=5 ntor=5)>
Function evaluation failed for <bound method Vmec.aspect of Vmec1 (nfp=4 mpol=5 ntor=5)>
Function evaluation failed for <bound method Vmec.aspect of Vmec1 (nfp=4 mpol=5 ntor=5)>
[Errno 2] No such file or directory: b'/m100/home/userexternal/rjorge00/some_optimizations/GX_SIMSOPT/output_MAXITER150_dual_annealing_nfp4_QH_QH/gxRun_wout_nfp4_QH_000_000838.nc'
19:16:35 - Growth rate = 100.000000, quasisymmetry = 18.855903 with aspect ratio=5.305402 took 1.051310s
free(): invalid next size (fast)
[r231n02:15889] *** Process received signal ***
[r231n02:15889] Signal: Aborted (6)
[r231n02:15889] Signal code:  (-6)
[r231n02:15889] [ 0] linux-vdso64.so.1(__kernel_sigtramp_rt64+0x0)[0x2000000504d8]
[r231n02:15889] [ 1] /lib64/power9/libc.so.6(gsignal+0xd8)[0x2000002d3798]
[r231n02:15889] [ 2] /lib64/power9/libc.so.6(abort+0x164)[0x2000002b3bac]
[r231n02:15889] [ 3] /lib64/power9/libc.so.6(+0x8f8bc)[0x20000031f8bc]
[r231n02:15889] [ 4] /lib64/power9/libc.so.6(+0x992b8)[0x2000003292b8]
[r231n02:15889] [ 5] /lib64/power9/libc.so.6(+0x9b410)[0x20000032b410]
[r231n02:15889] [ 6] /m100/home/userexternal/rjorge00/.conda/envs/simsopt/lib/python3.8/site-packages/vmec-0.0.4-py3.8-linux-ppc64le.egg/vmec/_vmec.cpython-38-powerpc64le-linux-gnu.so(cleanup_+0x4bc)[0x20004da08d9c]
[r231n02:15889] [ 7] /m100/home/userexternal/rjorge00/.conda/envs/simsopt/lib/python3.8/site-packages/vmec-0.0.4-py3.8-linux-ppc64le.egg/vmec/_vmec.cpython-38-powerpc64le-linux-gnu.so(f90wrap_cleanup_+0x18)[0x20004d9c9b28]
[r231n02:15889] [ 8] /m100/home/userexternal/rjorge00/.conda/envs/simsopt/lib/python3.8/site-packages/vmec-0.0.4-py3.8-linux-ppc64le.egg/vmec/_vmec.cpython-38-powerpc64le-linux-gnu.so(+0x714fc)[0x20004d9914fc]
[r231n02:15889] [ 9] /m100/home/userexternal/rjorge00/.conda/envs/simsopt/lib/python3.8/site-packages/vmec-0.0.4-py3.8-linux-ppc64le.egg/vmec/_vmec.cpython-38-powerpc64le-linux-gnu.so(+0xa74a4)[0x20004d9c74a4]
[r231n02:15889] [10] python3(_PyObject_MakeTpCall+0xec)[0x102cf077c]
[r231n02:15889] [11] python3(_PyEval_EvalFrameDefault+0x7e5c)[0x102cd87fc]
[r231n02:15889] [12] python3(PyEval_EvalFrameEx+0x34)[0x102dd6564]
[r231n02:15889] [13] python3(+0x5f1d4)[0x102ccf1d4]
[r231n02:15889] [14] python3(_PyEval_EvalFrameDefault+0x86b4)[0x102cd9054]
[r231n02:15889] [15] python3(PyEval_EvalFrameEx+0x34)[0x102dd6564]
[r231n02:15889] [16] python3(+0x5f1d4)[0x102ccf1d4]
[r231n02:15889] [17] python3(_PyEval_EvalFrameDefault+0x8590)[0x102cd8f30]
[r231n02:15889] [18] python3(PyEval_EvalFrameEx+0x34)[0x102dd6564]
[r231n02:15889] [19] python3(+0x5f1d4)[0x102ccf1d4]
[r231n02:15889] [20] python3(+0x2aa608)[0x102f1a608]
[r231n02:15889] [21] python3(PyVectorcall_Call+0xa0)[0x102cf32f0]
[r231n02:15889] [22] python3(PyObject_Call+0x1ec)[0x102cf36cc]
[r231n02:15889] [23] python3(_PyEval_EvalFrameDefault+0x302c)[0x102cd39cc]
[r231n02:15889] [24] python3(PyEval_EvalFrameEx+0x34)[0x102dd6564]
[r231n02:15889] [25] python3(_PyEval_EvalCodeWithName+0xec0)[0x102dd74a0]
[r231n02:15889] [26] python3(_PyFunction_Vectorcall+0xcc)[0x102cf032c]
[r231n02:15889] [27] python3(+0x2aa44c)[0x102f1a44c]
[r231n02:15889] [28] python3(PyVectorcall_Call+0xa0)[0x102cf32f0]
[r231n02:15889] [29] python3(PyObject_Call+0x1ec)[0x102cf36cc]
[r231n02:15889] *** End of error message ***
--------------------------------------------------------------------------
Primary job  terminated normally, but 1 process returned
a non-zero exit code. Per user-direction, the job has been aborted.
--------------------------------------------------------------------------
--------------------------------------------------------------------------
mpirun noticed that process rank 0 with PID 15889 on node r231n02 exited on signal 6 (Aborted).
--------------------------------------------------------------------------
