perl: warning: Setting locale failed.
perl: warning: Please check that your locale settings:
	LANGUAGE = (unset),
	LC_ALL = (unset),
	LC_CTYPE = "UTF-8",
	LANG = "en_US.UTF-8"
    are supported and installed on your system.
perl: warning: Falling back to a fallback locale ("en_US.UTF-8").
Initial aspect ratio: 8.000967056664201
Initial mean iota: -1.2414619577370025
Initial magnetic well: -0.014518732731757817
On rank 0 and CUDA_VISIBLE_DEVICES=0
Initial heat flux: 8.918928
## Now calculating total objective function ##
On rank 0 and CUDA_VISIBLE_DEVICES=0
12:12:34 - Growth rate = 12.192886, qflux = 8.918928, quasisymmetry = 0.035078 with aspect ratio=8.000967 took 210.578672s
Total objective before optimization: 7954.727928090893
-------------------------
Optimizing with max_mode = 3
-------------------------
On rank 0 and CUDA_VISIBLE_DEVICES=0
slurmstepd: error: *** JOB 8662514 ON r232n16 CANCELLED AT 2022-11-18T12:13:07 ***
