perl: warning: Setting locale failed.
perl: warning: Please check that your locale settings:
	LANGUAGE = (unset),
	LC_ALL = (unset),
	LC_CTYPE = "UTF-8",
	LANG = "en_US.UTF-8"
    are supported and installed on your system.
perl: warning: Falling back to a fallback locale ("en_US.UTF-8").
Initial aspect ratio: 6.000114150210393
Initial mean iota: 0.4190692975001252
Initial magnetic well: -0.030892210701449766
Initial growth rate: 0.30390978
## Now calculating total objective function ##
14:59:34 - Growth rate = 0.303910, quasisymmetry = 0.000822 with aspect ratio=6.000114 took 7.231977s
Total objective before optimization: 0.9244340562952787
-------------------------
Optimizing with max_mode = 3
-------------------------
14:59:48 - Growth rate = 0.303910, quasisymmetry = 0.000822 with aspect ratio=6.000114 took 7.188693s
15:00:03 - Growth rate = 0.303910, quasisymmetry = 0.000822 with aspect ratio=6.000114 took 7.209457s
15:00:16 - Growth rate = 0.303910, quasisymmetry = 0.000822 with aspect ratio=6.000114 took 7.143619s
15:00:44 - Growth rate = 0.303894, quasisymmetry = 0.000822 with aspect ratio=6.000114 took 21.000034s
[Errno 2] No such file or directory: b'/m100/home/userexternal/rjorge00/some_optimizations/GX_SIMSOPT/output_MAXITER150_least_squares_nfp2_QA_QA/gxRun_wout_nfp2_QA_001_000001.nc'
15:00:44 - Growth rate = 0.303902, quasisymmetry = 0.000822 with aspect ratio=6.000114 took 21.092255s
15:00:44 - Growth rate = 0.303910, quasisymmetry = 0.000820 with aspect ratio=6.000114 took 21.044148s
15:00:45 - Growth rate = 100.000000, quasisymmetry = 0.000822 with aspect ratio=6.000115 took 21.547801s
[Errno 2] No such file or directory: b'/m100/home/userexternal/rjorge00/some_optimizations/GX_SIMSOPT/output_MAXITER150_least_squares_nfp2_QA_QA/gxRun_wout_nfp2_QA_003_000002.nc'
15:01:12 - Growth rate = 0.303902, quasisymmetry = 0.000823 with aspect ratio=6.000114 took 20.533096s
15:01:12 - Growth rate = 0.303894, quasisymmetry = 0.000823 with aspect ratio=6.000075 took 20.615917s
15:01:12 - Growth rate = 100.000000, quasisymmetry = 0.000823 with aspect ratio=5.999781 took 20.786537s
[Errno 2] No such file or directory: b'/m100/home/userexternal/rjorge00/some_optimizations/GX_SIMSOPT/output_MAXITER150_least_squares_nfp2_QA_QA/gxRun_wout_nfp2_QA_001_000002.nc'
15:01:13 - Growth rate = 100.000000, quasisymmetry = 0.000822 with aspect ratio=6.000114 took 21.142930s
15:01:37 - Growth rate = 0.303902, quasisymmetry = 0.000823 with aspect ratio=6.000114 took 18.845100s
[Errno 2] No such file or directory: b'/m100/home/userexternal/rjorge00/some_optimizations/GX_SIMSOPT/output_MAXITER150_least_squares_nfp2_QA_QA/gxRun_wout_nfp2_QA_000_000006.nc'
15:01:38 - Growth rate = 100.000000, quasisymmetry = 0.000822 with aspect ratio=6.000114 took 19.592082s
[Errno 2] No such file or directory: b'/m100/home/userexternal/rjorge00/some_optimizations/GX_SIMSOPT/output_MAXITER150_least_squares_nfp2_QA_QA/gxRun_wout_nfp2_QA_003_000003.nc'
15:01:39 - Growth rate = 100.000000, quasisymmetry = 0.000821 with aspect ratio=6.000114 took 19.905095s
[Errno 2] No such file or directory: b'/m100/home/userexternal/rjorge00/some_optimizations/GX_SIMSOPT/output_MAXITER150_least_squares_nfp2_QA_QA/gxRun_wout_nfp2_QA_001_000003.nc'
15:01:40 - Growth rate = 100.000000, quasisymmetry = 0.000823 with aspect ratio=6.000113 took 20.108118s
15:01:59 - Growth rate = 0.303902, quasisymmetry = 0.000822 with aspect ratio=6.000115 took 15.356966s
[Errno 2] No such file or directory: b'/m100/home/userexternal/rjorge00/some_optimizations/GX_SIMSOPT/output_MAXITER150_least_squares_nfp2_QA_QA/gxRun_wout_nfp2_QA_000_000007.nc'
15:02:04 - Growth rate = 100.000000, quasisymmetry = 0.000822 with aspect ratio=6.000115 took 18.305737s
[Errno 2] No such file or directory: b'/m100/home/userexternal/rjorge00/some_optimizations/GX_SIMSOPT/output_MAXITER150_least_squares_nfp2_QA_QA/gxRun_wout_nfp2_QA_003_000004.nc'
15:02:04 - Growth rate = 100.000000, quasisymmetry = 0.000822 with aspect ratio=6.000112 took 18.629251s
[Errno 2] No such file or directory: b'/m100/home/userexternal/rjorge00/some_optimizations/GX_SIMSOPT/output_MAXITER150_least_squares_nfp2_QA_QA/gxRun_wout_nfp2_QA_001_000004.nc'
15:02:05 - Growth rate = 100.000000, quasisymmetry = 0.000822 with aspect ratio=6.000116 took 18.937244s
terminate called after throwing an instance of 'std::runtime_error'
  what():  toml::parse: file open error -> /m100/home/userexternal/rjorge00/some_optimizations/GX_SIMSOPT/output_MAXITER150_least_squares_nfp2_QA_QA/gxRun_wout_nfp2_QA_001_000005.in
15:02:14 - Growth rate = 0.303902, quasisymmetry = 0.000822 with aspect ratio=6.000114 took 7.561027s
[Errno 2] No such file or directory: b'/m100/home/userexternal/rjorge00/some_optimizations/GX_SIMSOPT/output_MAXITER150_least_squares_nfp2_QA_QA/gxRun_wout_nfp2_QA_001_000005.nc'
15:02:15 - Growth rate = 100.000000, quasisymmetry = 0.000822 with aspect ratio=6.000114 took 2.380707s
[Errno 2] No such file or directory: b'/m100/home/userexternal/rjorge00/some_optimizations/GX_SIMSOPT/output_MAXITER150_least_squares_nfp2_QA_QA/gxRun_wout_nfp2_QA_000_000008.nc'
15:02:21 - Growth rate = 100.000000, quasisymmetry = 0.000822 with aspect ratio=6.000115 took 11.105268s
[Errno 2] No such file or directory: b'/m100/home/userexternal/rjorge00/some_optimizations/GX_SIMSOPT/output_MAXITER150_least_squares_nfp2_QA_QA/gxRun_wout_nfp2_QA_003_000005.nc'
15:02:23 - Growth rate = 100.000000, quasisymmetry = 0.000822 with aspect ratio=6.000114 took 11.165257s
15:02:32 - Growth rate = 0.303894, quasisymmetry = 0.000822 with aspect ratio=6.000114 took 10.577518s
[Errno 2] No such file or directory: b'/m100/home/userexternal/rjorge00/some_optimizations/GX_SIMSOPT/output_MAXITER150_least_squares_nfp2_QA_QA/gxRun_wout_nfp2_QA_001_000006.nc'
15:02:34 - Growth rate = 100.000000, quasisymmetry = 0.000822 with aspect ratio=6.000115 took 11.920214s
[Errno 2] No such file or directory: b'/m100/home/userexternal/rjorge00/some_optimizations/GX_SIMSOPT/output_MAXITER150_least_squares_nfp2_QA_QA/gxRun_wout_nfp2_QA_000_000009.nc'
15:02:41 - Growth rate = 100.000000, quasisymmetry = 0.000822 with aspect ratio=6.000114 took 12.802896s
15:02:42 - Growth rate = 0.303910, quasisymmetry = 0.000822 with aspect ratio=6.000114 took 12.233923s
terminate called after throwing an instance of 'std::runtime_error'
  what():  toml::parse: file open error -> /m100/home/userexternal/rjorge00/some_optimizations/GX_SIMSOPT/output_MAXITER150_least_squares_nfp2_QA_QA/gxRun_wout_nfp2_QA_001_000007.in
[Errno 2] No such file or directory: b'/m100/home/userexternal/rjorge00/some_optimizations/GX_SIMSOPT/output_MAXITER150_least_squares_nfp2_QA_QA/gxRun_wout_nfp2_QA_001_000007.nc'
15:02:43 - Growth rate = 100.000000, quasisymmetry = 0.000822 with aspect ratio=6.000114 took 2.176577s
[Errno 2] No such file or directory: b'/m100/home/userexternal/rjorge00/some_optimizations/GX_SIMSOPT/output_MAXITER150_least_squares_nfp2_QA_QA/gxRun_wout_nfp2_QA_002_000007.nc'
15:02:47 - Growth rate = 100.000000, quasisymmetry = 0.000822 with aspect ratio=6.000114 took 7.964580s
15:03:01 - Growth rate = 0.303902, quasisymmetry = 0.000827 with aspect ratio=6.000114 took 13.853689s
[Errno 2] No such file or directory: b'/m100/home/userexternal/rjorge00/some_optimizations/GX_SIMSOPT/output_MAXITER150_least_squares_nfp2_QA_QA/gxRun_wout_nfp2_QA_003_000007.nc'
15:03:05 - Growth rate = 100.000000, quasisymmetry = 0.000821 with aspect ratio=6.000114 took 16.574171s
[Errno 2] No such file or directory: b'/m100/home/userexternal/rjorge00/some_optimizations/GX_SIMSOPT/output_MAXITER150_least_squares_nfp2_QA_QA/gxRun_wout_nfp2_QA_001_000008.nc'
15:03:07 - Growth rate = 100.000000, quasisymmetry = 0.000821 with aspect ratio=6.000114 took 16.914248s
[Errno 2] No such file or directory: b'/m100/home/userexternal/rjorge00/some_optimizations/GX_SIMSOPT/output_MAXITER150_least_squares_nfp2_QA_QA/gxRun_wout_nfp2_QA_002_000008.nc'
15:03:09 - Growth rate = 100.000000, quasisymmetry = 0.000820 with aspect ratio=6.000109 took 15.118475s
terminate called after throwing an instance of 'std::runtime_error'
  what():  toml::parse: file open error -> /m100/home/userexternal/rjorge00/some_optimizations/GX_SIMSOPT/output_MAXITER150_least_squares_nfp2_QA_QA/gxRun_wout_nfp2_QA_001_000009.in
15:03:15 - Growth rate = 0.303902, quasisymmetry = 0.000823 with aspect ratio=6.000232 took 7.047507s
[Errno 2] No such file or directory: b'/m100/home/userexternal/rjorge00/some_optimizations/GX_SIMSOPT/output_MAXITER150_least_squares_nfp2_QA_QA/gxRun_wout_nfp2_QA_001_000009.nc'
15:03:16 - Growth rate = 100.000000, quasisymmetry = 0.000823 with aspect ratio=6.000116 took 2.307388s
slurmstepd: error: *** JOB 8640632 ON r231n10 CANCELLED AT 2022-11-14T15:03:18 ***
