perl: warning: Setting locale failed.
perl: warning: Please check that your locale settings:
	LANGUAGE = (unset),
	LC_ALL = (unset),
	LC_CTYPE = "UTF-8",
	LANG = "en_US.UTF-8"
    are supported and installed on your system.
perl: warning: Falling back to a fallback locale ("en_US.UTF-8").
Starting GX runs
nzgrid=91 npol=5 nstep=7000 dt=0.3 nhermite=9 nlaguerre=3 nu_hyper=0.5 D_hyper=0.05 ny=120 nx=120 y0=20.0 growth_rate=79.729347 qflux=24.976555 took 909.313402s
nzgrid=181 npol=5 nstep=7000 dt=0.3 nhermite=9 nlaguerre=3 nu_hyper=0.5 D_hyper=0.05 ny=120 nx=120 y0=20.0 growth_rate=145.615128 qflux=16.379581 took 1652.338412s
nzgrid=181 npol=10 nstep=7000 dt=0.3 nhermite=9 nlaguerre=3 nu_hyper=0.5 D_hyper=0.05 ny=120 nx=120 y0=20.0 growth_rate=127.713318 qflux=9.681706 took 1653.418344s
nzgrid=91 npol=5 nstep=14000 dt=0.3 nhermite=9 nlaguerre=3 nu_hyper=0.5 D_hyper=0.05 ny=120 nx=120 y0=20.0 growth_rate=52.669529 qflux=23.187601 took 1806.824291s
nzgrid=91 npol=5 nstep=14000 dt=0.15 nhermite=9 nlaguerre=3 nu_hyper=0.5 D_hyper=0.05 ny=120 nx=120 y0=20.0 growth_rate=427.301117 qflux=11.430771 took 1807.896820s
nzgrid=91 npol=5 nstep=7000 dt=0.3 nhermite=18 nlaguerre=3 nu_hyper=0.5 D_hyper=0.05 ny=120 nx=120 y0=20.0 growth_rate=2784.403564 qflux=-1.778460 took 1684.325629s
nzgrid=91 npol=5 nstep=7000 dt=0.3 nhermite=9 nlaguerre=6 nu_hyper=0.5 D_hyper=0.05 ny=120 nx=120 y0=20.0 growth_rate=209.302429 qflux=37.379517 took 1801.986884s
nzgrid=91 npol=5 nstep=7000 dt=0.3 nhermite=9 nlaguerre=3 nu_hyper=0.25 D_hyper=0.05 ny=120 nx=120 y0=20.0 growth_rate=47.003090 qflux=13.633870 took 908.580154s
nzgrid=91 npol=5 nstep=7000 dt=0.3 nhermite=9 nlaguerre=3 nu_hyper=0.5 D_hyper=0.025 ny=120 nx=120 y0=20.0 growth_rate=71.416107 qflux=25.770306 took 908.304675s
nzgrid=91 npol=5 nstep=7000 dt=0.3 nhermite=9 nlaguerre=3 nu_hyper=0.5 D_hyper=0.05 ny=240 nx=120 y0=20.0 growth_rate=119.026108 qflux=8.028051 took 1714.647035s
nzgrid=91 npol=5 nstep=7000 dt=0.3 nhermite=9 nlaguerre=3 nu_hyper=0.5 D_hyper=0.05 ny=120 nx=240 y0=20.0 growth_rate=730.136169 qflux=21.802975 took 1757.067643s
nzgrid=91 npol=5 nstep=7000 dt=0.3 nhermite=9 nlaguerre=3 nu_hyper=0.5 D_hyper=0.05 ny=240 nx=120 y0=40.0 growth_rate=171.880463 qflux=73.301292 took 1718.466923s
nzgrid=91 npol=5 nstep=7000 dt=0.3 nhermite=9 nlaguerre=3 nu_hyper=0.5 D_hyper=0.05 ny=240 nx=120 y0=10.0 growth_rate=11563.324219 qflux=-377.509003 took 1715.477110s
./test_parameters.py:122: MatplotlibDeprecationWarning: Auto-removal of overlapping axes is deprecated since 3.6 and will be removed two minor releases later; explicitly call ax.remove() as needed.
  plt.subplot(numRows, numCols, 1)
./test_parameters.py:122: MatplotlibDeprecationWarning: Auto-removal of overlapping axes is deprecated since 3.6 and will be removed two minor releases later; explicitly call ax.remove() as needed.
  plt.subplot(numRows, numCols, 1)
./test_parameters.py:79: RuntimeWarning: invalid value encountered in divide
  phiR = (y[max_index[0],int((len(kxX)-1)/2),:,0]*phiR0+y[max_index[0],int((len(kxX)-1)/2),:,1]*phiI0)/phi02
./test_parameters.py:80: RuntimeWarning: invalid value encountered in divide
  phiI = (y[max_index[0],int((len(kxX)-1)/2),:,1]*phiR0-y[max_index[0],int((len(kxX)-1)/2),:,0]*phiI0)/phi02
./test_parameters.py:122: MatplotlibDeprecationWarning: Auto-removal of overlapping axes is deprecated since 3.6 and will be removed two minor releases later; explicitly call ax.remove() as needed.
  plt.subplot(numRows, numCols, 1)
./test_parameters.py:122: MatplotlibDeprecationWarning: Auto-removal of overlapping axes is deprecated since 3.6 and will be removed two minor releases later; explicitly call ax.remove() as needed.
  plt.subplot(numRows, numCols, 1)
./test_parameters.py:122: MatplotlibDeprecationWarning: Auto-removal of overlapping axes is deprecated since 3.6 and will be removed two minor releases later; explicitly call ax.remove() as needed.
  plt.subplot(numRows, numCols, 1)
./test_parameters.py:122: MatplotlibDeprecationWarning: Auto-removal of overlapping axes is deprecated since 3.6 and will be removed two minor releases later; explicitly call ax.remove() as needed.
  plt.subplot(numRows, numCols, 1)
./test_parameters.py:122: MatplotlibDeprecationWarning: Auto-removal of overlapping axes is deprecated since 3.6 and will be removed two minor releases later; explicitly call ax.remove() as needed.
  plt.subplot(numRows, numCols, 1)
./test_parameters.py:79: RuntimeWarning: invalid value encountered in divide
  phiR = (y[max_index[0],int((len(kxX)-1)/2),:,0]*phiR0+y[max_index[0],int((len(kxX)-1)/2),:,1]*phiI0)/phi02
./test_parameters.py:80: RuntimeWarning: invalid value encountered in divide
  phiI = (y[max_index[0],int((len(kxX)-1)/2),:,1]*phiR0-y[max_index[0],int((len(kxX)-1)/2),:,0]*phiI0)/phi02
./test_parameters.py:122: MatplotlibDeprecationWarning: Auto-removal of overlapping axes is deprecated since 3.6 and will be removed two minor releases later; explicitly call ax.remove() as needed.
  plt.subplot(numRows, numCols, 1)
./test_parameters.py:122: MatplotlibDeprecationWarning: Auto-removal of overlapping axes is deprecated since 3.6 and will be removed two minor releases later; explicitly call ax.remove() as needed.
  plt.subplot(numRows, numCols, 1)
./test_parameters.py:122: MatplotlibDeprecationWarning: Auto-removal of overlapping axes is deprecated since 3.6 and will be removed two minor releases later; explicitly call ax.remove() as needed.
  plt.subplot(numRows, numCols, 1)
./test_parameters.py:122: MatplotlibDeprecationWarning: Auto-removal of overlapping axes is deprecated since 3.6 and will be removed two minor releases later; explicitly call ax.remove() as needed.
  plt.subplot(numRows, numCols, 1)
./test_parameters.py:122: MatplotlibDeprecationWarning: Auto-removal of overlapping axes is deprecated since 3.6 and will be removed two minor releases later; explicitly call ax.remove() as needed.
  plt.subplot(numRows, numCols, 1)
./test_parameters.py:122: MatplotlibDeprecationWarning: Auto-removal of overlapping axes is deprecated since 3.6 and will be removed two minor releases later; explicitly call ax.remove() as needed.
  plt.subplot(numRows, numCols, 1)
