perl: warning: Setting locale failed.
perl: warning: Please check that your locale settings:
	LANGUAGE = (unset),
	LC_ALL = (unset),
	LC_CTYPE = "UTF-8",
	LANG = "en_US.UTF-8"
    are supported and installed on your system.
perl: warning: Falling back to a fallback locale ("en_US.UTF-8").
Growth rate = 36.075966, qflux = 13.971565 for point -0.200000, aspect 5.989996, quasisymmetry = 1.196054 and iota 0.324865 took 980.883328s
Growth rate = 88.069183, qflux = 13.307934 for point -0.173333, aspect 5.990738, quasisymmetry = 0.972163 and iota 0.334163 took 974.547854s
Growth rate = 107.170609, qflux = 13.891286 for point -0.146667, aspect 5.991480, quasisymmetry = 0.793564 and iota 0.343191 took 972.893915s
Growth rate = 61.321499, qflux = 18.162811 for point -0.120000, aspect 5.992223, quasisymmetry = 0.648946 and iota 0.351908 took 974.495641s
Growth rate = 340.888458, qflux = 21.849752 for point -0.093333, aspect 5.992965, quasisymmetry = 0.529827 and iota 0.360278 took 973.465740s
Growth rate = 104.313675, qflux = 20.397829 for point -0.066667, aspect 5.993707, quasisymmetry = 0.429829 and iota 0.368270 took 977.643847s
Growth rate = 228.854233, qflux = 18.818369 for point -0.040000, aspect 5.994449, quasisymmetry = 0.344235 and iota 0.375856 took 975.417363s
Growth rate = 824.305908, qflux = 12.917253 for point -0.013333, aspect 5.995191, quasisymmetry = 0.269713 and iota 0.383015 took 976.267158s
Growth rate = 107.452820, qflux = 13.788686 for point 0.013333, aspect 5.995933, quasisymmetry = 0.204118 and iota 0.389730 took 974.760541s
Growth rate = 39.922924, qflux = 14.673746 for point 0.040000, aspect 5.996675, quasisymmetry = 0.146338 and iota 0.395993 took 975.285939s
Growth rate = 258.498322, qflux = 21.451118 for point 0.066667, aspect 5.997417, quasisymmetry = 0.096234 and iota 0.401796 took 976.122392s
Growth rate = 284.533295, qflux = 17.211157 for point 0.093333, aspect 5.998159, quasisymmetry = 0.054575 and iota 0.407140 took 976.168028s
Growth rate = 265.183838, qflux = 12.148169 for point 0.120000, aspect 5.998902, quasisymmetry = 0.023051 and iota 0.412029 took 973.797998s
Growth rate = 309.552124, qflux = 13.719077 for point 0.146667, aspect 5.999644, quasisymmetry = 0.004350 and iota 0.416471 took 972.038982s
Growth rate = 591.632141, qflux = 6.665567 for point 0.173333, aspect 6.000386, quasisymmetry = 0.002299 and iota 0.420479 took 971.704388s
Growth rate = 406.234833, qflux = 8.220551 for point 0.200000, aspect 6.001128, quasisymmetry = 0.022119 and iota 0.424065 took 971.040492s
[Errno 2] No such file or directory: '/m100/home/userexternal/rjorge00/some_optimizations/GX_SIMSOPT/test_optimization_nfp2_QA/convert_VMEC_to_GX'
[Errno 2] No such file or directory: 'opt_dofs_loss.csv'
./test_search_global_minimum.py:110: RuntimeWarning: invalid value encountered in divide
  phiR = (y[max_index[0],int((len(kxX)-1)/2),:,0]*phiR0+y[max_index[0],int((len(kxX)-1)/2),:,1]*phiI0)/phi02
./test_search_global_minimum.py:111: RuntimeWarning: invalid value encountered in divide
  phiI = (y[max_index[0],int((len(kxX)-1)/2),:,1]*phiR0-y[max_index[0],int((len(kxX)-1)/2),:,0]*phiI0)/phi02
./test_search_global_minimum.py:110: RuntimeWarning: invalid value encountered in divide
  phiR = (y[max_index[0],int((len(kxX)-1)/2),:,0]*phiR0+y[max_index[0],int((len(kxX)-1)/2),:,1]*phiI0)/phi02
./test_search_global_minimum.py:111: RuntimeWarning: invalid value encountered in divide
  phiI = (y[max_index[0],int((len(kxX)-1)/2),:,1]*phiR0-y[max_index[0],int((len(kxX)-1)/2),:,0]*phiI0)/phi02
./test_search_global_minimum.py:138: MatplotlibDeprecationWarning: Auto-removal of overlapping axes is deprecated since 3.6 and will be removed two minor releases later; explicitly call ax.remove() as needed.
  plt.subplot(numRows, numCols, 1)
./test_search_global_minimum.py:138: MatplotlibDeprecationWarning: Auto-removal of overlapping axes is deprecated since 3.6 and will be removed two minor releases later; explicitly call ax.remove() as needed.
  plt.subplot(numRows, numCols, 1)
./test_search_global_minimum.py:138: MatplotlibDeprecationWarning: Auto-removal of overlapping axes is deprecated since 3.6 and will be removed two minor releases later; explicitly call ax.remove() as needed.
  plt.subplot(numRows, numCols, 1)
./test_search_global_minimum.py:138: MatplotlibDeprecationWarning: Auto-removal of overlapping axes is deprecated since 3.6 and will be removed two minor releases later; explicitly call ax.remove() as needed.
  plt.subplot(numRows, numCols, 1)
./test_search_global_minimum.py:138: MatplotlibDeprecationWarning: Auto-removal of overlapping axes is deprecated since 3.6 and will be removed two minor releases later; explicitly call ax.remove() as needed.
  plt.subplot(numRows, numCols, 1)
./test_search_global_minimum.py:138: MatplotlibDeprecationWarning: Auto-removal of overlapping axes is deprecated since 3.6 and will be removed two minor releases later; explicitly call ax.remove() as needed.
  plt.subplot(numRows, numCols, 1)
./test_search_global_minimum.py:138: MatplotlibDeprecationWarning: Auto-removal of overlapping axes is deprecated since 3.6 and will be removed two minor releases later; explicitly call ax.remove() as needed.
  plt.subplot(numRows, numCols, 1)
./test_search_global_minimum.py:110: RuntimeWarning: invalid value encountered in divide
  phiR = (y[max_index[0],int((len(kxX)-1)/2),:,0]*phiR0+y[max_index[0],int((len(kxX)-1)/2),:,1]*phiI0)/phi02
./test_search_global_minimum.py:111: RuntimeWarning: invalid value encountered in divide
  phiI = (y[max_index[0],int((len(kxX)-1)/2),:,1]*phiR0-y[max_index[0],int((len(kxX)-1)/2),:,0]*phiI0)/phi02
./test_search_global_minimum.py:138: MatplotlibDeprecationWarning: Auto-removal of overlapping axes is deprecated since 3.6 and will be removed two minor releases later; explicitly call ax.remove() as needed.
  plt.subplot(numRows, numCols, 1)
./test_search_global_minimum.py:138: MatplotlibDeprecationWarning: Auto-removal of overlapping axes is deprecated since 3.6 and will be removed two minor releases later; explicitly call ax.remove() as needed.
  plt.subplot(numRows, numCols, 1)
./test_search_global_minimum.py:138: MatplotlibDeprecationWarning: Auto-removal of overlapping axes is deprecated since 3.6 and will be removed two minor releases later; explicitly call ax.remove() as needed.
  plt.subplot(numRows, numCols, 1)
./test_search_global_minimum.py:138: MatplotlibDeprecationWarning: Auto-removal of overlapping axes is deprecated since 3.6 and will be removed two minor releases later; explicitly call ax.remove() as needed.
  plt.subplot(numRows, numCols, 1)
./test_search_global_minimum.py:138: MatplotlibDeprecationWarning: Auto-removal of overlapping axes is deprecated since 3.6 and will be removed two minor releases later; explicitly call ax.remove() as needed.
  plt.subplot(numRows, numCols, 1)
./test_search_global_minimum.py:138: MatplotlibDeprecationWarning: Auto-removal of overlapping axes is deprecated since 3.6 and will be removed two minor releases later; explicitly call ax.remove() as needed.
  plt.subplot(numRows, numCols, 1)
./test_search_global_minimum.py:138: MatplotlibDeprecationWarning: Auto-removal of overlapping axes is deprecated since 3.6 and will be removed two minor releases later; explicitly call ax.remove() as needed.
  plt.subplot(numRows, numCols, 1)
./test_search_global_minimum.py:138: MatplotlibDeprecationWarning: Auto-removal of overlapping axes is deprecated since 3.6 and will be removed two minor releases later; explicitly call ax.remove() as needed.
  plt.subplot(numRows, numCols, 1)
