Starting GX runs
nzgrid=101 npol=5 nstep=8000 dt=0.5 nhermite=7 nlaguerre=3 nu_hyper=0.5 D_hyper=0.05 ny=120 nx=80 y0=25.0 growth_rate=52.161335 qflux=54.761787 took 614.043437s
nzgrid=201 npol=5 nstep=8000 dt=0.5 nhermite=7 nlaguerre=3 nu_hyper=0.5 D_hyper=0.05 ny=120 nx=80 y0=25.0 growth_rate=59.482338 qflux=131.221542 took 1272.408971s
nzgrid=201 npol=10 nstep=8000 dt=0.5 nhermite=7 nlaguerre=3 nu_hyper=0.5 D_hyper=0.05 ny=120 nx=80 y0=25.0 growth_rate=23.692129 qflux=36.070271 took 1274.492123s
nzgrid=101 npol=5 nstep=16000 dt=0.5 nhermite=7 nlaguerre=3 nu_hyper=0.5 D_hyper=0.05 ny=120 nx=80 y0=25.0 growth_rate=60.004604 qflux=53.651367 took 1239.451639s
nzgrid=101 npol=5 nstep=16000 dt=0.25 nhermite=7 nlaguerre=3 nu_hyper=0.5 D_hyper=0.05 ny=120 nx=80 y0=25.0 growth_rate=70.800011 qflux=52.977165 took 1239.412358s
nzgrid=101 npol=5 nstep=8000 dt=0.5 nhermite=14 nlaguerre=3 nu_hyper=0.5 D_hyper=0.05 ny=120 nx=80 y0=25.0 growth_rate=30.195957 qflux=44.115505 took 1124.827287s
nzgrid=101 npol=5 nstep=8000 dt=0.5 nhermite=7 nlaguerre=6 nu_hyper=0.5 D_hyper=0.05 ny=120 nx=80 y0=25.0 growth_rate=53.814625 qflux=80.997330 took 1242.333647s
nzgrid=101 npol=5 nstep=8000 dt=0.5 nhermite=7 nlaguerre=3 nu_hyper=0.25 D_hyper=0.05 ny=120 nx=80 y0=25.0 growth_rate=51.658070 qflux=48.406548 took 621.565273s
nzgrid=101 npol=5 nstep=8000 dt=0.5 nhermite=7 nlaguerre=3 nu_hyper=0.5 D_hyper=0.025 ny=120 nx=80 y0=25.0 growth_rate=96.647026 qflux=52.813744 took 622.570037s
nzgrid=101 npol=5 nstep=8000 dt=0.5 nhermite=7 nlaguerre=3 nu_hyper=0.5 D_hyper=0.05 ny=240 nx=80 y0=25.0 growth_rate=111.526596 qflux=30.625700 took 1165.851335s
nzgrid=101 npol=5 nstep=8000 dt=0.5 nhermite=7 nlaguerre=3 nu_hyper=0.5 D_hyper=0.05 ny=120 nx=160 y0=25.0 growth_rate=523.404236 qflux=18.112232 took 1211.879305s
nzgrid=101 npol=5 nstep=8000 dt=0.5 nhermite=7 nlaguerre=3 nu_hyper=0.5 D_hyper=0.05 ny=240 nx=80 y0=50.0 growth_rate=66.984886 qflux=214.988480 took 1164.835663s
nzgrid=101 npol=5 nstep=8000 dt=0.5 nhermite=7 nlaguerre=3 nu_hyper=0.5 D_hyper=0.05 ny=240 nx=80 y0=12.5 growth_rate=213.332367 qflux=20.327808 took 1165.862508s
./test_parameters.py:121: MatplotlibDeprecationWarning: Auto-removal of overlapping axes is deprecated since 3.6 and will be removed two minor releases later; explicitly call ax.remove() as needed.
  plt.subplot(numRows, numCols, 1)
./test_parameters.py:78: RuntimeWarning: invalid value encountered in divide
  phiR = (y[max_index[0],int((len(kxX)-1)/2),:,0]*phiR0+y[max_index[0],int((len(kxX)-1)/2),:,1]*phiI0)/phi02
./test_parameters.py:79: RuntimeWarning: invalid value encountered in divide
  phiI = (y[max_index[0],int((len(kxX)-1)/2),:,1]*phiR0-y[max_index[0],int((len(kxX)-1)/2),:,0]*phiI0)/phi02
./test_parameters.py:121: MatplotlibDeprecationWarning: Auto-removal of overlapping axes is deprecated since 3.6 and will be removed two minor releases later; explicitly call ax.remove() as needed.
  plt.subplot(numRows, numCols, 1)
./test_parameters.py:121: MatplotlibDeprecationWarning: Auto-removal of overlapping axes is deprecated since 3.6 and will be removed two minor releases later; explicitly call ax.remove() as needed.
  plt.subplot(numRows, numCols, 1)
./test_parameters.py:121: MatplotlibDeprecationWarning: Auto-removal of overlapping axes is deprecated since 3.6 and will be removed two minor releases later; explicitly call ax.remove() as needed.
  plt.subplot(numRows, numCols, 1)
./test_parameters.py:121: MatplotlibDeprecationWarning: Auto-removal of overlapping axes is deprecated since 3.6 and will be removed two minor releases later; explicitly call ax.remove() as needed.
  plt.subplot(numRows, numCols, 1)
./test_parameters.py:121: MatplotlibDeprecationWarning: Auto-removal of overlapping axes is deprecated since 3.6 and will be removed two minor releases later; explicitly call ax.remove() as needed.
  plt.subplot(numRows, numCols, 1)
./test_parameters.py:121: MatplotlibDeprecationWarning: Auto-removal of overlapping axes is deprecated since 3.6 and will be removed two minor releases later; explicitly call ax.remove() as needed.
  plt.subplot(numRows, numCols, 1)
./test_parameters.py:121: MatplotlibDeprecationWarning: Auto-removal of overlapping axes is deprecated since 3.6 and will be removed two minor releases later; explicitly call ax.remove() as needed.
  plt.subplot(numRows, numCols, 1)
./test_parameters.py:121: MatplotlibDeprecationWarning: Auto-removal of overlapping axes is deprecated since 3.6 and will be removed two minor releases later; explicitly call ax.remove() as needed.
  plt.subplot(numRows, numCols, 1)
./test_parameters.py:121: MatplotlibDeprecationWarning: Auto-removal of overlapping axes is deprecated since 3.6 and will be removed two minor releases later; explicitly call ax.remove() as needed.
  plt.subplot(numRows, numCols, 1)
./test_parameters.py:121: MatplotlibDeprecationWarning: Auto-removal of overlapping axes is deprecated since 3.6 and will be removed two minor releases later; explicitly call ax.remove() as needed.
  plt.subplot(numRows, numCols, 1)
./test_parameters.py:121: MatplotlibDeprecationWarning: Auto-removal of overlapping axes is deprecated since 3.6 and will be removed two minor releases later; explicitly call ax.remove() as needed.
  plt.subplot(numRows, numCols, 1)
./test_parameters.py:121: MatplotlibDeprecationWarning: Auto-removal of overlapping axes is deprecated since 3.6 and will be removed two minor releases later; explicitly call ax.remove() as needed.
  plt.subplot(numRows, numCols, 1)
