perl: warning: Setting locale failed.
perl: warning: Please check that your locale settings:
	LANGUAGE = (unset),
	LC_ALL = (unset),
	LC_CTYPE = "UTF-8",
	LANG = "en_US.UTF-8"
    are supported and installed on your system.
perl: warning: Falling back to a fallback locale ("en_US.UTF-8").
Initial aspect ratio: 8.000967056664201
Initial mean iota: -1.2414701291022627
Initial magnetic well: -0.014515615728813585
Initial growth rate: 0.32881728
## Now calculating total objective function ##
[Errno -51] NetCDF: Unknown file format: b'/m100/home/userexternal/rjorge00/some_optimizations/GX_SIMSOPT/output_MAXITER150_least_squares_nfp4_QH/gxRun_wout_nfp4_QH_000_000000.nc'
15:38:43 - Growth rate = 100.000000, quasisymmetry = 0.035076 with aspect ratio=8.000967 took 2.483370s
Total objective before optimization: 100000.00000009353
-------------------------
Optimizing with max_mode = 3
-------------------------
15:38:58 - Growth rate = 0.328817, quasisymmetry = 0.035076 with aspect ratio=8.000967 took 7.194880s
15:39:13 - Growth rate = 0.328817, quasisymmetry = 0.035076 with aspect ratio=8.000967 took 7.253787s
15:39:28 - Growth rate = 0.328817, quasisymmetry = 0.035076 with aspect ratio=8.000967 took 7.153432s
15:39:57 - Growth rate = 0.328809, quasisymmetry = 0.035107 with aspect ratio=8.000967 took 20.620883s
15:39:57 - Growth rate = 0.328841, quasisymmetry = 0.035140 with aspect ratio=8.000967 took 20.917951s
15:39:57 - Growth rate = 0.328817, quasisymmetry = 0.035065 with aspect ratio=8.000967 took 21.035186s
15:39:58 - Growth rate = 0.328833, quasisymmetry = 0.035112 with aspect ratio=8.000971 took 21.640328s
15:40:24 - Growth rate = 0.328825, quasisymmetry = 0.035164 with aspect ratio=8.000955 took 18.576389s
15:40:25 - Growth rate = 0.328833, quasisymmetry = 0.035153 with aspect ratio=8.000961 took 19.698828s
15:40:26 - Growth rate = 0.328817, quasisymmetry = 0.035210 with aspect ratio=8.000566 took 19.950250s
15:40:26 - Growth rate = 0.328833, quasisymmetry = 0.035164 with aspect ratio=8.000960 took 20.019973s
15:40:47 - Growth rate = 0.328833, quasisymmetry = 0.035112 with aspect ratio=8.000967 took 14.774663s
15:40:52 - Growth rate = 0.328825, quasisymmetry = 0.035069 with aspect ratio=8.000971 took 18.284650s
15:40:52 - Growth rate = 0.328817, quasisymmetry = 0.035060 with aspect ratio=8.000967 took 18.407994s
15:40:53 - Growth rate = 0.328825, quasisymmetry = 0.035107 with aspect ratio=8.000968 took 18.471372s
15:41:02 - Growth rate = 0.328825, quasisymmetry = 0.035077 with aspect ratio=8.000969 took 7.146782s
15:41:13 - Growth rate = 0.328833, quasisymmetry = 0.035126 with aspect ratio=8.000967 took 13.328728s
15:41:15 - Growth rate = 0.328833, quasisymmetry = 0.035088 with aspect ratio=8.000971 took 15.020407s
15:41:16 - Growth rate = 0.328817, quasisymmetry = 0.035073 with aspect ratio=8.000944 took 15.250959s
15:41:20 - Growth rate = 0.328825, quasisymmetry = 0.035080 with aspect ratio=8.000967 took 9.340914s
15:41:31 - Growth rate = 0.328825, quasisymmetry = 0.035076 with aspect ratio=8.000968 took 9.749479s
15:41:39 - Growth rate = 0.328833, quasisymmetry = 0.035078 with aspect ratio=8.000966 took 15.474183s
15:41:40 - Growth rate = 0.328833, quasisymmetry = 0.035083 with aspect ratio=8.000967 took 15.633708s
15:41:42 - Growth rate = 0.328841, quasisymmetry = 0.035092 with aspect ratio=8.000967 took 13.304379s
15:41:47 - Growth rate = 0.328825, quasisymmetry = 0.035075 with aspect ratio=8.000967 took 7.429805s
15:42:03 - Growth rate = 0.328825, quasisymmetry = 0.035077 with aspect ratio=8.000969 took 14.952938s
15:42:03 - Growth rate = 0.328833, quasisymmetry = 0.035090 with aspect ratio=8.000967 took 15.357225s
15:42:06 - Growth rate = 0.328825, quasisymmetry = 0.035049 with aspect ratio=8.000967 took 16.230804s
15:42:09 - Growth rate = 0.328825, quasisymmetry = 0.035129 with aspect ratio=8.000967 took 12.848899s
15:42:23 - Growth rate = 0.328841, quasisymmetry = 0.035038 with aspect ratio=8.000967 took 12.816051s
15:42:26 - Growth rate = 0.328817, quasisymmetry = 0.035092 with aspect ratio=8.000967 took 14.848683s
15:42:30 - Growth rate = 0.328825, quasisymmetry = 0.035111 with aspect ratio=8.001096 took 15.590600s
15:42:32 - Growth rate = 0.328825, quasisymmetry = 0.034986 with aspect ratio=8.000962 took 14.665440s
15:42:40 - Growth rate = 0.328817, quasisymmetry = 0.035163 with aspect ratio=8.000974 took 8.658268s
15:42:46 - Growth rate = 0.328841, quasisymmetry = 0.034996 with aspect ratio=8.000468 took 11.844484s
15:42:51 - Growth rate = 0.328809, quasisymmetry = 0.035148 with aspect ratio=8.000967 took 12.958392s
15:42:52 - Growth rate = 0.328817, quasisymmetry = 0.035071 with aspect ratio=8.000967 took 12.368875s
15:42:57 - Growth rate = 0.328833, quasisymmetry = 0.035055 with aspect ratio=8.000967 took 7.847990s
15:43:01 - Growth rate = 0.328817, quasisymmetry = 0.035068 with aspect ratio=8.000968 took 7.161435s
15:43:12 - Growth rate = 0.328825, quasisymmetry = 0.035073 with aspect ratio=8.000965 took 12.320661s
15:43:13 - Growth rate = 0.328833, quasisymmetry = 0.035125 with aspect ratio=8.000967 took 13.117744s
15:43:18 - Growth rate = 0.328817, quasisymmetry = 0.035075 with aspect ratio=8.000938 took 13.642666s
15:43:21 - Growth rate = 0.328817, quasisymmetry = 0.035063 with aspect ratio=8.000971 took 11.164925s
15:43:30 - Growth rate = 0.328833, quasisymmetry = 0.035077 with aspect ratio=8.000966 took 10.021467s
15:43:33 - Growth rate = 0.328833, quasisymmetry = 0.035075 with aspect ratio=8.000968 took 11.788802s
15:43:40 - Growth rate = 0.328817, quasisymmetry = 0.035080 with aspect ratio=8.000967 took 12.707527s
15:43:41 - Growth rate = 0.328833, quasisymmetry = 0.035077 with aspect ratio=8.000967 took 11.483231s
15:43:47 - Growth rate = 0.328817, quasisymmetry = 0.035087 with aspect ratio=8.000967 took 8.705627s
15:43:50 - Growth rate = 0.328817, quasisymmetry = 0.035080 with aspect ratio=8.000967 took 8.847231s
15:43:59 - Growth rate = 0.328825, quasisymmetry = 0.035073 with aspect ratio=8.000969 took 10.332245s
15:44:01 - Growth rate = 0.328817, quasisymmetry = 0.035086 with aspect ratio=8.000967 took 10.757193s
   Iteration     Total nfev        Cost      Cost reduction    Step norm     Optimality   
       0              1         5.4060e-01                                    7.75e+01    
Function evaluation failed for <bound method Vmec.aspect of Vmec1 (nfp=4 mpol=5 ntor=5)>
Function evaluation failed for <bound method Vmec.aspect of Vmec1 (nfp=4 mpol=5 ntor=5)>
Function evaluation failed for <bound method Vmec.aspect of Vmec1 (nfp=4 mpol=5 ntor=5)>
15:44:17 - Growth rate = 0.347977, quasisymmetry = 1.700073 with aspect ratio=7.993983 took 7.205711s
15:44:33 - Growth rate = 0.454432, quasisymmetry = 0.076720 with aspect ratio=7.999697 took 7.205248s
15:44:48 - Growth rate = 0.329632, quasisymmetry = 0.021781 with aspect ratio=8.000670 took 7.188954s
15:45:03 - Growth rate = 0.328991, quasisymmetry = 0.030255 with aspect ratio=8.000894 took 7.142457s
15:45:18 - Growth rate = 0.328857, quasisymmetry = 0.033777 with aspect ratio=8.000949 took 7.208964s
15:45:33 - Growth rate = 0.328833, quasisymmetry = 0.034745 with aspect ratio=8.000963 took 7.137539s
15:45:48 - Growth rate = 0.328841, quasisymmetry = 0.034993 with aspect ratio=8.000966 took 7.117693s
15:46:02 - Growth rate = 0.328833, quasisymmetry = 0.035055 with aspect ratio=8.000967 took 7.162579s
15:46:17 - Growth rate = 0.328833, quasisymmetry = 0.035070 with aspect ratio=8.000967 took 7.193669s
15:46:32 - Growth rate = 0.328817, quasisymmetry = 0.035074 with aspect ratio=8.000967 took 7.159056s
15:46:47 - Growth rate = 0.328817, quasisymmetry = 0.035074 with aspect ratio=8.000967 took 7.344228s
15:47:16 - Growth rate = 0.328825, quasisymmetry = 0.035064 with aspect ratio=8.000967 took 20.491717s
15:47:17 - Growth rate = 0.328841, quasisymmetry = 0.035110 with aspect ratio=8.000971 took 20.926027s
15:47:17 - Growth rate = 0.328825, quasisymmetry = 0.035105 with aspect ratio=8.000967 took 20.943984s
15:47:17 - Growth rate = 0.328833, quasisymmetry = 0.035139 with aspect ratio=8.000967 took 21.348879s
15:47:43 - Growth rate = 0.328801, quasisymmetry = 0.035209 with aspect ratio=8.000566 took 18.935211s
15:47:45 - Growth rate = 0.328817, quasisymmetry = 0.035163 with aspect ratio=8.000960 took 20.081439s
15:47:45 - Growth rate = 0.328801, quasisymmetry = 0.035163 with aspect ratio=8.000955 took 20.236568s
15:47:46 - Growth rate = 0.328825, quasisymmetry = 0.035151 with aspect ratio=8.000961 took 20.377730s
15:48:06 - Growth rate = 0.328825, quasisymmetry = 0.035059 with aspect ratio=8.000967 took 14.303933s
15:48:12 - Growth rate = 0.328817, quasisymmetry = 0.035105 with aspect ratio=8.000968 took 18.296718s
15:48:12 - Growth rate = 0.328833, quasisymmetry = 0.035110 with aspect ratio=8.000967 took 18.620522s
15:48:13 - Growth rate = 0.328825, quasisymmetry = 0.035068 with aspect ratio=8.000971 took 18.952042s
15:48:22 - Growth rate = 0.328825, quasisymmetry = 0.035086 with aspect ratio=8.000971 took 7.140852s
15:48:33 - Growth rate = 0.328841, quasisymmetry = 0.035072 with aspect ratio=8.000944 took 13.023641s
15:48:36 - Growth rate = 0.328817, quasisymmetry = 0.035076 with aspect ratio=8.000969 took 15.140676s
15:48:37 - Growth rate = 0.328841, quasisymmetry = 0.035124 with aspect ratio=8.000967 took 15.495943s
15:48:41 - Growth rate = 0.328825, quasisymmetry = 0.035077 with aspect ratio=8.000966 took 10.251195s
15:48:48 - Growth rate = 0.328809, quasisymmetry = 0.035082 with aspect ratio=8.000967 took 7.363202s
15:48:57 - Growth rate = 0.328817, quasisymmetry = 0.035079 with aspect ratio=8.000967 took 13.053996s
15:48:59 - Growth rate = 0.328817, quasisymmetry = 0.035075 with aspect ratio=8.000968 took 13.979530s
15:49:02 - Growth rate = 0.328825, quasisymmetry = 0.035089 with aspect ratio=8.000967 took 13.451245s
15:49:06 - Growth rate = 0.328817, quasisymmetry = 0.035076 with aspect ratio=8.000969 took 9.231574s
15:49:17 - Growth rate = 0.328833, quasisymmetry = 0.035091 with aspect ratio=8.000967 took 11.043642s
15:49:21 - Growth rate = 0.328833, quasisymmetry = 0.035073 with aspect ratio=8.000967 took 13.742835s
15:49:25 - Growth rate = 0.328817, quasisymmetry = 0.035090 with aspect ratio=8.000967 took 14.346403s
15:49:27 - Growth rate = 0.328817, quasisymmetry = 0.035037 with aspect ratio=8.000967 took 12.096711s
15:49:32 - Growth rate = 0.328825, quasisymmetry = 0.035047 with aspect ratio=8.000967 took 6.935118s
15:49:38 - Growth rate = 0.328809, quasisymmetry = 0.035128 with aspect ratio=8.000967 took 8.139740s
15:49:45 - Growth rate = 0.328833, quasisymmetry = 0.034995 with aspect ratio=8.000467 took 11.829828s
15:49:47 - Growth rate = 0.328825, quasisymmetry = 0.035162 with aspect ratio=8.000974 took 12.650434s
15:49:51 - Growth rate = 0.328833, quasisymmetry = 0.035110 with aspect ratio=8.001096 took 10.804058s
15:49:55 - Growth rate = 0.328833, quasisymmetry = 0.034985 with aspect ratio=8.000962 took 8.628949s
15:50:02 - Growth rate = 0.328809, quasisymmetry = 0.035066 with aspect ratio=8.000968 took 9.067877s
15:50:07 - Growth rate = 0.328817, quasisymmetry = 0.035054 with aspect ratio=8.000967 took 11.307563s
15:50:12 - Growth rate = 0.328817, quasisymmetry = 0.035147 with aspect ratio=8.000967 took 12.204280s
15:50:14 - Growth rate = 0.328817, quasisymmetry = 0.035069 with aspect ratio=8.000967 took 10.593959s
15:50:19 - Growth rate = 0.328833, quasisymmetry = 0.035061 with aspect ratio=8.000971 took 8.206142s
15:50:23 - Growth rate = 0.328825, quasisymmetry = 0.035073 with aspect ratio=8.000938 took 8.057836s
15:50:31 - Growth rate = 0.328833, quasisymmetry = 0.035072 with aspect ratio=8.000965 took 10.639246s
15:50:34 - Growth rate = 0.328809, quasisymmetry = 0.035124 with aspect ratio=8.000967 took 12.415058s
15:50:39 - Growth rate = 0.328825, quasisymmetry = 0.035076 with aspect ratio=8.000967 took 12.785625s
15:50:41 - Growth rate = 0.328825, quasisymmetry = 0.035078 with aspect ratio=8.000967 took 10.323879s
15:50:47 - Growth rate = 0.328841, quasisymmetry = 0.035075 with aspect ratio=8.000966 took 8.037043s
15:50:51 - Growth rate = 0.328825, quasisymmetry = 0.035074 with aspect ratio=8.000968 took 8.970445s
15:50:58 - Growth rate = 0.328825, quasisymmetry = 0.035085 with aspect ratio=8.000967 took 10.473047s
15:51:00 - Growth rate = 0.328817, quasisymmetry = 0.035072 with aspect ratio=8.000969 took 10.640150s
15:51:05 - Growth rate = 0.328817, quasisymmetry = 0.035086 with aspect ratio=8.000967 took 9.217980s
15:51:09 - Growth rate = 0.328825, quasisymmetry = 0.035079 with aspect ratio=8.000967 took 8.521089s
       1             14         5.4060e-01      1.72e-12       1.95e-08       7.75e+01    
15:51:24 - Growth rate = 0.328817, quasisymmetry = 0.035074 with aspect ratio=8.000967 took 7.171551s
15:51:38 - Growth rate = 0.328817, quasisymmetry = 0.035074 with aspect ratio=8.000967 took 7.171321s
       2             16         5.4060e-01      0.00e+00       0.00e+00       7.75e+01    
`xtol` termination condition is satisfied.
Function evaluations 16, initial cost 5.4060e-01, final cost 5.4060e-01, first-order optimality 7.75e+01.
Final aspect ratio: 8.00096703892478
Final mean iota: -1.2414701719516916
Final magnetic well: -0.014515617722538383
Traceback (most recent call last):
  File "./main.py", line 260, in <module>
    os.remove(os.path.join(OUT_DIR,'convert_VMEC_to_GX'))
FileNotFoundError: [Errno 2] No such file or directory: '/m100/home/userexternal/rjorge00/some_optimizations/GX_SIMSOPT/output_MAXITER150_least_squares_nfp4_QH/convert_VMEC_to_GX'
Whole optimization took 826.251743s
Traceback (most recent call last):
  File "./main.py", line 260, in <module>
    os.remove(os.path.join(OUT_DIR,'convert_VMEC_to_GX'))
FileNotFoundError: [Errno 2] No such file or directory: '/m100/home/userexternal/rjorge00/some_optimizations/GX_SIMSOPT/output_MAXITER150_least_squares_nfp4_QH/convert_VMEC_to_GX'
Final growth rate: 0.32881728
Traceback (most recent call last):
  File "./main.py", line 260, in <module>
    os.remove(os.path.join(OUT_DIR,'convert_VMEC_to_GX'))
FileNotFoundError: [Errno 2] No such file or directory: '/m100/home/userexternal/rjorge00/some_optimizations/GX_SIMSOPT/output_MAXITER150_least_squares_nfp4_QH/convert_VMEC_to_GX'
--------------------------------------------------------------------------
Primary job  terminated normally, but 1 process returned
a non-zero exit code. Per user-direction, the job has been aborted.
--------------------------------------------------------------------------
--------------------------------------------------------------------------
mpirun detected that one or more processes exited with non-zero status, thus causing
the job to be terminated. The first process to do so was:

  Process name: [[54442,1],3]
  Exit code:    1
--------------------------------------------------------------------------
