Starting GX runs
nzgrid=51 npol=2 nstep=2500 dt=0.15 nhermite=8 nlaguerre=4 nu_hyper=0.5 D_hyper=0.03 ny=30 nx=30 y0=10.0 growth_rate=5.859022 qflux=12.670115 took 28.073662s
nzgrid=101 npol=2 nstep=2500 dt=0.15 nhermite=8 nlaguerre=4 nu_hyper=0.5 D_hyper=0.03 ny=30 nx=30 y0=10.0 growth_rate=6.695099 qflux=13.666644 took 38.139514s
nzgrid=101 npol=4 nstep=2500 dt=0.15 nhermite=8 nlaguerre=4 nu_hyper=0.5 D_hyper=0.03 ny=30 nx=30 y0=10.0 growth_rate=9.524790 qflux=10.783270 took 38.950233s
nzgrid=51 npol=2 nstep=5000 dt=0.15 nhermite=8 nlaguerre=4 nu_hyper=0.5 D_hyper=0.03 ny=30 nx=30 y0=10.0 growth_rate=8.799394 qflux=17.227083 took 53.089528s
nzgrid=51 npol=2 nstep=5000 dt=0.075 nhermite=8 nlaguerre=4 nu_hyper=0.5 D_hyper=0.03 ny=30 nx=30 y0=10.0 growth_rate=7.268120 qflux=17.607294 took 52.838592s
nzgrid=51 npol=2 nstep=2500 dt=0.15 nhermite=16 nlaguerre=4 nu_hyper=0.5 D_hyper=0.03 ny=30 nx=30 y0=10.0 growth_rate=15.001440 qflux=7.757064 took 49.752353s
nzgrid=51 npol=2 nstep=2500 dt=0.15 nhermite=8 nlaguerre=8 nu_hyper=0.5 D_hyper=0.03 ny=30 nx=30 y0=10.0 growth_rate=5.131369 qflux=10.987310 took 45.275704s
nzgrid=51 npol=2 nstep=2500 dt=0.15 nhermite=8 nlaguerre=4 nu_hyper=0.25 D_hyper=0.03 ny=30 nx=30 y0=10.0 growth_rate=8.457539 qflux=12.487163 took 28.268271s
nzgrid=51 npol=2 nstep=2500 dt=0.15 nhermite=8 nlaguerre=4 nu_hyper=0.5 D_hyper=0.015 ny=30 nx=30 y0=10.0 growth_rate=12.329782 qflux=13.060946 took 28.171397s
nzgrid=51 npol=2 nstep=2500 dt=0.15 nhermite=8 nlaguerre=4 nu_hyper=0.5 D_hyper=0.03 ny=60 nx=30 y0=10.0 growth_rate=16.664127 qflux=13.886315 took 38.926623s
nzgrid=51 npol=2 nstep=2500 dt=0.15 nhermite=8 nlaguerre=4 nu_hyper=0.5 D_hyper=0.03 ny=30 nx=60 y0=10.0 growth_rate=88.196899 qflux=7.898834 took 39.414824s
nzgrid=51 npol=2 nstep=2500 dt=0.15 nhermite=8 nlaguerre=4 nu_hyper=0.5 D_hyper=0.03 ny=60 nx=30 y0=20.0 growth_rate=11.472308 qflux=31.633850 took 38.886940s
./test_parameters.py:78: RuntimeWarning: invalid value encountered in divide
  phiR = (y[max_index[0],int((len(kxX)-1)/2),:,0]*phiR0+y[max_index[0],int((len(kxX)-1)/2),:,1]*phiI0)/phi02
./test_parameters.py:79: RuntimeWarning: invalid value encountered in divide
  phiI = (y[max_index[0],int((len(kxX)-1)/2),:,1]*phiR0-y[max_index[0],int((len(kxX)-1)/2),:,0]*phiI0)/phi02
./test_parameters.py:111: MatplotlibDeprecationWarning: Auto-removal of overlapping axes is deprecated since 3.6 and will be removed two minor releases later; explicitly call ax.remove() as needed.
  plt.subplot(numRows, numCols, 1)
./test_parameters.py:78: RuntimeWarning: invalid value encountered in divide
  phiR = (y[max_index[0],int((len(kxX)-1)/2),:,0]*phiR0+y[max_index[0],int((len(kxX)-1)/2),:,1]*phiI0)/phi02
./test_parameters.py:79: RuntimeWarning: invalid value encountered in divide
  phiI = (y[max_index[0],int((len(kxX)-1)/2),:,1]*phiR0-y[max_index[0],int((len(kxX)-1)/2),:,0]*phiI0)/phi02
./test_parameters.py:111: MatplotlibDeprecationWarning: Auto-removal of overlapping axes is deprecated since 3.6 and will be removed two minor releases later; explicitly call ax.remove() as needed.
  plt.subplot(numRows, numCols, 1)
./test_parameters.py:78: RuntimeWarning: invalid value encountered in divide
  phiR = (y[max_index[0],int((len(kxX)-1)/2),:,0]*phiR0+y[max_index[0],int((len(kxX)-1)/2),:,1]*phiI0)/phi02
./test_parameters.py:79: RuntimeWarning: invalid value encountered in divide
  phiI = (y[max_index[0],int((len(kxX)-1)/2),:,1]*phiR0-y[max_index[0],int((len(kxX)-1)/2),:,0]*phiI0)/phi02
./test_parameters.py:111: MatplotlibDeprecationWarning: Auto-removal of overlapping axes is deprecated since 3.6 and will be removed two minor releases later; explicitly call ax.remove() as needed.
  plt.subplot(numRows, numCols, 1)
./test_parameters.py:78: RuntimeWarning: invalid value encountered in divide
  phiR = (y[max_index[0],int((len(kxX)-1)/2),:,0]*phiR0+y[max_index[0],int((len(kxX)-1)/2),:,1]*phiI0)/phi02
./test_parameters.py:79: RuntimeWarning: invalid value encountered in divide
  phiI = (y[max_index[0],int((len(kxX)-1)/2),:,1]*phiR0-y[max_index[0],int((len(kxX)-1)/2),:,0]*phiI0)/phi02
./test_parameters.py:111: MatplotlibDeprecationWarning: Auto-removal of overlapping axes is deprecated since 3.6 and will be removed two minor releases later; explicitly call ax.remove() as needed.
  plt.subplot(numRows, numCols, 1)
./test_parameters.py:111: MatplotlibDeprecationWarning: Auto-removal of overlapping axes is deprecated since 3.6 and will be removed two minor releases later; explicitly call ax.remove() as needed.
  plt.subplot(numRows, numCols, 1)
./test_parameters.py:111: MatplotlibDeprecationWarning: Auto-removal of overlapping axes is deprecated since 3.6 and will be removed two minor releases later; explicitly call ax.remove() as needed.
  plt.subplot(numRows, numCols, 1)
./test_parameters.py:111: MatplotlibDeprecationWarning: Auto-removal of overlapping axes is deprecated since 3.6 and will be removed two minor releases later; explicitly call ax.remove() as needed.
  plt.subplot(numRows, numCols, 1)
./test_parameters.py:111: MatplotlibDeprecationWarning: Auto-removal of overlapping axes is deprecated since 3.6 and will be removed two minor releases later; explicitly call ax.remove() as needed.
  plt.subplot(numRows, numCols, 1)
./test_parameters.py:111: MatplotlibDeprecationWarning: Auto-removal of overlapping axes is deprecated since 3.6 and will be removed two minor releases later; explicitly call ax.remove() as needed.
  plt.subplot(numRows, numCols, 1)
./test_parameters.py:111: MatplotlibDeprecationWarning: Auto-removal of overlapping axes is deprecated since 3.6 and will be removed two minor releases later; explicitly call ax.remove() as needed.
  plt.subplot(numRows, numCols, 1)
./test_parameters.py:78: RuntimeWarning: invalid value encountered in divide
  phiR = (y[max_index[0],int((len(kxX)-1)/2),:,0]*phiR0+y[max_index[0],int((len(kxX)-1)/2),:,1]*phiI0)/phi02
./test_parameters.py:79: RuntimeWarning: invalid value encountered in divide
  phiI = (y[max_index[0],int((len(kxX)-1)/2),:,1]*phiR0-y[max_index[0],int((len(kxX)-1)/2),:,0]*phiI0)/phi02
./test_parameters.py:111: MatplotlibDeprecationWarning: Auto-removal of overlapping axes is deprecated since 3.6 and will be removed two minor releases later; explicitly call ax.remove() as needed.
  plt.subplot(numRows, numCols, 1)
./test_parameters.py:111: MatplotlibDeprecationWarning: Auto-removal of overlapping axes is deprecated since 3.6 and will be removed two minor releases later; explicitly call ax.remove() as needed.
  plt.subplot(numRows, numCols, 1)
