perl: warning: Setting locale failed.
perl: warning: Please check that your locale settings:
	LANGUAGE = (unset),
	LC_ALL = (unset),
	LC_CTYPE = "UTF-8",
	LANG = "en_US.UTF-8"
    are supported and installed on your system.
perl: warning: Falling back to a fallback locale ("en_US.UTF-8").
Initial aspect ratio: 8.000967056664201
Initial mean iota: -1.2414701291022627
Initial magnetic well: -0.014515615728813585
Initial growth rate: 0.32881728
## Now calculating total objective function ##
14:27:19 - Growth rate = 0.328817, quasisymmetry = 0.035076 with aspect ratio=8.000967 took 6.344214s
Total objective before optimization: 1.116283741493932
-------------------------
Optimizing with max_mode = 3
-------------------------
14:27:29 - Growth rate = 0.328817, quasisymmetry = 0.035076 with aspect ratio=8.000967 took 6.295004s
14:27:38 - Growth rate = 0.328817, quasisymmetry = 0.035076 with aspect ratio=8.000967 took 6.273638s
14:27:48 - Growth rate = 0.328817, quasisymmetry = 0.035076 with aspect ratio=8.000967 took 6.344173s
14:27:58 - Growth rate = 0.328833, quasisymmetry = 0.035112 with aspect ratio=8.000971 took 6.449466s
14:28:07 - Growth rate = 0.328809, quasisymmetry = 0.035107 with aspect ratio=8.000967 took 6.198920s
14:28:16 - Growth rate = 0.328817, quasisymmetry = 0.035065 with aspect ratio=8.000967 took 6.217558s
14:28:25 - Growth rate = 0.328841, quasisymmetry = 0.035140 with aspect ratio=8.000967 took 6.175898s
14:28:35 - Growth rate = 0.328833, quasisymmetry = 0.035164 with aspect ratio=8.000960 took 6.383874s
14:28:44 - Growth rate = 0.328825, quasisymmetry = 0.035164 with aspect ratio=8.000955 took 6.400361s
14:28:54 - Growth rate = 0.328817, quasisymmetry = 0.035210 with aspect ratio=8.000566 took 6.311666s
14:29:03 - Growth rate = 0.328833, quasisymmetry = 0.035153 with aspect ratio=8.000961 took 6.519045s
14:29:13 - Growth rate = 0.328825, quasisymmetry = 0.035107 with aspect ratio=8.000968 took 6.138293s
14:29:22 - Growth rate = 0.328833, quasisymmetry = 0.035112 with aspect ratio=8.000967 took 6.437288s
14:29:31 - Growth rate = 0.328817, quasisymmetry = 0.035060 with aspect ratio=8.000967 took 6.176516s
14:29:41 - Growth rate = 0.328825, quasisymmetry = 0.035069 with aspect ratio=8.000971 took 6.292639s
14:29:50 - Growth rate = 0.328817, quasisymmetry = 0.035073 with aspect ratio=8.000944 took 6.529586s
14:30:00 - Growth rate = 0.328825, quasisymmetry = 0.035077 with aspect ratio=8.000969 took 6.305228s
14:30:09 - Growth rate = 0.328833, quasisymmetry = 0.035088 with aspect ratio=8.000971 took 6.224764s
14:30:18 - Growth rate = 0.328833, quasisymmetry = 0.035126 with aspect ratio=8.000967 took 6.226389s
14:30:28 - Growth rate = 0.328833, quasisymmetry = 0.035083 with aspect ratio=8.000967 took 6.339634s
14:30:37 - Growth rate = 0.328825, quasisymmetry = 0.035080 with aspect ratio=8.000967 took 6.691816s
14:30:47 - Growth rate = 0.328833, quasisymmetry = 0.035078 with aspect ratio=8.000966 took 6.436390s
14:30:56 - Growth rate = 0.328825, quasisymmetry = 0.035076 with aspect ratio=8.000968 took 6.323060s
14:31:06 - Growth rate = 0.328825, quasisymmetry = 0.035077 with aspect ratio=8.000969 took 6.213879s
14:31:15 - Growth rate = 0.328841, quasisymmetry = 0.035092 with aspect ratio=8.000967 took 6.589870s
14:31:25 - Growth rate = 0.328833, quasisymmetry = 0.035090 with aspect ratio=8.000967 took 6.293934s
14:31:34 - Growth rate = 0.328825, quasisymmetry = 0.035075 with aspect ratio=8.000967 took 6.209014s
14:31:43 - Growth rate = 0.328841, quasisymmetry = 0.035038 with aspect ratio=8.000967 took 6.255184s
14:31:53 - Growth rate = 0.328825, quasisymmetry = 0.035049 with aspect ratio=8.000967 took 6.597874s
14:32:02 - Growth rate = 0.328817, quasisymmetry = 0.035092 with aspect ratio=8.000967 took 6.230564s
14:32:12 - Growth rate = 0.328825, quasisymmetry = 0.035129 with aspect ratio=8.000967 took 6.596170s
14:32:22 - Growth rate = 0.328817, quasisymmetry = 0.035163 with aspect ratio=8.000974 took 6.332306s
14:32:31 - Growth rate = 0.328825, quasisymmetry = 0.035111 with aspect ratio=8.001096 took 6.354530s
14:32:40 - Growth rate = 0.328841, quasisymmetry = 0.034996 with aspect ratio=8.000468 took 6.302083s
14:32:50 - Growth rate = 0.328825, quasisymmetry = 0.034986 with aspect ratio=8.000962 took 6.191172s
14:32:59 - Growth rate = 0.328833, quasisymmetry = 0.035055 with aspect ratio=8.000967 took 6.357034s
14:33:09 - Growth rate = 0.328809, quasisymmetry = 0.035148 with aspect ratio=8.000967 took 6.473606s
14:33:18 - Growth rate = 0.328817, quasisymmetry = 0.035068 with aspect ratio=8.000968 took 6.357572s
14:33:27 - Growth rate = 0.328817, quasisymmetry = 0.035071 with aspect ratio=8.000967 took 6.340303s
14:33:37 - Growth rate = 0.328817, quasisymmetry = 0.035075 with aspect ratio=8.000938 took 6.614118s
14:33:46 - Growth rate = 0.328825, quasisymmetry = 0.035073 with aspect ratio=8.000965 took 6.159911s
14:33:56 - Growth rate = 0.328817, quasisymmetry = 0.035063 with aspect ratio=8.000971 took 6.240894s
14:34:05 - Growth rate = 0.328833, quasisymmetry = 0.035125 with aspect ratio=8.000967 took 6.220698s
14:34:15 - Growth rate = 0.328817, quasisymmetry = 0.035080 with aspect ratio=8.000967 took 6.498829s
14:34:24 - Growth rate = 0.328833, quasisymmetry = 0.035077 with aspect ratio=8.000966 took 6.018284s
14:34:33 - Growth rate = 0.328833, quasisymmetry = 0.035077 with aspect ratio=8.000967 took 6.578917s
14:34:43 - Growth rate = 0.328833, quasisymmetry = 0.035075 with aspect ratio=8.000968 took 6.213416s
14:34:52 - Growth rate = 0.328825, quasisymmetry = 0.035073 with aspect ratio=8.000969 took 6.397059s
14:35:02 - Growth rate = 0.328817, quasisymmetry = 0.035087 with aspect ratio=8.000967 took 6.410792s
14:35:11 - Growth rate = 0.328817, quasisymmetry = 0.035086 with aspect ratio=8.000967 took 6.340836s
14:35:21 - Growth rate = 0.328817, quasisymmetry = 0.035080 with aspect ratio=8.000967 took 6.278507s
   Iteration     Total nfev        Cost      Cost reduction    Step norm     Optimality   
       0              1         5.5814e-01                                    1.10e+02    
14:35:30 - Growth rate = 0.317642, quasisymmetry = 0.058140 with aspect ratio=7.973567 took 6.210591s
14:35:39 - Growth rate = 0.317642, quasisymmetry = 0.058140 with aspect ratio=7.973567 took 6.229435s
14:35:48 - Growth rate = 0.317658, quasisymmetry = 0.058246 with aspect ratio=7.973573 took 6.122351s
14:35:57 - Growth rate = 0.317658, quasisymmetry = 0.058170 with aspect ratio=7.973567 took 6.300990s
14:36:06 - Growth rate = 0.317650, quasisymmetry = 0.058110 with aspect ratio=7.973567 took 6.475026s
14:36:15 - Growth rate = 0.317642, quasisymmetry = 0.058205 with aspect ratio=7.973568 took 6.315485s
14:36:24 - Growth rate = 0.317642, quasisymmetry = 0.058246 with aspect ratio=7.973562 took 6.189767s
14:36:33 - Growth rate = 0.317635, quasisymmetry = 0.058385 with aspect ratio=7.973571 took 6.394464s
14:36:42 - Growth rate = 0.317595, quasisymmetry = 0.058413 with aspect ratio=7.973185 took 6.321911s
14:36:51 - Growth rate = 0.317642, quasisymmetry = 0.058247 with aspect ratio=7.973562 took 6.398890s
14:37:00 - Growth rate = 0.317642, quasisymmetry = 0.058167 with aspect ratio=7.973568 took 6.327868s
14:37:09 - Growth rate = 0.317642, quasisymmetry = 0.058178 with aspect ratio=7.973567 took 6.338303s
14:37:18 - Growth rate = 0.317642, quasisymmetry = 0.058131 with aspect ratio=7.973567 took 6.449856s
14:37:27 - Growth rate = 0.317650, quasisymmetry = 0.058127 with aspect ratio=7.973573 took 6.332479s
14:37:36 - Growth rate = 0.317642, quasisymmetry = 0.058117 with aspect ratio=7.973546 took 6.350355s
14:37:45 - Growth rate = 0.317650, quasisymmetry = 0.058139 with aspect ratio=7.973572 took 6.435813s
14:37:54 - Growth rate = 0.317658, quasisymmetry = 0.058142 with aspect ratio=7.973574 took 6.228540s
14:38:03 - Growth rate = 0.317658, quasisymmetry = 0.058173 with aspect ratio=7.973568 took 6.357693s
14:38:12 - Growth rate = 0.317650, quasisymmetry = 0.058108 with aspect ratio=7.973567 took 6.316769s
14:38:21 - Growth rate = 0.317658, quasisymmetry = 0.058144 with aspect ratio=7.973567 took 6.433726s
14:38:30 - Growth rate = 0.317642, quasisymmetry = 0.058145 with aspect ratio=7.973565 took 6.325962s
14:38:39 - Growth rate = 0.317642, quasisymmetry = 0.058141 with aspect ratio=7.973567 took 6.269899s
14:38:48 - Growth rate = 0.317642, quasisymmetry = 0.058137 with aspect ratio=7.973571 took 6.371330s
14:38:57 - Growth rate = 0.317650, quasisymmetry = 0.058152 with aspect ratio=7.973567 took 6.394211s
14:39:06 - Growth rate = 0.317642, quasisymmetry = 0.058119 with aspect ratio=7.973567 took 6.461535s
14:39:15 - Growth rate = 0.317642, quasisymmetry = 0.058123 with aspect ratio=7.973567 took 6.345181s
14:39:24 - Growth rate = 0.317658, quasisymmetry = 0.058072 with aspect ratio=7.973567 took 6.201756s
14:39:33 - Growth rate = 0.317650, quasisymmetry = 0.058108 with aspect ratio=7.973567 took 6.228981s
14:39:42 - Growth rate = 0.317650, quasisymmetry = 0.058164 with aspect ratio=7.973567 took 6.323195s
14:39:51 - Growth rate = 0.317658, quasisymmetry = 0.058174 with aspect ratio=7.973566 took 6.271167s
14:40:00 - Growth rate = 0.317650, quasisymmetry = 0.058228 with aspect ratio=7.973571 took 6.464254s
14:40:10 - Growth rate = 0.317658, quasisymmetry = 0.058233 with aspect ratio=7.973672 took 6.572851s
14:40:19 - Growth rate = 0.317650, quasisymmetry = 0.057978 with aspect ratio=7.973092 took 6.471577s
14:40:28 - Growth rate = 0.317650, quasisymmetry = 0.058104 with aspect ratio=7.973567 took 6.480302s
14:40:37 - Growth rate = 0.317650, quasisymmetry = 0.058159 with aspect ratio=7.973567 took 6.504539s
14:40:46 - Growth rate = 0.317650, quasisymmetry = 0.058215 with aspect ratio=7.973568 took 6.439063s
14:40:56 - Growth rate = 0.317658, quasisymmetry = 0.058153 with aspect ratio=7.973567 took 6.604954s
14:41:05 - Growth rate = 0.317658, quasisymmetry = 0.058134 with aspect ratio=7.973568 took 6.147054s
14:41:14 - Growth rate = 0.317642, quasisymmetry = 0.058134 with aspect ratio=7.973544 took 6.748599s
14:41:24 - Growth rate = 0.317658, quasisymmetry = 0.058139 with aspect ratio=7.973564 took 6.553216s
14:41:33 - Growth rate = 0.317658, quasisymmetry = 0.058151 with aspect ratio=7.973575 took 6.437975s
14:41:42 - Growth rate = 0.317642, quasisymmetry = 0.058203 with aspect ratio=7.973568 took 6.378290s
14:41:51 - Growth rate = 0.317635, quasisymmetry = 0.058137 with aspect ratio=7.973567 took 6.389308s
14:42:00 - Growth rate = 0.317650, quasisymmetry = 0.058135 with aspect ratio=7.973566 took 6.503777s
14:42:10 - Growth rate = 0.317642, quasisymmetry = 0.058142 with aspect ratio=7.973567 took 6.421833s
14:42:19 - Growth rate = 0.317642, quasisymmetry = 0.058141 with aspect ratio=7.973568 took 6.384076s
14:42:28 - Growth rate = 0.317658, quasisymmetry = 0.058139 with aspect ratio=7.973572 took 6.623026s
14:42:38 - Growth rate = 0.317650, quasisymmetry = 0.058161 with aspect ratio=7.973567 took 6.431201s
14:42:47 - Growth rate = 0.317650, quasisymmetry = 0.058131 with aspect ratio=7.973567 took 6.454002s
14:42:56 - Growth rate = 0.317642, quasisymmetry = 0.058128 with aspect ratio=7.973567 took 6.391946s
       1              2         5.3359e-01      2.46e-02       3.80e-02       6.72e+01    
14:43:06 - Growth rate = 0.304329, quasisymmetry = 0.004539 with aspect ratio=7.986541 took 6.444662s
14:43:15 - Growth rate = 0.304329, quasisymmetry = 0.004539 with aspect ratio=7.986541 took 6.283772s
14:43:25 - Growth rate = 0.304329, quasisymmetry = 0.004566 with aspect ratio=7.986545 took 6.392025s
14:43:34 - Growth rate = 0.304329, quasisymmetry = 0.004532 with aspect ratio=7.986540 took 6.507919s
14:43:44 - Growth rate = 0.304321, quasisymmetry = 0.004532 with aspect ratio=7.986540 took 6.426768s
14:43:53 - Growth rate = 0.304329, quasisymmetry = 0.004531 with aspect ratio=7.986542 took 6.431279s
14:44:03 - Growth rate = 0.304321, quasisymmetry = 0.004554 with aspect ratio=7.986536 took 6.625020s
14:44:12 - Growth rate = 0.304313, quasisymmetry = 0.004596 with aspect ratio=7.986543 took 6.222244s
14:44:21 - Growth rate = 0.304266, quasisymmetry = 0.004601 with aspect ratio=7.986155 took 6.246711s
14:44:31 - Growth rate = 0.304313, quasisymmetry = 0.004549 with aspect ratio=7.986535 took 6.425429s
14:44:40 - Growth rate = 0.304329, quasisymmetry = 0.004540 with aspect ratio=7.986542 took 6.204891s
14:44:49 - Growth rate = 0.304329, quasisymmetry = 0.004528 with aspect ratio=7.986541 took 6.423269s
14:44:59 - Growth rate = 0.304321, quasisymmetry = 0.004540 with aspect ratio=7.986540 took 6.391133s
14:45:08 - Growth rate = 0.304321, quasisymmetry = 0.004539 with aspect ratio=7.986547 took 6.523196s
14:45:18 - Growth rate = 0.304321, quasisymmetry = 0.004534 with aspect ratio=7.986520 took 6.601537s
14:45:27 - Growth rate = 0.304329, quasisymmetry = 0.004536 with aspect ratio=7.986547 took 6.392403s
14:45:37 - Growth rate = 0.304329, quasisymmetry = 0.004542 with aspect ratio=7.986551 took 6.447666s
14:45:46 - Growth rate = 0.304321, quasisymmetry = 0.004531 with aspect ratio=7.986541 took 6.484865s
14:45:56 - Growth rate = 0.304321, quasisymmetry = 0.004532 with aspect ratio=7.986540 took 6.394559s
14:46:05 - Growth rate = 0.304329, quasisymmetry = 0.004537 with aspect ratio=7.986541 took 6.238850s
14:46:15 - Growth rate = 0.304337, quasisymmetry = 0.004539 with aspect ratio=7.986538 took 6.618423s
14:46:24 - Growth rate = 0.304321, quasisymmetry = 0.004538 with aspect ratio=7.986541 took 6.190417s
14:46:33 - Growth rate = 0.304337, quasisymmetry = 0.004540 with aspect ratio=7.986544 took 6.486177s
14:46:43 - Growth rate = 0.304329, quasisymmetry = 0.004536 with aspect ratio=7.986540 took 6.489286s
14:46:52 - Growth rate = 0.304329, quasisymmetry = 0.004534 with aspect ratio=7.986540 took 6.314620s
14:47:02 - Growth rate = 0.304321, quasisymmetry = 0.004532 with aspect ratio=7.986540 took 6.315164s
14:47:11 - Growth rate = 0.304329, quasisymmetry = 0.004523 with aspect ratio=7.986541 took 6.202182s
14:47:20 - Growth rate = 0.304337, quasisymmetry = 0.004545 with aspect ratio=7.986541 took 6.360192s
slurmstepd: error: *** JOB 8640428 ON login06 CANCELLED AT 2022-11-14T14:47:26 ***
