Initial aspect ratio: 7.0003459694771015
Initial mean iota: -1.0455236555324343
Initial magnetic well: -0.18303293286802091
 found wout_nfp4_QH_000_000000.nc
  wrote .ing ./scan-gx-simsopt-psi-0.50
  wrote input: /m100/home/userexternal/rjorge00/some_optimizations/GX_SIMSOPT/output/GX-nfp4_QH_000_000000.in
 *** Waiting for GX ***
 *** GX finished, waiting 3 more s ***
13:41:02
 *** GX non-linear qflux: 1.240195523878923 ***
Initial heat flux: 1.240195523878923
 found wout_nfp4_QH_000_000000.nc
  wrote .ing ./scan-gx-simsopt-psi-0.50
  wrote input: /m100/home/userexternal/rjorge00/some_optimizations/GX_SIMSOPT/output/GX-nfp4_QH_000_000000.in
 *** Waiting for GX ***
[login06:78486] OPAL ERROR: Unreachable in file ext3x_client.c at line 112
*** An error occurred in MPI_Init
*** on a NULL communicator
*** MPI_ERRORS_ARE_FATAL (processes in this communicator will now abort,
***    and potentially your MPI job)
[login06:78486] Local abort before MPI_INIT completed completed successfully, but am not able to aggregate error messages, and not able to guarantee that all other processes were killed!
 *** GX finished, waiting 3 more s ***
13:41:06
 *** GX non-linear qflux: 1.240195523878923 ***
Heat flux = 1.240196 with aspect ratio=7.000346 took 3.563095s
Total objective before optimization: 153.8084938646265
-------------------------
Optimizing with max_mode = 1
-------------------------
 found wout_nfp4_QH_000_000001.nc
  wrote .ing ./scan-gx-simsopt-psi-0.50
  wrote input: /m100/home/userexternal/rjorge00/some_optimizations/GX_SIMSOPT/output/GX-nfp4_QH_000_000001.in
 *** Waiting for GX ***
[login06:78620] OPAL ERROR: Unreachable in file ext3x_client.c at line 112
*** An error occurred in MPI_Init
*** on a NULL communicator
*** MPI_ERRORS_ARE_FATAL (processes in this communicator will now abort,
***    and potentially your MPI job)
[login06:78620] Local abort before MPI_INIT completed completed successfully, but am not able to aggregate error messages, and not able to guarantee that all other processes were killed!
 *** GX finished, waiting 3 more s ***
13:41:10
  read_GX_output: could not read /m100/home/userexternal/rjorge00/some_optimizations/GX_SIMSOPT/output/GX-nfp4_QH_000_000001.nc
 found wout_nfp4_QH_000_000001.nc
  wrote .ing ./scan-gx-simsopt-psi-0.50
  wrote input: /m100/home/userexternal/rjorge00/some_optimizations/GX_SIMSOPT/output/GX-nfp4_QH_000_000001.in
 *** Waiting for GX ***
[login06:78637] OPAL ERROR: Unreachable in file ext3x_client.c at line 112
*** An error occurred in MPI_Init
*** on a NULL communicator
*** MPI_ERRORS_ARE_FATAL (processes in this communicator will now abort,
***    and potentially your MPI job)
[login06:78637] Local abort before MPI_INIT completed completed successfully, but am not able to aggregate error messages, and not able to guarantee that all other processes were killed!
 *** GX finished, waiting 3 more s ***
13:41:13
  read_GX_output: could not read /m100/home/userexternal/rjorge00/some_optimizations/GX_SIMSOPT/output/GX-nfp4_QH_000_000001.nc
Traceback (most recent call last):
  File "./main.py", line 201, in <module>
    least_squares_mpi_solve(prob, mpi, grad=True, rel_step=diff_rel_step, abs_step=diff_abs_step, max_nfev=MAXITER)
  File "/m100/home/userexternal/rjorge00/simsopt/src/simsopt/solve/mpi.py", line 203, in least_squares_mpi_solve
    result = least_squares(_f_proc0, x0, jac=fd.jac, verbose=2,
  File "/m100/home/userexternal/rjorge00/.conda/envs/simsopt/lib/python3.8/site-packages/scipy/optimize/_lsq/least_squares.py", line 820, in least_squares
    f0 = fun_wrapped(x0)
  File "/m100/home/userexternal/rjorge00/.conda/envs/simsopt/lib/python3.8/site-packages/scipy/optimize/_lsq/least_squares.py", line 815, in fun_wrapped
    return np.atleast_1d(fun(x, *args, **kwargs))
  File "/m100/home/userexternal/rjorge00/simsopt/src/simsopt/solve/mpi.py", line 143, in _f_proc0
    objective_val = prob.objective()
  File "/m100/home/userexternal/rjorge00/simsopt/src/simsopt/objectives/least_squares.py", line 208, in objective
    unweighted_residuals = self.unweighted_residuals(x, *args, **kwargs)
  File "/m100/home/userexternal/rjorge00/simsopt/src/simsopt/objectives/least_squares.py", line 156, in unweighted_residuals
    out = fn(*args, **kwargs)
  File "/m100/home/userexternal/rjorge00/simsopt/src/simsopt/_core/optimizable.py", line 1527, in J
    return self.func(*args, **kwargs)
  File "./main.py", line 160, in TurbulenceCostFunction
    heat_flux = CalculateHeatFlux(v)
  File "./main.py", line 148, in CalculateHeatFlux
    qavg, dqavg = gx_out.exponential_window_estimator()
  File "/m100/home/userexternal/rjorge00/simsopt/src/simsopt/turbulence/GX_io.py", line 267, in exponential_window_estimator
    N = len(self.qflux)
AttributeError: 'GX_Output' object has no attribute 'qflux'
slurmstepd: error: *** JOB 8566132 ON login06 CANCELLED AT 2022-10-31T13:41:34 ***
