perl: warning: Setting locale failed.
perl: warning: Please check that your locale settings:
	LANGUAGE = (unset),
	LC_ALL = (unset),
	LC_CTYPE = "UTF-8",
	LANG = "en_US.UTF-8"
    are supported and installed on your system.
perl: warning: Falling back to a fallback locale ("en_US.UTF-8").
Initial aspect ratio: 8.000967056664201
Initial mean iota: -1.2414619577370025
Initial magnetic well: -0.014518732731757817
On rank 0 and CUDA_VISIBLE_DEVICES=0
Initial heat flux: 132.3085
## Now calculating total objective function ##
On rank 0 and CUDA_VISIBLE_DEVICES=0
13:15:58 - Growth rate = 17.975489, qflux = 132.308502, quasisymmetry = 0.035078 with aspect ratio=8.000967 took 204.182008s
Total objective before optimization: 1750553.9753684779
-------------------------
Optimizing with max_mode = 3
-------------------------
On rank 0 and CUDA_VISIBLE_DEVICES=0
13:19:33 - Growth rate = 17.975489, qflux = 132.308502, quasisymmetry = 0.035078 with aspect ratio=8.000967 took 203.957707s
On rank 0 and CUDA_VISIBLE_DEVICES=0
13:23:09 - Growth rate = 17.975489, qflux = 132.308502, quasisymmetry = 0.035078 with aspect ratio=8.000967 took 204.270348s
On rank 0 and CUDA_VISIBLE_DEVICES=0
13:26:44 - Growth rate = 17.975489, qflux = 132.308502, quasisymmetry = 0.035078 with aspect ratio=8.000967 took 204.114326s
On rank 29 and CUDA_VISIBLE_DEVICES=1
On rank 31 and CUDA_VISIBLE_DEVICES=3
On rank 11 and CUDA_VISIBLE_DEVICES=3
On rank 13 and CUDA_VISIBLE_DEVICES=1
On rank 14 and CUDA_VISIBLE_DEVICES=2
On rank 12 and CUDA_VISIBLE_DEVICES=0
On rank 5 and CUDA_VISIBLE_DEVICES=1
On rank 15 and CUDA_VISIBLE_DEVICES=3
On rank 10 and CUDA_VISIBLE_DEVICES=2
On rank 19 and CUDA_VISIBLE_DEVICES=3
On rank 18 and CUDA_VISIBLE_DEVICES=2
On rank 17 and CUDA_VISIBLE_DEVICES=1
On rank 1 and CUDA_VISIBLE_DEVICES=1
On rank 3 and CUDA_VISIBLE_DEVICES=3
On rank 0 and CUDA_VISIBLE_DEVICES=0
On rank 16 and CUDA_VISIBLE_DEVICES=0
On rank 21 and CUDA_VISIBLE_DEVICES=1
On rank 2 and CUDA_VISIBLE_DEVICES=2
On rank 28 and CUDA_VISIBLE_DEVICES=0
On rank 20 and CUDA_VISIBLE_DEVICES=0
On rank 30 and CUDA_VISIBLE_DEVICES=2
On rank 9 and CUDA_VISIBLE_DEVICES=1
On rank 8 and CUDA_VISIBLE_DEVICES=0
On rank 22 and CUDA_VISIBLE_DEVICES=2
On rank 23 and CUDA_VISIBLE_DEVICES=3
On rank 7 and CUDA_VISIBLE_DEVICES=3
On rank 6 and CUDA_VISIBLE_DEVICES=2
On rank 4 and CUDA_VISIBLE_DEVICES=0
On rank 26 and CUDA_VISIBLE_DEVICES=2
On rank 27 and CUDA_VISIBLE_DEVICES=3
On rank 25 and CUDA_VISIBLE_DEVICES=1
On rank 24 and CUDA_VISIBLE_DEVICES=0
13:30:17 - Growth rate = 23.782467, qflux = 133.879211, quasisymmetry = 0.035080 with aspect ratio=8.000969 took 203.063246s
13:30:17 - Growth rate = 19.561840, qflux = 133.729950, quasisymmetry = 0.035132 with aspect ratio=8.000967 took 202.766491s
13:30:17 - Growth rate = 7.466675, qflux = 136.010223, quasisymmetry = 0.034998 with aspect ratio=8.000468 took 203.054737s
13:30:17 - Growth rate = 3.959358, qflux = 133.419220, quasisymmetry = 0.035076 with aspect ratio=8.000944 took 203.316310s
13:30:17 - Growth rate = 11.915544, qflux = 133.234695, quasisymmetry = 0.035165 with aspect ratio=8.000974 took 203.238420s
13:30:17 - Growth rate = 5.575670, qflux = 131.460144, quasisymmetry = 0.035090 with aspect ratio=8.000971 took 203.257514s
13:30:18 - Growth rate = 36.482071, qflux = 131.471375, quasisymmetry = 0.035040 with aspect ratio=8.000967 took 203.235572s
13:30:18 - Growth rate = 7.066049, qflux = 133.104034, quasisymmetry = 0.035094 with aspect ratio=8.000967 took 203.333700s
13:30:18 - Growth rate = 14.151417, qflux = 130.677231, quasisymmetry = 0.035077 with aspect ratio=8.000967 took 203.312532s
13:30:18 - Growth rate = 14.295420, qflux = 133.588882, quasisymmetry = 0.035114 with aspect ratio=8.000971 took 203.400099s
13:30:18 - Growth rate = -14.955750, qflux = 131.908356, quasisymmetry = 0.035167 with aspect ratio=8.000955 took 203.462352s
13:30:18 - Growth rate = 8.226895, qflux = 132.446442, quasisymmetry = 0.034989 with aspect ratio=8.000962 took 203.527146s
13:30:18 - Growth rate = 3.062085, qflux = 131.680756, quasisymmetry = 0.035080 with aspect ratio=8.000966 took 203.581597s
13:30:18 - Growth rate = 20.217846, qflux = 132.127014, quasisymmetry = 0.035109 with aspect ratio=8.000967 took 203.550875s
13:30:18 - Growth rate = 22.345070, qflux = 130.443848, quasisymmetry = 0.035212 with aspect ratio=8.000566 took 203.578897s
13:30:18 - Growth rate = 5.935691, qflux = 132.305084, quasisymmetry = 0.035079 with aspect ratio=8.000969 took 203.620755s
13:30:18 - Growth rate = 4.414699, qflux = 132.523895, quasisymmetry = 0.035166 with aspect ratio=8.000960 took 203.754212s
13:30:18 - Growth rate = 0.824229, qflux = 131.611511, quasisymmetry = 0.035114 with aspect ratio=8.001096 took 203.644714s
13:30:18 - Growth rate = 3.210771, qflux = 131.591980, quasisymmetry = 0.035094 with aspect ratio=8.000967 took 203.656146s
13:30:18 - Growth rate = 10.238993, qflux = 131.914612, quasisymmetry = 0.035155 with aspect ratio=8.000961 took 203.662545s
13:30:18 - Growth rate = 3.506799, qflux = 131.285065, quasisymmetry = 0.035078 with aspect ratio=8.000968 took 203.740744s
13:30:18 - Growth rate = 19.148476, qflux = 133.470840, quasisymmetry = 0.035063 with aspect ratio=8.000967 took 203.956357s
13:30:18 - Growth rate = 8.696783, qflux = 134.254822, quasisymmetry = 0.035072 with aspect ratio=8.000971 took 203.959685s
13:30:18 - Growth rate = 4.724032, qflux = 132.923904, quasisymmetry = 0.035128 with aspect ratio=8.000967 took 203.778427s
13:30:18 - Growth rate = 16.170444, qflux = 132.905258, quasisymmetry = 0.035114 with aspect ratio=8.000967 took 203.922297s
13:30:18 - Growth rate = 14.863876, qflux = 134.111298, quasisymmetry = 0.035068 with aspect ratio=8.000967 took 204.122324s
13:30:18 - Growth rate = 27.603218, qflux = 131.705292, quasisymmetry = 0.035051 with aspect ratio=8.000967 took 204.131559s
13:30:18 - Growth rate = 20.550312, qflux = 132.172363, quasisymmetry = 0.035082 with aspect ratio=8.000967 took 204.249327s
13:30:18 - Growth rate = 25.139065, qflux = 133.067657, quasisymmetry = 0.035142 with aspect ratio=8.000967 took 204.131591s
13:30:19 - Growth rate = 12.438156, qflux = 133.090820, quasisymmetry = 0.035092 with aspect ratio=8.000967 took 204.352832s
13:30:19 - Growth rate = 2.759968, qflux = 133.386276, quasisymmetry = 0.035085 with aspect ratio=8.000967 took 204.697647s
13:30:19 - Growth rate = 39.191395, qflux = 132.897552, quasisymmetry = 0.035109 with aspect ratio=8.000968 took 204.610054s
On rank 14 and CUDA_VISIBLE_DEVICES=2
On rank 1 and CUDA_VISIBLE_DEVICES=1
On rank 13 and CUDA_VISIBLE_DEVICES=1
On rank 15 and CUDA_VISIBLE_DEVICES=3
On rank 6 and CUDA_VISIBLE_DEVICES=2
On rank 7 and CUDA_VISIBLE_DEVICES=3
On rank 5 and CUDA_VISIBLE_DEVICES=1
On rank 10 and CUDA_VISIBLE_DEVICES=2
On rank 8 and CUDA_VISIBLE_DEVICES=0
On rank 12 and CUDA_VISIBLE_DEVICES=0
On rank 11 and CUDA_VISIBLE_DEVICES=3
On rank 2 and CUDA_VISIBLE_DEVICES=2
On rank 4 and CUDA_VISIBLE_DEVICES=0
On rank 3 and CUDA_VISIBLE_DEVICES=3
On rank 9 and CUDA_VISIBLE_DEVICES=1
On rank 16 and CUDA_VISIBLE_DEVICES=0
13:33:51 - Growth rate = 10.788185, qflux = 132.250793, quasisymmetry = 0.035089 with aspect ratio=8.000967 took 203.107683s
13:33:51 - Growth rate = 14.908477, qflux = 133.117493, quasisymmetry = 0.035075 with aspect ratio=8.000969 took 202.894152s
13:33:51 - Growth rate = 3.650853, qflux = 132.958435, quasisymmetry = 0.035077 with aspect ratio=8.000938 took 202.900758s
13:33:51 - Growth rate = 7.075342, qflux = 132.135315, quasisymmetry = 0.035088 with aspect ratio=8.000967 took 203.413915s
13:33:51 - Growth rate = 23.577787, qflux = 132.360596, quasisymmetry = 0.035065 with aspect ratio=8.000971 took 203.034896s
13:33:51 - Growth rate = 4.270835, qflux = 132.210297, quasisymmetry = 0.035151 with aspect ratio=8.000967 took 202.925998s
13:33:52 - Growth rate = 4.694095, qflux = 132.020844, quasisymmetry = 0.035057 with aspect ratio=8.000967 took 203.890604s
13:33:52 - Growth rate = 8.064877, qflux = 131.699341, quasisymmetry = 0.035075 with aspect ratio=8.000965 took 203.478929s
13:33:52 - Growth rate = 17.291355, qflux = 132.120209, quasisymmetry = 0.035078 with aspect ratio=8.000968 took 203.312204s
13:33:52 - Growth rate = 11.720348, qflux = 135.189987, quasisymmetry = 0.035080 with aspect ratio=8.000967 took 203.443829s
13:33:52 - Growth rate = 22.255356, qflux = 132.278961, quasisymmetry = 0.035128 with aspect ratio=8.000967 took 203.455212s
13:33:52 - Growth rate = 2.654421, qflux = 132.925720, quasisymmetry = 0.035082 with aspect ratio=8.000967 took 203.059268s
13:33:52 - Growth rate = 19.515198, qflux = 132.467743, quasisymmetry = 0.035073 with aspect ratio=8.000967 took 203.582809s
13:33:53 - Growth rate = 6.351375, qflux = 133.978302, quasisymmetry = 0.035079 with aspect ratio=8.000966 took 204.048742s
13:33:53 - Growth rate = 14.655769, qflux = 132.043610, quasisymmetry = 0.035070 with aspect ratio=8.000968 took 203.541798s
13:33:53 - Growth rate = 14.805598, qflux = 133.197678, quasisymmetry = 0.035083 with aspect ratio=8.000967 took 204.138189s
   Iteration     Total nfev        Cost      Cost reduction    Step norm     Optimality   
       0              1         8.7528e+05                                    3.81e+10    
Function evaluation failed for <bound method Vmec.aspect of Vmec1 (nfp=4 mpol=5 ntor=5)>
Function evaluation failed for <bound method Vmec.aspect of Vmec1 (nfp=4 mpol=5 ntor=5)>
On rank 0 and CUDA_VISIBLE_DEVICES=0
[Errno 2] No such file or directory: b'/m100/home/userexternal/rjorge00/some_optimizations/GX_SIMSOPT/output_MAXITER150_least_squares_nfp4_QH/gxRun_wout_nfp4_QH_000_000007.nc'
13:34:07 - Growth rate = 100.000000, qflux = 100.000000, quasisymmetry = 21.260017 with aspect ratio=8.609482 took 1.776313s
On rank 0 and CUDA_VISIBLE_DEVICES=0
[Errno 2] No such file or directory: b'/m100/home/userexternal/rjorge00/some_optimizations/GX_SIMSOPT/output_MAXITER150_least_squares_nfp4_QH/gxRun_wout_nfp4_QH_000_000008.nc'
13:34:21 - Growth rate = 100.000000, qflux = 100.000000, quasisymmetry = 21.260017 with aspect ratio=8.609482 took 1.769952s
On rank 7 and CUDA_VISIBLE_DEVICES=3
On rank 28 and CUDA_VISIBLE_DEVICES=0
On rank 12 and CUDA_VISIBLE_DEVICES=0
On rank 13 and CUDA_VISIBLE_DEVICES=1
On rank 29 and CUDA_VISIBLE_DEVICES=1
On rank 8 and CUDA_VISIBLE_DEVICES=0
On rank 30 and CUDA_VISIBLE_DEVICES=2
On rank 2 and CUDA_VISIBLE_DEVICES=2
On rank 0 and CUDA_VISIBLE_DEVICES=0
On rank 14 and CUDA_VISIBLE_DEVICES=2
On rank 26 and CUDA_VISIBLE_DEVICES=2
On rank 11 and CUDA_VISIBLE_DEVICES=3
On rank 6 and CUDA_VISIBLE_DEVICES=2
On rank 16 and CUDA_VISIBLE_DEVICES=0
On rank 31 and CUDA_VISIBLE_DEVICES=3
On rank 19 and CUDA_VISIBLE_DEVICES=3
On rank 24 and CUDA_VISIBLE_DEVICES=0
On rank 27 and CUDA_VISIBLE_DEVICES=3
On rank 25 and CUDA_VISIBLE_DEVICES=1
On rank 15 and CUDA_VISIBLE_DEVICES=3
On rank 17 and CUDA_VISIBLE_DEVICES=1
On rank 10 and CUDA_VISIBLE_DEVICES=2
On rank 1 and CUDA_VISIBLE_DEVICES=1
On rank 3 and CUDA_VISIBLE_DEVICES=3
On rank 9 and CUDA_VISIBLE_DEVICES=1
On rank 18 and CUDA_VISIBLE_DEVICES=2
On rank 4 and CUDA_VISIBLE_DEVICES=0
On rank 5 and CUDA_VISIBLE_DEVICES=1
On rank 22 and CUDA_VISIBLE_DEVICES=2
On rank 20 and CUDA_VISIBLE_DEVICES=0
On rank 23 and CUDA_VISIBLE_DEVICES=3
On rank 21 and CUDA_VISIBLE_DEVICES=1
[Errno 2] No such file or directory: b'/m100/home/userexternal/rjorge00/some_optimizations/GX_SIMSOPT/output_MAXITER150_least_squares_nfp4_QH/gxRun_wout_nfp4_QH_007_000003.nc'
[Errno 2] No such file or directory: b'/m100/home/userexternal/rjorge00/some_optimizations/GX_SIMSOPT/output_MAXITER150_least_squares_nfp4_QH/gxRun_wout_nfp4_QH_008_000003.nc'
[Errno 2] No such file or directory: b'/m100/home/userexternal/rjorge00/some_optimizations/GX_SIMSOPT/output_MAXITER150_least_squares_nfp4_QH/gxRun_wout_nfp4_QH_029_000002.nc'
[Errno 2] No such file or directory: b'/m100/home/userexternal/rjorge00/some_optimizations/GX_SIMSOPT/output_MAXITER150_least_squares_nfp4_QH/gxRun_wout_nfp4_QH_028_000002.nc'
13:34:34 - Growth rate = 100.000000, qflux = 100.000000, quasisymmetry = 21.257135 with aspect ratio=8.609025 took 1.534805s
[Errno 2] No such file or directory: b'/m100/home/userexternal/rjorge00/some_optimizations/GX_SIMSOPT/output_MAXITER150_least_squares_nfp4_QH/gxRun_wout_nfp4_QH_000_000009.nc'
[Errno 2] No such file or directory: b'/m100/home/userexternal/rjorge00/some_optimizations/GX_SIMSOPT/output_MAXITER150_least_squares_nfp4_QH/gxRun_wout_nfp4_QH_019_000002.nc'
[Errno 2] No such file or directory: b'/m100/home/userexternal/rjorge00/some_optimizations/GX_SIMSOPT/output_MAXITER150_least_squares_nfp4_QH/gxRun_wout_nfp4_QH_026_000002.nc'
[Errno 2] No such file or directory: b'/m100/home/userexternal/rjorge00/some_optimizations/GX_SIMSOPT/output_MAXITER150_least_squares_nfp4_QH/gxRun_wout_nfp4_QH_030_000002.nc'
[Errno 2] No such file or directory: b'/m100/home/userexternal/rjorge00/some_optimizations/GX_SIMSOPT/output_MAXITER150_least_squares_nfp4_QH/gxRun_wout_nfp4_QH_002_000003.nc'
[Errno 2] No such file or directory: b'/m100/home/userexternal/rjorge00/some_optimizations/GX_SIMSOPT/output_MAXITER150_least_squares_nfp4_QH/gxRun_wout_nfp4_QH_011_000003.nc'
[Errno 2] No such file or directory: b'/m100/home/userexternal/rjorge00/some_optimizations/GX_SIMSOPT/output_MAXITER150_least_squares_nfp4_QH/gxRun_wout_nfp4_QH_013_000003.nc'
[Errno 2] No such file or directory: b'/m100/home/userexternal/rjorge00/some_optimizations/GX_SIMSOPT/output_MAXITER150_least_squares_nfp4_QH/gxRun_wout_nfp4_QH_014_000003.nc'
[Errno 2] No such file or directory: b'/m100/home/userexternal/rjorge00/some_optimizations/GX_SIMSOPT/output_MAXITER150_least_squares_nfp4_QH/gxRun_wout_nfp4_QH_006_000003.nc'
[Errno 2] No such file or directory: b'/m100/home/userexternal/rjorge00/some_optimizations/GX_SIMSOPT/output_MAXITER150_least_squares_nfp4_QH/gxRun_wout_nfp4_QH_009_000003.nc'
[Errno 2] No such file or directory: b'/m100/home/userexternal/rjorge00/some_optimizations/GX_SIMSOPT/output_MAXITER150_least_squares_nfp4_QH/gxRun_wout_nfp4_QH_025_000002.nc'
[Errno 2] No such file or directory: b'/m100/home/userexternal/rjorge00/some_optimizations/GX_SIMSOPT/output_MAXITER150_least_squares_nfp4_QH/gxRun_wout_nfp4_QH_001_000003.nc'
[Errno 2] No such file or directory: b'/m100/home/userexternal/rjorge00/some_optimizations/GX_SIMSOPT/output_MAXITER150_least_squares_nfp4_QH/gxRun_wout_nfp4_QH_015_000003.nc'
[Errno 2] No such file or directory: b'/m100/home/userexternal/rjorge00/some_optimizations/GX_SIMSOPT/output_MAXITER150_least_squares_nfp4_QH/gxRun_wout_nfp4_QH_027_000002.nc'
[Errno 2] No such file or directory: b'/m100/home/userexternal/rjorge00/some_optimizations/GX_SIMSOPT/output_MAXITER150_least_squares_nfp4_QH/gxRun_wout_nfp4_QH_016_000003.nc'
[Errno 2] No such file or directory: b'/m100/home/userexternal/rjorge00/some_optimizations/GX_SIMSOPT/output_MAXITER150_least_squares_nfp4_QH/gxRun_wout_nfp4_QH_017_000002.nc'
[Errno 2] No such file or directory: b'/m100/home/userexternal/rjorge00/some_optimizations/GX_SIMSOPT/output_MAXITER150_least_squares_nfp4_QH/gxRun_wout_nfp4_QH_004_000003.nc'
[Errno 2] No such file or directory: b'/m100/home/userexternal/rjorge00/some_optimizations/GX_SIMSOPT/output_MAXITER150_least_squares_nfp4_QH/gxRun_wout_nfp4_QH_021_000002.nc'
13:34:35 - Growth rate = 100.000000, qflux = 100.000000, quasisymmetry = 21.259981 with aspect ratio=8.609491 took 1.803785s
13:34:35 - Growth rate = 100.000000, qflux = 100.000000, quasisymmetry = 21.259095 with aspect ratio=8.609474 took 1.754627s
[Errno 2] No such file or directory: b'/m100/home/userexternal/rjorge00/some_optimizations/GX_SIMSOPT/output_MAXITER150_least_squares_nfp4_QH/gxRun_wout_nfp4_QH_023_000002.nc'
13:34:35 - Growth rate = 100.000000, qflux = 100.000000, quasisymmetry = 21.260257 with aspect ratio=8.609489 took 1.716304s
13:34:35 - Growth rate = 100.000000, qflux = 100.000000, quasisymmetry = 21.260700 with aspect ratio=8.609482 took 1.775962s
13:34:35 - Growth rate = 100.000000, qflux = 100.000000, quasisymmetry = 21.261686 with aspect ratio=8.609656 took 1.818671s
13:34:35 - Growth rate = 100.000000, qflux = 100.000000, quasisymmetry = 21.260458 with aspect ratio=8.609475 took 1.804327s
13:34:35 - Growth rate = 100.000000, qflux = 100.000000, quasisymmetry = 21.257434 with aspect ratio=8.609482 took 1.906905s
[Errno 2] No such file or directory: b'/m100/home/userexternal/rjorge00/some_optimizations/GX_SIMSOPT/output_MAXITER150_least_squares_nfp4_QH/gxRun_wout_nfp4_QH_020_000002.nc'
13:34:35 - Growth rate = 100.000000, qflux = 100.000000, quasisymmetry = 21.259747 with aspect ratio=8.609465 took 1.929583s
13:34:35 - Growth rate = 100.000000, qflux = 100.000000, quasisymmetry = 21.259087 with aspect ratio=8.609482 took 1.779783s
13:34:35 - Growth rate = 100.000000, qflux = 100.000000, quasisymmetry = 21.259445 with aspect ratio=8.609482 took 1.888880s
[Errno 2] No such file or directory: b'/m100/home/userexternal/rjorge00/some_optimizations/GX_SIMSOPT/output_MAXITER150_least_squares_nfp4_QH/gxRun_wout_nfp4_QH_010_000003.nc'
13:34:35 - Growth rate = 100.000000, qflux = 100.000000, quasisymmetry = 21.260018 with aspect ratio=8.609481 took 1.848011s
13:34:35 - Growth rate = 100.000000, qflux = 100.000000, quasisymmetry = 21.259377 with aspect ratio=8.609482 took 1.818529s
13:34:35 - Growth rate = 100.000000, qflux = 100.000000, quasisymmetry = 21.260637 with aspect ratio=8.609489 took 1.776660s
[Errno 2] No such file or directory: b'/m100/home/userexternal/rjorge00/some_optimizations/GX_SIMSOPT/output_MAXITER150_least_squares_nfp4_QH/gxRun_wout_nfp4_QH_012_000003.nc'
[Errno 2] No such file or directory: b'/m100/home/userexternal/rjorge00/some_optimizations/GX_SIMSOPT/output_MAXITER150_least_squares_nfp4_QH/gxRun_wout_nfp4_QH_031_000002.nc'
13:34:35 - Growth rate = 100.000000, qflux = 100.000000, quasisymmetry = 21.258309 with aspect ratio=8.609442 took 1.896841s
13:34:35 - Growth rate = 100.000000, qflux = 100.000000, quasisymmetry = 21.260163 with aspect ratio=8.609482 took 1.926897s
13:34:35 - Growth rate = 100.000000, qflux = 100.000000, quasisymmetry = 21.260201 with aspect ratio=8.609482 took 1.920413s
13:34:35 - Growth rate = 100.000000, qflux = 100.000000, quasisymmetry = 21.260017 with aspect ratio=8.609487 took 1.887102s
13:34:35 - Growth rate = 100.000000, qflux = 100.000000, quasisymmetry = 21.259032 with aspect ratio=8.609482 took 1.965784s
13:34:35 - Growth rate = 100.000000, qflux = 100.000000, quasisymmetry = 21.257971 with aspect ratio=8.609484 took 1.914737s
13:34:35 - Growth rate = 100.000000, qflux = 100.000000, quasisymmetry = 21.260360 with aspect ratio=8.609486 took 1.832666s
13:34:35 - Growth rate = 100.000000, qflux = 100.000000, quasisymmetry = 21.258548 with aspect ratio=8.609484 took 1.973947s
[Errno 2] No such file or directory: b'/m100/home/userexternal/rjorge00/some_optimizations/GX_SIMSOPT/output_MAXITER150_least_squares_nfp4_QH/gxRun_wout_nfp4_QH_024_000002.nc'
[Errno 2] No such file or directory: b'/m100/home/userexternal/rjorge00/some_optimizations/GX_SIMSOPT/output_MAXITER150_least_squares_nfp4_QH/gxRun_wout_nfp4_QH_018_000002.nc'
[Errno 2] No such file or directory: b'/m100/home/userexternal/rjorge00/some_optimizations/GX_SIMSOPT/output_MAXITER150_least_squares_nfp4_QH/gxRun_wout_nfp4_QH_005_000003.nc'
13:34:35 - Growth rate = 100.000000, qflux = 100.000000, quasisymmetry = 21.259604 with aspect ratio=8.609482 took 1.957730s
13:34:35 - Growth rate = 100.000000, qflux = 100.000000, quasisymmetry = 21.259970 with aspect ratio=8.609480 took 2.012991s
[Errno 2] No such file or directory: b'/m100/home/userexternal/rjorge00/some_optimizations/GX_SIMSOPT/output_MAXITER150_least_squares_nfp4_QH/gxRun_wout_nfp4_QH_003_000003.nc'
[Errno 2] No such file or directory: b'/m100/home/userexternal/rjorge00/some_optimizations/GX_SIMSOPT/output_MAXITER150_least_squares_nfp4_QH/gxRun_wout_nfp4_QH_022_000002.nc'
13:34:35 - Growth rate = 100.000000, qflux = 100.000000, quasisymmetry = 21.258320 with aspect ratio=8.609482 took 2.201194s
13:34:35 - Growth rate = 100.000000, qflux = 100.000000, quasisymmetry = 21.255267 with aspect ratio=8.608905 took 2.274515s
13:34:35 - Growth rate = 100.000000, qflux = 100.000000, quasisymmetry = 21.260140 with aspect ratio=8.609487 took 2.428729s
13:34:35 - Growth rate = 100.000000, qflux = 100.000000, quasisymmetry = 21.260700 with aspect ratio=8.609485 took 2.408499s
13:34:35 - Growth rate = 100.000000, qflux = 100.000000, quasisymmetry = 21.260022 with aspect ratio=8.609486 took 2.395059s
13:34:35 - Growth rate = 100.000000, qflux = 100.000000, quasisymmetry = 21.259556 with aspect ratio=8.609472 took 2.391970s
13:34:35 - Growth rate = 100.000000, qflux = 100.000000, quasisymmetry = 21.259210 with aspect ratio=8.609482 took 2.548096s
13:34:35 - Growth rate = 100.000000, qflux = 100.000000, quasisymmetry = 21.260510 with aspect ratio=8.609482 took 2.477437s
On rank 2 and CUDA_VISIBLE_DEVICES=2
On rank 7 and CUDA_VISIBLE_DEVICES=3
On rank 8 and CUDA_VISIBLE_DEVICES=0
On rank 1 and CUDA_VISIBLE_DEVICES=1
On rank 13 and CUDA_VISIBLE_DEVICES=1
[Errno 2] No such file or directory: b'/m100/home/userexternal/rjorge00/some_optimizations/GX_SIMSOPT/output_MAXITER150_least_squares_nfp4_QH/gxRun_wout_nfp4_QH_002_000004.nc'
On rank 9 and CUDA_VISIBLE_DEVICES=1
On rank 6 and CUDA_VISIBLE_DEVICES=2
On rank 11 and CUDA_VISIBLE_DEVICES=3
On rank 14 and CUDA_VISIBLE_DEVICES=2
On rank 15 and CUDA_VISIBLE_DEVICES=3
On rank 4 and CUDA_VISIBLE_DEVICES=0
On rank 10 and CUDA_VISIBLE_DEVICES=2
On rank 12 and CUDA_VISIBLE_DEVICES=0
13:34:47 - Growth rate = 100.000000, qflux = 100.000000, quasisymmetry = 21.259285 with aspect ratio=8.609483 took 1.754860s
[Errno 2] No such file or directory: b'/m100/home/userexternal/rjorge00/some_optimizations/GX_SIMSOPT/output_MAXITER150_least_squares_nfp4_QH/gxRun_wout_nfp4_QH_007_000004.nc'
On rank 5 and CUDA_VISIBLE_DEVICES=1
On rank 3 and CUDA_VISIBLE_DEVICES=3
On rank 16 and CUDA_VISIBLE_DEVICES=0
[Errno 2] No such file or directory: b'/m100/home/userexternal/rjorge00/some_optimizations/GX_SIMSOPT/output_MAXITER150_least_squares_nfp4_QH/gxRun_wout_nfp4_QH_008_000004.nc'
[Errno 2] No such file or directory: b'/m100/home/userexternal/rjorge00/some_optimizations/GX_SIMSOPT/output_MAXITER150_least_squares_nfp4_QH/gxRun_wout_nfp4_QH_001_000004.nc'
13:34:47 - Growth rate = 100.000000, qflux = 100.000000, quasisymmetry = 21.260608 with aspect ratio=8.609485 took 1.695283s
[Errno 2] No such file or directory: b'/m100/home/userexternal/rjorge00/some_optimizations/GX_SIMSOPT/output_MAXITER150_least_squares_nfp4_QH/gxRun_wout_nfp4_QH_013_000004.nc'
13:34:48 - Growth rate = 100.000000, qflux = 100.000000, quasisymmetry = 21.260346 with aspect ratio=8.609483 took 1.560245s
[Errno 2] No such file or directory: b'/m100/home/userexternal/rjorge00/some_optimizations/GX_SIMSOPT/output_MAXITER150_least_squares_nfp4_QH/gxRun_wout_nfp4_QH_006_000004.nc'
[Errno 2] No such file or directory: b'/m100/home/userexternal/rjorge00/some_optimizations/GX_SIMSOPT/output_MAXITER150_least_squares_nfp4_QH/gxRun_wout_nfp4_QH_014_000004.nc'
13:34:48 - Growth rate = 100.000000, qflux = 100.000000, quasisymmetry = 21.261870 with aspect ratio=8.609483 took 1.614082s
[Errno 2] No such file or directory: b'/m100/home/userexternal/rjorge00/some_optimizations/GX_SIMSOPT/output_MAXITER150_least_squares_nfp4_QH/gxRun_wout_nfp4_QH_011_000004.nc'
[Errno 2] No such file or directory: b'/m100/home/userexternal/rjorge00/some_optimizations/GX_SIMSOPT/output_MAXITER150_least_squares_nfp4_QH/gxRun_wout_nfp4_QH_004_000004.nc'
[Errno 2] No such file or directory: b'/m100/home/userexternal/rjorge00/some_optimizations/GX_SIMSOPT/output_MAXITER150_least_squares_nfp4_QH/gxRun_wout_nfp4_QH_015_000004.nc'
[Errno 2] No such file or directory: b'/m100/home/userexternal/rjorge00/some_optimizations/GX_SIMSOPT/output_MAXITER150_least_squares_nfp4_QH/gxRun_wout_nfp4_QH_009_000004.nc'
13:34:48 - Growth rate = 100.000000, qflux = 100.000000, quasisymmetry = 21.259935 with aspect ratio=8.609485 took 1.641285s
13:34:48 - Growth rate = 100.000000, qflux = 100.000000, quasisymmetry = 21.259797 with aspect ratio=8.609481 took 1.734258s
13:34:48 - Growth rate = 100.000000, qflux = 100.000000, quasisymmetry = 21.260196 with aspect ratio=8.609481 took 1.715614s
13:34:48 - Growth rate = 100.000000, qflux = 100.000000, quasisymmetry = 21.259747 with aspect ratio=8.609485 took 1.675372s
13:34:48 - Growth rate = 100.000000, qflux = 100.000000, quasisymmetry = 21.259759 with aspect ratio=8.609481 took 1.855904s
13:34:48 - Growth rate = 100.000000, qflux = 100.000000, quasisymmetry = 21.258274 with aspect ratio=8.609485 took 1.887187s
13:34:48 - Growth rate = 100.000000, qflux = 100.000000, quasisymmetry = 21.259496 with aspect ratio=8.609486 took 1.787899s
[Errno 2] No such file or directory: b'/m100/home/userexternal/rjorge00/some_optimizations/GX_SIMSOPT/output_MAXITER150_least_squares_nfp4_QH/gxRun_wout_nfp4_QH_010_000004.nc'
[Errno 2] No such file or directory: b'/m100/home/userexternal/rjorge00/some_optimizations/GX_SIMSOPT/output_MAXITER150_least_squares_nfp4_QH/gxRun_wout_nfp4_QH_012_000004.nc'
[Errno 2] No such file or directory: b'/m100/home/userexternal/rjorge00/some_optimizations/GX_SIMSOPT/output_MAXITER150_least_squares_nfp4_QH/gxRun_wout_nfp4_QH_003_000004.nc'
[Errno 2] No such file or directory: b'/m100/home/userexternal/rjorge00/some_optimizations/GX_SIMSOPT/output_MAXITER150_least_squares_nfp4_QH/gxRun_wout_nfp4_QH_005_000004.nc'
[Errno 2] No such file or directory: b'/m100/home/userexternal/rjorge00/some_optimizations/GX_SIMSOPT/output_MAXITER150_least_squares_nfp4_QH/gxRun_wout_nfp4_QH_016_000004.nc'
13:34:49 - Growth rate = 100.000000, qflux = 100.000000, quasisymmetry = 21.260091 with aspect ratio=8.609485 took 1.774211s
13:34:49 - Growth rate = 100.000000, qflux = 100.000000, quasisymmetry = 21.259771 with aspect ratio=8.609482 took 2.023413s
13:34:49 - Growth rate = 100.000000, qflux = 100.000000, quasisymmetry = 21.260042 with aspect ratio=8.609481 took 1.957851s
13:34:49 - Growth rate = 100.000000, qflux = 100.000000, quasisymmetry = 21.260244 with aspect ratio=8.609455 took 1.849303s
13:34:49 - Growth rate = 100.000000, qflux = 100.000000, quasisymmetry = 21.258621 with aspect ratio=8.609477 took 1.826112s
       1              4         5.0000e+05      3.75e+05       2.04e-02       2.82e+00    
On rank 0 and CUDA_VISIBLE_DEVICES=0
[Errno 2] No such file or directory: b'/m100/home/userexternal/rjorge00/some_optimizations/GX_SIMSOPT/output_MAXITER150_least_squares_nfp4_QH/gxRun_wout_nfp4_QH_000_000010.nc'
13:35:02 - Growth rate = 100.000000, qflux = 100.000000, quasisymmetry = 18.669941 with aspect ratio=8.260443 took 1.828464s
On rank 0 and CUDA_VISIBLE_DEVICES=0
[Errno 2] No such file or directory: b'/m100/home/userexternal/rjorge00/some_optimizations/GX_SIMSOPT/output_MAXITER150_least_squares_nfp4_QH/gxRun_wout_nfp4_QH_000_000011.nc'
13:35:15 - Growth rate = 100.000000, qflux = 100.000000, quasisymmetry = 18.669941 with aspect ratio=8.260443 took 1.784274s
On rank 30 and CUDA_VISIBLE_DEVICES=2
On rank 31 and CUDA_VISIBLE_DEVICES=3
On rank 11 and CUDA_VISIBLE_DEVICES=3
On rank 10 and CUDA_VISIBLE_DEVICES=2
On rank 15 and CUDA_VISIBLE_DEVICES=3
On rank 8 and CUDA_VISIBLE_DEVICES=0
On rank 9 and CUDA_VISIBLE_DEVICES=1
On rank 28 and CUDA_VISIBLE_DEVICES=0
On rank 29 and CUDA_VISIBLE_DEVICES=1
On rank 5 and CUDA_VISIBLE_DEVICES=1
On rank 4 and CUDA_VISIBLE_DEVICES=0
On rank 12 and CUDA_VISIBLE_DEVICES=0
On rank 0 and CUDA_VISIBLE_DEVICES=0
On rank 1 and CUDA_VISIBLE_DEVICES=1
On rank 13 and CUDA_VISIBLE_DEVICES=1
On rank 14 and CUDA_VISIBLE_DEVICES=2
On rank 7 and CUDA_VISIBLE_DEVICES=3
On rank 6 and CUDA_VISIBLE_DEVICES=2
On rank 19 and CUDA_VISIBLE_DEVICES=3
On rank 18 and CUDA_VISIBLE_DEVICES=2
On rank 16 and CUDA_VISIBLE_DEVICES=0
On rank 3 and CUDA_VISIBLE_DEVICES=3
On rank 17 and CUDA_VISIBLE_DEVICES=1
On rank 2 and CUDA_VISIBLE_DEVICES=2
On rank 25 and CUDA_VISIBLE_DEVICES=1
On rank 27 and CUDA_VISIBLE_DEVICES=3
On rank 22 and CUDA_VISIBLE_DEVICES=2
On rank 21 and CUDA_VISIBLE_DEVICES=1
On rank 20 and CUDA_VISIBLE_DEVICES=0
On rank 23 and CUDA_VISIBLE_DEVICES=3
On rank 26 and CUDA_VISIBLE_DEVICES=2
On rank 24 and CUDA_VISIBLE_DEVICES=0
[Errno 2] No such file or directory: b'/m100/home/userexternal/rjorge00/some_optimizations/GX_SIMSOPT/output_MAXITER150_least_squares_nfp4_QH/gxRun_wout_nfp4_QH_030_000003.nc'
[Errno 2] No such file or directory: b'/m100/home/userexternal/rjorge00/some_optimizations/GX_SIMSOPT/output_MAXITER150_least_squares_nfp4_QH/gxRun_wout_nfp4_QH_015_000005.nc'
[Errno 2] No such file or directory: b'/m100/home/userexternal/rjorge00/some_optimizations/GX_SIMSOPT/output_MAXITER150_least_squares_nfp4_QH/gxRun_wout_nfp4_QH_005_000005.nc'
[Errno 2] No such file or directory: b'/m100/home/userexternal/rjorge00/some_optimizations/GX_SIMSOPT/output_MAXITER150_least_squares_nfp4_QH/gxRun_wout_nfp4_QH_028_000003.nc'
[Errno 2] No such file or directory: b'/m100/home/userexternal/rjorge00/some_optimizations/GX_SIMSOPT/output_MAXITER150_least_squares_nfp4_QH/gxRun_wout_nfp4_QH_029_000003.nc'
[Errno 2] No such file or directory: b'/m100/home/userexternal/rjorge00/some_optimizations/GX_SIMSOPT/output_MAXITER150_least_squares_nfp4_QH/gxRun_wout_nfp4_QH_008_000005.nc'
[Errno 2] No such file or directory: b'/m100/home/userexternal/rjorge00/some_optimizations/GX_SIMSOPT/output_MAXITER150_least_squares_nfp4_QH/gxRun_wout_nfp4_QH_012_000005.nc'
[Errno 2] No such file or directory: b'/m100/home/userexternal/rjorge00/some_optimizations/GX_SIMSOPT/output_MAXITER150_least_squares_nfp4_QH/gxRun_wout_nfp4_QH_009_000005.nc'
[Errno 2] No such file or directory: b'/m100/home/userexternal/rjorge00/some_optimizations/GX_SIMSOPT/output_MAXITER150_least_squares_nfp4_QH/gxRun_wout_nfp4_QH_013_000005.nc'
[Errno 2] No such file or directory: b'/m100/home/userexternal/rjorge00/some_optimizations/GX_SIMSOPT/output_MAXITER150_least_squares_nfp4_QH/gxRun_wout_nfp4_QH_007_000005.nc'
[Errno 2] No such file or directory: b'/m100/home/userexternal/rjorge00/some_optimizations/GX_SIMSOPT/output_MAXITER150_least_squares_nfp4_QH/gxRun_wout_nfp4_QH_010_000005.nc'
[Errno 2] No such file or directory: b'/m100/home/userexternal/rjorge00/some_optimizations/GX_SIMSOPT/output_MAXITER150_least_squares_nfp4_QH/gxRun_wout_nfp4_QH_000_000012.nc'
[Errno 2] No such file or directory: b'/m100/home/userexternal/rjorge00/some_optimizations/GX_SIMSOPT/output_MAXITER150_least_squares_nfp4_QH/gxRun_wout_nfp4_QH_022_000003.nc'
13:35:28 - Growth rate = 100.000000, qflux = 100.000000, quasisymmetry = 18.672973 with aspect ratio=8.260590 took 1.675083s
[Errno 2] No such file or directory: b'/m100/home/userexternal/rjorge00/some_optimizations/GX_SIMSOPT/output_MAXITER150_least_squares_nfp4_QH/gxRun_wout_nfp4_QH_001_000005.nc'
[Errno 2] No such file or directory: b'/m100/home/userexternal/rjorge00/some_optimizations/GX_SIMSOPT/output_MAXITER150_least_squares_nfp4_QH/gxRun_wout_nfp4_QH_006_000005.nc'
[Errno 2] No such file or directory: b'/m100/home/userexternal/rjorge00/some_optimizations/GX_SIMSOPT/output_MAXITER150_least_squares_nfp4_QH/gxRun_wout_nfp4_QH_025_000003.nc'
[Errno 2] No such file or directory: b'/m100/home/userexternal/rjorge00/some_optimizations/GX_SIMSOPT/output_MAXITER150_least_squares_nfp4_QH/gxRun_wout_nfp4_QH_016_000005.nc'
[Errno 2] No such file or directory: b'/m100/home/userexternal/rjorge00/some_optimizations/GX_SIMSOPT/output_MAXITER150_least_squares_nfp4_QH/gxRun_wout_nfp4_QH_002_000005.nc'
[Errno 2] No such file or directory: b'/m100/home/userexternal/rjorge00/some_optimizations/GX_SIMSOPT/output_MAXITER150_least_squares_nfp4_QH/gxRun_wout_nfp4_QH_018_000003.nc'
13:35:28 - Growth rate = 100.000000, qflux = 100.000000, quasisymmetry = 18.669307 with aspect ratio=8.260447 took 1.699020s
[Errno 2] No such file or directory: b'/m100/home/userexternal/rjorge00/some_optimizations/GX_SIMSOPT/output_MAXITER150_least_squares_nfp4_QH/gxRun_wout_nfp4_QH_023_000003.nc'
[Errno 2] No such file or directory: b'/m100/home/userexternal/rjorge00/some_optimizations/GX_SIMSOPT/output_MAXITER150_least_squares_nfp4_QH/gxRun_wout_nfp4_QH_017_000003.nc'
13:35:28 - Growth rate = 100.000000, qflux = 100.000000, quasisymmetry = 18.670413 with aspect ratio=8.260434 took 1.725801s
[Errno 2] No such file or directory: b'/m100/home/userexternal/rjorge00/some_optimizations/GX_SIMSOPT/output_MAXITER150_least_squares_nfp4_QH/gxRun_wout_nfp4_QH_027_000003.nc'
[Errno 2] No such file or directory: b'/m100/home/userexternal/rjorge00/some_optimizations/GX_SIMSOPT/output_MAXITER150_least_squares_nfp4_QH/gxRun_wout_nfp4_QH_020_000003.nc'
13:35:28 - Growth rate = 100.000000, qflux = 100.000000, quasisymmetry = 18.669316 with aspect ratio=8.260450 took 1.854236s
[Errno 2] No such file or directory: b'/m100/home/userexternal/rjorge00/some_optimizations/GX_SIMSOPT/output_MAXITER150_least_squares_nfp4_QH/gxRun_wout_nfp4_QH_026_000003.nc'
13:35:28 - Growth rate = 100.000000, qflux = 100.000000, quasisymmetry = 18.667612 with aspect ratio=8.260443 took 1.865885s
[Errno 2] No such file or directory: b'/m100/home/userexternal/rjorge00/some_optimizations/GX_SIMSOPT/output_MAXITER150_least_squares_nfp4_QH/gxRun_wout_nfp4_QH_031_000003.nc'
13:35:28 - Growth rate = 100.000000, qflux = 100.000000, quasisymmetry = 18.668875 with aspect ratio=8.260443 took 1.890085s
13:35:28 - Growth rate = 100.000000, qflux = 100.000000, quasisymmetry = 18.666812 with aspect ratio=8.260435 took 1.900991s
[Errno 2] No such file or directory: b'/m100/home/userexternal/rjorge00/some_optimizations/GX_SIMSOPT/output_MAXITER150_least_squares_nfp4_QH/gxRun_wout_nfp4_QH_014_000005.nc'
[Errno 2] No such file or directory: b'/m100/home/userexternal/rjorge00/some_optimizations/GX_SIMSOPT/output_MAXITER150_least_squares_nfp4_QH/gxRun_wout_nfp4_QH_004_000005.nc'
13:35:28 - Growth rate = 100.000000, qflux = 100.000000, quasisymmetry = 18.669994 with aspect ratio=8.260447 took 1.869425s
13:35:28 - Growth rate = 100.000000, qflux = 100.000000, quasisymmetry = 18.669327 with aspect ratio=8.260437 took 1.890639s
13:35:28 - Growth rate = 100.000000, qflux = 100.000000, quasisymmetry = 18.669726 with aspect ratio=8.260425 took 1.908128s
13:35:28 - Growth rate = 100.000000, qflux = 100.000000, quasisymmetry = 18.670292 with aspect ratio=8.260442 took 1.774034s
13:35:28 - Growth rate = 100.000000, qflux = 100.000000, quasisymmetry = 18.667385 with aspect ratio=8.260443 took 1.996851s
13:35:28 - Growth rate = 100.000000, qflux = 100.000000, quasisymmetry = 18.668540 with aspect ratio=8.260443 took 1.877695s
13:35:28 - Growth rate = 100.000000, qflux = 100.000000, quasisymmetry = 18.646309 with aspect ratio=8.260018 took 1.857435s
13:35:28 - Growth rate = 100.000000, qflux = 100.000000, quasisymmetry = 18.669433 with aspect ratio=8.260443 took 1.886585s
13:35:28 - Growth rate = 100.000000, qflux = 100.000000, quasisymmetry = 18.669233 with aspect ratio=8.260443 took 1.831729s
13:35:28 - Growth rate = 100.000000, qflux = 100.000000, quasisymmetry = 18.662953 with aspect ratio=8.260417 took 1.897930s
13:35:28 - Growth rate = 100.000000, qflux = 100.000000, quasisymmetry = 18.670085 with aspect ratio=8.260448 took 1.940106s
[Errno 2] No such file or directory: b'/m100/home/userexternal/rjorge00/some_optimizations/GX_SIMSOPT/output_MAXITER150_least_squares_nfp4_QH/gxRun_wout_nfp4_QH_011_000005.nc'
13:35:28 - Growth rate = 100.000000, qflux = 100.000000, quasisymmetry = 18.668847 with aspect ratio=8.260446 took 1.981780s
13:35:28 - Growth rate = 100.000000, qflux = 100.000000, quasisymmetry = 18.668033 with aspect ratio=8.260441 took 1.908853s
13:35:28 - Growth rate = 100.000000, qflux = 100.000000, quasisymmetry = 18.670121 with aspect ratio=8.260443 took 1.940590s
13:35:28 - Growth rate = 100.000000, qflux = 100.000000, quasisymmetry = 18.667619 with aspect ratio=8.260442 took 1.921395s
13:35:28 - Growth rate = 100.000000, qflux = 100.000000, quasisymmetry = 18.668420 with aspect ratio=8.260444 took 2.040334s
[Errno 2] No such file or directory: b'/m100/home/userexternal/rjorge00/some_optimizations/GX_SIMSOPT/output_MAXITER150_least_squares_nfp4_QH/gxRun_wout_nfp4_QH_019_000003.nc'
[Errno 2] No such file or directory: b'/m100/home/userexternal/rjorge00/some_optimizations/GX_SIMSOPT/output_MAXITER150_least_squares_nfp4_QH/gxRun_wout_nfp4_QH_003_000005.nc'
[Errno 2] No such file or directory: b'/m100/home/userexternal/rjorge00/some_optimizations/GX_SIMSOPT/output_MAXITER150_least_squares_nfp4_QH/gxRun_wout_nfp4_QH_021_000003.nc'
13:35:28 - Growth rate = 100.000000, qflux = 100.000000, quasisymmetry = 18.670556 with aspect ratio=8.260443 took 2.047183s
[Errno 2] No such file or directory: b'/m100/home/userexternal/rjorge00/some_optimizations/GX_SIMSOPT/output_MAXITER150_least_squares_nfp4_QH/gxRun_wout_nfp4_QH_024_000003.nc'
13:35:28 - Growth rate = 100.000000, qflux = 100.000000, quasisymmetry = 18.660409 with aspect ratio=8.259911 took 2.330970s
13:35:28 - Growth rate = 100.000000, qflux = 100.000000, quasisymmetry = 18.666783 with aspect ratio=8.260443 took 2.243988s
13:35:28 - Growth rate = 100.000000, qflux = 100.000000, quasisymmetry = 18.667698 with aspect ratio=8.260444 took 2.287952s
13:35:28 - Growth rate = 100.000000, qflux = 100.000000, quasisymmetry = 18.668184 with aspect ratio=8.260442 took 2.480204s
13:35:29 - Growth rate = 100.000000, qflux = 100.000000, quasisymmetry = 18.669469 with aspect ratio=8.260448 took 2.465228s
13:35:29 - Growth rate = 100.000000, qflux = 100.000000, quasisymmetry = 18.669156 with aspect ratio=8.260442 took 2.478746s
13:35:29 - Growth rate = 100.000000, qflux = 100.000000, quasisymmetry = 18.669113 with aspect ratio=8.260447 took 2.423454s
13:35:29 - Growth rate = 100.000000, qflux = 100.000000, quasisymmetry = 18.669459 with aspect ratio=8.260445 took 2.481744s
On rank 2 and CUDA_VISIBLE_DEVICES=2
On rank 15 and CUDA_VISIBLE_DEVICES=3
On rank 5 and CUDA_VISIBLE_DEVICES=1
On rank 1 and CUDA_VISIBLE_DEVICES=1
On rank 8 and CUDA_VISIBLE_DEVICES=0
On rank 9 and CUDA_VISIBLE_DEVICES=1
On rank 12 and CUDA_VISIBLE_DEVICES=0
On rank 10 and CUDA_VISIBLE_DEVICES=2
On rank 7 and CUDA_VISIBLE_DEVICES=3
On rank 13 and CUDA_VISIBLE_DEVICES=1
On rank 6 and CUDA_VISIBLE_DEVICES=2
[Errno 2] No such file or directory: b'/m100/home/userexternal/rjorge00/some_optimizations/GX_SIMSOPT/output_MAXITER150_least_squares_nfp4_QH/gxRun_wout_nfp4_QH_002_000006.nc'
On rank 3 and CUDA_VISIBLE_DEVICES=3
On rank 4 and CUDA_VISIBLE_DEVICES=0
On rank 14 and CUDA_VISIBLE_DEVICES=2
On rank 11 and CUDA_VISIBLE_DEVICES=3
On rank 16 and CUDA_VISIBLE_DEVICES=0
13:35:39 - Growth rate = 100.000000, qflux = 100.000000, quasisymmetry = 18.669281 with aspect ratio=8.260443 took 1.803525s
[Errno 2] No such file or directory: b'/m100/home/userexternal/rjorge00/some_optimizations/GX_SIMSOPT/output_MAXITER150_least_squares_nfp4_QH/gxRun_wout_nfp4_QH_015_000006.nc'
[Errno 2] No such file or directory: b'/m100/home/userexternal/rjorge00/some_optimizations/GX_SIMSOPT/output_MAXITER150_least_squares_nfp4_QH/gxRun_wout_nfp4_QH_005_000006.nc'
[Errno 2] No such file or directory: b'/m100/home/userexternal/rjorge00/some_optimizations/GX_SIMSOPT/output_MAXITER150_least_squares_nfp4_QH/gxRun_wout_nfp4_QH_001_000006.nc'
[Errno 2] No such file or directory: b'/m100/home/userexternal/rjorge00/some_optimizations/GX_SIMSOPT/output_MAXITER150_least_squares_nfp4_QH/gxRun_wout_nfp4_QH_012_000006.nc'
13:35:40 - Growth rate = 100.000000, qflux = 100.000000, quasisymmetry = 18.668870 with aspect ratio=8.260446 took 1.634410s
[Errno 2] No such file or directory: b'/m100/home/userexternal/rjorge00/some_optimizations/GX_SIMSOPT/output_MAXITER150_least_squares_nfp4_QH/gxRun_wout_nfp4_QH_009_000006.nc'
[Errno 2] No such file or directory: b'/m100/home/userexternal/rjorge00/some_optimizations/GX_SIMSOPT/output_MAXITER150_least_squares_nfp4_QH/gxRun_wout_nfp4_QH_007_000006.nc'
13:35:40 - Growth rate = 100.000000, qflux = 100.000000, quasisymmetry = 18.668317 with aspect ratio=8.260416 took 1.597069s
[Errno 2] No such file or directory: b'/m100/home/userexternal/rjorge00/some_optimizations/GX_SIMSOPT/output_MAXITER150_least_squares_nfp4_QH/gxRun_wout_nfp4_QH_013_000006.nc'
[Errno 2] No such file or directory: b'/m100/home/userexternal/rjorge00/some_optimizations/GX_SIMSOPT/output_MAXITER150_least_squares_nfp4_QH/gxRun_wout_nfp4_QH_006_000006.nc'
[Errno 2] No such file or directory: b'/m100/home/userexternal/rjorge00/some_optimizations/GX_SIMSOPT/output_MAXITER150_least_squares_nfp4_QH/gxRun_wout_nfp4_QH_008_000006.nc'
[Errno 2] No such file or directory: b'/m100/home/userexternal/rjorge00/some_optimizations/GX_SIMSOPT/output_MAXITER150_least_squares_nfp4_QH/gxRun_wout_nfp4_QH_010_000006.nc'
13:35:40 - Growth rate = 100.000000, qflux = 100.000000, quasisymmetry = 18.670379 with aspect ratio=8.260443 took 1.655164s
13:35:40 - Growth rate = 100.000000, qflux = 100.000000, quasisymmetry = 18.669588 with aspect ratio=8.260441 took 1.675313s
13:35:40 - Growth rate = 100.000000, qflux = 100.000000, quasisymmetry = 18.667315 with aspect ratio=8.260445 took 1.794974s
13:35:40 - Growth rate = 100.000000, qflux = 100.000000, quasisymmetry = 18.668682 with aspect ratio=8.260446 took 1.749577s
[Errno 2] No such file or directory: b'/m100/home/userexternal/rjorge00/some_optimizations/GX_SIMSOPT/output_MAXITER150_least_squares_nfp4_QH/gxRun_wout_nfp4_QH_003_000006.nc'
13:35:41 - Growth rate = 100.000000, qflux = 100.000000, quasisymmetry = 18.669082 with aspect ratio=8.260446 took 1.676451s
[Errno 2] No such file or directory: b'/m100/home/userexternal/rjorge00/some_optimizations/GX_SIMSOPT/output_MAXITER150_least_squares_nfp4_QH/gxRun_wout_nfp4_QH_016_000006.nc'
13:35:41 - Growth rate = 100.000000, qflux = 100.000000, quasisymmetry = 18.670181 with aspect ratio=8.260444 took 1.859461s
13:35:41 - Growth rate = 100.000000, qflux = 100.000000, quasisymmetry = 18.669795 with aspect ratio=8.260441 took 1.750268s
[Errno 2] No such file or directory: b'/m100/home/userexternal/rjorge00/some_optimizations/GX_SIMSOPT/output_MAXITER150_least_squares_nfp4_QH/gxRun_wout_nfp4_QH_004_000006.nc'
[Errno 2] No such file or directory: b'/m100/home/userexternal/rjorge00/some_optimizations/GX_SIMSOPT/output_MAXITER150_least_squares_nfp4_QH/gxRun_wout_nfp4_QH_014_000006.nc'
13:35:41 - Growth rate = 100.000000, qflux = 100.000000, quasisymmetry = 18.669084 with aspect ratio=8.260442 took 1.871662s
[Errno 2] No such file or directory: b'/m100/home/userexternal/rjorge00/some_optimizations/GX_SIMSOPT/output_MAXITER150_least_squares_nfp4_QH/gxRun_wout_nfp4_QH_011_000006.nc'
13:35:41 - Growth rate = 100.000000, qflux = 100.000000, quasisymmetry = 18.669005 with aspect ratio=8.260445 took 1.847269s
13:35:41 - Growth rate = 100.000000, qflux = 100.000000, quasisymmetry = 18.668955 with aspect ratio=8.260438 took 1.749559s
13:35:41 - Growth rate = 100.000000, qflux = 100.000000, quasisymmetry = 18.669680 with aspect ratio=8.260445 took 1.918693s
13:35:41 - Growth rate = 100.000000, qflux = 100.000000, quasisymmetry = 18.670142 with aspect ratio=8.260441 took 1.930058s
13:35:41 - Growth rate = 100.000000, qflux = 100.000000, quasisymmetry = 18.668798 with aspect ratio=8.260442 took 1.955453s
       2              5         5.0000e+05      1.52e-02       5.10e-03       1.08e+00    
On rank 0 and CUDA_VISIBLE_DEVICES=0
[Errno 2] No such file or directory: b'/m100/home/userexternal/rjorge00/some_optimizations/GX_SIMSOPT/output_MAXITER150_least_squares_nfp4_QH/gxRun_wout_nfp4_QH_000_000013.nc'
13:35:53 - Growth rate = 100.000000, qflux = 100.000000, quasisymmetry = 15.772196 with aspect ratio=7.658155 took 1.817919s
On rank 0 and CUDA_VISIBLE_DEVICES=0
[Errno 2] No such file or directory: b'/m100/home/userexternal/rjorge00/some_optimizations/GX_SIMSOPT/output_MAXITER150_least_squares_nfp4_QH/gxRun_wout_nfp4_QH_000_000014.nc'
13:36:06 - Growth rate = 100.000000, qflux = 100.000000, quasisymmetry = 17.740539 with aspect ratio=8.098914 took 1.801636s
On rank 0 and CUDA_VISIBLE_DEVICES=0
[Errno 2] No such file or directory: b'/m100/home/userexternal/rjorge00/some_optimizations/GX_SIMSOPT/output_MAXITER150_least_squares_nfp4_QH/gxRun_wout_nfp4_QH_000_000015.nc'
13:36:18 - Growth rate = 100.000000, qflux = 100.000000, quasisymmetry = 17.740539 with aspect ratio=8.098914 took 1.772259s
On rank 20 and CUDA_VISIBLE_DEVICES=0
On rank 10 and CUDA_VISIBLE_DEVICES=2
On rank 11 and CUDA_VISIBLE_DEVICES=3
On rank 9 and CUDA_VISIBLE_DEVICES=1
On rank 8 and CUDA_VISIBLE_DEVICES=0
On rank 6 and CUDA_VISIBLE_DEVICES=2
On rank 31 and CUDA_VISIBLE_DEVICES=3
On rank 4 and CUDA_VISIBLE_DEVICES=0
On rank 19 and CUDA_VISIBLE_DEVICES=3
On rank 0 and CUDA_VISIBLE_DEVICES=0
On rank 14 and CUDA_VISIBLE_DEVICES=2
On rank 29 and CUDA_VISIBLE_DEVICES=1
On rank 22 and CUDA_VISIBLE_DEVICES=2
On rank 23 and CUDA_VISIBLE_DEVICES=3
On rank 28 and CUDA_VISIBLE_DEVICES=0
On rank 30 and CUDA_VISIBLE_DEVICES=2
On rank 17 and CUDA_VISIBLE_DEVICES=1
On rank 25 and CUDA_VISIBLE_DEVICES=1
On rank 5 and CUDA_VISIBLE_DEVICES=1
On rank 7 and CUDA_VISIBLE_DEVICES=3
On rank 13 and CUDA_VISIBLE_DEVICES=1
On rank 21 and CUDA_VISIBLE_DEVICES=1
On rank 16 and CUDA_VISIBLE_DEVICES=0
On rank 26 and CUDA_VISIBLE_DEVICES=2
On rank 27 and CUDA_VISIBLE_DEVICES=3
On rank 24 and CUDA_VISIBLE_DEVICES=0
On rank 15 and CUDA_VISIBLE_DEVICES=3
On rank 12 and CUDA_VISIBLE_DEVICES=0
On rank 18 and CUDA_VISIBLE_DEVICES=2
On rank 2 and CUDA_VISIBLE_DEVICES=2
On rank 3 and CUDA_VISIBLE_DEVICES=3
On rank 1 and CUDA_VISIBLE_DEVICES=1
[Errno 2] No such file or directory: b'/m100/home/userexternal/rjorge00/some_optimizations/GX_SIMSOPT/output_MAXITER150_least_squares_nfp4_QH/gxRun_wout_nfp4_QH_020_000004.nc'
[Errno 2] No such file or directory: b'/m100/home/userexternal/rjorge00/some_optimizations/GX_SIMSOPT/output_MAXITER150_least_squares_nfp4_QH/gxRun_wout_nfp4_QH_031_000004.nc'
[Errno 2] No such file or directory: b'/m100/home/userexternal/rjorge00/some_optimizations/GX_SIMSOPT/output_MAXITER150_least_squares_nfp4_QH/gxRun_wout_nfp4_QH_019_000004.nc'
[Errno 2] No such file or directory: b'/m100/home/userexternal/rjorge00/some_optimizations/GX_SIMSOPT/output_MAXITER150_least_squares_nfp4_QH/gxRun_wout_nfp4_QH_000_000016.nc'
[Errno 2] No such file or directory: b'/m100/home/userexternal/rjorge00/some_optimizations/GX_SIMSOPT/output_MAXITER150_least_squares_nfp4_QH/gxRun_wout_nfp4_QH_014_000007.nc'
[Errno 2] No such file or directory: b'/m100/home/userexternal/rjorge00/some_optimizations/GX_SIMSOPT/output_MAXITER150_least_squares_nfp4_QH/gxRun_wout_nfp4_QH_006_000007.nc'
[Errno 2] No such file or directory: b'/m100/home/userexternal/rjorge00/some_optimizations/GX_SIMSOPT/output_MAXITER150_least_squares_nfp4_QH/gxRun_wout_nfp4_QH_010_000007.nc'
[Errno 2] No such file or directory: b'/m100/home/userexternal/rjorge00/some_optimizations/GX_SIMSOPT/output_MAXITER150_least_squares_nfp4_QH/gxRun_wout_nfp4_QH_004_000007.nc'
[Errno 2] No such file or directory: b'/m100/home/userexternal/rjorge00/some_optimizations/GX_SIMSOPT/output_MAXITER150_least_squares_nfp4_QH/gxRun_wout_nfp4_QH_025_000004.nc'
13:36:30 - Growth rate = 100.000000, qflux = 100.000000, quasisymmetry = 17.703758 with aspect ratio=8.098912 took 1.557392s
[Errno 2] No such file or directory: b'/m100/home/userexternal/rjorge00/some_optimizations/GX_SIMSOPT/output_MAXITER150_least_squares_nfp4_QH/gxRun_wout_nfp4_QH_009_000007.nc'
[Errno 2] No such file or directory: b'/m100/home/userexternal/rjorge00/some_optimizations/GX_SIMSOPT/output_MAXITER150_least_squares_nfp4_QH/gxRun_wout_nfp4_QH_008_000007.nc'
13:36:30 - Growth rate = 100.000000, qflux = 100.000000, quasisymmetry = 17.736900 with aspect ratio=8.098402 took 1.485636s
[Errno 2] No such file or directory: b'/m100/home/userexternal/rjorge00/some_optimizations/GX_SIMSOPT/output_MAXITER150_least_squares_nfp4_QH/gxRun_wout_nfp4_QH_022_000004.nc'
13:36:30 - Growth rate = 100.000000, qflux = 100.000000, quasisymmetry = 17.709543 with aspect ratio=8.098918 took 1.519673s
13:36:30 - Growth rate = 100.000000, qflux = 100.000000, quasisymmetry = 17.716920 with aspect ratio=8.098908 took 1.522008s
[Errno 2] No such file or directory: b'/m100/home/userexternal/rjorge00/some_optimizations/GX_SIMSOPT/output_MAXITER150_least_squares_nfp4_QH/gxRun_wout_nfp4_QH_029_000004.nc'
[Errno 2] No such file or directory: b'/m100/home/userexternal/rjorge00/some_optimizations/GX_SIMSOPT/output_MAXITER150_least_squares_nfp4_QH/gxRun_wout_nfp4_QH_023_000004.nc'
[Errno 2] No such file or directory: b'/m100/home/userexternal/rjorge00/some_optimizations/GX_SIMSOPT/output_MAXITER150_least_squares_nfp4_QH/gxRun_wout_nfp4_QH_017_000004.nc'
13:36:30 - Growth rate = 100.000000, qflux = 100.000000, quasisymmetry = 17.740570 with aspect ratio=8.098913 took 1.423741s
13:36:30 - Growth rate = 100.000000, qflux = 100.000000, quasisymmetry = 17.730476 with aspect ratio=8.098913 took 1.757006s
[Errno 2] No such file or directory: b'/m100/home/userexternal/rjorge00/some_optimizations/GX_SIMSOPT/output_MAXITER150_least_squares_nfp4_QH/gxRun_wout_nfp4_QH_005_000007.nc'
[Errno 2] No such file or directory: b'/m100/home/userexternal/rjorge00/some_optimizations/GX_SIMSOPT/output_MAXITER150_least_squares_nfp4_QH/gxRun_wout_nfp4_QH_028_000004.nc'
13:36:30 - Growth rate = 100.000000, qflux = 100.000000, quasisymmetry = 17.730458 with aspect ratio=8.098894 took 1.708337s
[Errno 2] No such file or directory: b'/m100/home/userexternal/rjorge00/some_optimizations/GX_SIMSOPT/output_MAXITER150_least_squares_nfp4_QH/gxRun_wout_nfp4_QH_013_000007.nc'
13:36:30 - Growth rate = 100.000000, qflux = 100.000000, quasisymmetry = 17.729976 with aspect ratio=8.098915 took 1.764911s
[Errno 2] No such file or directory: b'/m100/home/userexternal/rjorge00/some_optimizations/GX_SIMSOPT/output_MAXITER150_least_squares_nfp4_QH/gxRun_wout_nfp4_QH_011_000007.nc'
[Errno 2] No such file or directory: b'/m100/home/userexternal/rjorge00/some_optimizations/GX_SIMSOPT/output_MAXITER150_least_squares_nfp4_QH/gxRun_wout_nfp4_QH_018_000004.nc'
13:36:30 - Growth rate = 100.000000, qflux = 100.000000, quasisymmetry = 17.739853 with aspect ratio=8.098914 took 1.500405s
13:36:31 - Growth rate = 100.000000, qflux = 100.000000, quasisymmetry = 17.716055 with aspect ratio=8.098907 took 1.836589s
[Errno 2] No such file or directory: b'/m100/home/userexternal/rjorge00/some_optimizations/GX_SIMSOPT/output_MAXITER150_least_squares_nfp4_QH/gxRun_wout_nfp4_QH_015_000007.nc'
[Errno 2] No such file or directory: b'/m100/home/userexternal/rjorge00/some_optimizations/GX_SIMSOPT/output_MAXITER150_least_squares_nfp4_QH/gxRun_wout_nfp4_QH_001_000007.nc'
13:36:30 - Growth rate = 100.000000, qflux = 100.000000, quasisymmetry = 17.711002 with aspect ratio=8.098914 took 1.906767s
13:36:31 - Growth rate = 100.000000, qflux = 100.000000, quasisymmetry = 17.740914 with aspect ratio=8.098913 took 1.750083s
[Errno 2] No such file or directory: b'/m100/home/userexternal/rjorge00/some_optimizations/GX_SIMSOPT/output_MAXITER150_least_squares_nfp4_QH/gxRun_wout_nfp4_QH_024_000004.nc'
13:36:31 - Growth rate = 100.000000, qflux = 100.000000, quasisymmetry = 17.740634 with aspect ratio=8.098920 took 1.812499s
[Errno 2] No such file or directory: b'/m100/home/userexternal/rjorge00/some_optimizations/GX_SIMSOPT/output_MAXITER150_least_squares_nfp4_QH/gxRun_wout_nfp4_QH_026_000004.nc'
[Errno 2] No such file or directory: b'/m100/home/userexternal/rjorge00/some_optimizations/GX_SIMSOPT/output_MAXITER150_least_squares_nfp4_QH/gxRun_wout_nfp4_QH_002_000007.nc'
13:36:31 - Growth rate = 100.000000, qflux = 100.000000, quasisymmetry = 17.739951 with aspect ratio=8.098913 took 1.757784s
[Errno 2] No such file or directory: b'/m100/home/userexternal/rjorge00/some_optimizations/GX_SIMSOPT/output_MAXITER150_least_squares_nfp4_QH/gxRun_wout_nfp4_QH_021_000004.nc'
13:36:31 - Growth rate = 100.000000, qflux = 100.000000, quasisymmetry = 17.739066 with aspect ratio=8.098915 took 1.743356s
[Errno 2] No such file or directory: b'/m100/home/userexternal/rjorge00/some_optimizations/GX_SIMSOPT/output_MAXITER150_least_squares_nfp4_QH/gxRun_wout_nfp4_QH_030_000004.nc'
13:36:31 - Growth rate = 100.000000, qflux = 100.000000, quasisymmetry = 17.740203 with aspect ratio=8.098905 took 1.746075s
13:36:31 - Growth rate = 100.000000, qflux = 100.000000, quasisymmetry = 17.738446 with aspect ratio=8.098914 took 1.924324s
[Errno 2] No such file or directory: b'/m100/home/userexternal/rjorge00/some_optimizations/GX_SIMSOPT/output_MAXITER150_least_squares_nfp4_QH/gxRun_wout_nfp4_QH_007_000007.nc'
13:36:31 - Growth rate = 100.000000, qflux = 100.000000, quasisymmetry = 17.740582 with aspect ratio=8.098916 took 1.764469s
13:36:31 - Growth rate = 100.000000, qflux = 100.000000, quasisymmetry = 17.740422 with aspect ratio=8.098896 took 1.808066s
[Errno 2] No such file or directory: b'/m100/home/userexternal/rjorge00/some_optimizations/GX_SIMSOPT/output_MAXITER150_least_squares_nfp4_QH/gxRun_wout_nfp4_QH_016_000007.nc'
13:36:31 - Growth rate = 100.000000, qflux = 100.000000, quasisymmetry = 17.732006 with aspect ratio=8.098913 took 2.296458s
13:36:31 - Growth rate = 100.000000, qflux = 100.000000, quasisymmetry = 17.741183 with aspect ratio=8.098918 took 1.838937s
13:36:31 - Growth rate = 100.000000, qflux = 100.000000, quasisymmetry = 17.740513 with aspect ratio=8.098918 took 1.877483s
[Errno 2] No such file or directory: b'/m100/home/userexternal/rjorge00/some_optimizations/GX_SIMSOPT/output_MAXITER150_least_squares_nfp4_QH/gxRun_wout_nfp4_QH_012_000007.nc'
13:36:31 - Growth rate = 100.000000, qflux = 100.000000, quasisymmetry = 17.741177 with aspect ratio=8.098915 took 1.898677s
13:36:31 - Growth rate = 100.000000, qflux = 100.000000, quasisymmetry = 17.741171 with aspect ratio=8.098914 took 1.927623s
[Errno 2] No such file or directory: b'/m100/home/userexternal/rjorge00/some_optimizations/GX_SIMSOPT/output_MAXITER150_least_squares_nfp4_QH/gxRun_wout_nfp4_QH_027_000004.nc'
13:36:31 - Growth rate = 100.000000, qflux = 100.000000, quasisymmetry = 17.740057 with aspect ratio=8.098914 took 1.943594s
[Errno 2] No such file or directory: b'/m100/home/userexternal/rjorge00/some_optimizations/GX_SIMSOPT/output_MAXITER150_least_squares_nfp4_QH/gxRun_wout_nfp4_QH_003_000007.nc'
13:36:31 - Growth rate = 100.000000, qflux = 100.000000, quasisymmetry = 17.740806 with aspect ratio=8.098917 took 2.050646s
13:36:31 - Growth rate = 100.000000, qflux = 100.000000, quasisymmetry = 17.741389 with aspect ratio=8.099049 took 2.245761s
13:36:31 - Growth rate = 100.000000, qflux = 100.000000, quasisymmetry = 17.738371 with aspect ratio=8.098503 took 2.220666s
13:36:31 - Growth rate = 100.000000, qflux = 100.000000, quasisymmetry = 17.739805 with aspect ratio=8.098914 took 2.230059s
13:36:31 - Growth rate = 100.000000, qflux = 100.000000, quasisymmetry = 17.740625 with aspect ratio=8.098918 took 2.304891s
13:36:31 - Growth rate = 100.000000, qflux = 100.000000, quasisymmetry = 17.740737 with aspect ratio=8.098914 took 2.345128s
13:36:31 - Growth rate = 100.000000, qflux = 100.000000, quasisymmetry = 17.739762 with aspect ratio=8.098913 took 2.402734s
On rank 14 and CUDA_VISIBLE_DEVICES=2
On rank 10 and CUDA_VISIBLE_DEVICES=2
On rank 3 and CUDA_VISIBLE_DEVICES=3
On rank 9 and CUDA_VISIBLE_DEVICES=1
On rank 6 and CUDA_VISIBLE_DEVICES=2
On rank 5 and CUDA_VISIBLE_DEVICES=1
On rank 4 and CUDA_VISIBLE_DEVICES=0
On rank 8 and CUDA_VISIBLE_DEVICES=0
On rank 13 and CUDA_VISIBLE_DEVICES=1
On rank 7 and CUDA_VISIBLE_DEVICES=3
On rank 1 and CUDA_VISIBLE_DEVICES=1
On rank 11 and CUDA_VISIBLE_DEVICES=3
On rank 2 and CUDA_VISIBLE_DEVICES=2
On rank 15 and CUDA_VISIBLE_DEVICES=3
[Errno 2] No such file or directory: b'/m100/home/userexternal/rjorge00/some_optimizations/GX_SIMSOPT/output_MAXITER150_least_squares_nfp4_QH/gxRun_wout_nfp4_QH_014_000008.nc'
[Errno 2] No such file or directory: b'/m100/home/userexternal/rjorge00/some_optimizations/GX_SIMSOPT/output_MAXITER150_least_squares_nfp4_QH/gxRun_wout_nfp4_QH_003_000008.nc'
[Errno 2] No such file or directory: b'/m100/home/userexternal/rjorge00/some_optimizations/GX_SIMSOPT/output_MAXITER150_least_squares_nfp4_QH/gxRun_wout_nfp4_QH_010_000008.nc'
[Errno 2] No such file or directory: b'/m100/home/userexternal/rjorge00/some_optimizations/GX_SIMSOPT/output_MAXITER150_least_squares_nfp4_QH/gxRun_wout_nfp4_QH_009_000008.nc'
On rank 12 and CUDA_VISIBLE_DEVICES=0
13:36:42 - Growth rate = 100.000000, qflux = 100.000000, quasisymmetry = 17.740726 with aspect ratio=8.098912 took 1.597108s
[Errno 2] No such file or directory: b'/m100/home/userexternal/rjorge00/some_optimizations/GX_SIMSOPT/output_MAXITER150_least_squares_nfp4_QH/gxRun_wout_nfp4_QH_006_000008.nc'
13:36:42 - Growth rate = 100.000000, qflux = 100.000000, quasisymmetry = 17.702561 with aspect ratio=8.098915 took 1.610141s
13:36:42 - Growth rate = 100.000000, qflux = 100.000000, quasisymmetry = 17.731480 with aspect ratio=8.098913 took 1.656253s
[Errno 2] No such file or directory: b'/m100/home/userexternal/rjorge00/some_optimizations/GX_SIMSOPT/output_MAXITER150_least_squares_nfp4_QH/gxRun_wout_nfp4_QH_013_000008.nc'
[Errno 2] No such file or directory: b'/m100/home/userexternal/rjorge00/some_optimizations/GX_SIMSOPT/output_MAXITER150_least_squares_nfp4_QH/gxRun_wout_nfp4_QH_008_000008.nc'
On rank 16 and CUDA_VISIBLE_DEVICES=0
13:36:42 - Growth rate = 100.000000, qflux = 100.000000, quasisymmetry = 17.704412 with aspect ratio=8.098916 took 1.617048s
[Errno 2] No such file or directory: b'/m100/home/userexternal/rjorge00/some_optimizations/GX_SIMSOPT/output_MAXITER150_least_squares_nfp4_QH/gxRun_wout_nfp4_QH_004_000008.nc'
[Errno 2] No such file or directory: b'/m100/home/userexternal/rjorge00/some_optimizations/GX_SIMSOPT/output_MAXITER150_least_squares_nfp4_QH/gxRun_wout_nfp4_QH_005_000008.nc'
[Errno 2] No such file or directory: b'/m100/home/userexternal/rjorge00/some_optimizations/GX_SIMSOPT/output_MAXITER150_least_squares_nfp4_QH/gxRun_wout_nfp4_QH_001_000008.nc'
13:36:43 - Growth rate = 100.000000, qflux = 100.000000, quasisymmetry = 17.740435 with aspect ratio=8.098912 took 1.752130s
[Errno 2] No such file or directory: b'/m100/home/userexternal/rjorge00/some_optimizations/GX_SIMSOPT/output_MAXITER150_least_squares_nfp4_QH/gxRun_wout_nfp4_QH_015_000008.nc'
13:36:43 - Growth rate = 100.000000, qflux = 100.000000, quasisymmetry = 17.731638 with aspect ratio=8.098916 took 1.671475s
13:36:43 - Growth rate = 100.000000, qflux = 100.000000, quasisymmetry = 17.740773 with aspect ratio=8.098914 took 1.737312s
13:36:43 - Growth rate = 100.000000, qflux = 100.000000, quasisymmetry = 17.740324 with aspect ratio=8.098916 took 1.860291s
[Errno 2] No such file or directory: b'/m100/home/userexternal/rjorge00/some_optimizations/GX_SIMSOPT/output_MAXITER150_least_squares_nfp4_QH/gxRun_wout_nfp4_QH_011_000008.nc'
13:36:43 - Growth rate = 100.000000, qflux = 100.000000, quasisymmetry = 17.732795 with aspect ratio=8.098887 took 1.974897s
13:36:43 - Growth rate = 100.000000, qflux = 100.000000, quasisymmetry = 17.742020 with aspect ratio=8.098914 took 1.610723s
[Errno 2] No such file or directory: b'/m100/home/userexternal/rjorge00/some_optimizations/GX_SIMSOPT/output_MAXITER150_least_squares_nfp4_QH/gxRun_wout_nfp4_QH_007_000008.nc'
[Errno 2] No such file or directory: b'/m100/home/userexternal/rjorge00/some_optimizations/GX_SIMSOPT/output_MAXITER150_least_squares_nfp4_QH/gxRun_wout_nfp4_QH_002_000008.nc'
13:36:43 - Growth rate = 100.000000, qflux = 100.000000, quasisymmetry = 17.740019 with aspect ratio=8.098917 took 1.610648s
13:36:43 - Growth rate = 100.000000, qflux = 100.000000, quasisymmetry = 17.740334 with aspect ratio=8.098912 took 1.923950s
13:36:43 - Growth rate = 100.000000, qflux = 100.000000, quasisymmetry = 17.739889 with aspect ratio=8.098914 took 1.947983s
13:36:43 - Growth rate = 100.000000, qflux = 100.000000, quasisymmetry = 17.732414 with aspect ratio=8.098916 took 2.053916s
[Errno 2] No such file or directory: b'/m100/home/userexternal/rjorge00/some_optimizations/GX_SIMSOPT/output_MAXITER150_least_squares_nfp4_QH/gxRun_wout_nfp4_QH_012_000008.nc'
[Errno 2] No such file or directory: b'/m100/home/userexternal/rjorge00/some_optimizations/GX_SIMSOPT/output_MAXITER150_least_squares_nfp4_QH/gxRun_wout_nfp4_QH_016_000008.nc'
13:36:44 - Growth rate = 100.000000, qflux = 100.000000, quasisymmetry = 17.740567 with aspect ratio=8.098912 took 1.990709s
13:36:44 - Growth rate = 100.000000, qflux = 100.000000, quasisymmetry = 17.739687 with aspect ratio=8.098909 took 1.916706s
       3              7         5.0000e+05      2.90e-03       2.55e-03       3.90e-01    
`ftol` termination condition is satisfied.
Function evaluations 7, initial cost 8.7528e+05, final cost 5.0000e+05, first-order optimality 3.90e-01.
Final aspect ratio: 8.098913650502663
Final mean iota: -1.1415243416514587
Final magnetic well: -0.05353529250893453
On rank 28 and CUDA_VISIBLE_DEVICES=0
On rank 29 and CUDA_VISIBLE_DEVICES=1
On rank 1 and CUDA_VISIBLE_DEVICES=1
On rank 0 and CUDA_VISIBLE_DEVICES=0
On rank 2 and CUDA_VISIBLE_DEVICES=2
On rank 3 and CUDA_VISIBLE_DEVICES=3
On rank 13 and CUDA_VISIBLE_DEVICES=1
On rank 14 and CUDA_VISIBLE_DEVICES=2
On rank 17 and CUDA_VISIBLE_DEVICES=1
On rank 12 and CUDA_VISIBLE_DEVICES=0
On rank 15 and CUDA_VISIBLE_DEVICES=3
On rank 31 and CUDA_VISIBLE_DEVICES=3
On rank 30 and CUDA_VISIBLE_DEVICES=2
On rank 19 and CUDA_VISIBLE_DEVICES=3
On rank 9 and CUDA_VISIBLE_DEVICES=1
On rank 18 and CUDA_VISIBLE_DEVICES=2
On rank 16 and CUDA_VISIBLE_DEVICES=0
On rank 22 and CUDA_VISIBLE_DEVICES=2
On rank 10 and CUDA_VISIBLE_DEVICES=2
On rank 11 and CUDA_VISIBLE_DEVICES=3
On rank 8 and CUDA_VISIBLE_DEVICES=0
On rank 20 and CUDA_VISIBLE_DEVICES=0
On rank 23 and CUDA_VISIBLE_DEVICES=3
On rank 21 and CUDA_VISIBLE_DEVICES=1
On rank 5 and CUDA_VISIBLE_DEVICES=1
On rank 6 and CUDA_VISIBLE_DEVICES=2
On rank 4 and CUDA_VISIBLE_DEVICES=0
On rank 7 and CUDA_VISIBLE_DEVICES=3
On rank 24 and CUDA_VISIBLE_DEVICES=0
On rank 26 and CUDA_VISIBLE_DEVICES=2
On rank 27 and CUDA_VISIBLE_DEVICES=3
On rank 25 and CUDA_VISIBLE_DEVICES=1
[Errno 2] No such file or directory: b'/m100/home/userexternal/rjorge00/some_optimizations/GX_SIMSOPT/output_MAXITER150_least_squares_nfp4_QH/gxRun_wout_nfp4_QH_028_000005.nc'
[Errno 2] No such file or directory: b'/m100/home/userexternal/rjorge00/some_optimizations/GX_SIMSOPT/output_MAXITER150_least_squares_nfp4_QH/gxRun_wout_nfp4_QH_029_000005.nc'
Whole optimization took 1675.850819s
[Errno 2] No such file or directory: b'/m100/home/userexternal/rjorge00/some_optimizations/GX_SIMSOPT/output_MAXITER150_least_squares_nfp4_QH/gxRun_wout_nfp4_QH_031_000005.nc'
[Errno 2] No such file or directory: b'/m100/home/userexternal/rjorge00/some_optimizations/GX_SIMSOPT/output_MAXITER150_least_squares_nfp4_QH/gxRun_wout_nfp4_QH_009_000009.nc'
[Errno 2] No such file or directory: b'/m100/home/userexternal/rjorge00/some_optimizations/GX_SIMSOPT/output_MAXITER150_least_squares_nfp4_QH/gxRun_wout_nfp4_QH_001_000009.nc'
[Errno 2] No such file or directory: b'/m100/home/userexternal/rjorge00/some_optimizations/GX_SIMSOPT/output_MAXITER150_least_squares_nfp4_QH/gxRun_wout_nfp4_QH_000_000017.nc'
Final heat flux: 100.0
[Errno 2] No such file or directory: '/m100/home/userexternal/rjorge00/some_optimizations/GX_SIMSOPT/output_MAXITER150_least_squares_nfp4_QH/convert_VMEC_to_GX'
[Errno 2] No such file or directory: b'/m100/home/userexternal/rjorge00/some_optimizations/GX_SIMSOPT/output_MAXITER150_least_squares_nfp4_QH/gxRun_wout_nfp4_QH_017_000005.nc'
[Errno 2] No such file or directory: 'input.final'
[Errno 2] No such file or directory: b'/m100/home/userexternal/rjorge00/some_optimizations/GX_SIMSOPT/output_MAXITER150_least_squares_nfp4_QH/gxRun_wout_nfp4_QH_002_000009.nc'
 - - - - - - - - - - - - - - - - - - - - - - - - - - - - - - - - -
  SEQ =    1 TIME SLICE  0.0000E+00
  PROCESSING INPUT.final
  THIS IS PARVMEC (PARALLEL VMEC), VERSION 9.0
  Lambda: Full Radial Mesh. L-Force: hybrid full/half.

  COMPUTER: powerpc64le-conda_cos7-linux-gnu   OS:    RELEASE:   DATE = Nov 18,2022  TIME = 13:36:56
Whole optimization took 1676.195791s
Whole optimization took 1676.194852s

  NS =   16 NO. FOURIER MODES =   50 FTOLV =  1.000E-12 NITER =   4000
  PROCESSOR COUNT - RADIAL:    1
 INITIAL JACOBIAN CHANGED SIGN!
 TRYING TO IMPROVE INITIAL MAGNETIC AXIS GUESS
  ---- Improved AXIS Guess ----
      RAXIS_CC =    1.0008816818905644       0.23384905429910754        1.3121006435648105E-002  -2.4513755808848337E-002   7.8742272727387319E-003  -5.0852571830033652E-003
      ZAXIS_CS =   -0.0000000000000000       0.19372730768976865        8.8322753535850819E-003  -7.1273991930064099E-003  -4.2391194183916429E-003  -3.0860091709440478E-003
  -----------------------------

  ITER    FSQR      FSQZ      FSQL    RAX(v=0)    DELT       WMHD

    1  2.50E+00  3.35E+00  2.18E-01  1.226E+00  9.00E-01  1.6921E-01
[Errno 2] No such file or directory: b'/m100/home/userexternal/rjorge00/some_optimizations/GX_SIMSOPT/output_MAXITER150_least_squares_nfp4_QH/gxRun_wout_nfp4_QH_013_000009.nc'
[Errno 2] No such file or directory: b'/m100/home/userexternal/rjorge00/some_optimizations/GX_SIMSOPT/output_MAXITER150_least_squares_nfp4_QH/gxRun_wout_nfp4_QH_012_000009.nc'
[Errno 2] No such file or directory: b'/m100/home/userexternal/rjorge00/some_optimizations/GX_SIMSOPT/output_MAXITER150_least_squares_nfp4_QH/gxRun_wout_nfp4_QH_019_000005.nc'
[Errno 2] No such file or directory: b'/m100/home/userexternal/rjorge00/some_optimizations/GX_SIMSOPT/output_MAXITER150_least_squares_nfp4_QH/gxRun_wout_nfp4_QH_015_000009.nc'
Whole optimization took 1676.300941s
Whole optimization took 1676.302758s
[Errno 2] No such file or directory: b'/m100/home/userexternal/rjorge00/some_optimizations/GX_SIMSOPT/output_MAXITER150_least_squares_nfp4_QH/gxRun_wout_nfp4_QH_018_000005.nc'
Whole optimization took 1676.327767s
[Errno 2] No such file or directory: b'/m100/home/userexternal/rjorge00/some_optimizations/GX_SIMSOPT/output_MAXITER150_least_squares_nfp4_QH/gxRun_wout_nfp4_QH_010_000009.nc'
[Errno 2] No such file or directory: b'/m100/home/userexternal/rjorge00/some_optimizations/GX_SIMSOPT/output_MAXITER150_least_squares_nfp4_QH/gxRun_wout_nfp4_QH_008_000009.nc'
[Errno 2] No such file or directory: b'/m100/home/userexternal/rjorge00/some_optimizations/GX_SIMSOPT/output_MAXITER150_least_squares_nfp4_QH/gxRun_wout_nfp4_QH_021_000005.nc'
Whole optimization took 1676.400689s
[Errno 2] No such file or directory: b'/m100/home/userexternal/rjorge00/some_optimizations/GX_SIMSOPT/output_MAXITER150_least_squares_nfp4_QH/gxRun_wout_nfp4_QH_022_000005.nc'
Whole optimization took 1676.420254s
Whole optimization took 1676.420283s
Whole optimization took 1676.420292s
Whole optimization took 1676.428256s
Whole optimization took 1676.433918s
[Errno 2] No such file or directory: b'/m100/home/userexternal/rjorge00/some_optimizations/GX_SIMSOPT/output_MAXITER150_least_squares_nfp4_QH/gxRun_wout_nfp4_QH_023_000005.nc'
[Errno 2] No such file or directory: b'/m100/home/userexternal/rjorge00/some_optimizations/GX_SIMSOPT/output_MAXITER150_least_squares_nfp4_QH/gxRun_wout_nfp4_QH_007_000009.nc'
[Errno 2] No such file or directory: b'/m100/home/userexternal/rjorge00/some_optimizations/GX_SIMSOPT/output_MAXITER150_least_squares_nfp4_QH/gxRun_wout_nfp4_QH_030_000005.nc'
[Errno 2] No such file or directory: b'/m100/home/userexternal/rjorge00/some_optimizations/GX_SIMSOPT/output_MAXITER150_least_squares_nfp4_QH/gxRun_wout_nfp4_QH_027_000005.nc'
Whole optimization took 1676.468378s
[Errno 2] No such file or directory: b'/m100/home/userexternal/rjorge00/some_optimizations/GX_SIMSOPT/output_MAXITER150_least_squares_nfp4_QH/gxRun_wout_nfp4_QH_005_000009.nc'
Whole optimization took 1676.482280s
[Errno 2] No such file or directory: b'/m100/home/userexternal/rjorge00/some_optimizations/GX_SIMSOPT/output_MAXITER150_least_squares_nfp4_QH/gxRun_wout_nfp4_QH_026_000005.nc'
[Errno 2] No such file or directory: b'/m100/home/userexternal/rjorge00/some_optimizations/GX_SIMSOPT/output_MAXITER150_least_squares_nfp4_QH/gxRun_wout_nfp4_QH_004_000009.nc'
[Errno 2] No such file or directory: b'/m100/home/userexternal/rjorge00/some_optimizations/GX_SIMSOPT/output_MAXITER150_least_squares_nfp4_QH/gxRun_wout_nfp4_QH_025_000005.nc'
Whole optimization took 1676.538415s
  200  1.22E-07  1.54E-07  2.64E-08  1.220E+00  8.10E-01  1.5454E-01
Whole optimization took 1676.568479s
[Errno 2] No such file or directory: b'/m100/home/userexternal/rjorge00/some_optimizations/GX_SIMSOPT/output_MAXITER150_least_squares_nfp4_QH/gxRun_wout_nfp4_QH_003_000009.nc'
Whole optimization took 1676.594255s
Whole optimization took 1676.619973s
Whole optimization took 1676.619967s
Whole optimization took 1676.620085s
Whole optimization took 1676.624586s
Whole optimization took 1676.632964s
Whole optimization took 1676.666994s
Whole optimization took 1676.666996s
[Errno 2] No such file or directory: b'/m100/home/userexternal/rjorge00/some_optimizations/GX_SIMSOPT/output_MAXITER150_least_squares_nfp4_QH/gxRun_wout_nfp4_QH_014_000009.nc'
[Errno 2] No such file or directory: b'/m100/home/userexternal/rjorge00/some_optimizations/GX_SIMSOPT/output_MAXITER150_least_squares_nfp4_QH/gxRun_wout_nfp4_QH_016_000009.nc'
[Errno 2] No such file or directory: b'/m100/home/userexternal/rjorge00/some_optimizations/GX_SIMSOPT/output_MAXITER150_least_squares_nfp4_QH/gxRun_wout_nfp4_QH_011_000009.nc'
Whole optimization took 1676.753548s
Whole optimization took 1676.753547s
  400  2.04E-09  1.13E-09  2.12E-10  1.220E+00  8.10E-01  1.5454E-01
Whole optimization took 1676.795218s
[Errno 2] No such file or directory: b'/m100/home/userexternal/rjorge00/some_optimizations/GX_SIMSOPT/output_MAXITER150_least_squares_nfp4_QH/gxRun_wout_nfp4_QH_020_000005.nc'
Whole optimization took 1676.884346s
[Errno 2] No such file or directory: b'/m100/home/userexternal/rjorge00/some_optimizations/GX_SIMSOPT/output_MAXITER150_least_squares_nfp4_QH/gxRun_wout_nfp4_QH_006_000009.nc'
  600  7.83E-11  3.90E-11  4.83E-12  1.220E+00  8.10E-01  1.5454E-01
[Errno 2] No such file or directory: b'/m100/home/userexternal/rjorge00/some_optimizations/GX_SIMSOPT/output_MAXITER150_least_squares_nfp4_QH/gxRun_wout_nfp4_QH_024_000005.nc'
Whole optimization took 1676.988938s
Whole optimization took 1677.057675s
  800  1.45E-12  7.08E-13  8.66E-14  1.220E+00  8.10E-01  1.5454E-01
  815  9.74E-13  5.30E-13  6.30E-14  1.220E+00  8.10E-01  1.5454E-01

  NS =   51 NO. FOURIER MODES =   50 FTOLV =  1.000E-13 NITER =  10000
  PROCESSOR COUNT - RADIAL:    1

  ITER    FSQR      FSQZ      FSQL    RAX(v=0)    DELT       WMHD

    1  3.77E-02  4.26E-02  6.03E-05  1.220E+00  9.00E-01  1.5454E-01
Whole optimization took 1677.255108s
  200  2.27E-08  1.47E-08  5.32E-10  1.220E+00  7.41E-01  1.5454E-01
  400  1.73E-10  8.87E-11  1.75E-11  1.220E+00  7.41E-01  1.5454E-01
  600  1.07E-11  5.10E-12  1.50E-12  1.220E+00  7.41E-01  1.5454E-01
  800  2.93E-13  1.89E-13  6.31E-14  1.220E+00  7.41E-01  1.5454E-01
  850  9.85E-14  7.10E-14  2.50E-14  1.220E+00  7.41E-01  1.5454E-01

  NS =  101 NO. FOURIER MODES =   50 FTOLV =  1.000E-14 NITER =   4000
  PROCESSOR COUNT - RADIAL:    1

  ITER    FSQR      FSQZ      FSQL    RAX(v=0)    DELT       WMHD

    1  4.46E-02  4.80E-02  1.31E-06  1.220E+00  9.00E-01  1.5454E-01
  200  1.49E-07  9.55E-08  2.57E-10  1.220E+00  5.83E-01  1.5454E-01
  400  1.04E-09  6.22E-10  4.60E-12  1.220E+00  5.83E-01  1.5454E-01
  600  5.92E-11  4.47E-11  5.99E-13  1.220E+00  5.83E-01  1.5454E-01
  800  3.78E-12  3.22E-12  7.00E-14  1.220E+00  5.83E-01  1.5454E-01
 1000  3.39E-13  2.32E-13  7.23E-15  1.220E+00  5.83E-01  1.5454E-01
 1200  4.97E-14  2.69E-14  5.30E-16  1.220E+00  5.83E-01  1.5454E-01
 1365  9.97E-15  6.12E-15  6.56E-17  1.220E+00  5.83E-01  1.5454E-01

 EXECUTION TERMINATED NORMALLY

 FILE : final_000_000000
 NUMBER OF JACOBIAN RESETS =    3

    TOTAL COMPUTATIONAL TIME (SEC)        12.64
    TIME TO INPUT/OUTPUT                   0.02
       READ IN DATA                        0.00
       WRITE OUT DATA TO WOUT              0.02
    TIME IN FUNCT3D                       12.52
       BCOVAR FIELDS                       1.92
       FOURIER TRANSFORM                   2.18
       INVERSE FOURIER TRANSFORM           2.01
       FORCES AND SYMMETRIZE               2.17
       RESIDUE                             3.26
       EQFORCE                             0.00
nfp:  4
ns:  101
mpol:  5
ntor:  5
Aminor_p:  0.12377914444246102
Rmajor_p:  1.0024766025725855
aspect:             8.09891365050264
Rmajor_p/Aminor_p:  8.09891365050264
betatotal:  0.0
betapol:    0.0
betator:    0.0
betaxis:    0.0
ctor:    -1.430516847923245e-10
bmnc.shape: (101, 128)
bmns.shape: (101, 128)
Creating Boozer class for vmec_final
Defining surfaces where to compute Boozer coordinates
 booz_surfaces=[0.  0.1 0.2 0.3 0.4 0.5 0.6 0.7 0.8 0.9]
Running BOOZ_XFORM
mnmax: 50  len(xm): 50  len(xn): 50
mnmax_nyq: 128  len(xm_nyq): 128  len(xn_nyq): 128
Read ns=101, mpol=5, ntor=5, mnmax=50, mnmax_nyq=128
compute_surfs (0-based indices):  0 10 20 30 39 49 60 70 79 89
Initializing with mboz=64, nboz=64
ntheta = 258, nzeta = 258, # threads = 4
                   |        outboard (theta=0)      |      inboard (theta=pi)      |
thread js_b js zeta| |B|input  |B|Boozer    Error   | |B|input  |B|Boozer    Error |
------------------------------------------------------------------------------------
   1     3  30   0  1.041e+00  1.041e+00  5.544e-15  1.226e+00  1.226e+00  3.904e-12
                pi  9.837e-01  9.837e-01  2.697e-14  9.151e-01  9.151e-01  3.205e-11
   2     6  60   0  1.023e+00  1.023e+00  1.385e-13  1.286e+00  1.286e+00  3.411e-12
                pi  9.620e-01  9.620e-01  8.038e-13  9.242e-01  9.242e-01  8.640e-11
   0     0   0   0  1.105e+00  1.105e+00  1.065e-14  1.129e+00  1.129e+00  2.262e-14
                pi  9.753e-01  9.753e-01  9.107e-16  9.617e-01  9.617e-01  1.108e-14
   3     8  79   0  1.013e+00  1.013e+00  1.187e-12  1.318e+00  1.318e+00  1.222e-10
                pi  9.496e-01  9.496e-01  7.904e-12  9.568e-01  9.568e-01  1.784e-09
   1     4  39   0  1.034e+00  1.034e+00  1.611e-14  1.245e+00  1.245e+00  5.444e-12
                pi  9.779e-01  9.779e-01  4.473e-14  9.135e-01  9.135e-01  4.395e-11
   2     7  70   0  1.018e+00  1.018e+00  4.547e-13  1.303e+00  1.303e+00  6.724e-11
                pi  9.552e-01  9.552e-01  2.855e-12  9.380e-01  9.380e-01  3.657e-10
   0     1  10   0  1.069e+00  1.069e+00  2.078e-16  1.177e+00  1.177e+00  9.451e-14
                pi  9.884e-01  9.884e-01  1.269e-14  9.341e-01  9.341e-01  4.594e-13
   3     9  89   0  1.004e+00  1.004e+00  9.027e-13  1.333e+00  1.333e+00  8.726e-10
                pi  9.403e-01  9.403e-01  5.660e-12  9.860e-01  9.860e-01  2.005e-09
   1     5  49   0  1.028e+00  1.028e+00  3.715e-14  1.265e+00  1.265e+00  5.339e-13
                pi  9.704e-01  9.704e-01  1.755e-13  9.159e-01  9.159e-01  2.621e-12
   0     2  20   0  1.052e+00  1.052e+00  4.431e-15  1.204e+00  1.204e+00  1.169e-12
                pi  9.882e-01  9.882e-01  3.820e-15  9.215e-01  9.215e-01  9.096e-12
Writing output to /m100/home/userexternal/rjorge00/some_optimizations/GX_SIMSOPT/output_MAXITER150_least_squares_nfp4_QH/boozmn_single_stage.nc
Plot BOOZ_XFORM
[Errno 2] No such file or directory: '/m100/home/userexternal/rjorge00/some_optimizations/GX_SIMSOPT/output_MAXITER150_least_squares_nfp4_QH/gx'
Whole optimization took 1782.843694s
