Initial aspect ratio: 8.000967056664201
Initial mean iota: -1.2414619577370025
Initial magnetic well: -0.014518732731757817
On rank 0 and CUDA_VISIBLE_DEVICES=0
Initial heat flux: 23.084263
-------------------------
Optimizing with max_mode = 3
-------------------------
On rank 0 and CUDA_VISIBLE_DEVICES=0
00:16:37 - Growth rate = 11.599556, qflux = 23.084263, quasisymmetry = 0.035078 with aspect ratio=8.000967 took 1176.160964s
On rank 0 and CUDA_VISIBLE_DEVICES=0
00:36:25 - Growth rate = 11.599556, qflux = 23.084263, quasisymmetry = 0.035078 with aspect ratio=8.000967 took 1175.997321s
On rank 0 and CUDA_VISIBLE_DEVICES=0
00:56:15 - Growth rate = 11.599556, qflux = 23.084263, quasisymmetry = 0.035078 with aspect ratio=8.000967 took 1177.849747s
On rank 45 and CUDA_VISIBLE_DEVICES=1
On rank 43 and CUDA_VISIBLE_DEVICES=3
On rank 22 and CUDA_VISIBLE_DEVICES=2
On rank 15 and CUDA_VISIBLE_DEVICES=3
On rank 13 and CUDA_VISIBLE_DEVICES=1
On rank 8 and CUDA_VISIBLE_DEVICES=0
On rank 1 and CUDA_VISIBLE_DEVICES=1
On rank 47 and CUDA_VISIBLE_DEVICES=3
On rank 11 and CUDA_VISIBLE_DEVICES=3
On rank 39 and CUDA_VISIBLE_DEVICES=3
On rank 23 and CUDA_VISIBLE_DEVICES=3
On rank 18 and CUDA_VISIBLE_DEVICES=2
On rank 2 and CUDA_VISIBLE_DEVICES=2
On rank 27 and CUDA_VISIBLE_DEVICES=3
On rank 28 and CUDA_VISIBLE_DEVICES=0
On rank 37 and CUDA_VISIBLE_DEVICES=1
On rank 29 and CUDA_VISIBLE_DEVICES=1
On rank 12 and CUDA_VISIBLE_DEVICES=0
On rank 44 and CUDA_VISIBLE_DEVICES=0
On rank 19 and CUDA_VISIBLE_DEVICES=3
On rank 14 and CUDA_VISIBLE_DEVICES=2
On rank 0 and CUDA_VISIBLE_DEVICES=0
On rank 42 and CUDA_VISIBLE_DEVICES=2
On rank 46 and CUDA_VISIBLE_DEVICES=2
On rank 3 and CUDA_VISIBLE_DEVICES=3
On rank 40 and CUDA_VISIBLE_DEVICES=0
On rank 21 and CUDA_VISIBLE_DEVICES=1
On rank 9 and CUDA_VISIBLE_DEVICES=1
On rank 10 and CUDA_VISIBLE_DEVICES=2
On rank 36 and CUDA_VISIBLE_DEVICES=0
On rank 30 and CUDA_VISIBLE_DEVICES=2
On rank 41 and CUDA_VISIBLE_DEVICES=1
On rank 20 and CUDA_VISIBLE_DEVICES=0
On rank 4 and CUDA_VISIBLE_DEVICES=0
On rank 16 and CUDA_VISIBLE_DEVICES=0
On rank 31 and CUDA_VISIBLE_DEVICES=3
On rank 38 and CUDA_VISIBLE_DEVICES=2
On rank 24 and CUDA_VISIBLE_DEVICES=0
On rank 26 and CUDA_VISIBLE_DEVICES=2
On rank 25 and CUDA_VISIBLE_DEVICES=1
On rank 6 and CUDA_VISIBLE_DEVICES=2
On rank 5 and CUDA_VISIBLE_DEVICES=1
On rank 7 and CUDA_VISIBLE_DEVICES=3
On rank 17 and CUDA_VISIBLE_DEVICES=1
On rank 35 and CUDA_VISIBLE_DEVICES=3
On rank 32 and CUDA_VISIBLE_DEVICES=0
On rank 33 and CUDA_VISIBLE_DEVICES=1
On rank 34 and CUDA_VISIBLE_DEVICES=2
01:15:52 - Growth rate = 1.640068, qflux = 23.334616, quasisymmetry = 0.035155 with aspect ratio=8.000961 took 1166.950446s
01:15:53 - Growth rate = 6.123701, qflux = 23.023922, quasisymmetry = 0.035109 with aspect ratio=8.000967 took 1167.463671s
01:15:53 - Growth rate = 6.025640, qflux = 23.039696, quasisymmetry = 0.035075 with aspect ratio=8.000969 took 1168.040267s
01:15:54 - Growth rate = 8.873002, qflux = 23.185982, quasisymmetry = 0.035063 with aspect ratio=8.000967 took 1168.100318s
01:15:54 - Growth rate = 6.167387, qflux = 22.971945, quasisymmetry = 0.035079 with aspect ratio=8.000969 took 1168.112299s
01:15:54 - Growth rate = 15.326609, qflux = 23.158085, quasisymmetry = 0.035082 with aspect ratio=8.000967 took 1168.077738s
01:15:55 - Growth rate = 13.151337, qflux = 22.784973, quasisymmetry = 0.035142 with aspect ratio=8.000967 took 1168.520956s
01:15:55 - Growth rate = 2.489336, qflux = 23.070396, quasisymmetry = 0.035073 with aspect ratio=8.000967 took 1168.577496s
01:15:55 - Growth rate = 22.156254, qflux = 24.094717, quasisymmetry = 0.035089 with aspect ratio=8.000967 took 1168.668100s
01:15:55 - Growth rate = 2.674986, qflux = 23.567606, quasisymmetry = 0.035090 with aspect ratio=8.000971 took 1169.336270s
01:15:55 - Growth rate = -1.967024, qflux = 23.646734, quasisymmetry = 0.035109 with aspect ratio=8.000968 took 1168.749186s
01:15:55 - Growth rate = 29.310863, qflux = 22.747688, quasisymmetry = 0.035080 with aspect ratio=8.000966 took 1168.990616s
01:15:55 - Growth rate = 41.958580, qflux = 23.482929, quasisymmetry = 0.035094 with aspect ratio=8.000967 took 1169.725885s
01:15:55 - Growth rate = 7.929695, qflux = 23.630245, quasisymmetry = 0.035080 with aspect ratio=8.000967 took 1169.535949s
01:15:55 - Growth rate = -4.815503, qflux = 23.574684, quasisymmetry = 0.035075 with aspect ratio=8.000965 took 1169.112022s
01:15:55 - Growth rate = 18.541616, qflux = 23.788939, quasisymmetry = 0.035128 with aspect ratio=8.000967 took 1169.389671s
01:15:55 - Growth rate = 11.796757, qflux = 22.567215, quasisymmetry = 0.035051 with aspect ratio=8.000967 took 1169.453036s
01:15:56 - Growth rate = 6.552937, qflux = 22.574100, quasisymmetry = 0.035040 with aspect ratio=8.000967 took 1169.465687s
01:15:56 - Growth rate = 8.865855, qflux = 23.342882, quasisymmetry = 0.035070 with aspect ratio=8.000968 took 1169.642524s
01:15:56 - Growth rate = 8.376730, qflux = 23.667833, quasisymmetry = 0.034989 with aspect ratio=8.000962 took 1169.635404s
01:15:56 - Growth rate = 14.372421, qflux = 23.234638, quasisymmetry = 0.035151 with aspect ratio=8.000967 took 1169.749571s
01:15:56 - Growth rate = -5.226151, qflux = 23.714622, quasisymmetry = 0.035078 with aspect ratio=8.000968 took 1170.105635s
01:15:56 - Growth rate = 8.422867, qflux = 22.607426, quasisymmetry = 0.035085 with aspect ratio=8.000967 took 1169.977640s
01:15:56 - Growth rate = 12.325808, qflux = 23.545416, quasisymmetry = 0.035076 with aspect ratio=8.000944 took 1170.756586s
01:15:56 - Growth rate = 16.225611, qflux = 22.901474, quasisymmetry = 0.035212 with aspect ratio=8.000566 took 1170.203980s
01:15:56 - Growth rate = 9.347570, qflux = 23.268295, quasisymmetry = 0.035128 with aspect ratio=8.000967 took 1170.310772s
01:15:56 - Growth rate = 29.535442, qflux = 23.516623, quasisymmetry = 0.035114 with aspect ratio=8.000967 took 1170.348007s
01:15:56 - Growth rate = 9.088254, qflux = 23.647547, quasisymmetry = 0.035078 with aspect ratio=8.000968 took 1170.333333s
01:15:56 - Growth rate = 7.890451, qflux = 22.847801, quasisymmetry = 0.035068 with aspect ratio=8.000967 took 1170.450909s
01:15:56 - Growth rate = 6.050946, qflux = 24.402294, quasisymmetry = 0.035088 with aspect ratio=8.000967 took 1170.736224s
01:15:57 - Growth rate = 13.524044, qflux = 24.135662, quasisymmetry = 0.035065 with aspect ratio=8.000971 took 1170.934734s
01:15:57 - Growth rate = 13.873962, qflux = 22.579502, quasisymmetry = 0.034998 with aspect ratio=8.000468 took 1170.665904s
01:15:57 - Growth rate = 12.489742, qflux = 23.543175, quasisymmetry = 0.035114 with aspect ratio=8.001096 took 1170.697983s
01:15:57 - Growth rate = 42.678917, qflux = 22.924065, quasisymmetry = 0.035082 with aspect ratio=8.000967 took 1171.120457s
01:15:57 - Growth rate = 16.240034, qflux = 23.983040, quasisymmetry = 0.035077 with aspect ratio=8.000967 took 1170.759102s
01:15:57 - Growth rate = 2.392012, qflux = 22.831869, quasisymmetry = 0.035080 with aspect ratio=8.000969 took 1171.129287s
01:15:57 - Growth rate = 22.908283, qflux = 23.864595, quasisymmetry = 0.035132 with aspect ratio=8.000967 took 1171.203723s
01:15:57 - Growth rate = 7.991695, qflux = 22.349834, quasisymmetry = 0.035083 with aspect ratio=8.000967 took 1171.208095s
01:15:57 - Growth rate = 24.260380, qflux = 23.815187, quasisymmetry = 0.035166 with aspect ratio=8.000960 took 1171.131847s
01:15:57 - Growth rate = 5.010286, qflux = 24.251297, quasisymmetry = 0.035077 with aspect ratio=8.000938 took 1171.506812s
01:15:58 - Growth rate = -8.443539, qflux = 23.887087, quasisymmetry = 0.035114 with aspect ratio=8.000971 took 1172.039609s
01:15:58 - Growth rate = 16.393570, qflux = 23.143202, quasisymmetry = 0.035057 with aspect ratio=8.000967 took 1171.743749s
01:15:58 - Growth rate = 6.088003, qflux = 23.502142, quasisymmetry = 0.035167 with aspect ratio=8.000955 took 1171.859312s
01:15:58 - Growth rate = 7.613184, qflux = 24.244131, quasisymmetry = 0.035094 with aspect ratio=8.000967 took 1172.744597s
01:15:58 - Growth rate = 10.160884, qflux = 24.038187, quasisymmetry = 0.035079 with aspect ratio=8.000966 took 1172.343062s
01:15:59 - Growth rate = 17.328590, qflux = 23.867573, quasisymmetry = 0.035072 with aspect ratio=8.000971 took 1172.851125s
01:15:59 - Growth rate = 37.986595, qflux = 23.782772, quasisymmetry = 0.035092 with aspect ratio=8.000967 took 1173.373174s
01:15:59 - Growth rate = 40.898197, qflux = 24.075035, quasisymmetry = 0.035165 with aspect ratio=8.000974 took 1173.578274s
   Iteration     Total nfev        Cost      Cost reduction    Step norm     Optimality   
       0              1         1.3322e+05                                    1.52e+10    
On rank 0 and CUDA_VISIBLE_DEVICES=0
01:35:50 - Growth rate = 15.787301, qflux = 18.066349, quasisymmetry = 0.001198 with aspect ratio=7.993778 took 1178.421832s
On rank 0 and CUDA_VISIBLE_DEVICES=0
01:55:43 - Growth rate = 15.787301, qflux = 18.066349, quasisymmetry = 0.001198 with aspect ratio=7.993778 took 1181.049455s
On rank 26 and CUDA_VISIBLE_DEVICES=2
On rank 8 and CUDA_VISIBLE_DEVICES=0
On rank 32 and CUDA_VISIBLE_DEVICES=0
On rank 18 and CUDA_VISIBLE_DEVICES=2
On rank 43 and CUDA_VISIBLE_DEVICES=3
On rank 40 and CUDA_VISIBLE_DEVICES=0
On rank 27 and CUDA_VISIBLE_DEVICES=3
On rank 33 and CUDA_VISIBLE_DEVICES=1
On rank 21 and CUDA_VISIBLE_DEVICES=1
On rank 22 and CUDA_VISIBLE_DEVICES=2
On rank 11 and CUDA_VISIBLE_DEVICES=3
On rank 13 and CUDA_VISIBLE_DEVICES=1
On rank 39 and CUDA_VISIBLE_DEVICES=3
On rank 10 and CUDA_VISIBLE_DEVICES=2
On rank 20 and CUDA_VISIBLE_DEVICES=0
On rank 23 and CUDA_VISIBLE_DEVICES=3
On rank 17 and CUDA_VISIBLE_DEVICES=1
On rank 42 and CUDA_VISIBLE_DEVICES=2
On rank 24 and CUDA_VISIBLE_DEVICES=0
On rank 25 and CUDA_VISIBLE_DEVICES=1
On rank 9 and CUDA_VISIBLE_DEVICES=1
On rank 12 and CUDA_VISIBLE_DEVICES=0
On rank 47 and CUDA_VISIBLE_DEVICES=3
On rank 44 and CUDA_VISIBLE_DEVICES=0
On rank 41 and CUDA_VISIBLE_DEVICES=1
On rank 16 and CUDA_VISIBLE_DEVICES=0
On rank 34 and CUDA_VISIBLE_DEVICES=2
On rank 35 and CUDA_VISIBLE_DEVICES=3
On rank 19 and CUDA_VISIBLE_DEVICES=3
On rank 45 and CUDA_VISIBLE_DEVICES=1
On rank 46 and CUDA_VISIBLE_DEVICES=2
On rank 7 and CUDA_VISIBLE_DEVICES=3
On rank 5 and CUDA_VISIBLE_DEVICES=1
On rank 15 and CUDA_VISIBLE_DEVICES=3
On rank 4 and CUDA_VISIBLE_DEVICES=0
On rank 38 and CUDA_VISIBLE_DEVICES=2
On rank 2 and CUDA_VISIBLE_DEVICES=2
On rank 6 and CUDA_VISIBLE_DEVICES=2
On rank 0 and CUDA_VISIBLE_DEVICES=0
On rank 29 and CUDA_VISIBLE_DEVICES=1
On rank 28 and CUDA_VISIBLE_DEVICES=0
On rank 36 and CUDA_VISIBLE_DEVICES=0
On rank 31 and CUDA_VISIBLE_DEVICES=3
On rank 37 and CUDA_VISIBLE_DEVICES=1
On rank 30 and CUDA_VISIBLE_DEVICES=2
On rank 1 and CUDA_VISIBLE_DEVICES=1
On rank 14 and CUDA_VISIBLE_DEVICES=2
On rank 3 and CUDA_VISIBLE_DEVICES=3
02:15:21 - Growth rate = 31.405331, qflux = 18.577232, quasisymmetry = 0.001195 with aspect ratio=7.993778 took 1167.538973s
02:15:21 - Growth rate = 64.013611, qflux = 19.079605, quasisymmetry = 0.001185 with aspect ratio=7.993372 took 1167.390232s
02:15:22 - Growth rate = -12.965952, qflux = 18.147385, quasisymmetry = 0.001186 with aspect ratio=7.993773 took 1168.322857s
02:15:22 - Growth rate = 34.841702, qflux = 18.649509, quasisymmetry = 0.001198 with aspect ratio=7.993777 took 1167.576634s
02:15:22 - Growth rate = 19.192440, qflux = 18.932129, quasisymmetry = 0.001198 with aspect ratio=7.993779 took 1167.909679s
02:15:22 - Growth rate = 36.088493, qflux = 18.361912, quasisymmetry = 0.001197 with aspect ratio=7.993773 took 1167.928388s
02:15:22 - Growth rate = 15.424765, qflux = 18.843102, quasisymmetry = 0.001196 with aspect ratio=7.993773 took 1168.802812s
02:15:22 - Growth rate = 26.842175, qflux = 18.488737, quasisymmetry = 0.001196 with aspect ratio=7.993778 took 1168.898812s
02:15:22 - Growth rate = 32.593430, qflux = 18.643614, quasisymmetry = 0.001200 with aspect ratio=7.993772 took 1168.074728s
02:15:22 - Growth rate = 4.155412, qflux = 18.166105, quasisymmetry = 0.001195 with aspect ratio=7.993778 took 1168.378347s
02:15:22 - Growth rate = 10.472963, qflux = 18.263477, quasisymmetry = 0.001198 with aspect ratio=7.993761 took 1168.550346s
02:15:23 - Growth rate = 75.778450, qflux = 18.675488, quasisymmetry = 0.001198 with aspect ratio=7.993780 took 1169.118627s
02:15:23 - Growth rate = 43.790737, qflux = 18.577806, quasisymmetry = 0.001201 with aspect ratio=7.993778 took 1168.619350s
02:15:23 - Growth rate = -0.149468, qflux = 18.527477, quasisymmetry = 0.001198 with aspect ratio=7.993777 took 1169.525063s
02:15:23 - Growth rate = -58.643143, qflux = 18.774212, quasisymmetry = 0.001198 with aspect ratio=7.993780 took 1168.981204s
02:15:23 - Growth rate = 13.068527, qflux = 18.647543, quasisymmetry = 0.001198 with aspect ratio=7.993779 took 1169.108247s
02:15:23 - Growth rate = -38.335018, qflux = 18.481358, quasisymmetry = 0.001199 with aspect ratio=7.993778 took 1169.434014s
02:15:23 - Growth rate = 30.494528, qflux = 17.494120, quasisymmetry = 0.001201 with aspect ratio=7.993778 took 1169.365145s
02:15:24 - Growth rate = 21.295589, qflux = 18.945593, quasisymmetry = 0.001199 with aspect ratio=7.993779 took 1169.548235s
02:15:24 - Growth rate = 22.785173, qflux = 18.492617, quasisymmetry = 0.001196 with aspect ratio=7.993777 took 1169.608493s
02:15:24 - Growth rate = -25.443977, qflux = 18.514881, quasisymmetry = 0.001205 with aspect ratio=7.993784 took 1169.629227s
02:15:24 - Growth rate = 61.808891, qflux = 18.664272, quasisymmetry = 0.001198 with aspect ratio=7.993778 took 1169.888605s
02:15:24 - Growth rate = 36.804619, qflux = 18.188152, quasisymmetry = 0.001199 with aspect ratio=7.993778 took 1169.821946s
02:15:24 - Growth rate = 58.276985, qflux = 18.682465, quasisymmetry = 0.001197 with aspect ratio=7.993755 took 1169.864889s
02:15:24 - Growth rate = 23.018658, qflux = 18.586098, quasisymmetry = 0.001190 with aspect ratio=7.993908 took 1169.914958s
02:15:24 - Growth rate = 44.385696, qflux = 18.273998, quasisymmetry = 0.001203 with aspect ratio=7.993778 took 1170.323570s
02:15:24 - Growth rate = 94.530792, qflux = 18.320520, quasisymmetry = 0.001198 with aspect ratio=7.993777 took 1170.920116s
02:15:24 - Growth rate = 16.517385, qflux = 18.525377, quasisymmetry = 0.001198 with aspect ratio=7.993782 took 1170.274536s
02:15:24 - Growth rate = 13.619429, qflux = 18.568333, quasisymmetry = 0.001212 with aspect ratio=7.993275 took 1170.205501s
02:15:24 - Growth rate = -25.506475, qflux = 18.327057, quasisymmetry = 0.001199 with aspect ratio=7.993778 took 1170.756871s
02:15:24 - Growth rate = -129.749954, qflux = 18.225876, quasisymmetry = 0.001199 with aspect ratio=7.993781 took 1170.320030s
02:15:25 - Growth rate = 315.242676, qflux = 18.286861, quasisymmetry = 0.001202 with aspect ratio=7.993778 took 1171.056143s
02:15:25 - Growth rate = 58.034637, qflux = 18.439426, quasisymmetry = 0.001177 with aspect ratio=7.993760 took 1170.413731s
02:15:25 - Growth rate = 47.631664, qflux = 18.261520, quasisymmetry = 0.001197 with aspect ratio=7.993777 took 1170.498779s
02:15:25 - Growth rate = 15.982573, qflux = 18.373692, quasisymmetry = 0.001203 with aspect ratio=7.993778 took 1170.662771s
02:15:25 - Growth rate = 35.865891, qflux = 18.490084, quasisymmetry = 0.001202 with aspect ratio=7.993778 took 1171.298754s
02:15:25 - Growth rate = 92.917961, qflux = 18.214859, quasisymmetry = 0.001199 with aspect ratio=7.993779 took 1170.757653s
02:15:25 - Growth rate = 54.305367, qflux = 18.394245, quasisymmetry = 0.001199 with aspect ratio=7.993778 took 1171.320976s
02:15:25 - Growth rate = 5.381414, qflux = 18.047972, quasisymmetry = 0.001192 with aspect ratio=7.993778 took 1171.498826s
02:15:26 - Growth rate = 95.859039, qflux = 18.339375, quasisymmetry = 0.001207 with aspect ratio=7.993777 took 1171.339383s
02:15:26 - Growth rate = 59.077560, qflux = 18.292856, quasisymmetry = 0.001197 with aspect ratio=7.993780 took 1171.407387s
02:15:26 - Growth rate = 61.600918, qflux = 18.631287, quasisymmetry = 0.001199 with aspect ratio=7.993778 took 1171.577207s
02:15:26 - Growth rate = 10.790881, qflux = 18.528233, quasisymmetry = 0.001198 with aspect ratio=7.993778 took 1171.597347s
02:15:26 - Growth rate = 77.949577, qflux = 18.476341, quasisymmetry = 0.001197 with aspect ratio=7.993778 took 1171.442844s
02:15:26 - Growth rate = 10.540374, qflux = 18.754822, quasisymmetry = 0.001205 with aspect ratio=7.993778 took 1171.464023s
02:15:26 - Growth rate = -0.277748, qflux = 18.694963, quasisymmetry = 0.001211 with aspect ratio=7.993778 took 1171.517095s
02:15:26 - Growth rate = 21.212120, qflux = 18.123688, quasisymmetry = 0.001198 with aspect ratio=7.993778 took 1171.664346s
02:15:26 - Growth rate = 2.792440, qflux = 18.130938, quasisymmetry = 0.001196 with aspect ratio=7.993781 took 1172.393744s
       1              2         8.1598e+04      5.16e+04       1.41e-02       7.94e+09    
On rank 0 and CUDA_VISIBLE_DEVICES=0
02:35:21 - Growth rate = 30.013258, qflux = 21.549122, quasisymmetry = 0.000962 with aspect ratio=7.996242 took 1178.577755s
On rank 0 and CUDA_VISIBLE_DEVICES=0
02:55:10 - Growth rate = -17.466682, qflux = 19.855650, quasisymmetry = 0.000236 with aspect ratio=7.999108 took 1176.462044s
On rank 0 and CUDA_VISIBLE_DEVICES=0
03:14:58 - Growth rate = 40.608021, qflux = 20.024117, quasisymmetry = 0.000196 with aspect ratio=8.000099 took 1176.064696s
On rank 0 and CUDA_VISIBLE_DEVICES=0
03:34:49 - Growth rate = 60.049576, qflux = 21.598057, quasisymmetry = 0.000256 with aspect ratio=7.996282 took 1179.676556s
On rank 0 and CUDA_VISIBLE_DEVICES=0
03:54:39 - Growth rate = 18.390949, qflux = 13.484304, quasisymmetry = 0.000550 with aspect ratio=7.993950 took 1177.972399s
On rank 0 and CUDA_VISIBLE_DEVICES=0
04:14:31 - Growth rate = 18.390949, qflux = 13.484304, quasisymmetry = 0.000550 with aspect ratio=7.993950 took 1179.795565s
On rank 39 and CUDA_VISIBLE_DEVICES=3
On rank 38 and CUDA_VISIBLE_DEVICES=2
On rank 13 and CUDA_VISIBLE_DEVICES=1
On rank 34 and CUDA_VISIBLE_DEVICES=2
On rank 32 and CUDA_VISIBLE_DEVICES=0
On rank 12 and CUDA_VISIBLE_DEVICES=0
On rank 36 and CUDA_VISIBLE_DEVICES=0
On rank 37 and CUDA_VISIBLE_DEVICES=1
On rank 0 and CUDA_VISIBLE_DEVICES=0
On rank 1 and CUDA_VISIBLE_DEVICES=1
On rank 2 and CUDA_VISIBLE_DEVICES=2
On rank 35 and CUDA_VISIBLE_DEVICES=3
On rank 11 and CUDA_VISIBLE_DEVICES=3
On rank 33 and CUDA_VISIBLE_DEVICES=1
On rank 27 and CUDA_VISIBLE_DEVICES=3
On rank 15 and CUDA_VISIBLE_DEVICES=3
On rank 26 and CUDA_VISIBLE_DEVICES=2
On rank 14 and CUDA_VISIBLE_DEVICES=2
On rank 3 and CUDA_VISIBLE_DEVICES=3
On rank 25 and CUDA_VISIBLE_DEVICES=1
On rank 20 and CUDA_VISIBLE_DEVICES=0
On rank 24 and CUDA_VISIBLE_DEVICES=0
On rank 21 and CUDA_VISIBLE_DEVICES=1
On rank 22 and CUDA_VISIBLE_DEVICES=2
On rank 23 and CUDA_VISIBLE_DEVICES=3
On rank 8 and CUDA_VISIBLE_DEVICES=0
On rank 4 and CUDA_VISIBLE_DEVICES=0
On rank 6 and CUDA_VISIBLE_DEVICES=2
On rank 10 and CUDA_VISIBLE_DEVICES=2
On rank 7 and CUDA_VISIBLE_DEVICES=3
On rank 5 and CUDA_VISIBLE_DEVICES=1
On rank 28 and CUDA_VISIBLE_DEVICES=0
On rank 31 and CUDA_VISIBLE_DEVICES=3
On rank 30 and CUDA_VISIBLE_DEVICES=2
On rank 29 and CUDA_VISIBLE_DEVICES=1
On rank 16 and CUDA_VISIBLE_DEVICES=0
On rank 18 and CUDA_VISIBLE_DEVICES=2
On rank 17 and CUDA_VISIBLE_DEVICES=1
On rank 19 and CUDA_VISIBLE_DEVICES=3
On rank 9 and CUDA_VISIBLE_DEVICES=1
On rank 43 and CUDA_VISIBLE_DEVICES=3
On rank 40 and CUDA_VISIBLE_DEVICES=0
On rank 41 and CUDA_VISIBLE_DEVICES=1
On rank 42 and CUDA_VISIBLE_DEVICES=2
On rank 45 and CUDA_VISIBLE_DEVICES=1
On rank 44 and CUDA_VISIBLE_DEVICES=0
On rank 46 and CUDA_VISIBLE_DEVICES=2
On rank 47 and CUDA_VISIBLE_DEVICES=3
04:34:10 - Growth rate = 11.936137, qflux = 13.410778, quasisymmetry = 0.000550 with aspect ratio=7.993952 took 1167.596080s
04:34:10 - Growth rate = 26.675461, qflux = 13.763405, quasisymmetry = 0.000551 with aspect ratio=7.993950 took 1168.234784s
04:34:11 - Growth rate = 37.870167, qflux = 13.539412, quasisymmetry = 0.000550 with aspect ratio=7.993950 took 1168.226346s
04:34:11 - Growth rate = 3.184578, qflux = 12.984997, quasisymmetry = 0.000551 with aspect ratio=7.993950 took 1168.433200s
04:34:11 - Growth rate = 32.830261, qflux = 13.791670, quasisymmetry = 0.000549 with aspect ratio=7.993944 took 1168.727034s
04:34:11 - Growth rate = 23.010006, qflux = 13.236000, quasisymmetry = 0.000560 with aspect ratio=7.993447 took 1168.810664s
04:34:11 - Growth rate = 45.131088, qflux = 13.623363, quasisymmetry = 0.000549 with aspect ratio=7.993950 took 1168.824762s
04:34:11 - Growth rate = -2.747374, qflux = 13.881487, quasisymmetry = 0.000555 with aspect ratio=7.993950 took 1168.997682s
04:34:11 - Growth rate = 26.174320, qflux = 13.981504, quasisymmetry = 0.000551 with aspect ratio=7.993950 took 1169.015775s
04:34:11 - Growth rate = 33.587475, qflux = 13.921797, quasisymmetry = 0.000550 with aspect ratio=7.993950 took 1169.024330s
04:34:11 - Growth rate = 49.723625, qflux = 13.560712, quasisymmetry = 0.000550 with aspect ratio=7.993933 took 1169.166513s
04:34:11 - Growth rate = 39.872932, qflux = 14.150717, quasisymmetry = 0.000550 with aspect ratio=7.993950 took 1169.018922s
04:34:11 - Growth rate = 5.351401, qflux = 14.111780, quasisymmetry = 0.000548 with aspect ratio=7.993950 took 1169.255903s
04:34:12 - Growth rate = 59.987091, qflux = 13.400522, quasisymmetry = 0.000550 with aspect ratio=7.993948 took 1169.352211s
04:34:12 - Growth rate = 42.972820, qflux = 13.474300, quasisymmetry = 0.000550 with aspect ratio=7.993951 took 1169.184678s
04:34:12 - Growth rate = 12.849568, qflux = 13.686042, quasisymmetry = 0.000550 with aspect ratio=7.993954 took 1169.767489s
04:34:12 - Growth rate = 202.487183, qflux = 13.508048, quasisymmetry = 0.000549 with aspect ratio=7.993949 took 1169.713192s
04:34:12 - Growth rate = 27.571476, qflux = 13.485849, quasisymmetry = 0.000551 with aspect ratio=7.993950 took 1169.758153s
04:34:12 - Growth rate = 39.028088, qflux = 12.908665, quasisymmetry = 0.000544 with aspect ratio=7.993944 took 1169.934442s
04:34:12 - Growth rate = 123.787399, qflux = 13.543184, quasisymmetry = 0.000550 with aspect ratio=7.993950 took 1169.776026s
04:34:12 - Growth rate = -13.063118, qflux = 13.865265, quasisymmetry = 0.000550 with aspect ratio=7.993950 took 1169.973062s
04:34:12 - Growth rate = 122.568794, qflux = 13.677287, quasisymmetry = 0.000535 with aspect ratio=7.993932 took 1169.929149s
04:34:12 - Growth rate = 8.860027, qflux = 13.222593, quasisymmetry = 0.000550 with aspect ratio=7.993950 took 1170.033591s
04:34:12 - Growth rate = 148.498077, qflux = 13.798576, quasisymmetry = 0.000550 with aspect ratio=7.993949 took 1169.981817s
04:34:13 - Growth rate = 66.845398, qflux = 13.683477, quasisymmetry = 0.000550 with aspect ratio=7.993944 took 1170.196233s
04:34:13 - Growth rate = 23.610931, qflux = 13.728461, quasisymmetry = 0.000547 with aspect ratio=7.993950 took 1170.314238s
04:34:13 - Growth rate = 37.418175, qflux = 13.457803, quasisymmetry = 0.000544 with aspect ratio=7.994080 took 1170.309171s
04:34:13 - Growth rate = 15.641723, qflux = 12.870529, quasisymmetry = 0.000550 with aspect ratio=7.993949 took 1170.323879s
04:34:13 - Growth rate = -5.815485, qflux = 13.371652, quasisymmetry = 0.000546 with aspect ratio=7.993944 took 1170.425166s
04:34:13 - Growth rate = 34.092972, qflux = 13.032418, quasisymmetry = 0.000550 with aspect ratio=7.993950 took 1170.492679s
04:34:13 - Growth rate = 29.572531, qflux = 13.897086, quasisymmetry = 0.000549 with aspect ratio=7.993953 took 1170.758750s
04:34:13 - Growth rate = 84.944908, qflux = 13.477379, quasisymmetry = 0.000550 with aspect ratio=7.993950 took 1170.605570s
04:34:13 - Growth rate = 24.531124, qflux = 13.586333, quasisymmetry = 0.000551 with aspect ratio=7.993950 took 1170.859854s
04:34:13 - Growth rate = 52.820747, qflux = 13.835985, quasisymmetry = 0.000550 with aspect ratio=7.993952 took 1170.971306s
04:34:13 - Growth rate = 7.155504, qflux = 13.828817, quasisymmetry = 0.000550 with aspect ratio=7.993950 took 1171.014493s
04:34:13 - Growth rate = 15.359712, qflux = 13.698542, quasisymmetry = 0.000552 with aspect ratio=7.993949 took 1171.029688s
04:34:14 - Growth rate = 27.018093, qflux = 13.940823, quasisymmetry = 0.000550 with aspect ratio=7.993951 took 1171.289659s
04:34:14 - Growth rate = 49.232586, qflux = 13.921053, quasisymmetry = 0.000541 with aspect ratio=7.993543 took 1171.242676s
04:34:14 - Growth rate = 31.762381, qflux = 13.823303, quasisymmetry = 0.000549 with aspect ratio=7.993927 took 1171.519401s
04:34:14 - Growth rate = 21.450775, qflux = 13.788500, quasisymmetry = 0.000551 with aspect ratio=7.993950 took 1171.428712s
04:34:14 - Growth rate = 25.373575, qflux = 13.966002, quasisymmetry = 0.000551 with aspect ratio=7.993950 took 1171.769517s
04:34:14 - Growth rate = 41.771008, qflux = 14.099483, quasisymmetry = 0.000554 with aspect ratio=7.993956 took 1171.801484s
04:34:14 - Growth rate = 70.058594, qflux = 13.236349, quasisymmetry = 0.000550 with aspect ratio=7.993949 took 1171.844884s
04:34:14 - Growth rate = 34.982315, qflux = 13.720359, quasisymmetry = 0.000551 with aspect ratio=7.993953 took 1171.966435s
04:34:15 - Growth rate = 32.690712, qflux = 13.576146, quasisymmetry = 0.000550 with aspect ratio=7.993950 took 1172.617678s
04:34:15 - Growth rate = 13.426882, qflux = 13.794103, quasisymmetry = 0.000550 with aspect ratio=7.993950 took 1172.783573s
04:34:15 - Growth rate = -27.240938, qflux = 13.525774, quasisymmetry = 0.000551 with aspect ratio=7.993950 took 1173.214252s
04:34:17 - Growth rate = 47.952724, qflux = 13.787657, quasisymmetry = 0.000550 with aspect ratio=7.993950 took 1174.074122s
       2              7         4.5457e+04      3.61e+04       4.78e-05       4.49e+09    
On rank 0 and CUDA_VISIBLE_DEVICES=0
04:54:07 - Growth rate = -1.347260, qflux = 14.289131, quasisymmetry = 0.000346 with aspect ratio=7.994231 took 1179.026729s
On rank 0 and CUDA_VISIBLE_DEVICES=0
05:13:58 - Growth rate = 39.777351, qflux = 13.888359, quasisymmetry = 0.000479 with aspect ratio=7.993996 took 1178.607417s
On rank 0 and CUDA_VISIBLE_DEVICES=0
05:33:48 - Growth rate = 22.154316, qflux = 14.148979, quasisymmetry = 0.000545 with aspect ratio=7.993949 took 1177.933301s
On rank 0 and CUDA_VISIBLE_DEVICES=0
05:53:37 - Growth rate = 23.972439, qflux = 13.999180, quasisymmetry = 0.000549 with aspect ratio=7.993950 took 1176.792441s
On rank 0 and CUDA_VISIBLE_DEVICES=0
06:13:27 - Growth rate = 64.908012, qflux = 13.809199, quasisymmetry = 0.000550 with aspect ratio=7.993950 took 1178.278745s
On rank 0 and CUDA_VISIBLE_DEVICES=0
06:33:18 - Growth rate = 6.974242, qflux = 14.074770, quasisymmetry = 0.000550 with aspect ratio=7.993950 took 1179.027237s
On rank 0 and CUDA_VISIBLE_DEVICES=0
06:53:11 - Growth rate = 37.955482, qflux = 13.675569, quasisymmetry = 0.000550 with aspect ratio=7.993950 took 1180.322918s
On rank 0 and CUDA_VISIBLE_DEVICES=0
07:13:03 - Growth rate = 36.452286, qflux = 13.746006, quasisymmetry = 0.000550 with aspect ratio=7.993950 took 1180.159394s
       3             15         4.5457e+04      0.00e+00       0.00e+00       4.49e+09    
`xtol` termination condition is satisfied.
Function evaluations 15, initial cost 1.3322e+05, final cost 4.5457e+04, first-order optimality 4.49e+09.
Final aspect ratio: 7.993949738061031
Final mean iota: -1.2194395932172495
Final magnetic well: -0.013474829019743844
On rank 13 and CUDA_VISIBLE_DEVICES=1
On rank 12 and CUDA_VISIBLE_DEVICES=0
On rank 14 and CUDA_VISIBLE_DEVICES=2
On rank 15 and CUDA_VISIBLE_DEVICES=3
On rank 33 and CUDA_VISIBLE_DEVICES=1
On rank 32 and CUDA_VISIBLE_DEVICES=0
On rank 43 and CUDA_VISIBLE_DEVICES=3
On rank 42 and CUDA_VISIBLE_DEVICES=2
On rank 28 and CUDA_VISIBLE_DEVICES=0
On rank 6 and CUDA_VISIBLE_DEVICES=2
On rank 39 and CUDA_VISIBLE_DEVICES=3
On rank 47 and CUDA_VISIBLE_DEVICES=3
On rank 5 and CUDA_VISIBLE_DEVICES=1
On rank 36 and CUDA_VISIBLE_DEVICES=0
On rank 45 and CUDA_VISIBLE_DEVICES=1
On rank 46 and CUDA_VISIBLE_DEVICES=2
On rank 38 and CUDA_VISIBLE_DEVICES=2
On rank 37 and CUDA_VISIBLE_DEVICES=1
On rank 44 and CUDA_VISIBLE_DEVICES=0
On rank 25 and CUDA_VISIBLE_DEVICES=1
On rank 7 and CUDA_VISIBLE_DEVICES=3
On rank 34 and CUDA_VISIBLE_DEVICES=2
On rank 27 and CUDA_VISIBLE_DEVICES=3
On rank 35 and CUDA_VISIBLE_DEVICES=3
On rank 26 and CUDA_VISIBLE_DEVICES=2
On rank 24 and CUDA_VISIBLE_DEVICES=0
On rank 30 and CUDA_VISIBLE_DEVICES=2
On rank 4 and CUDA_VISIBLE_DEVICES=0
On rank 31 and CUDA_VISIBLE_DEVICES=3
On rank 29 and CUDA_VISIBLE_DEVICES=1
On rank 41 and CUDA_VISIBLE_DEVICES=1
On rank 40 and CUDA_VISIBLE_DEVICES=0
On rank 8 and CUDA_VISIBLE_DEVICES=0
On rank 11 and CUDA_VISIBLE_DEVICES=3
On rank 9 and CUDA_VISIBLE_DEVICES=1
On rank 10 and CUDA_VISIBLE_DEVICES=2
On rank 1 and CUDA_VISIBLE_DEVICES=1
On rank 0 and CUDA_VISIBLE_DEVICES=0
On rank 2 and CUDA_VISIBLE_DEVICES=2
On rank 20 and CUDA_VISIBLE_DEVICES=0
On rank 23 and CUDA_VISIBLE_DEVICES=3
On rank 22 and CUDA_VISIBLE_DEVICES=2
On rank 21 and CUDA_VISIBLE_DEVICES=1
On rank 3 and CUDA_VISIBLE_DEVICES=3
On rank 16 and CUDA_VISIBLE_DEVICES=0
On rank 18 and CUDA_VISIBLE_DEVICES=2
On rank 19 and CUDA_VISIBLE_DEVICES=3
On rank 17 and CUDA_VISIBLE_DEVICES=1
Final heat flux: 13.484304
[Errno 2] No such file or directory: '/m100/home/userexternal/rjorge00/some_optimizations/GX_SIMSOPT/output_MAXITER150_least_squares_nfp4_QH_QH_nonlinear/convert_VMEC_to_GX'
 - - - - - - - - - - - - - - - - - - - - - - - - - - - - - - - - -
  SEQ =    1 TIME SLICE  0.0000E+00
  PROCESSING INPUT.final
  THIS IS PARVMEC (PARALLEL VMEC), VERSION 9.0
  Lambda: Full Radial Mesh. L-Force: hybrid full/half.

  COMPUTER: powerpc64le-conda_cos7-linux-gnu   OS:    RELEASE:   DATE = Nov 25,2022  TIME = 07:32:45

  NS =   16 NO. FOURIER MODES =   50 FTOLV =  1.000E-12 NITER =   4000
  PROCESSOR COUNT - RADIAL:    1
 INITIAL JACOBIAN CHANGED SIGN!
 TRYING TO IMPROVE INITIAL MAGNETIC AXIS GUESS
  ---- Improved AXIS Guess ----
      RAXIS_CC =    1.0055983689210144       0.21222158064982372        2.8919605404829858E-002  -1.3013464364325543E-003  -1.2933847799866452E-003  -3.1417416711805768E-003
      ZAXIS_CS =   -0.0000000000000000       0.18198989440871205        1.8603460994095773E-002  -5.2080113122803433E-003  -3.6534500099880377E-003  -8.0437095122980965E-004
  -----------------------------

  ITER    FSQR      FSQZ      FSQL    RAX(v=0)    DELT       WMHD

    1  3.22E-02  2.16E-02  3.27E-02  1.241E+00  9.00E-01  1.4958E-01
  200  3.34E-09  1.79E-09  1.30E-09  1.231E+00  8.10E-01  1.4634E-01
  400  3.74E-11  1.96E-11  2.33E-11  1.231E+00  8.10E-01  1.4634E-01
  600  1.63E-12  9.70E-13  1.09E-12  1.231E+00  8.10E-01  1.4634E-01
  622  9.89E-13  6.18E-13  7.01E-13  1.231E+00  8.10E-01  1.4634E-01

  NS =   51 NO. FOURIER MODES =   50 FTOLV =  1.000E-13 NITER =  10000
  PROCESSOR COUNT - RADIAL:    1

  ITER    FSQR      FSQZ      FSQL    RAX(v=0)    DELT       WMHD

    1  6.05E-03  1.81E-03  4.13E-06  1.231E+00  9.00E-01  1.4634E-01
  200  2.14E-09  1.52E-09  3.74E-11  1.231E+00  6.87E-01  1.4634E-01
  400  2.89E-11  1.03E-11  2.43E-12  1.231E+00  6.87E-01  1.4634E-01
  600  1.57E-12  7.89E-13  3.83E-13  1.231E+00  6.87E-01  1.4634E-01
  800  2.31E-13  1.04E-13  2.41E-14  1.231E+00  6.87E-01  1.4634E-01
  904  9.74E-14  4.05E-14  1.92E-14  1.231E+00  6.87E-01  1.4634E-01

  NS =  101 NO. FOURIER MODES =   50 FTOLV =  1.000E-14 NITER =   4000
  PROCESSOR COUNT - RADIAL:    1

  ITER    FSQR      FSQZ      FSQL    RAX(v=0)    DELT       WMHD

    1  5.14E-03  1.31E-03  5.44E-08  1.231E+00  9.00E-01  1.4634E-01
  200  1.99E-09  3.58E-09  1.83E-12  1.231E+00  5.57E-01  1.4634E-01
  400  6.21E-11  3.92E-11  1.34E-13  1.231E+00  5.57E-01  1.4634E-01
  600  4.14E-12  2.29E-12  3.14E-14  1.231E+00  5.57E-01  1.4634E-01
  800  7.28E-13  4.39E-13  1.26E-14  1.231E+00  5.57E-01  1.4634E-01
 1000  2.92E-13  2.21E-13  2.05E-15  1.231E+00  5.57E-01  1.4634E-01
 1200  6.58E-14  3.81E-14  6.15E-16  1.231E+00  5.57E-01  1.4634E-01
 1380  9.93E-15  5.53E-15  2.65E-16  1.231E+00  5.57E-01  1.4634E-01

 EXECUTION TERMINATED NORMALLY

 FILE : final_000_000000
 NUMBER OF JACOBIAN RESETS =    4

    TOTAL COMPUTATIONAL TIME (SEC)        12.65
    TIME TO INPUT/OUTPUT                   0.04
       READ IN DATA                        0.00
       WRITE OUT DATA TO WOUT              0.04
    TIME IN FUNCT3D                       12.50
       BCOVAR FIELDS                       1.92
       FOURIER TRANSFORM                   2.17
       INVERSE FOURIER TRANSFORM           2.02
       FORCES AND SYMMETRIZE               2.16
       RESIDUE                             3.25
       EQFORCE                             0.00
nfp:  4
ns:  101
mpol:  5
ntor:  5
Aminor_p:  0.12515847921049852
Rmajor_p:  1.0005105921008803
aspect:             7.99394973806102
Rmajor_p/Aminor_p:  7.99394973806102
betatotal:  0.0
betapol:    0.0
betator:    0.0
betaxis:    0.0
ctor:    -6.916332908377456e-11
bmnc.shape: (101, 128)
bmns.shape: (101, 128)
Creating Boozer class for vmec_final
Defining surfaces where to compute Boozer coordinates
 booz_surfaces=[0.  0.1 0.2 0.3 0.4 0.5 0.6 0.7 0.8 0.9]
Running BOOZ_XFORM
mnmax: 50  len(xm): 50  len(xn): 50
mnmax_nyq: 128  len(xm_nyq): 128  len(xn_nyq): 128
Read ns=101, mpol=5, ntor=5, mnmax=50, mnmax_nyq=128
compute_surfs (0-based indices):  0 10 20 30 39 49 60 70 79 89
Initializing with mboz=64, nboz=64
ntheta = 258, nzeta = 258, # threads = 4
                   |        outboard (theta=0)      |      inboard (theta=pi)      |
thread js_b js zeta| |B|input  |B|Boozer    Error   | |B|input  |B|Boozer    Error |
------------------------------------------------------------------------------------
   1     3  30   0  8.920e-01  8.920e-01  1.207e-14  1.071e+00  1.071e+00  1.907e-14
                pi  1.069e+00  1.069e+00  9.136e-15  8.919e-01  8.919e-01  1.232e-14
   3     8  79   0  8.452e-01  8.452e-01  3.809e-15  1.137e+00  1.137e+00  1.249e-14
                pi  1.132e+00  1.132e+00  5.491e-15  8.416e-01  8.416e-01  4.089e-15
   2     6  60   0  8.605e-01  8.605e-01  4.774e-15  1.115e+00  1.115e+00  1.016e-14
                pi  1.111e+00  1.111e+00  1.119e-14  8.589e-01  8.589e-01  2.081e-14
   0     0   0   0  9.645e-01  9.645e-01  3.568e-15  9.872e-01  9.872e-01  2.058e-14
                pi  9.863e-01  9.863e-01  2.589e-15  9.638e-01  9.638e-01  7.487e-15
   1     4  39   0  8.812e-01  8.812e-01  8.819e-15  1.086e+00  1.086e+00  5.317e-15
                pi  1.083e+00  1.083e+00  1.517e-14  8.808e-01  8.808e-01  4.033e-15
   3     9  89   0  8.381e-01  8.381e-01  9.538e-15  1.149e+00  1.149e+00  1.991e-14
                pi  1.142e+00  1.142e+00  2.722e-15  8.331e-01  8.331e-01  1.839e-14
   2     7  70   0  8.522e-01  8.522e-01  2.124e-14  1.127e+00  1.127e+00  3.743e-15
                pi  1.123e+00  1.123e+00  1.187e-14  8.496e-01  8.496e-01  1.398e-14
   0     1  10   0  9.253e-01  9.253e-01  8.519e-15  1.030e+00  1.030e+00  4.742e-15
                pi  1.029e+00  1.029e+00  1.014e-14  9.253e-01  9.253e-01  1.044e-14
   1     5  49   0  8.707e-01  8.707e-01  1.403e-15  1.100e+00  1.100e+00  1.070e-14
                pi  1.097e+00  1.097e+00  6.273e-15  8.699e-01  8.699e-01  3.535e-14
   0     2  20   0  9.063e-01  9.063e-01  4.410e-15  1.053e+00  1.053e+00  1.919e-14
                pi  1.051e+00  1.051e+00  4.224e-15  9.064e-01  9.064e-01  7.104e-15
Writing output to /m100/home/userexternal/rjorge00/some_optimizations/GX_SIMSOPT/output_MAXITER150_least_squares_nfp4_QH_QH_nonlinear/boozmn_single_stage.nc
Plot BOOZ_XFORM
[Errno 2] No such file or directory: '/m100/home/userexternal/rjorge00/some_optimizations/GX_SIMSOPT/output_MAXITER150_least_squares_nfp4_QH_QH_nonlinear/gx'
Whole optimization took 28649.955951s
