perl: warning: Setting locale failed.
perl: warning: Please check that your locale settings:
	LANGUAGE = (unset),
	LC_ALL = (unset),
	LC_CTYPE = "UTF-8",
	LANG = "en_US.UTF-8"
    are supported and installed on your system.
perl: warning: Falling back to a fallback locale ("en_US.UTF-8").
Initial aspect ratio: 6.000114150210393
Initial mean iota: 0.4190692975001252
Initial magnetic well: -0.030892210701449766
Initial growth rate: 0.30390978
## Now calculating total objective function ##
14:45:15 - Growth rate = 0.303910, quasisymmetry = 0.000822 with aspect ratio=6.000114 took 7.456614s
Total objective before optimization: 0.9244340562952787
-------------------------
Optimizing with max_mode = 3
-------------------------
14:45:29 - Growth rate = 0.303910, quasisymmetry = 0.000822 with aspect ratio=6.000114 took 7.223683s
14:45:44 - Growth rate = 0.303910, quasisymmetry = 0.000822 with aspect ratio=6.000114 took 7.273780s
14:45:57 - Growth rate = 0.303910, quasisymmetry = 0.000822 with aspect ratio=6.000114 took 7.310854s
[Errno 2] No such file or directory: '/m100/home/userexternal/rjorge00/some_optimizations/GX_SIMSOPT/output_MAXITER150_least_squares_nfp2_QA_QA/gx-geometry-sample.ing'
[Errno 2] No such file or directory: '/m100/home/userexternal/rjorge00/some_optimizations/GX_SIMSOPT/output_MAXITER150_least_squares_nfp2_QA_QA/gx-geometry-sample.ing'
[Errno 26] Text file busy: '/m100/home/userexternal/rjorge00/some_optimizations/GX_SIMSOPT/output_MAXITER150_least_squares_nfp2_QA_QA/convert_VMEC_to_GX'
14:46:04 - Growth rate = 100.000000, quasisymmetry = 0.000820 with aspect ratio=6.000114 took 0.430698s
14:46:05 - Growth rate = 100.000000, quasisymmetry = 0.000822 with aspect ratio=6.000114 took 0.432321s
14:46:05 - Growth rate = 100.000000, quasisymmetry = 0.000822 with aspect ratio=6.000115 took 0.439107s
[Errno 2] No such file or directory: b'/m100/home/userexternal/rjorge00/some_optimizations/GX_SIMSOPT/output_MAXITER150_least_squares_nfp2_QA_QA/gxRun_wout_nfp2_QA_000_000004.nc'
14:46:06 - Growth rate = 100.000000, quasisymmetry = 0.000822 with aspect ratio=6.000114 took 2.114682s
[Errno 26] Text file busy: './convert_VMEC_to_GX'
14:46:12 - Growth rate = 100.000000, quasisymmetry = 0.000822 with aspect ratio=6.000114 took 0.589471s
14:46:26 - Growth rate = 0.303886, quasisymmetry = 0.000823 with aspect ratio=5.999781 took 15.326557s
[Errno 2] No such file or directory: b'/m100/home/userexternal/rjorge00/some_optimizations/GX_SIMSOPT/output_MAXITER150_least_squares_nfp2_QA_QA/gxRun_wout_nfp2_QA_002_000002.nc'
14:46:28 - Growth rate = 100.000000, quasisymmetry = 0.000823 with aspect ratio=6.000114 took 16.317552s
[Errno 2] No such file or directory: b'/m100/home/userexternal/rjorge00/some_optimizations/GX_SIMSOPT/output_MAXITER150_least_squares_nfp2_QA_QA/gxRun_wout_nfp2_QA_000_000005.nc'
14:46:30 - Growth rate = 100.000000, quasisymmetry = 0.000823 with aspect ratio=6.000075 took 16.781089s
[Errno 2] No such file or directory: b'/m100/home/userexternal/rjorge00/some_optimizations/GX_SIMSOPT/output_MAXITER150_least_squares_nfp2_QA_QA/gxRun_wout_nfp2_QA_001_000003.nc'
14:46:32 - Growth rate = 100.000000, quasisymmetry = 0.000823 with aspect ratio=6.000113 took 13.074659s
14:46:47 - Growth rate = 0.303902, quasisymmetry = 0.000821 with aspect ratio=6.000114 took 13.641543s
[Errno 2] No such file or directory: b'/m100/home/userexternal/rjorge00/some_optimizations/GX_SIMSOPT/output_MAXITER150_least_squares_nfp2_QA_QA/gxRun_wout_nfp2_QA_002_000003.nc'
14:46:50 - Growth rate = 100.000000, quasisymmetry = 0.000823 with aspect ratio=6.000114 took 15.735742s
[Errno 2] No such file or directory: b'/m100/home/userexternal/rjorge00/some_optimizations/GX_SIMSOPT/output_MAXITER150_least_squares_nfp2_QA_QA/gxRun_wout_nfp2_QA_000_000006.nc'
14:46:53 - Growth rate = 100.000000, quasisymmetry = 0.000822 with aspect ratio=6.000114 took 16.449299s
[Errno 2] No such file or directory: b'/m100/home/userexternal/rjorge00/some_optimizations/GX_SIMSOPT/output_MAXITER150_least_squares_nfp2_QA_QA/gxRun_wout_nfp2_QA_001_000004.nc'
14:46:55 - Growth rate = 100.000000, quasisymmetry = 0.000822 with aspect ratio=6.000116 took 15.064608s
14:47:03 - Growth rate = 0.303902, quasisymmetry = 0.000822 with aspect ratio=6.000112 took 8.746191s
terminate called after throwing an instance of 'std::runtime_error'
  what():  toml::parse: file open error -> /m100/home/userexternal/rjorge00/some_optimizations/GX_SIMSOPT/output_MAXITER150_least_squares_nfp2_QA_QA/gxRun_wout_nfp2_QA_001_000005.in
[Errno 2] No such file or directory: b'/m100/home/userexternal/rjorge00/some_optimizations/GX_SIMSOPT/output_MAXITER150_least_squares_nfp2_QA_QA/gxRun_wout_nfp2_QA_001_000005.nc'
14:47:04 - Growth rate = 100.000000, quasisymmetry = 0.000822 with aspect ratio=6.000114 took 2.466557s
[Errno 2] No such file or directory: b'/m100/home/userexternal/rjorge00/some_optimizations/GX_SIMSOPT/output_MAXITER150_least_squares_nfp2_QA_QA/gxRun_wout_nfp2_QA_002_000004.nc'
14:47:09 - Growth rate = 100.000000, quasisymmetry = 0.000822 with aspect ratio=6.000115 took 11.713893s
[Errno 2] No such file or directory: b'/m100/home/userexternal/rjorge00/some_optimizations/GX_SIMSOPT/output_MAXITER150_least_squares_nfp2_QA_QA/gxRun_wout_nfp2_QA_000_000007.nc'
14:47:10 - Growth rate = 100.000000, quasisymmetry = 0.000822 with aspect ratio=6.000115 took 10.653913s
terminate called after throwing an instance of 'std::runtime_error'
  what():  toml::parse: file open error -> /m100/home/userexternal/rjorge00/some_optimizations/GX_SIMSOPT/output_MAXITER150_least_squares_nfp2_QA_QA/gxRun_wout_nfp2_QA_000_000008.in
slurmstepd: error: *** JOB 8640542 ON r231n10 CANCELLED AT 2022-11-14T14:47:20 ***
14:47:19 - Growth rate = 0.303918, quasisymmetry = 0.000822 with aspect ratio=6.000114 took 10.002141s
[Errno 2] No such file or directory: b'/m100/home/userexternal/rjorge00/some_optimizations/GX_SIMSOPT/output_MAXITER150_least_squares_nfp2_QA_QA/gxRun_wout_nfp2_QA_000_000008.nc'
14:47:20 - Growth rate = 100.000000, quasisymmetry = 0.000822 with aspect ratio=6.000115 took 2.450645s
