perl: warning: Setting locale failed.
perl: warning: Please check that your locale settings:
	LANGUAGE = (unset),
	LC_ALL = (unset),
	LC_CTYPE = "UTF-8",
	LANG = "en_US.UTF-8"
    are supported and installed on your system.
perl: warning: Falling back to a fallback locale ("en_US.UTF-8").
Initial aspect ratio: 8.000967056664201
Initial mean iota: -1.2414619577370025
Initial magnetic well: -0.014518732731757817
Initial growth rate: 0.32905445
## Now calculating total objective function ##
18:54:06 - Growth rate = 0.329054, quasisymmetry = 0.035078 with aspect ratio=8.000967 took 8.681034s
Total objective before optimization: 10.862760765298262
-------------------------
Optimizing with max_mode = 3
-------------------------
18:54:25 - Growth rate = 0.329054, quasisymmetry = 0.035078 with aspect ratio=8.000967 took 8.710149s
18:54:46 - Growth rate = 0.329054, quasisymmetry = 0.035078 with aspect ratio=8.000967 took 8.745727s
18:55:05 - Growth rate = 0.329054, quasisymmetry = 0.035078 with aspect ratio=8.000967 took 8.634885s
18:55:42 - Growth rate = 0.329054, quasisymmetry = 0.035068 with aspect ratio=8.000967 took 26.696717s
18:55:43 - Growth rate = 0.329062, quasisymmetry = 0.035114 with aspect ratio=8.000971 took 27.172870s
18:55:43 - Growth rate = 0.329062, quasisymmetry = 0.035142 with aspect ratio=8.000967 took 27.362922s
18:55:43 - Growth rate = 0.329054, quasisymmetry = 0.035109 with aspect ratio=8.000967 took 27.828341s
18:56:18 - Growth rate = 0.329023, quasisymmetry = 0.035212 with aspect ratio=8.000566 took 24.494964s
18:56:20 - Growth rate = 0.329054, quasisymmetry = 0.035166 with aspect ratio=8.000960 took 25.861056s
18:56:20 - Growth rate = 0.329047, quasisymmetry = 0.035155 with aspect ratio=8.000961 took 26.118388s
18:56:21 - Growth rate = 0.329031, quasisymmetry = 0.035167 with aspect ratio=8.000955 took 26.298573s
18:56:48 - Growth rate = 0.329047, quasisymmetry = 0.035063 with aspect ratio=8.000967 took 19.367323s
18:56:54 - Growth rate = 0.329047, quasisymmetry = 0.035109 with aspect ratio=8.000968 took 24.315695s
18:56:55 - Growth rate = 0.329062, quasisymmetry = 0.035072 with aspect ratio=8.000971 took 24.381114s
18:56:56 - Growth rate = 0.329054, quasisymmetry = 0.035114 with aspect ratio=8.000967 took 24.624315s
18:57:07 - Growth rate = 0.329062, quasisymmetry = 0.035090 with aspect ratio=8.000971 took 8.566987s
18:57:25 - Growth rate = 0.329062, quasisymmetry = 0.035076 with aspect ratio=8.000944 took 19.272819s
18:57:27 - Growth rate = 0.329062, quasisymmetry = 0.035128 with aspect ratio=8.000967 took 21.016443s
18:57:29 - Growth rate = 0.329054, quasisymmetry = 0.035080 with aspect ratio=8.000969 took 21.514255s
18:57:33 - Growth rate = 0.329054, quasisymmetry = 0.035080 with aspect ratio=8.000966 took 14.493839s
18:57:49 - Growth rate = 0.329047, quasisymmetry = 0.035085 with aspect ratio=8.000967 took 13.332578s
18:57:59 - Growth rate = 0.329047, quasisymmetry = 0.035078 with aspect ratio=8.000968 took 20.471203s
18:58:01 - Growth rate = 0.329047, quasisymmetry = 0.035082 with aspect ratio=8.000967 took 20.852208s
18:58:02 - Growth rate = 0.329062, quasisymmetry = 0.035092 with aspect ratio=8.000967 took 18.582206s
18:58:09 - Growth rate = 0.329039, quasisymmetry = 0.035079 with aspect ratio=8.000969 took 8.756895s
18:58:28 - Growth rate = 0.329062, quasisymmetry = 0.035077 with aspect ratio=8.000967 took 17.804173s
18:58:31 - Growth rate = 0.329062, quasisymmetry = 0.035094 with aspect ratio=8.000967 took 20.307762s
18:58:34 - Growth rate = 0.329054, quasisymmetry = 0.035094 with aspect ratio=8.000967 took 21.086325s
18:58:37 - Growth rate = 0.329062, quasisymmetry = 0.035040 with aspect ratio=8.000967 took 16.668942s
18:58:51 - Growth rate = 0.329054, quasisymmetry = 0.035132 with aspect ratio=8.000967 took 12.126062s
18:59:00 - Growth rate = 0.329054, quasisymmetry = 0.035051 with aspect ratio=8.000967 took 18.862972s
18:59:04 - Growth rate = 0.329047, quasisymmetry = 0.034998 with aspect ratio=8.000468 took 19.251627s
18:59:06 - Growth rate = 0.329070, quasisymmetry = 0.035165 with aspect ratio=8.000974 took 17.397507s
18:59:12 - Growth rate = 0.329047, quasisymmetry = 0.034989 with aspect ratio=8.000962 took 9.280892s
18:59:23 - Growth rate = 0.329062, quasisymmetry = 0.035114 with aspect ratio=8.001096 took 11.455990s
18:59:35 - Growth rate = 0.329054, quasisymmetry = 0.035070 with aspect ratio=8.000968 took 19.293005s
18:59:35 - Growth rate = 0.329062, quasisymmetry = 0.035057 with aspect ratio=8.000967 took 19.582971s
18:59:39 - Growth rate = 0.329039, quasisymmetry = 0.035073 with aspect ratio=8.000967 took 16.226458s
18:59:44 - Growth rate = 0.329054, quasisymmetry = 0.035151 with aspect ratio=8.000967 took 9.772361s
19:00:04 - Growth rate = 0.329047, quasisymmetry = 0.035065 with aspect ratio=8.000971 took 18.224679s
19:00:07 - Growth rate = 0.329047, quasisymmetry = 0.035077 with aspect ratio=8.000938 took 20.576122s
19:00:10 - Growth rate = 0.329054, quasisymmetry = 0.035128 with aspect ratio=8.000967 took 21.134745s
19:00:13 - Growth rate = 0.329054, quasisymmetry = 0.035075 with aspect ratio=8.000965 took 17.289983s
19:00:26 - Growth rate = 0.329070, quasisymmetry = 0.035080 with aspect ratio=8.000967 took 11.417484s
19:00:36 - Growth rate = 0.329054, quasisymmetry = 0.035082 with aspect ratio=8.000967 took 18.596263s
19:00:40 - Growth rate = 0.329070, quasisymmetry = 0.035078 with aspect ratio=8.000968 took 19.101374s
19:00:42 - Growth rate = 0.329062, quasisymmetry = 0.035079 with aspect ratio=8.000966 took 17.855039s
19:00:47 - Growth rate = 0.329054, quasisymmetry = 0.035088 with aspect ratio=8.000967 took 9.925769s
19:01:01 - Growth rate = 0.329062, quasisymmetry = 0.035075 with aspect ratio=8.000969 took 13.625970s
19:01:07 - Growth rate = 0.329062, quasisymmetry = 0.035083 with aspect ratio=8.000967 took 16.852038s
19:01:09 - Growth rate = 0.329054, quasisymmetry = 0.035089 with aspect ratio=8.000967 took 16.067564s
   Iteration     Total nfev        Cost      Cost reduction    Step norm     Optimality   
       0              1         5.4314e+00                                    5.25e+02    
19:01:31 - Growth rate = 0.328390, quasisymmetry = 0.049552 with aspect ratio=7.999219 took 8.861159s
19:01:51 - Growth rate = 0.328390, quasisymmetry = 0.049552 with aspect ratio=7.999219 took 8.603752s
19:02:29 - Growth rate = 0.328398, quasisymmetry = 0.049530 with aspect ratio=7.999219 took 26.674176s
19:02:29 - Growth rate = 0.328406, quasisymmetry = 0.049606 with aspect ratio=7.999223 took 27.151034s
19:02:29 - Growth rate = 0.328390, quasisymmetry = 0.049554 with aspect ratio=7.999219 took 27.176878s
19:02:30 - Growth rate = 0.328390, quasisymmetry = 0.049523 with aspect ratio=7.999219 took 27.733275s
19:03:04 - Growth rate = 0.328359, quasisymmetry = 0.049467 with aspect ratio=7.998849 took 24.537610s
19:03:06 - Growth rate = 0.328382, quasisymmetry = 0.049590 with aspect ratio=7.999215 took 26.354708s
19:03:06 - Growth rate = 0.328382, quasisymmetry = 0.049350 with aspect ratio=7.999237 took 26.361627s
19:03:07 - Growth rate = 0.328374, quasisymmetry = 0.049493 with aspect ratio=7.999220 took 26.507436s
19:03:34 - Growth rate = 0.328390, quasisymmetry = 0.049551 with aspect ratio=7.999221 took 19.093057s
19:03:41 - Growth rate = 0.328382, quasisymmetry = 0.049560 with aspect ratio=7.999220 took 24.527915s
19:03:42 - Growth rate = 0.328390, quasisymmetry = 0.049538 with aspect ratio=7.999219 took 24.615953s
19:03:42 - Growth rate = 0.328390, quasisymmetry = 0.049555 with aspect ratio=7.999220 took 24.692374s
19:03:54 - Growth rate = 0.328382, quasisymmetry = 0.049556 with aspect ratio=7.999221 took 8.736950s
19:04:09 - Growth rate = 0.328390, quasisymmetry = 0.049545 with aspect ratio=7.999208 took 17.807396s
19:04:14 - Growth rate = 0.328390, quasisymmetry = 0.049522 with aspect ratio=7.999214 took 20.941005s
19:04:14 - Growth rate = 0.328382, quasisymmetry = 0.049543 with aspect ratio=7.999220 took 21.068597s
19:04:19 - Growth rate = 0.328390, quasisymmetry = 0.049552 with aspect ratio=7.999220 took 13.629570s
19:04:31 - Growth rate = 0.328390, quasisymmetry = 0.049515 with aspect ratio=7.999219 took 10.803465s
19:04:44 - Growth rate = 0.328398, quasisymmetry = 0.049555 with aspect ratio=7.999218 took 19.854766s
19:04:45 - Growth rate = 0.328374, quasisymmetry = 0.049555 with aspect ratio=7.999219 took 20.024564s
19:04:48 - Growth rate = 0.328390, quasisymmetry = 0.049542 with aspect ratio=7.999219 took 18.262223s
19:04:53 - Growth rate = 0.328390, quasisymmetry = 0.049552 with aspect ratio=7.999221 took 10.643683s
19:05:15 - Growth rate = 0.328406, quasisymmetry = 0.049551 with aspect ratio=7.999220 took 19.960573s
19:05:17 - Growth rate = 0.328406, quasisymmetry = 0.049546 with aspect ratio=7.999219 took 21.054262s
19:05:20 - Growth rate = 0.328390, quasisymmetry = 0.049550 with aspect ratio=7.999219 took 21.849185s
19:05:22 - Growth rate = 0.328414, quasisymmetry = 0.049453 with aspect ratio=7.999219 took 18.334859s
19:05:43 - Growth rate = 0.328390, quasisymmetry = 0.049600 with aspect ratio=7.999219 took 16.748116s
19:05:48 - Growth rate = 0.328390, quasisymmetry = 0.049510 with aspect ratio=7.999218 took 20.646182s
19:05:52 - Growth rate = 0.328398, quasisymmetry = 0.049672 with aspect ratio=7.998752 took 21.103381s
19:05:53 - Growth rate = 0.328398, quasisymmetry = 0.049636 with aspect ratio=7.999226 took 19.815722s
19:06:03 - Growth rate = 0.328382, quasisymmetry = 0.049480 with aspect ratio=7.999303 took 9.620245s
19:06:13 - Growth rate = 0.328398, quasisymmetry = 0.049445 with aspect ratio=7.999223 took 14.486501s
19:06:20 - Growth rate = 0.328398, quasisymmetry = 0.049536 with aspect ratio=7.999220 took 17.935460s
19:06:22 - Growth rate = 0.328390, quasisymmetry = 0.049599 with aspect ratio=7.999219 took 18.121244s
19:06:26 - Growth rate = 0.328398, quasisymmetry = 0.049546 with aspect ratio=7.999219 took 11.826321s
19:06:33 - Growth rate = 0.328390, quasisymmetry = 0.049565 with aspect ratio=7.999219 took 8.655621s
19:06:43 - Growth rate = 0.328390, quasisymmetry = 0.049554 with aspect ratio=7.999222 took 12.725849s
19:06:50 - Growth rate = 0.328406, quasisymmetry = 0.049533 with aspect ratio=7.999203 took 17.103241s
19:06:55 - Growth rate = 0.328390, quasisymmetry = 0.049543 with aspect ratio=7.999207 took 17.745505s
19:06:58 - Growth rate = 0.328398, quasisymmetry = 0.049568 with aspect ratio=7.999219 took 14.029779s
19:07:03 - Growth rate = 0.328390, quasisymmetry = 0.049554 with aspect ratio=7.999218 took 8.812728s
19:07:09 - Growth rate = 0.328398, quasisymmetry = 0.049518 with aspect ratio=7.999219 took 8.832611s
19:07:20 - Growth rate = 0.328398, quasisymmetry = 0.049549 with aspect ratio=7.999218 took 13.687961s
19:07:25 - Growth rate = 0.328390, quasisymmetry = 0.049550 with aspect ratio=7.999218 took 16.459777s
19:07:30 - Growth rate = 0.328390, quasisymmetry = 0.049546 with aspect ratio=7.999219 took 16.936883s
19:07:33 - Growth rate = 0.328390, quasisymmetry = 0.049554 with aspect ratio=7.999220 took 12.726452s
19:07:40 - Growth rate = 0.328390, quasisymmetry = 0.049551 with aspect ratio=7.999220 took 9.530876s
19:07:45 - Growth rate = 0.328398, quasisymmetry = 0.049553 with aspect ratio=7.999219 took 9.825410s
       1              2         5.4168e+00      1.46e-02       6.28e-02       5.20e+02    
19:08:08 - Growth rate = 0.308277, quasisymmetry = 0.017759 with aspect ratio=7.999479 took 8.718188s
19:08:27 - Growth rate = 0.308277, quasisymmetry = 0.017759 with aspect ratio=7.999479 took 8.627865s
19:09:04 - Growth rate = 0.308277, quasisymmetry = 0.017753 with aspect ratio=7.999478 took 26.826171s
19:09:05 - Growth rate = 0.308269, quasisymmetry = 0.017746 with aspect ratio=7.999478 took 27.187657s
19:09:05 - Growth rate = 0.308285, quasisymmetry = 0.017708 with aspect ratio=7.999484 took 27.118710s
19:09:05 - Growth rate = 0.308269, quasisymmetry = 0.017764 with aspect ratio=7.999479 took 27.633173s
19:09:40 - Growth rate = 0.308253, quasisymmetry = 0.017734 with aspect ratio=7.999489 took 24.563877s
19:09:42 - Growth rate = 0.308269, quasisymmetry = 0.017749 with aspect ratio=7.999481 took 26.117190s
19:09:42 - Growth rate = 0.308293, quasisymmetry = 0.017713 with aspect ratio=7.999478 took 26.294585s
19:09:42 - Growth rate = 0.308237, quasisymmetry = 0.017709 with aspect ratio=7.999106 took 26.373720s
19:10:10 - Growth rate = 0.308285, quasisymmetry = 0.017747 with aspect ratio=7.999479 took 19.531358s
19:10:16 - Growth rate = 0.308277, quasisymmetry = 0.017756 with aspect ratio=7.999482 took 24.424639s
19:10:17 - Growth rate = 0.308285, quasisymmetry = 0.017749 with aspect ratio=7.999479 took 24.669631s
19:10:18 - Growth rate = 0.308261, quasisymmetry = 0.017756 with aspect ratio=7.999480 took 24.721373s
19:10:29 - Growth rate = 0.308277, quasisymmetry = 0.017761 with aspect ratio=7.999470 took 8.758153s
19:10:46 - Growth rate = 0.308277, quasisymmetry = 0.017745 with aspect ratio=7.999480 took 19.589344s
19:10:49 - Growth rate = 0.308277, quasisymmetry = 0.017759 with aspect ratio=7.999471 took 21.388460s
19:10:49 - Growth rate = 0.308277, quasisymmetry = 0.017756 with aspect ratio=7.999480 took 21.538529s
19:10:54 - Growth rate = 0.308277, quasisymmetry = 0.017758 with aspect ratio=7.999478 took 13.520508s
19:11:15 - Growth rate = 0.308285, quasisymmetry = 0.017762 with aspect ratio=7.999476 took 17.652319s
19:11:21 - Growth rate = 0.308277, quasisymmetry = 0.017747 with aspect ratio=7.999479 took 22.366584s
19:11:22 - Growth rate = 0.308285, quasisymmetry = 0.017759 with aspect ratio=7.999479 took 22.394445s
19:11:24 - Growth rate = 0.308277, quasisymmetry = 0.017750 with aspect ratio=7.999481 took 19.774836s
19:11:34 - Growth rate = 0.308285, quasisymmetry = 0.017763 with aspect ratio=7.999479 took 8.526933s
19:11:48 - Growth rate = 0.308269, quasisymmetry = 0.017760 with aspect ratio=7.999482 took 16.374435s
19:11:52 - Growth rate = 0.308277, quasisymmetry = 0.017760 with aspect ratio=7.999479 took 19.323276s
19:11:55 - Growth rate = 0.308277, quasisymmetry = 0.017760 with aspect ratio=7.999479 took 19.692817s
19:11:59 - Growth rate = 0.308277, quasisymmetry = 0.017758 with aspect ratio=7.999477 took 13.395838s
19:12:09 - Growth rate = 0.308285, quasisymmetry = 0.017802 with aspect ratio=7.999479 took 10.453458s
19:12:20 - Growth rate = 0.308277, quasisymmetry = 0.017758 with aspect ratio=7.999479 took 17.242600s
19:12:24 - Growth rate = 0.308293, quasisymmetry = 0.017752 with aspect ratio=7.999573 took 18.010279s
19:12:27 - Growth rate = 0.308277, quasisymmetry = 0.017789 with aspect ratio=7.999480 took 18.052632s
19:12:31 - Growth rate = 0.308277, quasisymmetry = 0.017731 with aspect ratio=7.999484 took 11.186016s
19:12:41 - Growth rate = 0.308301, quasisymmetry = 0.017772 with aspect ratio=7.999004 took 10.478071s
19:12:50 - Growth rate = 0.308277, quasisymmetry = 0.017750 with aspect ratio=7.999480 took 16.431427s
19:12:55 - Growth rate = 0.308261, quasisymmetry = 0.017755 with aspect ratio=7.999478 took 17.422033s
19:12:59 - Growth rate = 0.308269, quasisymmetry = 0.017751 with aspect ratio=7.999479 took 17.211717s
19:13:03 - Growth rate = 0.308277, quasisymmetry = 0.017758 with aspect ratio=7.999478 took 11.030949s
19:13:11 - Growth rate = 0.308269, quasisymmetry = 0.017762 with aspect ratio=7.999467 took 9.954792s
19:13:21 - Growth rate = 0.308277, quasisymmetry = 0.017750 with aspect ratio=7.999479 took 15.026904s
19:13:26 - Growth rate = 0.308277, quasisymmetry = 0.017758 with aspect ratio=7.999467 took 16.641806s
19:13:30 - Growth rate = 0.308269, quasisymmetry = 0.017756 with aspect ratio=7.999480 took 16.723071s
19:13:34 - Growth rate = 0.308277, quasisymmetry = 0.017757 with aspect ratio=7.999479 took 11.886922s
19:13:40 - Growth rate = 0.308277, quasisymmetry = 0.017760 with aspect ratio=7.999472 took 8.870127s
19:13:47 - Growth rate = 0.308277, quasisymmetry = 0.017761 with aspect ratio=7.999479 took 10.746107s
19:13:57 - Growth rate = 0.308277, quasisymmetry = 0.017760 with aspect ratio=7.999481 took 15.757896s
19:14:01 - Growth rate = 0.308269, quasisymmetry = 0.017754 with aspect ratio=7.999482 took 16.549082s
19:14:06 - Growth rate = 0.308285, quasisymmetry = 0.017765 with aspect ratio=7.999479 took 15.471346s
19:14:10 - Growth rate = 0.308269, quasisymmetry = 0.017759 with aspect ratio=7.999480 took 11.439289s
19:14:17 - Growth rate = 0.308285, quasisymmetry = 0.017761 with aspect ratio=7.999479 took 8.819676s
       2              3         4.7606e+00      6.56e-01       1.57e-02       4.84e+02    
19:14:39 - Growth rate = 0.309281, quasisymmetry = 0.089970 with aspect ratio=7.994527 took 8.725909s
19:14:59 - Growth rate = 0.308632, quasisymmetry = 0.024947 with aspect ratio=7.998434 took 8.714671s
19:15:19 - Growth rate = 0.308419, quasisymmetry = 0.017525 with aspect ratio=7.999227 took 8.752842s
19:15:39 - Growth rate = 0.308325, quasisymmetry = 0.017539 with aspect ratio=7.999417 took 8.800719s
19:15:59 - Growth rate = 0.308277, quasisymmetry = 0.017693 with aspect ratio=7.999463 took 8.709997s
19:16:19 - Growth rate = 0.308277, quasisymmetry = 0.017693 with aspect ratio=7.999463 took 8.686361s
19:16:56 - Growth rate = 0.308285, quasisymmetry = 0.017643 with aspect ratio=7.999468 took 26.608392s
19:16:57 - Growth rate = 0.308285, quasisymmetry = 0.017698 with aspect ratio=7.999463 took 27.188875s
19:16:57 - Growth rate = 0.308293, quasisymmetry = 0.017680 with aspect ratio=7.999463 took 27.217608s
19:16:57 - Growth rate = 0.308285, quasisymmetry = 0.017687 with aspect ratio=7.999463 took 27.787134s
19:17:31 - Growth rate = 0.308277, quasisymmetry = 0.017647 with aspect ratio=7.999463 took 24.670568s
19:17:33 - Growth rate = 0.308237, quasisymmetry = 0.017643 with aspect ratio=7.999091 took 26.106561s
19:17:34 - Growth rate = 0.308277, quasisymmetry = 0.017683 with aspect ratio=7.999466 took 26.223519s
19:17:34 - Growth rate = 0.308269, quasisymmetry = 0.017669 with aspect ratio=7.999473 took 26.293012s
19:18:00 - Growth rate = 0.308293, quasisymmetry = 0.017682 with aspect ratio=7.999463 took 18.604722s
19:18:09 - Growth rate = 0.308285, quasisymmetry = 0.017690 with aspect ratio=7.999465 took 24.482127s
19:18:09 - Growth rate = 0.308285, quasisymmetry = 0.017690 with aspect ratio=7.999466 took 24.613875s
19:18:09 - Growth rate = 0.308285, quasisymmetry = 0.017680 with aspect ratio=7.999464 took 24.886480s
19:18:20 - Growth rate = 0.308277, quasisymmetry = 0.017693 with aspect ratio=7.999455 took 8.867977s
19:18:42 - Growth rate = 0.308293, quasisymmetry = 0.017679 with aspect ratio=7.999465 took 22.769486s
19:18:42 - Growth rate = 0.308277, quasisymmetry = 0.017695 with aspect ratio=7.999455 took 23.147384s
19:18:42 - Growth rate = 0.308293, quasisymmetry = 0.017690 with aspect ratio=7.999464 took 23.245819s
19:18:47 - Growth rate = 0.308285, quasisymmetry = 0.017681 with aspect ratio=7.999463 took 15.550009s
19:19:18 - Growth rate = 0.308285, quasisymmetry = 0.017692 with aspect ratio=7.999463 took 25.195426s
19:19:18 - Growth rate = 0.308285, quasisymmetry = 0.017696 with aspect ratio=7.999460 took 25.261856s
19:19:18 - Growth rate = 0.308285, quasisymmetry = 0.017693 with aspect ratio=7.999463 took 25.602154s
19:19:20 - Growth rate = 0.308277, quasisymmetry = 0.017694 with aspect ratio=7.999466 took 23.201966s
19:19:54 - Growth rate = 0.308293, quasisymmetry = 0.017684 with aspect ratio=7.999465 took 25.898379s
19:19:55 - Growth rate = 0.308285, quasisymmetry = 0.017693 with aspect ratio=7.999464 took 26.313459s
19:19:55 - Growth rate = 0.308285, quasisymmetry = 0.017696 with aspect ratio=7.999463 took 26.402459s
19:19:56 - Growth rate = 0.308285, quasisymmetry = 0.017736 with aspect ratio=7.999463 took 25.696737s
19:20:28 - Growth rate = 0.308285, quasisymmetry = 0.017694 with aspect ratio=7.999463 took 23.137946s
19:20:31 - Growth rate = 0.308285, quasisymmetry = 0.017691 with aspect ratio=7.999462 took 25.550803s
19:20:31 - Growth rate = 0.308285, quasisymmetry = 0.017692 with aspect ratio=7.999463 took 25.740615s
19:20:32 - Growth rate = 0.308293, quasisymmetry = 0.017664 with aspect ratio=7.999468 took 25.478117s
19:20:53 - Growth rate = 0.308301, quasisymmetry = 0.017686 with aspect ratio=7.999558 took 15.061179s
19:21:05 - Growth rate = 0.308293, quasisymmetry = 0.017723 with aspect ratio=7.999465 took 22.932513s
19:21:05 - Growth rate = 0.308301, quasisymmetry = 0.017706 with aspect ratio=7.998989 took 23.165777s
19:21:06 - Growth rate = 0.308301, quasisymmetry = 0.017685 with aspect ratio=7.999463 took 23.086698s
19:21:13 - Growth rate = 0.308293, quasisymmetry = 0.017684 with aspect ratio=7.999464 took 8.791158s
19:21:38 - Growth rate = 0.308309, quasisymmetry = 0.017692 with aspect ratio=7.999451 took 22.557761s
19:21:39 - Growth rate = 0.308293, quasisymmetry = 0.017689 with aspect ratio=7.999463 took 23.158882s
19:21:39 - Growth rate = 0.308293, quasisymmetry = 0.017692 with aspect ratio=7.999463 took 23.318332s
19:21:42 - Growth rate = 0.308293, quasisymmetry = 0.017696 with aspect ratio=7.999452 took 18.170040s
19:22:10 - Growth rate = 0.308285, quasisymmetry = 0.017695 with aspect ratio=7.999464 took 22.082488s
19:22:13 - Growth rate = 0.308293, quasisymmetry = 0.017684 with aspect ratio=7.999464 took 23.711998s
19:22:14 - Growth rate = 0.308277, quasisymmetry = 0.017690 with aspect ratio=7.999464 took 24.278313s
19:22:16 - Growth rate = 0.308293, quasisymmetry = 0.017691 with aspect ratio=7.999463 took 22.586015s
19:22:38 - Growth rate = 0.308285, quasisymmetry = 0.017693 with aspect ratio=7.999464 took 17.137997s
19:22:45 - Growth rate = 0.308293, quasisymmetry = 0.017694 with aspect ratio=7.999456 took 22.389220s
19:22:47 - Growth rate = 0.308277, quasisymmetry = 0.017693 with aspect ratio=7.999465 took 22.705835s
19:22:48 - Growth rate = 0.308285, quasisymmetry = 0.017688 with aspect ratio=7.999467 took 21.908974s
19:23:08 - Growth rate = 0.308285, quasisymmetry = 0.017698 with aspect ratio=7.999463 took 12.845368s
19:23:10 - Growth rate = 0.308285, quasisymmetry = 0.017695 with aspect ratio=7.999463 took 13.281200s
       3              8         4.7606e+00      3.30e-05       1.53e-05       7.31e+02    
19:23:30 - Growth rate = 0.308301, quasisymmetry = 0.017784 with aspect ratio=7.999459 took 8.809656s
19:23:50 - Growth rate = 0.308293, quasisymmetry = 0.017716 with aspect ratio=7.999462 took 8.639098s
19:24:09 - Growth rate = 0.308285, quasisymmetry = 0.017699 with aspect ratio=7.999463 took 8.724174s
19:24:29 - Growth rate = 0.308285, quasisymmetry = 0.017694 with aspect ratio=7.999463 took 8.662770s
19:24:49 - Growth rate = 0.308293, quasisymmetry = 0.017693 with aspect ratio=7.999463 took 8.722947s
19:25:09 - Growth rate = 0.308285, quasisymmetry = 0.017693 with aspect ratio=7.999463 took 8.684506s
19:25:29 - Growth rate = 0.308285, quasisymmetry = 0.017693 with aspect ratio=7.999463 took 8.803173s
       4             15         4.7606e+00      0.00e+00       0.00e+00       7.31e+02    
`xtol` termination condition is satisfied.
Function evaluations 15, initial cost 5.4314e+00, final cost 4.7606e+00, first-order optimality 7.31e+02.
Final aspect ratio: 7.999463250403914
Final mean iota: -1.2272609693404746
Final magnetic well: -0.03139680350933332
Whole optimization took 1948.261363s
Whole optimization took 1948.695897s
Final growth rate: 0.3082769
[Errno 2] No such file or directory: '/m100/home/userexternal/rjorge00/some_optimizations/GX_SIMSOPT/output_MAXITER150_least_squares_nfp4_QH_QH/convert_VMEC_to_GX'
 - - - - - - - - - - - - - - - - - - - - - - - - - - - - - - - - -
  SEQ =    1 TIME SLICE  0.0000E+00
  PROCESSING INPUT.final
  THIS IS PARVMEC (PARALLEL VMEC), VERSION 9.0
  Lambda: Full Radial Mesh. L-Force: hybrid full/half.

  COMPUTER: powerpc64le-conda_cos7-linux-gnu   OS:    RELEASE:   DATE = Nov 14,2022  TIME = 19:26:07

  NS =   16 NO. FOURIER MODES =   50 FTOLV =  1.000E-12 NITER =   4000
  PROCESSOR COUNT - RADIAL:    1
 INITIAL JACOBIAN CHANGED SIGN!
 TRYING TO IMPROVE INITIAL MAGNETIC AXIS GUESS
  ---- Improved AXIS Guess ----
      RAXIS_CC =    1.0173016407340929       0.23790051759032269        4.5809040874416916E-002   1.1780799397595283E-002  -1.3508008351635649E-003  -2.0290298623792473E-003
      ZAXIS_CS =   -0.0000000000000000       0.23445638652515377        3.8603946230257390E-002   5.6633056829548381E-003  -4.5384000235045184E-003  -5.8255140648491670E-005
  -----------------------------

  ITER    FSQR      FSQZ      FSQL    RAX(v=0)    DELT       WMHD

    1  2.80E-01  2.53E-01  5.40E-02  1.309E+00  9.00E-01  1.7234E-01
  200  4.00E-08  3.54E-08  1.48E-08  1.287E+00  6.56E-01  1.6554E-01
Whole optimization took 1949.258465s
  400  4.99E-10  2.92E-10  3.24E-10  1.286E+00  6.56E-01  1.6554E-01
  600  1.94E-11  1.01E-11  1.41E-11  1.286E+00  6.56E-01  1.6554E-01
  768  9.79E-13  4.64E-13  2.75E-13  1.286E+00  6.56E-01  1.6554E-01

  NS =   51 NO. FOURIER MODES =   50 FTOLV =  1.000E-13 NITER =  10000
  PROCESSOR COUNT - RADIAL:    1

  ITER    FSQR      FSQZ      FSQL    RAX(v=0)    DELT       WMHD

    1  4.95E-03  2.36E-03  2.34E-05  1.286E+00  9.00E-01  1.6554E-01
  200  2.31E-09  1.71E-09  3.77E-10  1.286E+00  6.18E-01  1.6554E-01
  400  2.21E-11  1.05E-11  3.97E-12  1.286E+00  6.18E-01  1.6554E-01
  600  1.43E-12  7.99E-13  4.45E-13  1.286E+00  6.18E-01  1.6554E-01
  800  1.70E-13  1.02E-13  5.42E-14  1.286E+00  6.18E-01  1.6554E-01
  837  9.95E-14  6.71E-14  3.64E-14  1.286E+00  6.18E-01  1.6554E-01

  NS =  101 NO. FOURIER MODES =   50 FTOLV =  1.000E-14 NITER =   4000
  PROCESSOR COUNT - RADIAL:    1

  ITER    FSQR      FSQZ      FSQL    RAX(v=0)    DELT       WMHD

    1  3.69E-03  1.40E-03  7.25E-07  1.286E+00  9.00E-01  1.6554E-01
  200  4.08E-09  2.27E-09  3.40E-11  1.286E+00  5.01E-01  1.6554E-01
  400  5.30E-11  3.89E-11  1.63E-12  1.286E+00  5.01E-01  1.6554E-01
  600  4.87E-12  3.41E-12  1.05E-13  1.286E+00  5.01E-01  1.6554E-01
  800  1.17E-12  8.96E-13  3.99E-14  1.286E+00  5.01E-01  1.6554E-01
 1000  5.09E-13  2.97E-13  1.14E-14  1.286E+00  5.01E-01  1.6554E-01
 1200  9.79E-14  6.88E-14  2.51E-15  1.286E+00  5.01E-01  1.6554E-01
 1400  1.74E-14  1.14E-14  5.70E-16  1.286E+00  5.01E-01  1.6554E-01
 1467  9.88E-15  6.50E-15  3.29E-16  1.286E+00  5.01E-01  1.6554E-01

 EXECUTION TERMINATED NORMALLY

 FILE : final_000_000000
 NUMBER OF JACOBIAN RESETS =    5

    TOTAL COMPUTATIONAL TIME (SEC)        13.13
    TIME TO INPUT/OUTPUT                   0.02
       READ IN DATA                        0.00
       WRITE OUT DATA TO WOUT              0.02
    TIME IN FUNCT3D                       13.02
       BCOVAR FIELDS                       2.00
       FOURIER TRANSFORM                   2.26
       INVERSE FOURIER TRANSFORM           2.10
       FORCES AND SYMMETRIZE               2.26
       RESIDUE                             3.38
       EQFORCE                             0.00
nfp:  4
ns:  101
mpol:  5
ntor:  5
Aminor_p:  0.12654849084723588
Rmajor_p:  1.0123200019265388
aspect:             7.999463250403909
Rmajor_p/Aminor_p:  7.999463250403909
betatotal:  0.0
betapol:    0.0
betator:    0.0
betaxis:    0.0
ctor:    2.0130389546504092e-11
bmnc.shape: (101, 128)
bmns.shape: (101, 128)
Creating Boozer class for vmec_final
Defining surfaces where to compute Boozer coordinates
 booz_surfaces=[0.  0.1 0.2 0.3 0.4 0.5 0.6 0.7 0.8 0.9]
Running BOOZ_XFORM
mnmax: 50  len(xm): 50  len(xn): 50
mnmax_nyq: 128  len(xm_nyq): 128  len(xn_nyq): 128
Read ns=101, mpol=5, ntor=5, mnmax=50, mnmax_nyq=128
compute_surfs (0-based indices):  0 10 20 30 39 49 60 70 79 89
Initializing with mboz=64, nboz=64
ntheta = 258, nzeta = 258, # threads = 16
                   |        outboard (theta=0)      |      inboard (theta=pi)      |
thread js_b js zeta| |B|input  |B|Boozer    Error   | |B|input  |B|Boozer    Error |
------------------------------------------------------------------------------------
   9     9  89   0  8.609e-01  8.609e-01  6.448e-16  1.222e+00  1.222e+00  7.448e-15
                pi  1.213e+00  1.213e+00  2.214e-14  8.541e-01  8.541e-01  3.029e-14
   8     8  79   0  8.701e-01  8.701e-01  1.659e-15  1.211e+00  1.211e+00  1.962e-14
                pi  1.202e+00  1.202e+00  4.250e-15  8.658e-01  8.658e-01  1.859e-14
   7     7  70   0  8.788e-01  8.788e-01  2.186e-14  1.200e+00  1.200e+00  1.462e-14
                pi  1.191e+00  1.191e+00  1.138e-14  8.765e-01  8.765e-01  1.393e-15
   1     1  10   0  9.686e-01  9.686e-01  3.141e-14  1.091e+00  1.091e+00  2.686e-14
                pi  1.087e+00  1.087e+00  1.471e-14  9.689e-01  9.689e-01  2.200e-14
   6     6  60   0  8.893e-01  8.893e-01  2.484e-14  1.186e+00  1.186e+00  2.490e-14
                pi  1.178e+00  1.178e+00  7.730e-15  8.887e-01  8.887e-01  8.120e-15
   0     0   0   0  1.015e+00  1.015e+00  5.468e-15  1.042e+00  1.042e+00  1.769e-14
                pi  1.039e+00  1.039e+00  1.496e-15  1.013e+00  1.013e+00  2.432e-14
   4     4  39   0  9.149e-01  9.149e-01  1.080e-14  1.154e+00  1.154e+00  1.924e-15
                pi  1.147e+00  1.147e+00  8.131e-15  9.162e-01  9.162e-01  9.573e-15
   2     2  20   0  9.457e-01  9.457e-01  2.465e-15  1.117e+00  1.117e+00  1.590e-14
                pi  1.112e+00  1.112e+00  5.992e-15  9.468e-01  9.468e-01  1.184e-14
   3     3  30   0  9.281e-01  9.281e-01  1.914e-15  1.138e+00  1.138e+00  7.805e-16
                pi  1.132e+00  1.132e+00  2.394e-14  9.296e-01  9.296e-01  4.777e-15
   5     5  49   0  9.019e-01  9.019e-01  4.062e-15  1.170e+00  1.170e+00  2.334e-14
                pi  1.162e+00  1.162e+00  1.242e-14  9.026e-01  9.026e-01  6.150e-16
Writing output to /m100/home/userexternal/rjorge00/some_optimizations/GX_SIMSOPT/output_MAXITER150_least_squares_nfp4_QH_QH/boozmn_single_stage.nc
Plot BOOZ_XFORM
[Errno 2] No such file or directory: '/m100/home/userexternal/rjorge00/some_optimizations/GX_SIMSOPT/output_MAXITER150_least_squares_nfp4_QH_QH/gx'
Whole optimization took 2059.347627s
