Initial aspect ratio: 8.000967056664201
Initial mean iota: -1.2414619577370025
Initial magnetic well: -0.014518732731757817
Initial growth rate: 0.32905445
## Now calculating total objective function ##
11:49:35 - Growth rate = 0.329054, quasisymmetry = 0.035078 with aspect ratio=8.000967 took 8.649687s
Total objective before optimization: 10.827682872808442
-------------------------
Optimizing with max_mode = 3
-------------------------
11:49:54 - Growth rate = 0.329054, quasisymmetry = 0.035078 with aspect ratio=8.000967 took 8.678165s
11:50:12 - Growth rate = 0.329054, quasisymmetry = 0.035078 with aspect ratio=8.000967 took 8.771796s
11:50:30 - Growth rate = 0.329054, quasisymmetry = 0.035078 with aspect ratio=8.000967 took 8.635400s
11:51:08 - Growth rate = 0.329062, quasisymmetry = 0.035114 with aspect ratio=8.000971 took 27.247170s
11:51:08 - Growth rate = 0.329062, quasisymmetry = 0.035142 with aspect ratio=8.000967 took 27.389357s
11:51:08 - Growth rate = 0.329054, quasisymmetry = 0.035109 with aspect ratio=8.000967 took 27.392584s
11:51:08 - Growth rate = 0.329054, quasisymmetry = 0.035068 with aspect ratio=8.000967 took 27.871305s
11:51:45 - Growth rate = 0.329054, quasisymmetry = 0.035166 with aspect ratio=8.000960 took 26.194105s
11:51:45 - Growth rate = 0.329031, quasisymmetry = 0.035167 with aspect ratio=8.000955 took 26.702541s
11:51:45 - Growth rate = 0.329047, quasisymmetry = 0.035155 with aspect ratio=8.000961 took 26.731089s
11:51:46 - Growth rate = 0.329023, quasisymmetry = 0.035212 with aspect ratio=8.000566 took 27.059674s
11:52:19 - Growth rate = 0.329047, quasisymmetry = 0.035109 with aspect ratio=8.000968 took 24.113716s
11:52:21 - Growth rate = 0.329062, quasisymmetry = 0.035072 with aspect ratio=8.000971 took 25.872996s
11:52:22 - Growth rate = 0.329054, quasisymmetry = 0.035114 with aspect ratio=8.000967 took 25.976684s
11:52:22 - Growth rate = 0.329047, quasisymmetry = 0.035063 with aspect ratio=8.000967 took 26.025455s
11:52:48 - Growth rate = 0.329062, quasisymmetry = 0.035076 with aspect ratio=8.000944 took 18.461144s
11:52:56 - Growth rate = 0.329054, quasisymmetry = 0.035080 with aspect ratio=8.000969 took 23.981416s
11:52:56 - Growth rate = 0.329062, quasisymmetry = 0.035128 with aspect ratio=8.000967 took 24.061199s
11:52:57 - Growth rate = 0.329062, quasisymmetry = 0.035090 with aspect ratio=8.000971 took 23.991036s
11:53:07 - Growth rate = 0.329047, quasisymmetry = 0.035085 with aspect ratio=8.000967 took 8.589003s
11:53:23 - Growth rate = 0.329047, quasisymmetry = 0.035082 with aspect ratio=8.000967 took 17.637198s
11:53:27 - Growth rate = 0.329047, quasisymmetry = 0.035078 with aspect ratio=8.000968 took 20.624804s
11:53:28 - Growth rate = 0.329054, quasisymmetry = 0.035080 with aspect ratio=8.000966 took 20.875970s
11:53:33 - Growth rate = 0.329039, quasisymmetry = 0.035079 with aspect ratio=8.000969 took 14.211553s
11:53:44 - Growth rate = 0.329062, quasisymmetry = 0.035094 with aspect ratio=8.000967 took 10.441232s
11:53:57 - Growth rate = 0.329062, quasisymmetry = 0.035077 with aspect ratio=8.000967 took 18.990062s
11:53:58 - Growth rate = 0.329062, quasisymmetry = 0.035092 with aspect ratio=8.000967 took 19.094264s
11:54:02 - Growth rate = 0.329062, quasisymmetry = 0.035040 with aspect ratio=8.000967 took 18.149514s
11:54:06 - Growth rate = 0.329054, quasisymmetry = 0.035051 with aspect ratio=8.000967 took 11.290788s
11:54:21 - Growth rate = 0.329054, quasisymmetry = 0.035132 with aspect ratio=8.000967 took 14.350091s
11:54:27 - Growth rate = 0.329054, quasisymmetry = 0.035094 with aspect ratio=8.000967 took 18.976318s
11:54:32 - Growth rate = 0.329070, quasisymmetry = 0.035165 with aspect ratio=8.000974 took 19.370832s
11:54:33 - Growth rate = 0.329062, quasisymmetry = 0.035114 with aspect ratio=8.001096 took 16.410300s
11:54:40 - Growth rate = 0.329047, quasisymmetry = 0.034989 with aspect ratio=8.000962 took 8.482845s
11:54:48 - Growth rate = 0.329047, quasisymmetry = 0.034998 with aspect ratio=8.000468 took 10.121287s
11:55:00 - Growth rate = 0.329062, quasisymmetry = 0.035057 with aspect ratio=8.000967 took 17.542513s
11:55:01 - Growth rate = 0.329054, quasisymmetry = 0.035151 with aspect ratio=8.000967 took 17.893901s
11:55:07 - Growth rate = 0.329039, quasisymmetry = 0.035073 with aspect ratio=8.000967 took 16.803168s
11:55:11 - Growth rate = 0.329054, quasisymmetry = 0.035070 with aspect ratio=8.000968 took 12.301356s
11:55:26 - Growth rate = 0.329047, quasisymmetry = 0.035077 with aspect ratio=8.000938 took 15.023354s
11:55:30 - Growth rate = 0.329054, quasisymmetry = 0.035075 with aspect ratio=8.000965 took 17.750215s
11:55:36 - Growth rate = 0.329054, quasisymmetry = 0.035128 with aspect ratio=8.000967 took 18.437532s
11:55:38 - Growth rate = 0.329047, quasisymmetry = 0.035065 with aspect ratio=8.000971 took 16.176741s
11:55:48 - Growth rate = 0.329054, quasisymmetry = 0.035082 with aspect ratio=8.000967 took 11.519127s
11:55:56 - Growth rate = 0.329062, quasisymmetry = 0.035079 with aspect ratio=8.000966 took 15.431060s
11:56:03 - Growth rate = 0.329070, quasisymmetry = 0.035078 with aspect ratio=8.000968 took 16.796347s
11:56:05 - Growth rate = 0.329070, quasisymmetry = 0.035080 with aspect ratio=8.000967 took 17.007524s
11:56:10 - Growth rate = 0.329062, quasisymmetry = 0.035075 with aspect ratio=8.000969 took 10.923089s
11:56:16 - Growth rate = 0.329054, quasisymmetry = 0.035089 with aspect ratio=8.000967 took 9.177080s
11:56:25 - Growth rate = 0.329062, quasisymmetry = 0.035083 with aspect ratio=8.000967 took 11.759147s
11:56:28 - Growth rate = 0.329054, quasisymmetry = 0.035088 with aspect ratio=8.000967 took 12.125705s
   Iteration     Total nfev        Cost      Cost reduction    Step norm     Optimality   
       0              1         5.4138e+00                                    5.24e+02    
Function evaluation failed for <bound method Vmec.aspect of Vmec1 (nfp=4 mpol=5 ntor=5)>
Function evaluation failed for <bound method Vmec.aspect of Vmec1 (nfp=4 mpol=5 ntor=5)>
[Errno 2] No such file or directory: b'/m100/home/userexternal/rjorge00/some_optimizations/GX_SIMSOPT/output_MAXITER150_least_squares_nfp4_QH/gxRun_wout_nfp4_QH_000_000018.nc'
11:56:42 - Growth rate = 100.000000, quasisymmetry = 8.779735 with aspect ratio=7.943890 took 1.814740s
11:57:00 - Growth rate = 0.309890, quasisymmetry = 0.401520 with aspect ratio=7.979320 took 8.697859s
11:57:18 - Growth rate = 0.309890, quasisymmetry = 0.401520 with aspect ratio=7.979320 took 8.611864s
11:57:55 - Growth rate = 0.309898, quasisymmetry = 0.401456 with aspect ratio=7.979320 took 26.424668s
11:57:55 - Growth rate = 0.309874, quasisymmetry = 0.401450 with aspect ratio=7.979321 took 26.662900s
11:57:56 - Growth rate = 0.309882, quasisymmetry = 0.401579 with aspect ratio=7.979320 took 26.810761s
11:57:56 - Growth rate = 0.309890, quasisymmetry = 0.401489 with aspect ratio=7.979325 took 27.320013s
11:58:31 - Growth rate = 0.309858, quasisymmetry = 0.401521 with aspect ratio=7.979307 took 25.310196s
11:58:32 - Growth rate = 0.309866, quasisymmetry = 0.401436 with aspect ratio=7.979314 took 25.899916s
11:58:32 - Growth rate = 0.309851, quasisymmetry = 0.401383 with aspect ratio=7.978920 took 26.062002s
11:58:33 - Growth rate = 0.309874, quasisymmetry = 0.401369 with aspect ratio=7.979314 took 26.286197s
11:59:05 - Growth rate = 0.309898, quasisymmetry = 0.401344 with aspect ratio=7.979320 took 23.099264s
11:59:07 - Growth rate = 0.309890, quasisymmetry = 0.401530 with aspect ratio=7.979323 took 24.882704s
11:59:08 - Growth rate = 0.309874, quasisymmetry = 0.401557 with aspect ratio=7.979321 took 25.222914s
11:59:09 - Growth rate = 0.309882, quasisymmetry = 0.401488 with aspect ratio=7.979321 took 25.279424s
11:59:32 - Growth rate = 0.309874, quasisymmetry = 0.401513 with aspect ratio=7.979322 took 17.194497s
11:59:40 - Growth rate = 0.309882, quasisymmetry = 0.401358 with aspect ratio=7.979320 took 22.544650s
11:59:42 - Growth rate = 0.309882, quasisymmetry = 0.401497 with aspect ratio=7.979323 took 23.071919s
11:59:43 - Growth rate = 0.309882, quasisymmetry = 0.401531 with aspect ratio=7.979298 took 23.205597s
11:59:52 - Growth rate = 0.309874, quasisymmetry = 0.401513 with aspect ratio=7.979320 took 8.524431s
12:00:04 - Growth rate = 0.309874, quasisymmetry = 0.401517 with aspect ratio=7.979322 took 13.995292s
12:00:12 - Growth rate = 0.309866, quasisymmetry = 0.401519 with aspect ratio=7.979320 took 19.302504s
12:00:13 - Growth rate = 0.309882, quasisymmetry = 0.401596 with aspect ratio=7.979320 took 19.568104s
12:00:17 - Growth rate = 0.309866, quasisymmetry = 0.401457 with aspect ratio=7.979320 took 13.754093s
12:00:23 - Growth rate = 0.309882, quasisymmetry = 0.401320 with aspect ratio=7.979321 took 8.827748s
12:00:40 - Growth rate = 0.309866, quasisymmetry = 0.401527 with aspect ratio=7.979320 took 17.583493s
12:00:44 - Growth rate = 0.309866, quasisymmetry = 0.401525 with aspect ratio=7.979322 took 19.912216s
12:00:47 - Growth rate = 0.309882, quasisymmetry = 0.401549 with aspect ratio=7.979320 took 20.568139s
12:00:50 - Growth rate = 0.309890, quasisymmetry = 0.401483 with aspect ratio=7.979320 took 15.743527s
12:01:03 - Growth rate = 0.309866, quasisymmetry = 0.401498 with aspect ratio=7.979320 took 12.080738s
12:01:12 - Growth rate = 0.309890, quasisymmetry = 0.401581 with aspect ratio=7.979320 took 18.744827s
12:01:16 - Growth rate = 0.309890, quasisymmetry = 0.401545 with aspect ratio=7.979447 took 19.072291s
12:01:18 - Growth rate = 0.309874, quasisymmetry = 0.401762 with aspect ratio=7.979315 took 17.597716s
12:01:24 - Growth rate = 0.309882, quasisymmetry = 0.401506 with aspect ratio=7.978824 took 9.880037s
12:01:36 - Growth rate = 0.309898, quasisymmetry = 0.401337 with aspect ratio=7.979327 took 12.435545s
12:01:46 - Growth rate = 0.309890, quasisymmetry = 0.401574 with aspect ratio=7.979321 took 19.112168s
12:01:47 - Growth rate = 0.309890, quasisymmetry = 0.401522 with aspect ratio=7.979320 took 19.509355s
12:01:50 - Growth rate = 0.309866, quasisymmetry = 0.401559 with aspect ratio=7.979320 took 15.628321s
12:01:56 - Growth rate = 0.309874, quasisymmetry = 0.401510 with aspect ratio=7.979320 took 9.408378s
12:02:11 - Growth rate = 0.309866, quasisymmetry = 0.401528 with aspect ratio=7.979318 took 14.695052s
12:02:18 - Growth rate = 0.309882, quasisymmetry = 0.401497 with aspect ratio=7.979321 took 19.966778s
12:02:21 - Growth rate = 0.309874, quasisymmetry = 0.401554 with aspect ratio=7.979324 took 20.432629s
12:02:23 - Growth rate = 0.309890, quasisymmetry = 0.401548 with aspect ratio=7.979291 took 16.215400s
12:02:30 - Growth rate = 0.309890, quasisymmetry = 0.401509 with aspect ratio=7.979319 took 8.422617s
12:02:43 - Growth rate = 0.309882, quasisymmetry = 0.401516 with aspect ratio=7.979321 took 13.926737s
12:02:51 - Growth rate = 0.309866, quasisymmetry = 0.401515 with aspect ratio=7.979320 took 19.602483s
12:02:53 - Growth rate = 0.309882, quasisymmetry = 0.401605 with aspect ratio=7.979320 took 19.952846s
12:02:56 - Growth rate = 0.309882, quasisymmetry = 0.401501 with aspect ratio=7.979321 took 14.674028s
12:03:03 - Growth rate = 0.309890, quasisymmetry = 0.401249 with aspect ratio=7.979321 took 8.853814s
12:03:15 - Growth rate = 0.309874, quasisymmetry = 0.401632 with aspect ratio=7.979320 took 13.616947s
12:03:17 - Growth rate = 0.309866, quasisymmetry = 0.401539 with aspect ratio=7.979321 took 13.967355s
       1              5         4.8016e+00      6.12e-01       5.10e-03       7.39e+02    
12:03:34 - Growth rate = 0.303229, quasisymmetry = 0.436082 with aspect ratio=7.978649 took 8.544501s
12:03:52 - Growth rate = 0.303229, quasisymmetry = 0.436082 with aspect ratio=7.978649 took 8.630438s
12:04:28 - Growth rate = 0.303229, quasisymmetry = 0.436129 with aspect ratio=7.978654 took 26.606827s
12:04:29 - Growth rate = 0.303221, quasisymmetry = 0.436055 with aspect ratio=7.978649 took 27.219648s
12:04:29 - Growth rate = 0.303221, quasisymmetry = 0.436153 with aspect ratio=7.978649 took 27.240101s
12:04:29 - Growth rate = 0.303213, quasisymmetry = 0.436022 with aspect ratio=7.978649 took 27.636919s
12:05:02 - Growth rate = 0.303221, quasisymmetry = 0.436024 with aspect ratio=7.978642 took 23.505709s
12:05:05 - Growth rate = 0.303221, quasisymmetry = 0.436064 with aspect ratio=7.978642 took 25.923648s
12:05:05 - Growth rate = 0.303190, quasisymmetry = 0.436141 with aspect ratio=7.978249 took 26.003540s
12:05:06 - Growth rate = 0.303198, quasisymmetry = 0.436240 with aspect ratio=7.978635 took 26.390877s
12:05:27 - Growth rate = 0.303221, quasisymmetry = 0.436093 with aspect ratio=7.978649 took 15.781996s
12:05:38 - Growth rate = 0.303229, quasisymmetry = 0.436111 with aspect ratio=7.978649 took 23.252928s
12:05:38 - Growth rate = 0.303221, quasisymmetry = 0.436086 with aspect ratio=7.978652 took 23.377803s
12:05:39 - Growth rate = 0.303229, quasisymmetry = 0.435918 with aspect ratio=7.978649 took 23.329908s
12:05:47 - Growth rate = 0.303213, quasisymmetry = 0.436091 with aspect ratio=7.978627 took 9.292094s
12:06:05 - Growth rate = 0.303221, quasisymmetry = 0.436080 with aspect ratio=7.978652 took 18.538924s
12:06:09 - Growth rate = 0.303229, quasisymmetry = 0.435943 with aspect ratio=7.978649 took 21.350777s
12:06:10 - Growth rate = 0.303229, quasisymmetry = 0.436078 with aspect ratio=7.978651 took 21.725477s
12:06:14 - Growth rate = 0.303213, quasisymmetry = 0.436194 with aspect ratio=7.978649 took 16.697470s
12:06:25 - Growth rate = 0.303206, quasisymmetry = 0.436082 with aspect ratio=7.978648 took 10.662930s
12:06:38 - Growth rate = 0.303221, quasisymmetry = 0.436079 with aspect ratio=7.978651 took 19.622254s
12:06:40 - Growth rate = 0.303221, quasisymmetry = 0.436078 with aspect ratio=7.978649 took 19.858355s
12:06:43 - Growth rate = 0.303213, quasisymmetry = 0.436090 with aspect ratio=7.978651 took 19.267973s
12:06:48 - Growth rate = 0.303221, quasisymmetry = 0.436115 with aspect ratio=7.978649 took 12.112217s
12:07:06 - Growth rate = 0.303221, quasisymmetry = 0.435883 with aspect ratio=7.978650 took 17.534207s
12:07:10 - Growth rate = 0.303221, quasisymmetry = 0.436022 with aspect ratio=7.978649 took 20.304121s
12:07:13 - Growth rate = 0.303213, quasisymmetry = 0.436084 with aspect ratio=7.978649 took 20.774332s
12:07:16 - Growth rate = 0.303213, quasisymmetry = 0.436052 with aspect ratio=7.978649 took 17.479040s
12:07:27 - Growth rate = 0.303221, quasisymmetry = 0.436062 with aspect ratio=7.978649 took 10.989298s
12:07:39 - Growth rate = 0.303229, quasisymmetry = 0.436103 with aspect ratio=7.978649 took 18.627150s
12:07:42 - Growth rate = 0.303229, quasisymmetry = 0.435972 with aspect ratio=7.978656 took 19.173974s
12:07:45 - Growth rate = 0.303229, quasisymmetry = 0.435960 with aspect ratio=7.978153 took 18.927297s
12:07:50 - Growth rate = 0.303206, quasisymmetry = 0.436268 with aspect ratio=7.978643 took 11.815298s
12:08:01 - Growth rate = 0.303221, quasisymmetry = 0.436159 with aspect ratio=7.978775 took 12.040989s
12:08:11 - Growth rate = 0.303213, quasisymmetry = 0.436067 with aspect ratio=7.978649 took 18.994191s
12:08:14 - Growth rate = 0.303221, quasisymmetry = 0.436126 with aspect ratio=7.978649 took 19.442649s
12:08:17 - Growth rate = 0.303229, quasisymmetry = 0.436081 with aspect ratio=7.978649 took 17.560762s
12:08:22 - Growth rate = 0.303213, quasisymmetry = 0.436169 with aspect ratio=7.978649 took 10.488416s
12:08:35 - Growth rate = 0.303229, quasisymmetry = 0.436107 with aspect ratio=7.978620 took 14.028491s
12:08:43 - Growth rate = 0.303221, quasisymmetry = 0.436120 with aspect ratio=7.978653 took 19.187903s
12:08:46 - Growth rate = 0.303229, quasisymmetry = 0.436067 with aspect ratio=7.978649 took 19.651304s
12:08:48 - Growth rate = 0.303221, quasisymmetry = 0.436087 with aspect ratio=7.978646 took 16.080561s
12:08:54 - Growth rate = 0.303213, quasisymmetry = 0.436207 with aspect ratio=7.978648 took 8.631284s
12:09:03 - Growth rate = 0.303229, quasisymmetry = 0.436078 with aspect ratio=7.978649 took 11.369300s
12:09:13 - Growth rate = 0.303237, quasisymmetry = 0.436077 with aspect ratio=7.978649 took 17.667474s
12:09:16 - Growth rate = 0.303221, quasisymmetry = 0.436076 with aspect ratio=7.978647 took 18.270072s
12:09:21 - Growth rate = 0.303206, quasisymmetry = 0.436102 with aspect ratio=7.978650 took 16.536709s
12:09:25 - Growth rate = 0.303213, quasisymmetry = 0.436216 with aspect ratio=7.978649 took 10.812742s
12:09:34 - Growth rate = 0.303213, quasisymmetry = 0.435792 with aspect ratio=7.978650 took 11.270195s
12:09:38 - Growth rate = 0.303213, quasisymmetry = 0.436060 with aspect ratio=7.978649 took 11.831568s
       2              6         4.5974e+00      2.04e-01       1.28e-03       7.17e+02    
12:09:55 - Growth rate = 0.301726, quasisymmetry = 0.447484 with aspect ratio=7.978566 took 8.702299s
12:10:13 - Growth rate = 0.301726, quasisymmetry = 0.447484 with aspect ratio=7.978566 took 8.671001s
12:10:50 - Growth rate = 0.301742, quasisymmetry = 0.447549 with aspect ratio=7.978572 took 27.011950s
12:10:50 - Growth rate = 0.301710, quasisymmetry = 0.447565 with aspect ratio=7.978566 took 27.044500s
12:10:50 - Growth rate = 0.301726, quasisymmetry = 0.447482 with aspect ratio=7.978567 took 27.286004s
12:10:51 - Growth rate = 0.301718, quasisymmetry = 0.447431 with aspect ratio=7.978566 took 27.915030s
12:11:27 - Growth rate = 0.301734, quasisymmetry = 0.447454 with aspect ratio=7.978560 took 26.743681s
12:11:27 - Growth rate = 0.301687, quasisymmetry = 0.447590 with aspect ratio=7.978167 took 26.849512s
12:11:27 - Growth rate = 0.301726, quasisymmetry = 0.447491 with aspect ratio=7.978560 took 26.864555s
12:11:28 - Growth rate = 0.301679, quasisymmetry = 0.447683 with aspect ratio=7.978553 took 27.004712s
12:12:03 - Growth rate = 0.301734, quasisymmetry = 0.447512 with aspect ratio=7.978567 took 26.283783s
12:12:03 - Growth rate = 0.301734, quasisymmetry = 0.447510 with aspect ratio=7.978567 took 26.210170s
12:12:03 - Growth rate = 0.301726, quasisymmetry = 0.447488 with aspect ratio=7.978570 took 26.422457s
12:12:04 - Growth rate = 0.301734, quasisymmetry = 0.447334 with aspect ratio=7.978567 took 26.523686s
12:12:38 - Growth rate = 0.301742, quasisymmetry = 0.447495 with aspect ratio=7.978544 took 25.562502s
12:12:39 - Growth rate = 0.301734, quasisymmetry = 0.447488 with aspect ratio=7.978569 took 25.916969s
12:12:39 - Growth rate = 0.301734, quasisymmetry = 0.447360 with aspect ratio=7.978567 took 26.145938s
12:12:40 - Growth rate = 0.301726, quasisymmetry = 0.447482 with aspect ratio=7.978568 took 26.237177s
12:13:12 - Growth rate = 0.301726, quasisymmetry = 0.447612 with aspect ratio=7.978567 took 23.856595s
12:13:13 - Growth rate = 0.301726, quasisymmetry = 0.447486 with aspect ratio=7.978566 took 24.814096s
12:13:15 - Growth rate = 0.301718, quasisymmetry = 0.447482 with aspect ratio=7.978568 took 25.317486s
12:13:15 - Growth rate = 0.301726, quasisymmetry = 0.447482 with aspect ratio=7.978567 took 25.392817s
12:13:42 - Growth rate = 0.301710, quasisymmetry = 0.447493 with aspect ratio=7.978568 took 20.601684s
12:13:46 - Growth rate = 0.301742, quasisymmetry = 0.447527 with aspect ratio=7.978566 took 23.297089s
12:13:48 - Growth rate = 0.301734, quasisymmetry = 0.447284 with aspect ratio=7.978567 took 23.903413s
12:13:49 - Growth rate = 0.301750, quasisymmetry = 0.447427 with aspect ratio=7.978566 took 23.931439s
12:14:04 - Growth rate = 0.301726, quasisymmetry = 0.447473 with aspect ratio=7.978566 took 12.004521s
12:14:16 - Growth rate = 0.301734, quasisymmetry = 0.447451 with aspect ratio=7.978566 took 20.363372s
12:14:19 - Growth rate = 0.301726, quasisymmetry = 0.447487 with aspect ratio=7.978566 took 20.835574s
12:14:19 - Growth rate = 0.301718, quasisymmetry = 0.447498 with aspect ratio=7.978566 took 20.685863s
12:14:26 - Growth rate = 0.301726, quasisymmetry = 0.447397 with aspect ratio=7.978573 took 10.992241s
12:14:42 - Growth rate = 0.301734, quasisymmetry = 0.447337 with aspect ratio=7.978071 took 16.271455s
12:14:49 - Growth rate = 0.301710, quasisymmetry = 0.447649 with aspect ratio=7.978561 took 20.898816s
12:14:50 - Growth rate = 0.301734, quasisymmetry = 0.447576 with aspect ratio=7.978693 took 21.229851s
12:14:54 - Growth rate = 0.301718, quasisymmetry = 0.447456 with aspect ratio=7.978566 took 18.131133s
12:15:04 - Growth rate = 0.301726, quasisymmetry = 0.447529 with aspect ratio=7.978566 took 11.698065s
12:15:16 - Growth rate = 0.301734, quasisymmetry = 0.447482 with aspect ratio=7.978567 took 17.955033s
12:15:18 - Growth rate = 0.301726, quasisymmetry = 0.447587 with aspect ratio=7.978567 took 18.447936s
12:15:22 - Growth rate = 0.301734, quasisymmetry = 0.447510 with aspect ratio=7.978538 took 16.983380s
12:15:28 - Growth rate = 0.301710, quasisymmetry = 0.447520 with aspect ratio=7.978571 took 11.246074s
12:15:43 - Growth rate = 0.301734, quasisymmetry = 0.447473 with aspect ratio=7.978567 took 16.162188s
12:15:47 - Growth rate = 0.301726, quasisymmetry = 0.447490 with aspect ratio=7.978564 took 19.011576s
12:15:52 - Growth rate = 0.301726, quasisymmetry = 0.447638 with aspect ratio=7.978566 took 19.549616s
12:15:54 - Growth rate = 0.301726, quasisymmetry = 0.447482 with aspect ratio=7.978566 took 15.920927s
12:16:04 - Growth rate = 0.301718, quasisymmetry = 0.447479 with aspect ratio=7.978567 took 10.289820s
12:16:13 - Growth rate = 0.301734, quasisymmetry = 0.447482 with aspect ratio=7.978565 took 15.091582s
12:16:20 - Growth rate = 0.301734, quasisymmetry = 0.447504 with aspect ratio=7.978567 took 17.453341s
12:16:22 - Growth rate = 0.301726, quasisymmetry = 0.447631 with aspect ratio=7.978567 took 17.868399s
12:16:26 - Growth rate = 0.301726, quasisymmetry = 0.447205 with aspect ratio=7.978567 took 12.038851s
12:16:33 - Growth rate = 0.301750, quasisymmetry = 0.447463 with aspect ratio=7.978567 took 9.650947s
       3              7         4.5520e+00      4.55e-02       3.19e-04       7.19e+02    
12:16:51 - Growth rate = 0.301600, quasisymmetry = 0.457072 with aspect ratio=7.978701 took 9.172940s
12:17:10 - Growth rate = 0.301600, quasisymmetry = 0.457072 with aspect ratio=7.978701 took 9.263836s
12:17:46 - Growth rate = 0.301615, quasisymmetry = 0.457063 with aspect ratio=7.978702 took 26.278799s
12:17:46 - Growth rate = 0.301607, quasisymmetry = 0.457015 with aspect ratio=7.978701 took 26.706297s
12:17:47 - Growth rate = 0.301592, quasisymmetry = 0.457154 with aspect ratio=7.978701 took 26.832283s
12:17:48 - Growth rate = 0.301607, quasisymmetry = 0.457137 with aspect ratio=7.978707 took 28.078869s
12:18:18 - Growth rate = 0.301584, quasisymmetry = 0.457073 with aspect ratio=7.978695 took 22.436524s
12:18:22 - Growth rate = 0.301576, quasisymmetry = 0.457265 with aspect ratio=7.978688 took 25.205804s
12:18:22 - Growth rate = 0.301536, quasisymmetry = 0.457170 with aspect ratio=7.978301 took 25.209340s
12:18:24 - Growth rate = 0.301600, quasisymmetry = 0.457037 with aspect ratio=7.978695 took 25.903254s
12:18:40 - Growth rate = 0.301607, quasisymmetry = 0.457075 with aspect ratio=7.978705 took 11.908929s
12:18:54 - Growth rate = 0.301600, quasisymmetry = 0.456915 with aspect ratio=7.978702 took 21.699841s
12:18:54 - Growth rate = 0.301600, quasisymmetry = 0.457099 with aspect ratio=7.978702 took 21.790360s
12:18:55 - Growth rate = 0.301592, quasisymmetry = 0.457098 with aspect ratio=7.978702 took 21.323322s
12:19:02 - Growth rate = 0.301592, quasisymmetry = 0.456942 with aspect ratio=7.978702 took 11.129376s
12:19:25 - Growth rate = 0.301600, quasisymmetry = 0.457068 with aspect ratio=7.978703 took 21.646059s
12:19:25 - Growth rate = 0.301592, quasisymmetry = 0.457075 with aspect ratio=7.978704 took 21.787070s
12:19:28 - Growth rate = 0.301592, quasisymmetry = 0.457082 with aspect ratio=7.978679 took 22.593460s
12:19:32 - Growth rate = 0.301576, quasisymmetry = 0.457069 with aspect ratio=7.978703 took 18.991910s
12:19:52 - Growth rate = 0.301592, quasisymmetry = 0.457069 with aspect ratio=7.978701 took 17.875334s
12:19:56 - Growth rate = 0.301600, quasisymmetry = 0.457073 with aspect ratio=7.978701 took 20.759218s
12:20:00 - Growth rate = 0.301600, quasisymmetry = 0.457198 with aspect ratio=7.978701 took 21.461668s
12:20:02 - Growth rate = 0.301600, quasisymmetry = 0.456868 with aspect ratio=7.978702 took 19.974803s
12:20:14 - Growth rate = 0.301607, quasisymmetry = 0.457012 with aspect ratio=7.978701 took 11.039113s
12:20:24 - Growth rate = 0.301600, quasisymmetry = 0.457114 with aspect ratio=7.978701 took 17.594015s
12:20:28 - Growth rate = 0.301592, quasisymmetry = 0.457080 with aspect ratio=7.978703 took 18.438027s
12:20:31 - Growth rate = 0.301607, quasisymmetry = 0.457068 with aspect ratio=7.978701 took 18.191597s
12:20:36 - Growth rate = 0.301607, quasisymmetry = 0.457088 with aspect ratio=7.978701 took 10.924295s
12:20:43 - Growth rate = 0.301600, quasisymmetry = 0.457036 with aspect ratio=7.978701 took 9.554254s
12:20:54 - Growth rate = 0.301592, quasisymmetry = 0.457060 with aspect ratio=7.978701 took 15.533927s
12:20:59 - Growth rate = 0.301600, quasisymmetry = 0.457242 with aspect ratio=7.978696 took 17.367988s
12:21:03 - Growth rate = 0.301607, quasisymmetry = 0.457162 with aspect ratio=7.978828 took 17.767288s
12:21:06 - Growth rate = 0.301592, quasisymmetry = 0.456927 with aspect ratio=7.978206 took 12.360068s
12:21:15 - Growth rate = 0.301607, quasisymmetry = 0.456980 with aspect ratio=7.978708 took 10.745105s
12:21:22 - Growth rate = 0.301584, quasisymmetry = 0.457069 with aspect ratio=7.978701 took 14.016924s
12:21:30 - Growth rate = 0.301592, quasisymmetry = 0.457171 with aspect ratio=7.978702 took 16.165765s
12:21:33 - Growth rate = 0.301607, quasisymmetry = 0.457117 with aspect ratio=7.978701 took 16.399081s
12:21:39 - Growth rate = 0.301592, quasisymmetry = 0.457046 with aspect ratio=7.978701 took 13.145398s
12:21:43 - Growth rate = 0.301592, quasisymmetry = 0.457057 with aspect ratio=7.978702 took 10.398259s
12:21:52 - Growth rate = 0.301584, quasisymmetry = 0.457077 with aspect ratio=7.978699 took 11.655950s
12:21:59 - Growth rate = 0.301592, quasisymmetry = 0.457109 with aspect ratio=7.978705 took 15.242769s
12:22:05 - Growth rate = 0.301592, quasisymmetry = 0.457097 with aspect ratio=7.978672 took 16.291165s
12:22:09 - Growth rate = 0.301600, quasisymmetry = 0.457067 with aspect ratio=7.978702 took 15.384080s
12:22:15 - Growth rate = 0.301615, quasisymmetry = 0.457068 with aspect ratio=7.978700 took 12.444765s
12:22:20 - Growth rate = 0.301607, quasisymmetry = 0.457069 with aspect ratio=7.978701 took 11.416104s
12:22:28 - Growth rate = 0.301592, quasisymmetry = 0.457227 with aspect ratio=7.978701 took 12.581742s
12:22:35 - Growth rate = 0.301600, quasisymmetry = 0.456791 with aspect ratio=7.978702 took 15.662355s
12:22:40 - Growth rate = 0.301576, quasisymmetry = 0.457049 with aspect ratio=7.978702 took 16.158335s
12:22:45 - Growth rate = 0.301592, quasisymmetry = 0.457219 with aspect ratio=7.978701 took 14.984399s
12:22:50 - Growth rate = 0.301592, quasisymmetry = 0.457092 with aspect ratio=7.978702 took 11.858566s
       4              8         4.5481e+00      3.82e-03       7.97e-05       7.19e+02    
12:23:08 - Growth rate = 0.301489, quasisymmetry = 0.458224 with aspect ratio=7.978624 took 9.018004s
12:23:27 - Growth rate = 0.301489, quasisymmetry = 0.458224 with aspect ratio=7.978624 took 9.200431s
12:24:04 - Growth rate = 0.301481, quasisymmetry = 0.458167 with aspect ratio=7.978624 took 26.761828s
12:24:04 - Growth rate = 0.301481, quasisymmetry = 0.458306 with aspect ratio=7.978624 took 27.138669s
12:24:04 - Growth rate = 0.301504, quasisymmetry = 0.458290 with aspect ratio=7.978630 took 27.235613s
12:24:06 - Growth rate = 0.301465, quasisymmetry = 0.458215 with aspect ratio=7.978624 took 28.481849s
12:24:37 - Growth rate = 0.301441, quasisymmetry = 0.458419 with aspect ratio=7.978610 took 23.563635s
12:24:40 - Growth rate = 0.301457, quasisymmetry = 0.458324 with aspect ratio=7.978224 took 25.326921s
12:24:40 - Growth rate = 0.301473, quasisymmetry = 0.458190 with aspect ratio=7.978617 took 25.575351s
12:24:42 - Growth rate = 0.301473, quasisymmetry = 0.458226 with aspect ratio=7.978617 took 26.078340s
12:25:06 - Growth rate = 0.301481, quasisymmetry = 0.458067 with aspect ratio=7.978624 took 18.547537s
12:25:13 - Growth rate = 0.301473, quasisymmetry = 0.458251 with aspect ratio=7.978624 took 23.495896s
12:25:14 - Growth rate = 0.301473, quasisymmetry = 0.458250 with aspect ratio=7.978624 took 23.742818s
12:25:15 - Growth rate = 0.301473, quasisymmetry = 0.458228 with aspect ratio=7.978627 took 23.476359s
12:25:25 - Growth rate = 0.301473, quasisymmetry = 0.458221 with aspect ratio=7.978626 took 8.788467s
12:25:39 - Growth rate = 0.301473, quasisymmetry = 0.458227 with aspect ratio=7.978627 took 16.929675s
12:25:43 - Growth rate = 0.301489, quasisymmetry = 0.458234 with aspect ratio=7.978602 took 19.676832s
12:25:45 - Growth rate = 0.301481, quasisymmetry = 0.458094 with aspect ratio=7.978624 took 20.160216s
12:25:50 - Growth rate = 0.301465, quasisymmetry = 0.458221 with aspect ratio=7.978624 took 14.345408s
12:26:01 - Growth rate = 0.301481, quasisymmetry = 0.458225 with aspect ratio=7.978623 took 12.447382s
12:26:12 - Growth rate = 0.301489, quasisymmetry = 0.458350 with aspect ratio=7.978624 took 18.905939s
12:26:14 - Growth rate = 0.301489, quasisymmetry = 0.458222 with aspect ratio=7.978626 took 19.241887s
12:26:17 - Growth rate = 0.301473, quasisymmetry = 0.458164 with aspect ratio=7.978624 took 17.084005s
12:26:23 - Growth rate = 0.301481, quasisymmetry = 0.458266 with aspect ratio=7.978624 took 11.171695s
12:26:38 - Growth rate = 0.301489, quasisymmetry = 0.458232 with aspect ratio=7.978626 took 15.938738s
12:26:44 - Growth rate = 0.301481, quasisymmetry = 0.458019 with aspect ratio=7.978625 took 20.083363s
12:26:47 - Growth rate = 0.301465, quasisymmetry = 0.458241 with aspect ratio=7.978624 took 20.720282s
12:26:49 - Growth rate = 0.301481, quasisymmetry = 0.458188 with aspect ratio=7.978624 took 15.729146s
12:26:57 - Growth rate = 0.301481, quasisymmetry = 0.458212 with aspect ratio=7.978624 took 8.668633s
12:27:09 - Growth rate = 0.301481, quasisymmetry = 0.458219 with aspect ratio=7.978624 took 14.744075s
12:27:16 - Growth rate = 0.301481, quasisymmetry = 0.458315 with aspect ratio=7.978750 took 18.820530s
12:27:18 - Growth rate = 0.301489, quasisymmetry = 0.458078 with aspect ratio=7.978128 took 19.482292s
12:27:22 - Growth rate = 0.301497, quasisymmetry = 0.458133 with aspect ratio=7.978631 took 13.898766s
12:27:28 - Growth rate = 0.301481, quasisymmetry = 0.458393 with aspect ratio=7.978618 took 8.634162s
12:27:40 - Growth rate = 0.301489, quasisymmetry = 0.458323 with aspect ratio=7.978624 took 14.156385s
12:27:47 - Growth rate = 0.301473, quasisymmetry = 0.458269 with aspect ratio=7.978624 took 18.313409s
12:27:50 - Growth rate = 0.301497, quasisymmetry = 0.458199 with aspect ratio=7.978624 took 19.195008s
12:27:53 - Growth rate = 0.301497, quasisymmetry = 0.458222 with aspect ratio=7.978624 took 14.336480s
12:28:00 - Growth rate = 0.301473, quasisymmetry = 0.458229 with aspect ratio=7.978621 took 9.077245s
12:28:07 - Growth rate = 0.301489, quasisymmetry = 0.458261 with aspect ratio=7.978628 took 11.194984s
12:28:17 - Growth rate = 0.301497, quasisymmetry = 0.458250 with aspect ratio=7.978595 took 16.317271s
12:28:21 - Growth rate = 0.301481, quasisymmetry = 0.458209 with aspect ratio=7.978624 took 16.977833s
12:28:26 - Growth rate = 0.301473, quasisymmetry = 0.458221 with aspect ratio=7.978623 took 15.803513s
12:28:30 - Growth rate = 0.301489, quasisymmetry = 0.458221 with aspect ratio=7.978624 took 11.494163s
12:28:39 - Growth rate = 0.301481, quasisymmetry = 0.458380 with aspect ratio=7.978624 took 11.654779s
12:28:46 - Growth rate = 0.301473, quasisymmetry = 0.458219 with aspect ratio=7.978625 took 15.526792s
12:28:52 - Growth rate = 0.301481, quasisymmetry = 0.458201 with aspect ratio=7.978624 took 16.430748s
12:28:56 - Growth rate = 0.301497, quasisymmetry = 0.458372 with aspect ratio=7.978624 took 15.464204s
12:29:01 - Growth rate = 0.301473, quasisymmetry = 0.458244 with aspect ratio=7.978625 took 11.142265s
12:29:07 - Growth rate = 0.301481, quasisymmetry = 0.457943 with aspect ratio=7.978625 took 10.196092s
       5              9         4.5448e+00      3.34e-03       1.99e-05       7.19e+02    
12:29:25 - Growth rate = 0.301457, quasisymmetry = 0.457908 with aspect ratio=7.978631 took 9.030747s
12:29:44 - Growth rate = 0.301457, quasisymmetry = 0.457908 with aspect ratio=7.978631 took 9.247266s
12:30:21 - Growth rate = 0.301473, quasisymmetry = 0.457974 with aspect ratio=7.978637 took 26.999768s
12:30:22 - Growth rate = 0.301465, quasisymmetry = 0.457990 with aspect ratio=7.978631 took 27.306181s
12:30:22 - Growth rate = 0.301465, quasisymmetry = 0.457851 with aspect ratio=7.978631 took 27.320668s
12:30:23 - Growth rate = 0.301465, quasisymmetry = 0.457900 with aspect ratio=7.978631 took 28.426724s
12:30:58 - Growth rate = 0.301465, quasisymmetry = 0.457874 with aspect ratio=7.978624 took 26.006980s
12:30:58 - Growth rate = 0.301426, quasisymmetry = 0.458009 with aspect ratio=7.978231 took 26.157019s
12:30:58 - Growth rate = 0.301449, quasisymmetry = 0.458104 with aspect ratio=7.978617 took 26.256762s
12:31:00 - Growth rate = 0.301449, quasisymmetry = 0.457910 with aspect ratio=7.978624 took 26.815686s
12:31:33 - Growth rate = 0.301465, quasisymmetry = 0.457934 with aspect ratio=7.978631 took 25.771937s
12:31:34 - Growth rate = 0.301473, quasisymmetry = 0.457751 with aspect ratio=7.978631 took 25.943371s
12:31:34 - Growth rate = 0.301465, quasisymmetry = 0.457935 with aspect ratio=7.978631 took 26.198431s
12:31:36 - Growth rate = 0.301457, quasisymmetry = 0.457912 with aspect ratio=7.978634 took 26.287333s
12:32:06 - Growth rate = 0.301457, quasisymmetry = 0.457918 with aspect ratio=7.978609 took 22.785241s
12:32:08 - Growth rate = 0.301465, quasisymmetry = 0.457905 with aspect ratio=7.978633 took 24.578358s
12:32:09 - Growth rate = 0.301465, quasisymmetry = 0.457911 with aspect ratio=7.978634 took 24.878470s
12:32:11 - Growth rate = 0.301457, quasisymmetry = 0.457778 with aspect ratio=7.978631 took 24.538750s
12:32:32 - Growth rate = 0.301457, quasisymmetry = 0.458034 with aspect ratio=7.978631 took 16.703619s
12:32:41 - Growth rate = 0.301449, quasisymmetry = 0.457905 with aspect ratio=7.978631 took 22.775791s
12:32:42 - Growth rate = 0.301457, quasisymmetry = 0.457909 with aspect ratio=7.978630 took 22.878556s
12:32:44 - Growth rate = 0.301457, quasisymmetry = 0.457906 with aspect ratio=7.978633 took 22.749303s
12:32:53 - Growth rate = 0.301449, quasisymmetry = 0.457916 with aspect ratio=7.978633 took 9.552333s
12:33:15 - Growth rate = 0.301449, quasisymmetry = 0.457848 with aspect ratio=7.978631 took 23.235561s
12:33:15 - Growth rate = 0.301465, quasisymmetry = 0.457950 with aspect ratio=7.978631 took 22.907924s
12:33:15 - Growth rate = 0.301465, quasisymmetry = 0.457703 with aspect ratio=7.978632 took 22.855105s
12:33:20 - Growth rate = 0.301457, quasisymmetry = 0.457896 with aspect ratio=7.978631 took 16.395904s
12:33:46 - Growth rate = 0.301465, quasisymmetry = 0.457924 with aspect ratio=7.978631 took 22.001719s
12:33:48 - Growth rate = 0.301457, quasisymmetry = 0.457872 with aspect ratio=7.978631 took 23.606959s
12:33:49 - Growth rate = 0.301465, quasisymmetry = 0.457904 with aspect ratio=7.978631 took 23.887692s
12:33:52 - Growth rate = 0.301457, quasisymmetry = 0.457818 with aspect ratio=7.978638 took 21.953406s
12:34:11 - Growth rate = 0.301465, quasisymmetry = 0.457999 with aspect ratio=7.978757 took 15.865492s
12:34:20 - Growth rate = 0.301465, quasisymmetry = 0.457762 with aspect ratio=7.978135 took 22.303246s
12:34:21 - Growth rate = 0.301457, quasisymmetry = 0.458077 with aspect ratio=7.978625 took 22.484546s
12:34:23 - Growth rate = 0.301457, quasisymmetry = 0.457882 with aspect ratio=7.978631 took 21.556159s
12:34:31 - Growth rate = 0.301465, quasisymmetry = 0.458007 with aspect ratio=7.978631 took 9.115953s
12:34:47 - Growth rate = 0.301457, quasisymmetry = 0.457953 with aspect ratio=7.978631 took 17.372962s
12:34:51 - Growth rate = 0.301465, quasisymmetry = 0.457906 with aspect ratio=7.978631 took 20.347992s
12:34:53 - Growth rate = 0.301465, quasisymmetry = 0.457934 with aspect ratio=7.978602 took 21.035861s
12:34:58 - Growth rate = 0.301465, quasisymmetry = 0.457913 with aspect ratio=7.978628 took 15.918846s
12:35:07 - Growth rate = 0.301465, quasisymmetry = 0.457945 with aspect ratio=7.978635 took 10.357891s
12:35:19 - Growth rate = 0.301465, quasisymmetry = 0.457893 with aspect ratio=7.978631 took 17.821741s
12:35:21 - Growth rate = 0.301449, quasisymmetry = 0.458064 with aspect ratio=7.978631 took 18.276502s
12:35:26 - Growth rate = 0.301465, quasisymmetry = 0.457905 with aspect ratio=7.978630 took 18.312783s
12:35:29 - Growth rate = 0.301465, quasisymmetry = 0.457905 with aspect ratio=7.978631 took 11.696327s
12:35:40 - Growth rate = 0.301441, quasisymmetry = 0.457903 with aspect ratio=7.978632 took 11.539945s
12:35:49 - Growth rate = 0.301465, quasisymmetry = 0.457928 with aspect ratio=7.978632 took 17.283440s
12:35:54 - Growth rate = 0.301457, quasisymmetry = 0.457885 with aspect ratio=7.978631 took 17.902025s
12:35:57 - Growth rate = 0.301449, quasisymmetry = 0.458056 with aspect ratio=7.978631 took 17.290483s
12:36:02 - Growth rate = 0.301457, quasisymmetry = 0.457627 with aspect ratio=7.978632 took 11.092713s
       6             10         4.5438e+00      9.59e-04       4.98e-06       4.80e+02    
12:36:20 - Growth rate = 0.301465, quasisymmetry = 0.458012 with aspect ratio=7.978629 took 9.162312s
12:36:39 - Growth rate = 0.301465, quasisymmetry = 0.457934 with aspect ratio=7.978630 took 9.042205s
12:36:57 - Growth rate = 0.301457, quasisymmetry = 0.457914 with aspect ratio=7.978631 took 9.063510s
12:37:16 - Growth rate = 0.301465, quasisymmetry = 0.457909 with aspect ratio=7.978631 took 9.304100s
12:37:34 - Growth rate = 0.301465, quasisymmetry = 0.457908 with aspect ratio=7.978631 took 9.094795s
12:37:52 - Growth rate = 0.301457, quasisymmetry = 0.457908 with aspect ratio=7.978631 took 9.071439s
       7             16         4.5438e+00      0.00e+00       0.00e+00       4.80e+02    
`xtol` termination condition is satisfied.
Function evaluations 16, initial cost 5.4138e+00, final cost 4.5438e+00, first-order optimality 4.80e+02.
Final aspect ratio: 7.978630888793129
Final mean iota: -1.2136930813320144
Final magnetic well: -0.022625155175830147
Whole optimization took 2963.299097s
Whole optimization took 2963.799716s
Whole optimization took 2963.800009s
Final growth rate: 0.30145696
[Errno 2] No such file or directory: '/m100/home/userexternal/rjorge00/some_optimizations/GX_SIMSOPT/output_MAXITER150_least_squares_nfp4_QH/convert_VMEC_to_GX'
 - - - - - - - - - - - - - - - - - - - - - - - - - - - - - - - - -
  SEQ =    1 TIME SLICE  0.0000E+00
  PROCESSING INPUT.final
  THIS IS PARVMEC (PARALLEL VMEC), VERSION 9.0
  Lambda: Full Radial Mesh. L-Force: hybrid full/half.

  COMPUTER: powerpc64le-conda_cos7-linux-gnu   OS:    RELEASE:   DATE = Nov 15,2022  TIME = 12:38:31

  NS =   16 NO. FOURIER MODES =   50 FTOLV =  1.000E-12 NITER =   4000
  PROCESSOR COUNT - RADIAL:    1
 INITIAL JACOBIAN CHANGED SIGN!
 TRYING TO IMPROVE INITIAL MAGNETIC AXIS GUESS
  ---- Improved AXIS Guess ----
      RAXIS_CC =    1.0017629232185854       0.22481641591959256        2.7515169555596859E-002  -5.6310227922164221E-003  -3.3071551863314555E-003  -1.1079256978767636E-003
      ZAXIS_CS =   -0.0000000000000000       0.19241068908661543        2.2824053811998753E-002  -3.8675257578212930E-004   1.8832309879817848E-003   4.4288807858557464E-003
  -----------------------------

  ITER    FSQR      FSQZ      FSQL    RAX(v=0)    DELT       WMHD

    1  8.02E-02  4.48E-02  6.59E-02  1.244E+00  9.00E-01  1.5640E-01
  200  2.41E-09  1.82E-09  1.60E-09  1.237E+00  8.10E-01  1.5047E-01
  400  3.85E-11  3.80E-11  1.23E-11  1.238E+00  8.10E-01  1.5047E-01
  600  2.13E-12  1.35E-12  1.17E-12  1.238E+00  8.10E-01  1.5047E-01
  638  9.85E-13  7.51E-13  5.97E-13  1.238E+00  8.10E-01  1.5047E-01

  NS =   51 NO. FOURIER MODES =   50 FTOLV =  1.000E-13 NITER =  10000
  PROCESSOR COUNT - RADIAL:    1

  ITER    FSQR      FSQZ      FSQL    RAX(v=0)    DELT       WMHD

    1  3.31E-03  4.74E-03  7.66E-06  1.238E+00  9.00E-01  1.5047E-01
  200  2.12E-09  1.28E-09  5.17E-11  1.238E+00  7.41E-01  1.5047E-01
  400  5.10E-11  2.39E-11  2.96E-12  1.238E+00  7.41E-01  1.5047E-01
  600  2.77E-12  1.23E-12  2.95E-13  1.238E+00  7.41E-01  1.5047E-01
  800  1.77E-13  9.37E-14  3.62E-14  1.238E+00  7.41E-01  1.5047E-01
  839  9.95E-14  5.84E-14  2.26E-14  1.238E+00  7.41E-01  1.5047E-01

  NS =  101 NO. FOURIER MODES =   50 FTOLV =  1.000E-14 NITER =   4000
  PROCESSOR COUNT - RADIAL:    1

  ITER    FSQR      FSQZ      FSQL    RAX(v=0)    DELT       WMHD

    1  2.83E-03  3.39E-03  1.54E-07  1.238E+00  9.00E-01  1.5047E-01
  200  4.14E-09  3.41E-09  6.62E-12  1.238E+00  6.00E-01  1.5047E-01
  400  1.19E-10  4.58E-11  7.79E-13  1.238E+00  6.00E-01  1.5047E-01
  600  3.10E-11  1.13E-11  1.52E-13  1.238E+00  6.00E-01  1.5047E-01
  800  5.28E-12  2.18E-12  2.60E-14  1.238E+00  6.00E-01  1.5047E-01
 1000  3.84E-13  1.99E-13  4.60E-15  1.238E+00  6.00E-01  1.5047E-01
 1200  7.91E-14  2.38E-14  1.91E-15  1.238E+00  6.00E-01  1.5047E-01
 1400  2.51E-14  6.35E-15  5.09E-16  1.238E+00  6.00E-01  1.5047E-01
 1454  9.86E-15  3.18E-15  3.40E-16  1.238E+00  6.00E-01  1.5047E-01

 EXECUTION TERMINATED NORMALLY

 FILE : final_000_000000
 NUMBER OF JACOBIAN RESETS =    3

    TOTAL COMPUTATIONAL TIME (SEC)        13.27
    TIME TO INPUT/OUTPUT                   0.04
       READ IN DATA                        0.00
       WRITE OUT DATA TO WOUT              0.04
    TIME IN FUNCT3D                       13.13
       BCOVAR FIELDS                       1.99
       FOURIER TRANSFORM                   2.24
       INVERSE FOURIER TRANSFORM           2.06
       FORCES AND SYMMETRIZE               2.24
       RESIDUE                             3.59
       EQFORCE                             0.00
nfp:  4
ns:  101
mpol:  5
ntor:  5
Aminor_p:  0.12532797169784693
Rmajor_p:  0.9999456262182326
aspect:             7.978630888793129
Rmajor_p/Aminor_p:  7.978630888793129
betatotal:  0.0
betapol:    0.0
betator:    0.0
betaxis:    0.0
ctor:    8.514632482127113e-11
bmnc.shape: (101, 128)
bmns.shape: (101, 128)
Creating Boozer class for vmec_final
Defining surfaces where to compute Boozer coordinates
 booz_surfaces=[0.  0.1 0.2 0.3 0.4 0.5 0.6 0.7 0.8 0.9]
Running BOOZ_XFORM
mnmax: 50  len(xm): 50  len(xn): 50
mnmax_nyq: 128  len(xm_nyq): 128  len(xn_nyq): 128
Read ns=101, mpol=5, ntor=5, mnmax=50, mnmax_nyq=128
compute_surfs (0-based indices):  0 10 20 30 39 49 60 70 79 89
Initializing with mboz=64, nboz=64
ntheta = 258, nzeta = 258, # threads = 16
                   |        outboard (theta=0)      |      inboard (theta=pi)      |
thread js_b js zeta| |B|input  |B|Boozer    Error   | |B|input  |B|Boozer    Error |
------------------------------------------------------------------------------------
   4     4  39   0  8.744e-01  8.744e-01  1.701e-14  1.105e+00  1.105e+00  4.621e-15
                pi  1.136e+00  1.136e+00  5.862e-16  8.923e-01  8.923e-01  2.327e-14
   0     0   0   0  9.672e-01  9.672e-01  5.051e-15  9.932e-01  9.932e-01  1.073e-14
                pi  1.033e+00  1.033e+00  1.719e-15  1.008e+00  1.008e+00  1.542e-14
   8     8  79   0  8.361e-01  8.361e-01  1.195e-15  1.165e+00  1.165e+00  1.327e-12
                pi  1.197e+00  1.197e+00  1.021e-14  8.177e-01  8.177e-01  1.120e-11
   2     2  20   0  9.019e-01  9.019e-01  2.708e-15  1.068e+00  1.068e+00  8.524e-15
                pi  1.102e+00  1.102e+00  7.856e-15  9.325e-01  9.325e-01  4.762e-16
   6     6  60   0  8.523e-01  8.523e-01  1.120e-14  1.139e+00  1.139e+00  5.461e-14
                pi  1.169e+00  1.169e+00  1.805e-14  8.528e-01  8.528e-01  3.312e-13
   7     7  70   0  8.434e-01  8.434e-01  1.777e-14  1.153e+00  1.153e+00  3.228e-13
                pi  1.184e+00  1.184e+00  2.326e-14  8.344e-01  8.344e-01  2.367e-12
   1     1  10   0  9.231e-01  9.231e-01  1.070e-14  1.042e+00  1.042e+00  3.367e-14
                pi  1.079e+00  1.079e+00  8.644e-15  9.592e-01  9.592e-01  3.542e-14
   5     5  49   0  8.631e-01  8.631e-01  4.245e-15  1.122e+00  1.122e+00  3.959e-15
                pi  1.152e+00  1.152e+00  1.156e-14  8.732e-01  8.732e-01  1.742e-14
   3     3  30   0  8.861e-01  8.861e-01  2.631e-15  1.089e+00  1.089e+00  1.223e-15
                pi  1.121e+00  1.121e+00  9.903e-16  9.104e-01  9.104e-01  2.000e-14
   9     9  89   0  8.285e-01  8.285e-01  3.350e-15  1.178e+00  1.178e+00  5.825e-12
                pi  1.211e+00  1.211e+00  5.500e-16  7.989e-01  7.989e-01  5.401e-11
Writing output to /m100/home/userexternal/rjorge00/some_optimizations/GX_SIMSOPT/output_MAXITER150_least_squares_nfp4_QH/boozmn_single_stage.nc
Plot BOOZ_XFORM
[Errno 2] No such file or directory: '/m100/home/userexternal/rjorge00/some_optimizations/GX_SIMSOPT/output_MAXITER150_least_squares_nfp4_QH/gx'
Whole optimization took 3079.812802s
