perl: warning: Setting locale failed.
perl: warning: Please check that your locale settings:
	LANGUAGE = (unset),
	LC_ALL = (unset),
	LC_CTYPE = "UTF-8",
	LANG = "en_US.UTF-8"
    are supported and installed on your system.
perl: warning: Falling back to a fallback locale ("en_US.UTF-8").
Initial aspect ratio: 6.000114150210393
Initial mean iota: 0.4190692975001252
Initial magnetic well: -0.030892210701449766
Traceback (most recent call last):
  File "./main.py", line 260, in <module>
    os.remove(os.path.join(OUT_DIR,'convert_VMEC_to_GX'))
FileNotFoundError: [Errno 2] No such file or directory: '/m100/home/userexternal/rjorge00/some_optimizations/GX_SIMSOPT/output_MAXITER150_dual_annealing_nfp2_QA/convert_VMEC_to_GX'
Traceback (most recent call last):
  File "./main.py", line 260, in <module>
    os.remove(os.path.join(OUT_DIR,'convert_VMEC_to_GX'))
FileNotFoundError: [Errno 2] No such file or directory: '/m100/home/userexternal/rjorge00/some_optimizations/GX_SIMSOPT/output_MAXITER150_dual_annealing_nfp2_QA/convert_VMEC_to_GX'
Whole optimization took 6.169943s
Traceback (most recent call last):
  File "./main.py", line 211, in <module>
    growth_rate = run_gx(vmec)
  File "./main.py", line 175, in run_gx
    gx_input_name = create_gx_inputs(vmec.output_file)
  File "./main.py", line 139, in create_gx_inputs
    if not os.path.isfile(os.path.join(OUT_DIR,'convert_VMEC_to_GX')): shutil.copy(convert_VMEC_to_GX,os.path.join(OUT_DIR,'convert_VMEC_to_GX'))
  File "/m100/home/userexternal/rjorge00/.conda/envs/simsopt/lib/python3.8/shutil.py", line 419, in copy
    copymode(src, dst, follow_symlinks=follow_symlinks)
  File "/m100/home/userexternal/rjorge00/.conda/envs/simsopt/lib/python3.8/shutil.py", line 308, in copymode
    chmod_func(dst, stat.S_IMODE(st.st_mode))
FileNotFoundError: [Errno 2] No such file or directory: '/m100/home/userexternal/rjorge00/some_optimizations/GX_SIMSOPT/output_MAXITER150_dual_annealing_nfp2_QA/convert_VMEC_to_GX'
--------------------------------------------------------------------------
Primary job  terminated normally, but 1 process returned
a non-zero exit code. Per user-direction, the job has been aborted.
--------------------------------------------------------------------------
--------------------------------------------------------------------------
mpirun detected that one or more processes exited with non-zero status, thus causing
the job to be terminated. The first process to do so was:

  Process name: [[39237,1],2]
  Exit code:    1
--------------------------------------------------------------------------
