perl: warning: Setting locale failed.
perl: warning: Please check that your locale settings:
	LANGUAGE = (unset),
	LC_ALL = (unset),
	LC_CTYPE = "UTF-8",
	LANG = "en_US.UTF-8"
    are supported and installed on your system.
perl: warning: Falling back to a fallback locale ("en_US.UTF-8").
Initial aspect ratio: 8.000967056664201
Initial mean iota: -1.2414619577370025
Initial magnetic well: -0.014518732731757817
Initial heat flux: 17.499777
## Now calculating total objective function ##
21:17:49 - Growth rate = 25.793633, qflux = 17.499777, quasisymmetry = 0.035078 with aspect ratio=8.000967 took 31.303967s
Total objective before optimization: 30624.218945808414
-------------------------
Optimizing with max_mode = 3
-------------------------
21:18:25 - Growth rate = 25.793633, qflux = 17.499777, quasisymmetry = 0.035078 with aspect ratio=8.000967 took 31.717993s
21:19:00 - Growth rate = 25.793633, qflux = 17.499777, quasisymmetry = 0.035078 with aspect ratio=8.000967 took 32.098480s
21:19:36 - Growth rate = 25.793633, qflux = 17.499777, quasisymmetry = 0.035078 with aspect ratio=8.000967 took 32.077694s
21:20:12 - Growth rate = 1.944211, qflux = 17.332928, quasisymmetry = 0.035114 with aspect ratio=8.000971 took 32.447375s
21:20:48 - Growth rate = 19.637259, qflux = 17.775141, quasisymmetry = 0.035109 with aspect ratio=8.000967 took 31.724597s
21:21:23 - Growth rate = 41.631550, qflux = 17.193752, quasisymmetry = 0.035068 with aspect ratio=8.000967 took 32.056107s
21:21:59 - Growth rate = 4.849725, qflux = 17.095058, quasisymmetry = 0.035142 with aspect ratio=8.000967 took 32.032760s
21:22:35 - Growth rate = 6.162381, qflux = 17.634346, quasisymmetry = 0.035166 with aspect ratio=8.000960 took 32.355105s
21:23:11 - Growth rate = 2.729649, qflux = 17.739851, quasisymmetry = 0.035167 with aspect ratio=8.000955 took 32.191862s
21:23:47 - Growth rate = 4.162093, qflux = 17.473217, quasisymmetry = 0.035212 with aspect ratio=8.000566 took 32.435308s
21:24:23 - Growth rate = 10.381225, qflux = 17.359653, quasisymmetry = 0.035155 with aspect ratio=8.000961 took 32.277282s
21:24:59 - Growth rate = 6.407143, qflux = 17.534157, quasisymmetry = 0.035109 with aspect ratio=8.000968 took 32.432272s
21:25:35 - Growth rate = 24.474985, qflux = 17.069181, quasisymmetry = 0.035114 with aspect ratio=8.000967 took 32.372227s
21:26:11 - Growth rate = 8.911510, qflux = 17.578678, quasisymmetry = 0.035063 with aspect ratio=8.000967 took 32.599601s
21:26:47 - Growth rate = 17.886080, qflux = 17.368341, quasisymmetry = 0.035072 with aspect ratio=8.000971 took 32.307804s
21:27:23 - Growth rate = 12.114963, qflux = 16.880030, quasisymmetry = 0.035076 with aspect ratio=8.000944 took 32.359908s
21:27:59 - Growth rate = 6.222713, qflux = 17.630447, quasisymmetry = 0.035080 with aspect ratio=8.000969 took 32.238639s
21:28:35 - Growth rate = 48.564339, qflux = 17.795092, quasisymmetry = 0.035090 with aspect ratio=8.000971 took 32.279623s
21:29:11 - Growth rate = 20.738892, qflux = 17.373812, quasisymmetry = 0.035128 with aspect ratio=8.000967 took 32.343582s
21:29:47 - Growth rate = 39.284203, qflux = 17.423763, quasisymmetry = 0.035085 with aspect ratio=8.000967 took 32.299502s
21:30:23 - Growth rate = 14.416822, qflux = 17.688438, quasisymmetry = 0.035082 with aspect ratio=8.000967 took 32.343179s
21:30:59 - Growth rate = 5.889268, qflux = 17.943512, quasisymmetry = 0.035080 with aspect ratio=8.000966 took 32.347409s
21:31:35 - Growth rate = 2.781395, qflux = 17.441044, quasisymmetry = 0.035078 with aspect ratio=8.000968 took 32.353847s
21:32:11 - Growth rate = 45.462227, qflux = 17.513237, quasisymmetry = 0.035079 with aspect ratio=8.000969 took 32.351431s
21:32:47 - Growth rate = 2.207897, qflux = 17.879498, quasisymmetry = 0.035094 with aspect ratio=8.000967 took 32.259049s
21:33:23 - Growth rate = 16.155355, qflux = 17.213223, quasisymmetry = 0.035092 with aspect ratio=8.000967 took 32.328637s
21:33:58 - Growth rate = 3.539970, qflux = 17.351368, quasisymmetry = 0.035077 with aspect ratio=8.000967 took 32.206421s
21:34:34 - Growth rate = 3.428646, qflux = 17.738869, quasisymmetry = 0.035040 with aspect ratio=8.000967 took 32.340867s
21:35:10 - Growth rate = 42.366951, qflux = 17.678629, quasisymmetry = 0.035051 with aspect ratio=8.000967 took 32.214154s
21:35:46 - Growth rate = 14.578713, qflux = 17.029055, quasisymmetry = 0.035094 with aspect ratio=8.000967 took 32.303954s
21:36:22 - Growth rate = 13.157416, qflux = 17.172426, quasisymmetry = 0.035132 with aspect ratio=8.000967 took 32.394651s
21:36:58 - Growth rate = 41.341137, qflux = 17.480860, quasisymmetry = 0.035165 with aspect ratio=8.000974 took 32.355948s
21:37:34 - Growth rate = 8.892369, qflux = 17.707283, quasisymmetry = 0.035114 with aspect ratio=8.001096 took 32.526015s
21:38:10 - Growth rate = 16.969839, qflux = 17.744417, quasisymmetry = 0.034998 with aspect ratio=8.000468 took 32.441373s
21:38:46 - Growth rate = 6.454474, qflux = 17.155319, quasisymmetry = 0.034989 with aspect ratio=8.000962 took 32.403949s
21:39:22 - Growth rate = 3.910661, qflux = 16.444906, quasisymmetry = 0.035057 with aspect ratio=8.000967 took 32.337683s
21:39:59 - Growth rate = 43.284081, qflux = 17.222511, quasisymmetry = 0.035151 with aspect ratio=8.000967 took 32.400750s
21:40:35 - Growth rate = 16.635195, qflux = 17.556681, quasisymmetry = 0.035070 with aspect ratio=8.000968 took 32.578931s
21:41:11 - Growth rate = 12.545290, qflux = 17.142061, quasisymmetry = 0.035073 with aspect ratio=8.000967 took 32.558045s
21:41:47 - Growth rate = 45.801605, qflux = 17.465111, quasisymmetry = 0.035077 with aspect ratio=8.000938 took 32.493866s
21:42:23 - Growth rate = 3.558630, qflux = 17.771343, quasisymmetry = 0.035075 with aspect ratio=8.000965 took 32.426268s
21:42:59 - Growth rate = 3.334268, qflux = 17.249165, quasisymmetry = 0.035065 with aspect ratio=8.000971 took 32.593958s
21:43:36 - Growth rate = 3.878260, qflux = 17.486448, quasisymmetry = 0.035128 with aspect ratio=8.000967 took 32.483554s
21:44:12 - Growth rate = 6.756225, qflux = 17.317337, quasisymmetry = 0.035082 with aspect ratio=8.000967 took 32.587933s
21:44:48 - Growth rate = 18.540644, qflux = 17.538357, quasisymmetry = 0.035079 with aspect ratio=8.000966 took 32.492119s
21:45:24 - Growth rate = 39.974838, qflux = 17.724854, quasisymmetry = 0.035080 with aspect ratio=8.000967 took 32.490179s
21:46:00 - Growth rate = 28.557817, qflux = 17.070997, quasisymmetry = 0.035078 with aspect ratio=8.000968 took 32.528531s
21:46:36 - Growth rate = 2.592836, qflux = 17.776283, quasisymmetry = 0.035075 with aspect ratio=8.000969 took 32.377226s
21:47:12 - Growth rate = 60.754272, qflux = 17.348049, quasisymmetry = 0.035089 with aspect ratio=8.000967 took 32.564731s
21:47:49 - Growth rate = 2.726344, qflux = 16.990105, quasisymmetry = 0.035088 with aspect ratio=8.000967 took 32.474034s
21:48:25 - Growth rate = 25.186342, qflux = 17.367277, quasisymmetry = 0.035083 with aspect ratio=8.000967 took 32.621597s
   Iteration     Total nfev        Cost      Cost reduction    Step norm     Optimality   
       0              1         1.5312e+04                                    1.85e+09    
Function evaluation failed for <bound method Vmec.aspect of Vmec1 (nfp=4 mpol=5 ntor=5)>
Function evaluation failed for <bound method Vmec.aspect of Vmec1 (nfp=4 mpol=5 ntor=5)>
21:49:03 - Growth rate = 20.634018, qflux = 22.871777, quasisymmetry = 1.686185 with aspect ratio=9.462588 took 32.263298s
21:49:40 - Growth rate = 16.872393, qflux = 22.102486, quasisymmetry = 0.144920 with aspect ratio=8.313377 took 32.271600s
21:50:17 - Growth rate = 24.166237, qflux = 17.998964, quasisymmetry = 0.050084 with aspect ratio=8.076509 took 32.515244s
21:50:53 - Growth rate = 14.685285, qflux = 18.030840, quasisymmetry = 0.037829 with aspect ratio=8.019799 took 32.381693s
21:51:29 - Growth rate = 2.097768, qflux = 18.265608, quasisymmetry = 0.035403 with aspect ratio=8.005723 took 32.468219s
21:52:05 - Growth rate = 2.831954, qflux = 17.259640, quasisymmetry = 0.035301 with aspect ratio=7.999902 took 32.584797s
21:52:41 - Growth rate = 2.831954, qflux = 17.259640, quasisymmetry = 0.035301 with aspect ratio=7.999902 took 32.562588s
21:53:17 - Growth rate = 11.887744, qflux = 17.163321, quasisymmetry = 0.035337 with aspect ratio=7.999906 took 32.520124s
21:53:53 - Growth rate = 5.105023, qflux = 17.611435, quasisymmetry = 0.035332 with aspect ratio=7.999902 took 32.600981s
21:54:30 - Growth rate = 60.998680, qflux = 17.596733, quasisymmetry = 0.035291 with aspect ratio=7.999902 took 32.422282s
21:55:06 - Growth rate = 1.371703, qflux = 17.424782, quasisymmetry = 0.035366 with aspect ratio=7.999902 took 32.457629s
21:55:42 - Growth rate = 10.973196, qflux = 16.865681, quasisymmetry = 0.035389 with aspect ratio=7.999895 took 32.592551s
21:56:18 - Growth rate = 40.670788, qflux = 17.145363, quasisymmetry = 0.035389 with aspect ratio=7.999890 took 32.763988s
21:56:54 - Growth rate = 12.274242, qflux = 17.074110, quasisymmetry = 0.035435 with aspect ratio=7.999501 took 32.614090s
21:57:31 - Growth rate = 19.200701, qflux = 16.961395, quasisymmetry = 0.035378 with aspect ratio=7.999896 took 32.600821s
21:58:07 - Growth rate = 7.983094, qflux = 17.227839, quasisymmetry = 0.035332 with aspect ratio=7.999902 took 32.453227s
21:58:43 - Growth rate = 26.313141, qflux = 17.491053, quasisymmetry = 0.035337 with aspect ratio=7.999902 took 32.455948s
21:59:19 - Growth rate = 40.310204, qflux = 17.483463, quasisymmetry = 0.035286 with aspect ratio=7.999902 took 32.620222s
21:59:55 - Growth rate = 12.510954, qflux = 17.046326, quasisymmetry = 0.035295 with aspect ratio=7.999906 took 32.515237s
22:00:31 - Growth rate = 6.044746, qflux = 17.321930, quasisymmetry = 0.035299 with aspect ratio=7.999879 took 32.486055s
22:01:08 - Growth rate = 14.611330, qflux = 16.500252, quasisymmetry = 0.035303 with aspect ratio=7.999904 took 32.761857s
22:01:44 - Growth rate = 40.569561, qflux = 16.948719, quasisymmetry = 0.035313 with aspect ratio=7.999905 took 32.516965s
22:02:20 - Growth rate = 13.549009, qflux = 17.460537, quasisymmetry = 0.035351 with aspect ratio=7.999902 took 32.656636s
22:02:56 - Growth rate = 7.070893, qflux = 17.425198, quasisymmetry = 0.035308 with aspect ratio=7.999902 took 32.421744s
22:03:33 - Growth rate = 4.126271, qflux = 17.206127, quasisymmetry = 0.035305 with aspect ratio=7.999902 took 32.764385s
22:04:09 - Growth rate = 6.921539, qflux = 17.498468, quasisymmetry = 0.035304 with aspect ratio=7.999901 took 32.386162s
22:04:45 - Growth rate = 4.410912, qflux = 17.089201, quasisymmetry = 0.035301 with aspect ratio=7.999903 took 32.551885s
22:05:21 - Growth rate = 40.827431, qflux = 16.863167, quasisymmetry = 0.035302 with aspect ratio=7.999904 took 32.640678s
22:05:57 - Growth rate = 24.247156, qflux = 17.313536, quasisymmetry = 0.035317 with aspect ratio=7.999902 took 32.476259s
22:06:34 - Growth rate = 7.472864, qflux = 18.071585, quasisymmetry = 0.035315 with aspect ratio=7.999902 took 32.711684s
22:07:10 - Growth rate = 11.339476, qflux = 17.428871, quasisymmetry = 0.035300 with aspect ratio=7.999902 took 32.498852s
22:07:46 - Growth rate = 50.618103, qflux = 17.339169, quasisymmetry = 0.035263 with aspect ratio=7.999902 took 32.457987s
22:08:22 - Growth rate = 24.006912, qflux = 17.419071, quasisymmetry = 0.035274 with aspect ratio=7.999902 took 32.458573s
22:08:58 - Growth rate = 16.549778, qflux = 17.211685, quasisymmetry = 0.035317 with aspect ratio=7.999902 took 32.478396s
22:09:35 - Growth rate = 1.960238, qflux = 17.361040, quasisymmetry = 0.035355 with aspect ratio=7.999902 took 32.727981s
22:10:11 - Growth rate = 55.909924, qflux = 17.539310, quasisymmetry = 0.035389 with aspect ratio=7.999909 took 32.681541s
22:10:47 - Growth rate = 53.347122, qflux = 17.462133, quasisymmetry = 0.035337 with aspect ratio=8.000031 took 32.163638s
22:11:22 - Growth rate = 21.726446, qflux = 17.270948, quasisymmetry = 0.035222 with aspect ratio=7.999403 took 32.046821s
22:11:58 - Growth rate = 39.966270, qflux = 17.446419, quasisymmetry = 0.035211 with aspect ratio=7.999897 took 31.880560s
22:12:34 - Growth rate = 10.874022, qflux = 17.101339, quasisymmetry = 0.035280 with aspect ratio=7.999902 took 32.150751s
22:13:10 - Growth rate = 39.179783, qflux = 17.398865, quasisymmetry = 0.035374 with aspect ratio=7.999902 took 32.660972s
22:13:46 - Growth rate = 81.810318, qflux = 17.054998, quasisymmetry = 0.035293 with aspect ratio=7.999902 took 32.547692s
22:14:22 - Growth rate = 1.476704, qflux = 17.279114, quasisymmetry = 0.035296 with aspect ratio=7.999902 took 32.473567s
22:14:58 - Growth rate = 45.494869, qflux = 16.795954, quasisymmetry = 0.035300 with aspect ratio=7.999873 took 32.427820s
22:15:36 - Growth rate = 3.529882, qflux = 17.231167, quasisymmetry = 0.035298 with aspect ratio=7.999900 took 33.877262s
22:16:12 - Growth rate = 4.880297, qflux = 16.576651, quasisymmetry = 0.035288 with aspect ratio=7.999906 took 32.392169s
22:16:49 - Growth rate = 35.162495, qflux = 17.335148, quasisymmetry = 0.035351 with aspect ratio=7.999902 took 32.964081s
22:17:25 - Growth rate = 5.971746, qflux = 17.347219, quasisymmetry = 0.035305 with aspect ratio=7.999902 took 32.410518s
22:18:01 - Growth rate = 4.607824, qflux = 16.999397, quasisymmetry = 0.035302 with aspect ratio=7.999901 took 32.610228s
22:18:37 - Growth rate = 5.561497, qflux = 17.289387, quasisymmetry = 0.035303 with aspect ratio=7.999902 took 32.604043s
22:19:13 - Growth rate = 5.734030, qflux = 17.323257, quasisymmetry = 0.035301 with aspect ratio=7.999903 took 32.485133s
22:19:50 - Growth rate = 4.852859, qflux = 17.329182, quasisymmetry = 0.035298 with aspect ratio=7.999904 took 32.587781s
22:20:26 - Growth rate = 48.227539, qflux = 17.087181, quasisymmetry = 0.035312 with aspect ratio=7.999902 took 32.591433s
22:21:02 - Growth rate = 42.473534, qflux = 16.968987, quasisymmetry = 0.035311 with aspect ratio=7.999902 took 32.627656s
22:21:38 - Growth rate = 40.328846, qflux = 16.927006, quasisymmetry = 0.035306 with aspect ratio=7.999902 took 32.542478s
       1              9         1.4895e+04      4.17e+02       1.99e-05       1.40e+09    
22:22:14 - Growth rate = 54.464161, qflux = 17.080685, quasisymmetry = 0.035137 with aspect ratio=7.999901 took 32.455457s
22:22:50 - Growth rate = 54.464161, qflux = 17.080685, quasisymmetry = 0.035137 with aspect ratio=7.999901 took 32.475820s
22:23:27 - Growth rate = 9.967810, qflux = 17.478252, quasisymmetry = 0.035174 with aspect ratio=7.999905 took 32.568560s
22:24:03 - Growth rate = 17.427670, qflux = 16.972698, quasisymmetry = 0.035168 with aspect ratio=7.999901 took 32.391328s
22:24:39 - Growth rate = 36.221001, qflux = 17.623041, quasisymmetry = 0.035127 with aspect ratio=7.999901 took 32.536514s
22:25:15 - Growth rate = 2.681063, qflux = 17.604301, quasisymmetry = 0.035202 with aspect ratio=7.999901 took 32.498566s
22:25:51 - Growth rate = 44.856750, qflux = 17.204697, quasisymmetry = 0.035226 with aspect ratio=7.999893 took 32.575548s
22:26:28 - Growth rate = 1.973704, qflux = 17.647068, quasisymmetry = 0.035226 with aspect ratio=7.999888 took 32.676466s
22:27:04 - Growth rate = 10.716054, qflux = 17.560059, quasisymmetry = 0.035272 with aspect ratio=7.999500 took 32.738190s
22:27:40 - Growth rate = 9.633549, qflux = 17.489204, quasisymmetry = 0.035214 with aspect ratio=7.999895 took 32.475052s
22:28:16 - Growth rate = 44.675323, qflux = 16.725622, quasisymmetry = 0.035168 with aspect ratio=7.999901 took 32.512219s
22:28:52 - Growth rate = 3.551227, qflux = 17.670208, quasisymmetry = 0.035173 with aspect ratio=7.999901 took 32.559588s
22:29:29 - Growth rate = 15.299431, qflux = 17.035860, quasisymmetry = 0.035122 with aspect ratio=7.999901 took 32.558887s
22:30:05 - Growth rate = 9.325840, qflux = 17.415630, quasisymmetry = 0.035131 with aspect ratio=7.999905 took 32.694089s
22:30:41 - Growth rate = 5.419548, qflux = 17.276323, quasisymmetry = 0.035135 with aspect ratio=7.999878 took 32.328706s
22:31:17 - Growth rate = 9.549294, qflux = 17.382065, quasisymmetry = 0.035139 with aspect ratio=7.999902 took 32.583291s
22:31:53 - Growth rate = 10.613216, qflux = 17.101345, quasisymmetry = 0.035149 with aspect ratio=7.999904 took 32.541308s
22:32:30 - Growth rate = 24.194069, qflux = 16.896708, quasisymmetry = 0.035187 with aspect ratio=7.999901 took 32.654129s
22:33:06 - Growth rate = 46.725185, qflux = 17.912762, quasisymmetry = 0.035144 with aspect ratio=7.999901 took 32.503272s
22:33:42 - Growth rate = 9.317218, qflux = 17.420847, quasisymmetry = 0.035142 with aspect ratio=7.999900 took 32.621221s
22:34:19 - Growth rate = 16.162243, qflux = 17.494743, quasisymmetry = 0.035140 with aspect ratio=7.999899 took 32.914949s
22:34:55 - Growth rate = 6.489557, qflux = 16.832802, quasisymmetry = 0.035138 with aspect ratio=7.999902 took 32.480596s
22:35:31 - Growth rate = 53.268158, qflux = 17.097168, quasisymmetry = 0.035138 with aspect ratio=7.999902 took 32.506845s
22:36:07 - Growth rate = 11.128219, qflux = 16.980865, quasisymmetry = 0.035153 with aspect ratio=7.999901 took 32.496812s
22:36:43 - Growth rate = 0.328799, qflux = 17.253786, quasisymmetry = 0.035151 with aspect ratio=7.999901 took 32.485214s
22:37:19 - Growth rate = 16.746761, qflux = 17.269096, quasisymmetry = 0.035136 with aspect ratio=7.999901 took 32.587425s
22:37:56 - Growth rate = 6.650141, qflux = 17.257284, quasisymmetry = 0.035099 with aspect ratio=7.999901 took 32.616344s
22:38:32 - Growth rate = 40.178535, qflux = 17.490162, quasisymmetry = 0.035110 with aspect ratio=7.999901 took 32.830494s
22:39:08 - Growth rate = 16.642946, qflux = 17.233063, quasisymmetry = 0.035154 with aspect ratio=7.999901 took 32.421145s
22:39:44 - Growth rate = 9.008637, qflux = 17.612789, quasisymmetry = 0.035191 with aspect ratio=7.999900 took 32.501386s
22:40:21 - Growth rate = 11.710973, qflux = 18.010376, quasisymmetry = 0.035225 with aspect ratio=7.999908 took 32.613057s
22:40:57 - Growth rate = 46.549404, qflux = 17.606298, quasisymmetry = 0.035173 with aspect ratio=8.000029 took 32.726323s
22:41:33 - Growth rate = 2.197016, qflux = 17.742174, quasisymmetry = 0.035058 with aspect ratio=7.999401 took 32.751850s
22:42:09 - Growth rate = 2.655875, qflux = 16.866184, quasisymmetry = 0.035048 with aspect ratio=7.999895 took 32.440193s
22:42:46 - Growth rate = 40.383083, qflux = 17.326778, quasisymmetry = 0.035117 with aspect ratio=7.999901 took 32.562999s
22:43:22 - Growth rate = 47.590855, qflux = 17.150669, quasisymmetry = 0.035210 with aspect ratio=7.999901 took 32.627544s
22:43:58 - Growth rate = 2.153303, qflux = 17.501656, quasisymmetry = 0.035129 with aspect ratio=7.999901 took 32.663928s
22:44:34 - Growth rate = 6.299505, qflux = 17.114807, quasisymmetry = 0.035132 with aspect ratio=7.999900 took 32.507337s
22:45:10 - Growth rate = 40.820110, qflux = 17.619394, quasisymmetry = 0.035136 with aspect ratio=7.999872 took 31.933892s
22:45:45 - Growth rate = 54.456371, qflux = 17.478951, quasisymmetry = 0.035135 with aspect ratio=7.999898 took 32.002574s
22:46:21 - Growth rate = 5.539454, qflux = 17.501801, quasisymmetry = 0.035125 with aspect ratio=7.999905 took 31.729641s
22:46:56 - Growth rate = 12.149048, qflux = 17.007185, quasisymmetry = 0.035187 with aspect ratio=7.999901 took 31.965265s
22:47:32 - Growth rate = 7.260222, qflux = 17.114029, quasisymmetry = 0.035141 with aspect ratio=7.999901 took 31.823683s
22:48:07 - Growth rate = 78.851654, qflux = 17.680904, quasisymmetry = 0.035138 with aspect ratio=7.999900 took 31.890997s
22:48:43 - Growth rate = 39.776058, qflux = 17.419666, quasisymmetry = 0.035139 with aspect ratio=7.999900 took 32.118256s
22:49:19 - Growth rate = 46.451561, qflux = 17.007587, quasisymmetry = 0.035137 with aspect ratio=7.999902 took 32.367562s
22:49:55 - Growth rate = 5.381909, qflux = 17.004238, quasisymmetry = 0.035135 with aspect ratio=7.999903 took 32.452382s
22:50:31 - Growth rate = 46.588657, qflux = 17.157164, quasisymmetry = 0.035149 with aspect ratio=7.999901 took 32.559317s
22:51:07 - Growth rate = 1.811761, qflux = 17.270737, quasisymmetry = 0.035148 with aspect ratio=7.999901 took 32.321600s
22:51:44 - Growth rate = 49.339409, qflux = 17.594776, quasisymmetry = 0.035142 with aspect ratio=7.999901 took 32.442222s
       2             10         1.4587e+04      3.07e+02       4.98e-06       1.42e+09    
22:52:20 - Growth rate = 7.700819, qflux = 16.960777, quasisymmetry = 0.035090 with aspect ratio=7.999902 took 32.763644s
22:52:56 - Growth rate = 7.700819, qflux = 16.960777, quasisymmetry = 0.035090 with aspect ratio=7.999902 took 32.376785s
22:53:32 - Growth rate = 4.004344, qflux = 17.522068, quasisymmetry = 0.035127 with aspect ratio=7.999907 took 32.344764s
22:54:08 - Growth rate = 40.867073, qflux = 17.398544, quasisymmetry = 0.035121 with aspect ratio=7.999902 took 32.466156s
22:54:44 - Growth rate = 9.178715, qflux = 17.363724, quasisymmetry = 0.035080 with aspect ratio=7.999902 took 32.685485s
22:55:21 - Growth rate = 3.903594, qflux = 17.139103, quasisymmetry = 0.035155 with aspect ratio=7.999903 took 32.511870s
22:55:57 - Growth rate = 4.770698, qflux = 16.970772, quasisymmetry = 0.035178 with aspect ratio=7.999895 took 32.429227s
22:56:33 - Growth rate = 46.352821, qflux = 17.339111, quasisymmetry = 0.035179 with aspect ratio=7.999890 took 32.533634s
22:57:09 - Growth rate = 58.681187, qflux = 17.442802, quasisymmetry = 0.035225 with aspect ratio=7.999501 took 32.365626s
22:57:45 - Growth rate = 8.116241, qflux = 16.826912, quasisymmetry = 0.035167 with aspect ratio=7.999896 took 32.533201s
22:58:21 - Growth rate = 5.593760, qflux = 16.891632, quasisymmetry = 0.035121 with aspect ratio=7.999903 took 32.403192s
22:58:57 - Growth rate = 7.069420, qflux = 17.462944, quasisymmetry = 0.035126 with aspect ratio=7.999903 took 32.483299s
22:59:33 - Growth rate = 5.804413, qflux = 16.986614, quasisymmetry = 0.035075 with aspect ratio=7.999903 took 32.668541s
23:00:10 - Growth rate = 10.085777, qflux = 17.135887, quasisymmetry = 0.035084 with aspect ratio=7.999907 took 32.426671s
23:00:46 - Growth rate = 11.010735, qflux = 17.463518, quasisymmetry = 0.035088 with aspect ratio=7.999880 took 32.414288s
23:01:22 - Growth rate = 38.779285, qflux = 17.515123, quasisymmetry = 0.035092 with aspect ratio=7.999904 took 32.567228s
23:01:58 - Growth rate = 12.664224, qflux = 17.264366, quasisymmetry = 0.035102 with aspect ratio=7.999906 took 32.625844s
23:02:34 - Growth rate = 6.078204, qflux = 17.045475, quasisymmetry = 0.035140 with aspect ratio=7.999903 took 32.527726s
23:03:10 - Growth rate = 42.096684, qflux = 17.443489, quasisymmetry = 0.035097 with aspect ratio=7.999903 took 32.569770s
23:03:47 - Growth rate = 11.395992, qflux = 16.900360, quasisymmetry = 0.035095 with aspect ratio=7.999902 took 32.613269s
23:04:23 - Growth rate = 6.273367, qflux = 17.342804, quasisymmetry = 0.035093 with aspect ratio=7.999901 took 32.437816s
23:04:59 - Growth rate = 17.815228, qflux = 16.876194, quasisymmetry = 0.035090 with aspect ratio=7.999903 took 32.538552s
23:05:35 - Growth rate = 2.057825, qflux = 17.527897, quasisymmetry = 0.035091 with aspect ratio=7.999904 took 32.730220s
23:06:12 - Growth rate = 39.294666, qflux = 17.196169, quasisymmetry = 0.035106 with aspect ratio=7.999902 took 32.588953s
23:06:48 - Growth rate = 1.949937, qflux = 17.179832, quasisymmetry = 0.035104 with aspect ratio=7.999903 took 32.414351s
23:07:24 - Growth rate = 7.806639, qflux = 17.087093, quasisymmetry = 0.035089 with aspect ratio=7.999902 took 32.489058s
23:08:00 - Growth rate = 12.613343, qflux = 17.367023, quasisymmetry = 0.035052 with aspect ratio=7.999902 took 32.350643s
23:08:36 - Growth rate = 7.874357, qflux = 17.561050, quasisymmetry = 0.035063 with aspect ratio=7.999902 took 32.430440s
23:09:12 - Growth rate = 16.573105, qflux = 17.443483, quasisymmetry = 0.035106 with aspect ratio=7.999902 took 32.385540s
23:09:48 - Growth rate = 8.723915, qflux = 16.863708, quasisymmetry = 0.035144 with aspect ratio=7.999902 took 32.512657s
23:10:24 - Growth rate = 24.142181, qflux = 16.954178, quasisymmetry = 0.035178 with aspect ratio=7.999910 took 32.580775s
23:11:00 - Growth rate = 49.070061, qflux = 17.647549, quasisymmetry = 0.035126 with aspect ratio=8.000031 took 32.369186s
23:11:36 - Growth rate = 10.166565, qflux = 17.472977, quasisymmetry = 0.035011 with aspect ratio=7.999403 took 32.323216s
23:12:12 - Growth rate = 35.784325, qflux = 17.248779, quasisymmetry = 0.035001 with aspect ratio=7.999897 took 32.340443s
23:12:48 - Growth rate = 11.647650, qflux = 16.959446, quasisymmetry = 0.035070 with aspect ratio=7.999903 took 32.397413s
23:13:24 - Growth rate = 6.967940, qflux = 17.239239, quasisymmetry = 0.035163 with aspect ratio=7.999903 took 32.484763s
23:14:00 - Growth rate = 39.998947, qflux = 17.561104, quasisymmetry = 0.035082 with aspect ratio=7.999903 took 32.402843s
23:14:37 - Growth rate = 58.436317, qflux = 17.272116, quasisymmetry = 0.035085 with aspect ratio=7.999902 took 32.571275s
23:15:13 - Growth rate = 15.467937, qflux = 17.556162, quasisymmetry = 0.035089 with aspect ratio=7.999874 took 32.276034s
23:15:49 - Growth rate = 56.019562, qflux = 17.153109, quasisymmetry = 0.035087 with aspect ratio=7.999900 took 32.390942s
23:16:25 - Growth rate = 6.845982, qflux = 16.847084, quasisymmetry = 0.035077 with aspect ratio=7.999907 took 32.410252s
23:17:01 - Growth rate = 16.012047, qflux = 17.129513, quasisymmetry = 0.035140 with aspect ratio=7.999902 took 32.539247s
23:17:37 - Growth rate = 21.668022, qflux = 16.928610, quasisymmetry = 0.035094 with aspect ratio=7.999903 took 32.403371s
23:18:13 - Growth rate = 39.849915, qflux = 17.581768, quasisymmetry = 0.035091 with aspect ratio=7.999902 took 32.425559s
23:18:49 - Growth rate = 7.936419, qflux = 17.444998, quasisymmetry = 0.035092 with aspect ratio=7.999902 took 32.430797s
23:19:25 - Growth rate = 7.744952, qflux = 17.456749, quasisymmetry = 0.035090 with aspect ratio=7.999904 took 32.466179s
23:20:01 - Growth rate = 3.642637, qflux = 16.869152, quasisymmetry = 0.035088 with aspect ratio=7.999905 took 32.449195s
23:20:38 - Growth rate = 1.221052, qflux = 16.717499, quasisymmetry = 0.035101 with aspect ratio=7.999902 took 32.495996s
23:21:13 - Growth rate = 42.145367, qflux = 17.033030, quasisymmetry = 0.035101 with aspect ratio=7.999902 took 32.281323s
23:21:49 - Growth rate = 15.719482, qflux = 16.991531, quasisymmetry = 0.035095 with aspect ratio=7.999903 took 32.373107s
       3             11         1.4383e+04      2.04e+02       1.25e-06       1.05e+09    
23:22:25 - Growth rate = 2.116130, qflux = 17.090183, quasisymmetry = 0.035080 with aspect ratio=7.999903 took 32.379715s
23:23:02 - Growth rate = 182.796371, qflux = 17.166847, quasisymmetry = 0.035088 with aspect ratio=7.999903 took 32.576643s
23:23:38 - Growth rate = 23.298262, qflux = 17.264906, quasisymmetry = 0.035090 with aspect ratio=7.999902 took 32.321741s
23:24:14 - Growth rate = 6.477155, qflux = 16.777363, quasisymmetry = 0.035090 with aspect ratio=7.999902 took 32.370143s
23:24:50 - Growth rate = 6.477155, qflux = 16.777363, quasisymmetry = 0.035090 with aspect ratio=7.999902 took 32.506606s
23:25:26 - Growth rate = 12.313328, qflux = 17.408558, quasisymmetry = 0.035126 with aspect ratio=7.999907 took 32.316558s
23:26:01 - Growth rate = 5.077503, qflux = 17.246674, quasisymmetry = 0.035121 with aspect ratio=7.999902 took 31.899493s
23:26:37 - Growth rate = 2.837379, qflux = 17.478651, quasisymmetry = 0.035080 with aspect ratio=7.999902 took 31.781505s
23:27:12 - Growth rate = 3.512406, qflux = 17.101265, quasisymmetry = 0.035154 with aspect ratio=7.999903 took 31.618713s
23:27:47 - Growth rate = 15.458565, qflux = 17.674934, quasisymmetry = 0.035178 with aspect ratio=7.999895 took 31.505882s
23:28:23 - Growth rate = 4.812741, qflux = 18.062157, quasisymmetry = 0.035178 with aspect ratio=7.999890 took 31.737167s
23:28:58 - Growth rate = 22.980186, qflux = 17.787010, quasisymmetry = 0.035225 with aspect ratio=7.999501 took 32.128232s
23:29:34 - Growth rate = 5.574224, qflux = 17.208223, quasisymmetry = 0.035167 with aspect ratio=7.999896 took 32.194425s
23:30:10 - Growth rate = 4.034353, qflux = 16.846828, quasisymmetry = 0.035121 with aspect ratio=7.999903 took 32.316069s
23:30:46 - Growth rate = 47.031330, qflux = 16.989965, quasisymmetry = 0.035126 with aspect ratio=7.999903 took 32.379325s
23:31:22 - Growth rate = 9.186606, qflux = 17.291668, quasisymmetry = 0.035075 with aspect ratio=7.999903 took 32.257261s
23:31:58 - Growth rate = 1.227526, qflux = 17.014938, quasisymmetry = 0.035084 with aspect ratio=7.999907 took 32.452971s
23:32:34 - Growth rate = 10.554499, qflux = 17.445560, quasisymmetry = 0.035088 with aspect ratio=7.999880 took 32.243292s
23:33:10 - Growth rate = 5.018365, qflux = 16.937313, quasisymmetry = 0.035092 with aspect ratio=7.999904 took 32.464589s
23:33:46 - Growth rate = 6.691701, qflux = 17.260101, quasisymmetry = 0.035102 with aspect ratio=7.999906 took 32.298906s
23:34:22 - Growth rate = 8.631971, qflux = 16.932035, quasisymmetry = 0.035140 with aspect ratio=7.999903 took 32.341778s
23:34:58 - Growth rate = 5.551491, qflux = 17.278765, quasisymmetry = 0.035097 with aspect ratio=7.999903 took 32.154188s
23:35:34 - Growth rate = 13.001245, qflux = 17.188286, quasisymmetry = 0.035094 with aspect ratio=7.999902 took 32.228075s
23:36:10 - Growth rate = 90.992737, qflux = 17.250027, quasisymmetry = 0.035093 with aspect ratio=7.999901 took 32.783974s
23:36:46 - Growth rate = 9.459702, qflux = 17.297056, quasisymmetry = 0.035090 with aspect ratio=7.999903 took 32.452345s
23:37:22 - Growth rate = 38.612782, qflux = 17.491835, quasisymmetry = 0.035091 with aspect ratio=7.999904 took 32.529796s
23:37:58 - Growth rate = 86.465073, qflux = 16.684849, quasisymmetry = 0.035106 with aspect ratio=7.999902 took 32.203069s
23:38:34 - Growth rate = 3.580751, qflux = 17.097681, quasisymmetry = 0.035104 with aspect ratio=7.999903 took 32.265942s
23:39:10 - Growth rate = 10.585463, qflux = 16.981941, quasisymmetry = 0.035089 with aspect ratio=7.999903 took 32.507298s
23:39:46 - Growth rate = 42.137188, qflux = 17.191431, quasisymmetry = 0.035052 with aspect ratio=7.999902 took 32.235954s
23:40:22 - Growth rate = 51.038109, qflux = 16.822475, quasisymmetry = 0.035063 with aspect ratio=7.999902 took 32.348361s
23:40:58 - Growth rate = 12.230082, qflux = 17.325340, quasisymmetry = 0.035106 with aspect ratio=7.999902 took 32.445310s
23:41:35 - Growth rate = 9.222570, qflux = 16.614414, quasisymmetry = 0.035144 with aspect ratio=7.999902 took 32.500938s
23:42:11 - Growth rate = 4.525338, qflux = 17.214985, quasisymmetry = 0.035178 with aspect ratio=7.999910 took 32.848376s
23:42:47 - Growth rate = 12.756907, qflux = 18.038670, quasisymmetry = 0.035126 with aspect ratio=8.000031 took 32.197031s
23:43:22 - Growth rate = 4.986565, qflux = 17.389069, quasisymmetry = 0.035011 with aspect ratio=7.999403 took 31.724349s
23:43:58 - Growth rate = 41.695339, qflux = 17.608137, quasisymmetry = 0.035001 with aspect ratio=7.999897 took 31.809249s
23:44:33 - Growth rate = 60.518456, qflux = 16.843557, quasisymmetry = 0.035070 with aspect ratio=7.999903 took 31.637074s
23:45:08 - Growth rate = 6.464658, qflux = 17.287600, quasisymmetry = 0.035163 with aspect ratio=7.999903 took 31.912414s
23:45:44 - Growth rate = 37.021736, qflux = 17.449375, quasisymmetry = 0.035082 with aspect ratio=7.999903 took 32.074883s
23:46:20 - Growth rate = 5.821789, qflux = 17.277576, quasisymmetry = 0.035085 with aspect ratio=7.999902 took 32.031373s
23:46:55 - Growth rate = 4.231347, qflux = 17.547318, quasisymmetry = 0.035089 with aspect ratio=7.999874 took 31.770664s
23:47:31 - Growth rate = 5.486848, qflux = 17.573481, quasisymmetry = 0.035087 with aspect ratio=7.999900 took 32.056657s
23:48:07 - Growth rate = 24.156454, qflux = 17.099815, quasisymmetry = 0.035077 with aspect ratio=7.999907 took 32.154673s
23:48:43 - Growth rate = 5.109482, qflux = 17.005627, quasisymmetry = 0.035140 with aspect ratio=7.999902 took 32.081872s
23:49:18 - Growth rate = 5.052078, qflux = 16.760954, quasisymmetry = 0.035094 with aspect ratio=7.999903 took 32.248026s
23:49:54 - Growth rate = 38.789955, qflux = 17.587109, quasisymmetry = 0.035091 with aspect ratio=7.999902 took 32.263113s
23:50:30 - Growth rate = 10.649201, qflux = 17.418396, quasisymmetry = 0.035092 with aspect ratio=7.999902 took 32.321096s
23:51:06 - Growth rate = 27.621151, qflux = 17.050833, quasisymmetry = 0.035090 with aspect ratio=7.999904 took 32.218198s
23:51:42 - Growth rate = 8.434484, qflux = 17.029806, quasisymmetry = 0.035087 with aspect ratio=7.999905 took 32.138366s
23:52:18 - Growth rate = 33.995277, qflux = 16.907969, quasisymmetry = 0.035101 with aspect ratio=7.999902 took 32.206244s
23:52:54 - Growth rate = 6.598745, qflux = 17.125933, quasisymmetry = 0.035100 with aspect ratio=7.999902 took 32.347515s
23:53:30 - Growth rate = 8.232808, qflux = 16.865757, quasisymmetry = 0.035095 with aspect ratio=7.999903 took 32.315164s
       4             15         1.4074e+04      3.09e+02       4.87e-09       1.36e+09    
23:54:06 - Growth rate = 4.342505, qflux = 17.572243, quasisymmetry = 0.035090 with aspect ratio=7.999902 took 32.299751s
23:54:42 - Growth rate = 6.023188, qflux = 17.585794, quasisymmetry = 0.035090 with aspect ratio=7.999902 took 32.385784s
       5             17         1.4074e+04      0.00e+00       0.00e+00       1.36e+09    
`xtol` termination condition is satisfied.
Function evaluations 17, initial cost 1.5312e+04, final cost 1.4074e+04, first-order optimality 1.36e+09.
Final aspect ratio: 7.999902429380488
Final mean iota: -1.2413472542078798
Final magnetic well: -0.014528537187136962
Final heat flux: 16.777363
 - - - - - - - - - - - - - - - - - - - - - - - - - - - - - - - - -
  SEQ =    1 TIME SLICE  0.0000E+00
  PROCESSING INPUT.final
  THIS IS PARVMEC (PARALLEL VMEC), VERSION 9.0
  Lambda: Full Radial Mesh. L-Force: hybrid full/half.

  COMPUTER: powerpc64le-conda_cos7-linux-gnu   OS:    RELEASE:   DATE = Nov 16,2022  TIME = 23:55:18

  NS =   16 NO. FOURIER MODES =   50 FTOLV =  1.000E-12 NITER =   4000
  PROCESSOR COUNT - RADIAL:    1
 INITIAL JACOBIAN CHANGED SIGN!
 TRYING TO IMPROVE INITIAL MAGNETIC AXIS GUESS
  ---- Improved AXIS Guess ----
      RAXIS_CC =    1.0006712659616179       0.22390831309798551        2.7569844809124895E-002  -1.8502995518584725E-003  -1.2433801792490856E-004   1.3278496933387049E-003
      ZAXIS_CS =   -0.0000000000000000       0.19395752435534505        1.7985859407590891E-002  -3.8151195435906808E-003  -5.0255083778614354E-003  -4.1361923678367041E-003
  -----------------------------

  ITER    FSQR      FSQZ      FSQL    RAX(v=0)    DELT       WMHD

    1  3.68E-02  3.65E-02  4.48E-02  1.252E+00  9.00E-01  1.5744E-01
  200  4.15E-09  2.66E-09  1.75E-09  1.239E+00  8.10E-01  1.5284E-01
  400  7.76E-11  4.55E-11  3.24E-11  1.239E+00  8.10E-01  1.5284E-01
  600  4.06E-12  2.27E-12  2.12E-12  1.239E+00  8.10E-01  1.5284E-01
  665  9.88E-13  8.58E-13  7.62E-13  1.239E+00  8.10E-01  1.5284E-01

  NS =   51 NO. FOURIER MODES =   50 FTOLV =  1.000E-13 NITER =  10000
  PROCESSOR COUNT - RADIAL:    1

  ITER    FSQR      FSQZ      FSQL    RAX(v=0)    DELT       WMHD

    1  4.40E-03  2.80E-03  5.86E-06  1.239E+00  9.00E-01  1.5284E-01
  200  7.17E-09  6.92E-09  6.99E-11  1.239E+00  7.20E-01  1.5284E-01
  400  4.64E-11  1.71E-11  5.49E-12  1.239E+00  7.20E-01  1.5284E-01
  600  2.01E-12  1.53E-12  6.84E-13  1.239E+00  7.20E-01  1.5284E-01
  800  3.27E-13  1.79E-13  6.29E-14  1.239E+00  7.20E-01  1.5284E-01
  914  9.99E-14  6.61E-14  2.53E-14  1.239E+00  7.20E-01  1.5284E-01

  NS =  101 NO. FOURIER MODES =   50 FTOLV =  1.000E-14 NITER =   4000
  PROCESSOR COUNT - RADIAL:    1

  ITER    FSQR      FSQZ      FSQL    RAX(v=0)    DELT       WMHD

    1  3.69E-03  2.05E-03  1.02E-07  1.239E+00  9.00E-01  1.5284E-01
  200  5.50E-09  8.01E-09  4.00E-12  1.239E+00  5.83E-01  1.5284E-01
  400  2.09E-10  1.22E-10  3.42E-13  1.239E+00  5.83E-01  1.5284E-01
  600  2.81E-11  1.82E-11  4.83E-14  1.239E+00  5.83E-01  1.5284E-01
  800  6.09E-13  4.56E-13  1.81E-14  1.239E+00  5.83E-01  1.5284E-01
 1000  7.97E-13  2.43E-13  3.32E-15  1.239E+00  5.83E-01  1.5284E-01
 1200  2.23E-13  4.66E-14  1.40E-15  1.239E+00  5.83E-01  1.5284E-01
 1400  1.46E-14  4.67E-15  4.86E-16  1.239E+00  5.83E-01  1.5284E-01
 1508  9.98E-15  2.30E-15  2.10E-16  1.239E+00  5.83E-01  1.5284E-01

 EXECUTION TERMINATED NORMALLY

 FILE : final_000_000000
 NUMBER OF JACOBIAN RESETS =    3

    TOTAL COMPUTATIONAL TIME (SEC)        12.50
    TIME TO INPUT/OUTPUT                   0.04
       READ IN DATA                        0.00
       WRITE OUT DATA TO WOUT              0.04
    TIME IN FUNCT3D                       12.37
       BCOVAR FIELDS                       1.93
       FOURIER TRANSFORM                   2.17
       INVERSE FOURIER TRANSFORM           2.05
       FORCES AND SYMMETRIZE               2.16
       RESIDUE                             3.09
       EQFORCE                             0.00
nfp:  4
ns:  101
mpol:  5
ntor:  5
Aminor_p:  0.12466626459089904
Rmajor_p:  0.9973179529625231
aspect:             7.999902429380482
Rmajor_p/Aminor_p:  7.999902429380482
betatotal:  0.0
betapol:    0.0
betator:    0.0
betaxis:    0.0
ctor:    -2.0377425304640706e-10
bmnc.shape: (101, 128)
bmns.shape: (101, 128)
Creating Boozer class for vmec_final
Defining surfaces where to compute Boozer coordinates
 booz_surfaces=[0.  0.1 0.2 0.3 0.4 0.5 0.6 0.7 0.8 0.9]
Running BOOZ_XFORM
mnmax: 50  len(xm): 50  len(xn): 50
mnmax_nyq: 128  len(xm_nyq): 128  len(xn_nyq): 128
Read ns=101, mpol=5, ntor=5, mnmax=50, mnmax_nyq=128
compute_surfs (0-based indices):  0 10 20 30 39 49 60 70 79 89
Initializing with mboz=64, nboz=64
ntheta = 258, nzeta = 258, # threads = 4
                   |        outboard (theta=0)      |      inboard (theta=pi)      |
thread js_b js zeta| |B|input  |B|Boozer    Error   | |B|input  |B|Boozer    Error |
------------------------------------------------------------------------------------
   1     3  30   0  9.071e-01  9.071e-01  7.343e-15  1.092e+00  1.092e+00  1.382e-14
                pi  1.100e+00  1.100e+00  7.870e-15  9.215e-01  9.215e-01  1.277e-14
   2     6  60   0  8.746e-01  8.746e-01  2.488e-14  1.137e+00  1.137e+00  5.858e-16
                pi  1.145e+00  1.145e+00  6.012e-15  8.854e-01  8.854e-01  2.708e-14
   3     8  79   0  8.588e-01  8.588e-01  2.198e-15  1.160e+00  1.160e+00  5.549e-15
                pi  1.169e+00  1.169e+00  3.039e-15  8.656e-01  8.656e-01  5.900e-15
   0     0   0   0  9.822e-01  9.822e-01  1.119e-14  1.006e+00  1.006e+00  1.060e-14
                pi  1.018e+00  1.018e+00  1.026e-14  9.953e-01  9.953e-01  7.139e-15
   1     4  39   0  8.960e-01  8.960e-01  2.441e-14  1.107e+00  1.107e+00  8.623e-15
                pi  1.115e+00  1.115e+00  1.733e-14  9.096e-01  9.096e-01  2.551e-14
   2     7  70   0  8.660e-01  8.660e-01  6.923e-15  1.150e+00  1.150e+00  1.197e-14
                pi  1.158e+00  1.158e+00  1.496e-14  8.748e-01  8.748e-01  1.840e-14
   3     9  89   0  8.513e-01  8.513e-01  1.304e-14  1.172e+00  1.172e+00  9.665e-15
                pi  1.181e+00  1.181e+00  2.520e-14  8.557e-01  8.557e-01  1.868e-14
   0     1  10   0  9.416e-01  9.416e-01  1.804e-14  1.050e+00  1.050e+00  2.728e-14
                pi  1.059e+00  1.059e+00  4.821e-15  9.564e-01  9.564e-01  1.114e-14
   1     5  49   0  8.852e-01  8.852e-01  4.139e-15  1.122e+00  1.122e+00  1.464e-14
                pi  1.130e+00  1.130e+00  1.061e-14  8.976e-01  8.976e-01  1.929e-14
   0     2  20   0  9.219e-01  9.219e-01  8.430e-16  1.074e+00  1.074e+00  2.834e-14
                pi  1.082e+00  1.082e+00  2.668e-15  9.368e-01  9.368e-01  2.536e-14
Writing output to /m100/home/userexternal/rjorge00/some_optimizations/GX_SIMSOPT/output_MAXITER150_least_squares_nfp4_QH/boozmn_single_stage.nc
Plot BOOZ_XFORM
[Errno 2] No such file or directory: '/m100/home/userexternal/rjorge00/some_optimizations/GX_SIMSOPT/output_MAXITER150_least_squares_nfp4_QH/gx'
Whole optimization took 9619.276265s
