Initial aspect ratio: 6.006890429489593
Initial mean iota: 0.412023021975741
Initial magnetic well: -0.04824613128469597
Initial heat flux: 5972664798.611168
## Now calculating total objective function ##
Heat flux = 5972664798.611168 with aspect ratio=6.006890 took 6.834241s
Total objective before optimization: 3.567272479656898e+21
reached here
-------------------------
Optimizing with max_mode = 1
-------------------------
Heat flux = 5972664798.611168 with aspect ratio=6.006890 took 6.754217s
Function evaluation failed for <bound method Vmec.aspect of Vmec1 (nfp=2 mpol=5 ntor=5)>
Function evaluation failed for <bound method Vmec.aspect of Vmec1 (nfp=2 mpol=5 ntor=5)>
Function evaluation failed for <bound method Vmec.aspect of Vmec1 (nfp=2 mpol=5 ntor=5)>
Function evaluation failed for <bound method Vmec.aspect of Vmec1 (nfp=2 mpol=5 ntor=5)>
Function evaluation failed for <bound method Vmec.aspect of Vmec1 (nfp=2 mpol=5 ntor=5)>
Function evaluation failed for <bound method Vmec.aspect of Vmec1 (nfp=2 mpol=5 ntor=5)>
  read_GX_output: could not read /m100/home/userexternal/rjorge00/some_optimizations/GX_SIMSOPT/output/GX-nfp2_QA_000_000008.nc
'GX_Output' object has no attribute 'qflux'
Heat flux = 9999999999999999583119736832.000000 with aspect ratio=7.122609 took 0.914842s
Function evaluation failed for <bound method Vmec.aspect of Vmec1 (nfp=2 mpol=5 ntor=5)>
Heat flux = 18047984398.152737 with aspect ratio=6.019934 took 6.842814s
Function evaluation failed for <bound method Vmec.aspect of Vmec1 (nfp=2 mpol=5 ntor=5)>
Function evaluation failed for <bound method Vmec.aspect of Vmec1 (nfp=2 mpol=5 ntor=5)>
Function evaluation failed for <bound method Vmec.aspect of Vmec1 (nfp=2 mpol=5 ntor=5)>
Heat flux = 8323180795.143151 with aspect ratio=6.006890 took 7.012460s
Function evaluation failed for <bound method Vmec.aspect of Vmec1 (nfp=2 mpol=5 ntor=5)>
Function evaluation failed for <bound method Vmec.aspect of Vmec1 (nfp=2 mpol=5 ntor=5)>
Function evaluation failed for <bound method Vmec.aspect of Vmec1 (nfp=2 mpol=5 ntor=5)>
Function evaluation failed for <bound method Vmec.aspect of Vmec1 (nfp=2 mpol=5 ntor=5)>
Function evaluation failed for <bound method Vmec.aspect of Vmec1 (nfp=2 mpol=5 ntor=5)>
Function evaluation failed for <bound method Vmec.aspect of Vmec1 (nfp=2 mpol=5 ntor=5)>
Function evaluation failed for <bound method Vmec.aspect of Vmec1 (nfp=2 mpol=5 ntor=5)>
Function evaluation failed for <bound method Vmec.aspect of Vmec1 (nfp=2 mpol=5 ntor=5)>
Function evaluation failed for <bound method Vmec.aspect of Vmec1 (nfp=2 mpol=5 ntor=5)>
Function evaluation failed for <bound method Vmec.aspect of Vmec1 (nfp=2 mpol=5 ntor=5)>
Function evaluation failed for <bound method Vmec.aspect of Vmec1 (nfp=2 mpol=5 ntor=5)>
Heat flux = 1497071881.869479 with aspect ratio=5.992833 took 6.901124s
Heat flux = 1929591749.118707 with aspect ratio=5.992029 took 6.733212s
Function evaluation failed for <bound method Vmec.aspect of Vmec1 (nfp=2 mpol=5 ntor=5)>
Heat flux = 1690233382964956.250000 with aspect ratio=5.709323 took 6.849808s
Heat flux = 1035215222.255455 with aspect ratio=5.992833 took 6.873637s
Function evaluation failed for <bound method Vmec.aspect of Vmec1 (nfp=2 mpol=5 ntor=5)>
Function evaluation failed for <bound method Vmec.aspect of Vmec1 (nfp=2 mpol=5 ntor=5)>
  read_GX_output: could not read /m100/home/userexternal/rjorge00/some_optimizations/GX_SIMSOPT/output/GX-nfp2_QA_000_000033.nc
'GX_Output' object has no attribute 'qflux'
Heat flux = 9999999999999999583119736832.000000 with aspect ratio=4.878122 took 1.043373s
Function evaluation failed for <bound method Vmec.aspect of Vmec1 (nfp=2 mpol=5 ntor=5)>
Function evaluation failed for <bound method Vmec.aspect of Vmec1 (nfp=2 mpol=5 ntor=5)>
gsl: brent.c:74: ERROR: endpoints do not straddle y=0
Default GSL error handler invoked.
  read_GX_output: could not read /m100/home/userexternal/rjorge00/some_optimizations/GX_SIMSOPT/output/GX-nfp2_QA_000_000036.nc
'GX_Output' object has no attribute 'qflux'
Heat flux = 9999999999999999583119736832.000000 with aspect ratio=6.684863 took 1.622328s
Function evaluation failed for <bound method Vmec.aspect of Vmec1 (nfp=2 mpol=5 ntor=5)>
Function evaluation failed for <bound method Vmec.aspect of Vmec1 (nfp=2 mpol=5 ntor=5)>
Function evaluation failed for <bound method Vmec.aspect of Vmec1 (nfp=2 mpol=5 ntor=5)>
  read_GX_output: could not read /m100/home/userexternal/rjorge00/some_optimizations/GX_SIMSOPT/output/GX-nfp2_QA_000_000040.nc
'GX_Output' object has no attribute 'qflux'
Heat flux = 9999999999999999583119736832.000000 with aspect ratio=6.509694 took 0.890322s
Function evaluation failed for <bound method Vmec.aspect of Vmec1 (nfp=2 mpol=5 ntor=5)>
Heat flux = 497773906.452785 with aspect ratio=5.986077 took 6.477126s
Function evaluation failed for <bound method Vmec.aspect of Vmec1 (nfp=2 mpol=5 ntor=5)>
gsl: brent.c:74: ERROR: endpoints do not straddle y=0
Default GSL error handler invoked.
  read_GX_output: could not read /m100/home/userexternal/rjorge00/some_optimizations/GX_SIMSOPT/output/GX-nfp2_QA_000_000044.nc
'GX_Output' object has no attribute 'qflux'
Heat flux = 9999999999999999583119736832.000000 with aspect ratio=5.255507 took 1.704027s
Function evaluation failed for <bound method Vmec.aspect of Vmec1 (nfp=2 mpol=5 ntor=5)>
Heat flux = 1845239651.823113 with aspect ratio=5.986077 took 6.789529s
Heat flux = 823581629888.065063 with aspect ratio=5.921385 took 7.110058s
Function evaluation failed for <bound method Vmec.aspect of Vmec1 (nfp=2 mpol=5 ntor=5)>
Function evaluation failed for <bound method Vmec.aspect of Vmec1 (nfp=2 mpol=5 ntor=5)>
Function evaluation failed for <bound method Vmec.aspect of Vmec1 (nfp=2 mpol=5 ntor=5)>
gsl: brent.c:74: ERROR: endpoints do not straddle y=0
Default GSL error handler invoked.
  read_GX_output: could not read /m100/home/userexternal/rjorge00/some_optimizations/GX_SIMSOPT/output/GX-nfp2_QA_000_000051.nc
'GX_Output' object has no attribute 'qflux'
Heat flux = 9999999999999999583119736832.000000 with aspect ratio=4.871963 took 2.175980s
  read_GX_output: could not read /m100/home/userexternal/rjorge00/some_optimizations/GX_SIMSOPT/output/GX-nfp2_QA_000_000052.nc
'GX_Output' object has no attribute 'qflux'
Heat flux = 9999999999999999583119736832.000000 with aspect ratio=4.268329 took 0.963667s
Function evaluation failed for <bound method Vmec.aspect of Vmec1 (nfp=2 mpol=5 ntor=5)>
Function evaluation failed for <bound method Vmec.aspect of Vmec1 (nfp=2 mpol=5 ntor=5)>
Function evaluation failed for <bound method Vmec.aspect of Vmec1 (nfp=2 mpol=5 ntor=5)>
Function evaluation failed for <bound method Vmec.aspect of Vmec1 (nfp=2 mpol=5 ntor=5)>
Function evaluation failed for <bound method Vmec.aspect of Vmec1 (nfp=2 mpol=5 ntor=5)>
Heat flux = 447054.291629 with aspect ratio=5.877975 took 6.363982s
gsl: brent.c:74: ERROR: endpoints do not straddle y=0
Default GSL error handler invoked.
  read_GX_output: could not read /m100/home/userexternal/rjorge00/some_optimizations/GX_SIMSOPT/output/GX-nfp2_QA_000_000059.nc
'GX_Output' object has no attribute 'qflux'
Heat flux = 9999999999999999583119736832.000000 with aspect ratio=5.430425 took 1.525023s
Heat flux = 65102.785226 with aspect ratio=5.924159 took 6.368753s
Function evaluation failed for <bound method Vmec.aspect of Vmec1 (nfp=2 mpol=5 ntor=5)>
Heat flux = 794980.062278 with aspect ratio=5.924159 took 6.375074s
Heat flux = 5860699943872809984.000000 with aspect ratio=6.481457 took 6.371987s
Function evaluation failed for <bound method Vmec.aspect of Vmec1 (nfp=2 mpol=5 ntor=5)>
gsl: brent.c:74: ERROR: endpoints do not straddle y=0
Default GSL error handler invoked.
  read_GX_output: could not read /m100/home/userexternal/rjorge00/some_optimizations/GX_SIMSOPT/output/GX-nfp2_QA_000_000065.nc
'GX_Output' object has no attribute 'qflux'
Heat flux = 9999999999999999583119736832.000000 with aspect ratio=5.246680 took 1.527359s
Function evaluation failed for <bound method Vmec.aspect of Vmec1 (nfp=2 mpol=5 ntor=5)>
Function evaluation failed for <bound method Vmec.aspect of Vmec1 (nfp=2 mpol=5 ntor=5)>
Function evaluation failed for <bound method Vmec.aspect of Vmec1 (nfp=2 mpol=5 ntor=5)>
Function evaluation failed for <bound method Vmec.aspect of Vmec1 (nfp=2 mpol=5 ntor=5)>
Function evaluation failed for <bound method Vmec.aspect of Vmec1 (nfp=2 mpol=5 ntor=5)>
Function evaluation failed for <bound method Vmec.aspect of Vmec1 (nfp=2 mpol=5 ntor=5)>
Function evaluation failed for <bound method Vmec.aspect of Vmec1 (nfp=2 mpol=5 ntor=5)>
Function evaluation failed for <bound method Vmec.aspect of Vmec1 (nfp=2 mpol=5 ntor=5)>
Heat flux = 69664.177343 with aspect ratio=5.943750 took 6.243504s
Function evaluation failed for <bound method Vmec.aspect of Vmec1 (nfp=2 mpol=5 ntor=5)>
Heat flux = 149655.094953 with aspect ratio=5.204286 took 6.408009s
Heat flux = 72967115.782344 with aspect ratio=6.607529 took 6.519324s
gsl: brent.c:74: ERROR: endpoints do not straddle y=0
Default GSL error handler invoked.
  read_GX_output: could not read /m100/home/userexternal/rjorge00/some_optimizations/GX_SIMSOPT/output/GX-nfp2_QA_000_000078.nc
'GX_Output' object has no attribute 'qflux'
Heat flux = 9999999999999999583119736832.000000 with aspect ratio=5.924159 took 1.661706s
Function evaluation failed for <bound method Vmec.aspect of Vmec1 (nfp=2 mpol=5 ntor=5)>
Function evaluation failed for <bound method Vmec.aspect of Vmec1 (nfp=2 mpol=5 ntor=5)>
Function evaluation failed for <bound method Vmec.aspect of Vmec1 (nfp=2 mpol=5 ntor=5)>
Function evaluation failed for <bound method Vmec.aspect of Vmec1 (nfp=2 mpol=5 ntor=5)>
Function evaluation failed for <bound method Vmec.aspect of Vmec1 (nfp=2 mpol=5 ntor=5)>
Function evaluation failed for <bound method Vmec.aspect of Vmec1 (nfp=2 mpol=5 ntor=5)>
Function evaluation failed for <bound method Vmec.aspect of Vmec1 (nfp=2 mpol=5 ntor=5)>
gsl: brent.c:74: ERROR: endpoints do not straddle y=0
Default GSL error handler invoked.
  read_GX_output: could not read /m100/home/userexternal/rjorge00/some_optimizations/GX_SIMSOPT/output/GX-nfp2_QA_000_000086.nc
'GX_Output' object has no attribute 'qflux'
Heat flux = 9999999999999999583119736832.000000 with aspect ratio=5.030095 took 1.526881s
Function evaluation failed for <bound method Vmec.aspect of Vmec1 (nfp=2 mpol=5 ntor=5)>
Function evaluation failed for <bound method Vmec.aspect of Vmec1 (nfp=2 mpol=5 ntor=5)>
Function evaluation failed for <bound method Vmec.aspect of Vmec1 (nfp=2 mpol=5 ntor=5)>
Heat flux = 11419570614.368462 with aspect ratio=6.067374 took 6.881240s
Function evaluation failed for <bound method Vmec.aspect of Vmec1 (nfp=2 mpol=5 ntor=5)>
Heat flux = 9212099.189587 with aspect ratio=5.712352 took 6.322730s
Heat flux = 5660061.930321 with aspect ratio=6.172324 took 6.320615s
Heat flux = 280585.399395 with aspect ratio=5.924159 took 6.435864s
Function evaluation failed for <bound method Vmec.aspect of Vmec1 (nfp=2 mpol=5 ntor=5)>
Heat flux = 12567.058515 with aspect ratio=6.196375 took 6.344476s
Function evaluation failed for <bound method Vmec.aspect of Vmec1 (nfp=2 mpol=5 ntor=5)>
Function evaluation failed for <bound method Vmec.aspect of Vmec1 (nfp=2 mpol=5 ntor=5)>
Function evaluation failed for <bound method Vmec.aspect of Vmec1 (nfp=2 mpol=5 ntor=5)>
Function evaluation failed for <bound method Vmec.aspect of Vmec1 (nfp=2 mpol=5 ntor=5)>
gsl: brent.c:74: ERROR: endpoints do not straddle y=0
Default GSL error handler invoked.
  read_GX_output: could not read /m100/home/userexternal/rjorge00/some_optimizations/GX_SIMSOPT/output/GX-nfp2_QA_000_000101.nc
'GX_Output' object has no attribute 'qflux'
Heat flux = 9999999999999999583119736832.000000 with aspect ratio=6.528287 took 1.642309s
Function evaluation failed for <bound method Vmec.aspect of Vmec1 (nfp=2 mpol=5 ntor=5)>
Function evaluation failed for <bound method Vmec.aspect of Vmec1 (nfp=2 mpol=5 ntor=5)>
Function evaluation failed for <bound method Vmec.aspect of Vmec1 (nfp=2 mpol=5 ntor=5)>
Function evaluation failed for <bound method Vmec.aspect of Vmec1 (nfp=2 mpol=5 ntor=5)>
Heat flux = 125835313696.777618 with aspect ratio=6.440062 took 6.830496s
Function evaluation failed for <bound method Vmec.aspect of Vmec1 (nfp=2 mpol=5 ntor=5)>
Function evaluation failed for <bound method Vmec.aspect of Vmec1 (nfp=2 mpol=5 ntor=5)>
Function evaluation failed for <bound method Vmec.aspect of Vmec1 (nfp=2 mpol=5 ntor=5)>
Heat flux = 50625.024755 with aspect ratio=6.196375 took 6.562279s
Function evaluation failed for <bound method Vmec.aspect of Vmec1 (nfp=2 mpol=5 ntor=5)>
Function evaluation failed for <bound method Vmec.aspect of Vmec1 (nfp=2 mpol=5 ntor=5)>
Function evaluation failed for <bound method Vmec.aspect of Vmec1 (nfp=2 mpol=5 ntor=5)>
Heat flux = 0.000098 with aspect ratio=7.430385 took 6.342726s
Function evaluation failed for <bound method Vmec.aspect of Vmec1 (nfp=2 mpol=5 ntor=5)>
gsl: brent.c:74: ERROR: endpoints do not straddle y=0
Default GSL error handler invoked.
  read_GX_output: could not read /m100/home/userexternal/rjorge00/some_optimizations/GX_SIMSOPT/output/GX-nfp2_QA_000_000116.nc
'GX_Output' object has no attribute 'qflux'
Heat flux = 9999999999999999583119736832.000000 with aspect ratio=9.233627 took 1.645968s
Function evaluation failed for <bound method Vmec.aspect of Vmec1 (nfp=2 mpol=5 ntor=5)>
Function evaluation failed for <bound method Vmec.aspect of Vmec1 (nfp=2 mpol=5 ntor=5)>
Function evaluation failed for <bound method Vmec.aspect of Vmec1 (nfp=2 mpol=5 ntor=5)>
Function evaluation failed for <bound method Vmec.aspect of Vmec1 (nfp=2 mpol=5 ntor=5)>
Function evaluation failed for <bound method Vmec.aspect of Vmec1 (nfp=2 mpol=5 ntor=5)>
Function evaluation failed for <bound method Vmec.aspect of Vmec1 (nfp=2 mpol=5 ntor=5)>
Function evaluation failed for <bound method Vmec.aspect of Vmec1 (nfp=2 mpol=5 ntor=5)>
Heat flux = 0.000103 with aspect ratio=7.333690 took 6.485286s
Function evaluation failed for <bound method Vmec.aspect of Vmec1 (nfp=2 mpol=5 ntor=5)>
Heat flux = 0.000075 with aspect ratio=7.333690 took 6.352581s
Function evaluation failed for <bound method Vmec.aspect of Vmec1 (nfp=2 mpol=5 ntor=5)>
Function evaluation failed for <bound method Vmec.aspect of Vmec1 (nfp=2 mpol=5 ntor=5)>
Function evaluation failed for <bound method Vmec.aspect of Vmec1 (nfp=2 mpol=5 ntor=5)>
Function evaluation failed for <bound method Vmec.aspect of Vmec1 (nfp=2 mpol=5 ntor=5)>
Function evaluation failed for <bound method Vmec.aspect of Vmec1 (nfp=2 mpol=5 ntor=5)>
Function evaluation failed for <bound method Vmec.aspect of Vmec1 (nfp=2 mpol=5 ntor=5)>
Function evaluation failed for <bound method Vmec.aspect of Vmec1 (nfp=2 mpol=5 ntor=5)>
Function evaluation failed for <bound method Vmec.aspect of Vmec1 (nfp=2 mpol=5 ntor=5)>
Function evaluation failed for <bound method Vmec.aspect of Vmec1 (nfp=2 mpol=5 ntor=5)>
Function evaluation failed for <bound method Vmec.aspect of Vmec1 (nfp=2 mpol=5 ntor=5)>
Function evaluation failed for <bound method Vmec.aspect of Vmec1 (nfp=2 mpol=5 ntor=5)>
Heat flux = 0.000080 with aspect ratio=7.329352 took 6.355101s
Function evaluation failed for <bound method Vmec.aspect of Vmec1 (nfp=2 mpol=5 ntor=5)>
Function evaluation failed for <bound method Vmec.aspect of Vmec1 (nfp=2 mpol=5 ntor=5)>
gsl: brent.c:74: ERROR: endpoints do not straddle y=0
Default GSL error handler invoked.
  read_GX_output: could not read /m100/home/userexternal/rjorge00/some_optimizations/GX_SIMSOPT/output/GX-nfp2_QA_000_000141.nc
'GX_Output' object has no attribute 'qflux'
Heat flux = 9999999999999999583119736832.000000 with aspect ratio=5.521849 took 1.700604s
Heat flux = 19227331243.458332 with aspect ratio=7.329352 took 6.363858s
Function evaluation failed for <bound method Vmec.aspect of Vmec1 (nfp=2 mpol=5 ntor=5)>
Function evaluation failed for <bound method Vmec.aspect of Vmec1 (nfp=2 mpol=5 ntor=5)>
Heat flux = 1609963466.202771 with aspect ratio=5.945195 took 6.339978s
Function evaluation failed for <bound method Vmec.aspect of Vmec1 (nfp=2 mpol=5 ntor=5)>
Function evaluation failed for <bound method Vmec.aspect of Vmec1 (nfp=2 mpol=5 ntor=5)>
Function evaluation failed for <bound method Vmec.aspect of Vmec1 (nfp=2 mpol=5 ntor=5)>
gsl: brent.c:74: ERROR: endpoints do not straddle y=0
Default GSL error handler invoked.
  read_GX_output: could not read /m100/home/userexternal/rjorge00/some_optimizations/GX_SIMSOPT/output/GX-nfp2_QA_000_000149.nc
'GX_Output' object has no attribute 'qflux'
Heat flux = 9999999999999999583119736832.000000 with aspect ratio=4.144148 took 1.422756s
Function evaluation failed for <bound method Vmec.aspect of Vmec1 (nfp=2 mpol=5 ntor=5)>
Function evaluation failed for <bound method Vmec.aspect of Vmec1 (nfp=2 mpol=5 ntor=5)>
Heat flux = 12016907120961898.000000 with aspect ratio=5.446902 took 7.029328s
gsl: brent.c:74: ERROR: endpoints do not straddle y=0
Default GSL error handler invoked.
  read_GX_output: could not read /m100/home/userexternal/rjorge00/some_optimizations/GX_SIMSOPT/output/GX-nfp2_QA_000_000153.nc
'GX_Output' object has no attribute 'qflux'
Heat flux = 9999999999999999583119736832.000000 with aspect ratio=4.642967 took 1.508925s
Heat flux = 5.585611 with aspect ratio=7.622538 took 6.451432s
Function evaluation failed for <bound method Vmec.aspect of Vmec1 (nfp=2 mpol=5 ntor=5)>
Function evaluation failed for <bound method Vmec.aspect of Vmec1 (nfp=2 mpol=5 ntor=5)>
Function evaluation failed for <bound method Vmec.aspect of Vmec1 (nfp=2 mpol=5 ntor=5)>
Heat flux = 0.082221 with aspect ratio=7.329352 took 6.523733s
Function evaluation failed for <bound method Vmec.aspect of Vmec1 (nfp=2 mpol=5 ntor=5)>
Function evaluation failed for <bound method Vmec.aspect of Vmec1 (nfp=2 mpol=5 ntor=5)>
name 'fname' is not defined
Heat flux = 9999999999999999583119736832.000000 with aspect ratio=5.910183 took 6.418199s
Function evaluation failed for <bound method Vmec.aspect of Vmec1 (nfp=2 mpol=5 ntor=5)>
Function evaluation failed for <bound method Vmec.aspect of Vmec1 (nfp=2 mpol=5 ntor=5)>
Function evaluation failed for <bound method Vmec.aspect of Vmec1 (nfp=2 mpol=5 ntor=5)>
Function evaluation failed for <bound method Vmec.aspect of Vmec1 (nfp=2 mpol=5 ntor=5)>
gsl: brent.c:74: ERROR: endpoints do not straddle y=0
Default GSL error handler invoked.
  read_GX_output: could not read /m100/home/userexternal/rjorge00/some_optimizations/GX_SIMSOPT/output/GX-nfp2_QA_000_000166.nc
'GX_Output' object has no attribute 'qflux'
Heat flux = 9999999999999999583119736832.000000 with aspect ratio=5.695639 took 1.555568s
Function evaluation failed for <bound method Vmec.aspect of Vmec1 (nfp=2 mpol=5 ntor=5)>
gsl: brent.c:74: ERROR: endpoints do not straddle y=0
Default GSL error handler invoked.
  read_GX_output: could not read /m100/home/userexternal/rjorge00/some_optimizations/GX_SIMSOPT/output/GX-nfp2_QA_000_000168.nc
'GX_Output' object has no attribute 'qflux'
Heat flux = 9999999999999999583119736832.000000 with aspect ratio=9.737596 took 1.756648s
Function evaluation failed for <bound method Vmec.aspect of Vmec1 (nfp=2 mpol=5 ntor=5)>
Function evaluation failed for <bound method Vmec.aspect of Vmec1 (nfp=2 mpol=5 ntor=5)>
Function evaluation failed for <bound method Vmec.aspect of Vmec1 (nfp=2 mpol=5 ntor=5)>
Heat flux = 4778.640084 with aspect ratio=7.768783 took 6.342489s
gsl: brent.c:74: ERROR: endpoints do not straddle y=0
Default GSL error handler invoked.
  read_GX_output: could not read /m100/home/userexternal/rjorge00/some_optimizations/GX_SIMSOPT/output/GX-nfp2_QA_000_000173.nc
'GX_Output' object has no attribute 'qflux'
Heat flux = 9999999999999999583119736832.000000 with aspect ratio=5.382432 took 1.581005s
Heat flux = 0.000004 with aspect ratio=7.329352 took 6.419759s
Function evaluation failed for <bound method Vmec.aspect of Vmec1 (nfp=2 mpol=5 ntor=5)>
Function evaluation failed for <bound method Vmec.aspect of Vmec1 (nfp=2 mpol=5 ntor=5)>
Heat flux = 0.000120 with aspect ratio=7.271592 took 6.382977s
Function evaluation failed for <bound method Vmec.aspect of Vmec1 (nfp=2 mpol=5 ntor=5)>
Function evaluation failed for <bound method Vmec.aspect of Vmec1 (nfp=2 mpol=5 ntor=5)>
Function evaluation failed for <bound method Vmec.aspect of Vmec1 (nfp=2 mpol=5 ntor=5)>
Function evaluation failed for <bound method Vmec.aspect of Vmec1 (nfp=2 mpol=5 ntor=5)>
Function evaluation failed for <bound method Vmec.aspect of Vmec1 (nfp=2 mpol=5 ntor=5)>
Function evaluation failed for <bound method Vmec.aspect of Vmec1 (nfp=2 mpol=5 ntor=5)>
Function evaluation failed for <bound method Vmec.aspect of Vmec1 (nfp=2 mpol=5 ntor=5)>
Function evaluation failed for <bound method Vmec.aspect of Vmec1 (nfp=2 mpol=5 ntor=5)>
Heat flux = 0.000474 with aspect ratio=7.434151 took 6.363075s
Function evaluation failed for <bound method Vmec.aspect of Vmec1 (nfp=2 mpol=5 ntor=5)>
Heat flux = 1.597724 with aspect ratio=6.865829 took 6.389779s
Function evaluation failed for <bound method Vmec.aspect of Vmec1 (nfp=2 mpol=5 ntor=5)>
Heat flux = 0.000362 with aspect ratio=7.434151 took 6.526168s
gsl: brent.c:74: ERROR: endpoints do not straddle y=0
Default GSL error handler invoked.
  read_GX_output: could not read /m100/home/userexternal/rjorge00/some_optimizations/GX_SIMSOPT/output/GX-nfp2_QA_000_000191.nc
'GX_Output' object has no attribute 'qflux'
Heat flux = 9999999999999999583119736832.000000 with aspect ratio=7.498478 took 1.917296s
Function evaluation failed for <bound method Vmec.aspect of Vmec1 (nfp=2 mpol=5 ntor=5)>
Heat flux = 37.823383 with aspect ratio=6.748125 took 6.326348s
Function evaluation failed for <bound method Vmec.aspect of Vmec1 (nfp=2 mpol=5 ntor=5)>
Function evaluation failed for <bound method Vmec.aspect of Vmec1 (nfp=2 mpol=5 ntor=5)>
Function evaluation failed for <bound method Vmec.aspect of Vmec1 (nfp=2 mpol=5 ntor=5)>
Function evaluation failed for <bound method Vmec.aspect of Vmec1 (nfp=2 mpol=5 ntor=5)>
gsl: brent.c:74: ERROR: endpoints do not straddle y=0
Default GSL error handler invoked.
  read_GX_output: could not read /m100/home/userexternal/rjorge00/some_optimizations/GX_SIMSOPT/output/GX-nfp2_QA_000_000198.nc
'GX_Output' object has no attribute 'qflux'
Heat flux = 9999999999999999583119736832.000000 with aspect ratio=3.421151 took 1.725568s
Function evaluation failed for <bound method Vmec.aspect of Vmec1 (nfp=2 mpol=5 ntor=5)>
Function evaluation failed for <bound method Vmec.aspect of Vmec1 (nfp=2 mpol=5 ntor=5)>
Function evaluation failed for <bound method Vmec.aspect of Vmec1 (nfp=2 mpol=5 ntor=5)>
Heat flux = 1.136504 with aspect ratio=7.574802 took 6.361055s
Function evaluation failed for <bound method Vmec.aspect of Vmec1 (nfp=2 mpol=5 ntor=5)>
Function evaluation failed for <bound method Vmec.aspect of Vmec1 (nfp=2 mpol=5 ntor=5)>
  read_GX_output: could not read /m100/home/userexternal/rjorge00/some_optimizations/GX_SIMSOPT/output/GX-nfp2_QA_000_000205.nc
'GX_Output' object has no attribute 'qflux'
Heat flux = 9999999999999999583119736832.000000 with aspect ratio=5.953801 took 0.970501s
Heat flux = 0.000574 with aspect ratio=7.434151 took 6.326367s
Function evaluation failed for <bound method Vmec.aspect of Vmec1 (nfp=2 mpol=5 ntor=5)>
Function evaluation failed for <bound method Vmec.aspect of Vmec1 (nfp=2 mpol=5 ntor=5)>
Heat flux = 13681911.019677 with aspect ratio=6.488027 took 6.299547s
Function evaluation failed for <bound method Vmec.aspect of Vmec1 (nfp=2 mpol=5 ntor=5)>
Function evaluation failed for <bound method Vmec.aspect of Vmec1 (nfp=2 mpol=5 ntor=5)>
Function evaluation failed for <bound method Vmec.aspect of Vmec1 (nfp=2 mpol=5 ntor=5)>
Function evaluation failed for <bound method Vmec.aspect of Vmec1 (nfp=2 mpol=5 ntor=5)>
Function evaluation failed for <bound method Vmec.aspect of Vmec1 (nfp=2 mpol=5 ntor=5)>
Function evaluation failed for <bound method Vmec.aspect of Vmec1 (nfp=2 mpol=5 ntor=5)>
Function evaluation failed for <bound method Vmec.aspect of Vmec1 (nfp=2 mpol=5 ntor=5)>
Function evaluation failed for <bound method Vmec.aspect of Vmec1 (nfp=2 mpol=5 ntor=5)>
Heat flux = 5.489655 with aspect ratio=7.631572 took 8.050642s
Function evaluation failed for <bound method Vmec.aspect of Vmec1 (nfp=2 mpol=5 ntor=5)>
Function evaluation failed for <bound method Vmec.aspect of Vmec1 (nfp=2 mpol=5 ntor=5)>
Function evaluation failed for <bound method Vmec.aspect of Vmec1 (nfp=2 mpol=5 ntor=5)>
Heat flux = 0.000008 with aspect ratio=7.434151 took 8.138221s
Function evaluation failed for <bound method Vmec.aspect of Vmec1 (nfp=2 mpol=5 ntor=5)>
Function evaluation failed for <bound method Vmec.aspect of Vmec1 (nfp=2 mpol=5 ntor=5)>
Heat flux = 0.046737 with aspect ratio=6.912146 took 6.916622s
Function evaluation failed for <bound method Vmec.aspect of Vmec1 (nfp=2 mpol=5 ntor=5)>
Function evaluation failed for <bound method Vmec.aspect of Vmec1 (nfp=2 mpol=5 ntor=5)>
Function evaluation failed for <bound method Vmec.aspect of Vmec1 (nfp=2 mpol=5 ntor=5)>
Function evaluation failed for <bound method Vmec.aspect of Vmec1 (nfp=2 mpol=5 ntor=5)>
Function evaluation failed for <bound method Vmec.aspect of Vmec1 (nfp=2 mpol=5 ntor=5)>
Function evaluation failed for <bound method Vmec.aspect of Vmec1 (nfp=2 mpol=5 ntor=5)>
Function evaluation failed for <bound method Vmec.aspect of Vmec1 (nfp=2 mpol=5 ntor=5)>
Function evaluation failed for <bound method Vmec.aspect of Vmec1 (nfp=2 mpol=5 ntor=5)>
Heat flux = 0.820413 with aspect ratio=6.897707 took 7.026197s
Heat flux = 0.036520 with aspect ratio=6.939995 took 6.840010s
Function evaluation failed for <bound method Vmec.aspect of Vmec1 (nfp=2 mpol=5 ntor=5)>
Function evaluation failed for <bound method Vmec.aspect of Vmec1 (nfp=2 mpol=5 ntor=5)>
Heat flux = 6.881448 with aspect ratio=6.939995 took 6.333266s
Heat flux = 34.864519 with aspect ratio=6.670408 took 6.425562s
Function evaluation failed for <bound method Vmec.aspect of Vmec1 (nfp=2 mpol=5 ntor=5)>
Function evaluation failed for <bound method Vmec.aspect of Vmec1 (nfp=2 mpol=5 ntor=5)>
Function evaluation failed for <bound method Vmec.aspect of Vmec1 (nfp=2 mpol=5 ntor=5)>
Function evaluation failed for <bound method Vmec.aspect of Vmec1 (nfp=2 mpol=5 ntor=5)>
Function evaluation failed for <bound method Vmec.aspect of Vmec1 (nfp=2 mpol=5 ntor=5)>
Function evaluation failed for <bound method Vmec.aspect of Vmec1 (nfp=2 mpol=5 ntor=5)>
Function evaluation failed for <bound method Vmec.aspect of Vmec1 (nfp=2 mpol=5 ntor=5)>
Function evaluation failed for <bound method Vmec.aspect of Vmec1 (nfp=2 mpol=5 ntor=5)>
Function evaluation failed for <bound method Vmec.aspect of Vmec1 (nfp=2 mpol=5 ntor=5)>
Function evaluation failed for <bound method Vmec.aspect of Vmec1 (nfp=2 mpol=5 ntor=5)>
Heat flux = 27159.756345 with aspect ratio=6.834857 took 6.427051s
Function evaluation failed for <bound method Vmec.aspect of Vmec1 (nfp=2 mpol=5 ntor=5)>
Heat flux = 112.509589 with aspect ratio=7.977712 took 6.872702s
Function evaluation failed for <bound method Vmec.aspect of Vmec1 (nfp=2 mpol=5 ntor=5)>
Heat flux = 29.977149 with aspect ratio=6.939995 took 6.387965s
Function evaluation failed for <bound method Vmec.aspect of Vmec1 (nfp=2 mpol=5 ntor=5)>
Function evaluation failed for <bound method Vmec.aspect of Vmec1 (nfp=2 mpol=5 ntor=5)>
Heat flux = 0.008562 with aspect ratio=7.352266 took 6.899347s
Function evaluation failed for <bound method Vmec.aspect of Vmec1 (nfp=2 mpol=5 ntor=5)>
Function evaluation failed for <bound method Vmec.aspect of Vmec1 (nfp=2 mpol=5 ntor=5)>
Function evaluation failed for <bound method Vmec.aspect of Vmec1 (nfp=2 mpol=5 ntor=5)>
Function evaluation failed for <bound method Vmec.aspect of Vmec1 (nfp=2 mpol=5 ntor=5)>
Function evaluation failed for <bound method Vmec.aspect of Vmec1 (nfp=2 mpol=5 ntor=5)>
Function evaluation failed for <bound method Vmec.aspect of Vmec1 (nfp=2 mpol=5 ntor=5)>
Function evaluation failed for <bound method Vmec.aspect of Vmec1 (nfp=2 mpol=5 ntor=5)>
Function evaluation failed for <bound method Vmec.aspect of Vmec1 (nfp=2 mpol=5 ntor=5)>
Heat flux = 188733.640720 with aspect ratio=7.680253 took 6.835898s
Function evaluation failed for <bound method Vmec.aspect of Vmec1 (nfp=2 mpol=5 ntor=5)>
Function evaluation failed for <bound method Vmec.aspect of Vmec1 (nfp=2 mpol=5 ntor=5)>
Function evaluation failed for <bound method Vmec.aspect of Vmec1 (nfp=2 mpol=5 ntor=5)>
Heat flux = 5.933105 with aspect ratio=7.352266 took 6.336168s
Function evaluation failed for <bound method Vmec.aspect of Vmec1 (nfp=2 mpol=5 ntor=5)>
Function evaluation failed for <bound method Vmec.aspect of Vmec1 (nfp=2 mpol=5 ntor=5)>
  read_GX_output: could not read /m100/home/userexternal/rjorge00/some_optimizations/GX_SIMSOPT/output/GX-nfp2_QA_000_000273.nc
'GX_Output' object has no attribute 'qflux'
Heat flux = 9999999999999999583119736832.000000 with aspect ratio=5.474033 took 1.267903s
Function evaluation failed for <bound method Vmec.aspect of Vmec1 (nfp=2 mpol=5 ntor=5)>
Function evaluation failed for <bound method Vmec.aspect of Vmec1 (nfp=2 mpol=5 ntor=5)>
Function evaluation failed for <bound method Vmec.aspect of Vmec1 (nfp=2 mpol=5 ntor=5)>
Function evaluation failed for <bound method Vmec.aspect of Vmec1 (nfp=2 mpol=5 ntor=5)>
Function evaluation failed for <bound method Vmec.aspect of Vmec1 (nfp=2 mpol=5 ntor=5)>
Function evaluation failed for <bound method Vmec.aspect of Vmec1 (nfp=2 mpol=5 ntor=5)>
Function evaluation failed for <bound method Vmec.aspect of Vmec1 (nfp=2 mpol=5 ntor=5)>
Function evaluation failed for <bound method Vmec.aspect of Vmec1 (nfp=2 mpol=5 ntor=5)>
Function evaluation failed for <bound method Vmec.aspect of Vmec1 (nfp=2 mpol=5 ntor=5)>
Heat flux = 0.022760 with aspect ratio=7.294674 took 6.807753s
Function evaluation failed for <bound method Vmec.aspect of Vmec1 (nfp=2 mpol=5 ntor=5)>
Function evaluation failed for <bound method Vmec.aspect of Vmec1 (nfp=2 mpol=5 ntor=5)>
Heat flux = 0.004091 with aspect ratio=7.294674 took 6.893823s
Function evaluation failed for <bound method Vmec.aspect of Vmec1 (nfp=2 mpol=5 ntor=5)>
Function evaluation failed for <bound method Vmec.aspect of Vmec1 (nfp=2 mpol=5 ntor=5)>
Function evaluation failed for <bound method Vmec.aspect of Vmec1 (nfp=2 mpol=5 ntor=5)>
Function evaluation failed for <bound method Vmec.aspect of Vmec1 (nfp=2 mpol=5 ntor=5)>
  read_GX_output: could not read /m100/home/userexternal/rjorge00/some_optimizations/GX_SIMSOPT/output/GX-nfp2_QA_000_000291.nc
'GX_Output' object has no attribute 'qflux'
Heat flux = 9999999999999999583119736832.000000 with aspect ratio=10.401406 took 0.950323s
Function evaluation failed for <bound method Vmec.aspect of Vmec1 (nfp=2 mpol=5 ntor=5)>
Function evaluation failed for <bound method Vmec.aspect of Vmec1 (nfp=2 mpol=5 ntor=5)>
Function evaluation failed for <bound method Vmec.aspect of Vmec1 (nfp=2 mpol=5 ntor=5)>
gsl: brent.c:74: ERROR: endpoints do not straddle y=0
Default GSL error handler invoked.
  read_GX_output: could not read /m100/home/userexternal/rjorge00/some_optimizations/GX_SIMSOPT/output/GX-nfp2_QA_000_000295.nc
'GX_Output' object has no attribute 'qflux'
Heat flux = 9999999999999999583119736832.000000 with aspect ratio=6.064966 took 1.838886s
Function evaluation failed for <bound method Vmec.aspect of Vmec1 (nfp=2 mpol=5 ntor=5)>
Function evaluation failed for <bound method Vmec.aspect of Vmec1 (nfp=2 mpol=5 ntor=5)>
Heat flux = 0.015234 with aspect ratio=7.305554 took 6.779032s
Function evaluation failed for <bound method Vmec.aspect of Vmec1 (nfp=2 mpol=5 ntor=5)>
Heat flux = 65718941826191.882812 with aspect ratio=5.410426 took 6.875548s
Function evaluation failed for <bound method Vmec.aspect of Vmec1 (nfp=2 mpol=5 ntor=5)>
Heat flux = 0.005003 with aspect ratio=7.305554 took 6.884094s
Function evaluation failed for <bound method Vmec.aspect of Vmec1 (nfp=2 mpol=5 ntor=5)>
Function evaluation failed for <bound method Vmec.aspect of Vmec1 (nfp=2 mpol=5 ntor=5)>
Function evaluation failed for <bound method Vmec.aspect of Vmec1 (nfp=2 mpol=5 ntor=5)>
Function evaluation failed for <bound method Vmec.aspect of Vmec1 (nfp=2 mpol=5 ntor=5)>
Function evaluation failed for <bound method Vmec.aspect of Vmec1 (nfp=2 mpol=5 ntor=5)>
Function evaluation failed for <bound method Vmec.aspect of Vmec1 (nfp=2 mpol=5 ntor=5)>
Function evaluation failed for <bound method Vmec.aspect of Vmec1 (nfp=2 mpol=5 ntor=5)>
Function evaluation failed for <bound method Vmec.aspect of Vmec1 (nfp=2 mpol=5 ntor=5)>
  read_GX_output: could not read /m100/home/userexternal/rjorge00/some_optimizations/GX_SIMSOPT/output/GX-nfp2_QA_000_000311.nc
'GX_Output' object has no attribute 'qflux'
Heat flux = 9999999999999999583119736832.000000 with aspect ratio=7.138065 took 0.960329s
Function evaluation failed for <bound method Vmec.aspect of Vmec1 (nfp=2 mpol=5 ntor=5)>
Function evaluation failed for <bound method Vmec.aspect of Vmec1 (nfp=2 mpol=5 ntor=5)>
Heat flux = 8.449367 with aspect ratio=7.291610 took 6.356346s
Function evaluation failed for <bound method Vmec.aspect of Vmec1 (nfp=2 mpol=5 ntor=5)>
Function evaluation failed for <bound method Vmec.aspect of Vmec1 (nfp=2 mpol=5 ntor=5)>
gsl: brent.c:74: ERROR: endpoints do not straddle y=0
Default GSL error handler invoked.
  read_GX_output: could not read /m100/home/userexternal/rjorge00/some_optimizations/GX_SIMSOPT/output/GX-nfp2_QA_000_000317.nc
'GX_Output' object has no attribute 'qflux'
Heat flux = 9999999999999999583119736832.000000 with aspect ratio=6.086709 took 1.555181s
Heat flux = 0.002841 with aspect ratio=7.305554 took 6.868669s
Function evaluation failed for <bound method Vmec.aspect of Vmec1 (nfp=2 mpol=5 ntor=5)>
Function evaluation failed for <bound method Vmec.aspect of Vmec1 (nfp=2 mpol=5 ntor=5)>
Heat flux = 0.001792 with aspect ratio=6.842389 took 6.696089s
Function evaluation failed for <bound method Vmec.aspect of Vmec1 (nfp=2 mpol=5 ntor=5)>
Function evaluation failed for <bound method Vmec.aspect of Vmec1 (nfp=2 mpol=5 ntor=5)>
Function evaluation failed for <bound method Vmec.aspect of Vmec1 (nfp=2 mpol=5 ntor=5)>
Function evaluation failed for <bound method Vmec.aspect of Vmec1 (nfp=2 mpol=5 ntor=5)>
Function evaluation failed for <bound method Vmec.aspect of Vmec1 (nfp=2 mpol=5 ntor=5)>
Function evaluation failed for <bound method Vmec.aspect of Vmec1 (nfp=2 mpol=5 ntor=5)>
Function evaluation failed for <bound method Vmec.aspect of Vmec1 (nfp=2 mpol=5 ntor=5)>
  read_GX_output: could not read /m100/home/userexternal/rjorge00/some_optimizations/GX_SIMSOPT/output/GX-nfp2_QA_000_000329.nc
'GX_Output' object has no attribute 'qflux'
Heat flux = 9999999999999999583119736832.000000 with aspect ratio=4.821602 took 0.997452s
Heat flux = 2226.434650 with aspect ratio=6.869993 took 6.306668s
Function evaluation failed for <bound method Vmec.aspect of Vmec1 (nfp=2 mpol=5 ntor=5)>
Function evaluation failed for <bound method Vmec.aspect of Vmec1 (nfp=2 mpol=5 ntor=5)>
Heat flux = 0.003645 with aspect ratio=6.873726 took 6.830492s
Heat flux = 188.394044 with aspect ratio=6.873726 took 6.343246s
Function evaluation failed for <bound method Vmec.aspect of Vmec1 (nfp=2 mpol=5 ntor=5)>
Function evaluation failed for <bound method Vmec.aspect of Vmec1 (nfp=2 mpol=5 ntor=5)>
Function evaluation failed for <bound method Vmec.aspect of Vmec1 (nfp=2 mpol=5 ntor=5)>
Function evaluation failed for <bound method Vmec.aspect of Vmec1 (nfp=2 mpol=5 ntor=5)>
Function evaluation failed for <bound method Vmec.aspect of Vmec1 (nfp=2 mpol=5 ntor=5)>
Function evaluation failed for <bound method Vmec.aspect of Vmec1 (nfp=2 mpol=5 ntor=5)>
Function evaluation failed for <bound method Vmec.aspect of Vmec1 (nfp=2 mpol=5 ntor=5)>
Function evaluation failed for <bound method Vmec.aspect of Vmec1 (nfp=2 mpol=5 ntor=5)>
Function evaluation failed for <bound method Vmec.aspect of Vmec1 (nfp=2 mpol=5 ntor=5)>
Function evaluation failed for <bound method Vmec.aspect of Vmec1 (nfp=2 mpol=5 ntor=5)>
Function evaluation failed for <bound method Vmec.aspect of Vmec1 (nfp=2 mpol=5 ntor=5)>
Heat flux = 0.000383 with aspect ratio=6.827436 took 6.834507s
Function evaluation failed for <bound method Vmec.aspect of Vmec1 (nfp=2 mpol=5 ntor=5)>
Function evaluation failed for <bound method Vmec.aspect of Vmec1 (nfp=2 mpol=5 ntor=5)>
Heat flux = 0.019096 with aspect ratio=7.079101 took 6.807007s
Function evaluation failed for <bound method Vmec.aspect of Vmec1 (nfp=2 mpol=5 ntor=5)>
Function evaluation failed for <bound method Vmec.aspect of Vmec1 (nfp=2 mpol=5 ntor=5)>
Function evaluation failed for <bound method Vmec.aspect of Vmec1 (nfp=2 mpol=5 ntor=5)>
Function evaluation failed for <bound method Vmec.aspect of Vmec1 (nfp=2 mpol=5 ntor=5)>
Function evaluation failed for <bound method Vmec.aspect of Vmec1 (nfp=2 mpol=5 ntor=5)>
Function evaluation failed for <bound method Vmec.aspect of Vmec1 (nfp=2 mpol=5 ntor=5)>
Function evaluation failed for <bound method Vmec.aspect of Vmec1 (nfp=2 mpol=5 ntor=5)>
Function evaluation failed for <bound method Vmec.aspect of Vmec1 (nfp=2 mpol=5 ntor=5)>
Function evaluation failed for <bound method Vmec.aspect of Vmec1 (nfp=2 mpol=5 ntor=5)>
Function evaluation failed for <bound method Vmec.aspect of Vmec1 (nfp=2 mpol=5 ntor=5)>
Function evaluation failed for <bound method Vmec.aspect of Vmec1 (nfp=2 mpol=5 ntor=5)>
Function evaluation failed for <bound method Vmec.aspect of Vmec1 (nfp=2 mpol=5 ntor=5)>
Heat flux = 1235.157003 with aspect ratio=7.792157 took 6.374210s
Function evaluation failed for <bound method Vmec.aspect of Vmec1 (nfp=2 mpol=5 ntor=5)>
Heat flux = 198714621.550625 with aspect ratio=5.459659 took 6.783210s
Heat flux = 0.946943 with aspect ratio=6.615066 took 6.807032s
Function evaluation failed for <bound method Vmec.aspect of Vmec1 (nfp=2 mpol=5 ntor=5)>
Function evaluation failed for <bound method Vmec.aspect of Vmec1 (nfp=2 mpol=5 ntor=5)>
Function evaluation failed for <bound method Vmec.aspect of Vmec1 (nfp=2 mpol=5 ntor=5)>
Heat flux = 0.038891 with aspect ratio=6.915025 took 6.929262s
Function evaluation failed for <bound method Vmec.aspect of Vmec1 (nfp=2 mpol=5 ntor=5)>
Function evaluation failed for <bound method Vmec.aspect of Vmec1 (nfp=2 mpol=5 ntor=5)>
Function evaluation failed for <bound method Vmec.aspect of Vmec1 (nfp=2 mpol=5 ntor=5)>
Function evaluation failed for <bound method Vmec.aspect of Vmec1 (nfp=2 mpol=5 ntor=5)>
Function evaluation failed for <bound method Vmec.aspect of Vmec1 (nfp=2 mpol=5 ntor=5)>
gsl: brent.c:74: ERROR: endpoints do not straddle y=0
Default GSL error handler invoked.
  read_GX_output: could not read /m100/home/userexternal/rjorge00/some_optimizations/GX_SIMSOPT/output/GX-nfp2_QA_000_000375.nc
'GX_Output' object has no attribute 'qflux'
Heat flux = 9999999999999999583119736832.000000 with aspect ratio=4.993443 took 1.669239s
Function evaluation failed for <bound method Vmec.aspect of Vmec1 (nfp=2 mpol=5 ntor=5)>
Function evaluation failed for <bound method Vmec.aspect of Vmec1 (nfp=2 mpol=5 ntor=5)>
Heat flux = 0.053736 with aspect ratio=6.931892 took 7.259153s
Function evaluation failed for <bound method Vmec.aspect of Vmec1 (nfp=2 mpol=5 ntor=5)>
Function evaluation failed for <bound method Vmec.aspect of Vmec1 (nfp=2 mpol=5 ntor=5)>
Function evaluation failed for <bound method Vmec.aspect of Vmec1 (nfp=2 mpol=5 ntor=5)>
Heat flux = 0.074755 with aspect ratio=6.931892 took 6.850088s
Function evaluation failed for <bound method Vmec.aspect of Vmec1 (nfp=2 mpol=5 ntor=5)>
Function evaluation failed for <bound method Vmec.aspect of Vmec1 (nfp=2 mpol=5 ntor=5)>
Function evaluation failed for <bound method Vmec.aspect of Vmec1 (nfp=2 mpol=5 ntor=5)>
gsl: brent.c:74: ERROR: endpoints do not straddle y=0
Default GSL error handler invoked.
  read_GX_output: could not read /m100/home/userexternal/rjorge00/some_optimizations/GX_SIMSOPT/output/GX-nfp2_QA_000_000386.nc
'GX_Output' object has no attribute 'qflux'
Heat flux = 9999999999999999583119736832.000000 with aspect ratio=5.450062 took 1.429454s
Function evaluation failed for <bound method Vmec.aspect of Vmec1 (nfp=2 mpol=5 ntor=5)>
Function evaluation failed for <bound method Vmec.aspect of Vmec1 (nfp=2 mpol=5 ntor=5)>
Function evaluation failed for <bound method Vmec.aspect of Vmec1 (nfp=2 mpol=5 ntor=5)>
Function evaluation failed for <bound method Vmec.aspect of Vmec1 (nfp=2 mpol=5 ntor=5)>
Function evaluation failed for <bound method Vmec.aspect of Vmec1 (nfp=2 mpol=5 ntor=5)>
Function evaluation failed for <bound method Vmec.aspect of Vmec1 (nfp=2 mpol=5 ntor=5)>
Function evaluation failed for <bound method Vmec.aspect of Vmec1 (nfp=2 mpol=5 ntor=5)>
Heat flux = 36.190700 with aspect ratio=7.195667 took 6.440242s
Heat flux = 0.000732 with aspect ratio=7.115554 took 6.779262s
Heat flux = 8498925257405.650391 with aspect ratio=4.928584 took 6.900897s
Function evaluation failed for <bound method Vmec.aspect of Vmec1 (nfp=2 mpol=5 ntor=5)>
Heat flux = 0.000668 with aspect ratio=7.115554 took 6.905619s
Function evaluation failed for <bound method Vmec.aspect of Vmec1 (nfp=2 mpol=5 ntor=5)>
Function evaluation failed for <bound method Vmec.aspect of Vmec1 (nfp=2 mpol=5 ntor=5)>
Heat flux = 7275.772816 with aspect ratio=5.973488 took 7.068475s
Function evaluation failed for <bound method Vmec.aspect of Vmec1 (nfp=2 mpol=5 ntor=5)>
Function evaluation failed for <bound method Vmec.aspect of Vmec1 (nfp=2 mpol=5 ntor=5)>
  read_GX_output: could not read /m100/home/userexternal/rjorge00/some_optimizations/GX_SIMSOPT/output/GX-nfp2_QA_000_000404.nc
'GX_Output' object has no attribute 'qflux'
Heat flux = 9999999999999999583119736832.000000 with aspect ratio=4.103239 took 1.089483s
Function evaluation failed for <bound method Vmec.aspect of Vmec1 (nfp=2 mpol=5 ntor=5)>
Function evaluation failed for <bound method Vmec.aspect of Vmec1 (nfp=2 mpol=5 ntor=5)>
Function evaluation failed for <bound method Vmec.aspect of Vmec1 (nfp=2 mpol=5 ntor=5)>
Function evaluation failed for <bound method Vmec.aspect of Vmec1 (nfp=2 mpol=5 ntor=5)>
Function evaluation failed for <bound method Vmec.aspect of Vmec1 (nfp=2 mpol=5 ntor=5)>
Heat flux = 12.886987 with aspect ratio=7.444912 took 6.432796s
Function evaluation failed for <bound method Vmec.aspect of Vmec1 (nfp=2 mpol=5 ntor=5)>
Function evaluation failed for <bound method Vmec.aspect of Vmec1 (nfp=2 mpol=5 ntor=5)>
Function evaluation failed for <bound method Vmec.aspect of Vmec1 (nfp=2 mpol=5 ntor=5)>
Heat flux = 0.000993 with aspect ratio=7.115554 took 6.842178s
Function evaluation failed for <bound method Vmec.aspect of Vmec1 (nfp=2 mpol=5 ntor=5)>
Function evaluation failed for <bound method Vmec.aspect of Vmec1 (nfp=2 mpol=5 ntor=5)>
Heat flux = 60848.221266 with aspect ratio=6.370054 took 6.382567s
Function evaluation failed for <bound method Vmec.aspect of Vmec1 (nfp=2 mpol=5 ntor=5)>
Function evaluation failed for <bound method Vmec.aspect of Vmec1 (nfp=2 mpol=5 ntor=5)>
Function evaluation failed for <bound method Vmec.aspect of Vmec1 (nfp=2 mpol=5 ntor=5)>
Function evaluation failed for <bound method Vmec.aspect of Vmec1 (nfp=2 mpol=5 ntor=5)>
Function evaluation failed for <bound method Vmec.aspect of Vmec1 (nfp=2 mpol=5 ntor=5)>
gsl: brent.c:74: ERROR: endpoints do not straddle y=0
Default GSL error handler invoked.
  read_GX_output: could not read /m100/home/userexternal/rjorge00/some_optimizations/GX_SIMSOPT/output/GX-nfp2_QA_000_000423.nc
'GX_Output' object has no attribute 'qflux'
Heat flux = 9999999999999999583119736832.000000 with aspect ratio=6.704036 took 1.567974s
Function evaluation failed for <bound method Vmec.aspect of Vmec1 (nfp=2 mpol=5 ntor=5)>
Function evaluation failed for <bound method Vmec.aspect of Vmec1 (nfp=2 mpol=5 ntor=5)>
Heat flux = 0.011698 with aspect ratio=7.199921 took 6.404953s
Function evaluation failed for <bound method Vmec.aspect of Vmec1 (nfp=2 mpol=5 ntor=5)>
Function evaluation failed for <bound method Vmec.aspect of Vmec1 (nfp=2 mpol=5 ntor=5)>
Heat flux = 311313.438468 with aspect ratio=6.491632 took 6.442269s
Heat flux = 0.037262 with aspect ratio=7.199921 took 6.856765s
Heat flux = 0.007985 with aspect ratio=7.384737 took 6.859957s
Function evaluation failed for <bound method Vmec.aspect of Vmec1 (nfp=2 mpol=5 ntor=5)>
Function evaluation failed for <bound method Vmec.aspect of Vmec1 (nfp=2 mpol=5 ntor=5)>
Function evaluation failed for <bound method Vmec.aspect of Vmec1 (nfp=2 mpol=5 ntor=5)>
Function evaluation failed for <bound method Vmec.aspect of Vmec1 (nfp=2 mpol=5 ntor=5)>
Function evaluation failed for <bound method Vmec.aspect of Vmec1 (nfp=2 mpol=5 ntor=5)>
Function evaluation failed for <bound method Vmec.aspect of Vmec1 (nfp=2 mpol=5 ntor=5)>
Function evaluation failed for <bound method Vmec.aspect of Vmec1 (nfp=2 mpol=5 ntor=5)>
Function evaluation failed for <bound method Vmec.aspect of Vmec1 (nfp=2 mpol=5 ntor=5)>
Function evaluation failed for <bound method Vmec.aspect of Vmec1 (nfp=2 mpol=5 ntor=5)>
Function evaluation failed for <bound method Vmec.aspect of Vmec1 (nfp=2 mpol=5 ntor=5)>
Heat flux = 0.198693 with aspect ratio=7.433578 took 6.884292s
Function evaluation failed for <bound method Vmec.aspect of Vmec1 (nfp=2 mpol=5 ntor=5)>
Function evaluation failed for <bound method Vmec.aspect of Vmec1 (nfp=2 mpol=5 ntor=5)>
Heat flux = 0.012183 with aspect ratio=7.329251 took 6.795321s
Heat flux = 0.017902 with aspect ratio=7.329251 took 6.883114s
Function evaluation failed for <bound method Vmec.aspect of Vmec1 (nfp=2 mpol=5 ntor=5)>
Function evaluation failed for <bound method Vmec.aspect of Vmec1 (nfp=2 mpol=5 ntor=5)>
Function evaluation failed for <bound method Vmec.aspect of Vmec1 (nfp=2 mpol=5 ntor=5)>
Function evaluation failed for <bound method Vmec.aspect of Vmec1 (nfp=2 mpol=5 ntor=5)>
Function evaluation failed for <bound method Vmec.aspect of Vmec1 (nfp=2 mpol=5 ntor=5)>
Function evaluation failed for <bound method Vmec.aspect of Vmec1 (nfp=2 mpol=5 ntor=5)>
Function evaluation failed for <bound method Vmec.aspect of Vmec1 (nfp=2 mpol=5 ntor=5)>
Function evaluation failed for <bound method Vmec.aspect of Vmec1 (nfp=2 mpol=5 ntor=5)>
Function evaluation failed for <bound method Vmec.aspect of Vmec1 (nfp=2 mpol=5 ntor=5)>
Function evaluation failed for <bound method Vmec.aspect of Vmec1 (nfp=2 mpol=5 ntor=5)>
Function evaluation failed for <bound method Vmec.aspect of Vmec1 (nfp=2 mpol=5 ntor=5)>
Heat flux = 11.269578 with aspect ratio=7.425208 took 6.402254s
Heat flux = 0.657973 with aspect ratio=7.246227 took 7.027179s
Heat flux = 842174796768040.875000 with aspect ratio=4.777037 took 6.820745s
gsl: brent.c:74: ERROR: endpoints do not straddle y=0
Default GSL error handler invoked.
  read_GX_output: could not read /m100/home/userexternal/rjorge00/some_optimizations/GX_SIMSOPT/output/GX-nfp2_QA_000_000461.nc
'GX_Output' object has no attribute 'qflux'
Heat flux = 9999999999999999583119736832.000000 with aspect ratio=5.518141 took 1.563588s
Heat flux = 20.925827 with aspect ratio=7.329251 took 6.373537s
Function evaluation failed for <bound method Vmec.aspect of Vmec1 (nfp=2 mpol=5 ntor=5)>
Function evaluation failed for <bound method Vmec.aspect of Vmec1 (nfp=2 mpol=5 ntor=5)>
Function evaluation failed for <bound method Vmec.aspect of Vmec1 (nfp=2 mpol=5 ntor=5)>
Function evaluation failed for <bound method Vmec.aspect of Vmec1 (nfp=2 mpol=5 ntor=5)>
Function evaluation failed for <bound method Vmec.aspect of Vmec1 (nfp=2 mpol=5 ntor=5)>
Function evaluation failed for <bound method Vmec.aspect of Vmec1 (nfp=2 mpol=5 ntor=5)>
Function evaluation failed for <bound method Vmec.aspect of Vmec1 (nfp=2 mpol=5 ntor=5)>
Function evaluation failed for <bound method Vmec.aspect of Vmec1 (nfp=2 mpol=5 ntor=5)>
Function evaluation failed for <bound method Vmec.aspect of Vmec1 (nfp=2 mpol=5 ntor=5)>
Function evaluation failed for <bound method Vmec.aspect of Vmec1 (nfp=2 mpol=5 ntor=5)>
Function evaluation failed for <bound method Vmec.aspect of Vmec1 (nfp=2 mpol=5 ntor=5)>
Heat flux = 4.869996 with aspect ratio=7.411032 took 6.473135s
Function evaluation failed for <bound method Vmec.aspect of Vmec1 (nfp=2 mpol=5 ntor=5)>
Heat flux = 0.024595 with aspect ratio=7.297691 took 6.825472s
  read_GX_output: could not read /m100/home/userexternal/rjorge00/some_optimizations/GX_SIMSOPT/output/GX-nfp2_QA_000_000477.nc
'GX_Output' object has no attribute 'qflux'
Heat flux = 9999999999999999583119736832.000000 with aspect ratio=6.114643 took 0.955183s
Heat flux = 0.002301 with aspect ratio=7.297691 took 6.932851s
Function evaluation failed for <bound method Vmec.aspect of Vmec1 (nfp=2 mpol=5 ntor=5)>
Function evaluation failed for <bound method Vmec.aspect of Vmec1 (nfp=2 mpol=5 ntor=5)>
Heat flux = 2423.155272 with aspect ratio=6.386561 took 7.014970s
Final aspect ratio: 6.386561038716315
Final mean iota: -0.3310405482683004
Final magnetic well: -0.02405578198676071
Final heat flux: 2423.1552720954805
 - - - - - - - - - - - - - - - - - - - - - - - - - - - - - - - - -
  SEQ =    1 TIME SLICE  0.0000E+00
  PROCESSING INPUT.final
  THIS IS PARVMEC (PARALLEL VMEC), VERSION 9.0
  Lambda: Full Radial Mesh. L-Force: hybrid full/half.

  COMPUTER: powerpc64le-conda_cos7-linux-gnu   OS:    RELEASE:   DATE = Oct 31,2022  TIME = 18:24:02

  NS =   16 NO. FOURIER MODES =   50 FTOLV =  1.000E-12 NITER =   4000
  PROCESSOR COUNT - RADIAL:    1
 INITIAL JACOBIAN CHANGED SIGN!
 TRYING TO IMPROVE INITIAL MAGNETIC AXIS GUESS
  ---- Improved AXIS Guess ----
      RAXIS_CC =    1.0000000000000000       0.16012110150189496        1.5700924586837749E-016   9.7570031361063155E-016   8.6355085227607626E-016   1.1214946133455534E-016
      ZAXIS_CS =   -0.0000000000000000       -5.6049457976463822E-003   2.0765173700226263E-017   2.7248814433630244E-017   2.1334682683565804E-017   4.9065389333867966E-018
  -----------------------------

  ITER    FSQR      FSQZ      FSQL    RAX(v=0)    DELT       WMHD

    1  4.61E-03  6.83E-05  1.57E-03  1.160E+00  9.00E-01  3.5152E-01
  200  9.97E-09  4.40E-11  3.91E-10  1.161E+00  9.00E-01  3.5094E-01
  400  1.85E-10  1.06E-12  1.37E-11  1.162E+00  9.00E-01  3.5094E-01
  600  1.05E-11  6.05E-14  4.47E-13  1.162E+00  9.00E-01  3.5094E-01
  717  9.93E-13  7.87E-15  3.75E-14  1.162E+00  9.00E-01  3.5094E-01

  NS =   51 NO. FOURIER MODES =   50 FTOLV =  1.000E-13 NITER =  10000
  PROCESSOR COUNT - RADIAL:    1

  ITER    FSQR      FSQZ      FSQL    RAX(v=0)    DELT       WMHD

    1  1.97E-03  8.24E-05  1.09E-07  1.162E+00  9.00E-01  3.5094E-01
  200  1.59E-10  1.69E-12  3.60E-13  1.162E+00  9.00E-01  3.5094E-01
  400  1.95E-12  1.70E-14  2.35E-14  1.162E+00  9.00E-01  3.5094E-01
  600  5.22E-13  3.42E-15  5.21E-15  1.162E+00  9.00E-01  3.5094E-01
  704  9.85E-14  9.45E-16  1.14E-15  1.162E+00  9.00E-01  3.5094E-01

  NS =  101 NO. FOURIER MODES =   50 FTOLV =  1.000E-14 NITER =   4000
  PROCESSOR COUNT - RADIAL:    1

  ITER    FSQR      FSQZ      FSQL    RAX(v=0)    DELT       WMHD

    1  1.72E-03  7.14E-05  1.44E-09  1.162E+00  9.00E-01  3.5094E-01
  200  1.74E-09  5.95E-11  3.20E-14  1.162E+00  7.76E-01  3.5094E-01
  400  1.45E-11  3.24E-13  2.49E-15  1.162E+00  7.76E-01  3.5094E-01
  600  1.51E-12  1.95E-14  8.63E-16  1.162E+00  7.76E-01  3.5094E-01
  800  2.37E-13  5.19E-15  1.83E-16  1.162E+00  7.76E-01  3.5094E-01
 1000  7.68E-14  8.82E-16  2.85E-17  1.162E+00  7.76E-01  3.5094E-01
 1200  9.82E-15  1.39E-16  6.52E-18  1.162E+00  7.76E-01  3.5094E-01

 EXECUTION TERMINATED NORMALLY

 FILE : final_000_000000
 NUMBER OF JACOBIAN RESETS =    0

    TOTAL COMPUTATIONAL TIME (SEC)        10.16
    TIME TO INPUT/OUTPUT                   0.04
       READ IN DATA                        0.00
       WRITE OUT DATA TO WOUT              0.04
    TIME IN FUNCT3D                       10.05
       BCOVAR FIELDS                       1.55
       FOURIER TRANSFORM                   1.74
       INVERSE FOURIER TRANSFORM           1.65
       FORCES AND SYMMETRIZE               1.74
       RESIDUE                             2.59
       EQFORCE                             0.00
nfp:  2
ns:  101
mpol:  5
ntor:  5
Aminor_p:  0.15209373859056327
Rmajor_p:  0.9713559451151933
aspect:             6.386561038716301
Rmajor_p/Aminor_p:  6.386561038716301
betatotal:  0.0
betapol:    0.0
betator:    0.0
betaxis:    0.0
ctor:    3.234643111761055e-11
bmnc.shape: (101, 128)
bmns.shape: (101, 128)
Creating Boozer class for vmec_final
Defining surfaces where to compute Boozer coordinates
 booz_surfaces=[0.  0.1 0.2 0.3 0.4 0.5 0.6 0.7 0.8 0.9]
Running BOOZ_XFORM
mnmax: 50  len(xm): 50  len(xn): 50
mnmax_nyq: 128  len(xm_nyq): 128  len(xn_nyq): 128
Read ns=101, mpol=5, ntor=5, mnmax=50, mnmax_nyq=128
compute_surfs (0-based indices):  0 10 20 30 39 49 60 70 79 89
Initializing with mboz=64, nboz=64
ntheta = 258, nzeta = 258, # threads = 4
                   |        outboard (theta=0)      |      inboard (theta=pi)      |
thread js_b js zeta| |B|input  |B|Boozer    Error   | |B|input  |B|Boozer    Error |
------------------------------------------------------------------------------------
   1     3  30   0  1.881e+00  1.881e+00  9.800e-15  1.994e+00  1.994e+00  5.066e-14
                pi  8.439e-01  8.439e-01  6.710e-15  8.966e-01  8.966e-01  1.383e-13
   3     8  79   0  1.853e+00  1.853e+00  1.187e-14  2.037e+00  2.037e+00  5.309e-12
                pi  8.080e-01  8.080e-01  3.023e-15  8.688e-01  8.688e-01  8.124e-11
   2     6  60   0  1.862e+00  1.862e+00  3.101e-15  2.022e+00  2.022e+00  7.240e-13
                pi  8.206e-01  8.206e-01  1.461e-14  8.823e-01  8.823e-01  9.597e-12
   0     0   0   0  1.925e+00  1.925e+00  1.822e-14  1.940e+00  1.940e+00  1.992e-14
                pi  8.831e-01  8.831e-01  1.056e-14  8.909e-01  8.909e-01  1.620e-14
   1     4  39   0  1.874e+00  1.874e+00  2.370e-15  2.004e+00  2.004e+00  7.957e-14
                pi  8.363e-01  8.363e-01  2.084e-14  8.934e-01  8.934e-01  5.807e-13
   3     9  89   0  1.848e+00  1.848e+00  3.484e-15  2.044e+00  2.044e+00  1.387e-11
                pi  8.018e-01  8.018e-01  3.185e-15  8.605e-01  8.605e-01  2.263e-10
   2     7  70   0  1.857e+00  1.857e+00  3.109e-15  2.030e+00  2.030e+00  2.137e-12
                pi  8.138e-01  8.138e-01  5.866e-15  8.756e-01  8.756e-01  3.054e-11
   0     1  10   0  1.901e+00  1.901e+00  3.504e-15  1.968e+00  1.968e+00  2.934e-14
                pi  8.646e-01  8.646e-01  2.055e-15  8.987e-01  8.987e-01  2.421e-14
   1     5  49   0  1.868e+00  1.868e+00  7.965e-15  2.013e+00  2.013e+00  2.193e-13
                pi  8.285e-01  8.285e-01  5.226e-15  8.887e-01  8.887e-01  2.392e-12
   0     2  20   0  1.889e+00  1.889e+00  1.222e-14  1.982e+00  1.982e+00  1.411e-14
                pi  8.533e-01  8.533e-01  5.074e-15  8.988e-01  8.988e-01  1.124e-14
Writing output to /m100/home/userexternal/rjorge00/some_optimizations/GX_SIMSOPT/output/boozmn_single_stage.nc
Plot BOOZ_XFORM
slurmstepd: error: *** JOB 8566884 ON login06 CANCELLED AT 2022-10-31T18:27:34 ***
