perl: warning: Setting locale failed.
perl: warning: Please check that your locale settings:
	LANGUAGE = (unset),
	LC_ALL = (unset),
	LC_CTYPE = "UTF-8",
	LANG = "en_US.UTF-8"
    are supported and installed on your system.
perl: warning: Falling back to a fallback locale ("en_US.UTF-8").
Enter valid IB devicename:port
[login06:09851] Error: common_pami.c:1094 - ompi_common_pami_init() 0: Unable to create 1 PAMI communication context(s) rc=1
--------------------------------------------------------------------------
No components were able to be opened in the pml framework.

This typically means that either no components of this type were
installed, or none of the installed components can be loaded.
Sometimes this means that shared libraries required by these
components are unable to be found/loaded.

  Host:      login06
  Framework: pml
--------------------------------------------------------------------------
[login06:09851] PML pami cannot be selected
