Growth rate = 0.145127, qflux = 1.693580 for point -0.130000, aspect 7.928856, quasisymmetry = 73.394377 and iota -0.577982 took 159.052100s
Growth rate = 0.153668, qflux = 1.479569 for point -0.123265, aspect 7.930424, quasisymmetry = 68.443849 and iota -0.597258 took 159.467075s
Growth rate = 0.118911, qflux = 2.576433 for point -0.116531, aspect 7.931991, quasisymmetry = 63.809891 and iota -0.616467 took 159.544037s
Growth rate = 0.114851, qflux = 3.501298 for point -0.109796, aspect 7.933559, quasisymmetry = 59.471540 and iota -0.635591 took 158.135014s
Growth rate = 0.114223, qflux = 2.852608 for point -0.103061, aspect 7.935126, quasisymmetry = 55.402774 and iota -0.654614 took 158.401798s
Growth rate = 0.120386, qflux = 3.833516 for point -0.096327, aspect 7.936694, quasisymmetry = 51.587347 and iota -0.673517 took 158.929508s
Growth rate = 0.171005, qflux = 2.786184 for point -0.089592, aspect 7.938261, quasisymmetry = 48.015981 and iota -0.692286 took 158.859395s
Growth rate = 0.199373, qflux = 2.291057 for point -0.082857, aspect 7.939829, quasisymmetry = 44.668620 and iota -0.710905 took 157.925713s
Growth rate = 0.177188, qflux = 2.707790 for point -0.076122, aspect 7.941396, quasisymmetry = 41.530948 and iota -0.729361 took 158.178120s
Growth rate = 0.124141, qflux = 4.259887 for point -0.069388, aspect 7.942964, quasisymmetry = 38.588127 and iota -0.747641 took 158.069336s
Growth rate = 0.129677, qflux = 4.311810 for point -0.062653, aspect 7.944531, quasisymmetry = 35.828853 and iota -0.765728 took 157.799989s
Growth rate = 0.136003, qflux = 4.466869 for point -0.055918, aspect 7.946099, quasisymmetry = 33.238484 and iota -0.783617 took 158.171010s
Growth rate = 0.141885, qflux = 4.695021 for point -0.049184, aspect 7.947666, quasisymmetry = 30.806154 and iota -0.801292 took 158.321322s
Growth rate = 0.186035, qflux = 3.786919 for point -0.042449, aspect 7.949234, quasisymmetry = 28.521556 and iota -0.818741 took 158.263138s
Growth rate = 0.210110, qflux = 2.741482 for point -0.035714, aspect 7.950801, quasisymmetry = 26.376075 and iota -0.835958 took 144.648800s
Growth rate = 0.194334, qflux = 3.511339 for point -0.028980, aspect 7.952369, quasisymmetry = 24.360493 and iota -0.852931 took 144.379354s
Growth rate = 0.163323, qflux = 4.797447 for point -0.022245, aspect 7.953936, quasisymmetry = 22.466130 and iota -0.869655 took 144.704162s
Growth rate = 0.202010, qflux = 3.559061 for point -0.015510, aspect 7.955504, quasisymmetry = 20.686322 and iota -0.886118 took 144.397438s
Growth rate = 0.223780, qflux = 3.095492 for point -0.008776, aspect 7.957071, quasisymmetry = 19.014186 and iota -0.902316 took 144.614732s
Growth rate = 0.225354, qflux = 3.333300 for point -0.002041, aspect 7.958639, quasisymmetry = 17.443546 and iota -0.918242 took 144.665636s
Growth rate = 0.199937, qflux = 3.742883 for point 0.004694, aspect 7.960206, quasisymmetry = 15.968317 and iota -0.933892 took 144.383965s
Growth rate = 0.188680, qflux = 3.623731 for point 0.011429, aspect 7.961774, quasisymmetry = 14.583444 and iota -0.949260 took 144.502095s
Growth rate = 0.202167, qflux = 4.243079 for point 0.018163, aspect 7.963341, quasisymmetry = 13.284138 and iota -0.964342 took 144.788264s
Growth rate = 0.200103, qflux = 5.269597 for point 0.024898, aspect 7.964909, quasisymmetry = 12.065936 and iota -0.979137 took 144.053901s
Growth rate = 0.206747, qflux = 2.697815 for point 0.031633, aspect 7.966476, quasisymmetry = 10.924574 and iota -0.993639 took 144.554273s
Growth rate = 0.211221, qflux = 5.838614 for point 0.038367, aspect 7.968044, quasisymmetry = 9.856169 and iota -1.007850 took 144.406354s
Growth rate = 0.216903, qflux = 5.120841 for point 0.045102, aspect 7.969611, quasisymmetry = 8.857325 and iota -1.021766 took 144.145431s
Growth rate = 0.222026, qflux = 4.926243 for point 0.051837, aspect 7.971179, quasisymmetry = 7.924688 and iota -1.035390 took 144.499818s
Growth rate = 0.227141, qflux = 5.024854 for point 0.058571, aspect 7.972746, quasisymmetry = 7.055211 and iota -1.048720 took 144.309271s
Growth rate = 0.232595, qflux = 4.811185 for point 0.065306, aspect 7.974314, quasisymmetry = 6.246115 and iota -1.061758 took 144.534867s
Growth rate = 0.238085, qflux = 5.049881 for point 0.072041, aspect 7.975881, quasisymmetry = 5.494841 and iota -1.074504 took 144.666880s
Growth rate = 0.243555, qflux = 4.459314 for point 0.078776, aspect 7.977449, quasisymmetry = 4.799025 and iota -1.086962 took 144.519651s
Growth rate = 0.248989, qflux = 5.224417 for point 0.085510, aspect 7.979016, quasisymmetry = 4.156522 and iota -1.099133 took 144.753297s
Growth rate = 0.254392, qflux = 5.358728 for point 0.092245, aspect 7.980584, quasisymmetry = 3.565401 and iota -1.111016 took 145.001263s
Growth rate = 0.258888, qflux = 4.802541 for point 0.098980, aspect 7.982151, quasisymmetry = 3.023933 and iota -1.122620 took 144.570797s
Growth rate = 0.265018, qflux = 4.246874 for point 0.105714, aspect 7.983719, quasisymmetry = 2.530396 and iota -1.133973 took 145.310738s
Growth rate = 0.270660, qflux = 4.859118 for point 0.112449, aspect 7.985286, quasisymmetry = 2.083915 and iota -1.145000 took 144.670768s
Growth rate = 0.276030, qflux = 4.876409 for point 0.119184, aspect 7.986854, quasisymmetry = 1.682731 and iota -1.155827 took 145.676484s
Growth rate = 0.281503, qflux = 5.001086 for point 0.125918, aspect 7.988421, quasisymmetry = 1.326388 and iota -1.166328 took 146.041487s
Growth rate = 0.286978, qflux = 5.246822 for point 0.132653, aspect 7.989989, quasisymmetry = 1.014063 and iota -1.176552 took 144.445379s
Growth rate = 0.292402, qflux = 5.269382 for point 0.139388, aspect 7.991556, quasisymmetry = 0.744931 and iota -1.186550 took 144.700669s
Growth rate = 0.297762, qflux = 5.259552 for point 0.146122, aspect 7.993124, quasisymmetry = 0.518784 and iota -1.196296 took 144.656823s
Growth rate = 0.303058, qflux = 5.340111 for point 0.152857, aspect 7.994691, quasisymmetry = 0.335476 and iota -1.205796 took 145.035616s
Growth rate = 0.308256, qflux = 5.609476 for point 0.159592, aspect 7.996259, quasisymmetry = 0.195060 and iota -1.215054 took 144.929200s
Growth rate = 0.313337, qflux = 5.934191 for point 0.166327, aspect 7.997826, quasisymmetry = 0.097808 and iota -1.224077 took 144.674537s
Growth rate = 0.318273, qflux = 5.721383 for point 0.173061, aspect 7.999394, quasisymmetry = 0.044225 and iota -1.232867 took 145.447181s
Growth rate = 0.323074, qflux = 5.439841 for point 0.179796, aspect 8.000962, quasisymmetry = 0.035030 and iota -1.241432 took 144.637158s
Growth rate = 0.327695, qflux = 5.305494 for point 0.186531, aspect 8.002529, quasisymmetry = 0.071181 and iota -1.249777 took 144.984217s
Growth rate = 0.332145, qflux = 5.194279 for point 0.193265, aspect 8.004097, quasisymmetry = 0.153889 and iota -1.257908 took 144.671368s
Growth rate = 0.336401, qflux = 5.389835 for point 0.200000, aspect 8.005664, quasisymmetry = 0.284616 and iota -1.265829 took 144.612972s
[Errno 2] No such file or directory: '/m100/home/userexternal/rjorge00/some_optimizations/GX_SIMSOPT/test_optimization_nfp4_QH/convert_VMEC_to_GX'
[Errno 2] No such file or directory: 'opt_dofs_loss.csv'
./test_search_global_minimum.py:164: UserWarning: Data has no positive values, and therefore cannot be log-scaled.
  plt.xscale('log')
./test_search_global_minimum.py:142: MatplotlibDeprecationWarning: Auto-removal of overlapping axes is deprecated since 3.6 and will be removed two minor releases later; explicitly call ax.remove() as needed.
  plt.subplot(numRows, numCols, 1)
./test_search_global_minimum.py:164: UserWarning: Data has no positive values, and therefore cannot be log-scaled.
  plt.xscale('log')
./test_search_global_minimum.py:142: MatplotlibDeprecationWarning: Auto-removal of overlapping axes is deprecated since 3.6 and will be removed two minor releases later; explicitly call ax.remove() as needed.
  plt.subplot(numRows, numCols, 1)
./test_search_global_minimum.py:164: UserWarning: Data has no positive values, and therefore cannot be log-scaled.
  plt.xscale('log')
./test_search_global_minimum.py:142: MatplotlibDeprecationWarning: Auto-removal of overlapping axes is deprecated since 3.6 and will be removed two minor releases later; explicitly call ax.remove() as needed.
  plt.subplot(numRows, numCols, 1)
./test_search_global_minimum.py:164: UserWarning: Data has no positive values, and therefore cannot be log-scaled.
  plt.xscale('log')
./test_search_global_minimum.py:142: MatplotlibDeprecationWarning: Auto-removal of overlapping axes is deprecated since 3.6 and will be removed two minor releases later; explicitly call ax.remove() as needed.
  plt.subplot(numRows, numCols, 1)
./test_search_global_minimum.py:164: UserWarning: Data has no positive values, and therefore cannot be log-scaled.
  plt.xscale('log')
./test_search_global_minimum.py:142: MatplotlibDeprecationWarning: Auto-removal of overlapping axes is deprecated since 3.6 and will be removed two minor releases later; explicitly call ax.remove() as needed.
  plt.subplot(numRows, numCols, 1)
./test_search_global_minimum.py:164: UserWarning: Data has no positive values, and therefore cannot be log-scaled.
  plt.xscale('log')
./test_search_global_minimum.py:142: MatplotlibDeprecationWarning: Auto-removal of overlapping axes is deprecated since 3.6 and will be removed two minor releases later; explicitly call ax.remove() as needed.
  plt.subplot(numRows, numCols, 1)
./test_search_global_minimum.py:164: UserWarning: Data has no positive values, and therefore cannot be log-scaled.
  plt.xscale('log')
./test_search_global_minimum.py:142: MatplotlibDeprecationWarning: Auto-removal of overlapping axes is deprecated since 3.6 and will be removed two minor releases later; explicitly call ax.remove() as needed.
  plt.subplot(numRows, numCols, 1)
./test_search_global_minimum.py:164: UserWarning: Data has no positive values, and therefore cannot be log-scaled.
  plt.xscale('log')
./test_search_global_minimum.py:142: MatplotlibDeprecationWarning: Auto-removal of overlapping axes is deprecated since 3.6 and will be removed two minor releases later; explicitly call ax.remove() as needed.
  plt.subplot(numRows, numCols, 1)
./test_search_global_minimum.py:164: UserWarning: Data has no positive values, and therefore cannot be log-scaled.
  plt.xscale('log')
./test_search_global_minimum.py:142: MatplotlibDeprecationWarning: Auto-removal of overlapping axes is deprecated since 3.6 and will be removed two minor releases later; explicitly call ax.remove() as needed.
  plt.subplot(numRows, numCols, 1)
./test_search_global_minimum.py:164: UserWarning: Data has no positive values, and therefore cannot be log-scaled.
  plt.xscale('log')
./test_search_global_minimum.py:142: MatplotlibDeprecationWarning: Auto-removal of overlapping axes is deprecated since 3.6 and will be removed two minor releases later; explicitly call ax.remove() as needed.
  plt.subplot(numRows, numCols, 1)
./test_search_global_minimum.py:164: UserWarning: Data has no positive values, and therefore cannot be log-scaled.
  plt.xscale('log')
./test_search_global_minimum.py:142: MatplotlibDeprecationWarning: Auto-removal of overlapping axes is deprecated since 3.6 and will be removed two minor releases later; explicitly call ax.remove() as needed.
  plt.subplot(numRows, numCols, 1)
./test_search_global_minimum.py:164: UserWarning: Data has no positive values, and therefore cannot be log-scaled.
  plt.xscale('log')
./test_search_global_minimum.py:142: MatplotlibDeprecationWarning: Auto-removal of overlapping axes is deprecated since 3.6 and will be removed two minor releases later; explicitly call ax.remove() as needed.
  plt.subplot(numRows, numCols, 1)
./test_search_global_minimum.py:164: UserWarning: Data has no positive values, and therefore cannot be log-scaled.
  plt.xscale('log')
./test_search_global_minimum.py:142: MatplotlibDeprecationWarning: Auto-removal of overlapping axes is deprecated since 3.6 and will be removed two minor releases later; explicitly call ax.remove() as needed.
  plt.subplot(numRows, numCols, 1)
./test_search_global_minimum.py:164: UserWarning: Data has no positive values, and therefore cannot be log-scaled.
  plt.xscale('log')
./test_search_global_minimum.py:142: MatplotlibDeprecationWarning: Auto-removal of overlapping axes is deprecated since 3.6 and will be removed two minor releases later; explicitly call ax.remove() as needed.
  plt.subplot(numRows, numCols, 1)
./test_search_global_minimum.py:164: UserWarning: Data has no positive values, and therefore cannot be log-scaled.
  plt.xscale('log')
./test_search_global_minimum.py:142: MatplotlibDeprecationWarning: Auto-removal of overlapping axes is deprecated since 3.6 and will be removed two minor releases later; explicitly call ax.remove() as needed.
  plt.subplot(numRows, numCols, 1)
./test_search_global_minimum.py:164: UserWarning: Data has no positive values, and therefore cannot be log-scaled.
  plt.xscale('log')
./test_search_global_minimum.py:142: MatplotlibDeprecationWarning: Auto-removal of overlapping axes is deprecated since 3.6 and will be removed two minor releases later; explicitly call ax.remove() as needed.
  plt.subplot(numRows, numCols, 1)
./test_search_global_minimum.py:164: UserWarning: Data has no positive values, and therefore cannot be log-scaled.
  plt.xscale('log')
./test_search_global_minimum.py:142: MatplotlibDeprecationWarning: Auto-removal of overlapping axes is deprecated since 3.6 and will be removed two minor releases later; explicitly call ax.remove() as needed.
  plt.subplot(numRows, numCols, 1)
./test_search_global_minimum.py:164: UserWarning: Data has no positive values, and therefore cannot be log-scaled.
  plt.xscale('log')
./test_search_global_minimum.py:142: MatplotlibDeprecationWarning: Auto-removal of overlapping axes is deprecated since 3.6 and will be removed two minor releases later; explicitly call ax.remove() as needed.
  plt.subplot(numRows, numCols, 1)
./test_search_global_minimum.py:164: UserWarning: Data has no positive values, and therefore cannot be log-scaled.
  plt.xscale('log')
./test_search_global_minimum.py:142: MatplotlibDeprecationWarning: Auto-removal of overlapping axes is deprecated since 3.6 and will be removed two minor releases later; explicitly call ax.remove() as needed.
  plt.subplot(numRows, numCols, 1)
./test_search_global_minimum.py:164: UserWarning: Data has no positive values, and therefore cannot be log-scaled.
  plt.xscale('log')
./test_search_global_minimum.py:142: MatplotlibDeprecationWarning: Auto-removal of overlapping axes is deprecated since 3.6 and will be removed two minor releases later; explicitly call ax.remove() as needed.
  plt.subplot(numRows, numCols, 1)
./test_search_global_minimum.py:164: UserWarning: Data has no positive values, and therefore cannot be log-scaled.
  plt.xscale('log')
./test_search_global_minimum.py:142: MatplotlibDeprecationWarning: Auto-removal of overlapping axes is deprecated since 3.6 and will be removed two minor releases later; explicitly call ax.remove() as needed.
  plt.subplot(numRows, numCols, 1)
./test_search_global_minimum.py:164: UserWarning: Data has no positive values, and therefore cannot be log-scaled.
  plt.xscale('log')
./test_search_global_minimum.py:142: MatplotlibDeprecationWarning: Auto-removal of overlapping axes is deprecated since 3.6 and will be removed two minor releases later; explicitly call ax.remove() as needed.
  plt.subplot(numRows, numCols, 1)
./test_search_global_minimum.py:164: UserWarning: Data has no positive values, and therefore cannot be log-scaled.
  plt.xscale('log')
./test_search_global_minimum.py:142: MatplotlibDeprecationWarning: Auto-removal of overlapping axes is deprecated since 3.6 and will be removed two minor releases later; explicitly call ax.remove() as needed.
  plt.subplot(numRows, numCols, 1)
./test_search_global_minimum.py:164: UserWarning: Data has no positive values, and therefore cannot be log-scaled.
  plt.xscale('log')
./test_search_global_minimum.py:142: MatplotlibDeprecationWarning: Auto-removal of overlapping axes is deprecated since 3.6 and will be removed two minor releases later; explicitly call ax.remove() as needed.
  plt.subplot(numRows, numCols, 1)
./test_search_global_minimum.py:164: UserWarning: Data has no positive values, and therefore cannot be log-scaled.
  plt.xscale('log')
./test_search_global_minimum.py:142: MatplotlibDeprecationWarning: Auto-removal of overlapping axes is deprecated since 3.6 and will be removed two minor releases later; explicitly call ax.remove() as needed.
  plt.subplot(numRows, numCols, 1)
./test_search_global_minimum.py:164: UserWarning: Data has no positive values, and therefore cannot be log-scaled.
  plt.xscale('log')
./test_search_global_minimum.py:142: MatplotlibDeprecationWarning: Auto-removal of overlapping axes is deprecated since 3.6 and will be removed two minor releases later; explicitly call ax.remove() as needed.
  plt.subplot(numRows, numCols, 1)
./test_search_global_minimum.py:164: UserWarning: Data has no positive values, and therefore cannot be log-scaled.
  plt.xscale('log')
./test_search_global_minimum.py:142: MatplotlibDeprecationWarning: Auto-removal of overlapping axes is deprecated since 3.6 and will be removed two minor releases later; explicitly call ax.remove() as needed.
  plt.subplot(numRows, numCols, 1)
./test_search_global_minimum.py:164: UserWarning: Data has no positive values, and therefore cannot be log-scaled.
  plt.xscale('log')
./test_search_global_minimum.py:142: MatplotlibDeprecationWarning: Auto-removal of overlapping axes is deprecated since 3.6 and will be removed two minor releases later; explicitly call ax.remove() as needed.
  plt.subplot(numRows, numCols, 1)
./test_search_global_minimum.py:164: UserWarning: Data has no positive values, and therefore cannot be log-scaled.
  plt.xscale('log')
./test_search_global_minimum.py:142: MatplotlibDeprecationWarning: Auto-removal of overlapping axes is deprecated since 3.6 and will be removed two minor releases later; explicitly call ax.remove() as needed.
  plt.subplot(numRows, numCols, 1)
./test_search_global_minimum.py:164: UserWarning: Data has no positive values, and therefore cannot be log-scaled.
  plt.xscale('log')
./test_search_global_minimum.py:142: MatplotlibDeprecationWarning: Auto-removal of overlapping axes is deprecated since 3.6 and will be removed two minor releases later; explicitly call ax.remove() as needed.
  plt.subplot(numRows, numCols, 1)
./test_search_global_minimum.py:164: UserWarning: Data has no positive values, and therefore cannot be log-scaled.
  plt.xscale('log')
./test_search_global_minimum.py:142: MatplotlibDeprecationWarning: Auto-removal of overlapping axes is deprecated since 3.6 and will be removed two minor releases later; explicitly call ax.remove() as needed.
  plt.subplot(numRows, numCols, 1)
./test_search_global_minimum.py:164: UserWarning: Data has no positive values, and therefore cannot be log-scaled.
  plt.xscale('log')
./test_search_global_minimum.py:142: MatplotlibDeprecationWarning: Auto-removal of overlapping axes is deprecated since 3.6 and will be removed two minor releases later; explicitly call ax.remove() as needed.
  plt.subplot(numRows, numCols, 1)
./test_search_global_minimum.py:164: UserWarning: Data has no positive values, and therefore cannot be log-scaled.
  plt.xscale('log')
./test_search_global_minimum.py:142: MatplotlibDeprecationWarning: Auto-removal of overlapping axes is deprecated since 3.6 and will be removed two minor releases later; explicitly call ax.remove() as needed.
  plt.subplot(numRows, numCols, 1)
./test_search_global_minimum.py:164: UserWarning: Data has no positive values, and therefore cannot be log-scaled.
  plt.xscale('log')
./test_search_global_minimum.py:142: MatplotlibDeprecationWarning: Auto-removal of overlapping axes is deprecated since 3.6 and will be removed two minor releases later; explicitly call ax.remove() as needed.
  plt.subplot(numRows, numCols, 1)
./test_search_global_minimum.py:164: UserWarning: Data has no positive values, and therefore cannot be log-scaled.
  plt.xscale('log')
./test_search_global_minimum.py:142: MatplotlibDeprecationWarning: Auto-removal of overlapping axes is deprecated since 3.6 and will be removed two minor releases later; explicitly call ax.remove() as needed.
  plt.subplot(numRows, numCols, 1)
./test_search_global_minimum.py:164: UserWarning: Data has no positive values, and therefore cannot be log-scaled.
  plt.xscale('log')
./test_search_global_minimum.py:142: MatplotlibDeprecationWarning: Auto-removal of overlapping axes is deprecated since 3.6 and will be removed two minor releases later; explicitly call ax.remove() as needed.
  plt.subplot(numRows, numCols, 1)
./test_search_global_minimum.py:164: UserWarning: Data has no positive values, and therefore cannot be log-scaled.
  plt.xscale('log')
./test_search_global_minimum.py:142: MatplotlibDeprecationWarning: Auto-removal of overlapping axes is deprecated since 3.6 and will be removed two minor releases later; explicitly call ax.remove() as needed.
  plt.subplot(numRows, numCols, 1)
./test_search_global_minimum.py:164: UserWarning: Data has no positive values, and therefore cannot be log-scaled.
  plt.xscale('log')
./test_search_global_minimum.py:142: MatplotlibDeprecationWarning: Auto-removal of overlapping axes is deprecated since 3.6 and will be removed two minor releases later; explicitly call ax.remove() as needed.
  plt.subplot(numRows, numCols, 1)
./test_search_global_minimum.py:164: UserWarning: Data has no positive values, and therefore cannot be log-scaled.
  plt.xscale('log')
./test_search_global_minimum.py:142: MatplotlibDeprecationWarning: Auto-removal of overlapping axes is deprecated since 3.6 and will be removed two minor releases later; explicitly call ax.remove() as needed.
  plt.subplot(numRows, numCols, 1)
./test_search_global_minimum.py:164: UserWarning: Data has no positive values, and therefore cannot be log-scaled.
  plt.xscale('log')
./test_search_global_minimum.py:142: MatplotlibDeprecationWarning: Auto-removal of overlapping axes is deprecated since 3.6 and will be removed two minor releases later; explicitly call ax.remove() as needed.
  plt.subplot(numRows, numCols, 1)
./test_search_global_minimum.py:164: UserWarning: Data has no positive values, and therefore cannot be log-scaled.
  plt.xscale('log')
./test_search_global_minimum.py:142: MatplotlibDeprecationWarning: Auto-removal of overlapping axes is deprecated since 3.6 and will be removed two minor releases later; explicitly call ax.remove() as needed.
  plt.subplot(numRows, numCols, 1)
./test_search_global_minimum.py:164: UserWarning: Data has no positive values, and therefore cannot be log-scaled.
  plt.xscale('log')
./test_search_global_minimum.py:142: MatplotlibDeprecationWarning: Auto-removal of overlapping axes is deprecated since 3.6 and will be removed two minor releases later; explicitly call ax.remove() as needed.
  plt.subplot(numRows, numCols, 1)
./test_search_global_minimum.py:164: UserWarning: Data has no positive values, and therefore cannot be log-scaled.
  plt.xscale('log')
./test_search_global_minimum.py:142: MatplotlibDeprecationWarning: Auto-removal of overlapping axes is deprecated since 3.6 and will be removed two minor releases later; explicitly call ax.remove() as needed.
  plt.subplot(numRows, numCols, 1)
./test_search_global_minimum.py:164: UserWarning: Data has no positive values, and therefore cannot be log-scaled.
  plt.xscale('log')
./test_search_global_minimum.py:142: MatplotlibDeprecationWarning: Auto-removal of overlapping axes is deprecated since 3.6 and will be removed two minor releases later; explicitly call ax.remove() as needed.
  plt.subplot(numRows, numCols, 1)
./test_search_global_minimum.py:164: UserWarning: Data has no positive values, and therefore cannot be log-scaled.
  plt.xscale('log')
./test_search_global_minimum.py:142: MatplotlibDeprecationWarning: Auto-removal of overlapping axes is deprecated since 3.6 and will be removed two minor releases later; explicitly call ax.remove() as needed.
  plt.subplot(numRows, numCols, 1)
./test_search_global_minimum.py:164: UserWarning: Data has no positive values, and therefore cannot be log-scaled.
  plt.xscale('log')
./test_search_global_minimum.py:142: MatplotlibDeprecationWarning: Auto-removal of overlapping axes is deprecated since 3.6 and will be removed two minor releases later; explicitly call ax.remove() as needed.
  plt.subplot(numRows, numCols, 1)
./test_search_global_minimum.py:164: UserWarning: Data has no positive values, and therefore cannot be log-scaled.
  plt.xscale('log')
./test_search_global_minimum.py:142: MatplotlibDeprecationWarning: Auto-removal of overlapping axes is deprecated since 3.6 and will be removed two minor releases later; explicitly call ax.remove() as needed.
  plt.subplot(numRows, numCols, 1)
./test_search_global_minimum.py:164: UserWarning: Data has no positive values, and therefore cannot be log-scaled.
  plt.xscale('log')
./test_search_global_minimum.py:142: MatplotlibDeprecationWarning: Auto-removal of overlapping axes is deprecated since 3.6 and will be removed two minor releases later; explicitly call ax.remove() as needed.
  plt.subplot(numRows, numCols, 1)
./test_search_global_minimum.py:164: UserWarning: Data has no positive values, and therefore cannot be log-scaled.
  plt.xscale('log')
./test_search_global_minimum.py:142: MatplotlibDeprecationWarning: Auto-removal of overlapping axes is deprecated since 3.6 and will be removed two minor releases later; explicitly call ax.remove() as needed.
  plt.subplot(numRows, numCols, 1)
./test_search_global_minimum.py:164: UserWarning: Data has no positive values, and therefore cannot be log-scaled.
  plt.xscale('log')
