perl: warning: Setting locale failed.
perl: warning: Please check that your locale settings:
	LANGUAGE = (unset),
	LC_ALL = (unset),
	LC_CTYPE = "UTF-8",
	LANG = "en_US.UTF-8"
    are supported and installed on your system.
perl: warning: Falling back to a fallback locale ("en_US.UTF-8").
Initial aspect ratio: 7.054968603286797
Initial mean iota: -1.0714193066109694
Initial magnetic well: -0.1765797982001781
Initial heat flux: 0.01425620109769939
## Now calculating total objective function ##
14:19:50 - Heat flux = 0.014256 with aspect ratio=7.054969 took 11.349157s
Total objective before optimization: 0.23798765614321826
-------------------------
Optimizing with max_mode = 3
-------------------------
14:20:02 - Heat flux = 0.014256 with aspect ratio=7.054969 took 11.363807s
14:20:15 - Heat flux = 0.014256 with aspect ratio=7.054969 took 11.452419s
14:20:28 - Heat flux = 0.014256 with aspect ratio=7.054969 took 11.396258s
14:20:40 - Heat flux = 0.014256 with aspect ratio=7.054968 took 11.449693s
14:20:53 - Heat flux = 0.014256 with aspect ratio=7.054969 took 11.364562s
14:21:05 - Heat flux = 0.014256 with aspect ratio=7.054969 took 11.303531s
14:21:18 - Heat flux = 0.014256 with aspect ratio=7.054969 took 11.412134s
14:21:30 - Heat flux = 0.014257 with aspect ratio=7.054969 took 11.410352s
14:21:43 - Heat flux = 0.014270 with aspect ratio=7.054954 took 11.470720s
14:21:55 - Heat flux = 0.014272 with aspect ratio=7.054919 took 11.483754s
14:22:08 - Heat flux = 0.014257 with aspect ratio=7.054969 took 11.439514s
14:22:20 - Heat flux = 0.014256 with aspect ratio=7.054969 took 11.326365s
14:22:33 - Heat flux = 0.014256 with aspect ratio=7.054969 took 11.756344s
14:22:46 - Heat flux = 0.014256 with aspect ratio=7.054969 took 11.409425s
14:22:58 - Heat flux = 0.014256 with aspect ratio=7.054968 took 11.436522s
14:23:10 - Heat flux = 0.014256 with aspect ratio=7.054969 took 11.346046s
14:23:23 - Heat flux = 0.014257 with aspect ratio=7.054969 took 11.459280s
14:23:35 - Heat flux = 0.014257 with aspect ratio=7.054969 took 11.318327s
14:23:48 - Heat flux = 0.014256 with aspect ratio=7.054969 took 11.433787s
14:24:00 - Heat flux = 0.014256 with aspect ratio=7.054969 took 11.352458s
14:24:13 - Heat flux = 0.014256 with aspect ratio=7.054969 took 11.421031s
14:24:25 - Heat flux = 0.014257 with aspect ratio=7.054969 took 11.414412s
14:24:38 - Heat flux = 0.014257 with aspect ratio=7.054969 took 11.449250s
14:24:50 - Heat flux = 0.014257 with aspect ratio=7.054969 took 11.439271s
14:25:03 - Heat flux = 0.014256 with aspect ratio=7.054969 took 11.426652s
14:25:15 - Heat flux = 0.014256 with aspect ratio=7.054969 took 11.350553s
14:25:28 - Heat flux = 0.014256 with aspect ratio=7.054969 took 11.344396s
14:25:40 - Heat flux = 0.014255 with aspect ratio=7.054969 took 11.503564s
14:25:53 - Heat flux = 0.014256 with aspect ratio=7.054969 took 11.356928s
14:26:05 - Heat flux = 0.014256 with aspect ratio=7.054969 took 11.767565s
14:26:18 - Heat flux = 0.014257 with aspect ratio=7.054969 took 11.463309s
14:26:30 - Heat flux = 0.014256 with aspect ratio=7.054968 took 11.396715s
14:26:43 - Heat flux = 0.014260 with aspect ratio=7.054990 took 11.390554s
14:26:55 - Heat flux = 0.014251 with aspect ratio=7.054912 took 11.493998s
14:27:08 - Heat flux = 0.014257 with aspect ratio=7.054969 took 11.428275s
14:27:20 - Heat flux = 0.014256 with aspect ratio=7.054969 took 11.389722s
14:27:33 - Heat flux = 0.014256 with aspect ratio=7.054969 took 11.475478s
14:27:45 - Heat flux = 0.014257 with aspect ratio=7.054969 took 11.452441s
14:27:58 - Heat flux = 0.014256 with aspect ratio=7.054969 took 11.470324s
14:28:11 - Heat flux = 0.014256 with aspect ratio=7.054968 took 11.446281s
14:28:23 - Heat flux = 0.014256 with aspect ratio=7.054969 took 11.693637s
14:28:36 - Heat flux = 0.014257 with aspect ratio=7.054969 took 11.323175s
14:28:48 - Heat flux = 0.014256 with aspect ratio=7.054969 took 11.450690s
14:29:01 - Heat flux = 0.014256 with aspect ratio=7.054969 took 11.576204s
14:29:13 - Heat flux = 0.014256 with aspect ratio=7.054969 took 11.356779s
14:29:26 - Heat flux = 0.014256 with aspect ratio=7.054969 took 11.367883s
14:29:38 - Heat flux = 0.014257 with aspect ratio=7.054969 took 11.468230s
14:29:51 - Heat flux = 0.014256 with aspect ratio=7.054969 took 11.446081s
14:30:03 - Heat flux = 0.014256 with aspect ratio=7.054969 took 11.444501s
14:30:16 - Heat flux = 0.014256 with aspect ratio=7.054969 took 11.382106s
14:30:28 - Heat flux = 0.014256 with aspect ratio=7.054969 took 11.507251s
   Iteration     Total nfev        Cost      Cost reduction    Step norm     Optimality   
       0              1         1.1899e-01                                    5.83e+00    
Function evaluation failed for <bound method Vmec.aspect of Vmec1 (nfp=4 mpol=5 ntor=5)>
Function evaluation failed for <bound method Vmec.aspect of Vmec1 (nfp=4 mpol=5 ntor=5)>
14:30:43 - Heat flux = 0.006917 with aspect ratio=7.035029 took 11.396688s
14:30:56 - Heat flux = 0.006917 with aspect ratio=7.035029 took 11.384570s
14:31:08 - Heat flux = 0.006917 with aspect ratio=7.035029 took 11.429672s
14:31:21 - Heat flux = 0.006917 with aspect ratio=7.035029 took 11.438269s
14:31:33 - Heat flux = 0.006917 with aspect ratio=7.035029 took 11.512450s
14:31:46 - Heat flux = 0.006917 with aspect ratio=7.035029 took 11.505163s
14:31:59 - Heat flux = 0.006917 with aspect ratio=7.035030 took 11.444374s
14:32:11 - Heat flux = 0.006923 with aspect ratio=7.035016 took 11.442782s
14:32:24 - Heat flux = 0.006925 with aspect ratio=7.034980 took 11.506429s
14:32:36 - Heat flux = 0.006917 with aspect ratio=7.035030 took 11.392515s
14:32:49 - Heat flux = 0.006917 with aspect ratio=7.035029 took 11.626880s
14:33:01 - Heat flux = 0.006917 with aspect ratio=7.035029 took 11.361964s
14:33:14 - Heat flux = 0.006917 with aspect ratio=7.035029 took 11.448235s
14:33:26 - Heat flux = 0.006917 with aspect ratio=7.035029 took 11.449605s
14:33:39 - Heat flux = 0.006917 with aspect ratio=7.035029 took 11.433070s
14:33:51 - Heat flux = 0.006917 with aspect ratio=7.035030 took 11.449611s
14:34:04 - Heat flux = 0.006917 with aspect ratio=7.035029 took 11.371878s
14:34:16 - Heat flux = 0.006917 with aspect ratio=7.035029 took 11.418268s
14:34:29 - Heat flux = 0.006917 with aspect ratio=7.035029 took 11.510429s
14:34:41 - Heat flux = 0.006917 with aspect ratio=7.035029 took 11.375877s
14:34:54 - Heat flux = 0.006917 with aspect ratio=7.035029 took 11.299265s
14:35:06 - Heat flux = 0.006917 with aspect ratio=7.035029 took 11.703474s
14:35:19 - Heat flux = 0.006917 with aspect ratio=7.035029 took 11.338240s
14:35:31 - Heat flux = 0.006917 with aspect ratio=7.035029 took 11.355006s
14:35:43 - Heat flux = 0.006917 with aspect ratio=7.035029 took 11.375420s
14:35:56 - Heat flux = 0.006917 with aspect ratio=7.035029 took 11.381727s
14:36:09 - Heat flux = 0.006916 with aspect ratio=7.035029 took 11.568318s
14:36:21 - Heat flux = 0.006917 with aspect ratio=7.035029 took 11.412346s
14:36:33 - Heat flux = 0.006917 with aspect ratio=7.035029 took 11.391275s
14:36:46 - Heat flux = 0.006917 with aspect ratio=7.035029 took 11.463912s
14:36:58 - Heat flux = 0.006916 with aspect ratio=7.035029 took 11.414542s
14:37:11 - Heat flux = 0.006919 with aspect ratio=7.035050 took 11.413725s
14:37:23 - Heat flux = 0.006914 with aspect ratio=7.034974 took 11.440613s
14:37:36 - Heat flux = 0.006917 with aspect ratio=7.035030 took 11.471387s
14:37:49 - Heat flux = 0.006917 with aspect ratio=7.035029 took 11.522264s
14:38:01 - Heat flux = 0.006917 with aspect ratio=7.035029 took 11.352770s
14:38:14 - Heat flux = 0.006917 with aspect ratio=7.035029 took 11.617959s
14:38:26 - Heat flux = 0.006917 with aspect ratio=7.035029 took 11.399112s
14:38:39 - Heat flux = 0.006917 with aspect ratio=7.035029 took 11.674337s
14:38:51 - Heat flux = 0.006917 with aspect ratio=7.035030 took 11.403996s
14:39:04 - Heat flux = 0.006917 with aspect ratio=7.035029 took 11.420631s
14:39:16 - Heat flux = 0.006917 with aspect ratio=7.035029 took 11.432131s
14:39:29 - Heat flux = 0.006917 with aspect ratio=7.035029 took 11.408248s
14:39:41 - Heat flux = 0.006917 with aspect ratio=7.035029 took 11.343118s
14:39:54 - Heat flux = 0.006917 with aspect ratio=7.035030 took 11.483026s
14:40:06 - Heat flux = 0.006917 with aspect ratio=7.035029 took 11.380245s
14:40:19 - Heat flux = 0.006917 with aspect ratio=7.035029 took 11.316755s
14:40:31 - Heat flux = 0.006917 with aspect ratio=7.035029 took 11.412618s
14:40:44 - Heat flux = 0.006917 with aspect ratio=7.035029 took 11.526346s
14:40:56 - Heat flux = 0.006917 with aspect ratio=7.035029 took 11.744982s
       1              4         5.7476e-02      6.15e-02       1.28e-02       2.93e+00    
14:41:09 - Heat flux = 0.000474 with aspect ratio=7.011050 took 11.408410s
14:41:22 - Heat flux = 0.000474 with aspect ratio=7.011050 took 11.596305s
14:41:35 - Heat flux = 0.000474 with aspect ratio=7.011050 took 11.426781s
14:41:47 - Heat flux = 0.000474 with aspect ratio=7.011050 took 11.341497s
14:41:59 - Heat flux = 0.000474 with aspect ratio=7.011050 took 11.393409s
14:42:12 - Heat flux = 0.000474 with aspect ratio=7.011050 took 11.530580s
14:42:24 - Heat flux = 0.000474 with aspect ratio=7.011050 took 11.398841s
14:42:37 - Heat flux = 0.000474 with aspect ratio=7.011040 took 11.454487s
14:42:49 - Heat flux = 0.000475 with aspect ratio=7.011004 took 11.441633s
14:43:01 - Heat flux = 0.000474 with aspect ratio=7.011051 took 11.494191s
14:43:14 - Heat flux = 0.000474 with aspect ratio=7.011050 took 11.577989s
14:43:26 - Heat flux = 0.000474 with aspect ratio=7.011050 took 11.403530s
14:43:39 - Heat flux = 0.000474 with aspect ratio=7.011050 took 11.365820s
14:43:51 - Heat flux = 0.000474 with aspect ratio=7.011051 took 11.434987s
14:44:04 - Heat flux = 0.000474 with aspect ratio=7.011050 took 11.421245s
14:44:16 - Heat flux = 0.000474 with aspect ratio=7.011051 took 11.279873s
14:44:29 - Heat flux = 0.000474 with aspect ratio=7.011050 took 11.776146s
14:44:41 - Heat flux = 0.000474 with aspect ratio=7.011050 took 11.374796s
14:44:54 - Heat flux = 0.000474 with aspect ratio=7.011050 took 11.545678s
14:45:06 - Heat flux = 0.000474 with aspect ratio=7.011050 took 11.677448s
14:45:19 - Heat flux = 0.000474 with aspect ratio=7.011050 took 11.487233s
14:45:31 - Heat flux = 0.000474 with aspect ratio=7.011050 took 11.465128s
14:45:43 - Heat flux = 0.000474 with aspect ratio=7.011050 took 11.366396s
14:45:56 - Heat flux = 0.000474 with aspect ratio=7.011050 took 11.350532s
14:46:08 - Heat flux = 0.000474 with aspect ratio=7.011050 took 11.730898s
14:46:21 - Heat flux = 0.000474 with aspect ratio=7.011050 took 11.489601s
14:46:33 - Heat flux = 0.000474 with aspect ratio=7.011050 took 11.429243s
14:46:46 - Heat flux = 0.000474 with aspect ratio=7.011050 took 11.430429s
14:46:58 - Heat flux = 0.000474 with aspect ratio=7.011050 took 11.465735s
14:47:11 - Heat flux = 0.000474 with aspect ratio=7.011050 took 11.345148s
14:47:23 - Heat flux = 0.000474 with aspect ratio=7.011050 took 11.462134s
14:47:36 - Heat flux = 0.000474 with aspect ratio=7.011069 took 11.573124s
14:47:48 - Heat flux = 0.000474 with aspect ratio=7.010996 took 11.440589s
14:48:01 - Heat flux = 0.000474 with aspect ratio=7.011051 took 11.800692s
14:48:13 - Heat flux = 0.000474 with aspect ratio=7.011050 took 11.415399s
14:48:25 - Heat flux = 0.000474 with aspect ratio=7.011050 took 11.342458s
14:48:38 - Heat flux = 0.000474 with aspect ratio=7.011050 took 11.322135s
14:48:50 - Heat flux = 0.000474 with aspect ratio=7.011050 took 11.396861s
14:49:03 - Heat flux = 0.000474 with aspect ratio=7.011049 took 11.479036s
14:49:15 - Heat flux = 0.000474 with aspect ratio=7.011051 took 11.735526s
14:49:28 - Heat flux = 0.000474 with aspect ratio=7.011050 took 11.614037s
14:49:40 - Heat flux = 0.000474 with aspect ratio=7.011050 took 11.452896s
14:49:53 - Heat flux = 0.000474 with aspect ratio=7.011050 took 11.409847s
14:50:05 - Heat flux = 0.000474 with aspect ratio=7.011050 took 11.381621s
14:50:18 - Heat flux = 0.000474 with aspect ratio=7.011051 took 11.555984s
14:50:30 - Heat flux = 0.000474 with aspect ratio=7.011050 took 11.444108s
14:50:42 - Heat flux = 0.000474 with aspect ratio=7.011050 took 11.312374s
14:50:55 - Heat flux = 0.000474 with aspect ratio=7.011050 took 11.441960s
14:51:07 - Heat flux = 0.000474 with aspect ratio=7.011050 took 11.441777s
14:51:20 - Heat flux = 0.000474 with aspect ratio=7.011050 took 11.518853s
       2              5         3.7330e-02      2.01e-02       2.56e-02       3.46e+01    
14:51:32 - Heat flux = 0.033498 with aspect ratio=7.000077 took 10.709996s
14:51:44 - Heat flux = 0.033498 with aspect ratio=7.000077 took 10.697455s
14:51:55 - Heat flux = 0.033504 with aspect ratio=7.000077 took 10.599389s
14:52:07 - Heat flux = 0.033497 with aspect ratio=7.000077 took 10.659593s
14:52:19 - Heat flux = 0.033498 with aspect ratio=7.000077 took 10.578660s
14:52:30 - Heat flux = 0.033498 with aspect ratio=7.000077 took 10.668864s
14:52:42 - Heat flux = 0.033496 with aspect ratio=7.000077 took 10.620379s
14:52:54 - Heat flux = 0.033492 with aspect ratio=7.000068 took 10.593467s
14:53:05 - Heat flux = 0.033508 with aspect ratio=7.000032 took 10.565250s
14:53:17 - Heat flux = 0.033500 with aspect ratio=7.000077 took 10.805426s
14:53:29 - Heat flux = 0.033497 with aspect ratio=7.000077 took 10.621508s
14:53:41 - Heat flux = 0.033499 with aspect ratio=7.000077 took 11.029349s
14:53:52 - Heat flux = 0.033498 with aspect ratio=7.000077 took 10.608874s
14:54:04 - Heat flux = 0.033499 with aspect ratio=7.000077 took 10.626894s
14:54:15 - Heat flux = 0.033499 with aspect ratio=7.000076 took 10.570718s
14:54:27 - Heat flux = 0.033499 with aspect ratio=7.000077 took 10.690853s
14:54:39 - Heat flux = 0.033497 with aspect ratio=7.000077 took 10.687540s
14:54:50 - Heat flux = 0.033497 with aspect ratio=7.000077 took 10.672932s
14:55:02 - Heat flux = 0.033498 with aspect ratio=7.000077 took 10.598545s
14:55:14 - Heat flux = 0.033498 with aspect ratio=7.000077 took 10.590763s
14:55:25 - Heat flux = 0.033498 with aspect ratio=7.000077 took 10.736770s
14:55:37 - Heat flux = 0.033495 with aspect ratio=7.000077 took 10.911510s
14:55:49 - Heat flux = 0.033499 with aspect ratio=7.000077 took 10.651607s
14:56:01 - Heat flux = 0.033498 with aspect ratio=7.000077 took 10.692490s
14:56:12 - Heat flux = 0.033497 with aspect ratio=7.000077 took 10.742344s
14:56:24 - Heat flux = 0.033497 with aspect ratio=7.000077 took 10.659873s
14:56:36 - Heat flux = 0.033508 with aspect ratio=7.000077 took 10.775329s
14:56:47 - Heat flux = 0.033497 with aspect ratio=7.000077 took 10.596485s
14:56:59 - Heat flux = 0.033499 with aspect ratio=7.000077 took 10.544739s
14:57:11 - Heat flux = 0.033499 with aspect ratio=7.000077 took 10.758212s
14:57:22 - Heat flux = 0.033494 with aspect ratio=7.000077 took 10.647203s
14:57:34 - Heat flux = 0.033537 with aspect ratio=7.000095 took 10.831300s
14:57:46 - Heat flux = 0.033442 with aspect ratio=7.000024 took 10.659390s
14:57:58 - Heat flux = 0.033502 with aspect ratio=7.000077 took 10.606567s
14:58:09 - Heat flux = 0.033496 with aspect ratio=7.000077 took 10.684327s
14:58:21 - Heat flux = 0.033498 with aspect ratio=7.000077 took 10.706681s
14:58:33 - Heat flux = 0.033499 with aspect ratio=7.000077 took 10.646106s
14:58:44 - Heat flux = 0.033496 with aspect ratio=7.000076 took 10.699470s
14:58:56 - Heat flux = 0.033499 with aspect ratio=7.000075 took 10.573577s
14:59:08 - Heat flux = 0.033498 with aspect ratio=7.000077 took 10.654429s
14:59:19 - Heat flux = 0.033498 with aspect ratio=7.000077 took 10.768470s
14:59:31 - Heat flux = 0.033498 with aspect ratio=7.000077 took 10.677254s
14:59:43 - Heat flux = 0.033498 with aspect ratio=7.000077 took 10.582273s
14:59:54 - Heat flux = 0.033497 with aspect ratio=7.000077 took 10.748994s
15:00:06 - Heat flux = 0.033499 with aspect ratio=7.000077 took 10.462542s
15:00:17 - Heat flux = 0.033496 with aspect ratio=7.000077 took 10.606774s
15:00:29 - Heat flux = 0.033499 with aspect ratio=7.000077 took 10.700336s
15:00:41 - Heat flux = 0.033498 with aspect ratio=7.000077 took 10.628715s
15:00:52 - Heat flux = 0.033497 with aspect ratio=7.000077 took 10.644677s
15:01:04 - Heat flux = 0.033498 with aspect ratio=7.000077 took 10.709727s
       3              6         1.3438e-02      2.39e-02       2.56e-02       2.22e+01    
15:01:16 - Heat flux = 0.171178 with aspect ratio=6.980535 took 10.663091s
15:01:28 - Heat flux = 0.018741 with aspect ratio=6.999872 took 10.642901s
15:01:40 - Heat flux = 0.018741 with aspect ratio=6.999872 took 10.551231s
15:01:51 - Heat flux = 0.018745 with aspect ratio=6.999872 took 10.705029s
15:02:03 - Heat flux = 0.018741 with aspect ratio=6.999872 took 10.621810s
15:02:14 - Heat flux = 0.018742 with aspect ratio=6.999872 took 10.715468s
15:02:26 - Heat flux = 0.018742 with aspect ratio=6.999872 took 10.709391s
15:02:37 - Heat flux = 0.018740 with aspect ratio=6.999872 took 10.834255s
15:02:49 - Heat flux = 0.018737 with aspect ratio=6.999864 took 10.721482s
15:03:00 - Heat flux = 0.018745 with aspect ratio=6.999829 took 10.695761s
15:03:12 - Heat flux = 0.018742 with aspect ratio=6.999872 took 10.642278s
15:03:24 - Heat flux = 0.018741 with aspect ratio=6.999872 took 10.715961s
15:03:35 - Heat flux = 0.018742 with aspect ratio=6.999872 took 10.747846s
15:03:47 - Heat flux = 0.018742 with aspect ratio=6.999872 took 10.689197s
15:03:58 - Heat flux = 0.018742 with aspect ratio=6.999873 took 10.854727s
15:04:10 - Heat flux = 0.018742 with aspect ratio=6.999871 took 10.818678s
15:04:22 - Heat flux = 0.018742 with aspect ratio=6.999872 took 10.676849s
15:04:33 - Heat flux = 0.018741 with aspect ratio=6.999872 took 10.643853s
15:04:44 - Heat flux = 0.018741 with aspect ratio=6.999872 took 10.632428s
15:04:56 - Heat flux = 0.018741 with aspect ratio=6.999872 took 10.699606s
15:05:08 - Heat flux = 0.018742 with aspect ratio=6.999872 took 10.670560s
15:05:19 - Heat flux = 0.018741 with aspect ratio=6.999872 took 10.628447s
15:05:31 - Heat flux = 0.018740 with aspect ratio=6.999872 took 10.731772s
15:05:42 - Heat flux = 0.018742 with aspect ratio=6.999872 took 10.824465s
15:05:54 - Heat flux = 0.018742 with aspect ratio=6.999872 took 10.718212s
15:06:05 - Heat flux = 0.018741 with aspect ratio=6.999872 took 10.701195s
15:06:17 - Heat flux = 0.018741 with aspect ratio=6.999872 took 10.626636s
15:06:29 - Heat flux = 0.018747 with aspect ratio=6.999872 took 10.821337s
15:06:40 - Heat flux = 0.018741 with aspect ratio=6.999872 took 10.649162s
15:06:51 - Heat flux = 0.018742 with aspect ratio=6.999872 took 10.583955s
15:07:03 - Heat flux = 0.018742 with aspect ratio=6.999872 took 10.719306s
15:07:15 - Heat flux = 0.018739 with aspect ratio=6.999873 took 10.646101s
15:07:26 - Heat flux = 0.018762 with aspect ratio=6.999889 took 10.612957s
15:07:38 - Heat flux = 0.018713 with aspect ratio=6.999820 took 10.716960s
15:07:49 - Heat flux = 0.018744 with aspect ratio=6.999872 took 10.949987s
15:08:01 - Heat flux = 0.018741 with aspect ratio=6.999872 took 10.687434s
15:08:12 - Heat flux = 0.018742 with aspect ratio=6.999872 took 10.648446s
15:08:24 - Heat flux = 0.018742 with aspect ratio=6.999872 took 10.718037s
15:08:36 - Heat flux = 0.018740 with aspect ratio=6.999871 took 10.768780s
15:08:47 - Heat flux = 0.018742 with aspect ratio=6.999871 took 10.547980s
15:08:58 - Heat flux = 0.018741 with aspect ratio=6.999873 took 10.672650s
15:09:10 - Heat flux = 0.018741 with aspect ratio=6.999872 took 10.679071s
15:09:21 - Heat flux = 0.018742 with aspect ratio=6.999872 took 10.608889s
15:09:33 - Heat flux = 0.018742 with aspect ratio=6.999872 took 10.584911s
15:09:44 - Heat flux = 0.018741 with aspect ratio=6.999872 took 10.690733s
15:09:56 - Heat flux = 0.018742 with aspect ratio=6.999873 took 10.839201s
15:10:08 - Heat flux = 0.018740 with aspect ratio=6.999872 took 10.685616s
15:10:19 - Heat flux = 0.018742 with aspect ratio=6.999872 took 10.658405s
15:10:31 - Heat flux = 0.018742 with aspect ratio=6.999872 took 10.709244s
15:10:42 - Heat flux = 0.018741 with aspect ratio=6.999872 took 10.676710s
15:10:54 - Heat flux = 0.018742 with aspect ratio=6.999872 took 10.699532s
       4              8         3.7599e-03      9.68e-03       6.41e-03       4.66e+00    
15:11:06 - Heat flux = 0.006044 with aspect ratio=6.997244 took 10.755536s
15:11:17 - Heat flux = 0.006044 with aspect ratio=6.997244 took 10.637041s
15:11:29 - Heat flux = 0.006045 with aspect ratio=6.997244 took 10.612148s
15:11:40 - Heat flux = 0.006044 with aspect ratio=6.997244 took 10.633339s
15:11:52 - Heat flux = 0.006045 with aspect ratio=6.997244 took 10.570084s
15:12:03 - Heat flux = 0.006044 with aspect ratio=6.997244 took 10.740817s
15:12:15 - Heat flux = 0.006044 with aspect ratio=6.997243 took 10.868081s
15:12:26 - Heat flux = 0.006043 with aspect ratio=6.997237 took 10.805339s
15:12:38 - Heat flux = 0.006046 with aspect ratio=6.997202 took 10.673595s
15:12:49 - Heat flux = 0.006045 with aspect ratio=6.997244 took 10.737517s
15:13:01 - Heat flux = 0.006044 with aspect ratio=6.997244 took 10.683816s
15:13:12 - Heat flux = 0.006045 with aspect ratio=6.997244 took 10.659558s
15:13:24 - Heat flux = 0.006044 with aspect ratio=6.997244 took 10.740960s
15:13:35 - Heat flux = 0.006044 with aspect ratio=6.997244 took 10.619051s
15:13:47 - Heat flux = 0.006044 with aspect ratio=6.997242 took 10.740789s
15:13:58 - Heat flux = 0.006045 with aspect ratio=6.997244 took 10.667162s
15:14:10 - Heat flux = 0.006044 with aspect ratio=6.997244 took 10.639959s
15:14:21 - Heat flux = 0.006044 with aspect ratio=6.997244 took 11.003337s
15:14:33 - Heat flux = 0.006044 with aspect ratio=6.997244 took 10.713863s
15:14:44 - Heat flux = 0.006044 with aspect ratio=6.997244 took 10.665333s
15:14:56 - Heat flux = 0.006044 with aspect ratio=6.997244 took 10.596772s
15:15:07 - Heat flux = 0.006044 with aspect ratio=6.997244 took 10.771136s
15:15:19 - Heat flux = 0.006045 with aspect ratio=6.997244 took 10.719548s
15:15:30 - Heat flux = 0.006044 with aspect ratio=6.997244 took 10.744214s
15:15:42 - Heat flux = 0.006044 with aspect ratio=6.997244 took 10.695993s
15:15:53 - Heat flux = 0.006044 with aspect ratio=6.997244 took 10.712506s
15:16:05 - Heat flux = 0.006046 with aspect ratio=6.997244 took 10.696035s
15:16:17 - Heat flux = 0.006044 with aspect ratio=6.997244 took 10.861030s
15:16:28 - Heat flux = 0.006045 with aspect ratio=6.997244 took 10.979117s
15:16:40 - Heat flux = 0.006045 with aspect ratio=6.997244 took 10.718704s
15:16:51 - Heat flux = 0.006043 with aspect ratio=6.997244 took 10.668545s
15:17:03 - Heat flux = 0.006050 with aspect ratio=6.997260 took 10.582023s
15:17:14 - Heat flux = 0.006037 with aspect ratio=6.997194 took 10.683036s
15:17:26 - Heat flux = 0.006045 with aspect ratio=6.997244 took 10.680987s
15:17:37 - Heat flux = 0.006044 with aspect ratio=6.997244 took 10.756105s
15:17:48 - Heat flux = 0.006045 with aspect ratio=6.997244 took 10.520789s
15:18:00 - Heat flux = 0.006045 with aspect ratio=6.997244 took 10.676621s
15:18:11 - Heat flux = 0.006044 with aspect ratio=6.997243 took 10.659632s
15:18:23 - Heat flux = 0.006045 with aspect ratio=6.997241 took 10.719207s
15:18:34 - Heat flux = 0.006044 with aspect ratio=6.997244 took 10.623016s
15:18:46 - Heat flux = 0.006044 with aspect ratio=6.997244 took 10.758167s
15:18:57 - Heat flux = 0.006044 with aspect ratio=6.997244 took 10.636304s
15:19:09 - Heat flux = 0.006045 with aspect ratio=6.997244 took 10.700109s
15:19:20 - Heat flux = 0.006044 with aspect ratio=6.997244 took 10.730368s
15:19:32 - Heat flux = 0.006045 with aspect ratio=6.997244 took 10.542590s
15:19:43 - Heat flux = 0.006044 with aspect ratio=6.997244 took 10.723914s
15:19:55 - Heat flux = 0.006045 with aspect ratio=6.997244 took 10.591527s
15:20:06 - Heat flux = 0.006044 with aspect ratio=6.997244 took 10.651665s
15:20:18 - Heat flux = 0.006044 with aspect ratio=6.997244 took 10.699884s
15:20:29 - Heat flux = 0.006045 with aspect ratio=6.997244 took 10.601896s
       5              9         1.5244e-03      2.24e-03       1.28e-02       4.03e+00    
15:20:41 - Heat flux = 0.006352 with aspect ratio=6.986932 took 10.710089s
15:20:53 - Heat flux = 0.003277 with aspect ratio=6.998088 took 10.598889s
15:21:04 - Heat flux = 0.003277 with aspect ratio=6.998088 took 10.625016s
15:21:16 - Heat flux = 0.003277 with aspect ratio=6.998088 took 10.603633s
15:21:27 - Heat flux = 0.003277 with aspect ratio=6.998088 took 10.671375s
15:21:39 - Heat flux = 0.003277 with aspect ratio=6.998088 took 10.895586s
15:21:51 - Heat flux = 0.003277 with aspect ratio=6.998088 took 10.582580s
15:22:02 - Heat flux = 0.003277 with aspect ratio=6.998088 took 10.738133s
15:22:14 - Heat flux = 0.003277 with aspect ratio=6.998082 took 10.622911s
15:22:25 - Heat flux = 0.003278 with aspect ratio=6.998047 took 10.555332s
15:22:37 - Heat flux = 0.003277 with aspect ratio=6.998088 took 10.682744s
15:22:48 - Heat flux = 0.003277 with aspect ratio=6.998088 took 10.672566s
15:23:00 - Heat flux = 0.003277 with aspect ratio=6.998088 took 10.652785s
15:23:11 - Heat flux = 0.003277 with aspect ratio=6.998088 took 10.821408s
15:23:23 - Heat flux = 0.003277 with aspect ratio=6.998089 took 10.631002s
15:23:34 - Heat flux = 0.003277 with aspect ratio=6.998086 took 10.679734s
15:23:46 - Heat flux = 0.003277 with aspect ratio=6.998088 took 10.753247s
15:23:57 - Heat flux = 0.003277 with aspect ratio=6.998088 took 10.713727s
15:24:09 - Heat flux = 0.003277 with aspect ratio=6.998088 took 10.606164s
15:24:20 - Heat flux = 0.003277 with aspect ratio=6.998088 took 10.646437s
15:24:32 - Heat flux = 0.003277 with aspect ratio=6.998088 took 10.595194s
15:24:43 - Heat flux = 0.003277 with aspect ratio=6.998088 took 10.649438s
15:24:55 - Heat flux = 0.003277 with aspect ratio=6.998088 took 10.672398s
15:25:06 - Heat flux = 0.003277 with aspect ratio=6.998088 took 10.723995s
15:25:18 - Heat flux = 0.003277 with aspect ratio=6.998088 took 10.918587s
15:25:30 - Heat flux = 0.003277 with aspect ratio=6.998088 took 10.702111s
15:25:41 - Heat flux = 0.003277 with aspect ratio=6.998088 took 10.792361s
15:25:53 - Heat flux = 0.003278 with aspect ratio=6.998088 took 10.680069s
15:26:04 - Heat flux = 0.003277 with aspect ratio=6.998088 took 10.551312s
15:26:16 - Heat flux = 0.003277 with aspect ratio=6.998088 took 10.839137s
15:26:28 - Heat flux = 0.003277 with aspect ratio=6.998088 took 10.723045s
15:26:39 - Heat flux = 0.003276 with aspect ratio=6.998089 took 10.713668s
15:26:51 - Heat flux = 0.003280 with aspect ratio=6.998103 took 10.711305s
15:27:02 - Heat flux = 0.003274 with aspect ratio=6.998039 took 10.704417s
15:27:14 - Heat flux = 0.003278 with aspect ratio=6.998088 took 10.690495s
15:27:26 - Heat flux = 0.003277 with aspect ratio=6.998088 took 10.882579s
15:27:37 - Heat flux = 0.003277 with aspect ratio=6.998088 took 10.609051s
15:27:49 - Heat flux = 0.003277 with aspect ratio=6.998088 took 10.703403s
15:28:00 - Heat flux = 0.003277 with aspect ratio=6.998087 took 10.712007s
15:28:12 - Heat flux = 0.003277 with aspect ratio=6.998085 took 10.691646s
15:28:23 - Heat flux = 0.003277 with aspect ratio=6.998088 took 10.676469s
15:28:35 - Heat flux = 0.003277 with aspect ratio=6.998088 took 10.530759s
15:28:46 - Heat flux = 0.003277 with aspect ratio=6.998088 took 10.705976s
15:28:58 - Heat flux = 0.003277 with aspect ratio=6.998088 took 10.820578s
15:29:09 - Heat flux = 0.003277 with aspect ratio=6.998088 took 10.631514s
15:29:21 - Heat flux = 0.003277 with aspect ratio=6.998088 took 10.678407s
15:29:33 - Heat flux = 0.003277 with aspect ratio=6.998088 took 10.997981s
15:29:44 - Heat flux = 0.003277 with aspect ratio=6.998088 took 10.675932s
15:29:56 - Heat flux = 0.003277 with aspect ratio=6.998088 took 10.567802s
15:30:07 - Heat flux = 0.003277 with aspect ratio=6.998088 took 10.674833s
15:30:19 - Heat flux = 0.003277 with aspect ratio=6.998088 took 10.734349s
       6             11         8.9371e-04      6.31e-04       6.41e-03       1.37e+00    
15:30:31 - Heat flux = 0.002504 with aspect ratio=6.997047 took 10.764821s
15:30:43 - Heat flux = 0.002504 with aspect ratio=6.997047 took 10.736571s
15:30:54 - Heat flux = 0.002504 with aspect ratio=6.997047 took 10.563969s
15:31:06 - Heat flux = 0.002504 with aspect ratio=6.997047 took 10.858259s
15:31:17 - Heat flux = 0.002504 with aspect ratio=6.997047 took 10.716189s
15:31:29 - Heat flux = 0.002504 with aspect ratio=6.997047 took 10.988442s
15:31:41 - Heat flux = 0.002504 with aspect ratio=6.997047 took 10.792141s
15:31:52 - Heat flux = 0.002505 with aspect ratio=6.997042 took 10.665578s
15:32:04 - Heat flux = 0.002505 with aspect ratio=6.997008 took 10.555240s
15:32:15 - Heat flux = 0.002504 with aspect ratio=6.997047 took 10.589457s
15:32:27 - Heat flux = 0.002504 with aspect ratio=6.997047 took 10.623306s
15:32:38 - Heat flux = 0.002504 with aspect ratio=6.997047 took 10.660376s
15:32:49 - Heat flux = 0.002504 with aspect ratio=6.997047 took 10.573354s
15:33:01 - Heat flux = 0.002504 with aspect ratio=6.997047 took 10.800051s
15:33:13 - Heat flux = 0.002504 with aspect ratio=6.997044 took 10.710187s
15:33:24 - Heat flux = 0.002504 with aspect ratio=6.997047 took 10.608374s
15:33:35 - Heat flux = 0.002504 with aspect ratio=6.997047 took 10.572162s
15:33:47 - Heat flux = 0.002504 with aspect ratio=6.997047 took 10.957070s
15:33:59 - Heat flux = 0.002504 with aspect ratio=6.997047 took 10.612348s
15:34:10 - Heat flux = 0.002504 with aspect ratio=6.997047 took 10.653675s
15:34:22 - Heat flux = 0.002504 with aspect ratio=6.997047 took 10.734818s
15:34:33 - Heat flux = 0.002504 with aspect ratio=6.997047 took 10.618417s
15:34:44 - Heat flux = 0.002504 with aspect ratio=6.997047 took 10.601806s
15:34:56 - Heat flux = 0.002504 with aspect ratio=6.997047 took 10.675937s
15:35:07 - Heat flux = 0.002504 with aspect ratio=6.997047 took 10.580561s
15:35:19 - Heat flux = 0.002504 with aspect ratio=6.997047 took 10.671208s
15:35:30 - Heat flux = 0.002504 with aspect ratio=6.997047 took 10.711679s
15:35:42 - Heat flux = 0.002504 with aspect ratio=6.997047 took 10.705459s
15:35:53 - Heat flux = 0.002504 with aspect ratio=6.997047 took 10.731061s
15:36:05 - Heat flux = 0.002504 with aspect ratio=6.997047 took 10.592676s
15:36:16 - Heat flux = 0.002503 with aspect ratio=6.997048 took 10.641633s
15:36:28 - Heat flux = 0.002505 with aspect ratio=6.997061 took 10.674178s
15:36:39 - Heat flux = 0.002503 with aspect ratio=6.997000 took 10.708834s
15:36:51 - Heat flux = 0.002504 with aspect ratio=6.997047 took 10.641999s
15:37:02 - Heat flux = 0.002504 with aspect ratio=6.997047 took 10.586260s
15:37:14 - Heat flux = 0.002504 with aspect ratio=6.997047 took 10.688993s
15:37:25 - Heat flux = 0.002504 with aspect ratio=6.997047 took 10.593486s
15:37:37 - Heat flux = 0.002504 with aspect ratio=6.997047 took 10.642381s
15:37:48 - Heat flux = 0.002504 with aspect ratio=6.997044 took 10.695289s
15:38:00 - Heat flux = 0.002504 with aspect ratio=6.997047 took 10.705301s
15:38:11 - Heat flux = 0.002504 with aspect ratio=6.997047 took 10.834609s
15:38:23 - Heat flux = 0.002504 with aspect ratio=6.997047 took 10.736417s
15:38:34 - Heat flux = 0.002504 with aspect ratio=6.997047 took 10.592719s
15:38:46 - Heat flux = 0.002504 with aspect ratio=6.997047 took 10.532361s
15:38:57 - Heat flux = 0.002504 with aspect ratio=6.997047 took 10.640491s
15:39:09 - Heat flux = 0.002504 with aspect ratio=6.997047 took 10.749642s
15:39:20 - Heat flux = 0.002504 with aspect ratio=6.997047 took 10.775809s
15:39:32 - Heat flux = 0.002504 with aspect ratio=6.997047 took 10.614532s
15:39:43 - Heat flux = 0.002504 with aspect ratio=6.997047 took 10.677163s
15:39:55 - Heat flux = 0.002504 with aspect ratio=6.997047 took 10.687840s
       7             12         6.6197e-04      2.32e-04       1.28e-02       1.25e+00    
15:40:07 - Heat flux = 0.020073 with aspect ratio=6.995266 took 10.696663s
15:40:19 - Heat flux = 0.002507 with aspect ratio=6.999395 took 10.859594s
15:40:31 - Heat flux = 0.002507 with aspect ratio=6.999395 took 10.709327s
15:40:42 - Heat flux = 0.002507 with aspect ratio=6.999395 took 10.582528s
15:40:54 - Heat flux = 0.002507 with aspect ratio=6.999395 took 10.675809s
15:41:05 - Heat flux = 0.002507 with aspect ratio=6.999395 took 10.774811s
15:41:17 - Heat flux = 0.002507 with aspect ratio=6.999395 took 10.586741s
15:41:28 - Heat flux = 0.002507 with aspect ratio=6.999395 took 10.851516s
15:41:40 - Heat flux = 0.002508 with aspect ratio=6.999390 took 10.583365s
15:41:51 - Heat flux = 0.002508 with aspect ratio=6.999356 took 10.706535s
15:42:03 - Heat flux = 0.002507 with aspect ratio=6.999395 took 10.704394s
15:42:14 - Heat flux = 0.002507 with aspect ratio=6.999395 took 10.732691s
15:42:26 - Heat flux = 0.002507 with aspect ratio=6.999395 took 10.917722s
15:42:37 - Heat flux = 0.002507 with aspect ratio=6.999395 took 10.643943s
15:42:49 - Heat flux = 0.002507 with aspect ratio=6.999396 took 10.679043s
15:43:00 - Heat flux = 0.002507 with aspect ratio=6.999392 took 10.750849s
15:43:12 - Heat flux = 0.002507 with aspect ratio=6.999395 took 10.630423s
15:43:24 - Heat flux = 0.002507 with aspect ratio=6.999395 took 10.767205s
15:43:35 - Heat flux = 0.002507 with aspect ratio=6.999395 took 10.574318s
15:43:47 - Heat flux = 0.002507 with aspect ratio=6.999395 took 10.779162s
15:43:58 - Heat flux = 0.002507 with aspect ratio=6.999395 took 10.694037s
15:44:09 - Heat flux = 0.002507 with aspect ratio=6.999395 took 10.495759s
15:44:21 - Heat flux = 0.002507 with aspect ratio=6.999396 took 10.699841s
15:44:32 - Heat flux = 0.002507 with aspect ratio=6.999395 took 10.715977s
15:44:44 - Heat flux = 0.002507 with aspect ratio=6.999395 took 10.764545s
15:44:55 - Heat flux = 0.002507 with aspect ratio=6.999395 took 10.581306s
15:45:07 - Heat flux = 0.002507 with aspect ratio=6.999395 took 10.637056s
15:45:18 - Heat flux = 0.002507 with aspect ratio=6.999395 took 10.685841s
15:45:30 - Heat flux = 0.002507 with aspect ratio=6.999395 took 10.698173s
15:45:41 - Heat flux = 0.002507 with aspect ratio=6.999395 took 10.676551s
15:45:53 - Heat flux = 0.002507 with aspect ratio=6.999395 took 10.635560s
15:46:04 - Heat flux = 0.002506 with aspect ratio=6.999396 took 10.596728s
15:46:16 - Heat flux = 0.002508 with aspect ratio=6.999409 took 10.638563s
15:46:27 - Heat flux = 0.002506 with aspect ratio=6.999348 took 10.667455s
15:46:39 - Heat flux = 0.002507 with aspect ratio=6.999395 took 10.551055s
15:46:50 - Heat flux = 0.002507 with aspect ratio=6.999395 took 10.712181s
15:47:02 - Heat flux = 0.002507 with aspect ratio=6.999395 took 10.779223s
15:47:13 - Heat flux = 0.002507 with aspect ratio=6.999395 took 10.662263s
15:47:25 - Heat flux = 0.002507 with aspect ratio=6.999395 took 10.631048s
15:47:36 - Heat flux = 0.002507 with aspect ratio=6.999392 took 10.792676s
15:47:48 - Heat flux = 0.002507 with aspect ratio=6.999395 took 10.605897s
15:47:59 - Heat flux = 0.002507 with aspect ratio=6.999395 took 10.653032s
15:48:11 - Heat flux = 0.002507 with aspect ratio=6.999395 took 10.560942s
15:48:22 - Heat flux = 0.002507 with aspect ratio=6.999395 took 10.676399s
15:48:34 - Heat flux = 0.002507 with aspect ratio=6.999395 took 10.635452s
15:48:45 - Heat flux = 0.002507 with aspect ratio=6.999395 took 10.653815s
15:48:56 - Heat flux = 0.002507 with aspect ratio=6.999395 took 10.617932s
15:49:08 - Heat flux = 0.002507 with aspect ratio=6.999395 took 10.736152s
15:49:20 - Heat flux = 0.002507 with aspect ratio=6.999395 took 10.724071s
15:49:31 - Heat flux = 0.002507 with aspect ratio=6.999395 took 10.537824s
15:49:42 - Heat flux = 0.002507 with aspect ratio=6.999395 took 10.609783s
       8             14         5.2688e-04      1.35e-04       3.21e-03       5.41e-01    
15:49:54 - Heat flux = 0.002792 with aspect ratio=6.999919 took 10.789845s
15:50:06 - Heat flux = 0.002792 with aspect ratio=6.999919 took 10.663105s
15:50:18 - Heat flux = 0.002792 with aspect ratio=6.999920 took 10.661311s
15:50:29 - Heat flux = 0.002792 with aspect ratio=6.999919 took 10.659013s
15:50:40 - Heat flux = 0.002792 with aspect ratio=6.999919 took 10.496299s
15:50:52 - Heat flux = 0.002792 with aspect ratio=6.999919 took 10.657165s
15:51:03 - Heat flux = 0.002792 with aspect ratio=6.999919 took 10.618140s
15:51:15 - Heat flux = 0.002794 with aspect ratio=6.999915 took 10.677726s
15:51:26 - Heat flux = 0.002793 with aspect ratio=6.999881 took 10.883750s
15:51:38 - Heat flux = 0.002792 with aspect ratio=6.999919 took 10.664446s
15:51:49 - Heat flux = 0.002792 with aspect ratio=6.999919 took 10.630852s
15:52:01 - Heat flux = 0.002792 with aspect ratio=6.999919 took 10.732094s
15:52:12 - Heat flux = 0.002792 with aspect ratio=6.999919 took 10.687949s
15:52:24 - Heat flux = 0.002792 with aspect ratio=6.999920 took 10.669090s
15:52:35 - Heat flux = 0.002792 with aspect ratio=6.999916 took 10.597681s
15:52:47 - Heat flux = 0.002792 with aspect ratio=6.999920 took 10.665084s
15:52:58 - Heat flux = 0.002792 with aspect ratio=6.999919 took 10.647384s
15:53:10 - Heat flux = 0.002792 with aspect ratio=6.999919 took 10.684671s
15:53:21 - Heat flux = 0.002792 with aspect ratio=6.999919 took 10.617711s
15:53:33 - Heat flux = 0.002792 with aspect ratio=6.999919 took 10.633952s
15:53:44 - Heat flux = 0.002792 with aspect ratio=6.999919 took 10.779533s
15:53:56 - Heat flux = 0.002792 with aspect ratio=6.999920 took 10.654080s
15:54:07 - Heat flux = 0.002792 with aspect ratio=6.999919 took 10.604850s
15:54:19 - Heat flux = 0.002792 with aspect ratio=6.999919 took 10.729843s
15:54:30 - Heat flux = 0.002792 with aspect ratio=6.999919 took 10.546264s
15:54:42 - Heat flux = 0.002792 with aspect ratio=6.999919 took 10.573111s
15:54:53 - Heat flux = 0.002792 with aspect ratio=6.999919 took 10.626457s
15:55:04 - Heat flux = 0.002792 with aspect ratio=6.999919 took 10.636142s
15:55:16 - Heat flux = 0.002792 with aspect ratio=6.999919 took 10.672372s
15:55:27 - Heat flux = 0.002792 with aspect ratio=6.999919 took 10.706204s
15:55:39 - Heat flux = 0.002791 with aspect ratio=6.999920 took 10.713347s
15:55:50 - Heat flux = 0.002793 with aspect ratio=6.999933 took 10.608224s
15:56:02 - Heat flux = 0.002791 with aspect ratio=6.999873 took 10.870871s
15:56:14 - Heat flux = 0.002792 with aspect ratio=6.999919 took 10.657256s
15:56:25 - Heat flux = 0.002792 with aspect ratio=6.999919 took 10.592317s
15:56:36 - Heat flux = 0.002792 with aspect ratio=6.999919 took 10.619967s
15:56:48 - Heat flux = 0.002792 with aspect ratio=6.999919 took 10.602920s
15:56:59 - Heat flux = 0.002792 with aspect ratio=6.999919 took 10.497980s
15:57:11 - Heat flux = 0.002792 with aspect ratio=6.999916 took 10.693271s
15:57:22 - Heat flux = 0.002792 with aspect ratio=6.999919 took 10.606785s
15:57:34 - Heat flux = 0.002792 with aspect ratio=6.999919 took 10.738271s
15:57:45 - Heat flux = 0.002792 with aspect ratio=6.999919 took 10.718483s
15:57:57 - Heat flux = 0.002792 with aspect ratio=6.999919 took 10.623520s
15:58:08 - Heat flux = 0.002792 with aspect ratio=6.999919 took 10.784159s
15:58:20 - Heat flux = 0.002792 with aspect ratio=6.999919 took 11.022555s
15:58:32 - Heat flux = 0.002792 with aspect ratio=6.999920 took 10.677343s
15:58:43 - Heat flux = 0.002792 with aspect ratio=6.999919 took 10.705573s
15:58:55 - Heat flux = 0.002792 with aspect ratio=6.999919 took 10.560659s
15:59:06 - Heat flux = 0.002792 with aspect ratio=6.999919 took 10.557812s
15:59:18 - Heat flux = 0.002792 with aspect ratio=6.999919 took 10.741891s
       9             15         4.8214e-04      4.47e-05       6.41e-03       4.71e-01    
15:59:29 - Heat flux = 0.004452 with aspect ratio=6.998726 took 10.625313s
15:59:41 - Heat flux = 0.002464 with aspect ratio=7.000295 took 10.635428s
15:59:53 - Heat flux = 0.002537 with aspect ratio=7.000535 took 10.656135s
16:00:05 - Heat flux = 0.002537 with aspect ratio=7.000535 took 10.676197s
16:00:17 - Heat flux = 0.002537 with aspect ratio=7.000535 took 10.848305s
16:00:28 - Heat flux = 0.002537 with aspect ratio=7.000535 took 10.575146s
16:00:40 - Heat flux = 0.002537 with aspect ratio=7.000535 took 10.630734s
16:00:51 - Heat flux = 0.002537 with aspect ratio=7.000535 took 10.779136s
16:01:03 - Heat flux = 0.002537 with aspect ratio=7.000534 took 10.640266s
16:01:14 - Heat flux = 0.002539 with aspect ratio=7.000530 took 10.657992s
16:01:26 - Heat flux = 0.002539 with aspect ratio=7.000496 took 10.657051s
16:01:37 - Heat flux = 0.002537 with aspect ratio=7.000535 took 10.690413s
16:01:49 - Heat flux = 0.002537 with aspect ratio=7.000535 took 10.727318s
16:02:00 - Heat flux = 0.002537 with aspect ratio=7.000535 took 10.742650s
16:02:12 - Heat flux = 0.002537 with aspect ratio=7.000535 took 10.779143s
16:02:23 - Heat flux = 0.002537 with aspect ratio=7.000535 took 10.764788s
16:02:35 - Heat flux = 0.002537 with aspect ratio=7.000532 took 10.736787s
16:02:46 - Heat flux = 0.002537 with aspect ratio=7.000535 took 10.677782s
16:02:58 - Heat flux = 0.002537 with aspect ratio=7.000535 took 10.688125s
16:03:09 - Heat flux = 0.002537 with aspect ratio=7.000535 took 10.658393s
16:03:21 - Heat flux = 0.002537 with aspect ratio=7.000535 took 10.693407s
16:03:32 - Heat flux = 0.002537 with aspect ratio=7.000535 took 10.764198s
16:03:44 - Heat flux = 0.002537 with aspect ratio=7.000534 took 10.576650s
16:03:55 - Heat flux = 0.002537 with aspect ratio=7.000535 took 10.750407s
16:04:07 - Heat flux = 0.002537 with aspect ratio=7.000535 took 10.716186s
16:04:18 - Heat flux = 0.002537 with aspect ratio=7.000535 took 10.668676s
16:04:30 - Heat flux = 0.002537 with aspect ratio=7.000535 took 10.632313s
16:04:41 - Heat flux = 0.002537 with aspect ratio=7.000535 took 10.615926s
16:04:53 - Heat flux = 0.002538 with aspect ratio=7.000535 took 10.842633s
16:05:04 - Heat flux = 0.002537 with aspect ratio=7.000535 took 10.556504s
16:05:16 - Heat flux = 0.002537 with aspect ratio=7.000535 took 10.727153s
16:05:27 - Heat flux = 0.002537 with aspect ratio=7.000535 took 10.791719s
16:05:39 - Heat flux = 0.002537 with aspect ratio=7.000535 took 10.684144s
16:05:51 - Heat flux = 0.002538 with aspect ratio=7.000548 took 11.819726s
16:06:03 - Heat flux = 0.002537 with aspect ratio=7.000489 took 10.652622s
16:06:14 - Heat flux = 0.002538 with aspect ratio=7.000535 took 10.642428s
16:06:26 - Heat flux = 0.002537 with aspect ratio=7.000535 took 10.641806s
16:06:37 - Heat flux = 0.002537 with aspect ratio=7.000535 took 10.785694s
16:06:49 - Heat flux = 0.002537 with aspect ratio=7.000535 took 10.807695s
16:07:00 - Heat flux = 0.002537 with aspect ratio=7.000534 took 10.615644s
16:07:12 - Heat flux = 0.002537 with aspect ratio=7.000531 took 10.712819s
16:07:23 - Heat flux = 0.002537 with aspect ratio=7.000535 took 10.574543s
16:07:35 - Heat flux = 0.002537 with aspect ratio=7.000535 took 10.624972s
16:07:46 - Heat flux = 0.002537 with aspect ratio=7.000535 took 10.645117s
16:07:58 - Heat flux = 0.002537 with aspect ratio=7.000535 took 10.727714s
16:08:09 - Heat flux = 0.002537 with aspect ratio=7.000535 took 10.638795s
16:08:21 - Heat flux = 0.002537 with aspect ratio=7.000535 took 10.771454s
16:08:32 - Heat flux = 0.002537 with aspect ratio=7.000535 took 10.597336s
16:08:44 - Heat flux = 0.002537 with aspect ratio=7.000535 took 10.637214s
16:08:55 - Heat flux = 0.002537 with aspect ratio=7.000535 took 10.585378s
16:09:07 - Heat flux = 0.002537 with aspect ratio=7.000535 took 10.905683s
16:09:18 - Heat flux = 0.002537 with aspect ratio=7.000535 took 10.747805s
      10             18         4.7861e-04      3.53e-06       4.01e-04       5.45e-02    
16:09:30 - Heat flux = 0.002548 with aspect ratio=7.000478 took 10.676322s
16:09:42 - Heat flux = 0.002548 with aspect ratio=7.000478 took 10.697796s
16:09:53 - Heat flux = 0.002548 with aspect ratio=7.000478 took 10.653059s
16:10:05 - Heat flux = 0.002548 with aspect ratio=7.000478 took 10.656465s
16:10:16 - Heat flux = 0.002548 with aspect ratio=7.000478 took 10.737458s
16:10:28 - Heat flux = 0.002548 with aspect ratio=7.000478 took 10.696763s
16:10:40 - Heat flux = 0.002548 with aspect ratio=7.000477 took 10.759709s
16:10:51 - Heat flux = 0.002549 with aspect ratio=7.000473 took 10.675611s
16:11:02 - Heat flux = 0.002549 with aspect ratio=7.000439 took 10.625349s
16:11:14 - Heat flux = 0.002548 with aspect ratio=7.000478 took 10.879792s
16:11:26 - Heat flux = 0.002548 with aspect ratio=7.000478 took 10.772531s
16:11:37 - Heat flux = 0.002548 with aspect ratio=7.000478 took 10.782786s
16:11:49 - Heat flux = 0.002548 with aspect ratio=7.000478 took 10.681492s
16:12:00 - Heat flux = 0.002548 with aspect ratio=7.000478 took 10.621602s
16:12:12 - Heat flux = 0.002548 with aspect ratio=7.000475 took 10.774376s
16:12:23 - Heat flux = 0.002548 with aspect ratio=7.000478 took 10.649478s
16:12:35 - Heat flux = 0.002548 with aspect ratio=7.000478 took 10.657505s
16:12:46 - Heat flux = 0.002548 with aspect ratio=7.000478 took 10.753726s
16:12:58 - Heat flux = 0.002548 with aspect ratio=7.000478 took 10.643608s
16:13:09 - Heat flux = 0.002548 with aspect ratio=7.000478 took 10.641926s
16:13:21 - Heat flux = 0.002548 with aspect ratio=7.000478 took 10.608072s
16:13:32 - Heat flux = 0.002548 with aspect ratio=7.000478 took 10.779079s
16:13:44 - Heat flux = 0.002548 with aspect ratio=7.000478 took 10.726974s
16:13:55 - Heat flux = 0.002548 with aspect ratio=7.000478 took 10.920491s
16:14:07 - Heat flux = 0.002548 with aspect ratio=7.000478 took 10.583115s
16:14:18 - Heat flux = 0.002548 with aspect ratio=7.000478 took 10.595190s
16:14:30 - Heat flux = 0.002548 with aspect ratio=7.000478 took 10.639181s
16:14:41 - Heat flux = 0.002548 with aspect ratio=7.000478 took 10.759602s
16:14:53 - Heat flux = 0.002548 with aspect ratio=7.000478 took 10.591334s
16:15:04 - Heat flux = 0.002548 with aspect ratio=7.000478 took 10.672622s
16:15:16 - Heat flux = 0.002547 with aspect ratio=7.000478 took 10.651508s
16:15:27 - Heat flux = 0.002549 with aspect ratio=7.000492 took 10.711532s
16:15:40 - Heat flux = 0.002547 with aspect ratio=7.000432 took 12.237260s
16:15:52 - Heat flux = 0.002548 with aspect ratio=7.000478 took 10.762771s
16:16:03 - Heat flux = 0.002548 with aspect ratio=7.000478 took 10.672100s
16:16:15 - Heat flux = 0.002548 with aspect ratio=7.000478 took 10.815078s
16:16:26 - Heat flux = 0.002548 with aspect ratio=7.000478 took 10.691355s
16:16:38 - Heat flux = 0.002548 with aspect ratio=7.000477 took 10.606907s
16:16:49 - Heat flux = 0.002548 with aspect ratio=7.000474 took 10.622197s
16:17:01 - Heat flux = 0.002548 with aspect ratio=7.000478 took 10.713329s
16:17:12 - Heat flux = 0.002548 with aspect ratio=7.000478 took 10.705798s
16:17:24 - Heat flux = 0.002548 with aspect ratio=7.000478 took 10.711225s
16:17:35 - Heat flux = 0.002548 with aspect ratio=7.000478 took 10.539299s
16:17:47 - Heat flux = 0.002548 with aspect ratio=7.000478 took 10.952725s
16:17:58 - Heat flux = 0.002548 with aspect ratio=7.000478 took 10.597076s
16:18:10 - Heat flux = 0.002548 with aspect ratio=7.000478 took 10.715424s
16:18:21 - Heat flux = 0.002548 with aspect ratio=7.000478 took 10.600065s
16:18:33 - Heat flux = 0.002548 with aspect ratio=7.000478 took 10.674765s
16:18:44 - Heat flux = 0.002548 with aspect ratio=7.000478 took 10.823629s
16:18:56 - Heat flux = 0.002548 with aspect ratio=7.000478 took 10.589137s
      11             19         4.7632e-04      2.29e-06       1.00e-04       1.04e-02    
16:19:08 - Heat flux = 0.002531 with aspect ratio=7.000449 took 10.772962s
16:19:20 - Heat flux = 0.002531 with aspect ratio=7.000449 took 10.777302s
16:19:31 - Heat flux = 0.002531 with aspect ratio=7.000449 took 10.652770s
16:19:43 - Heat flux = 0.002531 with aspect ratio=7.000449 took 10.599991s
16:19:54 - Heat flux = 0.002531 with aspect ratio=7.000449 took 10.848435s
16:20:06 - Heat flux = 0.002531 with aspect ratio=7.000449 took 10.594028s
16:20:17 - Heat flux = 0.002530 with aspect ratio=7.000449 took 10.699057s
16:20:29 - Heat flux = 0.002532 with aspect ratio=7.000444 took 10.728441s
16:20:40 - Heat flux = 0.002532 with aspect ratio=7.000411 took 10.652633s
16:20:52 - Heat flux = 0.002531 with aspect ratio=7.000449 took 10.638859s
16:21:03 - Heat flux = 0.002531 with aspect ratio=7.000449 took 10.577983s
16:21:14 - Heat flux = 0.002531 with aspect ratio=7.000449 took 10.617636s
16:21:26 - Heat flux = 0.002531 with aspect ratio=7.000449 took 10.598251s
16:21:37 - Heat flux = 0.002531 with aspect ratio=7.000449 took 10.761196s
16:21:49 - Heat flux = 0.002531 with aspect ratio=7.000446 took 10.652327s
16:22:00 - Heat flux = 0.002531 with aspect ratio=7.000449 took 10.724337s
16:22:12 - Heat flux = 0.002531 with aspect ratio=7.000449 took 10.956728s
16:22:24 - Heat flux = 0.002531 with aspect ratio=7.000449 took 10.623741s
16:22:35 - Heat flux = 0.002531 with aspect ratio=7.000449 took 10.702950s
16:22:46 - Heat flux = 0.002531 with aspect ratio=7.000449 took 10.602790s
16:22:58 - Heat flux = 0.002531 with aspect ratio=7.000449 took 10.751457s
16:23:09 - Heat flux = 0.002531 with aspect ratio=7.000449 took 10.542453s
16:23:21 - Heat flux = 0.002531 with aspect ratio=7.000449 took 10.752633s
16:23:32 - Heat flux = 0.002531 with aspect ratio=7.000449 took 10.647131s
16:23:44 - Heat flux = 0.002531 with aspect ratio=7.000449 took 10.692612s
16:23:55 - Heat flux = 0.002531 with aspect ratio=7.000449 took 10.636105s
16:24:07 - Heat flux = 0.002531 with aspect ratio=7.000449 took 10.810207s
16:24:19 - Heat flux = 0.002531 with aspect ratio=7.000449 took 10.896890s
16:24:30 - Heat flux = 0.002531 with aspect ratio=7.000449 took 10.832661s
16:24:42 - Heat flux = 0.002531 with aspect ratio=7.000449 took 10.750460s
16:24:53 - Heat flux = 0.002530 with aspect ratio=7.000449 took 10.563132s
16:25:05 - Heat flux = 0.002531 with aspect ratio=7.000463 took 10.613615s
16:25:16 - Heat flux = 0.002530 with aspect ratio=7.000403 took 10.677770s
16:25:28 - Heat flux = 0.002531 with aspect ratio=7.000449 took 10.745072s
16:25:39 - Heat flux = 0.002531 with aspect ratio=7.000449 took 10.741591s
16:25:51 - Heat flux = 0.002531 with aspect ratio=7.000449 took 10.787219s
16:26:02 - Heat flux = 0.002531 with aspect ratio=7.000449 took 10.721281s
16:26:14 - Heat flux = 0.002531 with aspect ratio=7.000449 took 10.721191s
16:26:25 - Heat flux = 0.002531 with aspect ratio=7.000445 took 10.794364s
16:26:37 - Heat flux = 0.002531 with aspect ratio=7.000449 took 10.959323s
16:26:49 - Heat flux = 0.002531 with aspect ratio=7.000449 took 10.634886s
16:27:00 - Heat flux = 0.002531 with aspect ratio=7.000449 took 10.619355s
16:27:12 - Heat flux = 0.002531 with aspect ratio=7.000449 took 10.700276s
16:27:23 - Heat flux = 0.002531 with aspect ratio=7.000449 took 10.738194s
16:27:35 - Heat flux = 0.002531 with aspect ratio=7.000449 took 10.764817s
16:27:46 - Heat flux = 0.002531 with aspect ratio=7.000449 took 10.667107s
16:27:58 - Heat flux = 0.002531 with aspect ratio=7.000449 took 10.629248s
16:28:09 - Heat flux = 0.002531 with aspect ratio=7.000449 took 10.627711s
16:28:21 - Heat flux = 0.002531 with aspect ratio=7.000449 took 10.717109s
16:28:32 - Heat flux = 0.002531 with aspect ratio=7.000449 took 10.728062s
      12             20         4.7569e-04      6.29e-07       1.00e-04       2.46e-02    
16:28:44 - Heat flux = 0.002521 with aspect ratio=7.000432 took 10.724940s
16:28:56 - Heat flux = 0.002521 with aspect ratio=7.000432 took 10.708308s
16:29:07 - Heat flux = 0.002521 with aspect ratio=7.000432 took 10.758301s
16:29:19 - Heat flux = 0.002521 with aspect ratio=7.000432 took 10.601905s
16:29:31 - Heat flux = 0.002521 with aspect ratio=7.000432 took 10.804120s
16:29:42 - Heat flux = 0.002521 with aspect ratio=7.000432 took 10.767809s
16:29:54 - Heat flux = 0.002521 with aspect ratio=7.000432 took 10.628263s
16:30:05 - Heat flux = 0.002523 with aspect ratio=7.000428 took 10.699067s
16:30:17 - Heat flux = 0.002522 with aspect ratio=7.000394 took 10.676657s
16:30:28 - Heat flux = 0.002521 with aspect ratio=7.000432 took 10.693064s
16:30:40 - Heat flux = 0.002521 with aspect ratio=7.000432 took 10.675416s
16:30:51 - Heat flux = 0.002521 with aspect ratio=7.000432 took 10.833071s
16:31:03 - Heat flux = 0.002521 with aspect ratio=7.000432 took 10.760756s
16:31:14 - Heat flux = 0.002521 with aspect ratio=7.000433 took 10.708679s
16:31:26 - Heat flux = 0.002521 with aspect ratio=7.000429 took 10.692653s
16:31:37 - Heat flux = 0.002521 with aspect ratio=7.000433 took 10.581674s
16:31:49 - Heat flux = 0.002521 with aspect ratio=7.000432 took 10.776195s
16:32:00 - Heat flux = 0.002521 with aspect ratio=7.000432 took 10.723106s
16:32:12 - Heat flux = 0.002521 with aspect ratio=7.000432 took 10.782378s
16:32:23 - Heat flux = 0.002521 with aspect ratio=7.000432 took 10.625739s
16:32:35 - Heat flux = 0.002521 with aspect ratio=7.000432 took 10.689202s
16:32:46 - Heat flux = 0.002521 with aspect ratio=7.000433 took 10.666349s
16:32:58 - Heat flux = 0.002521 with aspect ratio=7.000432 took 11.010811s
16:33:10 - Heat flux = 0.002521 with aspect ratio=7.000432 took 10.600080s
16:33:21 - Heat flux = 0.002521 with aspect ratio=7.000432 took 10.793980s
16:33:33 - Heat flux = 0.002521 with aspect ratio=7.000432 took 10.684402s
16:33:44 - Heat flux = 0.002521 with aspect ratio=7.000432 took 10.688911s
16:33:56 - Heat flux = 0.002521 with aspect ratio=7.000432 took 10.602666s
16:34:07 - Heat flux = 0.002521 with aspect ratio=7.000432 took 10.536386s
16:34:18 - Heat flux = 0.002521 with aspect ratio=7.000432 took 10.652602s
16:34:30 - Heat flux = 0.002520 with aspect ratio=7.000433 took 10.701247s
16:34:41 - Heat flux = 0.002522 with aspect ratio=7.000446 took 10.609415s
16:34:53 - Heat flux = 0.002521 with aspect ratio=7.000386 took 10.774241s
16:35:04 - Heat flux = 0.002522 with aspect ratio=7.000432 took 10.665208s
16:35:16 - Heat flux = 0.002521 with aspect ratio=7.000432 took 10.711778s
16:35:27 - Heat flux = 0.002521 with aspect ratio=7.000432 took 10.766227s
16:35:39 - Heat flux = 0.002521 with aspect ratio=7.000432 took 10.789706s
16:35:51 - Heat flux = 0.002521 with aspect ratio=7.000432 took 10.717231s
16:36:02 - Heat flux = 0.002521 with aspect ratio=7.000428 took 10.729160s
16:36:14 - Heat flux = 0.002521 with aspect ratio=7.000432 took 10.851343s
16:36:25 - Heat flux = 0.002521 with aspect ratio=7.000432 took 10.800764s
16:36:37 - Heat flux = 0.002521 with aspect ratio=7.000432 took 10.860129s
16:36:49 - Heat flux = 0.002521 with aspect ratio=7.000432 took 10.692334s
16:37:00 - Heat flux = 0.002521 with aspect ratio=7.000432 took 10.767159s
16:37:12 - Heat flux = 0.002521 with aspect ratio=7.000432 took 10.709223s
16:37:23 - Heat flux = 0.002521 with aspect ratio=7.000432 took 10.785481s
16:37:35 - Heat flux = 0.002521 with aspect ratio=7.000432 took 10.842777s
16:37:46 - Heat flux = 0.002521 with aspect ratio=7.000432 took 10.673156s
16:37:58 - Heat flux = 0.002521 with aspect ratio=7.000432 took 10.611468s
16:38:09 - Heat flux = 0.002521 with aspect ratio=7.000432 took 10.706252s
      13             21         4.7468e-04      1.01e-06       1.00e-04       1.72e-02    
16:38:21 - Heat flux = 0.002499 with aspect ratio=7.000407 took 10.735467s
16:38:33 - Heat flux = 0.002499 with aspect ratio=7.000407 took 10.759143s
16:38:45 - Heat flux = 0.002499 with aspect ratio=7.000407 took 10.651052s
16:38:56 - Heat flux = 0.002499 with aspect ratio=7.000407 took 10.626537s
16:39:07 - Heat flux = 0.002499 with aspect ratio=7.000407 took 10.691283s
16:39:19 - Heat flux = 0.002499 with aspect ratio=7.000407 took 10.626448s
16:39:31 - Heat flux = 0.002499 with aspect ratio=7.000407 took 10.928168s
16:39:42 - Heat flux = 0.002501 with aspect ratio=7.000403 took 10.783936s
16:39:54 - Heat flux = 0.002501 with aspect ratio=7.000369 took 10.708927s
16:40:05 - Heat flux = 0.002500 with aspect ratio=7.000407 took 10.753248s
16:40:17 - Heat flux = 0.002499 with aspect ratio=7.000407 took 10.746189s
16:40:28 - Heat flux = 0.002499 with aspect ratio=7.000407 took 10.668325s
16:40:40 - Heat flux = 0.002499 with aspect ratio=7.000407 took 10.689364s
16:40:51 - Heat flux = 0.002499 with aspect ratio=7.000407 took 10.544395s
16:41:03 - Heat flux = 0.002499 with aspect ratio=7.000404 took 10.705857s
16:41:14 - Heat flux = 0.002499 with aspect ratio=7.000407 took 10.853118s
16:41:26 - Heat flux = 0.002499 with aspect ratio=7.000407 took 10.650959s
16:41:38 - Heat flux = 0.002499 with aspect ratio=7.000407 took 10.877218s
16:41:49 - Heat flux = 0.002499 with aspect ratio=7.000407 took 10.723360s
16:42:01 - Heat flux = 0.002499 with aspect ratio=7.000407 took 10.697101s
16:42:12 - Heat flux = 0.002499 with aspect ratio=7.000407 took 10.715239s
16:42:24 - Heat flux = 0.002499 with aspect ratio=7.000407 took 10.704809s
16:42:35 - Heat flux = 0.002499 with aspect ratio=7.000407 took 10.807917s
16:42:47 - Heat flux = 0.002499 with aspect ratio=7.000407 took 10.646966s
16:42:58 - Heat flux = 0.002499 with aspect ratio=7.000407 took 10.687605s
16:43:10 - Heat flux = 0.002499 with aspect ratio=7.000407 took 10.721436s
16:43:21 - Heat flux = 0.002500 with aspect ratio=7.000407 took 10.741800s
16:43:33 - Heat flux = 0.002499 with aspect ratio=7.000407 took 10.664009s
16:43:44 - Heat flux = 0.002499 with aspect ratio=7.000407 took 10.777143s
16:43:56 - Heat flux = 0.002500 with aspect ratio=7.000407 took 10.699625s
16:44:07 - Heat flux = 0.002499 with aspect ratio=7.000408 took 10.667905s
16:44:19 - Heat flux = 0.002500 with aspect ratio=7.000421 took 10.681113s
16:44:30 - Heat flux = 0.002499 with aspect ratio=7.000361 took 10.690274s
16:44:42 - Heat flux = 0.002500 with aspect ratio=7.000407 took 10.797880s
16:44:54 - Heat flux = 0.002499 with aspect ratio=7.000407 took 10.822309s
16:45:05 - Heat flux = 0.002499 with aspect ratio=7.000407 took 10.754068s
16:45:17 - Heat flux = 0.002499 with aspect ratio=7.000407 took 10.781502s
16:45:28 - Heat flux = 0.002499 with aspect ratio=7.000407 took 10.728040s
16:45:40 - Heat flux = 0.002500 with aspect ratio=7.000403 took 10.745746s
16:45:52 - Heat flux = 0.002499 with aspect ratio=7.000407 took 10.707630s
16:46:03 - Heat flux = 0.002499 with aspect ratio=7.000407 took 10.793758s
16:46:15 - Heat flux = 0.002499 with aspect ratio=7.000407 took 10.815850s
16:46:26 - Heat flux = 0.002500 with aspect ratio=7.000407 took 10.779782s
16:46:38 - Heat flux = 0.002499 with aspect ratio=7.000407 took 10.718346s
16:46:49 - Heat flux = 0.002499 with aspect ratio=7.000407 took 10.628370s
16:47:01 - Heat flux = 0.002499 with aspect ratio=7.000407 took 10.709778s
16:47:13 - Heat flux = 0.002499 with aspect ratio=7.000407 took 11.484345s
16:47:25 - Heat flux = 0.002499 with aspect ratio=7.000407 took 10.724264s
16:47:36 - Heat flux = 0.002499 with aspect ratio=7.000407 took 10.696221s
16:47:48 - Heat flux = 0.002499 with aspect ratio=7.000407 took 10.749755s
      14             22         4.7242e-04      2.25e-06       1.00e-04       1.95e-02    
16:48:00 - Heat flux = 0.002469 with aspect ratio=7.000376 took 10.848060s
16:48:12 - Heat flux = 0.002469 with aspect ratio=7.000376 took 10.702651s
16:48:23 - Heat flux = 0.002469 with aspect ratio=7.000376 took 10.713439s
16:48:35 - Heat flux = 0.002469 with aspect ratio=7.000376 took 10.651284s
16:48:46 - Heat flux = 0.002469 with aspect ratio=7.000376 took 10.609885s
16:48:58 - Heat flux = 0.002469 with aspect ratio=7.000376 took 10.592845s
16:49:09 - Heat flux = 0.002469 with aspect ratio=7.000376 took 10.587907s
16:49:21 - Heat flux = 0.002470 with aspect ratio=7.000372 took 10.774232s
16:49:32 - Heat flux = 0.002470 with aspect ratio=7.000338 took 10.711353s
16:49:44 - Heat flux = 0.002469 with aspect ratio=7.000376 took 10.882195s
16:49:55 - Heat flux = 0.002469 with aspect ratio=7.000376 took 10.739171s
16:50:07 - Heat flux = 0.002469 with aspect ratio=7.000376 took 10.823017s
16:50:19 - Heat flux = 0.002469 with aspect ratio=7.000376 took 10.693797s
16:50:30 - Heat flux = 0.002469 with aspect ratio=7.000376 took 10.645172s
16:50:42 - Heat flux = 0.002469 with aspect ratio=7.000373 took 10.698798s
16:50:53 - Heat flux = 0.002469 with aspect ratio=7.000376 took 10.662358s
16:51:05 - Heat flux = 0.002469 with aspect ratio=7.000376 took 10.749737s
16:51:16 - Heat flux = 0.002469 with aspect ratio=7.000376 took 10.714561s
16:51:28 - Heat flux = 0.002469 with aspect ratio=7.000376 took 10.743587s
16:51:39 - Heat flux = 0.002469 with aspect ratio=7.000376 took 10.733299s
16:51:51 - Heat flux = 0.002469 with aspect ratio=7.000376 took 10.718899s
16:52:02 - Heat flux = 0.002469 with aspect ratio=7.000376 took 10.751845s
16:52:14 - Heat flux = 0.002469 with aspect ratio=7.000376 took 10.747718s
16:52:25 - Heat flux = 0.002469 with aspect ratio=7.000376 took 10.804420s
16:52:37 - Heat flux = 0.002469 with aspect ratio=7.000376 took 10.556607s
16:52:48 - Heat flux = 0.002469 with aspect ratio=7.000376 took 10.664249s
16:53:00 - Heat flux = 0.002469 with aspect ratio=7.000376 took 10.595292s
16:53:11 - Heat flux = 0.002469 with aspect ratio=7.000376 took 10.722641s
16:53:23 - Heat flux = 0.002469 with aspect ratio=7.000376 took 10.699166s
16:53:34 - Heat flux = 0.002469 with aspect ratio=7.000376 took 10.777999s
16:53:46 - Heat flux = 0.002468 with aspect ratio=7.000377 took 10.837017s
16:53:58 - Heat flux = 0.002470 with aspect ratio=7.000390 took 10.746696s
16:54:09 - Heat flux = 0.002468 with aspect ratio=7.000330 took 10.686747s
16:54:21 - Heat flux = 0.002469 with aspect ratio=7.000376 took 10.612305s
16:54:32 - Heat flux = 0.002469 with aspect ratio=7.000376 took 10.690571s
16:54:44 - Heat flux = 0.002469 with aspect ratio=7.000376 took 10.701191s
16:54:55 - Heat flux = 0.002469 with aspect ratio=7.000376 took 10.827249s
16:55:07 - Heat flux = 0.002469 with aspect ratio=7.000376 took 10.577333s
16:55:18 - Heat flux = 0.002469 with aspect ratio=7.000372 took 10.745978s
16:55:30 - Heat flux = 0.002469 with aspect ratio=7.000376 took 10.754627s
16:55:41 - Heat flux = 0.002469 with aspect ratio=7.000376 took 10.674136s
16:55:53 - Heat flux = 0.002469 with aspect ratio=7.000376 took 10.652036s
16:56:04 - Heat flux = 0.002469 with aspect ratio=7.000376 took 10.625984s
16:56:16 - Heat flux = 0.002469 with aspect ratio=7.000376 took 10.635285s
16:56:27 - Heat flux = 0.002469 with aspect ratio=7.000376 took 10.708889s
16:56:39 - Heat flux = 0.002469 with aspect ratio=7.000376 took 10.704127s
16:56:50 - Heat flux = 0.002469 with aspect ratio=7.000376 took 10.880886s
16:57:02 - Heat flux = 0.002469 with aspect ratio=7.000376 took 10.517923s
16:57:13 - Heat flux = 0.002469 with aspect ratio=7.000376 took 10.883494s
16:57:25 - Heat flux = 0.002469 with aspect ratio=7.000376 took 10.623387s
      15             23         4.7008e-04      2.34e-06       2.00e-04       1.31e-02    
16:57:37 - Heat flux = 0.002458 with aspect ratio=7.000325 took 10.661062s
16:57:49 - Heat flux = 0.002475 with aspect ratio=7.000338 took 10.726571s
16:58:00 - Heat flux = 0.002475 with aspect ratio=7.000338 took 10.657577s
16:58:12 - Heat flux = 0.002474 with aspect ratio=7.000339 took 10.733277s
16:58:23 - Heat flux = 0.002474 with aspect ratio=7.000338 took 10.736226s
16:58:35 - Heat flux = 0.002475 with aspect ratio=7.000338 took 10.668643s
16:58:47 - Heat flux = 0.002475 with aspect ratio=7.000338 took 10.813023s
16:58:58 - Heat flux = 0.002474 with aspect ratio=7.000338 took 10.673751s
16:59:10 - Heat flux = 0.002476 with aspect ratio=7.000334 took 10.685591s
16:59:21 - Heat flux = 0.002476 with aspect ratio=7.000300 took 10.695250s
16:59:33 - Heat flux = 0.002475 with aspect ratio=7.000338 took 10.679387s
16:59:44 - Heat flux = 0.002474 with aspect ratio=7.000338 took 10.686233s
16:59:56 - Heat flux = 0.002475 with aspect ratio=7.000338 took 10.706414s
17:00:07 - Heat flux = 0.002475 with aspect ratio=7.000338 took 10.547833s
17:00:18 - Heat flux = 0.002474 with aspect ratio=7.000339 took 10.671185s
17:00:30 - Heat flux = 0.002474 with aspect ratio=7.000335 took 10.624755s
17:00:41 - Heat flux = 0.002475 with aspect ratio=7.000339 took 10.827590s
17:00:53 - Heat flux = 0.002474 with aspect ratio=7.000338 took 10.792956s
17:01:05 - Heat flux = 0.002475 with aspect ratio=7.000338 took 10.746501s
17:01:16 - Heat flux = 0.002475 with aspect ratio=7.000338 took 10.763514s
17:01:28 - Heat flux = 0.002474 with aspect ratio=7.000338 took 10.940513s
17:01:39 - Heat flux = 0.002475 with aspect ratio=7.000338 took 10.782382s
17:01:51 - Heat flux = 0.002475 with aspect ratio=7.000339 took 10.623089s
17:02:02 - Heat flux = 0.002474 with aspect ratio=7.000338 took 10.768443s
17:02:14 - Heat flux = 0.002474 with aspect ratio=7.000338 took 10.687365s
17:02:26 - Heat flux = 0.002475 with aspect ratio=7.000338 took 10.753184s
17:02:37 - Heat flux = 0.002474 with aspect ratio=7.000338 took 10.719018s
17:02:49 - Heat flux = 0.002475 with aspect ratio=7.000338 took 10.673332s
17:03:00 - Heat flux = 0.002475 with aspect ratio=7.000338 took 10.614579s
17:03:12 - Heat flux = 0.002475 with aspect ratio=7.000338 took 10.805140s
17:03:23 - Heat flux = 0.002475 with aspect ratio=7.000338 took 10.819935s
17:03:35 - Heat flux = 0.002474 with aspect ratio=7.000339 took 10.663735s
17:03:46 - Heat flux = 0.002475 with aspect ratio=7.000352 took 10.615727s
17:03:58 - Heat flux = 0.002474 with aspect ratio=7.000292 took 10.683743s
17:04:09 - Heat flux = 0.002475 with aspect ratio=7.000338 took 10.762790s
17:04:21 - Heat flux = 0.002474 with aspect ratio=7.000338 took 10.678406s
17:04:32 - Heat flux = 0.002475 with aspect ratio=7.000338 took 10.636177s
17:04:44 - Heat flux = 0.002475 with aspect ratio=7.000338 took 10.804416s
17:04:55 - Heat flux = 0.002475 with aspect ratio=7.000338 took 10.586704s
17:05:07 - Heat flux = 0.002475 with aspect ratio=7.000335 took 10.654243s
17:05:18 - Heat flux = 0.002475 with aspect ratio=7.000338 took 10.651425s
17:05:29 - Heat flux = 0.002475 with aspect ratio=7.000338 took 10.522820s
17:05:41 - Heat flux = 0.002474 with aspect ratio=7.000338 took 11.073090s
17:05:53 - Heat flux = 0.002475 with aspect ratio=7.000338 took 10.764594s
17:06:04 - Heat flux = 0.002475 with aspect ratio=7.000338 took 10.614632s
17:06:16 - Heat flux = 0.002475 with aspect ratio=7.000338 took 10.659802s
17:06:27 - Heat flux = 0.002475 with aspect ratio=7.000339 took 10.844579s
17:06:39 - Heat flux = 0.002475 with aspect ratio=7.000338 took 10.670947s
17:06:50 - Heat flux = 0.002475 with aspect ratio=7.000338 took 10.668444s
17:07:02 - Heat flux = 0.002475 with aspect ratio=7.000338 took 10.666586s
17:07:13 - Heat flux = 0.002475 with aspect ratio=7.000338 took 10.721827s
      16             25         4.6949e-04      5.94e-07       5.01e-05       1.51e-02    
17:07:25 - Heat flux = 0.002464 with aspect ratio=7.000365 took 10.793746s
17:07:37 - Heat flux = 0.002464 with aspect ratio=7.000365 took 10.854263s
17:07:49 - Heat flux = 0.002464 with aspect ratio=7.000365 took 10.734071s
17:08:00 - Heat flux = 0.002464 with aspect ratio=7.000365 took 10.927223s
17:08:12 - Heat flux = 0.002464 with aspect ratio=7.000365 took 10.796011s
17:08:24 - Heat flux = 0.002464 with aspect ratio=7.000365 took 10.714351s
17:08:35 - Heat flux = 0.002464 with aspect ratio=7.000364 took 10.803791s
17:08:47 - Heat flux = 0.002465 with aspect ratio=7.000360 took 10.786552s
17:08:58 - Heat flux = 0.002465 with aspect ratio=7.000326 took 10.752222s
17:09:10 - Heat flux = 0.002464 with aspect ratio=7.000365 took 10.740987s
17:09:22 - Heat flux = 0.002464 with aspect ratio=7.000365 took 10.711625s
17:09:33 - Heat flux = 0.002464 with aspect ratio=7.000365 took 10.770383s
17:09:45 - Heat flux = 0.002464 with aspect ratio=7.000365 took 11.039189s
17:09:57 - Heat flux = 0.002464 with aspect ratio=7.000365 took 10.731755s
17:10:08 - Heat flux = 0.002464 with aspect ratio=7.000362 took 10.884362s
17:10:20 - Heat flux = 0.002464 with aspect ratio=7.000365 took 10.848083s
17:10:31 - Heat flux = 0.002464 with aspect ratio=7.000365 took 10.646882s
17:10:43 - Heat flux = 0.002464 with aspect ratio=7.000365 took 10.743117s
17:10:55 - Heat flux = 0.002464 with aspect ratio=7.000365 took 10.779741s
17:11:06 - Heat flux = 0.002464 with aspect ratio=7.000365 took 10.801162s
17:11:18 - Heat flux = 0.002464 with aspect ratio=7.000364 took 10.719318s
17:11:29 - Heat flux = 0.002464 with aspect ratio=7.000365 took 10.819110s
17:11:41 - Heat flux = 0.002464 with aspect ratio=7.000365 took 10.726299s
17:11:52 - Heat flux = 0.002464 with aspect ratio=7.000365 took 10.708424s
17:12:04 - Heat flux = 0.002464 with aspect ratio=7.000365 took 10.714017s
17:12:15 - Heat flux = 0.002464 with aspect ratio=7.000365 took 10.724846s
17:12:27 - Heat flux = 0.002464 with aspect ratio=7.000365 took 10.724334s
17:12:38 - Heat flux = 0.002464 with aspect ratio=7.000365 took 10.655044s
17:12:50 - Heat flux = 0.002464 with aspect ratio=7.000365 took 10.690511s
17:13:01 - Heat flux = 0.002464 with aspect ratio=7.000365 took 10.652304s
17:13:13 - Heat flux = 0.002463 with aspect ratio=7.000365 took 10.851222s
17:13:25 - Heat flux = 0.002465 with aspect ratio=7.000379 took 10.760615s
17:13:36 - Heat flux = 0.002464 with aspect ratio=7.000319 took 10.726367s
17:13:48 - Heat flux = 0.002465 with aspect ratio=7.000365 took 10.727931s
17:14:00 - Heat flux = 0.002464 with aspect ratio=7.000365 took 11.042308s
17:14:11 - Heat flux = 0.002464 with aspect ratio=7.000365 took 10.661591s
17:14:23 - Heat flux = 0.002464 with aspect ratio=7.000365 took 10.759404s
17:14:34 - Heat flux = 0.002464 with aspect ratio=7.000364 took 10.736903s
17:14:46 - Heat flux = 0.002464 with aspect ratio=7.000361 took 10.710435s
17:14:57 - Heat flux = 0.002464 with aspect ratio=7.000365 took 10.666253s
17:15:09 - Heat flux = 0.002464 with aspect ratio=7.000365 took 10.803407s
17:15:20 - Heat flux = 0.002464 with aspect ratio=7.000365 took 10.772348s
17:15:32 - Heat flux = 0.002464 with aspect ratio=7.000365 took 10.834338s
17:15:44 - Heat flux = 0.002464 with aspect ratio=7.000365 took 10.740452s
17:15:55 - Heat flux = 0.002464 with aspect ratio=7.000365 took 10.851072s
17:16:07 - Heat flux = 0.002464 with aspect ratio=7.000365 took 10.932049s
17:16:19 - Heat flux = 0.002464 with aspect ratio=7.000365 took 10.724172s
17:16:30 - Heat flux = 0.002464 with aspect ratio=7.000365 took 10.800558s
17:16:42 - Heat flux = 0.002464 with aspect ratio=7.000365 took 10.840323s
17:16:54 - Heat flux = 0.002464 with aspect ratio=7.000365 took 10.883099s
      17             26         4.6909e-04      3.97e-07       5.01e-05       8.15e-03    
17:17:06 - Heat flux = 0.002459 with aspect ratio=7.000370 took 10.730381s
17:17:18 - Heat flux = 0.002459 with aspect ratio=7.000370 took 10.749255s
17:17:29 - Heat flux = 0.002459 with aspect ratio=7.000370 took 10.803781s
17:17:41 - Heat flux = 0.002459 with aspect ratio=7.000370 took 10.803964s
17:17:53 - Heat flux = 0.002459 with aspect ratio=7.000370 took 10.984617s
17:18:04 - Heat flux = 0.002459 with aspect ratio=7.000370 took 10.769008s
17:18:16 - Heat flux = 0.002459 with aspect ratio=7.000370 took 10.853373s
17:18:27 - Heat flux = 0.002461 with aspect ratio=7.000366 took 10.801069s
17:18:39 - Heat flux = 0.002460 with aspect ratio=7.000332 took 10.717905s
17:18:51 - Heat flux = 0.002459 with aspect ratio=7.000370 took 10.811915s
17:19:02 - Heat flux = 0.002459 with aspect ratio=7.000370 took 10.717689s
17:19:14 - Heat flux = 0.002459 with aspect ratio=7.000370 took 10.653510s
17:19:25 - Heat flux = 0.002459 with aspect ratio=7.000370 took 10.648401s
17:19:37 - Heat flux = 0.002459 with aspect ratio=7.000370 took 10.684761s
17:19:48 - Heat flux = 0.002459 with aspect ratio=7.000367 took 10.626485s
17:19:59 - Heat flux = 0.002459 with aspect ratio=7.000370 took 10.653240s
17:20:11 - Heat flux = 0.002459 with aspect ratio=7.000370 took 10.722531s
17:20:22 - Heat flux = 0.002459 with aspect ratio=7.000370 took 10.701110s
17:20:34 - Heat flux = 0.002459 with aspect ratio=7.000370 took 10.673536s
17:20:45 - Heat flux = 0.002459 with aspect ratio=7.000370 took 10.742063s
17:20:57 - Heat flux = 0.002459 with aspect ratio=7.000370 took 10.799404s
17:21:09 - Heat flux = 0.002459 with aspect ratio=7.000370 took 10.675943s
17:21:20 - Heat flux = 0.002459 with aspect ratio=7.000370 took 10.628199s
17:21:32 - Heat flux = 0.002459 with aspect ratio=7.000370 took 10.735758s
17:21:43 - Heat flux = 0.002459 with aspect ratio=7.000370 took 10.671391s
17:21:55 - Heat flux = 0.002459 with aspect ratio=7.000370 took 10.696242s
17:22:06 - Heat flux = 0.002460 with aspect ratio=7.000370 took 10.702751s
17:22:18 - Heat flux = 0.002459 with aspect ratio=7.000370 took 10.931495s
17:22:29 - Heat flux = 0.002459 with aspect ratio=7.000370 took 10.733881s
17:22:41 - Heat flux = 0.002459 with aspect ratio=7.000370 took 10.833953s
17:22:52 - Heat flux = 0.002459 with aspect ratio=7.000371 took 10.707119s
17:23:04 - Heat flux = 0.002460 with aspect ratio=7.000384 took 10.634270s
17:23:15 - Heat flux = 0.002459 with aspect ratio=7.000324 took 10.778298s
17:23:27 - Heat flux = 0.002460 with aspect ratio=7.000370 took 10.642023s
17:23:38 - Heat flux = 0.002459 with aspect ratio=7.000370 took 10.764149s
17:23:50 - Heat flux = 0.002459 with aspect ratio=7.000370 took 10.730333s
17:24:02 - Heat flux = 0.002459 with aspect ratio=7.000370 took 10.718230s
17:24:13 - Heat flux = 0.002459 with aspect ratio=7.000370 took 10.762638s
17:24:25 - Heat flux = 0.002459 with aspect ratio=7.000366 took 10.696896s
17:24:36 - Heat flux = 0.002459 with aspect ratio=7.000370 took 10.718735s
17:24:47 - Heat flux = 0.002459 with aspect ratio=7.000370 took 10.541527s
17:24:59 - Heat flux = 0.002459 with aspect ratio=7.000370 took 10.747414s
17:25:10 - Heat flux = 0.002459 with aspect ratio=7.000370 took 10.631390s
17:25:22 - Heat flux = 0.002459 with aspect ratio=7.000370 took 10.648202s
17:25:33 - Heat flux = 0.002459 with aspect ratio=7.000370 took 10.679755s
17:25:45 - Heat flux = 0.002459 with aspect ratio=7.000370 took 10.900877s
17:25:57 - Heat flux = 0.002459 with aspect ratio=7.000370 took 10.705230s
17:26:08 - Heat flux = 0.002459 with aspect ratio=7.000370 took 10.785896s
17:26:20 - Heat flux = 0.002459 with aspect ratio=7.000370 took 10.841564s
17:26:31 - Heat flux = 0.002459 with aspect ratio=7.000370 took 10.603441s
      18             27         4.6845e-04      6.40e-07       5.01e-05       1.59e-02    
17:26:43 - Heat flux = 0.002457 with aspect ratio=7.000359 took 10.962320s
17:26:55 - Heat flux = 0.002457 with aspect ratio=7.000359 took 10.648104s
17:27:07 - Heat flux = 0.002457 with aspect ratio=7.000359 took 10.707639s
17:27:18 - Heat flux = 0.002457 with aspect ratio=7.000359 took 10.659449s
17:27:30 - Heat flux = 0.002457 with aspect ratio=7.000359 took 10.715552s
17:27:41 - Heat flux = 0.002457 with aspect ratio=7.000359 took 10.641425s
17:27:53 - Heat flux = 0.002457 with aspect ratio=7.000358 took 10.789487s
17:28:04 - Heat flux = 0.002458 with aspect ratio=7.000354 took 10.638525s
17:28:16 - Heat flux = 0.002458 with aspect ratio=7.000320 took 10.753898s
17:28:27 - Heat flux = 0.002457 with aspect ratio=7.000359 took 10.671346s
17:28:39 - Heat flux = 0.002457 with aspect ratio=7.000359 took 10.773709s
17:28:50 - Heat flux = 0.002457 with aspect ratio=7.000359 took 10.962613s
17:29:02 - Heat flux = 0.002457 with aspect ratio=7.000359 took 10.748108s
17:29:14 - Heat flux = 0.002457 with aspect ratio=7.000359 took 10.666388s
17:29:25 - Heat flux = 0.002457 with aspect ratio=7.000356 took 10.793631s
17:29:37 - Heat flux = 0.002457 with aspect ratio=7.000359 took 10.706756s
17:29:48 - Heat flux = 0.002457 with aspect ratio=7.000359 took 10.697534s
17:30:00 - Heat flux = 0.002457 with aspect ratio=7.000359 took 10.793791s
17:30:11 - Heat flux = 0.002457 with aspect ratio=7.000359 took 10.714875s
17:30:23 - Heat flux = 0.002457 with aspect ratio=7.000359 took 10.822371s
17:30:34 - Heat flux = 0.002457 with aspect ratio=7.000358 took 10.633054s
17:30:46 - Heat flux = 0.002457 with aspect ratio=7.000359 took 10.796585s
17:30:58 - Heat flux = 0.002457 with aspect ratio=7.000359 took 10.885481s
17:31:09 - Heat flux = 0.002457 with aspect ratio=7.000359 took 10.777339s
17:31:21 - Heat flux = 0.002457 with aspect ratio=7.000359 took 10.616319s
17:31:32 - Heat flux = 0.002457 with aspect ratio=7.000359 took 10.694390s
17:31:44 - Heat flux = 0.002457 with aspect ratio=7.000359 took 10.598213s
17:31:55 - Heat flux = 0.002457 with aspect ratio=7.000359 took 10.682543s
17:32:07 - Heat flux = 0.002457 with aspect ratio=7.000359 took 10.665722s
17:32:18 - Heat flux = 0.002457 with aspect ratio=7.000359 took 10.646135s
17:32:30 - Heat flux = 0.002456 with aspect ratio=7.000359 took 10.811963s
17:32:41 - Heat flux = 0.002458 with aspect ratio=7.000372 took 10.564372s
17:32:53 - Heat flux = 0.002457 with aspect ratio=7.000313 took 10.827199s
17:33:04 - Heat flux = 0.002457 with aspect ratio=7.000358 took 10.828738s
17:33:16 - Heat flux = 0.002457 with aspect ratio=7.000359 took 10.864802s
17:33:27 - Heat flux = 0.002457 with aspect ratio=7.000359 took 10.707836s
17:33:39 - Heat flux = 0.002457 with aspect ratio=7.000359 took 10.746925s
17:33:50 - Heat flux = 0.002457 with aspect ratio=7.000358 took 10.693755s
17:34:02 - Heat flux = 0.002457 with aspect ratio=7.000355 took 10.677125s
17:34:14 - Heat flux = 0.002457 with aspect ratio=7.000359 took 10.789030s
17:34:25 - Heat flux = 0.002457 with aspect ratio=7.000359 took 10.686786s
17:34:37 - Heat flux = 0.002457 with aspect ratio=7.000359 took 10.740242s
17:34:48 - Heat flux = 0.002457 with aspect ratio=7.000359 took 10.716715s
17:35:00 - Heat flux = 0.002457 with aspect ratio=7.000359 took 10.701559s
17:35:11 - Heat flux = 0.002457 with aspect ratio=7.000358 took 10.685961s
17:35:23 - Heat flux = 0.002457 with aspect ratio=7.000359 took 10.999151s
17:35:34 - Heat flux = 0.002457 with aspect ratio=7.000359 took 10.629041s
17:35:46 - Heat flux = 0.002457 with aspect ratio=7.000359 took 10.716791s
17:35:57 - Heat flux = 0.002457 with aspect ratio=7.000359 took 10.672024s
17:36:09 - Heat flux = 0.002457 with aspect ratio=7.000359 took 10.711027s
      19             28         4.6793e-04      5.19e-07       5.01e-05       1.13e-02    
17:36:21 - Heat flux = 0.002442 with aspect ratio=7.000355 took 10.636114s
17:36:32 - Heat flux = 0.002442 with aspect ratio=7.000355 took 10.633521s
17:36:44 - Heat flux = 0.002442 with aspect ratio=7.000355 took 10.643456s
17:36:55 - Heat flux = 0.002442 with aspect ratio=7.000355 took 10.581724s
17:37:07 - Heat flux = 0.002442 with aspect ratio=7.000355 took 10.652843s
17:37:18 - Heat flux = 0.002442 with aspect ratio=7.000355 took 10.842150s
17:37:30 - Heat flux = 0.002442 with aspect ratio=7.000354 took 10.916266s
17:37:42 - Heat flux = 0.002443 with aspect ratio=7.000350 took 10.646843s
17:37:53 - Heat flux = 0.002443 with aspect ratio=7.000316 took 10.703837s
17:38:05 - Heat flux = 0.002442 with aspect ratio=7.000355 took 10.613175s
17:38:16 - Heat flux = 0.002442 with aspect ratio=7.000355 took 10.709895s
17:38:28 - Heat flux = 0.002442 with aspect ratio=7.000355 took 10.634821s
17:38:39 - Heat flux = 0.002442 with aspect ratio=7.000355 took 10.870116s
17:38:51 - Heat flux = 0.002442 with aspect ratio=7.000355 took 10.640975s
17:39:02 - Heat flux = 0.002442 with aspect ratio=7.000352 took 10.627319s
17:39:14 - Heat flux = 0.002442 with aspect ratio=7.000355 took 10.740623s
17:39:25 - Heat flux = 0.002442 with aspect ratio=7.000355 took 10.676539s
17:39:37 - Heat flux = 0.002442 with aspect ratio=7.000355 took 10.719271s
17:39:48 - Heat flux = 0.002442 with aspect ratio=7.000355 took 10.697321s
17:40:00 - Heat flux = 0.002442 with aspect ratio=7.000355 took 10.668075s
17:40:11 - Heat flux = 0.002442 with aspect ratio=7.000354 took 10.784089s
17:40:23 - Heat flux = 0.002442 with aspect ratio=7.000355 took 10.740622s
17:40:35 - Heat flux = 0.002442 with aspect ratio=7.000355 took 10.676828s
17:40:46 - Heat flux = 0.002442 with aspect ratio=7.000355 took 10.857873s
17:40:58 - Heat flux = 0.002442 with aspect ratio=7.000355 took 10.693373s
17:41:09 - Heat flux = 0.002442 with aspect ratio=7.000355 took 10.858441s
17:41:21 - Heat flux = 0.002442 with aspect ratio=7.000355 took 10.593410s
17:41:32 - Heat flux = 0.002442 with aspect ratio=7.000355 took 10.685348s
17:41:44 - Heat flux = 0.002442 with aspect ratio=7.000355 took 10.808756s
17:41:56 - Heat flux = 0.002442 with aspect ratio=7.000355 took 10.737692s
17:42:07 - Heat flux = 0.002441 with aspect ratio=7.000355 took 10.607141s
17:42:19 - Heat flux = 0.002443 with aspect ratio=7.000368 took 10.737620s
17:42:30 - Heat flux = 0.002441 with aspect ratio=7.000309 took 10.598722s
17:42:41 - Heat flux = 0.002442 with aspect ratio=7.000355 took 10.696337s
17:42:53 - Heat flux = 0.002442 with aspect ratio=7.000355 took 10.689924s
17:43:05 - Heat flux = 0.002442 with aspect ratio=7.000355 took 10.752410s
17:43:16 - Heat flux = 0.002442 with aspect ratio=7.000355 took 10.522784s
17:43:27 - Heat flux = 0.002442 with aspect ratio=7.000354 took 10.695825s
17:43:39 - Heat flux = 0.002442 with aspect ratio=7.000351 took 10.805355s
17:43:50 - Heat flux = 0.002442 with aspect ratio=7.000355 took 10.614132s
17:44:02 - Heat flux = 0.002442 with aspect ratio=7.000355 took 10.764486s
17:44:14 - Heat flux = 0.002442 with aspect ratio=7.000355 took 10.810373s
17:44:25 - Heat flux = 0.002442 with aspect ratio=7.000355 took 10.670571s
17:44:37 - Heat flux = 0.002442 with aspect ratio=7.000355 took 10.667470s
17:44:48 - Heat flux = 0.002442 with aspect ratio=7.000355 took 10.642590s
17:45:00 - Heat flux = 0.002442 with aspect ratio=7.000355 took 10.710025s
17:45:11 - Heat flux = 0.002442 with aspect ratio=7.000355 took 10.641180s
17:45:23 - Heat flux = 0.002442 with aspect ratio=7.000355 took 10.818679s
17:45:34 - Heat flux = 0.002442 with aspect ratio=7.000355 took 10.735371s
17:45:46 - Heat flux = 0.002442 with aspect ratio=7.000355 took 10.650788s
      20             29         4.4895e-04      1.90e-05       5.01e-05       7.84e-02    
17:45:58 - Heat flux = 0.002436 with aspect ratio=7.000355 took 10.672489s
17:46:10 - Heat flux = 0.002436 with aspect ratio=7.000355 took 11.017583s
17:46:21 - Heat flux = 0.002436 with aspect ratio=7.000355 took 10.760074s
17:46:33 - Heat flux = 0.002436 with aspect ratio=7.000355 took 10.628962s
17:46:44 - Heat flux = 0.002436 with aspect ratio=7.000355 took 10.715390s
17:46:56 - Heat flux = 0.002436 with aspect ratio=7.000355 took 10.750649s
17:47:07 - Heat flux = 0.002436 with aspect ratio=7.000355 took 10.635394s
17:47:19 - Heat flux = 0.002438 with aspect ratio=7.000351 took 10.568713s
17:47:30 - Heat flux = 0.002437 with aspect ratio=7.000317 took 10.676858s
17:47:42 - Heat flux = 0.002436 with aspect ratio=7.000355 took 10.641598s
17:47:53 - Heat flux = 0.002436 with aspect ratio=7.000355 took 10.644512s
17:48:05 - Heat flux = 0.002436 with aspect ratio=7.000355 took 10.620481s
17:48:16 - Heat flux = 0.002436 with aspect ratio=7.000355 took 10.800227s
17:48:28 - Heat flux = 0.002436 with aspect ratio=7.000356 took 10.705630s
17:48:39 - Heat flux = 0.002436 with aspect ratio=7.000352 took 10.620885s
17:48:51 - Heat flux = 0.002436 with aspect ratio=7.000356 took 10.752570s
17:49:02 - Heat flux = 0.002436 with aspect ratio=7.000355 took 10.676998s
17:49:14 - Heat flux = 0.002436 with aspect ratio=7.000355 took 10.684809s
17:49:26 - Heat flux = 0.002436 with aspect ratio=7.000355 took 10.795927s
17:49:37 - Heat flux = 0.002436 with aspect ratio=7.000355 took 10.712458s
17:49:49 - Heat flux = 0.002436 with aspect ratio=7.000355 took 10.583693s
17:50:00 - Heat flux = 0.002436 with aspect ratio=7.000356 took 10.652379s
17:50:12 - Heat flux = 0.002436 with aspect ratio=7.000355 took 11.234555s
17:50:24 - Heat flux = 0.002436 with aspect ratio=7.000355 took 10.672966s
17:50:35 - Heat flux = 0.002436 with aspect ratio=7.000355 took 10.630188s
17:50:47 - Heat flux = 0.002436 with aspect ratio=7.000355 took 10.884614s
17:50:58 - Heat flux = 0.002437 with aspect ratio=7.000355 took 10.660405s
17:51:10 - Heat flux = 0.002436 with aspect ratio=7.000355 took 10.847005s
17:51:21 - Heat flux = 0.002436 with aspect ratio=7.000355 took 10.725868s
17:51:33 - Heat flux = 0.002436 with aspect ratio=7.000355 took 10.682332s
17:51:44 - Heat flux = 0.002436 with aspect ratio=7.000356 took 10.613881s
17:51:56 - Heat flux = 0.002437 with aspect ratio=7.000369 took 10.580355s
17:52:07 - Heat flux = 0.002438 with aspect ratio=7.000309 took 10.671229s
17:52:19 - Heat flux = 0.002437 with aspect ratio=7.000355 took 10.527898s
17:52:30 - Heat flux = 0.002436 with aspect ratio=7.000355 took 10.753184s
17:52:42 - Heat flux = 0.002436 with aspect ratio=7.000355 took 11.040202s
17:52:53 - Heat flux = 0.002436 with aspect ratio=7.000355 took 10.637401s
17:53:05 - Heat flux = 0.002436 with aspect ratio=7.000355 took 10.617417s
17:53:16 - Heat flux = 0.002436 with aspect ratio=7.000352 took 10.655411s
17:53:28 - Heat flux = 0.002436 with aspect ratio=7.000355 took 10.692555s
17:53:39 - Heat flux = 0.002436 with aspect ratio=7.000355 took 10.686862s
17:53:51 - Heat flux = 0.002436 with aspect ratio=7.000355 took 10.703181s
17:54:02 - Heat flux = 0.002436 with aspect ratio=7.000355 took 10.697404s
17:54:14 - Heat flux = 0.002436 with aspect ratio=7.000355 took 10.639646s
17:54:26 - Heat flux = 0.002436 with aspect ratio=7.000355 took 10.736858s
17:54:37 - Heat flux = 0.002436 with aspect ratio=7.000355 took 10.795575s
17:54:49 - Heat flux = 0.002436 with aspect ratio=7.000355 took 10.845985s
17:55:01 - Heat flux = 0.002436 with aspect ratio=7.000355 took 10.781852s
17:55:12 - Heat flux = 0.002436 with aspect ratio=7.000355 took 10.881250s
17:55:24 - Heat flux = 0.002436 with aspect ratio=7.000355 took 10.645284s
      21             30         4.4762e-04      1.33e-06       1.00e-04       1.02e-02    
17:55:36 - Heat flux = 0.002429 with aspect ratio=7.000240 took 10.764159s
17:55:48 - Heat flux = 0.002429 with aspect ratio=7.000240 took 10.781096s
17:55:59 - Heat flux = 0.002429 with aspect ratio=7.000241 took 10.792148s
17:56:11 - Heat flux = 0.002429 with aspect ratio=7.000240 took 10.724390s
17:56:23 - Heat flux = 0.002429 with aspect ratio=7.000240 took 10.787322s
17:56:34 - Heat flux = 0.002429 with aspect ratio=7.000240 took 10.968492s
17:56:46 - Heat flux = 0.002429 with aspect ratio=7.000240 took 10.976742s
17:56:58 - Heat flux = 0.002430 with aspect ratio=7.000236 took 10.815221s
17:57:09 - Heat flux = 0.002430 with aspect ratio=7.000202 took 10.737097s
17:57:21 - Heat flux = 0.002429 with aspect ratio=7.000240 took 10.639281s
17:57:32 - Heat flux = 0.002429 with aspect ratio=7.000240 took 10.729151s
17:57:44 - Heat flux = 0.002429 with aspect ratio=7.000240 took 10.708179s
17:57:56 - Heat flux = 0.002429 with aspect ratio=7.000240 took 10.822609s
17:58:07 - Heat flux = 0.002429 with aspect ratio=7.000241 took 10.744293s
17:58:19 - Heat flux = 0.002429 with aspect ratio=7.000237 took 10.721503s
17:58:30 - Heat flux = 0.002429 with aspect ratio=7.000241 took 10.802594s
17:58:42 - Heat flux = 0.002429 with aspect ratio=7.000241 took 10.778259s
17:58:54 - Heat flux = 0.002429 with aspect ratio=7.000240 took 10.751351s
17:59:05 - Heat flux = 0.002429 with aspect ratio=7.000240 took 10.972529s
17:59:17 - Heat flux = 0.002429 with aspect ratio=7.000240 took 10.708073s
17:59:29 - Heat flux = 0.002429 with aspect ratio=7.000240 took 10.739748s
17:59:40 - Heat flux = 0.002429 with aspect ratio=7.000241 took 10.660233s
17:59:52 - Heat flux = 0.002429 with aspect ratio=7.000240 took 10.718843s
18:00:03 - Heat flux = 0.002429 with aspect ratio=7.000240 took 10.863719s
18:00:15 - Heat flux = 0.002429 with aspect ratio=7.000240 took 10.690002s
18:00:27 - Heat flux = 0.002429 with aspect ratio=7.000240 took 10.862811s
18:00:38 - Heat flux = 0.002429 with aspect ratio=7.000240 took 10.688040s
18:00:50 - Heat flux = 0.002429 with aspect ratio=7.000240 took 10.996743s
18:01:01 - Heat flux = 0.002429 with aspect ratio=7.000240 took 10.644467s
18:01:13 - Heat flux = 0.002429 with aspect ratio=7.000240 took 10.639785s
18:01:24 - Heat flux = 0.002429 with aspect ratio=7.000241 took 10.664234s
18:01:36 - Heat flux = 0.002430 with aspect ratio=7.000254 took 10.622051s
18:01:47 - Heat flux = 0.002429 with aspect ratio=7.000195 took 10.630112s
18:01:59 - Heat flux = 0.002430 with aspect ratio=7.000240 took 10.801691s
18:02:10 - Heat flux = 0.002429 with aspect ratio=7.000240 took 10.781099s
18:02:22 - Heat flux = 0.002429 with aspect ratio=7.000240 took 10.844636s
18:02:34 - Heat flux = 0.002429 with aspect ratio=7.000241 took 10.720718s
18:02:45 - Heat flux = 0.002429 with aspect ratio=7.000240 took 10.863749s
18:02:57 - Heat flux = 0.002429 with aspect ratio=7.000237 took 10.870778s
18:03:09 - Heat flux = 0.002429 with aspect ratio=7.000241 took 10.847951s
18:03:20 - Heat flux = 0.002429 with aspect ratio=7.000240 took 10.751019s
18:03:32 - Heat flux = 0.002429 with aspect ratio=7.000240 took 10.748392s
18:03:43 - Heat flux = 0.002429 with aspect ratio=7.000240 took 10.725091s
18:03:55 - Heat flux = 0.002429 with aspect ratio=7.000240 took 10.844635s
18:04:07 - Heat flux = 0.002429 with aspect ratio=7.000240 took 10.783043s
18:04:19 - Heat flux = 0.002429 with aspect ratio=7.000241 took 10.936965s
18:04:30 - Heat flux = 0.002429 with aspect ratio=7.000241 took 10.900135s
18:04:42 - Heat flux = 0.002429 with aspect ratio=7.000240 took 10.683630s
18:04:53 - Heat flux = 0.002429 with aspect ratio=7.000240 took 10.702824s
18:05:05 - Heat flux = 0.002429 with aspect ratio=7.000240 took 10.783429s
      22             31         4.4678e-04      8.35e-07       1.00e-04       1.26e-02    
18:05:17 - Heat flux = 0.002428 with aspect ratio=7.000293 took 10.680660s
18:05:29 - Heat flux = 0.002428 with aspect ratio=7.000293 took 10.838271s
18:05:40 - Heat flux = 0.002428 with aspect ratio=7.000294 took 10.763529s
18:05:52 - Heat flux = 0.002428 with aspect ratio=7.000293 took 10.767710s
18:06:04 - Heat flux = 0.002428 with aspect ratio=7.000293 took 10.728354s
18:06:15 - Heat flux = 0.002428 with aspect ratio=7.000293 took 10.838203s
18:06:27 - Heat flux = 0.002428 with aspect ratio=7.000293 took 10.686172s
18:06:38 - Heat flux = 0.002429 with aspect ratio=7.000289 took 10.609399s
18:06:50 - Heat flux = 0.002429 with aspect ratio=7.000255 took 10.841351s
18:07:01 - Heat flux = 0.002428 with aspect ratio=7.000294 took 10.828484s
18:07:13 - Heat flux = 0.002428 with aspect ratio=7.000293 took 10.719070s
18:07:25 - Heat flux = 0.002428 with aspect ratio=7.000293 took 10.668191s
18:07:36 - Heat flux = 0.002428 with aspect ratio=7.000294 took 10.673020s
18:07:48 - Heat flux = 0.002428 with aspect ratio=7.000294 took 10.967450s
18:07:59 - Heat flux = 0.002428 with aspect ratio=7.000290 took 10.698550s
18:08:11 - Heat flux = 0.002428 with aspect ratio=7.000294 took 10.786667s
18:08:23 - Heat flux = 0.002428 with aspect ratio=7.000294 took 10.731247s
18:08:34 - Heat flux = 0.002428 with aspect ratio=7.000294 took 10.748331s
18:08:46 - Heat flux = 0.002428 with aspect ratio=7.000293 took 10.747114s
18:08:57 - Heat flux = 0.002428 with aspect ratio=7.000293 took 10.853044s
18:09:09 - Heat flux = 0.002428 with aspect ratio=7.000293 took 10.857943s
18:09:21 - Heat flux = 0.002428 with aspect ratio=7.000294 took 10.768307s
18:09:33 - Heat flux = 0.002428 with aspect ratio=7.000294 took 11.030615s
18:09:45 - Heat flux = 0.002428 with aspect ratio=7.000294 took 11.159885s
18:09:56 - Heat flux = 0.002428 with aspect ratio=7.000293 took 10.866141s
18:10:08 - Heat flux = 0.002428 with aspect ratio=7.000293 took 10.912061s
18:10:20 - Heat flux = 0.002428 with aspect ratio=7.000293 took 10.743524s
18:10:31 - Heat flux = 0.002428 with aspect ratio=7.000293 took 10.632905s
18:10:43 - Heat flux = 0.002428 with aspect ratio=7.000293 took 10.853419s
18:10:55 - Heat flux = 0.002428 with aspect ratio=7.000293 took 11.009161s
18:11:06 - Heat flux = 0.002427 with aspect ratio=7.000294 took 10.977456s
18:11:18 - Heat flux = 0.002429 with aspect ratio=7.000307 took 10.797320s
18:11:30 - Heat flux = 0.002427 with aspect ratio=7.000248 took 10.824245s
18:11:41 - Heat flux = 0.002428 with aspect ratio=7.000293 took 10.883521s
18:11:53 - Heat flux = 0.002428 with aspect ratio=7.000293 took 10.724754s
18:12:05 - Heat flux = 0.002428 with aspect ratio=7.000293 took 10.784813s
18:12:16 - Heat flux = 0.002428 with aspect ratio=7.000294 took 10.803257s
18:12:28 - Heat flux = 0.002428 with aspect ratio=7.000293 took 10.667115s
18:12:39 - Heat flux = 0.002428 with aspect ratio=7.000290 took 10.885153s
18:12:51 - Heat flux = 0.002428 with aspect ratio=7.000294 took 11.053434s
18:13:03 - Heat flux = 0.002428 with aspect ratio=7.000294 took 10.656881s
18:13:14 - Heat flux = 0.002428 with aspect ratio=7.000294 took 10.608581s
18:13:25 - Heat flux = 0.002428 with aspect ratio=7.000293 took 10.446441s
18:13:37 - Heat flux = 0.002428 with aspect ratio=7.000293 took 10.788592s
18:13:49 - Heat flux = 0.002428 with aspect ratio=7.000293 took 10.629135s
18:14:00 - Heat flux = 0.002428 with aspect ratio=7.000294 took 10.674165s
18:14:11 - Heat flux = 0.002428 with aspect ratio=7.000294 took 10.650313s
18:14:23 - Heat flux = 0.002428 with aspect ratio=7.000294 took 10.637537s
18:14:34 - Heat flux = 0.002428 with aspect ratio=7.000293 took 10.673702s
18:14:46 - Heat flux = 0.002428 with aspect ratio=7.000293 took 10.651828s
      23             32         4.4645e-04      3.31e-07       1.00e-04       1.25e-02    
18:14:58 - Heat flux = 0.002428 with aspect ratio=7.000312 took 10.829657s
18:15:10 - Heat flux = 0.002428 with aspect ratio=7.000312 took 10.751892s
18:15:21 - Heat flux = 0.002428 with aspect ratio=7.000312 took 10.586039s
18:15:34 - Heat flux = 0.002428 with aspect ratio=7.000312 took 11.934215s
18:15:47 - Heat flux = 0.002428 with aspect ratio=7.000312 took 11.763614s
18:15:58 - Heat flux = 0.002428 with aspect ratio=7.000312 took 10.812853s
18:16:10 - Heat flux = 0.002428 with aspect ratio=7.000312 took 10.741148s
18:16:21 - Heat flux = 0.002430 with aspect ratio=7.000308 took 10.682327s
18:16:33 - Heat flux = 0.002429 with aspect ratio=7.000274 took 10.825408s
18:16:44 - Heat flux = 0.002429 with aspect ratio=7.000312 took 10.715014s
18:16:56 - Heat flux = 0.002428 with aspect ratio=7.000312 took 10.626590s
18:17:07 - Heat flux = 0.002428 with aspect ratio=7.000312 took 10.526659s
18:17:19 - Heat flux = 0.002428 with aspect ratio=7.000312 took 10.714003s
18:17:30 - Heat flux = 0.002428 with aspect ratio=7.000312 took 10.795839s
18:17:42 - Heat flux = 0.002428 with aspect ratio=7.000309 took 10.815892s
18:17:54 - Heat flux = 0.002428 with aspect ratio=7.000312 took 10.752679s
18:18:05 - Heat flux = 0.002428 with aspect ratio=7.000312 took 10.763660s
18:18:17 - Heat flux = 0.002428 with aspect ratio=7.000312 took 10.698353s
18:18:28 - Heat flux = 0.002428 with aspect ratio=7.000312 took 10.673001s
18:18:40 - Heat flux = 0.002428 with aspect ratio=7.000312 took 10.633172s
18:18:51 - Heat flux = 0.002428 with aspect ratio=7.000312 took 10.887326s
18:19:03 - Heat flux = 0.002428 with aspect ratio=7.000312 took 10.727966s
18:19:15 - Heat flux = 0.002428 with aspect ratio=7.000312 took 10.665438s
18:19:26 - Heat flux = 0.002428 with aspect ratio=7.000312 took 10.697975s
slurmstepd: error: *** JOB 8573463 ON login06 CANCELLED AT 2022-11-02T18:19:28 DUE TO TIME LIMIT ***
