perl: warning: Setting locale failed.
perl: warning: Please check that your locale settings:
	LANGUAGE = (unset),
	LC_ALL = (unset),
	LC_CTYPE = "UTF-8",
	LANG = "en_US.UTF-8"
    are supported and installed on your system.
perl: warning: Falling back to a fallback locale ("en_US.UTF-8").
Initial aspect ratio: 6.000114150210393
Initial mean iota: 0.4190692975001252
Initial magnetic well: -0.030892210701449766
Initial growth rate: 0.30390978
## Now calculating total objective function ##
[Errno -51] NetCDF: Unknown file format: b'/m100/home/userexternal/rjorge00/some_optimizations/GX_SIMSOPT/output_MAXITER150_least_squares_nfp2_QA/gxRun_wout_nfp2_QA_000_000000.nc'
15:39:05 - Growth rate = 100.000000, quasisymmetry = 0.000822 with aspect ratio=6.000114 took 2.503019s
Total objective before optimization: 100000.00000086751
-------------------------
Optimizing with max_mode = 3
-------------------------
15:39:19 - Growth rate = 0.303910, quasisymmetry = 0.000822 with aspect ratio=6.000114 took 7.856940s
15:39:32 - Growth rate = 0.303910, quasisymmetry = 0.000822 with aspect ratio=6.000114 took 7.154232s
15:39:45 - Growth rate = 0.303910, quasisymmetry = 0.000822 with aspect ratio=6.000114 took 7.247410s
15:40:12 - Growth rate = 0.303894, quasisymmetry = 0.000822 with aspect ratio=6.000114 took 20.341053s
15:40:13 - Growth rate = 0.303902, quasisymmetry = 0.000822 with aspect ratio=6.000114 took 20.921005s
15:40:13 - Growth rate = 0.303902, quasisymmetry = 0.000822 with aspect ratio=6.000115 took 20.932866s
15:40:13 - Growth rate = 0.303910, quasisymmetry = 0.000820 with aspect ratio=6.000114 took 21.504402s
15:40:36 - Growth rate = 0.303902, quasisymmetry = 0.000823 with aspect ratio=6.000114 took 18.011914s
15:40:39 - Growth rate = 0.303894, quasisymmetry = 0.000823 with aspect ratio=6.000075 took 19.719912s
15:40:39 - Growth rate = 0.303894, quasisymmetry = 0.000822 with aspect ratio=6.000114 took 19.796778s
15:40:40 - Growth rate = 0.303886, quasisymmetry = 0.000823 with aspect ratio=5.999781 took 20.182526s
15:40:55 - Growth rate = 0.303902, quasisymmetry = 0.000823 with aspect ratio=6.000114 took 12.234805s
15:41:03 - Growth rate = 0.303910, quasisymmetry = 0.000822 with aspect ratio=6.000114 took 17.714445s
15:41:03 - Growth rate = 0.303918, quasisymmetry = 0.000823 with aspect ratio=6.000113 took 17.934338s
15:41:04 - Growth rate = 0.303902, quasisymmetry = 0.000821 with aspect ratio=6.000114 took 17.372624s
15:41:09 - Growth rate = 0.303902, quasisymmetry = 0.000822 with aspect ratio=6.000115 took 7.529134s
15:41:27 - Growth rate = 0.303902, quasisymmetry = 0.000822 with aspect ratio=6.000112 took 18.054084s
15:41:27 - Growth rate = 0.303894, quasisymmetry = 0.000822 with aspect ratio=6.000115 took 18.173828s
15:41:28 - Growth rate = 0.303902, quasisymmetry = 0.000822 with aspect ratio=6.000116 took 18.187301s
15:41:31 - Growth rate = 0.303902, quasisymmetry = 0.000822 with aspect ratio=6.000114 took 14.487520s
15:41:49 - Growth rate = 0.303918, quasisymmetry = 0.000822 with aspect ratio=6.000114 took 15.605726s
15:41:53 - Growth rate = 0.303910, quasisymmetry = 0.000822 with aspect ratio=6.000115 took 19.113425s
15:41:53 - Growth rate = 0.303902, quasisymmetry = 0.000822 with aspect ratio=6.000114 took 18.521231s
15:41:54 - Growth rate = 0.303894, quasisymmetry = 0.000822 with aspect ratio=6.000114 took 17.691258s
15:42:03 - Growth rate = 0.303910, quasisymmetry = 0.000822 with aspect ratio=6.000114 took 7.254169s
15:42:16 - Growth rate = 0.303902, quasisymmetry = 0.000822 with aspect ratio=6.000115 took 16.105259s
15:42:16 - Growth rate = 0.303910, quasisymmetry = 0.000822 with aspect ratio=6.000114 took 16.811146s
15:42:17 - Growth rate = 0.303894, quasisymmetry = 0.000822 with aspect ratio=6.000114 took 16.797294s
15:42:21 - Growth rate = 0.303910, quasisymmetry = 0.000821 with aspect ratio=6.000114 took 11.323246s
15:42:38 - Growth rate = 0.303902, quasisymmetry = 0.000822 with aspect ratio=6.000114 took 16.015906s
15:42:41 - Growth rate = 0.303902, quasisymmetry = 0.000827 with aspect ratio=6.000114 took 17.916351s
15:42:41 - Growth rate = 0.303894, quasisymmetry = 0.000820 with aspect ratio=6.000109 took 18.204790s
15:42:44 - Growth rate = 0.303910, quasisymmetry = 0.000820 with aspect ratio=5.999701 took 16.090940s
15:42:56 - Growth rate = 0.303910, quasisymmetry = 0.000821 with aspect ratio=6.000114 took 11.193130s
15:43:03 - Growth rate = 0.303902, quasisymmetry = 0.000823 with aspect ratio=6.000232 took 16.084131s
15:43:05 - Growth rate = 0.303902, quasisymmetry = 0.000822 with aspect ratio=6.000114 took 16.606531s
15:43:06 - Growth rate = 0.303902, quasisymmetry = 0.000821 with aspect ratio=6.000114 took 15.448497s
15:43:10 - Growth rate = 0.303894, quasisymmetry = 0.000823 with aspect ratio=6.000116 took 7.708979s
15:43:24 - Growth rate = 0.303894, quasisymmetry = 0.000823 with aspect ratio=6.000114 took 14.669720s
15:43:26 - Growth rate = 0.303902, quasisymmetry = 0.000822 with aspect ratio=6.000113 took 15.685539s
15:43:28 - Growth rate = 0.303910, quasisymmetry = 0.000822 with aspect ratio=6.000105 took 16.480640s
15:43:31 - Growth rate = 0.303894, quasisymmetry = 0.000821 with aspect ratio=6.000116 took 13.545446s
15:43:40 - Growth rate = 0.303902, quasisymmetry = 0.000822 with aspect ratio=6.000115 took 9.788107s
15:43:47 - Growth rate = 0.303902, quasisymmetry = 0.000821 with aspect ratio=6.000114 took 14.905665s
15:43:50 - Growth rate = 0.303910, quasisymmetry = 0.000821 with aspect ratio=6.000114 took 15.318473s
15:43:52 - Growth rate = 0.303902, quasisymmetry = 0.000822 with aspect ratio=6.000114 took 14.851883s
15:43:55 - Growth rate = 0.303894, quasisymmetry = 0.000822 with aspect ratio=6.000115 took 8.525809s
15:44:03 - Growth rate = 0.303910, quasisymmetry = 0.000822 with aspect ratio=6.000115 took 9.262360s
15:44:11 - Growth rate = 0.303902, quasisymmetry = 0.000822 with aspect ratio=6.000113 took 14.284698s
15:44:13 - Growth rate = 0.303886, quasisymmetry = 0.000822 with aspect ratio=6.000115 took 14.801806s
15:44:15 - Growth rate = 0.303902, quasisymmetry = 0.000822 with aspect ratio=6.000114 took 12.731516s
   Iteration     Total nfev        Cost      Cost reduction    Step norm     Optimality   
       0              1         4.6181e-01                                    7.17e+01    
Function evaluation failed for <bound method Vmec.aspect of Vmec1 (nfp=2 mpol=5 ntor=5)>
Function evaluation failed for <bound method Vmec.aspect of Vmec1 (nfp=2 mpol=5 ntor=5)>
[Errno 2] No such file or directory: b'/m100/home/userexternal/rjorge00/some_optimizations/GX_SIMSOPT/output_MAXITER150_least_squares_nfp2_QA/gxRun_wout_nfp2_QA_000_000018.nc'
15:44:26 - Growth rate = 100.000000, quasisymmetry = 4.648950 with aspect ratio=6.015173 took 1.830376s
15:44:41 - Growth rate = 0.302652, quasisymmetry = 0.250874 with aspect ratio=6.006467 took 7.192276s
15:44:55 - Growth rate = 0.302652, quasisymmetry = 0.250874 with aspect ratio=6.006467 took 7.220787s
15:45:23 - Growth rate = 0.302660, quasisymmetry = 0.250891 with aspect ratio=6.006468 took 20.262749s
15:45:24 - Growth rate = 0.302644, quasisymmetry = 0.250973 with aspect ratio=6.006467 took 21.057465s
15:45:24 - Growth rate = 0.302636, quasisymmetry = 0.250876 with aspect ratio=6.006467 took 21.111287s
15:45:24 - Growth rate = 0.302652, quasisymmetry = 0.250883 with aspect ratio=6.006467 took 21.444773s
15:45:48 - Growth rate = 0.302628, quasisymmetry = 0.250932 with aspect ratio=6.006468 took 17.247375s
15:45:52 - Growth rate = 0.302636, quasisymmetry = 0.250980 with aspect ratio=6.006428 took 19.846376s
15:45:52 - Growth rate = 0.302620, quasisymmetry = 0.250936 with aspect ratio=6.006134 took 19.916551s
15:45:52 - Growth rate = 0.302636, quasisymmetry = 0.250954 with aspect ratio=6.006468 took 20.142286s
15:46:04 - Growth rate = 0.302636, quasisymmetry = 0.250962 with aspect ratio=6.006467 took 8.300524s
15:46:17 - Growth rate = 0.302628, quasisymmetry = 0.250892 with aspect ratio=6.006467 took 17.104593s
15:46:17 - Growth rate = 0.302652, quasisymmetry = 0.250899 with aspect ratio=6.006467 took 17.065419s
15:46:17 - Growth rate = 0.302636, quasisymmetry = 0.250982 with aspect ratio=6.006468 took 17.079196s
15:46:21 - Growth rate = 0.302652, quasisymmetry = 0.250874 with aspect ratio=6.006469 took 8.984306s
15:46:43 - Growth rate = 0.302644, quasisymmetry = 0.250873 with aspect ratio=6.006468 took 18.464763s
15:46:43 - Growth rate = 0.302644, quasisymmetry = 0.250877 with aspect ratio=6.006466 took 18.865882s
15:46:43 - Growth rate = 0.302628, quasisymmetry = 0.250875 with aspect ratio=6.006468 took 18.808866s
15:46:45 - Growth rate = 0.302636, quasisymmetry = 0.250879 with aspect ratio=6.006467 took 16.204810s
15:47:08 - Growth rate = 0.302644, quasisymmetry = 0.250882 with aspect ratio=6.006467 took 18.012419s
15:47:09 - Growth rate = 0.302636, quasisymmetry = 0.250878 with aspect ratio=6.006468 took 18.792186s
15:47:10 - Growth rate = 0.302660, quasisymmetry = 0.250878 with aspect ratio=6.006467 took 19.022482s
15:47:12 - Growth rate = 0.302636, quasisymmetry = 0.250876 with aspect ratio=6.006467 took 18.218373s
15:47:32 - Growth rate = 0.302652, quasisymmetry = 0.250875 with aspect ratio=6.006468 took 16.389286s
15:47:35 - Growth rate = 0.302636, quasisymmetry = 0.250882 with aspect ratio=6.006467 took 18.111236s
15:47:36 - Growth rate = 0.302644, quasisymmetry = 0.250876 with aspect ratio=6.006467 took 18.673380s
15:47:37 - Growth rate = 0.302652, quasisymmetry = 0.250888 with aspect ratio=6.006467 took 18.098716s
15:47:51 - Growth rate = 0.302636, quasisymmetry = 0.250880 with aspect ratio=6.006467 took 10.638621s
15:47:58 - Growth rate = 0.302652, quasisymmetry = 0.250940 with aspect ratio=6.006467 took 16.001682s
15:48:00 - Growth rate = 0.302628, quasisymmetry = 0.250871 with aspect ratio=6.006467 took 16.529900s
15:48:01 - Growth rate = 0.302644, quasisymmetry = 0.250842 with aspect ratio=6.006467 took 15.792263s
15:48:06 - Growth rate = 0.302652, quasisymmetry = 0.250806 with aspect ratio=6.006463 took 7.536985s
15:48:19 - Growth rate = 0.302652, quasisymmetry = 0.250964 with aspect ratio=6.006585 took 13.073077s
15:48:23 - Growth rate = 0.302660, quasisymmetry = 0.250761 with aspect ratio=6.006053 took 15.609629s
15:48:25 - Growth rate = 0.302652, quasisymmetry = 0.250944 with aspect ratio=6.006469 took 16.239581s
15:48:27 - Growth rate = 0.302652, quasisymmetry = 0.250941 with aspect ratio=6.006467 took 12.796939s
15:48:35 - Growth rate = 0.302652, quasisymmetry = 0.250903 with aspect ratio=6.006468 took 8.050638s
15:48:44 - Growth rate = 0.302636, quasisymmetry = 0.250897 with aspect ratio=6.006467 took 13.352747s
15:48:46 - Growth rate = 0.302636, quasisymmetry = 0.250878 with aspect ratio=6.006469 took 14.175930s
15:48:49 - Growth rate = 0.302636, quasisymmetry = 0.250878 with aspect ratio=6.006466 took 14.004055s
15:48:52 - Growth rate = 0.302660, quasisymmetry = 0.250875 with aspect ratio=6.006468 took 9.013819s
15:49:00 - Growth rate = 0.302652, quasisymmetry = 0.250874 with aspect ratio=6.006459 took 8.492006s
15:49:07 - Growth rate = 0.302644, quasisymmetry = 0.250886 with aspect ratio=6.006467 took 13.236566s
15:49:10 - Growth rate = 0.302636, quasisymmetry = 0.250881 with aspect ratio=6.006467 took 13.919442s
15:49:13 - Growth rate = 0.302644, quasisymmetry = 0.250880 with aspect ratio=6.006468 took 12.441571s
15:49:16 - Growth rate = 0.302644, quasisymmetry = 0.250880 with aspect ratio=6.006468 took 8.233811s
15:49:23 - Growth rate = 0.302644, quasisymmetry = 0.250874 with aspect ratio=6.006468 took 8.077426s
15:49:30 - Growth rate = 0.302644, quasisymmetry = 0.250873 with aspect ratio=6.006468 took 12.369780s
15:49:34 - Growth rate = 0.302644, quasisymmetry = 0.250877 with aspect ratio=6.006467 took 13.273752s
15:49:36 - Growth rate = 0.302652, quasisymmetry = 0.250873 with aspect ratio=6.006467 took 12.033778s
       1              5         4.5802e-01      3.79e-03       5.84e-03       7.14e+01    
15:49:50 - Growth rate = 0.302130, quasisymmetry = 0.378348 with aspect ratio=6.006473 took 7.245935s
15:50:05 - Growth rate = 0.302130, quasisymmetry = 0.378348 with aspect ratio=6.006473 took 7.371501s
15:50:33 - Growth rate = 0.302122, quasisymmetry = 0.378353 with aspect ratio=6.006473 took 20.890543s
15:50:33 - Growth rate = 0.302122, quasisymmetry = 0.378469 with aspect ratio=6.006473 took 20.942043s
15:50:33 - Growth rate = 0.302122, quasisymmetry = 0.378359 with aspect ratio=6.006473 took 20.843840s
15:50:33 - Growth rate = 0.302122, quasisymmetry = 0.378373 with aspect ratio=6.006474 took 21.442424s
15:50:59 - Growth rate = 0.302082, quasisymmetry = 0.378425 with aspect ratio=6.006139 took 19.327440s
15:51:01 - Growth rate = 0.302130, quasisymmetry = 0.378454 with aspect ratio=6.006473 took 20.429720s
15:51:01 - Growth rate = 0.302114, quasisymmetry = 0.378492 with aspect ratio=6.006434 took 20.431833s
15:51:01 - Growth rate = 0.302122, quasisymmetry = 0.378424 with aspect ratio=6.006473 took 20.546699s
15:51:22 - Growth rate = 0.302137, quasisymmetry = 0.378383 with aspect ratio=6.006473 took 15.494595s
15:51:27 - Growth rate = 0.302130, quasisymmetry = 0.378480 with aspect ratio=6.006473 took 18.964864s
15:51:27 - Growth rate = 0.302122, quasisymmetry = 0.378371 with aspect ratio=6.006473 took 19.117858s
15:51:28 - Growth rate = 0.302122, quasisymmetry = 0.378467 with aspect ratio=6.006472 took 19.198406s
15:51:37 - Growth rate = 0.302130, quasisymmetry = 0.378352 with aspect ratio=6.006471 took 7.253906s
15:51:49 - Growth rate = 0.302130, quasisymmetry = 0.378347 with aspect ratio=6.006473 took 14.772059s
15:51:51 - Growth rate = 0.302114, quasisymmetry = 0.378350 with aspect ratio=6.006473 took 15.959595s
15:51:52 - Growth rate = 0.302122, quasisymmetry = 0.378349 with aspect ratio=6.006475 took 16.284779s
15:51:55 - Growth rate = 0.302130, quasisymmetry = 0.378355 with aspect ratio=6.006473 took 10.307920s
15:52:06 - Growth rate = 0.302122, quasisymmetry = 0.378359 with aspect ratio=6.006473 took 10.168437s
15:52:14 - Growth rate = 0.302122, quasisymmetry = 0.378354 with aspect ratio=6.006473 took 15.611350s
15:52:15 - Growth rate = 0.302114, quasisymmetry = 0.378352 with aspect ratio=6.006472 took 15.843449s
15:52:16 - Growth rate = 0.302122, quasisymmetry = 0.378351 with aspect ratio=6.006472 took 13.762215s
15:52:22 - Growth rate = 0.302137, quasisymmetry = 0.378350 with aspect ratio=6.006473 took 7.755984s
15:52:34 - Growth rate = 0.302114, quasisymmetry = 0.378359 with aspect ratio=6.006473 took 13.230891s
15:52:39 - Growth rate = 0.302130, quasisymmetry = 0.378352 with aspect ratio=6.006472 took 16.406309s
15:52:40 - Growth rate = 0.302130, quasisymmetry = 0.378347 with aspect ratio=6.006473 took 16.466468s
15:52:42 - Growth rate = 0.302130, quasisymmetry = 0.378356 with aspect ratio=6.006473 took 13.181440s
15:52:49 - Growth rate = 0.302130, quasisymmetry = 0.378420 with aspect ratio=6.006473 took 7.241254s
15:53:00 - Growth rate = 0.302130, quasisymmetry = 0.378368 with aspect ratio=6.006473 took 14.207508s
15:53:01 - Growth rate = 0.302161, quasisymmetry = 0.378188 with aspect ratio=6.006059 took 14.521832s
15:53:05 - Growth rate = 0.302122, quasisymmetry = 0.378257 with aspect ratio=6.006468 took 14.765143s
15:53:08 - Growth rate = 0.302122, quasisymmetry = 0.378475 with aspect ratio=6.006591 took 10.614914s
15:53:22 - Growth rate = 0.302137, quasisymmetry = 0.378382 with aspect ratio=6.006473 took 14.268833s
15:53:23 - Growth rate = 0.302122, quasisymmetry = 0.378314 with aspect ratio=6.006473 took 14.969657s
15:53:28 - Growth rate = 0.302114, quasisymmetry = 0.378425 with aspect ratio=6.006472 took 15.231000s
15:53:29 - Growth rate = 0.302122, quasisymmetry = 0.378381 with aspect ratio=6.006473 took 13.732525s
15:53:43 - Growth rate = 0.302137, quasisymmetry = 0.378349 with aspect ratio=6.006464 took 12.893750s
15:53:45 - Growth rate = 0.302122, quasisymmetry = 0.378442 with aspect ratio=6.006474 took 14.148796s
15:53:50 - Growth rate = 0.302114, quasisymmetry = 0.378354 with aspect ratio=6.006472 took 14.777849s
15:53:51 - Growth rate = 0.302130, quasisymmetry = 0.378350 with aspect ratio=6.006473 took 14.079488s
15:54:01 - Growth rate = 0.302130, quasisymmetry = 0.378358 with aspect ratio=6.006473 took 10.143764s
15:54:05 - Growth rate = 0.302114, quasisymmetry = 0.378355 with aspect ratio=6.006474 took 12.776434s
15:54:11 - Growth rate = 0.302114, quasisymmetry = 0.378360 with aspect ratio=6.006473 took 13.370685s
15:54:12 - Growth rate = 0.302114, quasisymmetry = 0.378355 with aspect ratio=6.006473 took 12.683630s
15:54:17 - Growth rate = 0.302114, quasisymmetry = 0.378348 with aspect ratio=6.006472 took 7.980683s
15:54:21 - Growth rate = 0.302137, quasisymmetry = 0.378363 with aspect ratio=6.006473 took 7.964372s
15:54:30 - Growth rate = 0.302122, quasisymmetry = 0.378347 with aspect ratio=6.006473 took 10.906569s
15:54:30 - Growth rate = 0.302130, quasisymmetry = 0.378353 with aspect ratio=6.006473 took 10.979251s
15:54:36 - Growth rate = 0.302122, quasisymmetry = 0.378349 with aspect ratio=6.006473 took 7.504207s
       2              6         4.5645e-01      1.57e-03       1.46e-03       4.81e+01    
15:54:50 - Growth rate = 0.302169, quasisymmetry = 0.402434 with aspect ratio=6.006967 took 7.312900s
15:55:04 - Growth rate = 0.302130, quasisymmetry = 0.384269 with aspect ratio=6.006597 took 7.188254s
15:55:18 - Growth rate = 0.302130, quasisymmetry = 0.384269 with aspect ratio=6.006597 took 7.256784s
15:55:46 - Growth rate = 0.302122, quasisymmetry = 0.384391 with aspect ratio=6.006597 took 20.496056s
15:55:47 - Growth rate = 0.302122, quasisymmetry = 0.384280 with aspect ratio=6.006597 took 20.952286s
15:55:47 - Growth rate = 0.302145, quasisymmetry = 0.384294 with aspect ratio=6.006598 took 20.994788s
15:55:47 - Growth rate = 0.302137, quasisymmetry = 0.384274 with aspect ratio=6.006597 took 21.475312s
15:56:12 - Growth rate = 0.302130, quasisymmetry = 0.384415 with aspect ratio=6.006558 took 18.511516s
15:56:14 - Growth rate = 0.302130, quasisymmetry = 0.384376 with aspect ratio=6.006597 took 19.914882s
15:56:14 - Growth rate = 0.302145, quasisymmetry = 0.384346 with aspect ratio=6.006597 took 20.026028s
15:56:15 - Growth rate = 0.302130, quasisymmetry = 0.384347 with aspect ratio=6.006263 took 20.265383s
15:56:33 - Growth rate = 0.302130, quasisymmetry = 0.384293 with aspect ratio=6.006597 took 13.808152s
15:56:40 - Growth rate = 0.302137, quasisymmetry = 0.384402 with aspect ratio=6.006597 took 18.253247s
15:56:40 - Growth rate = 0.302130, quasisymmetry = 0.384389 with aspect ratio=6.006596 took 18.411177s
15:56:41 - Growth rate = 0.302145, quasisymmetry = 0.384304 with aspect ratio=6.006597 took 18.502168s
15:56:48 - Growth rate = 0.302145, quasisymmetry = 0.384271 with aspect ratio=6.006597 took 7.050482s
15:57:00 - Growth rate = 0.302145, quasisymmetry = 0.384268 with aspect ratio=6.006597 took 13.248896s
15:57:03 - Growth rate = 0.302137, quasisymmetry = 0.384270 with aspect ratio=6.006599 took 15.666149s
15:57:04 - Growth rate = 0.302114, quasisymmetry = 0.384273 with aspect ratio=6.006595 took 15.934160s
15:57:07 - Growth rate = 0.302130, quasisymmetry = 0.384275 with aspect ratio=6.006597 took 11.384387s
15:57:17 - Growth rate = 0.302137, quasisymmetry = 0.384280 with aspect ratio=6.006597 took 9.923400s
15:57:25 - Growth rate = 0.302137, quasisymmetry = 0.384273 with aspect ratio=6.006597 took 14.829502s
15:57:27 - Growth rate = 0.302145, quasisymmetry = 0.384276 with aspect ratio=6.006597 took 15.318665s
15:57:28 - Growth rate = 0.302130, quasisymmetry = 0.384280 with aspect ratio=6.006597 took 13.184090s
15:57:33 - Growth rate = 0.302122, quasisymmetry = 0.384271 with aspect ratio=6.006597 took 8.149201s
15:57:45 - Growth rate = 0.302122, quasisymmetry = 0.384273 with aspect ratio=6.006597 took 12.368662s
15:57:48 - Growth rate = 0.302137, quasisymmetry = 0.384272 with aspect ratio=6.006596 took 14.864764s
15:57:51 - Growth rate = 0.302137, quasisymmetry = 0.384341 with aspect ratio=6.006597 took 15.394329s
15:57:53 - Growth rate = 0.302137, quasisymmetry = 0.384277 with aspect ratio=6.006597 took 12.511921s
15:58:00 - Growth rate = 0.302137, quasisymmetry = 0.384289 with aspect ratio=6.006597 took 7.855235s
15:58:08 - Growth rate = 0.302130, quasisymmetry = 0.384268 with aspect ratio=6.006597 took 11.985574s
15:58:12 - Growth rate = 0.302137, quasisymmetry = 0.384398 with aspect ratio=6.006715 took 13.812105s
15:58:14 - Growth rate = 0.302130, quasisymmetry = 0.384178 with aspect ratio=6.006592 took 14.245641s
15:58:17 - Growth rate = 0.302145, quasisymmetry = 0.384234 with aspect ratio=6.006597 took 9.625461s
15:58:23 - Growth rate = 0.302145, quasisymmetry = 0.384107 with aspect ratio=6.006183 took 7.349054s
15:58:30 - Growth rate = 0.302137, quasisymmetry = 0.384302 with aspect ratio=6.006597 took 10.950772s
15:58:34 - Growth rate = 0.302130, quasisymmetry = 0.384347 with aspect ratio=6.006597 took 12.806372s
15:58:38 - Growth rate = 0.302137, quasisymmetry = 0.384364 with aspect ratio=6.006599 took 13.362499s
15:58:40 - Growth rate = 0.302137, quasisymmetry = 0.384303 with aspect ratio=6.006597 took 10.110823s
15:58:45 - Growth rate = 0.302130, quasisymmetry = 0.384271 with aspect ratio=6.006597 took 7.381785s
15:58:50 - Growth rate = 0.302137, quasisymmetry = 0.384275 with aspect ratio=6.006596 took 8.992485s
15:58:57 - Growth rate = 0.302122, quasisymmetry = 0.384276 with aspect ratio=6.006598 took 11.839829s
15:59:00 - Growth rate = 0.302137, quasisymmetry = 0.384270 with aspect ratio=6.006588 took 12.863318s
15:59:04 - Growth rate = 0.302137, quasisymmetry = 0.384276 with aspect ratio=6.006597 took 11.944378s
15:59:07 - Growth rate = 0.302130, quasisymmetry = 0.384281 with aspect ratio=6.006597 took 9.623723s
15:59:13 - Growth rate = 0.302137, quasisymmetry = 0.384284 with aspect ratio=6.006597 took 9.487135s
15:59:18 - Growth rate = 0.302130, quasisymmetry = 0.384279 with aspect ratio=6.006597 took 10.826153s
15:59:23 - Growth rate = 0.302122, quasisymmetry = 0.384274 with aspect ratio=6.006597 took 11.415941s
15:59:26 - Growth rate = 0.302130, quasisymmetry = 0.384268 with aspect ratio=6.006597 took 11.364356s
15:59:31 - Growth rate = 0.302145, quasisymmetry = 0.384270 with aspect ratio=6.006598 took 10.356699s
15:59:34 - Growth rate = 0.302137, quasisymmetry = 0.384269 with aspect ratio=6.006596 took 9.257395s
       3              8         4.5645e-01      2.25e-07       9.12e-05       4.73e+01    
15:59:48 - Growth rate = 0.302114, quasisymmetry = 0.383003 with aspect ratio=6.006614 took 7.159546s
16:00:03 - Growth rate = 0.302114, quasisymmetry = 0.383003 with aspect ratio=6.006614 took 7.231443s
16:00:31 - Growth rate = 0.302106, quasisymmetry = 0.383014 with aspect ratio=6.006614 took 20.632025s
16:00:31 - Growth rate = 0.302090, quasisymmetry = 0.383125 with aspect ratio=6.006614 took 20.777681s
16:00:31 - Growth rate = 0.302114, quasisymmetry = 0.383008 with aspect ratio=6.006614 took 20.911758s
16:00:32 - Growth rate = 0.302122, quasisymmetry = 0.383028 with aspect ratio=6.006615 took 21.455299s
16:00:58 - Growth rate = 0.302106, quasisymmetry = 0.383110 with aspect ratio=6.006614 took 20.261402s
16:00:59 - Growth rate = 0.302106, quasisymmetry = 0.383148 with aspect ratio=6.006575 took 20.481132s
16:00:59 - Growth rate = 0.302090, quasisymmetry = 0.383080 with aspect ratio=6.006280 took 20.612886s
16:01:00 - Growth rate = 0.302122, quasisymmetry = 0.383080 with aspect ratio=6.006614 took 20.861348s
16:01:24 - Growth rate = 0.302090, quasisymmetry = 0.383136 with aspect ratio=6.006614 took 18.178217s
16:01:26 - Growth rate = 0.302130, quasisymmetry = 0.383026 with aspect ratio=6.006614 took 19.487814s
16:01:26 - Growth rate = 0.302106, quasisymmetry = 0.383038 with aspect ratio=6.006614 took 19.627591s
16:01:27 - Growth rate = 0.302098, quasisymmetry = 0.383122 with aspect ratio=6.006613 took 19.799307s
16:01:44 - Growth rate = 0.302106, quasisymmetry = 0.383002 with aspect ratio=6.006614 took 12.761942s
16:01:51 - Growth rate = 0.302122, quasisymmetry = 0.383005 with aspect ratio=6.006614 took 17.814976s
16:01:52 - Growth rate = 0.302106, quasisymmetry = 0.383007 with aspect ratio=6.006612 took 18.005596s
16:01:53 - Growth rate = 0.302106, quasisymmetry = 0.383004 with aspect ratio=6.006615 took 18.079031s
16:01:59 - Growth rate = 0.302106, quasisymmetry = 0.383014 with aspect ratio=6.006613 took 7.477662s
16:02:14 - Growth rate = 0.302114, quasisymmetry = 0.383009 with aspect ratio=6.006614 took 15.234821s
16:02:16 - Growth rate = 0.302098, quasisymmetry = 0.383007 with aspect ratio=6.006613 took 16.955322s
16:02:17 - Growth rate = 0.302090, quasisymmetry = 0.383010 with aspect ratio=6.006614 took 17.122394s
16:02:20 - Growth rate = 0.302098, quasisymmetry = 0.383005 with aspect ratio=6.006614 took 12.728457s
16:02:33 - Growth rate = 0.302114, quasisymmetry = 0.383014 with aspect ratio=6.006614 took 11.696307s
16:02:40 - Growth rate = 0.302098, quasisymmetry = 0.383006 with aspect ratio=6.006613 took 16.870294s
16:02:41 - Growth rate = 0.302098, quasisymmetry = 0.383007 with aspect ratio=6.006613 took 17.012493s
16:02:42 - Growth rate = 0.302114, quasisymmetry = 0.383011 with aspect ratio=6.006614 took 14.879161s
16:02:48 - Growth rate = 0.302122, quasisymmetry = 0.383075 with aspect ratio=6.006614 took 7.468905s
16:03:02 - Growth rate = 0.302106, quasisymmetry = 0.383023 with aspect ratio=6.006614 took 14.553471s
16:03:04 - Growth rate = 0.302114, quasisymmetry = 0.383002 with aspect ratio=6.006614 took 15.645026s
16:03:06 - Growth rate = 0.302106, quasisymmetry = 0.382912 with aspect ratio=6.006609 took 16.256959s
16:03:09 - Growth rate = 0.302122, quasisymmetry = 0.383131 with aspect ratio=6.006732 took 12.709427s
16:03:21 - Growth rate = 0.302114, quasisymmetry = 0.382968 with aspect ratio=6.006614 took 11.413063s
16:03:27 - Growth rate = 0.302130, quasisymmetry = 0.382841 with aspect ratio=6.006200 took 15.545616s
16:03:29 - Growth rate = 0.302106, quasisymmetry = 0.383081 with aspect ratio=6.006613 took 15.885013s
16:03:30 - Growth rate = 0.302106, quasisymmetry = 0.383036 with aspect ratio=6.006614 took 14.153030s
16:03:36 - Growth rate = 0.302122, quasisymmetry = 0.383097 with aspect ratio=6.006615 took 7.215056s
16:03:44 - Growth rate = 0.302114, quasisymmetry = 0.383037 with aspect ratio=6.006614 took 9.902697s
16:03:50 - Growth rate = 0.302130, quasisymmetry = 0.383009 with aspect ratio=6.006613 took 13.804039s
16:03:52 - Growth rate = 0.302114, quasisymmetry = 0.383005 with aspect ratio=6.006614 took 14.435262s
16:03:55 - Growth rate = 0.302114, quasisymmetry = 0.383010 with aspect ratio=6.006615 took 11.276998s
16:03:59 - Growth rate = 0.302114, quasisymmetry = 0.383004 with aspect ratio=6.006605 took 7.717760s
16:04:08 - Growth rate = 0.302098, quasisymmetry = 0.383015 with aspect ratio=6.006613 took 10.503222s
16:04:13 - Growth rate = 0.302106, quasisymmetry = 0.383010 with aspect ratio=6.006614 took 13.252372s
16:04:17 - Growth rate = 0.302106, quasisymmetry = 0.383018 with aspect ratio=6.006614 took 14.050352s
16:04:19 - Growth rate = 0.302106, quasisymmetry = 0.383013 with aspect ratio=6.006614 took 11.595207s
16:04:24 - Growth rate = 0.302114, quasisymmetry = 0.383002 with aspect ratio=6.006614 took 7.985591s
16:04:28 - Growth rate = 0.302106, quasisymmetry = 0.383008 with aspect ratio=6.006614 took 8.765343s
16:04:35 - Growth rate = 0.302106, quasisymmetry = 0.383004 with aspect ratio=6.006614 took 11.292064s
16:04:37 - Growth rate = 0.302106, quasisymmetry = 0.383003 with aspect ratio=6.006613 took 11.246778s
       4              9         4.5640e-01      4.80e-05       2.28e-05       7.20e+01    
16:04:51 - Growth rate = 0.302106, quasisymmetry = 0.383599 with aspect ratio=6.006610 took 7.223484s
16:05:05 - Growth rate = 0.302106, quasisymmetry = 0.383599 with aspect ratio=6.006610 took 7.230017s
16:05:33 - Growth rate = 0.302098, quasisymmetry = 0.383721 with aspect ratio=6.006611 took 20.611704s
16:05:34 - Growth rate = 0.302098, quasisymmetry = 0.383610 with aspect ratio=6.006611 took 21.011887s
16:05:34 - Growth rate = 0.302098, quasisymmetry = 0.383604 with aspect ratio=6.006611 took 21.075265s
16:05:34 - Growth rate = 0.302090, quasisymmetry = 0.383624 with aspect ratio=6.006612 took 21.603687s
16:05:59 - Growth rate = 0.302098, quasisymmetry = 0.383745 with aspect ratio=6.006571 took 18.922774s
16:06:01 - Growth rate = 0.302106, quasisymmetry = 0.383706 with aspect ratio=6.006611 took 20.166882s
16:06:01 - Growth rate = 0.302082, quasisymmetry = 0.383676 with aspect ratio=6.006277 took 20.142895s
16:06:02 - Growth rate = 0.302098, quasisymmetry = 0.383676 with aspect ratio=6.006611 took 20.479304s
16:06:21 - Growth rate = 0.302098, quasisymmetry = 0.383622 with aspect ratio=6.006611 took 13.877784s
16:06:27 - Growth rate = 0.302106, quasisymmetry = 0.383634 with aspect ratio=6.006610 took 18.582247s
16:06:27 - Growth rate = 0.302098, quasisymmetry = 0.383732 with aspect ratio=6.006611 took 18.669070s
16:06:28 - Growth rate = 0.302106, quasisymmetry = 0.383719 with aspect ratio=6.006610 took 18.502492s
16:06:36 - Growth rate = 0.302098, quasisymmetry = 0.383601 with aspect ratio=6.006611 took 7.256880s
[Errno 2] No such file or directory: 'gxRun_wout_nfp2_QA_002_000064.restart.nc'
16:06:53 - Growth rate = 0.302082, quasisymmetry = 0.383598 with aspect ratio=6.006611 took 17.985614s
16:06:53 - Growth rate = 100.000000, quasisymmetry = 0.383603 with aspect ratio=6.006609 took 18.168215s
16:06:53 - Growth rate = 0.302090, quasisymmetry = 0.383600 with aspect ratio=6.006612 took 18.095323s
16:06:56 - Growth rate = 0.302106, quasisymmetry = 0.383605 with aspect ratio=6.006611 took 12.809764s
16:07:17 - Growth rate = 0.302106, quasisymmetry = 0.383610 with aspect ratio=6.006610 took 17.437709s
16:07:19 - Growth rate = 0.302106, quasisymmetry = 0.383606 with aspect ratio=6.006611 took 18.871950s
16:07:19 - Growth rate = 0.302106, quasisymmetry = 0.383603 with aspect ratio=6.006610 took 18.874424s
16:07:21 - Growth rate = 0.302098, quasisymmetry = 0.383610 with aspect ratio=6.006610 took 17.301129s
16:07:38 - Growth rate = 0.302098, quasisymmetry = 0.383601 with aspect ratio=6.006611 took 13.575662s
16:07:44 - Growth rate = 0.302106, quasisymmetry = 0.383602 with aspect ratio=6.006610 took 17.866862s
16:07:45 - Growth rate = 0.302106, quasisymmetry = 0.383603 with aspect ratio=6.006610 took 18.097486s
16:07:46 - Growth rate = 0.302106, quasisymmetry = 0.383671 with aspect ratio=6.006610 took 17.837337s
16:07:53 - Growth rate = 0.302090, quasisymmetry = 0.383607 with aspect ratio=6.006610 took 7.132372s
16:08:07 - Growth rate = 0.302098, quasisymmetry = 0.383619 with aspect ratio=6.006610 took 15.280738s
16:08:07 - Growth rate = 0.302090, quasisymmetry = 0.383598 with aspect ratio=6.006610 took 15.952296s
16:08:10 - Growth rate = 0.302090, quasisymmetry = 0.383727 with aspect ratio=6.006728 took 16.326400s
16:08:13 - Growth rate = 0.302090, quasisymmetry = 0.383508 with aspect ratio=6.006606 took 11.795612s
16:08:28 - Growth rate = 0.302098, quasisymmetry = 0.383564 with aspect ratio=6.006610 took 13.798334s
16:08:30 - Growth rate = 0.302114, quasisymmetry = 0.383437 with aspect ratio=6.006196 took 15.748938s
16:08:34 - Growth rate = 0.302098, quasisymmetry = 0.383632 with aspect ratio=6.006611 took 16.328531s
16:08:35 - Growth rate = 0.302082, quasisymmetry = 0.383677 with aspect ratio=6.006610 took 14.753867s
16:08:44 - Growth rate = 0.302090, quasisymmetry = 0.383693 with aspect ratio=6.006612 took 8.907028s
16:08:51 - Growth rate = 0.302090, quasisymmetry = 0.383633 with aspect ratio=6.006611 took 13.415230s
16:08:55 - Growth rate = 0.302090, quasisymmetry = 0.383601 with aspect ratio=6.006611 took 14.252094s
16:08:57 - Growth rate = 0.302098, quasisymmetry = 0.383605 with aspect ratio=6.006609 took 14.047955s
16:09:01 - Growth rate = 0.302114, quasisymmetry = 0.383606 with aspect ratio=6.006612 took 8.452482s
16:09:06 - Growth rate = 0.302098, quasisymmetry = 0.383600 with aspect ratio=6.006602 took 7.130461s
16:09:13 - Growth rate = 0.302090, quasisymmetry = 0.383606 with aspect ratio=6.006611 took 10.621535s
16:09:17 - Growth rate = 0.302106, quasisymmetry = 0.383611 with aspect ratio=6.006610 took 12.901314s
16:09:21 - Growth rate = 0.302090, quasisymmetry = 0.383614 with aspect ratio=6.006611 took 13.227099s
16:09:24 - Growth rate = 0.302090, quasisymmetry = 0.383608 with aspect ratio=6.006611 took 10.267368s
16:09:28 - Growth rate = 0.302098, quasisymmetry = 0.383603 with aspect ratio=6.006610 took 7.163140s
16:09:33 - Growth rate = 0.302106, quasisymmetry = 0.383598 with aspect ratio=6.006611 took 8.066143s
16:09:40 - Growth rate = 0.302098, quasisymmetry = 0.383600 with aspect ratio=6.006611 took 11.598861s
16:09:42 - Growth rate = 0.302082, quasisymmetry = 0.383599 with aspect ratio=6.006610 took 11.457788s
       5             10         4.5638e-01      2.39e-05       5.70e-06       1.17e+08    
16:09:56 - Growth rate = 0.302098, quasisymmetry = 0.383600 with aspect ratio=6.006612 took 7.292033s
16:10:11 - Growth rate = 0.302098, quasisymmetry = 0.383600 with aspect ratio=6.006612 took 7.347435s
16:10:38 - Growth rate = 0.302098, quasisymmetry = 0.383611 with aspect ratio=6.006612 took 20.247370s
16:10:39 - Growth rate = 0.302098, quasisymmetry = 0.383625 with aspect ratio=6.006614 took 20.679493s
16:10:39 - Growth rate = 0.302090, quasisymmetry = 0.383605 with aspect ratio=6.006612 took 20.761213s
16:10:40 - Growth rate = 0.302098, quasisymmetry = 0.383722 with aspect ratio=6.006612 took 21.519514s
16:11:05 - Growth rate = 0.302098, quasisymmetry = 0.383707 with aspect ratio=6.006613 took 19.088568s
16:11:06 - Growth rate = 0.302098, quasisymmetry = 0.383677 with aspect ratio=6.006613 took 19.585324s
16:11:06 - Growth rate = 0.302090, quasisymmetry = 0.383677 with aspect ratio=6.006279 took 19.836856s
16:11:07 - Growth rate = 0.302098, quasisymmetry = 0.383746 with aspect ratio=6.006573 took 19.777246s
16:11:29 - Growth rate = 0.302106, quasisymmetry = 0.383733 with aspect ratio=6.006613 took 16.638780s
16:11:32 - Growth rate = 0.302098, quasisymmetry = 0.383720 with aspect ratio=6.006612 took 18.527164s
16:11:33 - Growth rate = 0.302098, quasisymmetry = 0.383635 with aspect ratio=6.006612 took 18.947974s
16:11:33 - Growth rate = 0.302106, quasisymmetry = 0.383624 with aspect ratio=6.006612 took 18.930845s
16:11:46 - Growth rate = 0.302098, quasisymmetry = 0.383599 with aspect ratio=6.006613 took 9.595419s
16:11:55 - Growth rate = 0.302098, quasisymmetry = 0.383601 with aspect ratio=6.006614 took 16.348776s
16:11:57 - Growth rate = 0.302082, quasisymmetry = 0.383604 with aspect ratio=6.006611 took 16.577449s
16:11:57 - Growth rate = 0.302106, quasisymmetry = 0.383602 with aspect ratio=6.006613 took 16.474157s
16:12:02 - Growth rate = 0.302114, quasisymmetry = 0.383611 with aspect ratio=6.006612 took 8.146421s
16:12:18 - Growth rate = 0.302098, quasisymmetry = 0.383604 with aspect ratio=6.006612 took 15.594684s
16:12:20 - Growth rate = 0.302098, quasisymmetry = 0.383607 with aspect ratio=6.006612 took 16.948651s
16:12:22 - Growth rate = 0.302122, quasisymmetry = 0.383606 with aspect ratio=6.006613 took 17.354995s
16:12:24 - Growth rate = 0.302106, quasisymmetry = 0.383602 with aspect ratio=6.006613 took 14.610839s
16:12:36 - Growth rate = 0.302098, quasisymmetry = 0.383604 with aspect ratio=6.006612 took 10.248384s
16:12:43 - Growth rate = 0.302098, quasisymmetry = 0.383604 with aspect ratio=6.006612 took 15.694093s
16:12:45 - Growth rate = 0.302090, quasisymmetry = 0.383611 with aspect ratio=6.006612 took 16.129524s
16:12:46 - Growth rate = 0.302098, quasisymmetry = 0.383608 with aspect ratio=6.006612 took 14.998810s
16:12:51 - Growth rate = 0.302106, quasisymmetry = 0.383620 with aspect ratio=6.006612 took 7.801252s
16:13:02 - Growth rate = 0.302090, quasisymmetry = 0.383599 with aspect ratio=6.006612 took 11.715059s
16:13:08 - Growth rate = 0.302098, quasisymmetry = 0.383672 with aspect ratio=6.006612 took 15.713366s
16:13:09 - Growth rate = 0.302090, quasisymmetry = 0.383509 with aspect ratio=6.006608 took 15.913368s
16:13:12 - Growth rate = 0.302106, quasisymmetry = 0.383565 with aspect ratio=6.006612 took 12.488189s
16:13:17 - Growth rate = 0.302122, quasisymmetry = 0.383438 with aspect ratio=6.006198 took 7.090217s
16:13:29 - Growth rate = 0.302106, quasisymmetry = 0.383729 with aspect ratio=6.006730 took 12.876351s
16:13:32 - Growth rate = 0.302106, quasisymmetry = 0.383678 with aspect ratio=6.006612 took 15.328446s
16:13:35 - Growth rate = 0.302106, quasisymmetry = 0.383695 with aspect ratio=6.006614 took 16.023030s
16:13:37 - Growth rate = 0.302106, quasisymmetry = 0.383634 with aspect ratio=6.006612 took 12.586633s
16:13:44 - Growth rate = 0.302106, quasisymmetry = 0.383633 with aspect ratio=6.006613 took 7.996239s
16:13:52 - Growth rate = 0.302098, quasisymmetry = 0.383606 with aspect ratio=6.006611 took 12.787167s
16:13:56 - Growth rate = 0.302106, quasisymmetry = 0.383607 with aspect ratio=6.006614 took 13.992035s
16:13:58 - Growth rate = 0.302106, quasisymmetry = 0.383601 with aspect ratio=6.006604 took 14.319697s
16:14:01 - Growth rate = 0.302098, quasisymmetry = 0.383602 with aspect ratio=6.006613 took 9.446803s
16:14:07 - Growth rate = 0.302090, quasisymmetry = 0.383612 with aspect ratio=6.006612 took 7.388403s
16:14:16 - Growth rate = 0.302090, quasisymmetry = 0.383615 with aspect ratio=6.006612 took 12.438094s
16:14:19 - Growth rate = 0.302082, quasisymmetry = 0.383610 with aspect ratio=6.006613 took 13.600207s
16:14:22 - Growth rate = 0.302106, quasisymmetry = 0.383607 with aspect ratio=6.006613 took 13.892774s
16:14:25 - Growth rate = 0.302090, quasisymmetry = 0.383599 with aspect ratio=6.006613 took 9.804210s
16:14:32 - Growth rate = 0.302090, quasisymmetry = 0.383601 with aspect ratio=6.006613 took 8.639265s
16:14:38 - Growth rate = 0.302098, quasisymmetry = 0.383600 with aspect ratio=6.006612 took 11.435868s
16:14:40 - Growth rate = 0.302098, quasisymmetry = 0.383605 with aspect ratio=6.006612 took 10.597244s
       6             11         4.5635e-01      2.40e-05       1.43e-06       7.20e+01    
16:14:54 - Growth rate = 0.302098, quasisymmetry = 0.383583 with aspect ratio=6.006613 took 7.545635s
16:15:08 - Growth rate = 0.302098, quasisymmetry = 0.383583 with aspect ratio=6.006613 took 7.236221s
16:15:37 - Growth rate = 0.302090, quasisymmetry = 0.383608 with aspect ratio=6.006614 took 20.799230s
16:15:37 - Growth rate = 0.302098, quasisymmetry = 0.383594 with aspect ratio=6.006613 took 20.896302s
16:15:37 - Growth rate = 0.302082, quasisymmetry = 0.383588 with aspect ratio=6.006613 took 21.208803s
16:15:37 - Growth rate = 0.302098, quasisymmetry = 0.383705 with aspect ratio=6.006613 took 21.533086s
16:16:05 - Growth rate = 0.302090, quasisymmetry = 0.383659 with aspect ratio=6.006613 took 20.411835s
16:16:05 - Growth rate = 0.302098, quasisymmetry = 0.383690 with aspect ratio=6.006613 took 20.330349s
16:16:05 - Growth rate = 0.302082, quasisymmetry = 0.383660 with aspect ratio=6.006279 took 20.394120s
16:16:06 - Growth rate = 0.302106, quasisymmetry = 0.383728 with aspect ratio=6.006574 took 20.733181s
16:16:32 - Growth rate = 0.302098, quasisymmetry = 0.383702 with aspect ratio=6.006612 took 19.961267s
16:16:32 - Growth rate = 0.302090, quasisymmetry = 0.383715 with aspect ratio=6.006613 took 19.901180s
16:16:33 - Growth rate = 0.302098, quasisymmetry = 0.383618 with aspect ratio=6.006613 took 20.123954s
16:16:33 - Growth rate = 0.302106, quasisymmetry = 0.383606 with aspect ratio=6.006613 took 20.181269s
16:16:59 - Growth rate = 0.302090, quasisymmetry = 0.383582 with aspect ratio=6.006613 took 19.652893s
16:16:59 - Growth rate = 0.302098, quasisymmetry = 0.383583 with aspect ratio=6.006614 took 19.582950s
16:17:00 - Growth rate = 0.302098, quasisymmetry = 0.383587 with aspect ratio=6.006611 took 19.783131s
16:17:01 - Growth rate = 0.302114, quasisymmetry = 0.383585 with aspect ratio=6.006613 took 20.183678s
16:17:26 - Growth rate = 0.302098, quasisymmetry = 0.383594 with aspect ratio=6.006612 took 19.016555s
16:17:26 - Growth rate = 0.302114, quasisymmetry = 0.383587 with aspect ratio=6.006612 took 19.573403s
16:17:27 - Growth rate = 0.302098, quasisymmetry = 0.383590 with aspect ratio=6.006613 took 19.634951s
16:17:28 - Growth rate = 0.302106, quasisymmetry = 0.383589 with aspect ratio=6.006613 took 19.512531s
16:17:50 - Growth rate = 0.302106, quasisymmetry = 0.383584 with aspect ratio=6.006613 took 17.107839s
16:17:53 - Growth rate = 0.302106, quasisymmetry = 0.383587 with aspect ratio=6.006612 took 18.822410s
16:17:53 - Growth rate = 0.302098, quasisymmetry = 0.383586 with aspect ratio=6.006612 took 19.170666s
16:17:54 - Growth rate = 0.302098, quasisymmetry = 0.383594 with aspect ratio=6.006613 took 18.972327s
16:18:09 - Growth rate = 0.302090, quasisymmetry = 0.383590 with aspect ratio=6.006613 took 11.619288s
16:18:17 - Growth rate = 0.302074, quasisymmetry = 0.383602 with aspect ratio=6.006613 took 16.922863s
16:18:18 - Growth rate = 0.302082, quasisymmetry = 0.383582 with aspect ratio=6.006613 took 17.214608s
16:18:19 - Growth rate = 0.302098, quasisymmetry = 0.383655 with aspect ratio=6.006613 took 16.670218s
16:18:25 - Growth rate = 0.302106, quasisymmetry = 0.383491 with aspect ratio=6.006608 took 7.419452s
16:18:36 - Growth rate = 0.302106, quasisymmetry = 0.383548 with aspect ratio=6.006613 took 12.027995s
16:18:41 - Growth rate = 0.302114, quasisymmetry = 0.383421 with aspect ratio=6.006199 took 15.823380s
16:18:42 - Growth rate = 0.302106, quasisymmetry = 0.383711 with aspect ratio=6.006731 took 16.136021s
16:18:45 - Growth rate = 0.302114, quasisymmetry = 0.383660 with aspect ratio=6.006612 took 12.484974s
16:18:50 - Growth rate = 0.302098, quasisymmetry = 0.383677 with aspect ratio=6.006614 took 6.972323s
16:19:02 - Growth rate = 0.302106, quasisymmetry = 0.383616 with aspect ratio=6.006613 took 12.587062s
16:19:05 - Growth rate = 0.302098, quasisymmetry = 0.383616 with aspect ratio=6.006613 took 15.011704s
16:19:07 - Growth rate = 0.302098, quasisymmetry = 0.383588 with aspect ratio=6.006612 took 15.519283s
16:19:10 - Growth rate = 0.302106, quasisymmetry = 0.383590 with aspect ratio=6.006614 took 11.731580s
16:19:17 - Growth rate = 0.302106, quasisymmetry = 0.383583 with aspect ratio=6.006604 took 7.606207s
16:19:26 - Growth rate = 0.302082, quasisymmetry = 0.383585 with aspect ratio=6.006613 took 12.854906s
16:19:29 - Growth rate = 0.302090, quasisymmetry = 0.383595 with aspect ratio=6.006612 took 14.081274s
16:19:31 - Growth rate = 0.302106, quasisymmetry = 0.383598 with aspect ratio=6.006613 took 14.271800s
16:19:34 - Growth rate = 0.302114, quasisymmetry = 0.383592 with aspect ratio=6.006613 took 9.629859s
16:19:41 - Growth rate = 0.302090, quasisymmetry = 0.383590 with aspect ratio=6.006613 took 7.858266s
16:19:48 - Growth rate = 0.302098, quasisymmetry = 0.383581 with aspect ratio=6.006613 took 11.536375s
16:19:52 - Growth rate = 0.302106, quasisymmetry = 0.383584 with aspect ratio=6.006613 took 13.104250s
16:19:55 - Growth rate = 0.302098, quasisymmetry = 0.383583 with aspect ratio=6.006612 took 13.371057s
16:19:58 - Growth rate = 0.302098, quasisymmetry = 0.383587 with aspect ratio=6.006613 took 9.621880s
       7             12         4.5635e-01      1.28e-10       3.56e-07       4.81e+01    
16:20:12 - Growth rate = 0.302106, quasisymmetry = 0.383583 with aspect ratio=6.006613 took 7.279492s
16:20:26 - Growth rate = 0.302098, quasisymmetry = 0.383583 with aspect ratio=6.006613 took 7.172381s
16:20:41 - Growth rate = 0.302098, quasisymmetry = 0.383583 with aspect ratio=6.006613 took 7.294430s
16:21:09 - Growth rate = 0.302098, quasisymmetry = 0.383705 with aspect ratio=6.006613 took 20.758177s
16:21:09 - Growth rate = 0.302098, quasisymmetry = 0.383594 with aspect ratio=6.006613 took 21.079786s
16:21:09 - Growth rate = 0.302106, quasisymmetry = 0.383588 with aspect ratio=6.006613 took 21.087536s
16:21:10 - Growth rate = 0.302098, quasisymmetry = 0.383608 with aspect ratio=6.006614 took 21.662978s
16:21:35 - Growth rate = 0.302106, quasisymmetry = 0.383728 with aspect ratio=6.006574 took 18.814073s
16:21:36 - Growth rate = 0.302106, quasisymmetry = 0.383690 with aspect ratio=6.006613 took 20.009052s
16:21:37 - Growth rate = 0.302090, quasisymmetry = 0.383660 with aspect ratio=6.006279 took 20.056349s
16:21:37 - Growth rate = 0.302098, quasisymmetry = 0.383659 with aspect ratio=6.006613 took 20.203168s
16:21:57 - Growth rate = 0.302098, quasisymmetry = 0.383606 with aspect ratio=6.006613 took 14.335258s
16:22:03 - Growth rate = 0.302098, quasisymmetry = 0.383618 with aspect ratio=6.006613 took 18.756464s
16:22:03 - Growth rate = 0.302098, quasisymmetry = 0.383715 with aspect ratio=6.006613 took 18.896975s
16:22:05 - Growth rate = 0.302090, quasisymmetry = 0.383702 with aspect ratio=6.006612 took 20.402660s
16:22:11 - Growth rate = 0.302098, quasisymmetry = 0.383585 with aspect ratio=6.006613 took 7.268400s
16:22:25 - Growth rate = 0.302082, quasisymmetry = 0.383582 with aspect ratio=6.006613 took 14.921156s
16:22:26 - Growth rate = 0.302106, quasisymmetry = 0.383587 with aspect ratio=6.006611 took 15.785533s
16:22:28 - Growth rate = 0.302098, quasisymmetry = 0.383584 with aspect ratio=6.006614 took 16.304990s
16:22:31 - Growth rate = 0.302106, quasisymmetry = 0.383589 with aspect ratio=6.006613 took 11.794751s
[Errno 2] No such file or directory: b'/m100/home/userexternal/rjorge00/some_optimizations/GX_SIMSOPT/output_MAXITER150_least_squares_nfp2_QA/gxRun_wout_nfp2_QA_002_000101.nc'
16:22:47 - Growth rate = 100.000000, quasisymmetry = 0.383594 with aspect ratio=6.006612 took 14.463120s
[Errno 2] No such file or directory: b'/m100/home/userexternal/rjorge00/some_optimizations/GX_SIMSOPT/output_MAXITER150_least_squares_nfp2_QA/gxRun_wout_nfp2_QA_003_000101.nc'
16:22:48 - Growth rate = 100.000000, quasisymmetry = 0.383590 with aspect ratio=6.006613 took 15.393841s
[Errno 2] No such file or directory: b'/m100/home/userexternal/rjorge00/some_optimizations/GX_SIMSOPT/output_MAXITER150_least_squares_nfp2_QA/gxRun_wout_nfp2_QA_001_000101.nc'
16:22:52 - Growth rate = 100.000000, quasisymmetry = 0.383587 with aspect ratio=6.006612 took 16.133409s
[Errno 2] No such file or directory: b'/m100/home/userexternal/rjorge00/some_optimizations/GX_SIMSOPT/output_MAXITER150_least_squares_nfp2_QA/gxRun_wout_nfp2_QA_000_000126.nc'
16:22:53 - Growth rate = 100.000000, quasisymmetry = 0.383594 with aspect ratio=6.006613 took 14.914978s
16:23:06 - Growth rate = 0.302090, quasisymmetry = 0.383584 with aspect ratio=6.006613 took 11.596372s
16:23:10 - Growth rate = 0.302098, quasisymmetry = 0.383586 with aspect ratio=6.006612 took 14.736505s
16:23:15 - Growth rate = 0.302098, quasisymmetry = 0.383587 with aspect ratio=6.006612 took 15.435272s
16:23:15 - Growth rate = 0.302106, quasisymmetry = 0.383655 with aspect ratio=6.006613 took 14.401037s
16:23:21 - Growth rate = 0.302106, quasisymmetry = 0.383590 with aspect ratio=6.006613 took 7.161870s
16:23:25 - Growth rate = 0.302090, quasisymmetry = 0.383582 with aspect ratio=6.006613 took 7.415595s
16:23:35 - Growth rate = 0.302106, quasisymmetry = 0.383602 with aspect ratio=6.006613 took 13.044575s
16:23:36 - Growth rate = 0.302106, quasisymmetry = 0.383711 with aspect ratio=6.006731 took 13.320579s
16:23:41 - Growth rate = 0.302106, quasisymmetry = 0.383492 with aspect ratio=6.006608 took 12.853550s
16:23:43 - Growth rate = 0.302122, quasisymmetry = 0.383421 with aspect ratio=6.006199 took 9.977465s
16:23:53 - Growth rate = 0.302066, quasisymmetry = 0.383548 with aspect ratio=6.006613 took 10.612400s
16:23:55 - Growth rate = 0.302098, quasisymmetry = 0.383616 with aspect ratio=6.006613 took 12.232139s
16:24:02 - Growth rate = 0.302106, quasisymmetry = 0.383660 with aspect ratio=6.006612 took 13.084101s
16:24:03 - Growth rate = 0.302098, quasisymmetry = 0.383616 with aspect ratio=6.006613 took 11.820461s
16:24:10 - Growth rate = 0.302098, quasisymmetry = 0.383677 with aspect ratio=6.006614 took 8.911005s
16:24:13 - Growth rate = 0.302090, quasisymmetry = 0.383585 with aspect ratio=6.006613 took 9.662566s
16:24:21 - Growth rate = 0.302090, quasisymmetry = 0.383589 with aspect ratio=6.006612 took 11.739321s
16:24:22 - Growth rate = 0.302106, quasisymmetry = 0.383583 with aspect ratio=6.006604 took 12.353042s
16:24:28 - Growth rate = 0.302098, quasisymmetry = 0.383590 with aspect ratio=6.006614 took 11.380362s
16:24:30 - Growth rate = 0.302098, quasisymmetry = 0.383590 with aspect ratio=6.006613 took 10.121540s
16:24:38 - Growth rate = 0.302082, quasisymmetry = 0.383595 with aspect ratio=6.006612 took 9.940157s
16:24:41 - Growth rate = 0.302090, quasisymmetry = 0.383592 with aspect ratio=6.006613 took 10.880641s
16:24:47 - Growth rate = 0.302098, quasisymmetry = 0.383598 with aspect ratio=6.006613 took 11.173723s
16:24:49 - Growth rate = 0.302090, quasisymmetry = 0.383587 with aspect ratio=6.006613 took 11.073649s
16:24:56 - Growth rate = 0.302106, quasisymmetry = 0.383581 with aspect ratio=6.006613 took 10.466925s
16:24:58 - Growth rate = 0.302106, quasisymmetry = 0.383583 with aspect ratio=6.006612 took 10.021244s
16:25:02 - Growth rate = 0.302098, quasisymmetry = 0.383584 with aspect ratio=6.006613 took 7.799061s
       8             14         4.5635e-01      9.76e-11       2.23e-08       3.01e+08    
16:25:17 - Growth rate = 0.302106, quasisymmetry = 0.383583 with aspect ratio=6.006613 took 7.336367s
16:25:31 - Growth rate = 0.302106, quasisymmetry = 0.383583 with aspect ratio=6.006613 took 7.237854s
       9             16         4.5635e-01      0.00e+00       0.00e+00       3.01e+08    
`xtol` termination condition is satisfied.
Function evaluations 16, initial cost 4.6181e-01, final cost 4.5635e-01, first-order optimality 3.01e+08.
Final aspect ratio: 6.0066127073658295
Final mean iota: 0.41161506598117514
Final magnetic well: -0.032092488379466155
Whole optimization took 2830.140571s
Final growth rate: 0.302098
Traceback (most recent call last):
  File "./main.py", line 260, in <module>
    pprint(f'Optimizing with max_mode = {max_mode}')
FileNotFoundError: [Errno 2] No such file or directory: '/m100/home/userexternal/rjorge00/some_optimizations/GX_SIMSOPT/output_MAXITER150_least_squares_nfp2_QA/convert_VMEC_to_GX'
Traceback (most recent call last):
  File "./main.py", line 260, in <module>
    pprint(f'Optimizing with max_mode = {max_mode}')
FileNotFoundError: [Errno 2] No such file or directory: '/m100/home/userexternal/rjorge00/some_optimizations/GX_SIMSOPT/output_MAXITER150_least_squares_nfp2_QA/convert_VMEC_to_GX'
Traceback (most recent call last):
  File "./main.py", line 260, in <module>
    pprint(f'Optimizing with max_mode = {max_mode}')
FileNotFoundError: [Errno 2] No such file or directory: '/m100/home/userexternal/rjorge00/some_optimizations/GX_SIMSOPT/output_MAXITER150_least_squares_nfp2_QA/convert_VMEC_to_GX'
--------------------------------------------------------------------------
Primary job  terminated normally, but 1 process returned
a non-zero exit code. Per user-direction, the job has been aborted.
--------------------------------------------------------------------------
--------------------------------------------------------------------------
mpirun detected that one or more processes exited with non-zero status, thus causing
the job to be terminated. The first process to do so was:

  Process name: [[52198,1],2]
  Exit code:    1
--------------------------------------------------------------------------
