perl: warning: Setting locale failed.
perl: warning: Please check that your locale settings:
	LANGUAGE = (unset),
	LC_ALL = (unset),
	LC_CTYPE = "UTF-8",
	LANG = "en_US.UTF-8"
    are supported and installed on your system.
perl: warning: Falling back to a fallback locale ("en_US.UTF-8").
Initial aspect ratio: 6.000114150210393
Initial mean iota: 0.41906159268179516
Initial magnetic well: -0.031014485788414044
On rank 0 and CUDA_VISIBLE_DEVICES=0
Initial heat flux: 79.77002
-------------------------
Optimizing with max_mode = 3
-------------------------
On rank 0 and CUDA_VISIBLE_DEVICES=0
17:14:56 - Growth rate = 5.351314, qflux = 79.770020, quasisymmetry = 0.000822 with aspect ratio=6.000114 took 171.836068s
On rank 0 and CUDA_VISIBLE_DEVICES=0
17:17:58 - Growth rate = 5.351314, qflux = 79.770020, quasisymmetry = 0.000822 with aspect ratio=6.000114 took 171.942603s
On rank 0 and CUDA_VISIBLE_DEVICES=0
17:20:59 - Growth rate = 5.351314, qflux = 79.770020, quasisymmetry = 0.000822 with aspect ratio=6.000114 took 172.193337s
On rank 38 and CUDA_VISIBLE_DEVICES=2
On rank 36 and CUDA_VISIBLE_DEVICES=0
On rank 24 and CUDA_VISIBLE_DEVICES=0
On rank 1 and CUDA_VISIBLE_DEVICES=1
On rank 27 and CUDA_VISIBLE_DEVICES=3
On rank 26 and CUDA_VISIBLE_DEVICES=2
On rank 2 and CUDA_VISIBLE_DEVICES=2
On rank 25 and CUDA_VISIBLE_DEVICES=1
On rank 22 and CUDA_VISIBLE_DEVICES=2
On rank 0 and CUDA_VISIBLE_DEVICES=0
On rank 3 and CUDA_VISIBLE_DEVICES=3
On rank 39 and CUDA_VISIBLE_DEVICES=3
On rank 37 and CUDA_VISIBLE_DEVICES=1
On rank 21 and CUDA_VISIBLE_DEVICES=1
On rank 23 and CUDA_VISIBLE_DEVICES=3
On rank 20 and CUDA_VISIBLE_DEVICES=0
On rank 19 and CUDA_VISIBLE_DEVICES=3
On rank 18 and CUDA_VISIBLE_DEVICES=2
On rank 17 and CUDA_VISIBLE_DEVICES=1
On rank 16 and CUDA_VISIBLE_DEVICES=0
On rank 33 and CUDA_VISIBLE_DEVICES=1
On rank 34 and CUDA_VISIBLE_DEVICES=2
On rank 30 and CUDA_VISIBLE_DEVICES=2
On rank 29 and CUDA_VISIBLE_DEVICES=1
On rank 31 and CUDA_VISIBLE_DEVICES=3
On rank 28 and CUDA_VISIBLE_DEVICES=0
On rank 32 and CUDA_VISIBLE_DEVICES=0
On rank 41 and CUDA_VISIBLE_DEVICES=1
On rank 40 and CUDA_VISIBLE_DEVICES=0
On rank 42 and CUDA_VISIBLE_DEVICES=2
On rank 43 and CUDA_VISIBLE_DEVICES=3
On rank 35 and CUDA_VISIBLE_DEVICES=3
On rank 45 and CUDA_VISIBLE_DEVICES=1
On rank 47 and CUDA_VISIBLE_DEVICES=3
On rank 44 and CUDA_VISIBLE_DEVICES=0
On rank 14 and CUDA_VISIBLE_DEVICES=2
On rank 13 and CUDA_VISIBLE_DEVICES=1
On rank 12 and CUDA_VISIBLE_DEVICES=0
On rank 15 and CUDA_VISIBLE_DEVICES=3
On rank 46 and CUDA_VISIBLE_DEVICES=2
On rank 10 and CUDA_VISIBLE_DEVICES=2
On rank 8 and CUDA_VISIBLE_DEVICES=0
On rank 11 and CUDA_VISIBLE_DEVICES=3
On rank 9 and CUDA_VISIBLE_DEVICES=1
On rank 7 and CUDA_VISIBLE_DEVICES=3
On rank 5 and CUDA_VISIBLE_DEVICES=1
On rank 6 and CUDA_VISIBLE_DEVICES=2
On rank 4 and CUDA_VISIBLE_DEVICES=0
17:23:58 - Growth rate = 2.285731, qflux = 79.563873, quasisymmetry = 0.000821 with aspect ratio=6.000116 took 170.278984s
17:23:58 - Growth rate = 2.054531, qflux = 78.621819, quasisymmetry = 0.000822 with aspect ratio=6.000114 took 170.337156s
17:23:58 - Growth rate = 6.247139, qflux = 79.505615, quasisymmetry = 0.000820 with aspect ratio=6.000114 took 170.302517s
17:23:58 - Growth rate = 11.004749, qflux = 77.577393, quasisymmetry = 0.000822 with aspect ratio=6.000114 took 170.494905s
17:23:58 - Growth rate = 34.735138, qflux = 79.560928, quasisymmetry = 0.000822 with aspect ratio=6.000113 took 170.604841s
17:23:58 - Growth rate = 2.669042, qflux = 79.914162, quasisymmetry = 0.000822 with aspect ratio=6.000115 took 170.371385s
17:23:58 - Growth rate = 3.495478, qflux = 79.385750, quasisymmetry = 0.000822 with aspect ratio=6.000114 took 170.737838s
17:23:58 - Growth rate = 2.857300, qflux = 80.268517, quasisymmetry = 0.000822 with aspect ratio=6.000105 took 170.469654s
17:23:58 - Growth rate = 0.845713, qflux = 79.599876, quasisymmetry = 0.000821 with aspect ratio=6.000114 took 170.716136s
17:23:58 - Growth rate = -2.090819, qflux = 78.797333, quasisymmetry = 0.000822 with aspect ratio=6.000114 took 170.670064s
17:23:58 - Growth rate = 1.502529, qflux = 79.478928, quasisymmetry = 0.000822 with aspect ratio=6.000114 took 170.732732s
17:23:58 - Growth rate = 9.151925, qflux = 79.743088, quasisymmetry = 0.000823 with aspect ratio=6.000116 took 170.752346s
17:23:58 - Growth rate = 6.886136, qflux = 79.681969, quasisymmetry = 0.000822 with aspect ratio=6.000115 took 170.774381s
17:23:58 - Growth rate = 1.418844, qflux = 79.810051, quasisymmetry = 0.000822 with aspect ratio=6.000115 took 170.836810s
17:23:58 - Growth rate = -1.379313, qflux = 80.707184, quasisymmetry = 0.000822 with aspect ratio=6.000115 took 170.894980s
17:23:58 - Growth rate = 12.199416, qflux = 79.035583, quasisymmetry = 0.000823 with aspect ratio=6.000114 took 171.134072s
17:23:59 - Growth rate = 0.510285, qflux = 79.408409, quasisymmetry = 0.000822 with aspect ratio=6.000116 took 171.018926s
17:23:59 - Growth rate = 1.873895, qflux = 80.673347, quasisymmetry = 0.000820 with aspect ratio=6.000109 took 170.975578s
17:23:58 - Growth rate = 3.650239, qflux = 80.854446, quasisymmetry = 0.000822 with aspect ratio=6.000115 took 170.957396s
17:23:59 - Growth rate = 5.323866, qflux = 79.409607, quasisymmetry = 0.000822 with aspect ratio=6.000114 took 171.033607s
17:23:59 - Growth rate = 21.694221, qflux = 79.178169, quasisymmetry = 0.000821 with aspect ratio=6.000114 took 170.951366s
17:23:59 - Growth rate = 7.543871, qflux = 78.970680, quasisymmetry = 0.000822 with aspect ratio=6.000114 took 170.996353s
17:23:59 - Growth rate = 3.528369, qflux = 79.332039, quasisymmetry = 0.000822 with aspect ratio=6.000115 took 171.034946s
17:23:59 - Growth rate = 4.114524, qflux = 79.275780, quasisymmetry = 0.000822 with aspect ratio=6.000115 took 171.032948s
17:23:59 - Growth rate = 2.952592, qflux = 79.486107, quasisymmetry = 0.000822 with aspect ratio=6.000114 took 171.380384s
17:23:59 - Growth rate = 0.042612, qflux = 79.279800, quasisymmetry = 0.000821 with aspect ratio=6.000114 took 171.281485s
17:23:59 - Growth rate = 1.918406, qflux = 79.405441, quasisymmetry = 0.000822 with aspect ratio=6.000114 took 171.098700s
17:23:59 - Growth rate = 64.017365, qflux = 79.813522, quasisymmetry = 0.000821 with aspect ratio=6.000114 took 171.304118s
17:23:59 - Growth rate = 3.999467, qflux = 78.887726, quasisymmetry = 0.000822 with aspect ratio=6.000114 took 171.191712s
17:23:59 - Growth rate = 9.409267, qflux = 79.325600, quasisymmetry = 0.000822 with aspect ratio=6.000115 took 171.231178s
17:23:59 - Growth rate = 2.164976, qflux = 78.626160, quasisymmetry = 0.000823 with aspect ratio=5.999781 took 171.382074s
17:23:59 - Growth rate = 17.178392, qflux = 78.683655, quasisymmetry = 0.000823 with aspect ratio=6.000075 took 171.240741s
17:23:59 - Growth rate = 3.935264, qflux = 79.265564, quasisymmetry = 0.000820 with aspect ratio=5.999701 took 171.246028s
17:23:59 - Growth rate = 1.119070, qflux = 78.343613, quasisymmetry = 0.000823 with aspect ratio=6.000114 took 171.307246s
17:23:59 - Growth rate = 1.228235, qflux = 80.160072, quasisymmetry = 0.000822 with aspect ratio=6.000114 took 171.305145s
17:23:59 - Growth rate = 2.544427, qflux = 79.586449, quasisymmetry = 0.000822 with aspect ratio=6.000115 took 171.361762s
17:23:59 - Growth rate = -5.774754, qflux = 79.449631, quasisymmetry = 0.000823 with aspect ratio=6.000113 took 171.462523s
17:23:59 - Growth rate = 0.938619, qflux = 79.167694, quasisymmetry = 0.000822 with aspect ratio=6.000114 took 171.563782s
17:23:59 - Growth rate = 11.832088, qflux = 79.806122, quasisymmetry = 0.000821 with aspect ratio=6.000114 took 171.505978s
17:23:59 - Growth rate = 4.588544, qflux = 79.025978, quasisymmetry = 0.000822 with aspect ratio=6.000114 took 171.621212s
17:23:59 - Growth rate = 10.202771, qflux = 79.513580, quasisymmetry = 0.000821 with aspect ratio=6.000114 took 171.791380s
17:23:59 - Growth rate = 6.874328, qflux = 79.086533, quasisymmetry = 0.000823 with aspect ratio=6.000114 took 171.750169s
17:23:59 - Growth rate = 2.757577, qflux = 78.583534, quasisymmetry = 0.000823 with aspect ratio=6.000232 took 171.640721s
17:23:59 - Growth rate = 2.325974, qflux = 77.900719, quasisymmetry = 0.000822 with aspect ratio=6.000113 took 171.727941s
17:23:59 - Growth rate = 1.336497, qflux = 80.377167, quasisymmetry = 0.000821 with aspect ratio=6.000112 took 171.952029s
17:23:59 - Growth rate = 6.093967, qflux = 79.350632, quasisymmetry = 0.000827 with aspect ratio=6.000114 took 171.886634s
17:24:00 - Growth rate = 3.352180, qflux = 79.928497, quasisymmetry = 0.000821 with aspect ratio=6.000114 took 171.980429s
17:24:00 - Growth rate = 6.191969, qflux = 79.043182, quasisymmetry = 0.000821 with aspect ratio=6.000114 took 172.099006s
   Iteration     Total nfev        Cost      Cost reduction    Step norm     Optimality   
       0              1         3.1816e+04                                    1.53e+09    
On rank 0 and CUDA_VISIBLE_DEVICES=0
17:27:05 - Growth rate = 7.536176, qflux = 79.527176, quasisymmetry = 0.000140 with aspect ratio=5.995741 took 171.996047s
On rank 0 and CUDA_VISIBLE_DEVICES=0
17:30:07 - Growth rate = 7.536176, qflux = 79.527176, quasisymmetry = 0.000140 with aspect ratio=5.995741 took 172.142008s
On rank 47 and CUDA_VISIBLE_DEVICES=3
On rank 46 and CUDA_VISIBLE_DEVICES=2
On rank 43 and CUDA_VISIBLE_DEVICES=3
On rank 40 and CUDA_VISIBLE_DEVICES=0
On rank 2 and CUDA_VISIBLE_DEVICES=2
On rank 0 and CUDA_VISIBLE_DEVICES=0
On rank 3 and CUDA_VISIBLE_DEVICES=3
On rank 36 and CUDA_VISIBLE_DEVICES=0
On rank 38 and CUDA_VISIBLE_DEVICES=2
On rank 37 and CUDA_VISIBLE_DEVICES=1
On rank 29 and CUDA_VISIBLE_DEVICES=1
On rank 30 and CUDA_VISIBLE_DEVICES=2
On rank 28 and CUDA_VISIBLE_DEVICES=0
On rank 39 and CUDA_VISIBLE_DEVICES=3
On rank 1 and CUDA_VISIBLE_DEVICES=1
On rank 35 and CUDA_VISIBLE_DEVICES=3
On rank 32 and CUDA_VISIBLE_DEVICES=0
On rank 33 and CUDA_VISIBLE_DEVICES=1
On rank 42 and CUDA_VISIBLE_DEVICES=2
On rank 31 and CUDA_VISIBLE_DEVICES=3
On rank 34 and CUDA_VISIBLE_DEVICES=2
On rank 44 and CUDA_VISIBLE_DEVICES=0
On rank 27 and CUDA_VISIBLE_DEVICES=3
On rank 24 and CUDA_VISIBLE_DEVICES=0
On rank 41 and CUDA_VISIBLE_DEVICES=1
On rank 26 and CUDA_VISIBLE_DEVICES=2
On rank 17 and CUDA_VISIBLE_DEVICES=1
On rank 18 and CUDA_VISIBLE_DEVICES=2
On rank 19 and CUDA_VISIBLE_DEVICES=3
On rank 16 and CUDA_VISIBLE_DEVICES=0
On rank 25 and CUDA_VISIBLE_DEVICES=1
On rank 10 and CUDA_VISIBLE_DEVICES=2
On rank 13 and CUDA_VISIBLE_DEVICES=1
On rank 11 and CUDA_VISIBLE_DEVICES=3
On rank 14 and CUDA_VISIBLE_DEVICES=2
On rank 8 and CUDA_VISIBLE_DEVICES=0
On rank 12 and CUDA_VISIBLE_DEVICES=0
On rank 45 and CUDA_VISIBLE_DEVICES=1
On rank 15 and CUDA_VISIBLE_DEVICES=3
On rank 9 and CUDA_VISIBLE_DEVICES=1
On rank 21 and CUDA_VISIBLE_DEVICES=1
On rank 22 and CUDA_VISIBLE_DEVICES=2
On rank 5 and CUDA_VISIBLE_DEVICES=1
On rank 7 and CUDA_VISIBLE_DEVICES=3
On rank 20 and CUDA_VISIBLE_DEVICES=0
On rank 6 and CUDA_VISIBLE_DEVICES=2
On rank 23 and CUDA_VISIBLE_DEVICES=3
On rank 4 and CUDA_VISIBLE_DEVICES=0
17:33:08 - Growth rate = 4.012075, qflux = 79.686127, quasisymmetry = 0.000140 with aspect ratio=5.995740 took 170.528457s
17:33:08 - Growth rate = 4.123528, qflux = 79.438660, quasisymmetry = 0.000140 with aspect ratio=5.995742 took 170.298625s
17:33:09 - Growth rate = 3.628166, qflux = 79.556313, quasisymmetry = 0.000140 with aspect ratio=5.995741 took 170.778624s
17:33:09 - Growth rate = 21.829000, qflux = 79.149620, quasisymmetry = 0.000140 with aspect ratio=5.995741 took 171.160756s
17:33:11 - Growth rate = 5.371392, qflux = 80.075165, quasisymmetry = 0.000140 with aspect ratio=5.995741 took 169.555005s
17:33:12 - Growth rate = 3.641625, qflux = 80.619804, quasisymmetry = 0.000140 with aspect ratio=5.995742 took 169.873168s
17:33:12 - Growth rate = 2.740138, qflux = 79.129608, quasisymmetry = 0.000140 with aspect ratio=5.995741 took 170.553929s
17:33:12 - Growth rate = 1.552289, qflux = 80.294411, quasisymmetry = 0.000140 with aspect ratio=5.995741 took 169.981822s
17:33:12 - Growth rate = 1.502644, qflux = 80.281921, quasisymmetry = 0.000141 with aspect ratio=5.995741 took 170.146115s
17:33:12 - Growth rate = 6.670885, qflux = 80.399696, quasisymmetry = 0.000140 with aspect ratio=5.995732 took 170.130947s
17:33:12 - Growth rate = 1.300228, qflux = 79.649605, quasisymmetry = 0.000140 with aspect ratio=5.995738 took 170.163017s
17:33:12 - Growth rate = -0.074547, qflux = 79.980690, quasisymmetry = 0.000140 with aspect ratio=5.995741 took 170.107603s
17:33:12 - Growth rate = -7.268278, qflux = 79.863930, quasisymmetry = 0.000140 with aspect ratio=5.995741 took 170.045931s
17:33:12 - Growth rate = 5.174252, qflux = 80.152596, quasisymmetry = 0.000140 with aspect ratio=5.995741 took 170.114131s
17:33:12 - Growth rate = 1.699596, qflux = 78.857162, quasisymmetry = 0.000137 with aspect ratio=5.995320 took 170.079358s
17:33:12 - Growth rate = 1.755723, qflux = 79.274155, quasisymmetry = 0.000140 with aspect ratio=5.995741 took 170.683341s
17:33:12 - Growth rate = -1.520632, qflux = 79.872879, quasisymmetry = 0.000141 with aspect ratio=5.995742 took 170.176105s
17:33:12 - Growth rate = 4.031364, qflux = 80.120117, quasisymmetry = 0.000144 with aspect ratio=5.995401 took 170.129517s
17:33:12 - Growth rate = 0.736422, qflux = 80.883156, quasisymmetry = 0.000140 with aspect ratio=5.995741 took 170.777761s
17:33:12 - Growth rate = 2.578798, qflux = 79.950020, quasisymmetry = 0.000143 with aspect ratio=5.995862 took 170.296408s
17:33:12 - Growth rate = 7.066819, qflux = 79.854279, quasisymmetry = 0.000145 with aspect ratio=5.995698 took 170.230540s
17:33:12 - Growth rate = 1.926143, qflux = 79.962662, quasisymmetry = 0.000140 with aspect ratio=5.995741 took 170.313821s
17:33:12 - Growth rate = 3.941310, qflux = 80.399101, quasisymmetry = 0.000140 with aspect ratio=5.995742 took 170.300293s
17:33:12 - Growth rate = 3.046955, qflux = 79.311638, quasisymmetry = 0.000140 with aspect ratio=5.995740 took 170.884583s
17:33:12 - Growth rate = 2.541530, qflux = 79.860901, quasisymmetry = 0.000140 with aspect ratio=5.995741 took 170.383450s
17:33:12 - Growth rate = 2.589727, qflux = 79.887421, quasisymmetry = 0.000140 with aspect ratio=5.995741 took 170.352758s
17:33:12 - Growth rate = 2.355280, qflux = 79.973282, quasisymmetry = 0.000140 with aspect ratio=5.995741 took 170.414108s
17:33:12 - Growth rate = 2.682940, qflux = 79.223206, quasisymmetry = 0.000140 with aspect ratio=5.995741 took 170.417226s
17:33:12 - Growth rate = 0.914359, qflux = 79.859207, quasisymmetry = 0.000140 with aspect ratio=5.995741 took 170.407989s
17:33:12 - Growth rate = 1.319442, qflux = 79.976479, quasisymmetry = 0.000142 with aspect ratio=5.995741 took 170.368547s
17:33:12 - Growth rate = 3.313383, qflux = 78.937691, quasisymmetry = 0.000140 with aspect ratio=5.995744 took 170.420616s
17:33:12 - Growth rate = 16.465565, qflux = 79.901726, quasisymmetry = 0.000140 with aspect ratio=5.995741 took 170.470719s
17:33:12 - Growth rate = 2.135581, qflux = 80.378799, quasisymmetry = 0.000140 with aspect ratio=5.995741 took 170.458188s
17:33:12 - Growth rate = 4.736016, qflux = 79.129120, quasisymmetry = 0.000140 with aspect ratio=5.995741 took 170.518522s
17:33:12 - Growth rate = 7.945537, qflux = 80.839523, quasisymmetry = 0.000140 with aspect ratio=5.995741 took 170.505109s
17:33:12 - Growth rate = 8.472948, qflux = 79.974541, quasisymmetry = 0.000140 with aspect ratio=5.995741 took 170.531562s
17:33:12 - Growth rate = 4.836465, qflux = 80.266342, quasisymmetry = 0.000140 with aspect ratio=5.995741 took 170.547822s
17:33:12 - Growth rate = 5.804433, qflux = 79.953278, quasisymmetry = 0.000141 with aspect ratio=5.995741 took 170.708568s
17:33:12 - Growth rate = 1.393743, qflux = 79.714859, quasisymmetry = 0.000139 with aspect ratio=5.995741 took 170.577565s
17:33:12 - Growth rate = 3.294256, qflux = 80.823166, quasisymmetry = 0.000140 with aspect ratio=5.995741 took 171.277702s
17:33:12 - Growth rate = 10.510352, qflux = 79.693909, quasisymmetry = 0.000139 with aspect ratio=5.995741 took 170.828716s
17:33:12 - Growth rate = -8.590652, qflux = 79.855721, quasisymmetry = 0.000140 with aspect ratio=5.995743 took 171.417273s
17:33:12 - Growth rate = 1.938300, qflux = 79.322357, quasisymmetry = 0.000140 with aspect ratio=5.995743 took 170.864945s
17:33:13 - Growth rate = 3.116594, qflux = 80.273117, quasisymmetry = 0.000140 with aspect ratio=5.995741 took 170.956513s
17:33:13 - Growth rate = 4.433767, qflux = 80.182587, quasisymmetry = 0.000140 with aspect ratio=5.995741 took 171.005143s
17:33:13 - Growth rate = 9.772719, qflux = 80.080704, quasisymmetry = 0.000140 with aspect ratio=5.995741 took 170.990655s
17:33:13 - Growth rate = 2.425495, qflux = 80.115250, quasisymmetry = 0.000142 with aspect ratio=5.995742 took 171.012692s
17:33:13 - Growth rate = 0.366866, qflux = 79.419357, quasisymmetry = 0.000139 with aspect ratio=5.995741 took 171.175664s
       1              2         3.1623e+04      1.93e+02       1.38e-02       1.08e+09    
On rank 0 and CUDA_VISIBLE_DEVICES=0
17:36:16 - Growth rate = -1.894399, qflux = 80.781609, quasisymmetry = 0.000032 with aspect ratio=5.999390 took 172.432370s
On rank 0 and CUDA_VISIBLE_DEVICES=0
17:39:18 - Growth rate = 2.188335, qflux = 80.986954, quasisymmetry = 0.000015 with aspect ratio=5.999925 took 172.265743s
On rank 0 and CUDA_VISIBLE_DEVICES=0
17:42:21 - Growth rate = 1.613382, qflux = 80.304298, quasisymmetry = 0.000021 with aspect ratio=5.998038 took 172.269833s
On rank 0 and CUDA_VISIBLE_DEVICES=0
17:45:23 - Growth rate = 8.030327, qflux = 79.738953, quasisymmetry = 0.000056 with aspect ratio=5.995802 took 171.932755s
On rank 0 and CUDA_VISIBLE_DEVICES=0
17:48:26 - Growth rate = 5.729782, qflux = 80.212906, quasisymmetry = 0.000138 with aspect ratio=5.995760 took 172.377258s
On rank 0 and CUDA_VISIBLE_DEVICES=0
17:51:28 - Growth rate = 3.793156, qflux = 80.472488, quasisymmetry = 0.000140 with aspect ratio=5.995746 took 171.897331s
On rank 0 and CUDA_VISIBLE_DEVICES=0
17:54:31 - Growth rate = 6.933642, qflux = 81.109665, quasisymmetry = 0.000140 with aspect ratio=5.995742 took 171.922824s
On rank 0 and CUDA_VISIBLE_DEVICES=0
17:57:33 - Growth rate = 0.258225, qflux = 79.113815, quasisymmetry = 0.000140 with aspect ratio=5.995741 took 172.186154s
On rank 0 and CUDA_VISIBLE_DEVICES=0
18:00:35 - Growth rate = 0.258225, qflux = 79.113815, quasisymmetry = 0.000140 with aspect ratio=5.995741 took 171.881921s
On rank 42 and CUDA_VISIBLE_DEVICES=2
On rank 41 and CUDA_VISIBLE_DEVICES=1
On rank 8 and CUDA_VISIBLE_DEVICES=0
On rank 9 and CUDA_VISIBLE_DEVICES=1
On rank 17 and CUDA_VISIBLE_DEVICES=1
On rank 13 and CUDA_VISIBLE_DEVICES=1
On rank 12 and CUDA_VISIBLE_DEVICES=0
On rank 28 and CUDA_VISIBLE_DEVICES=0
On rank 11 and CUDA_VISIBLE_DEVICES=3
On rank 10 and CUDA_VISIBLE_DEVICES=2
On rank 19 and CUDA_VISIBLE_DEVICES=3
On rank 15 and CUDA_VISIBLE_DEVICES=3
On rank 26 and CUDA_VISIBLE_DEVICES=2
On rank 16 and CUDA_VISIBLE_DEVICES=0
On rank 14 and CUDA_VISIBLE_DEVICES=2
On rank 30 and CUDA_VISIBLE_DEVICES=2
On rank 29 and CUDA_VISIBLE_DEVICES=1
On rank 43 and CUDA_VISIBLE_DEVICES=3
On rank 5 and CUDA_VISIBLE_DEVICES=1
On rank 7 and CUDA_VISIBLE_DEVICES=3
On rank 40 and CUDA_VISIBLE_DEVICES=0
On rank 35 and CUDA_VISIBLE_DEVICES=3
On rank 18 and CUDA_VISIBLE_DEVICES=2
On rank 1 and CUDA_VISIBLE_DEVICES=1
On rank 31 and CUDA_VISIBLE_DEVICES=3
On rank 24 and CUDA_VISIBLE_DEVICES=0
On rank 4 and CUDA_VISIBLE_DEVICES=0
On rank 6 and CUDA_VISIBLE_DEVICES=2
On rank 36 and CUDA_VISIBLE_DEVICES=0
On rank 38 and CUDA_VISIBLE_DEVICES=2
On rank 3 and CUDA_VISIBLE_DEVICES=3
On rank 32 and CUDA_VISIBLE_DEVICES=0
On rank 33 and CUDA_VISIBLE_DEVICES=1
On rank 2 and CUDA_VISIBLE_DEVICES=2
On rank 46 and CUDA_VISIBLE_DEVICES=2
On rank 45 and CUDA_VISIBLE_DEVICES=1
On rank 34 and CUDA_VISIBLE_DEVICES=2
On rank 25 and CUDA_VISIBLE_DEVICES=1
On rank 39 and CUDA_VISIBLE_DEVICES=3
On rank 20 and CUDA_VISIBLE_DEVICES=0
On rank 44 and CUDA_VISIBLE_DEVICES=0
On rank 0 and CUDA_VISIBLE_DEVICES=0
On rank 27 and CUDA_VISIBLE_DEVICES=3
On rank 37 and CUDA_VISIBLE_DEVICES=1
On rank 23 and CUDA_VISIBLE_DEVICES=3
On rank 22 and CUDA_VISIBLE_DEVICES=2
On rank 47 and CUDA_VISIBLE_DEVICES=3
On rank 21 and CUDA_VISIBLE_DEVICES=1
18:03:34 - Growth rate = 2.535131, qflux = 80.476204, quasisymmetry = 0.000141 with aspect ratio=5.995741 took 169.582705s
18:03:34 - Growth rate = 1.711668, qflux = 80.716377, quasisymmetry = 0.000140 with aspect ratio=5.995742 took 169.939739s
18:03:34 - Growth rate = 9.318373, qflux = 80.673843, quasisymmetry = 0.000140 with aspect ratio=5.995744 took 169.797508s
18:03:34 - Growth rate = 5.219989, qflux = 79.166641, quasisymmetry = 0.000140 with aspect ratio=5.995741 took 169.806875s
18:03:35 - Growth rate = -3.679511, qflux = 78.580872, quasisymmetry = 0.000140 with aspect ratio=5.995741 took 169.862573s
18:03:35 - Growth rate = 12.314720, qflux = 79.773186, quasisymmetry = 0.000139 with aspect ratio=5.995741 took 169.846200s
18:03:35 - Growth rate = 5.660211, qflux = 79.097290, quasisymmetry = 0.000140 with aspect ratio=5.995742 took 170.143129s
18:03:35 - Growth rate = 1.286723, qflux = 80.222916, quasisymmetry = 0.000140 with aspect ratio=5.995741 took 170.093616s
18:03:35 - Growth rate = 2.954629, qflux = 80.192940, quasisymmetry = 0.000140 with aspect ratio=5.995741 took 170.191181s
18:03:35 - Growth rate = 5.225405, qflux = 79.419510, quasisymmetry = 0.000140 with aspect ratio=5.995741 took 170.014475s
18:03:35 - Growth rate = 14.487430, qflux = 79.732330, quasisymmetry = 0.000140 with aspect ratio=5.995742 took 170.178903s
18:03:35 - Growth rate = -0.047755, qflux = 79.269440, quasisymmetry = 0.000140 with aspect ratio=5.995743 took 170.077639s
18:03:35 - Growth rate = 4.380698, qflux = 79.601074, quasisymmetry = 0.000140 with aspect ratio=5.995742 took 170.141803s
18:03:35 - Growth rate = 2.694439, qflux = 79.072739, quasisymmetry = 0.000140 with aspect ratio=5.995741 took 170.103383s
18:03:35 - Growth rate = 8.081895, qflux = 80.225098, quasisymmetry = 0.000140 with aspect ratio=5.995741 took 170.350941s
18:03:35 - Growth rate = 0.031128, qflux = 80.084023, quasisymmetry = 0.000142 with aspect ratio=5.995741 took 170.488912s
18:03:35 - Growth rate = 1.567258, qflux = 78.902313, quasisymmetry = 0.000140 with aspect ratio=5.995742 took 170.149045s
18:03:35 - Growth rate = 2.143010, qflux = 80.231491, quasisymmetry = 0.000141 with aspect ratio=5.995741 took 170.264721s
18:03:35 - Growth rate = 1.044580, qflux = 80.951187, quasisymmetry = 0.000144 with aspect ratio=5.995401 took 170.291563s
18:03:35 - Growth rate = 2.968807, qflux = 79.481911, quasisymmetry = 0.000140 with aspect ratio=5.995741 took 170.320452s
18:03:35 - Growth rate = 3.148613, qflux = 80.083511, quasisymmetry = 0.000142 with aspect ratio=5.995742 took 170.177426s
18:03:35 - Growth rate = 10.173179, qflux = 80.204834, quasisymmetry = 0.000145 with aspect ratio=5.995698 took 170.543942s
18:03:35 - Growth rate = 2.907613, qflux = 79.882576, quasisymmetry = 0.000140 with aspect ratio=5.995742 took 170.325459s
18:03:35 - Growth rate = 8.202521, qflux = 79.850761, quasisymmetry = 0.000140 with aspect ratio=5.995742 took 170.182156s
18:03:35 - Growth rate = 4.967793, qflux = 79.935188, quasisymmetry = 0.000140 with aspect ratio=5.995741 took 170.375592s
18:03:35 - Growth rate = 4.039048, qflux = 79.803131, quasisymmetry = 0.000140 with aspect ratio=5.995732 took 170.257267s
18:03:35 - Growth rate = 2.777877, qflux = 80.602768, quasisymmetry = 0.000140 with aspect ratio=5.995744 took 170.244969s
18:03:35 - Growth rate = 2.289773, qflux = 80.784805, quasisymmetry = 0.000140 with aspect ratio=5.995743 took 170.311912s
18:03:35 - Growth rate = 6.283465, qflux = 80.630928, quasisymmetry = 0.000140 with aspect ratio=5.995741 took 170.353448s
18:03:35 - Growth rate = 4.320442, qflux = 80.684479, quasisymmetry = 0.000140 with aspect ratio=5.995738 took 170.542566s
18:03:35 - Growth rate = 5.159679, qflux = 80.117630, quasisymmetry = 0.000140 with aspect ratio=5.995741 took 170.395573s
18:03:35 - Growth rate = 5.137169, qflux = 79.427475, quasisymmetry = 0.000139 with aspect ratio=5.995741 took 170.393806s
18:03:35 - Growth rate = 3.037983, qflux = 80.042175, quasisymmetry = 0.000140 with aspect ratio=5.995741 took 170.415064s
18:03:35 - Growth rate = 9.053190, qflux = 80.223679, quasisymmetry = 0.000140 with aspect ratio=5.995741 took 170.433364s
18:03:35 - Growth rate = 1.778581, qflux = 80.221039, quasisymmetry = 0.000143 with aspect ratio=5.995862 took 170.503853s
18:03:35 - Growth rate = 9.624953, qflux = 80.195381, quasisymmetry = 0.000140 with aspect ratio=5.995740 took 170.463964s
18:03:35 - Growth rate = 2.131868, qflux = 80.217430, quasisymmetry = 0.000140 with aspect ratio=5.995743 took 170.720992s
18:03:35 - Growth rate = -1.995869, qflux = 79.993881, quasisymmetry = 0.000139 with aspect ratio=5.995741 took 170.641106s
18:03:35 - Growth rate = 5.705619, qflux = 79.493622, quasisymmetry = 0.000140 with aspect ratio=5.995741 took 171.190260s
18:03:36 - Growth rate = 2.561159, qflux = 80.885635, quasisymmetry = 0.000139 with aspect ratio=5.995741 took 170.948346s
18:03:36 - Growth rate = 10.237555, qflux = 80.519524, quasisymmetry = 0.000140 with aspect ratio=5.995741 took 170.717854s
18:03:36 - Growth rate = 1.672686, qflux = 80.254585, quasisymmetry = 0.000140 with aspect ratio=5.995741 took 170.836237s
18:03:36 - Growth rate = -10.951843, qflux = 79.622955, quasisymmetry = 0.000140 with aspect ratio=5.995741 took 170.797981s
18:03:36 - Growth rate = 2.644986, qflux = 80.146591, quasisymmetry = 0.000141 with aspect ratio=5.995743 took 170.850354s
18:03:36 - Growth rate = 3.059963, qflux = 78.947983, quasisymmetry = 0.000137 with aspect ratio=5.995320 took 170.988745s
18:03:36 - Growth rate = 1.425837, qflux = 79.612465, quasisymmetry = 0.000140 with aspect ratio=5.995741 took 171.085766s
18:03:36 - Growth rate = 8.808940, qflux = 80.517609, quasisymmetry = 0.000140 with aspect ratio=5.995742 took 171.127007s
18:03:36 - Growth rate = 1.152379, qflux = 79.427399, quasisymmetry = 0.000140 with aspect ratio=5.995742 took 171.224198s
       2             10         3.1295e+04      3.28e+02       2.10e-07       1.40e+09    
On rank 0 and CUDA_VISIBLE_DEVICES=0
18:06:41 - Growth rate = -1.020963, qflux = 79.843933, quasisymmetry = 0.000140 with aspect ratio=5.995741 took 171.741834s
On rank 0 and CUDA_VISIBLE_DEVICES=0
18:09:43 - Growth rate = 2.053805, qflux = 79.869179, quasisymmetry = 0.000140 with aspect ratio=5.995741 took 172.243908s
On rank 0 and CUDA_VISIBLE_DEVICES=0
18:12:46 - Growth rate = 1.805820, qflux = 79.968597, quasisymmetry = 0.000140 with aspect ratio=5.995741 took 171.977158s
On rank 0 and CUDA_VISIBLE_DEVICES=0
18:15:48 - Growth rate = 3.954801, qflux = 80.086861, quasisymmetry = 0.000140 with aspect ratio=5.995741 took 171.752584s
       3             14         3.1295e+04      0.00e+00       0.00e+00       1.40e+09    
`xtol` termination condition is satisfied.
Function evaluations 14, initial cost 3.1816e+04, final cost 3.1295e+04, first-order optimality 1.40e+09.
Final aspect ratio: 5.99574123792842
Final mean iota: 0.4197259497434647
Final magnetic well: -0.036052743940692654
On rank 3 and CUDA_VISIBLE_DEVICES=3
On rank 0 and CUDA_VISIBLE_DEVICES=0
On rank 8 and CUDA_VISIBLE_DEVICES=0
On rank 15 and CUDA_VISIBLE_DEVICES=3
On rank 1 and CUDA_VISIBLE_DEVICES=1
On rank 10 and CUDA_VISIBLE_DEVICES=2
On rank 12 and CUDA_VISIBLE_DEVICES=0
On rank 2 and CUDA_VISIBLE_DEVICES=2
On rank 4 and CUDA_VISIBLE_DEVICES=0
On rank 13 and CUDA_VISIBLE_DEVICES=1
On rank 9 and CUDA_VISIBLE_DEVICES=1
On rank 6 and CUDA_VISIBLE_DEVICES=2
On rank 43 and CUDA_VISIBLE_DEVICES=3
On rank 14 and CUDA_VISIBLE_DEVICES=2
On rank 11 and CUDA_VISIBLE_DEVICES=3
On rank 7 and CUDA_VISIBLE_DEVICES=3
On rank 5 and CUDA_VISIBLE_DEVICES=1
On rank 41 and CUDA_VISIBLE_DEVICES=1
On rank 47 and CUDA_VISIBLE_DEVICES=3
On rank 44 and CUDA_VISIBLE_DEVICES=0
On rank 28 and CUDA_VISIBLE_DEVICES=0
On rank 29 and CUDA_VISIBLE_DEVICES=1
On rank 30 and CUDA_VISIBLE_DEVICES=2
On rank 42 and CUDA_VISIBLE_DEVICES=2
On rank 34 and CUDA_VISIBLE_DEVICES=2
On rank 33 and CUDA_VISIBLE_DEVICES=1
On rank 32 and CUDA_VISIBLE_DEVICES=0
On rank 35 and CUDA_VISIBLE_DEVICES=3
On rank 40 and CUDA_VISIBLE_DEVICES=0
On rank 17 and CUDA_VISIBLE_DEVICES=1
On rank 37 and CUDA_VISIBLE_DEVICES=1
On rank 36 and CUDA_VISIBLE_DEVICES=0
On rank 31 and CUDA_VISIBLE_DEVICES=3
On rank 38 and CUDA_VISIBLE_DEVICES=2
On rank 39 and CUDA_VISIBLE_DEVICES=3
On rank 18 and CUDA_VISIBLE_DEVICES=2
On rank 46 and CUDA_VISIBLE_DEVICES=2
On rank 16 and CUDA_VISIBLE_DEVICES=0
On rank 21 and CUDA_VISIBLE_DEVICES=1
On rank 45 and CUDA_VISIBLE_DEVICES=1
On rank 20 and CUDA_VISIBLE_DEVICES=0
On rank 22 and CUDA_VISIBLE_DEVICES=2
On rank 23 and CUDA_VISIBLE_DEVICES=3
On rank 19 and CUDA_VISIBLE_DEVICES=3
On rank 25 and CUDA_VISIBLE_DEVICES=1
On rank 26 and CUDA_VISIBLE_DEVICES=2
On rank 24 and CUDA_VISIBLE_DEVICES=0
On rank 27 and CUDA_VISIBLE_DEVICES=3
Final heat flux: 79.113815
[Errno 2] No such file or directory: '/m100/home/userexternal/rjorge00/some_optimizations/GX_SIMSOPT/output_MAXITER150_least_squares_nfp2_QA_QA_nonlinear/convert_VMEC_to_GX'
[Errno 2] No such file or directory: 'input.nfp2_QA_000_000011'
 - - - - - - - - - - - - - - - - - - - - - - - - - - - - - - - - -
  SEQ =    1 TIME SLICE  0.0000E+00
  PROCESSING INPUT.final
  THIS IS PARVMEC (PARALLEL VMEC), VERSION 9.0
  Lambda: Full Radial Mesh. L-Force: hybrid full/half.

  COMPUTER: powerpc64le-conda_cos7-linux-gnu   OS:    RELEASE:   DATE = Nov 22,2022  TIME = 18:18:48

  NS =   16 NO. FOURIER MODES =   50 FTOLV =  1.000E-12 NITER =   4000
  PROCESSOR COUNT - RADIAL:    1
 INITIAL JACOBIAN CHANGED SIGN!
 TRYING TO IMPROVE INITIAL MAGNETIC AXIS GUESS
  ---- Improved AXIS Guess ----
      RAXIS_CC =    1.0236293516601140       0.17682364590006927        2.3984381573928914E-002  -4.6999282488080100E-004   2.9774792271790876E-004  -1.8506833516154524E-003
      ZAXIS_CS =   -0.0000000000000000      -0.16212921723101273       -1.7890821634153647E-002   2.6204583616713027E-003   2.9342069737940042E-003   2.7043805951767704E-003
  -----------------------------

  ITER    FSQR      FSQZ      FSQL    RAX(v=0)    DELT       WMHD

    1  1.71E-02  8.72E-03  7.54E-03  1.222E+00  9.00E-01  2.8237E-01
  200  5.85E-09  2.05E-09  3.01E-09  1.214E+00  9.00E-01  2.8082E-01
Whole optimization took 4201.077900s
Whole optimization took 4201.078186s
Whole optimization took 4201.162850s
  400  9.02E-11  2.26E-11  2.13E-11  1.211E+00  9.00E-01  2.8082E-01
Whole optimization took 4201.230311s
Whole optimization took 4201.327494s
Whole optimization took 4201.336552s
Whole optimization took 4201.350389s
Whole optimization took 4201.486941s
Whole optimization took 4201.495396s
Whole optimization took 4201.535794s
  600  1.38E-12  1.20E-12  7.89E-13  1.211E+00  9.00E-01  2.8082E-01
Whole optimization took 4201.577685s
  620  9.92E-13  9.34E-13  5.92E-13  1.211E+00  9.00E-01  2.8082E-01

  NS =   51 NO. FOURIER MODES =   50 FTOLV =  1.000E-13 NITER =  10000
  PROCESSOR COUNT - RADIAL:    1

  ITER    FSQR      FSQZ      FSQL    RAX(v=0)    DELT       WMHD

    1  6.61E-04  3.37E-04  1.20E-06  1.211E+00  9.00E-01  2.8082E-01
Whole optimization took 4201.598144s
Whole optimization took 4201.620528s
Whole optimization took 4201.630230s
Whole optimization took 4201.710054s
Whole optimization took 4201.723597s
Whole optimization took 4201.980754s
Whole optimization took 4202.093883s
Whole optimization took 4202.121099s
Whole optimization took 4202.128018s
Whole optimization took 4202.132710s
Whole optimization took 4202.143695s
Whole optimization took 4202.199098s
Whole optimization took 4202.199108s
Whole optimization took 4202.199294s
Whole optimization took 4202.217545s
Whole optimization took 4202.249489s
Whole optimization took 4202.249639s
Whole optimization took 4202.277411s
Whole optimization took 4202.309590s
  200  1.32E-09  2.42E-10  1.49E-11  1.211E+00  7.76E-01  2.8082E-01
Whole optimization took 4202.319455s
Whole optimization took 4202.325638s
Whole optimization took 4202.328176s
Whole optimization took 4202.333099s
Whole optimization took 4202.340661s
Whole optimization took 4202.340912s
Whole optimization took 4202.344463s
Whole optimization took 4202.358754s
Whole optimization took 4202.344805s
Whole optimization took 4202.339394s
Whole optimization took 4202.362244s
Whole optimization took 4202.362250s
Whole optimization took 4202.362373s
Whole optimization took 4202.363366s
Whole optimization took 4202.356163s
Whole optimization took 4202.386480s
Whole optimization took 4202.928365s
  400  1.02E-11  1.98E-12  8.20E-13  1.211E+00  7.76E-01  2.8082E-01
  600  5.74E-13  1.71E-13  1.49E-13  1.211E+00  7.76E-01  2.8082E-01
  724  9.61E-14  3.93E-14  4.78E-14  1.211E+00  7.76E-01  2.8082E-01

  NS =  101 NO. FOURIER MODES =   50 FTOLV =  1.000E-14 NITER =   4000
  PROCESSOR COUNT - RADIAL:    1

  ITER    FSQR      FSQZ      FSQL    RAX(v=0)    DELT       WMHD

    1  4.17E-04  2.41E-04  2.61E-08  1.211E+00  9.00E-01  2.8082E-01
  200  9.09E-10  2.61E-10  9.62E-13  1.211E+00  6.29E-01  2.8082E-01
  400  1.11E-11  2.64E-12  1.06E-13  1.211E+00  6.29E-01  2.8082E-01
  600  1.22E-12  4.15E-13  2.30E-14  1.211E+00  6.29E-01  2.8082E-01
  800  1.86E-13  5.97E-14  6.61E-15  1.211E+00  6.29E-01  2.8082E-01
 1000  2.49E-14  8.33E-15  1.92E-15  1.211E+00  6.29E-01  2.8082E-01
 1096  9.99E-15  3.24E-15  1.05E-15  1.211E+00  6.29E-01  2.8082E-01

 EXECUTION TERMINATED NORMALLY

 FILE : final_000_000000
 NUMBER OF JACOBIAN RESETS =    2

    TOTAL COMPUTATIONAL TIME (SEC)        10.51
    TIME TO INPUT/OUTPUT                   0.04
       READ IN DATA                        0.00
       WRITE OUT DATA TO WOUT              0.04
    TIME IN FUNCT3D                       10.37
       BCOVAR FIELDS                       1.60
       FOURIER TRANSFORM                   1.83
       INVERSE FOURIER TRANSFORM           1.67
       FORCES AND SYMMETRIZE               1.81
       RESIDUE                             2.64
       EQFORCE                             0.00
nfp:  2
ns:  101
mpol:  5
ntor:  5
Aminor_p:  0.1685155861978596
Rmajor_p:  1.0103758494001909
aspect:             5.995741237928436
Rmajor_p/Aminor_p:  5.995741237928436
betatotal:  0.0
betapol:    0.0
betator:    0.0
betaxis:    0.0
ctor:    -4.2186385659029753e-11
bmnc.shape: (101, 128)
bmns.shape: (101, 128)
Creating Boozer class for vmec_final
Defining surfaces where to compute Boozer coordinates
 booz_surfaces=[0.  0.1 0.2 0.3 0.4 0.5 0.6 0.7 0.8 0.9]
Running BOOZ_XFORM
mnmax: 50  len(xm): 50  len(xn): 50
mnmax_nyq: 128  len(xm_nyq): 128  len(xn_nyq): 128
Read ns=101, mpol=5, ntor=5, mnmax=50, mnmax_nyq=128
compute_surfs (0-based indices):  0 10 20 30 39 49 60 70 79 89
Initializing with mboz=64, nboz=64
ntheta = 258, nzeta = 258, # threads = 4
                   |        outboard (theta=0)      |      inboard (theta=pi)      |
thread js_b js zeta| |B|input  |B|Boozer    Error   | |B|input  |B|Boozer    Error |
------------------------------------------------------------------------------------
   1     3  30   0  9.423e-01  9.423e-01  1.190e-14  1.064e+00  1.064e+00  1.690e-14
                pi  9.439e-01  9.439e-01  3.176e-15  1.066e+00  1.066e+00  8.123e-15
   2     6  60   0  9.168e-01  9.168e-01  1.090e-14  1.088e+00  1.088e+00  1.081e-14
                pi  9.182e-01  9.182e-01  6.287e-15  1.091e+00  1.091e+00  6.106e-16
   0     0   0   0  9.963e-01  9.963e-01  1.070e-14  1.012e+00  1.012e+00  2.326e-14
                pi  9.975e-01  9.975e-01  1.558e-15  1.013e+00  1.013e+00  1.184e-14
   3     8  79   0  9.039e-01  9.039e-01  3.193e-15  1.100e+00  1.100e+00  1.837e-14
                pi  9.051e-01  9.051e-01  4.661e-15  1.104e+00  1.104e+00  1.207e-14
   1     4  39   0  9.337e-01  9.337e-01  5.707e-15  1.073e+00  1.073e+00  2.464e-14
                pi  9.353e-01  9.353e-01  2.137e-15  1.074e+00  1.074e+00  1.343e-14
   2     7  70   0  9.098e-01  9.098e-01  8.298e-15  1.095e+00  1.095e+00  2.069e-14
                pi  9.111e-01  9.111e-01  1.072e-14  1.098e+00  1.098e+00  1.861e-14
   3     9  89   0  8.978e-01  8.978e-01  4.328e-15  1.106e+00  1.106e+00  6.425e-15
                pi  8.988e-01  8.988e-01  1.791e-14  1.110e+00  1.110e+00  1.400e-15
   0     1  10   0  9.680e-01  9.680e-01  8.602e-15  1.040e+00  1.040e+00  1.495e-15
                pi  9.695e-01  9.695e-01  1.718e-15  1.041e+00  1.041e+00  5.332e-15
   1     5  49   0  9.252e-01  9.252e-01  4.440e-15  1.080e+00  1.080e+00  1.829e-14
                pi  9.267e-01  9.267e-01  5.631e-15  1.083e+00  1.083e+00  9.844e-15
   0     2  20   0  9.536e-01  9.536e-01  3.889e-14  1.054e+00  1.054e+00  1.981e-14
                pi  9.551e-01  9.551e-01  1.534e-14  1.055e+00  1.055e+00  7.155e-15
Writing output to /m100/home/userexternal/rjorge00/some_optimizations/GX_SIMSOPT/output_MAXITER150_least_squares_nfp2_QA_QA_nonlinear/boozmn_single_stage.nc
Plot BOOZ_XFORM
[Errno 2] No such file or directory: '/m100/home/userexternal/rjorge00/some_optimizations/GX_SIMSOPT/output_MAXITER150_least_squares_nfp2_QA_QA_nonlinear/gx'
Whole optimization took 4303.492303s
