Growth rate = 59.522446, qflux = 11.796312 for point -0.200000, aspect 5.989996, quasisymmetry = 1.196054 and iota 0.324865 took 1180.013536s
Growth rate = 48.334240, qflux = 8.274354 for point -0.178947, aspect 5.990582, quasisymmetry = 1.015092 and iota 0.332227 took 1178.239336s
Growth rate = 40.074608, qflux = 14.475967 for point -0.157895, aspect 5.991168, quasisymmetry = 0.864046 and iota 0.339425 took 1179.362276s
Growth rate = 39.665836, qflux = 15.503135 for point -0.136842, aspect 5.991754, quasisymmetry = 0.736835 and iota 0.346441 took 1180.213678s
Growth rate = 100.283157, qflux = 16.268900 for point -0.115789, aspect 5.992340, quasisymmetry = 0.628628 and iota 0.353253 took 1178.331022s
Growth rate = 68.460136, qflux = 16.772987 for point -0.094737, aspect 5.992926, quasisymmetry = 0.535572 and iota 0.359847 took 1181.454204s
Growth rate = 97.533752, qflux = 12.555315 for point -0.073684, aspect 5.993511, quasisymmetry = 0.454583 and iota 0.366205 took 1179.049277s
Growth rate = 176.097321, qflux = 11.048795 for point -0.052632, aspect 5.994097, quasisymmetry = 0.383224 and iota 0.372315 took 1178.398686s
Growth rate = 63.188118, qflux = 6.347682 for point -0.031579, aspect 5.994683, quasisymmetry = 0.319629 and iota 0.378164 took 1179.290973s
Growth rate = 53.314972, qflux = 9.311053 for point -0.010526, aspect 5.995269, quasisymmetry = 0.262417 and iota 0.383743 took 1180.051250s
Growth rate = 78.452438, qflux = 16.320997 for point 0.010526, aspect 5.995855, quasisymmetry = 0.210645 and iota 0.389045 took 1178.775212s
Growth rate = 31.523520, qflux = 12.101092 for point 0.031579, aspect 5.996441, quasisymmetry = 0.163766 and iota 0.394065 took 1177.719173s
Growth rate = 160.116562, qflux = 39.572247 for point 0.052632, aspect 5.997027, quasisymmetry = 0.121623 and iota 0.398799 took 1177.711414s
Growth rate = 157.024857, qflux = 23.722694 for point 0.073684, aspect 5.997613, quasisymmetry = 0.084399 and iota 0.403247 took 1178.595829s
Growth rate = 268.433380, qflux = 16.323299 for point 0.094737, aspect 5.998198, quasisymmetry = 0.052644 and iota 0.407408 took 1179.514072s
Growth rate = 45.394268, qflux = 16.812836 for point 0.115789, aspect 5.998784, quasisymmetry = 0.027258 and iota 0.411287 took 1178.168822s
Growth rate = 79.735649, qflux = 22.393089 for point 0.136842, aspect 5.999370, quasisymmetry = 0.009533 and iota 0.414886 took 1178.318790s
Growth rate = 47.715485, qflux = 16.435772 for point 0.157895, aspect 5.999956, quasisymmetry = 0.001191 and iota 0.418211 took 1178.132307s
Growth rate = 97.686150, qflux = 22.687065 for point 0.178947, aspect 6.000542, quasisymmetry = 0.004450 and iota 0.421268 took 1179.599666s
Growth rate = 133.785782, qflux = 21.558189 for point 0.200000, aspect 6.001128, quasisymmetry = 0.022119 and iota 0.424065 took 1179.058472s
[Errno 2] No such file or directory: '/m100/home/userexternal/rjorge00/some_optimizations/GX_SIMSOPT/test_optimization_nfp2_QA/convert_VMEC_to_GX'
[Errno 2] No such file or directory: 'opt_dofs_loss.csv'
./test_search_global_minimum.py:138: MatplotlibDeprecationWarning: Auto-removal of overlapping axes is deprecated since 3.6 and will be removed two minor releases later; explicitly call ax.remove() as needed.
  plt.subplot(numRows, numCols, 1)
./test_search_global_minimum.py:138: MatplotlibDeprecationWarning: Auto-removal of overlapping axes is deprecated since 3.6 and will be removed two minor releases later; explicitly call ax.remove() as needed.
  plt.subplot(numRows, numCols, 1)
./test_search_global_minimum.py:138: MatplotlibDeprecationWarning: Auto-removal of overlapping axes is deprecated since 3.6 and will be removed two minor releases later; explicitly call ax.remove() as needed.
  plt.subplot(numRows, numCols, 1)
./test_search_global_minimum.py:138: MatplotlibDeprecationWarning: Auto-removal of overlapping axes is deprecated since 3.6 and will be removed two minor releases later; explicitly call ax.remove() as needed.
  plt.subplot(numRows, numCols, 1)
./test_search_global_minimum.py:138: MatplotlibDeprecationWarning: Auto-removal of overlapping axes is deprecated since 3.6 and will be removed two minor releases later; explicitly call ax.remove() as needed.
  plt.subplot(numRows, numCols, 1)
./test_search_global_minimum.py:138: MatplotlibDeprecationWarning: Auto-removal of overlapping axes is deprecated since 3.6 and will be removed two minor releases later; explicitly call ax.remove() as needed.
  plt.subplot(numRows, numCols, 1)
./test_search_global_minimum.py:110: RuntimeWarning: invalid value encountered in divide
  phiR = (y[max_index[0],int((len(kxX)-1)/2),:,0]*phiR0+y[max_index[0],int((len(kxX)-1)/2),:,1]*phiI0)/phi02
./test_search_global_minimum.py:111: RuntimeWarning: invalid value encountered in divide
  phiI = (y[max_index[0],int((len(kxX)-1)/2),:,1]*phiR0-y[max_index[0],int((len(kxX)-1)/2),:,0]*phiI0)/phi02
./test_search_global_minimum.py:138: MatplotlibDeprecationWarning: Auto-removal of overlapping axes is deprecated since 3.6 and will be removed two minor releases later; explicitly call ax.remove() as needed.
  plt.subplot(numRows, numCols, 1)
./test_search_global_minimum.py:138: MatplotlibDeprecationWarning: Auto-removal of overlapping axes is deprecated since 3.6 and will be removed two minor releases later; explicitly call ax.remove() as needed.
  plt.subplot(numRows, numCols, 1)
./test_search_global_minimum.py:138: MatplotlibDeprecationWarning: Auto-removal of overlapping axes is deprecated since 3.6 and will be removed two minor releases later; explicitly call ax.remove() as needed.
  plt.subplot(numRows, numCols, 1)
./test_search_global_minimum.py:110: RuntimeWarning: invalid value encountered in divide
  phiR = (y[max_index[0],int((len(kxX)-1)/2),:,0]*phiR0+y[max_index[0],int((len(kxX)-1)/2),:,1]*phiI0)/phi02
./test_search_global_minimum.py:111: RuntimeWarning: invalid value encountered in divide
  phiI = (y[max_index[0],int((len(kxX)-1)/2),:,1]*phiR0-y[max_index[0],int((len(kxX)-1)/2),:,0]*phiI0)/phi02
./test_search_global_minimum.py:138: MatplotlibDeprecationWarning: Auto-removal of overlapping axes is deprecated since 3.6 and will be removed two minor releases later; explicitly call ax.remove() as needed.
  plt.subplot(numRows, numCols, 1)
./test_search_global_minimum.py:138: MatplotlibDeprecationWarning: Auto-removal of overlapping axes is deprecated since 3.6 and will be removed two minor releases later; explicitly call ax.remove() as needed.
  plt.subplot(numRows, numCols, 1)
./test_search_global_minimum.py:138: MatplotlibDeprecationWarning: Auto-removal of overlapping axes is deprecated since 3.6 and will be removed two minor releases later; explicitly call ax.remove() as needed.
  plt.subplot(numRows, numCols, 1)
./test_search_global_minimum.py:138: MatplotlibDeprecationWarning: Auto-removal of overlapping axes is deprecated since 3.6 and will be removed two minor releases later; explicitly call ax.remove() as needed.
  plt.subplot(numRows, numCols, 1)
./test_search_global_minimum.py:138: MatplotlibDeprecationWarning: Auto-removal of overlapping axes is deprecated since 3.6 and will be removed two minor releases later; explicitly call ax.remove() as needed.
  plt.subplot(numRows, numCols, 1)
./test_search_global_minimum.py:138: MatplotlibDeprecationWarning: Auto-removal of overlapping axes is deprecated since 3.6 and will be removed two minor releases later; explicitly call ax.remove() as needed.
  plt.subplot(numRows, numCols, 1)
./test_search_global_minimum.py:138: MatplotlibDeprecationWarning: Auto-removal of overlapping axes is deprecated since 3.6 and will be removed two minor releases later; explicitly call ax.remove() as needed.
  plt.subplot(numRows, numCols, 1)
./test_search_global_minimum.py:110: RuntimeWarning: invalid value encountered in divide
  phiR = (y[max_index[0],int((len(kxX)-1)/2),:,0]*phiR0+y[max_index[0],int((len(kxX)-1)/2),:,1]*phiI0)/phi02
./test_search_global_minimum.py:111: RuntimeWarning: invalid value encountered in divide
  phiI = (y[max_index[0],int((len(kxX)-1)/2),:,1]*phiR0-y[max_index[0],int((len(kxX)-1)/2),:,0]*phiI0)/phi02
./test_search_global_minimum.py:138: MatplotlibDeprecationWarning: Auto-removal of overlapping axes is deprecated since 3.6 and will be removed two minor releases later; explicitly call ax.remove() as needed.
  plt.subplot(numRows, numCols, 1)
./test_search_global_minimum.py:138: MatplotlibDeprecationWarning: Auto-removal of overlapping axes is deprecated since 3.6 and will be removed two minor releases later; explicitly call ax.remove() as needed.
  plt.subplot(numRows, numCols, 1)
./test_search_global_minimum.py:138: MatplotlibDeprecationWarning: Auto-removal of overlapping axes is deprecated since 3.6 and will be removed two minor releases later; explicitly call ax.remove() as needed.
  plt.subplot(numRows, numCols, 1)
