perl: warning: Setting locale failed.
perl: warning: Please check that your locale settings:
	LANGUAGE = (unset),
	LC_ALL = (unset),
	LC_CTYPE = "UTF-8",
	LANG = "en_US.UTF-8"
    are supported and installed on your system.
perl: warning: Falling back to a fallback locale ("en_US.UTF-8").
Starting GX runs
nzgrid=141 npol=4 nstep=2900 dt=0.2 nhermite=7 nlaguerre=3 nu_hyper=0.5 D_hyper=0.05 ny=80 nx=80 y0=28.0 growth_rate=32.247116 qflux=61.678619 took 218.301478s
nzgrid=281 npol=4 nstep=2900 dt=0.2 nhermite=7 nlaguerre=3 nu_hyper=0.5 D_hyper=0.05 ny=80 nx=80 y0=28.0 growth_rate=32.942482 qflux=80.294952 took 425.752046s
nzgrid=281 npol=8 nstep=2900 dt=0.2 nhermite=7 nlaguerre=3 nu_hyper=0.5 D_hyper=0.05 ny=80 nx=80 y0=28.0 growth_rate=64.714859 qflux=48.118942 took 425.022471s
nzgrid=141 npol=4 nstep=5800 dt=0.2 nhermite=7 nlaguerre=3 nu_hyper=0.5 D_hyper=0.05 ny=80 nx=80 y0=28.0 growth_rate=34.864445 qflux=90.623840 took 437.982729s
nzgrid=141 npol=4 nstep=5800 dt=0.1 nhermite=7 nlaguerre=3 nu_hyper=0.5 D_hyper=0.05 ny=80 nx=80 y0=28.0 growth_rate=66.905128 qflux=89.089684 took 437.140554s
nzgrid=141 npol=4 nstep=2900 dt=0.2 nhermite=14 nlaguerre=3 nu_hyper=0.5 D_hyper=0.05 ny=80 nx=80 y0=28.0 growth_rate=141.522385 qflux=59.249756 took 396.856080s
nzgrid=141 npol=4 nstep=2900 dt=0.2 nhermite=7 nlaguerre=6 nu_hyper=0.5 D_hyper=0.05 ny=80 nx=80 y0=28.0 growth_rate=63.124992 qflux=70.313148 took 435.867271s
nzgrid=141 npol=4 nstep=2900 dt=0.2 nhermite=7 nlaguerre=3 nu_hyper=0.25 D_hyper=0.05 ny=80 nx=80 y0=28.0 growth_rate=37.711452 qflux=65.342148 took 219.636864s
nzgrid=141 npol=4 nstep=2900 dt=0.2 nhermite=7 nlaguerre=3 nu_hyper=0.5 D_hyper=0.025 ny=80 nx=80 y0=28.0 growth_rate=47.956390 qflux=62.250740 took 220.023241s
nzgrid=141 npol=4 nstep=2900 dt=0.2 nhermite=7 nlaguerre=3 nu_hyper=0.5 D_hyper=0.05 ny=160 nx=80 y0=28.0 growth_rate=181.887024 qflux=48.442963 took 415.042526s
nzgrid=141 npol=4 nstep=2900 dt=0.2 nhermite=7 nlaguerre=3 nu_hyper=0.5 D_hyper=0.05 ny=80 nx=160 y0=28.0 growth_rate=284.779846 qflux=13.580411 took 424.396386s
nzgrid=141 npol=4 nstep=2900 dt=0.2 nhermite=7 nlaguerre=3 nu_hyper=0.5 D_hyper=0.05 ny=160 nx=80 y0=56.0 growth_rate=29.283241 qflux=194.801346 took 413.815407s
nzgrid=141 npol=4 nstep=2900 dt=0.2 nhermite=7 nlaguerre=3 nu_hyper=0.5 D_hyper=0.05 ny=160 nx=80 y0=14.0 growth_rate=1429.243286 qflux=6.292693 took 415.245134s
./test_parameters.py:78: RuntimeWarning: invalid value encountered in divide
  phiR = (y[max_index[0],int((len(kxX)-1)/2),:,0]*phiR0+y[max_index[0],int((len(kxX)-1)/2),:,1]*phiI0)/phi02
./test_parameters.py:79: RuntimeWarning: invalid value encountered in divide
  phiI = (y[max_index[0],int((len(kxX)-1)/2),:,1]*phiR0-y[max_index[0],int((len(kxX)-1)/2),:,0]*phiI0)/phi02
./test_parameters.py:121: MatplotlibDeprecationWarning: Auto-removal of overlapping axes is deprecated since 3.6 and will be removed two minor releases later; explicitly call ax.remove() as needed.
  plt.subplot(numRows, numCols, 1)
./test_parameters.py:78: RuntimeWarning: invalid value encountered in divide
  phiR = (y[max_index[0],int((len(kxX)-1)/2),:,0]*phiR0+y[max_index[0],int((len(kxX)-1)/2),:,1]*phiI0)/phi02
./test_parameters.py:79: RuntimeWarning: invalid value encountered in divide
  phiI = (y[max_index[0],int((len(kxX)-1)/2),:,1]*phiR0-y[max_index[0],int((len(kxX)-1)/2),:,0]*phiI0)/phi02
./test_parameters.py:121: MatplotlibDeprecationWarning: Auto-removal of overlapping axes is deprecated since 3.6 and will be removed two minor releases later; explicitly call ax.remove() as needed.
  plt.subplot(numRows, numCols, 1)
./test_parameters.py:121: MatplotlibDeprecationWarning: Auto-removal of overlapping axes is deprecated since 3.6 and will be removed two minor releases later; explicitly call ax.remove() as needed.
  plt.subplot(numRows, numCols, 1)
./test_parameters.py:78: RuntimeWarning: invalid value encountered in divide
  phiR = (y[max_index[0],int((len(kxX)-1)/2),:,0]*phiR0+y[max_index[0],int((len(kxX)-1)/2),:,1]*phiI0)/phi02
./test_parameters.py:79: RuntimeWarning: invalid value encountered in divide
  phiI = (y[max_index[0],int((len(kxX)-1)/2),:,1]*phiR0-y[max_index[0],int((len(kxX)-1)/2),:,0]*phiI0)/phi02
./test_parameters.py:121: MatplotlibDeprecationWarning: Auto-removal of overlapping axes is deprecated since 3.6 and will be removed two minor releases later; explicitly call ax.remove() as needed.
  plt.subplot(numRows, numCols, 1)
./test_parameters.py:78: RuntimeWarning: invalid value encountered in divide
  phiR = (y[max_index[0],int((len(kxX)-1)/2),:,0]*phiR0+y[max_index[0],int((len(kxX)-1)/2),:,1]*phiI0)/phi02
./test_parameters.py:79: RuntimeWarning: invalid value encountered in divide
  phiI = (y[max_index[0],int((len(kxX)-1)/2),:,1]*phiR0-y[max_index[0],int((len(kxX)-1)/2),:,0]*phiI0)/phi02
./test_parameters.py:121: MatplotlibDeprecationWarning: Auto-removal of overlapping axes is deprecated since 3.6 and will be removed two minor releases later; explicitly call ax.remove() as needed.
  plt.subplot(numRows, numCols, 1)
./test_parameters.py:78: RuntimeWarning: invalid value encountered in divide
  phiR = (y[max_index[0],int((len(kxX)-1)/2),:,0]*phiR0+y[max_index[0],int((len(kxX)-1)/2),:,1]*phiI0)/phi02
./test_parameters.py:79: RuntimeWarning: invalid value encountered in divide
  phiI = (y[max_index[0],int((len(kxX)-1)/2),:,1]*phiR0-y[max_index[0],int((len(kxX)-1)/2),:,0]*phiI0)/phi02
./test_parameters.py:121: MatplotlibDeprecationWarning: Auto-removal of overlapping axes is deprecated since 3.6 and will be removed two minor releases later; explicitly call ax.remove() as needed.
  plt.subplot(numRows, numCols, 1)
./test_parameters.py:78: RuntimeWarning: invalid value encountered in divide
  phiR = (y[max_index[0],int((len(kxX)-1)/2),:,0]*phiR0+y[max_index[0],int((len(kxX)-1)/2),:,1]*phiI0)/phi02
./test_parameters.py:79: RuntimeWarning: invalid value encountered in divide
  phiI = (y[max_index[0],int((len(kxX)-1)/2),:,1]*phiR0-y[max_index[0],int((len(kxX)-1)/2),:,0]*phiI0)/phi02
./test_parameters.py:121: MatplotlibDeprecationWarning: Auto-removal of overlapping axes is deprecated since 3.6 and will be removed two minor releases later; explicitly call ax.remove() as needed.
  plt.subplot(numRows, numCols, 1)
./test_parameters.py:78: RuntimeWarning: invalid value encountered in divide
  phiR = (y[max_index[0],int((len(kxX)-1)/2),:,0]*phiR0+y[max_index[0],int((len(kxX)-1)/2),:,1]*phiI0)/phi02
./test_parameters.py:79: RuntimeWarning: invalid value encountered in divide
  phiI = (y[max_index[0],int((len(kxX)-1)/2),:,1]*phiR0-y[max_index[0],int((len(kxX)-1)/2),:,0]*phiI0)/phi02
./test_parameters.py:121: MatplotlibDeprecationWarning: Auto-removal of overlapping axes is deprecated since 3.6 and will be removed two minor releases later; explicitly call ax.remove() as needed.
  plt.subplot(numRows, numCols, 1)
./test_parameters.py:121: MatplotlibDeprecationWarning: Auto-removal of overlapping axes is deprecated since 3.6 and will be removed two minor releases later; explicitly call ax.remove() as needed.
  plt.subplot(numRows, numCols, 1)
./test_parameters.py:121: MatplotlibDeprecationWarning: Auto-removal of overlapping axes is deprecated since 3.6 and will be removed two minor releases later; explicitly call ax.remove() as needed.
  plt.subplot(numRows, numCols, 1)
./test_parameters.py:78: RuntimeWarning: invalid value encountered in divide
  phiR = (y[max_index[0],int((len(kxX)-1)/2),:,0]*phiR0+y[max_index[0],int((len(kxX)-1)/2),:,1]*phiI0)/phi02
./test_parameters.py:79: RuntimeWarning: invalid value encountered in divide
  phiI = (y[max_index[0],int((len(kxX)-1)/2),:,1]*phiR0-y[max_index[0],int((len(kxX)-1)/2),:,0]*phiI0)/phi02
./test_parameters.py:121: MatplotlibDeprecationWarning: Auto-removal of overlapping axes is deprecated since 3.6 and will be removed two minor releases later; explicitly call ax.remove() as needed.
  plt.subplot(numRows, numCols, 1)
./test_parameters.py:78: RuntimeWarning: invalid value encountered in divide
  phiR = (y[max_index[0],int((len(kxX)-1)/2),:,0]*phiR0+y[max_index[0],int((len(kxX)-1)/2),:,1]*phiI0)/phi02
./test_parameters.py:79: RuntimeWarning: invalid value encountered in divide
  phiI = (y[max_index[0],int((len(kxX)-1)/2),:,1]*phiR0-y[max_index[0],int((len(kxX)-1)/2),:,0]*phiI0)/phi02
./test_parameters.py:121: MatplotlibDeprecationWarning: Auto-removal of overlapping axes is deprecated since 3.6 and will be removed two minor releases later; explicitly call ax.remove() as needed.
  plt.subplot(numRows, numCols, 1)
./test_parameters.py:121: MatplotlibDeprecationWarning: Auto-removal of overlapping axes is deprecated since 3.6 and will be removed two minor releases later; explicitly call ax.remove() as needed.
  plt.subplot(numRows, numCols, 1)
