[Errno 2] No such file or directory: b'/m100/home/userexternal/rjorge00/some_optimizations/GX_SIMSOPT/test_optimization_nfp4_QH/gxInput_wout_nfp4_QH_000_000000.nc'
Growth rate = 1000.000000, qflux = 1000.000000 for point -0.200000, aspect 7.912564, quasisymmetry = 149.921003 and iota -0.378993 took 6.478331s
[Errno 2] No such file or directory: b'/m100/home/userexternal/rjorge00/some_optimizations/GX_SIMSOPT/test_optimization_nfp4_QH/gxInput_wout_nfp4_QH_000_000001.nc'
Growth rate = 1000.000000, qflux = 1000.000000 for point -0.173333, aspect 7.918770, quasisymmetry = 114.544706 and iota -0.453722 took 4.783645s
[Errno 2] No such file or directory: b'/m100/home/userexternal/rjorge00/some_optimizations/GX_SIMSOPT/test_optimization_nfp4_QH/gxInput_wout_nfp4_QH_000_000002.nc'
Growth rate = 1000.000000, qflux = 1000.000000 for point -0.146667, aspect 7.924977, quasisymmetry = 87.156782 and iota -0.530115 took 5.424820s
Growth rate = 153.843369, qflux = 16.677458 for point -0.120000, aspect 7.931184, quasisymmetry = 66.154543 and iota -0.606580 took 1459.719777s
Growth rate = 368.442871, qflux = 42.582806 for point -0.093333, aspect 7.937390, quasisymmetry = 49.971364 and iota -0.681876 took 1457.582225s
Growth rate = 187.935410, qflux = 36.526363 for point -0.066667, aspect 7.943597, quasisymmetry = 37.451993 and iota -0.754973 took 1455.864757s
Growth rate = 81.019852, qflux = 37.763809 for point -0.040000, aspect 7.949804, quasisymmetry = 27.725813 and iota -0.825029 took 1454.978670s
Growth rate = 29.402489, qflux = 10.526242 for point -0.013333, aspect 7.956010, quasisymmetry = 20.134335 and iota -0.891384 took 1170.798712s
Growth rate = 51.036400, qflux = 14.696180 for point 0.013333, aspect 7.962217, quasisymmetry = 14.207500 and iota -0.953555 took 1171.876922s
Growth rate = 29.192364, qflux = 4.426430 for point 0.040000, aspect 7.968424, quasisymmetry = 9.607789 and iota -1.011250 took 1172.456976s
Growth rate = 86.104408, qflux = 15.726212 for point 0.066667, aspect 7.974631, quasisymmetry = 6.089760 and iota -1.064356 took 1172.743571s
Growth rate = 895.722290, qflux = -10.800337 for point 0.093333, aspect 7.980837, quasisymmetry = 3.474568 and iota -1.112911 took 1173.415976s
Growth rate = 76.551247, qflux = 18.770691 for point 0.120000, aspect 7.987044, quasisymmetry = 1.637171 and iota -1.157109 took 1171.206948s
Growth rate = 112.138237, qflux = 22.778023 for point 0.146667, aspect 7.993251, quasisymmetry = 0.502380 and iota -1.197073 took 1173.129140s
Growth rate = 88.400612, qflux = 17.925638 for point 0.173333, aspect 7.999457, quasisymmetry = 0.042987 and iota -1.233218 took 1173.161071s
Growth rate = 140.838135, qflux = 26.586121 for point 0.200000, aspect 8.005664, quasisymmetry = 0.284616 and iota -1.265829 took 1174.561030s
[Errno 2] No such file or directory: '/m100/home/userexternal/rjorge00/some_optimizations/GX_SIMSOPT/test_optimization_nfp4_QH/convert_VMEC_to_GX'
[Errno 2] No such file or directory: 'opt_dofs_loss.csv'
./test_search_global_minimum.py:138: MatplotlibDeprecationWarning: Auto-removal of overlapping axes is deprecated since 3.6 and will be removed two minor releases later; explicitly call ax.remove() as needed.
  plt.subplot(numRows, numCols, 1)
./test_search_global_minimum.py:138: MatplotlibDeprecationWarning: Auto-removal of overlapping axes is deprecated since 3.6 and will be removed two minor releases later; explicitly call ax.remove() as needed.
  plt.subplot(numRows, numCols, 1)
./test_search_global_minimum.py:138: MatplotlibDeprecationWarning: Auto-removal of overlapping axes is deprecated since 3.6 and will be removed two minor releases later; explicitly call ax.remove() as needed.
  plt.subplot(numRows, numCols, 1)
./test_search_global_minimum.py:138: MatplotlibDeprecationWarning: Auto-removal of overlapping axes is deprecated since 3.6 and will be removed two minor releases later; explicitly call ax.remove() as needed.
  plt.subplot(numRows, numCols, 1)
./test_search_global_minimum.py:138: MatplotlibDeprecationWarning: Auto-removal of overlapping axes is deprecated since 3.6 and will be removed two minor releases later; explicitly call ax.remove() as needed.
  plt.subplot(numRows, numCols, 1)
./test_search_global_minimum.py:138: MatplotlibDeprecationWarning: Auto-removal of overlapping axes is deprecated since 3.6 and will be removed two minor releases later; explicitly call ax.remove() as needed.
  plt.subplot(numRows, numCols, 1)
./test_search_global_minimum.py:138: MatplotlibDeprecationWarning: Auto-removal of overlapping axes is deprecated since 3.6 and will be removed two minor releases later; explicitly call ax.remove() as needed.
  plt.subplot(numRows, numCols, 1)
./test_search_global_minimum.py:138: MatplotlibDeprecationWarning: Auto-removal of overlapping axes is deprecated since 3.6 and will be removed two minor releases later; explicitly call ax.remove() as needed.
  plt.subplot(numRows, numCols, 1)
./test_search_global_minimum.py:138: MatplotlibDeprecationWarning: Auto-removal of overlapping axes is deprecated since 3.6 and will be removed two minor releases later; explicitly call ax.remove() as needed.
  plt.subplot(numRows, numCols, 1)
./test_search_global_minimum.py:138: MatplotlibDeprecationWarning: Auto-removal of overlapping axes is deprecated since 3.6 and will be removed two minor releases later; explicitly call ax.remove() as needed.
  plt.subplot(numRows, numCols, 1)
./test_search_global_minimum.py:138: MatplotlibDeprecationWarning: Auto-removal of overlapping axes is deprecated since 3.6 and will be removed two minor releases later; explicitly call ax.remove() as needed.
  plt.subplot(numRows, numCols, 1)
./test_search_global_minimum.py:138: MatplotlibDeprecationWarning: Auto-removal of overlapping axes is deprecated since 3.6 and will be removed two minor releases later; explicitly call ax.remove() as needed.
  plt.subplot(numRows, numCols, 1)
