perl: warning: Setting locale failed.
perl: warning: Please check that your locale settings:
	LANGUAGE = (unset),
	LC_ALL = (unset),
	LC_CTYPE = "UTF-8",
	LANG = "en_US.UTF-8"
    are supported and installed on your system.
perl: warning: Falling back to a fallback locale ("en_US.UTF-8").
[Errno 2] No such file or directory: b'/m100/home/userexternal/rjorge00/some_optimizations/GX_SIMSOPT/test_optimization_nfp4_QH/gxInput_wout_nfp4_QH_000_000000.nc'
Growth rate = 1000000000000000000.000000, qflux = 1000000000000000000.000000 for point -0.200000, aspect 7.912564, quasisymmetry = 149.921003 and iota -0.378993 took 6.172147s
[Errno 2] No such file or directory: b'/m100/home/userexternal/rjorge00/some_optimizations/GX_SIMSOPT/test_optimization_nfp4_QH/gxInput_wout_nfp4_QH_000_000001.nc'
Growth rate = 1000000000000000000.000000, qflux = 1000000000000000000.000000 for point -0.173333, aspect 7.918770, quasisymmetry = 114.544706 and iota -0.453722 took 4.607157s
Growth rate = 649.275940, qflux = 17.141251 for point -0.146667, aspect 7.924977, quasisymmetry = 87.156782 and iota -0.530115 took 1286.077626s
Growth rate = 176.615402, qflux = 21.024065 for point -0.120000, aspect 7.931184, quasisymmetry = 66.154543 and iota -0.606580 took 1286.356699s
Growth rate = 137.418701, qflux = 19.207535 for point -0.093333, aspect 7.937390, quasisymmetry = 49.971364 and iota -0.681876 took 1290.368042s
Growth rate = 117.284355, qflux = 68.489532 for point -0.066667, aspect 7.943597, quasisymmetry = 37.451993 and iota -0.754973 took 1286.649085s
Growth rate = 104.574905, qflux = 97.101036 for point -0.040000, aspect 7.949804, quasisymmetry = 27.725813 and iota -0.825029 took 1290.254973s
Growth rate = 100.015968, qflux = 15.724330 for point -0.013333, aspect 7.956010, quasisymmetry = 20.134335 and iota -0.891384 took 971.889699s
Growth rate = 245.534454, qflux = 15.794952 for point 0.013333, aspect 7.962217, quasisymmetry = 14.207500 and iota -0.953555 took 970.584664s
Growth rate = 60.188160, qflux = 17.691061 for point 0.040000, aspect 7.968424, quasisymmetry = 9.607789 and iota -1.011250 took 971.752447s
Growth rate = 37.453468, qflux = 26.445015 for point 0.066667, aspect 7.974631, quasisymmetry = 6.089760 and iota -1.064356 took 972.772988s
Growth rate = 59.960358, qflux = 25.008390 for point 0.093333, aspect 7.980837, quasisymmetry = 3.474568 and iota -1.112911 took 973.470600s
Growth rate = 150.242950, qflux = 44.550297 for point 0.120000, aspect 7.987044, quasisymmetry = 1.637171 and iota -1.157109 took 972.986987s
Growth rate = 153.576462, qflux = 16.068588 for point 0.146667, aspect 7.993251, quasisymmetry = 0.502380 and iota -1.197073 took 970.758906s
Growth rate = 442.160339, qflux = 15.076427 for point 0.173333, aspect 7.999457, quasisymmetry = 0.042987 and iota -1.233218 took 972.770528s
Growth rate = 52.891125, qflux = 15.485691 for point 0.200000, aspect 8.005664, quasisymmetry = 0.284616 and iota -1.265829 took 972.341118s
[Errno 2] No such file or directory: '/m100/home/userexternal/rjorge00/some_optimizations/GX_SIMSOPT/test_optimization_nfp4_QH/convert_VMEC_to_GX'
[Errno 2] No such file or directory: 'opt_dofs_loss.csv'
./test_search_global_minimum.py:138: MatplotlibDeprecationWarning: Auto-removal of overlapping axes is deprecated since 3.6 and will be removed two minor releases later; explicitly call ax.remove() as needed.
  plt.subplot(numRows, numCols, 1)
./test_search_global_minimum.py:110: RuntimeWarning: invalid value encountered in divide
  phiR = (y[max_index[0],int((len(kxX)-1)/2),:,0]*phiR0+y[max_index[0],int((len(kxX)-1)/2),:,1]*phiI0)/phi02
./test_search_global_minimum.py:111: RuntimeWarning: invalid value encountered in divide
  phiI = (y[max_index[0],int((len(kxX)-1)/2),:,1]*phiR0-y[max_index[0],int((len(kxX)-1)/2),:,0]*phiI0)/phi02
./test_search_global_minimum.py:138: MatplotlibDeprecationWarning: Auto-removal of overlapping axes is deprecated since 3.6 and will be removed two minor releases later; explicitly call ax.remove() as needed.
  plt.subplot(numRows, numCols, 1)
./test_search_global_minimum.py:138: MatplotlibDeprecationWarning: Auto-removal of overlapping axes is deprecated since 3.6 and will be removed two minor releases later; explicitly call ax.remove() as needed.
  plt.subplot(numRows, numCols, 1)
./test_search_global_minimum.py:138: MatplotlibDeprecationWarning: Auto-removal of overlapping axes is deprecated since 3.6 and will be removed two minor releases later; explicitly call ax.remove() as needed.
  plt.subplot(numRows, numCols, 1)
./test_search_global_minimum.py:138: MatplotlibDeprecationWarning: Auto-removal of overlapping axes is deprecated since 3.6 and will be removed two minor releases later; explicitly call ax.remove() as needed.
  plt.subplot(numRows, numCols, 1)
./test_search_global_minimum.py:138: MatplotlibDeprecationWarning: Auto-removal of overlapping axes is deprecated since 3.6 and will be removed two minor releases later; explicitly call ax.remove() as needed.
  plt.subplot(numRows, numCols, 1)
./test_search_global_minimum.py:138: MatplotlibDeprecationWarning: Auto-removal of overlapping axes is deprecated since 3.6 and will be removed two minor releases later; explicitly call ax.remove() as needed.
  plt.subplot(numRows, numCols, 1)
./test_search_global_minimum.py:138: MatplotlibDeprecationWarning: Auto-removal of overlapping axes is deprecated since 3.6 and will be removed two minor releases later; explicitly call ax.remove() as needed.
  plt.subplot(numRows, numCols, 1)
./test_search_global_minimum.py:138: MatplotlibDeprecationWarning: Auto-removal of overlapping axes is deprecated since 3.6 and will be removed two minor releases later; explicitly call ax.remove() as needed.
  plt.subplot(numRows, numCols, 1)
./test_search_global_minimum.py:138: MatplotlibDeprecationWarning: Auto-removal of overlapping axes is deprecated since 3.6 and will be removed two minor releases later; explicitly call ax.remove() as needed.
  plt.subplot(numRows, numCols, 1)
./test_search_global_minimum.py:138: MatplotlibDeprecationWarning: Auto-removal of overlapping axes is deprecated since 3.6 and will be removed two minor releases later; explicitly call ax.remove() as needed.
  plt.subplot(numRows, numCols, 1)
./test_search_global_minimum.py:138: MatplotlibDeprecationWarning: Auto-removal of overlapping axes is deprecated since 3.6 and will be removed two minor releases later; explicitly call ax.remove() as needed.
  plt.subplot(numRows, numCols, 1)
./test_search_global_minimum.py:138: MatplotlibDeprecationWarning: Auto-removal of overlapping axes is deprecated since 3.6 and will be removed two minor releases later; explicitly call ax.remove() as needed.
  plt.subplot(numRows, numCols, 1)
