Initial aspect ratio: 6.000114150210393
Initial mean iota: 0.41906159268179516
Initial magnetic well: -0.031014485788414044
On rank 0 and CUDA_VISIBLE_DEVICES=0
Initial heat flux: 18.793945
-------------------------
Optimizing with max_mode = 3
-------------------------
On rank 0 and CUDA_VISIBLE_DEVICES=0
01:20:02 - Growth rate = 5.709402, qflux = 18.793945, quasisymmetry = 0.000822 with aspect ratio=6.000114 took 1177.187228s
On rank 0 and CUDA_VISIBLE_DEVICES=0
01:39:50 - Growth rate = 5.709402, qflux = 18.793945, quasisymmetry = 0.000822 with aspect ratio=6.000114 took 1178.346762s
On rank 0 and CUDA_VISIBLE_DEVICES=0
01:59:36 - Growth rate = 5.709402, qflux = 18.793945, quasisymmetry = 0.000822 with aspect ratio=6.000114 took 1177.460463s
On rank 41 and CUDA_VISIBLE_DEVICES=1
On rank 7 and CUDA_VISIBLE_DEVICES=3
On rank 28 and CUDA_VISIBLE_DEVICES=0
On rank 19 and CUDA_VISIBLE_DEVICES=3
On rank 16 and CUDA_VISIBLE_DEVICES=0
On rank 23 and CUDA_VISIBLE_DEVICES=3
On rank 22 and CUDA_VISIBLE_DEVICES=2
On rank 25 and CUDA_VISIBLE_DEVICES=1
On rank 24 and CUDA_VISIBLE_DEVICES=0
On rank 27 and CUDA_VISIBLE_DEVICES=3
On rank 21 and CUDA_VISIBLE_DEVICES=1
On rank 31 and CUDA_VISIBLE_DEVICES=3
On rank 1 and CUDA_VISIBLE_DEVICES=1
On rank 44 and CUDA_VISIBLE_DEVICES=0
On rank 47 and CUDA_VISIBLE_DEVICES=3
On rank 46 and CUDA_VISIBLE_DEVICES=2
On rank 2 and CUDA_VISIBLE_DEVICES=2
On rank 13 and CUDA_VISIBLE_DEVICES=1
On rank 42 and CUDA_VISIBLE_DEVICES=2
On rank 14 and CUDA_VISIBLE_DEVICES=2
On rank 45 and CUDA_VISIBLE_DEVICES=1
On rank 9 and CUDA_VISIBLE_DEVICES=1
On rank 11 and CUDA_VISIBLE_DEVICES=3
On rank 26 and CUDA_VISIBLE_DEVICES=2
On rank 39 and CUDA_VISIBLE_DEVICES=3
On rank 15 and CUDA_VISIBLE_DEVICES=3
On rank 37 and CUDA_VISIBLE_DEVICES=1
On rank 8 and CUDA_VISIBLE_DEVICES=0
On rank 20 and CUDA_VISIBLE_DEVICES=0
On rank 17 and CUDA_VISIBLE_DEVICES=1
On rank 0 and CUDA_VISIBLE_DEVICES=0
On rank 12 and CUDA_VISIBLE_DEVICES=0
On rank 3 and CUDA_VISIBLE_DEVICES=3
On rank 43 and CUDA_VISIBLE_DEVICES=3
On rank 40 and CUDA_VISIBLE_DEVICES=0
On rank 10 and CUDA_VISIBLE_DEVICES=2
On rank 29 and CUDA_VISIBLE_DEVICES=1
On rank 4 and CUDA_VISIBLE_DEVICES=0
On rank 18 and CUDA_VISIBLE_DEVICES=2
On rank 36 and CUDA_VISIBLE_DEVICES=0
On rank 38 and CUDA_VISIBLE_DEVICES=2
On rank 5 and CUDA_VISIBLE_DEVICES=1
On rank 6 and CUDA_VISIBLE_DEVICES=2
On rank 30 and CUDA_VISIBLE_DEVICES=2
On rank 33 and CUDA_VISIBLE_DEVICES=1
On rank 32 and CUDA_VISIBLE_DEVICES=0
On rank 34 and CUDA_VISIBLE_DEVICES=2
On rank 35 and CUDA_VISIBLE_DEVICES=3
02:19:13 - Growth rate = 47.721645, qflux = 18.562515, quasisymmetry = 0.000823 with aspect ratio=6.000075 took 1167.736947s
02:19:13 - Growth rate = -1.640469, qflux = 18.125959, quasisymmetry = 0.000823 with aspect ratio=5.999781 took 1168.623561s
02:19:14 - Growth rate = 20.636810, qflux = 18.941971, quasisymmetry = 0.000822 with aspect ratio=6.000114 took 1168.318337s
02:19:14 - Growth rate = 7.719105, qflux = 18.649298, quasisymmetry = 0.000823 with aspect ratio=6.000113 took 1168.567732s
02:19:14 - Growth rate = 6.738710, qflux = 18.778580, quasisymmetry = 0.000822 with aspect ratio=6.000114 took 1168.991415s
02:19:14 - Growth rate = 5.304856, qflux = 18.564198, quasisymmetry = 0.000821 with aspect ratio=6.000114 took 1168.741306s
02:19:14 - Growth rate = 14.246401, qflux = 18.436287, quasisymmetry = 0.000822 with aspect ratio=6.000114 took 1169.211760s
02:19:14 - Growth rate = 20.221138, qflux = 18.771280, quasisymmetry = 0.000822 with aspect ratio=6.000114 took 1168.682863s
02:19:14 - Growth rate = 19.395760, qflux = 18.678574, quasisymmetry = 0.000827 with aspect ratio=6.000114 took 1169.288033s
02:19:14 - Growth rate = 8.649845, qflux = 18.180733, quasisymmetry = 0.000822 with aspect ratio=6.000116 took 1169.083888s
02:19:14 - Growth rate = 3.323461, qflux = 18.448227, quasisymmetry = 0.000823 with aspect ratio=6.000114 took 1168.917899s
02:19:15 - Growth rate = 6.672534, qflux = 18.375141, quasisymmetry = 0.000822 with aspect ratio=6.000115 took 1169.577257s
02:19:15 - Growth rate = 9.927560, qflux = 18.440845, quasisymmetry = 0.000823 with aspect ratio=6.000114 took 1169.230360s
02:19:15 - Growth rate = 13.725657, qflux = 19.206680, quasisymmetry = 0.000822 with aspect ratio=6.000115 took 1169.361031s
02:19:15 - Growth rate = 7.497142, qflux = 18.637083, quasisymmetry = 0.000822 with aspect ratio=6.000115 took 1169.535496s
02:19:15 - Growth rate = 4.574446, qflux = 18.211346, quasisymmetry = 0.000822 with aspect ratio=6.000113 took 1169.572692s
02:19:15 - Growth rate = 8.107633, qflux = 18.413361, quasisymmetry = 0.000822 with aspect ratio=6.000114 took 1169.342235s
02:19:15 - Growth rate = 9.451233, qflux = 19.013466, quasisymmetry = 0.000822 with aspect ratio=6.000115 took 1169.666764s
02:19:15 - Growth rate = 9.183534, qflux = 18.995869, quasisymmetry = 0.000822 with aspect ratio=6.000115 took 1169.412936s
02:19:15 - Growth rate = -1.176582, qflux = 18.387657, quasisymmetry = 0.000822 with aspect ratio=6.000114 took 1169.968244s
02:19:15 - Growth rate = 28.367805, qflux = 18.789129, quasisymmetry = 0.000822 with aspect ratio=6.000114 took 1170.124193s
02:19:15 - Growth rate = 13.527031, qflux = 18.262287, quasisymmetry = 0.000823 with aspect ratio=6.000232 took 1169.615028s
02:19:15 - Growth rate = -25.151199, qflux = 18.335785, quasisymmetry = 0.000821 with aspect ratio=6.000114 took 1169.722295s
02:19:15 - Growth rate = 1.132166, qflux = 18.607052, quasisymmetry = 0.000822 with aspect ratio=6.000115 took 1169.809728s
02:19:15 - Growth rate = 0.625251, qflux = 18.204357, quasisymmetry = 0.000820 with aspect ratio=6.000114 took 1169.856875s
02:19:15 - Growth rate = 16.150351, qflux = 18.289276, quasisymmetry = 0.000821 with aspect ratio=6.000114 took 1169.979874s
02:19:15 - Growth rate = 12.855944, qflux = 18.533131, quasisymmetry = 0.000820 with aspect ratio=6.000109 took 1170.011693s
02:19:15 - Growth rate = 32.979370, qflux = 18.708447, quasisymmetry = 0.000823 with aspect ratio=6.000114 took 1170.020169s
02:19:16 - Growth rate = 4.297782, qflux = 18.260721, quasisymmetry = 0.000822 with aspect ratio=6.000115 took 1170.337088s
02:19:16 - Growth rate = -19.372089, qflux = 18.598778, quasisymmetry = 0.000821 with aspect ratio=6.000114 took 1170.637278s
02:19:16 - Growth rate = 10.930853, qflux = 18.115997, quasisymmetry = 0.000822 with aspect ratio=6.000114 took 1170.892780s
02:19:16 - Growth rate = 66.337883, qflux = 19.128815, quasisymmetry = 0.000821 with aspect ratio=6.000114 took 1170.676058s
02:19:16 - Growth rate = 5.499971, qflux = 18.726130, quasisymmetry = 0.000821 with aspect ratio=6.000114 took 1170.906765s
02:19:16 - Growth rate = 55.153526, qflux = 18.388800, quasisymmetry = 0.000822 with aspect ratio=6.000115 took 1170.866006s
02:19:17 - Growth rate = 6.187659, qflux = 18.574593, quasisymmetry = 0.000823 with aspect ratio=6.000116 took 1171.065791s
02:19:17 - Growth rate = 5.183091, qflux = 18.588011, quasisymmetry = 0.000822 with aspect ratio=6.000105 took 1171.281235s
02:19:17 - Growth rate = 11.271500, qflux = 18.656832, quasisymmetry = 0.000822 with aspect ratio=6.000114 took 1171.654714s
02:19:17 - Growth rate = 19.904446, qflux = 18.575708, quasisymmetry = 0.000821 with aspect ratio=6.000114 took 1171.346754s
02:19:17 - Growth rate = -19.512775, qflux = 18.560184, quasisymmetry = 0.000820 with aspect ratio=5.999701 took 1171.549452s
02:19:17 - Growth rate = 11.996978, qflux = 18.995405, quasisymmetry = 0.000821 with aspect ratio=6.000116 took 1171.422043s
02:19:17 - Growth rate = 12.066162, qflux = 18.619823, quasisymmetry = 0.000822 with aspect ratio=6.000114 took 1171.418580s
02:19:17 - Growth rate = 18.461227, qflux = 18.689754, quasisymmetry = 0.000822 with aspect ratio=6.000113 took 1172.018941s
02:19:17 - Growth rate = 40.498920, qflux = 18.522146, quasisymmetry = 0.000822 with aspect ratio=6.000114 took 1172.072043s
02:19:18 - Growth rate = -0.611847, qflux = 19.076202, quasisymmetry = 0.000821 with aspect ratio=6.000112 took 1172.289933s
02:19:18 - Growth rate = 95.668327, qflux = 19.100704, quasisymmetry = 0.000822 with aspect ratio=6.000114 took 1172.336348s
02:19:18 - Growth rate = 9.032001, qflux = 18.893494, quasisymmetry = 0.000821 with aspect ratio=6.000114 took 1172.783611s
02:19:19 - Growth rate = 64.902328, qflux = 18.470522, quasisymmetry = 0.000822 with aspect ratio=6.000115 took 1173.834570s
02:19:20 - Growth rate = 9.522182, qflux = 18.572121, quasisymmetry = 0.000822 with aspect ratio=6.000114 took 1174.810053s
   Iteration     Total nfev        Cost      Cost reduction    Step norm     Optimality   
       0              1         8.8303e+04                                    6.37e+09    
On rank 0 and CUDA_VISIBLE_DEVICES=0
02:39:11 - Growth rate = 113.845154, qflux = 24.891518, quasisymmetry = 0.000268 with aspect ratio=5.993658 took 1177.805095s
On rank 0 and CUDA_VISIBLE_DEVICES=0
02:59:00 - Growth rate = 11.206955, qflux = 18.412954, quasisymmetry = 0.000025 with aspect ratio=5.999657 took 1178.529279s
On rank 0 and CUDA_VISIBLE_DEVICES=0
03:18:48 - Growth rate = 11.206955, qflux = 18.412954, quasisymmetry = 0.000025 with aspect ratio=5.999657 took 1177.393309s
On rank 30 and CUDA_VISIBLE_DEVICES=2
On rank 43 and CUDA_VISIBLE_DEVICES=3
On rank 38 and CUDA_VISIBLE_DEVICES=2
On rank 37 and CUDA_VISIBLE_DEVICES=1
On rank 42 and CUDA_VISIBLE_DEVICES=2
On rank 34 and CUDA_VISIBLE_DEVICES=2
On rank 20 and CUDA_VISIBLE_DEVICES=0
On rank 27 and CUDA_VISIBLE_DEVICES=3
On rank 40 and CUDA_VISIBLE_DEVICES=0
On rank 12 and CUDA_VISIBLE_DEVICES=0
On rank 15 and CUDA_VISIBLE_DEVICES=3
On rank 5 and CUDA_VISIBLE_DEVICES=1
On rank 41 and CUDA_VISIBLE_DEVICES=1
On rank 36 and CUDA_VISIBLE_DEVICES=0
On rank 39 and CUDA_VISIBLE_DEVICES=3
On rank 13 and CUDA_VISIBLE_DEVICES=1
On rank 14 and CUDA_VISIBLE_DEVICES=2
On rank 28 and CUDA_VISIBLE_DEVICES=0
On rank 31 and CUDA_VISIBLE_DEVICES=3
On rank 9 and CUDA_VISIBLE_DEVICES=1
On rank 8 and CUDA_VISIBLE_DEVICES=0
On rank 32 and CUDA_VISIBLE_DEVICES=0
On rank 10 and CUDA_VISIBLE_DEVICES=2
On rank 33 and CUDA_VISIBLE_DEVICES=1
On rank 29 and CUDA_VISIBLE_DEVICES=1
On rank 23 and CUDA_VISIBLE_DEVICES=3
On rank 18 and CUDA_VISIBLE_DEVICES=2
On rank 24 and CUDA_VISIBLE_DEVICES=0
On rank 25 and CUDA_VISIBLE_DEVICES=1
On rank 11 and CUDA_VISIBLE_DEVICES=3
On rank 21 and CUDA_VISIBLE_DEVICES=1
On rank 26 and CUDA_VISIBLE_DEVICES=2
On rank 2 and CUDA_VISIBLE_DEVICES=2
On rank 3 and CUDA_VISIBLE_DEVICES=3
On rank 44 and CUDA_VISIBLE_DEVICES=0
On rank 45 and CUDA_VISIBLE_DEVICES=1
On rank 1 and CUDA_VISIBLE_DEVICES=1
On rank 16 and CUDA_VISIBLE_DEVICES=0
On rank 17 and CUDA_VISIBLE_DEVICES=1
On rank 35 and CUDA_VISIBLE_DEVICES=3
On rank 0 and CUDA_VISIBLE_DEVICES=0
On rank 19 and CUDA_VISIBLE_DEVICES=3
On rank 7 and CUDA_VISIBLE_DEVICES=3
On rank 22 and CUDA_VISIBLE_DEVICES=2
On rank 4 and CUDA_VISIBLE_DEVICES=0
On rank 6 and CUDA_VISIBLE_DEVICES=2
On rank 47 and CUDA_VISIBLE_DEVICES=3
On rank 46 and CUDA_VISIBLE_DEVICES=2
03:38:25 - Growth rate = -7.220996, qflux = 17.902651, quasisymmetry = 0.000025 with aspect ratio=5.999658 took 1167.343580s
03:38:26 - Growth rate = 4.923018, qflux = 18.633198, quasisymmetry = 0.000025 with aspect ratio=5.999658 took 1167.919924s
03:38:26 - Growth rate = 19.684547, qflux = 18.276957, quasisymmetry = 0.000025 with aspect ratio=5.999657 took 1168.294624s
03:38:26 - Growth rate = 87.450844, qflux = 18.162193, quasisymmetry = 0.000025 with aspect ratio=5.999657 took 1168.403125s
03:38:26 - Growth rate = 8.009416, qflux = 18.528353, quasisymmetry = 0.000025 with aspect ratio=5.999658 took 1168.454616s
03:38:26 - Growth rate = 24.424635, qflux = 17.991028, quasisymmetry = 0.000025 with aspect ratio=5.999657 took 1168.262354s
03:38:26 - Growth rate = 14.794934, qflux = 18.405418, quasisymmetry = 0.000025 with aspect ratio=5.999657 took 1168.466686s
03:38:26 - Growth rate = 1.750901, qflux = 18.099796, quasisymmetry = 0.000025 with aspect ratio=5.999657 took 1169.059875s
03:38:26 - Growth rate = 10.454693, qflux = 18.348818, quasisymmetry = 0.000025 with aspect ratio=5.999243 took 1168.865829s
03:38:27 - Growth rate = 5.235263, qflux = 18.231930, quasisymmetry = 0.000025 with aspect ratio=5.999657 took 1169.022530s
03:38:27 - Growth rate = 6.009561, qflux = 17.932381, quasisymmetry = 0.000025 with aspect ratio=5.999658 took 1169.053102s
03:38:27 - Growth rate = 6.978120, qflux = 17.830570, quasisymmetry = 0.000025 with aspect ratio=5.999657 took 1169.114373s
03:38:27 - Growth rate = 9.594940, qflux = 18.254404, quasisymmetry = 0.000025 with aspect ratio=5.999657 took 1169.501348s
03:38:27 - Growth rate = 2.074243, qflux = 17.578533, quasisymmetry = 0.000025 with aspect ratio=5.999657 took 1169.218968s
03:38:27 - Growth rate = 21.243784, qflux = 19.089279, quasisymmetry = 0.000025 with aspect ratio=5.999658 took 1169.159776s
03:38:27 - Growth rate = 6.315601, qflux = 17.998003, quasisymmetry = 0.000025 with aspect ratio=5.999658 took 1169.226157s
03:38:27 - Growth rate = 9.845049, qflux = 18.430813, quasisymmetry = 0.000025 with aspect ratio=5.999775 took 1169.570454s
03:38:27 - Growth rate = 92.196899, qflux = 18.193306, quasisymmetry = 0.000025 with aspect ratio=5.999657 took 1169.765658s
03:38:27 - Growth rate = 16.654295, qflux = 17.669085, quasisymmetry = 0.000025 with aspect ratio=5.999658 took 1169.852444s
03:38:27 - Growth rate = 3.356364, qflux = 18.314102, quasisymmetry = 0.000039 with aspect ratio=5.999657 took 1169.716844s
03:38:27 - Growth rate = -36.410126, qflux = 17.523232, quasisymmetry = 0.000025 with aspect ratio=5.999659 took 1170.097986s
03:38:27 - Growth rate = 9.674011, qflux = 18.215687, quasisymmetry = 0.000025 with aspect ratio=5.999657 took 1170.002289s
03:38:28 - Growth rate = -11.169106, qflux = 18.416832, quasisymmetry = 0.000025 with aspect ratio=5.999658 took 1169.956746s
03:38:28 - Growth rate = 3.991660, qflux = 17.817226, quasisymmetry = 0.000025 with aspect ratio=5.999657 took 1170.028838s
03:38:28 - Growth rate = 7.734970, qflux = 18.355093, quasisymmetry = 0.000025 with aspect ratio=5.999658 took 1170.204927s
03:38:28 - Growth rate = 4.818176, qflux = 18.328499, quasisymmetry = 0.000024 with aspect ratio=5.999653 took 1170.682254s
03:38:28 - Growth rate = 10.129902, qflux = 17.932928, quasisymmetry = 0.000039 with aspect ratio=5.999658 took 1170.338744s
03:38:28 - Growth rate = 5.570133, qflux = 18.177883, quasisymmetry = 0.000025 with aspect ratio=5.999656 took 1170.721313s
03:38:28 - Growth rate = -0.196325, qflux = 18.260973, quasisymmetry = 0.000025 with aspect ratio=5.999657 took 1170.432323s
03:38:28 - Growth rate = 16.704025, qflux = 17.779430, quasisymmetry = 0.000025 with aspect ratio=5.999659 took 1170.664531s
03:38:28 - Growth rate = 9.652726, qflux = 18.097462, quasisymmetry = 0.000025 with aspect ratio=5.999657 took 1170.947869s
03:38:28 - Growth rate = 7.779107, qflux = 18.535204, quasisymmetry = 0.000025 with aspect ratio=5.999658 took 1171.075818s
03:38:28 - Growth rate = 12.905169, qflux = 17.911142, quasisymmetry = 0.000039 with aspect ratio=5.999323 took 1170.836137s
03:38:29 - Growth rate = 11.732595, qflux = 18.309242, quasisymmetry = 0.000025 with aspect ratio=5.999657 took 1171.001172s
03:38:29 - Growth rate = 5.732209, qflux = 17.664555, quasisymmetry = 0.000025 with aspect ratio=5.999656 took 1171.241754s
03:38:29 - Growth rate = 33.377609, qflux = 18.563934, quasisymmetry = 0.000025 with aspect ratio=5.999657 took 1171.324045s
03:38:29 - Growth rate = -0.892632, qflux = 18.542747, quasisymmetry = 0.000025 with aspect ratio=5.999657 took 1171.507927s
03:38:29 - Growth rate = 17.952740, qflux = 18.153229, quasisymmetry = 0.000025 with aspect ratio=5.999657 took 1171.545577s
03:38:29 - Growth rate = 37.249908, qflux = 17.867828, quasisymmetry = 0.000025 with aspect ratio=5.999658 took 1171.868856s
03:38:30 - Growth rate = 9.025669, qflux = 18.353148, quasisymmetry = 0.000025 with aspect ratio=5.999657 took 1171.801790s
03:38:29 - Growth rate = 8.904504, qflux = 17.510548, quasisymmetry = 0.000025 with aspect ratio=5.999656 took 1171.977939s
03:38:29 - Growth rate = 11.389129, qflux = 18.240753, quasisymmetry = 0.000024 with aspect ratio=5.999657 took 1171.772778s
03:38:30 - Growth rate = 12.567313, qflux = 18.330700, quasisymmetry = 0.000025 with aspect ratio=5.999657 took 1172.147378s
03:38:30 - Growth rate = 2.839584, qflux = 18.352663, quasisymmetry = 0.000025 with aspect ratio=5.999659 took 1172.491823s
03:38:30 - Growth rate = 20.304974, qflux = 18.274141, quasisymmetry = 0.000025 with aspect ratio=5.999657 took 1172.379967s
03:38:30 - Growth rate = -1.966430, qflux = 18.023939, quasisymmetry = 0.000025 with aspect ratio=5.999648 took 1172.666372s
03:38:31 - Growth rate = 4.944551, qflux = 18.260136, quasisymmetry = 0.000025 with aspect ratio=5.999657 took 1172.984072s
03:38:31 - Growth rate = -25.712387, qflux = 18.310476, quasisymmetry = 0.000039 with aspect ratio=5.999617 took 1173.115396s
       1              3         8.4759e+04      3.54e+03       3.62e-03       8.19e+09    
On rank 0 and CUDA_VISIBLE_DEVICES=0
03:58:17 - Growth rate = 27.774487, qflux = 18.667767, quasisymmetry = 0.000012 with aspect ratio=5.999948 took 1176.211684s
On rank 0 and CUDA_VISIBLE_DEVICES=0
04:18:05 - Growth rate = 8.340011, qflux = 16.835136, quasisymmetry = 0.000013 with aspect ratio=5.999949 took 1177.824819s
On rank 0 and CUDA_VISIBLE_DEVICES=0
04:37:51 - Growth rate = 8.340011, qflux = 16.835136, quasisymmetry = 0.000013 with aspect ratio=5.999949 took 1175.065995s
On rank 42 and CUDA_VISIBLE_DEVICES=2
On rank 41 and CUDA_VISIBLE_DEVICES=1
On rank 25 and CUDA_VISIBLE_DEVICES=1
On rank 27 and CUDA_VISIBLE_DEVICES=3
On rank 11 and CUDA_VISIBLE_DEVICES=3
On rank 10 and CUDA_VISIBLE_DEVICES=2
On rank 26 and CUDA_VISIBLE_DEVICES=2
On rank 24 and CUDA_VISIBLE_DEVICES=0
On rank 8 and CUDA_VISIBLE_DEVICES=0
On rank 32 and CUDA_VISIBLE_DEVICES=0
On rank 9 and CUDA_VISIBLE_DEVICES=1
On rank 43 and CUDA_VISIBLE_DEVICES=3
On rank 40 and CUDA_VISIBLE_DEVICES=0
On rank 35 and CUDA_VISIBLE_DEVICES=3
On rank 5 and CUDA_VISIBLE_DEVICES=1
On rank 21 and CUDA_VISIBLE_DEVICES=1
On rank 47 and CUDA_VISIBLE_DEVICES=3
On rank 6 and CUDA_VISIBLE_DEVICES=2
On rank 45 and CUDA_VISIBLE_DEVICES=1
On rank 14 and CUDA_VISIBLE_DEVICES=2
On rank 12 and CUDA_VISIBLE_DEVICES=0
On rank 13 and CUDA_VISIBLE_DEVICES=1
On rank 44 and CUDA_VISIBLE_DEVICES=0
On rank 33 and CUDA_VISIBLE_DEVICES=1
On rank 1 and CUDA_VISIBLE_DEVICES=1
On rank 4 and CUDA_VISIBLE_DEVICES=0
On rank 38 and CUDA_VISIBLE_DEVICES=2
On rank 37 and CUDA_VISIBLE_DEVICES=1
On rank 2 and CUDA_VISIBLE_DEVICES=2
On rank 7 and CUDA_VISIBLE_DEVICES=3
On rank 29 and CUDA_VISIBLE_DEVICES=1
On rank 34 and CUDA_VISIBLE_DEVICES=2
On rank 30 and CUDA_VISIBLE_DEVICES=2
On rank 15 and CUDA_VISIBLE_DEVICES=3
On rank 39 and CUDA_VISIBLE_DEVICES=3
On rank 31 and CUDA_VISIBLE_DEVICES=3
On rank 46 and CUDA_VISIBLE_DEVICES=2
On rank 28 and CUDA_VISIBLE_DEVICES=0
On rank 0 and CUDA_VISIBLE_DEVICES=0
On rank 23 and CUDA_VISIBLE_DEVICES=3
On rank 20 and CUDA_VISIBLE_DEVICES=0
On rank 22 and CUDA_VISIBLE_DEVICES=2
On rank 36 and CUDA_VISIBLE_DEVICES=0
On rank 17 and CUDA_VISIBLE_DEVICES=1
On rank 16 and CUDA_VISIBLE_DEVICES=0
On rank 3 and CUDA_VISIBLE_DEVICES=3
On rank 18 and CUDA_VISIBLE_DEVICES=2
On rank 19 and CUDA_VISIBLE_DEVICES=3
04:57:28 - Growth rate = 8.431670, qflux = 17.256216, quasisymmetry = 0.000013 with aspect ratio=5.999949 took 1167.838758s
04:57:28 - Growth rate = 5.747039, qflux = 17.607887, quasisymmetry = 0.000013 with aspect ratio=5.999949 took 1168.085958s
04:57:28 - Growth rate = 20.944557, qflux = 17.241072, quasisymmetry = 0.000013 with aspect ratio=5.999949 took 1168.261570s
04:57:28 - Growth rate = 11.931011, qflux = 17.542776, quasisymmetry = 0.000013 with aspect ratio=5.999948 took 1168.355649s
04:57:28 - Growth rate = 7.355944, qflux = 17.235415, quasisymmetry = 0.000013 with aspect ratio=5.999949 took 1168.696464s
04:57:28 - Growth rate = 20.045506, qflux = 18.100189, quasisymmetry = 0.000013 with aspect ratio=5.999535 took 1168.240919s
04:57:29 - Growth rate = 9.739355, qflux = 16.957628, quasisymmetry = 0.000013 with aspect ratio=5.999949 took 1168.644910s
04:57:29 - Growth rate = 7.232060, qflux = 17.443554, quasisymmetry = 0.000013 with aspect ratio=5.999950 took 1168.705556s
04:57:29 - Growth rate = 6.484008, qflux = 17.788698, quasisymmetry = 0.000013 with aspect ratio=5.999949 took 1168.708437s
04:57:29 - Growth rate = 3.225623, qflux = 17.627382, quasisymmetry = 0.000013 with aspect ratio=5.999949 took 1169.260110s
04:57:29 - Growth rate = 26.713520, qflux = 17.846079, quasisymmetry = 0.000013 with aspect ratio=5.999949 took 1169.189133s
04:57:29 - Growth rate = 12.357116, qflux = 18.022907, quasisymmetry = 0.000013 with aspect ratio=5.999949 took 1168.955815s
04:57:29 - Growth rate = 8.271636, qflux = 17.787840, quasisymmetry = 0.000013 with aspect ratio=5.999949 took 1169.115635s
04:57:29 - Growth rate = -1.462239, qflux = 17.363157, quasisymmetry = 0.000013 with aspect ratio=5.999949 took 1169.479491s
04:57:30 - Growth rate = 9.696147, qflux = 17.799925, quasisymmetry = 0.000013 with aspect ratio=5.999949 took 1169.501069s
04:57:30 - Growth rate = 3.617178, qflux = 17.819445, quasisymmetry = 0.000013 with aspect ratio=5.999615 took 1169.627570s
04:57:30 - Growth rate = 0.594182, qflux = 17.139355, quasisymmetry = 0.000013 with aspect ratio=5.999949 took 1169.581466s
04:57:30 - Growth rate = 5.821638, qflux = 17.107637, quasisymmetry = 0.000013 with aspect ratio=5.999949 took 1169.682410s
04:57:30 - Growth rate = -6.664235, qflux = 17.079979, quasisymmetry = 0.000013 with aspect ratio=5.999949 took 1169.987624s
04:57:30 - Growth rate = 12.453276, qflux = 16.974951, quasisymmetry = 0.000013 with aspect ratio=5.999948 took 1169.933071s
04:57:30 - Growth rate = 2.550339, qflux = 16.819099, quasisymmetry = 0.000013 with aspect ratio=5.999950 took 1169.821071s
04:57:30 - Growth rate = 0.340539, qflux = 17.306976, quasisymmetry = 0.000013 with aspect ratio=5.999949 took 1169.830127s
04:57:30 - Growth rate = 17.176830, qflux = 17.260649, quasisymmetry = 0.000013 with aspect ratio=5.999949 took 1170.097915s
04:57:30 - Growth rate = 9.112476, qflux = 17.485521, quasisymmetry = 0.000013 with aspect ratio=5.999947 took 1170.081647s
04:57:30 - Growth rate = 12.896556, qflux = 17.447651, quasisymmetry = 0.000013 with aspect ratio=5.999949 took 1170.102845s
04:57:30 - Growth rate = 3.114068, qflux = 17.354895, quasisymmetry = 0.000013 with aspect ratio=5.999948 took 1170.214255s
04:57:30 - Growth rate = 63.091412, qflux = 17.109991, quasisymmetry = 0.000013 with aspect ratio=5.999949 took 1170.215736s
04:57:31 - Growth rate = 6.394498, qflux = 17.263336, quasisymmetry = 0.000013 with aspect ratio=5.999951 took 1170.506008s
04:57:31 - Growth rate = 15.711159, qflux = 17.251179, quasisymmetry = 0.000013 with aspect ratio=5.999949 took 1170.492362s
04:57:31 - Growth rate = 66.010933, qflux = 17.181496, quasisymmetry = 0.000013 with aspect ratio=5.999950 took 1170.537856s
04:57:31 - Growth rate = 5.594414, qflux = 17.220657, quasisymmetry = 0.000013 with aspect ratio=5.999909 took 1171.077552s
04:57:31 - Growth rate = 1.465618, qflux = 17.420685, quasisymmetry = 0.000013 with aspect ratio=5.999949 took 1170.923022s
04:57:31 - Growth rate = 6.600471, qflux = 17.643845, quasisymmetry = 0.000013 with aspect ratio=5.999950 took 1171.025325s
04:57:31 - Growth rate = -11.107374, qflux = 17.387075, quasisymmetry = 0.000013 with aspect ratio=5.999949 took 1171.259383s
04:57:31 - Growth rate = 8.088581, qflux = 17.209944, quasisymmetry = 0.000013 with aspect ratio=5.999949 took 1171.194123s
04:57:31 - Growth rate = 11.730675, qflux = 17.298441, quasisymmetry = 0.000013 with aspect ratio=6.000067 took 1171.231252s
04:57:31 - Growth rate = 15.100675, qflux = 16.801128, quasisymmetry = 0.000013 with aspect ratio=5.999950 took 1171.385648s
04:57:31 - Growth rate = 38.177135, qflux = 17.516071, quasisymmetry = 0.000013 with aspect ratio=5.999949 took 1171.540841s
04:57:32 - Growth rate = 4.729031, qflux = 17.141426, quasisymmetry = 0.000013 with aspect ratio=5.999951 took 1171.410002s
04:57:32 - Growth rate = -1.322957, qflux = 17.859798, quasisymmetry = 0.000013 with aspect ratio=5.999949 took 1171.378651s
04:57:32 - Growth rate = -4.547704, qflux = 17.599709, quasisymmetry = 0.000013 with aspect ratio=5.999944 took 1171.832145s
04:57:32 - Growth rate = 6.113234, qflux = 17.142487, quasisymmetry = 0.000013 with aspect ratio=5.999949 took 1171.993968s
04:57:32 - Growth rate = 9.378035, qflux = 16.959257, quasisymmetry = 0.000013 with aspect ratio=5.999949 took 1172.071884s
04:57:32 - Growth rate = 9.791374, qflux = 16.862377, quasisymmetry = 0.000013 with aspect ratio=5.999949 took 1172.196405s
04:57:32 - Growth rate = 20.866714, qflux = 17.313160, quasisymmetry = 0.000013 with aspect ratio=5.999940 took 1172.280083s
04:57:32 - Growth rate = 44.510601, qflux = 17.354603, quasisymmetry = 0.000013 with aspect ratio=5.999949 took 1172.480810s
04:57:33 - Growth rate = 10.835939, qflux = 16.961903, quasisymmetry = 0.000013 with aspect ratio=5.999949 took 1172.449259s
04:57:33 - Growth rate = -8.365206, qflux = 17.744362, quasisymmetry = 0.000013 with aspect ratio=5.999949 took 1173.000446s
       2              5         7.0855e+04      1.39e+04       2.26e-04       1.00e+10    
On rank 0 and CUDA_VISIBLE_DEVICES=0
05:17:22 - Growth rate = 10.746172, qflux = 18.130726, quasisymmetry = 0.000012 with aspect ratio=5.999953 took 1176.496024s
On rank 0 and CUDA_VISIBLE_DEVICES=0
05:37:12 - Growth rate = 9.749089, qflux = 18.129660, quasisymmetry = 0.000013 with aspect ratio=5.999952 took 1179.569296s
On rank 0 and CUDA_VISIBLE_DEVICES=0
05:57:01 - Growth rate = 4.583525, qflux = 17.214710, quasisymmetry = 0.000013 with aspect ratio=5.999951 took 1178.301764s
On rank 0 and CUDA_VISIBLE_DEVICES=0
06:16:47 - Growth rate = 4.961001, qflux = 17.760666, quasisymmetry = 0.000013 with aspect ratio=5.999950 took 1175.972362s
On rank 0 and CUDA_VISIBLE_DEVICES=0
06:36:38 - Growth rate = 16.833122, qflux = 17.485973, quasisymmetry = 0.000013 with aspect ratio=5.999949 took 1179.685320s
On rank 0 and CUDA_VISIBLE_DEVICES=0
06:56:28 - Growth rate = 11.622999, qflux = 17.768545, quasisymmetry = 0.000013 with aspect ratio=5.999949 took 1179.413015s
On rank 0 and CUDA_VISIBLE_DEVICES=0
07:16:17 - Growth rate = 4.436251, qflux = 17.315557, quasisymmetry = 0.000013 with aspect ratio=5.999949 took 1178.656923s
On rank 0 and CUDA_VISIBLE_DEVICES=0
07:36:06 - Growth rate = 43.939163, qflux = 16.755211, quasisymmetry = 0.000013 with aspect ratio=5.999949 took 1178.481773s
On rank 0 and CUDA_VISIBLE_DEVICES=0
07:55:53 - Growth rate = 43.939163, qflux = 16.755211, quasisymmetry = 0.000013 with aspect ratio=5.999949 took 1176.446138s
On rank 1 and CUDA_VISIBLE_DEVICES=1
On rank 0 and CUDA_VISIBLE_DEVICES=0
On rank 10 and CUDA_VISIBLE_DEVICES=2
On rank 9 and CUDA_VISIBLE_DEVICES=1
On rank 12 and CUDA_VISIBLE_DEVICES=0
On rank 29 and CUDA_VISIBLE_DEVICES=1
On rank 14 and CUDA_VISIBLE_DEVICES=2
On rank 37 and CUDA_VISIBLE_DEVICES=1
On rank 11 and CUDA_VISIBLE_DEVICES=3
On rank 8 and CUDA_VISIBLE_DEVICES=0
On rank 31 and CUDA_VISIBLE_DEVICES=3
On rank 28 and CUDA_VISIBLE_DEVICES=0
On rank 15 and CUDA_VISIBLE_DEVICES=3
On rank 19 and CUDA_VISIBLE_DEVICES=3
On rank 18 and CUDA_VISIBLE_DEVICES=2
On rank 3 and CUDA_VISIBLE_DEVICES=3
On rank 13 and CUDA_VISIBLE_DEVICES=1
On rank 36 and CUDA_VISIBLE_DEVICES=0
On rank 16 and CUDA_VISIBLE_DEVICES=0
On rank 30 and CUDA_VISIBLE_DEVICES=2
On rank 17 and CUDA_VISIBLE_DEVICES=1
On rank 22 and CUDA_VISIBLE_DEVICES=2
On rank 2 and CUDA_VISIBLE_DEVICES=2
On rank 7 and CUDA_VISIBLE_DEVICES=3
On rank 45 and CUDA_VISIBLE_DEVICES=1
On rank 46 and CUDA_VISIBLE_DEVICES=2
On rank 40 and CUDA_VISIBLE_DEVICES=0
On rank 39 and CUDA_VISIBLE_DEVICES=3
On rank 41 and CUDA_VISIBLE_DEVICES=1
On rank 23 and CUDA_VISIBLE_DEVICES=3
On rank 21 and CUDA_VISIBLE_DEVICES=1
On rank 25 and CUDA_VISIBLE_DEVICES=1
On rank 44 and CUDA_VISIBLE_DEVICES=0
On rank 38 and CUDA_VISIBLE_DEVICES=2
On rank 43 and CUDA_VISIBLE_DEVICES=3
On rank 20 and CUDA_VISIBLE_DEVICES=0
On rank 32 and CUDA_VISIBLE_DEVICES=0
On rank 47 and CUDA_VISIBLE_DEVICES=3
On rank 33 and CUDA_VISIBLE_DEVICES=1
On rank 34 and CUDA_VISIBLE_DEVICES=2
On rank 27 and CUDA_VISIBLE_DEVICES=3
On rank 6 and CUDA_VISIBLE_DEVICES=2
On rank 35 and CUDA_VISIBLE_DEVICES=3
On rank 26 and CUDA_VISIBLE_DEVICES=2
On rank 4 and CUDA_VISIBLE_DEVICES=0
On rank 24 and CUDA_VISIBLE_DEVICES=0
On rank 5 and CUDA_VISIBLE_DEVICES=1
On rank 42 and CUDA_VISIBLE_DEVICES=2
08:15:30 - Growth rate = 4.560803, qflux = 18.044201, quasisymmetry = 0.000013 with aspect ratio=5.999949 took 1167.474221s
08:15:31 - Growth rate = -3.736753, qflux = 17.268133, quasisymmetry = 0.000013 with aspect ratio=5.999949 took 1168.434045s
08:15:31 - Growth rate = 25.809647, qflux = 16.860327, quasisymmetry = 0.000013 with aspect ratio=5.999949 took 1168.232415s
08:15:31 - Growth rate = -4.019348, qflux = 17.395050, quasisymmetry = 0.000013 with aspect ratio=5.999949 took 1168.435232s
08:15:31 - Growth rate = 14.755301, qflux = 17.464029, quasisymmetry = 0.000013 with aspect ratio=5.999535 took 1168.635299s
08:15:31 - Growth rate = -12.265985, qflux = 17.500809, quasisymmetry = 0.000013 with aspect ratio=5.999949 took 1168.573289s
08:15:31 - Growth rate = -4.519061, qflux = 17.565407, quasisymmetry = 0.000013 with aspect ratio=5.999949 took 1168.677885s
08:15:31 - Growth rate = 2.384839, qflux = 17.283710, quasisymmetry = 0.000013 with aspect ratio=5.999949 took 1168.759602s
08:15:31 - Growth rate = 21.527952, qflux = 17.056736, quasisymmetry = 0.000013 with aspect ratio=5.999949 took 1168.724249s
08:15:31 - Growth rate = 10.232085, qflux = 17.168360, quasisymmetry = 0.000013 with aspect ratio=5.999948 took 1169.139812s
08:15:31 - Growth rate = 5.279733, qflux = 17.526554, quasisymmetry = 0.000013 with aspect ratio=5.999949 took 1168.865098s
08:15:31 - Growth rate = 20.365885, qflux = 16.898705, quasisymmetry = 0.000013 with aspect ratio=5.999950 took 1168.868718s
08:15:32 - Growth rate = 17.711220, qflux = 17.111958, quasisymmetry = 0.000013 with aspect ratio=5.999950 took 1169.168017s
08:15:32 - Growth rate = 2.644896, qflux = 16.884361, quasisymmetry = 0.000013 with aspect ratio=5.999615 took 1169.231088s
08:15:32 - Growth rate = 25.687340, qflux = 17.727591, quasisymmetry = 0.000013 with aspect ratio=5.999949 took 1169.457578s
08:15:32 - Growth rate = 7.625060, qflux = 17.209446, quasisymmetry = 0.000013 with aspect ratio=5.999950 took 1169.332355s
08:15:32 - Growth rate = 7.098550, qflux = 17.700729, quasisymmetry = 0.000013 with aspect ratio=5.999947 took 1169.513788s
08:15:32 - Growth rate = 10.947736, qflux = 17.848818, quasisymmetry = 0.000013 with aspect ratio=5.999950 took 1169.616435s
08:15:32 - Growth rate = 11.122671, qflux = 17.792343, quasisymmetry = 0.000013 with aspect ratio=6.000067 took 1169.849546s
08:15:32 - Growth rate = 3.172964, qflux = 17.338718, quasisymmetry = 0.000013 with aspect ratio=5.999949 took 1169.878920s
08:15:33 - Growth rate = 19.019714, qflux = 17.030890, quasisymmetry = 0.000013 with aspect ratio=5.999950 took 1170.061617s
08:15:33 - Growth rate = 10.325390, qflux = 16.798218, quasisymmetry = 0.000013 with aspect ratio=5.999949 took 1170.315088s
08:15:33 - Growth rate = 8.878727, qflux = 17.828285, quasisymmetry = 0.000013 with aspect ratio=5.999949 took 1170.153113s
08:15:33 - Growth rate = 7.397332, qflux = 17.168476, quasisymmetry = 0.000013 with aspect ratio=5.999949 took 1170.338245s
08:15:33 - Growth rate = -0.257792, qflux = 17.248165, quasisymmetry = 0.000013 with aspect ratio=5.999949 took 1170.376878s
08:15:33 - Growth rate = 15.248643, qflux = 17.214550, quasisymmetry = 0.000013 with aspect ratio=5.999949 took 1170.629484s
08:15:33 - Growth rate = -5.762794, qflux = 17.345871, quasisymmetry = 0.000013 with aspect ratio=5.999949 took 1170.794013s
08:15:33 - Growth rate = 1.765789, qflux = 17.603802, quasisymmetry = 0.000013 with aspect ratio=5.999949 took 1170.892601s
08:15:33 - Growth rate = 3.596559, qflux = 17.360500, quasisymmetry = 0.000013 with aspect ratio=5.999949 took 1170.911568s
08:15:33 - Growth rate = 13.746881, qflux = 16.924831, quasisymmetry = 0.000013 with aspect ratio=5.999949 took 1171.221168s
08:15:34 - Growth rate = 3.090622, qflux = 17.351940, quasisymmetry = 0.000013 with aspect ratio=5.999949 took 1171.093627s
08:15:34 - Growth rate = 6.193671, qflux = 17.303230, quasisymmetry = 0.000013 with aspect ratio=5.999949 took 1171.384478s
08:15:34 - Growth rate = 8.328323, qflux = 17.259775, quasisymmetry = 0.000013 with aspect ratio=5.999949 took 1171.072673s
08:15:34 - Growth rate = 29.564678, qflux = 17.333672, quasisymmetry = 0.000013 with aspect ratio=5.999949 took 1171.472469s
08:15:34 - Growth rate = 5.254848, qflux = 17.052410, quasisymmetry = 0.000013 with aspect ratio=5.999949 took 1171.424559s
08:15:34 - Growth rate = 58.592644, qflux = 17.190258, quasisymmetry = 0.000013 with aspect ratio=5.999944 took 1171.637184s
08:15:34 - Growth rate = 8.017748, qflux = 17.763281, quasisymmetry = 0.000013 with aspect ratio=5.999949 took 1171.537770s
08:15:34 - Growth rate = 5.346002, qflux = 17.554396, quasisymmetry = 0.000013 with aspect ratio=5.999949 took 1171.697147s
08:15:34 - Growth rate = 26.812805, qflux = 17.465921, quasisymmetry = 0.000013 with aspect ratio=5.999949 took 1171.701167s
08:15:34 - Growth rate = 2.930628, qflux = 17.204151, quasisymmetry = 0.000013 with aspect ratio=5.999949 took 1171.590984s
08:15:34 - Growth rate = 4.084092, qflux = 17.526865, quasisymmetry = 0.000013 with aspect ratio=5.999948 took 1171.783207s
08:15:34 - Growth rate = 5.536312, qflux = 17.973969, quasisymmetry = 0.000013 with aspect ratio=5.999951 took 1171.939276s
08:15:35 - Growth rate = 14.704748, qflux = 17.798740, quasisymmetry = 0.000013 with aspect ratio=5.999909 took 1172.255573s
08:15:35 - Growth rate = 5.894376, qflux = 17.319336, quasisymmetry = 0.000013 with aspect ratio=5.999949 took 1172.164899s
08:15:35 - Growth rate = 4.199892, qflux = 17.368088, quasisymmetry = 0.000013 with aspect ratio=5.999951 took 1172.499197s
08:15:35 - Growth rate = 17.996401, qflux = 17.115562, quasisymmetry = 0.000013 with aspect ratio=5.999948 took 1172.557739s
08:15:35 - Growth rate = -10.749941, qflux = 17.253174, quasisymmetry = 0.000013 with aspect ratio=5.999949 took 1173.008985s
08:15:37 - Growth rate = 4.634953, qflux = 17.255199, quasisymmetry = 0.000013 with aspect ratio=5.999940 took 1174.480570s
       3             13         7.0184e+04      6.71e+02       3.45e-09       1.02e+10    
`xtol` termination condition is satisfied.
Function evaluations 13, initial cost 8.8303e+04, final cost 7.0184e+04, first-order optimality 1.02e+10.
On rank 15 and CUDA_VISIBLE_DEVICES=3
On rank 10 and CUDA_VISIBLE_DEVICES=2
On rank 11 and CUDA_VISIBLE_DEVICES=3
On rank 8 and CUDA_VISIBLE_DEVICES=0
On rank 9 and CUDA_VISIBLE_DEVICES=1
On rank 40 and CUDA_VISIBLE_DEVICES=0
On rank 43 and CUDA_VISIBLE_DEVICES=3
On rank 41 and CUDA_VISIBLE_DEVICES=1
On rank 42 and CUDA_VISIBLE_DEVICES=2
On rank 37 and CUDA_VISIBLE_DEVICES=1
On rank 39 and CUDA_VISIBLE_DEVICES=3
On rank 38 and CUDA_VISIBLE_DEVICES=2
On rank 27 and CUDA_VISIBLE_DEVICES=3
On rank 13 and CUDA_VISIBLE_DEVICES=1
On rank 36 and CUDA_VISIBLE_DEVICES=0
On rank 14 and CUDA_VISIBLE_DEVICES=2
On rank 32 and CUDA_VISIBLE_DEVICES=0
On rank 26 and CUDA_VISIBLE_DEVICES=2
On rank 33 and CUDA_VISIBLE_DEVICES=1
On rank 12 and CUDA_VISIBLE_DEVICES=0
Final aspect ratio: 5.999948931981579
Final mean iota: 0.4200055350838796
Final magnetic well: -0.03233104403200655
On rank 35 and CUDA_VISIBLE_DEVICES=3
On rank 24 and CUDA_VISIBLE_DEVICES=0
On rank 34 and CUDA_VISIBLE_DEVICES=2
On rank 19 and CUDA_VISIBLE_DEVICES=3
On rank 25 and CUDA_VISIBLE_DEVICES=1
On rank 18 and CUDA_VISIBLE_DEVICES=2
On rank 17 and CUDA_VISIBLE_DEVICES=1
On rank 3 and CUDA_VISIBLE_DEVICES=3
On rank 0 and CUDA_VISIBLE_DEVICES=0
On rank 1 and CUDA_VISIBLE_DEVICES=1
On rank 20 and CUDA_VISIBLE_DEVICES=0
On rank 21 and CUDA_VISIBLE_DEVICES=1
On rank 22 and CUDA_VISIBLE_DEVICES=2
On rank 16 and CUDA_VISIBLE_DEVICES=0
On rank 2 and CUDA_VISIBLE_DEVICES=2
On rank 23 and CUDA_VISIBLE_DEVICES=3
On rank 45 and CUDA_VISIBLE_DEVICES=1
On rank 44 and CUDA_VISIBLE_DEVICES=0
On rank 46 and CUDA_VISIBLE_DEVICES=2
On rank 47 and CUDA_VISIBLE_DEVICES=3
On rank 29 and CUDA_VISIBLE_DEVICES=1
On rank 6 and CUDA_VISIBLE_DEVICES=2
On rank 5 and CUDA_VISIBLE_DEVICES=1
On rank 30 and CUDA_VISIBLE_DEVICES=2
On rank 7 and CUDA_VISIBLE_DEVICES=3
On rank 31 and CUDA_VISIBLE_DEVICES=3
On rank 4 and CUDA_VISIBLE_DEVICES=0
On rank 28 and CUDA_VISIBLE_DEVICES=0
Final heat flux: 16.75521
[Errno 2] No such file or directory: '/m100/home/userexternal/rjorge00/some_optimizations/GX_SIMSOPT/output_MAXITER150_least_squares_nfp2_QA_QA_nonlinear/convert_VMEC_to_GX'
 - - - - - - - - - - - - - - - - - - - - - - - - - - - - - - - - -
  SEQ =    1 TIME SLICE  0.0000E+00
  PROCESSING INPUT.final
  THIS IS PARVMEC (PARALLEL VMEC), VERSION 9.0
  Lambda: Full Radial Mesh. L-Force: hybrid full/half.

  COMPUTER: powerpc64le-conda_cos7-linux-gnu   OS:    RELEASE:   DATE = Nov 25,2022  TIME = 08:35:18

  NS =   16 NO. FOURIER MODES =   50 FTOLV =  1.000E-12 NITER =   4000
  PROCESSOR COUNT - RADIAL:    1
 INITIAL JACOBIAN CHANGED SIGN!
 TRYING TO IMPROVE INITIAL MAGNETIC AXIS GUESS
  ---- Improved AXIS Guess ----
      RAXIS_CC =    1.0236739151882179       0.17481692871913601        2.3891871693068223E-002   2.0881732180601464E-003   2.4274402843649967E-003  -7.4594049282337700E-004
      ZAXIS_CS =   -0.0000000000000000      -0.16616511737963535       -2.2244428676872496E-002  -2.1687175826942923E-003   7.7502286926590719E-004   2.5370618543738999E-003
  -----------------------------

  ITER    FSQR      FSQZ      FSQL    RAX(v=0)    DELT       WMHD

    1  1.19E-02  7.21E-03  5.87E-03  1.226E+00  9.00E-01  2.8264E-01
  200  6.35E-09  1.57E-09  2.63E-09  1.214E+00  9.00E-01  2.8143E-01
  400  8.20E-11  1.55E-11  2.46E-11  1.211E+00  9.00E-01  2.8143E-01
  600  9.98E-13  7.32E-13  4.13E-13  1.211E+00  9.00E-01  2.8143E-01

  NS =   51 NO. FOURIER MODES =   50 FTOLV =  1.000E-13 NITER =  10000
  PROCESSOR COUNT - RADIAL:    1

  ITER    FSQR      FSQZ      FSQL    RAX(v=0)    DELT       WMHD

    1  1.93E-03  5.08E-04  1.29E-06  1.211E+00  9.00E-01  2.8143E-01
  200  1.85E-09  3.34E-10  9.83E-12  1.211E+00  7.76E-01  2.8143E-01
  400  1.06E-11  1.87E-12  6.68E-13  1.211E+00  7.76E-01  2.8143E-01
  600  6.48E-13  1.83E-13  1.04E-13  1.211E+00  7.76E-01  2.8143E-01
  730  9.98E-14  3.95E-14  3.11E-14  1.211E+00  7.76E-01  2.8143E-01

  NS =  101 NO. FOURIER MODES =   50 FTOLV =  1.000E-14 NITER =   4000
  PROCESSOR COUNT - RADIAL:    1

  ITER    FSQR      FSQZ      FSQL    RAX(v=0)    DELT       WMHD

    1  1.35E-03  3.55E-04  2.58E-08  1.211E+00  9.00E-01  2.8143E-01
  200  9.03E-09  2.50E-09  1.76E-12  1.211E+00  6.11E-01  2.8143E-01
  400  9.67E-11  2.15E-11  9.92E-14  1.211E+00  6.11E-01  2.8143E-01
  600  8.97E-12  2.08E-12  1.83E-14  1.211E+00  6.11E-01  2.8143E-01
  800  9.70E-13  2.68E-13  5.39E-15  1.211E+00  6.11E-01  2.8143E-01
 1000  1.18E-13  3.46E-14  1.37E-15  1.211E+00  6.11E-01  2.8143E-01
 1200  1.43E-14  4.08E-15  3.90E-16  1.211E+00  6.11E-01  2.8143E-01
 1237  9.91E-15  2.99E-15  3.12E-16  1.211E+00  6.11E-01  2.8143E-01

 EXECUTION TERMINATED NORMALLY

 FILE : final_000_000000
 NUMBER OF JACOBIAN RESETS =    2

    TOTAL COMPUTATIONAL TIME (SEC)        11.11
    TIME TO INPUT/OUTPUT                   0.05
       READ IN DATA                        0.00
       WRITE OUT DATA TO WOUT              0.05
    TIME IN FUNCT3D                       10.93
       BCOVAR FIELDS                       1.68
       FOURIER TRANSFORM                   1.89
       INVERSE FOURIER TRANSFORM           1.75
       FORCES AND SYMMETRIZE               1.90
       RESIDUE                             2.85
       EQFORCE                             0.00
nfp:  2
ns:  101
mpol:  5
ntor:  5
Aminor_p:  0.16838356088421313
Rmajor_p:  1.010292766290489
aspect:             5.999948931981574
Rmajor_p/Aminor_p:  5.999948931981574
betatotal:  0.0
betapol:    0.0
betator:    0.0
betaxis:    0.0
ctor:    -1.642793846143765e-11
bmnc.shape: (101, 128)
bmns.shape: (101, 128)
Creating Boozer class for vmec_final
Defining surfaces where to compute Boozer coordinates
 booz_surfaces=[0.  0.1 0.2 0.3 0.4 0.5 0.6 0.7 0.8 0.9]
Running BOOZ_XFORM
mnmax: 50  len(xm): 50  len(xn): 50
mnmax_nyq: 128  len(xm_nyq): 128  len(xn_nyq): 128
Read ns=101, mpol=5, ntor=5, mnmax=50, mnmax_nyq=128
compute_surfs (0-based indices):  0 10 20 30 39 49 60 70 79 89
Initializing with mboz=64, nboz=64
ntheta = 258, nzeta = 258, # threads = 4
                   |        outboard (theta=0)      |      inboard (theta=pi)      |
thread js_b js zeta| |B|input  |B|Boozer    Error   | |B|input  |B|Boozer    Error |
------------------------------------------------------------------------------------
   1     3  30   0  9.448e-01  9.448e-01  1.422e-14  1.066e+00  1.066e+00  1.145e-14
                pi  9.448e-01  9.448e-01  2.703e-15  1.067e+00  1.067e+00  2.081e-16
   2     6  60   0  9.198e-01  9.198e-01  9.415e-15  1.091e+00  1.091e+00  2.545e-14
                pi  9.199e-01  9.199e-01  1.448e-15  1.092e+00  1.092e+00  1.606e-14
   0     0   0   0  9.982e-01  9.982e-01  1.591e-14  1.014e+00  1.014e+00  8.762e-15
                pi  9.977e-01  9.977e-01  1.079e-14  1.013e+00  1.013e+00  9.203e-15
   3     8  79   0  9.072e-01  9.072e-01  3.059e-15  1.103e+00  1.103e+00  1.671e-14
                pi  9.074e-01  9.074e-01  1.383e-14  1.105e+00  1.105e+00  7.837e-15
   1     4  39   0  9.363e-01  9.363e-01  5.573e-15  1.075e+00  1.075e+00  1.405e-14
                pi  9.364e-01  9.364e-01  1.221e-14  1.075e+00  1.075e+00  8.672e-15
   2     7  70   0  9.129e-01  9.129e-01  1.289e-14  1.097e+00  1.097e+00  1.882e-14
                pi  9.131e-01  9.131e-01  5.106e-15  1.099e+00  1.099e+00  1.071e-14
   3     9  89   0  9.012e-01  9.012e-01  8.870e-15  1.109e+00  1.109e+00  1.602e-15
                pi  9.014e-01  9.014e-01  2.291e-14  1.111e+00  1.111e+00  2.598e-15
   0     1  10   0  9.701e-01  9.701e-01  2.861e-15  1.041e+00  1.041e+00  2.260e-14
                pi  9.699e-01  9.699e-01  8.127e-15  1.042e+00  1.042e+00  1.961e-14
   1     5  49   0  9.280e-01  9.280e-01  8.255e-15  1.083e+00  1.083e+00  9.229e-15
                pi  9.281e-01  9.281e-01  6.579e-15  1.084e+00  1.084e+00  7.580e-15
   0     2  20   0  9.559e-01  9.559e-01  1.696e-14  1.056e+00  1.056e+00  1.788e-14
                pi  9.558e-01  9.558e-01  3.253e-15  1.056e+00  1.056e+00  5.258e-15
Writing output to /m100/home/userexternal/rjorge00/some_optimizations/GX_SIMSOPT/output_MAXITER150_least_squares_nfp2_QA_QA_nonlinear/boozmn_single_stage.nc
Plot BOOZ_XFORM
[Errno 2] No such file or directory: '/m100/home/userexternal/rjorge00/some_optimizations/GX_SIMSOPT/output_MAXITER150_least_squares_nfp2_QA_QA_nonlinear/gx'
Whole optimization took 28586.302966s
