perl: warning: Setting locale failed.
perl: warning: Please check that your locale settings:
	LANGUAGE = (unset),
	LC_ALL = (unset),
	LC_CTYPE = "UTF-8",
	LANG = "en_US.UTF-8"
    are supported and installed on your system.
perl: warning: Falling back to a fallback locale ("en_US.UTF-8").
Initial aspect ratio: 8.000967056664201
Initial mean iota: -1.2414619577370025
Initial magnetic well: -0.014518732731757817
Whole optimization took 10.264389s
Traceback (most recent call last):
  File "./main.py", line 233, in <module>
    growth_rate = run_gx(vmec)
  File "./main.py", line 193, in run_gx
    gx_input_name = create_gx_inputs(vmec.output_file)
  File "./main.py", line 142, in create_gx_inputs
    p = subprocess.Popen(f"./convert_VMEC_to_GX gx-geometry_wout_{f_wout[5:-3]}".split(),stderr=subprocess.STDOUT,stdout=subprocess.DEVNULL)
  File "/m100/home/userexternal/rjorge00/.conda/envs/simsopt/lib/python3.8/subprocess.py", line 858, in __init__
    self._execute_child(args, executable, preexec_fn, close_fds,
  File "/m100/home/userexternal/rjorge00/.conda/envs/simsopt/lib/python3.8/subprocess.py", line 1704, in _execute_child
    raise child_exception_type(errno_num, err_msg, err_filename)
OSError: [Errno 26] Text file busy: './convert_VMEC_to_GX'
Whole optimization took 10.421850s
Whole optimization took 10.480190s
--------------------------------------------------------------------------
Primary job  terminated normally, but 1 process returned
a non-zero exit code. Per user-direction, the job has been aborted.
--------------------------------------------------------------------------
--------------------------------------------------------------------------
mpirun detected that one or more processes exited with non-zero status, thus causing
the job to be terminated. The first process to do so was:

  Process name: [[46137,1],0]
  Exit code:    1
--------------------------------------------------------------------------
