nlambda
15
lambda
0.763917842373555
0.7768469831531987
0.7897761239328426
0.8027052647124865
0.8156344054921304
0.8285635462717743
0.8414926870514181
0.854421827831062
0.8673509686107059
0.8802801093903496
0.8932092501699935
0.9061383909496376
0.9190675317292814
0.931996672508925
0.9449258132885688
ntgrid nperiod ntheta drhodpsi rmaj shat kxfac q
35 1 70 1.0 1.0 -0.07397396161974062 1.0 -1.0690420552912965
gbdrift gradpar grho tgrid
0.6205249255701404 0.11030178108577429 1.0 -18.84955592153876
0.022313135813248473 0.13733285916807145 1.0 -18.310997180923366
-0.5839039391881344 0.1341675925036135 1.0 -17.772438440307972
0.03037708039495584 0.11406476007097578 1.0 -17.23387969969258
0.7332205049945194 0.1429368806908317 1.0 -16.695320959077186
0.07751357585165818 0.13307751896028916 1.0 -16.156762218461793
-0.5309858854396797 0.11346996361531307 1.0 -15.6182034778464
-0.037990486087577775 0.13928821230517657 1.0 -15.079644737231007
0.5359460292177385 0.12574829523740255 1.0 -14.541085996615614
-0.12214394543927339 0.11126136857261869 1.0 -14.00252725600022
-0.22810709346494978 0.13701205465647937 1.0 -13.463968515384828
0.20434649369788035 0.12173886877090905 1.0 -12.925409774769435
0.49303089805043554 0.11305709162542892 1.0 -12.386851034154041
-0.2809595637095157 0.1435616046564101 1.0 -11.848292293538648
-0.24378736126057304 0.12225251703329285 1.0 -11.309733552923255
0.42216118411289144 0.11736564435012593 1.0 -10.771174812307862
0.46540668038043204 0.15028219685540342 1.0 -10.232616071692469
-0.3087114103266709 0.1200631695708063 1.0 -9.694057331077076
-0.3637155358270712 0.12071601084669005 1.0 -9.155498590461683
0.2506736819057121 0.14560055914925144 1.0 -8.61693984984629
0.3288328543319292 0.11561165174899742 1.0 -8.078381109230897
-0.22863933862755462 0.11957162862227859 1.0 -7.5398223686155035
-0.10380691852045541 0.1382995758217448 1.0 -7.00126362800011
0.38443085466756866 0.11241693629482168 1.0 -6.462704887384717
0.18787792566213468 0.12215431191205488 1.0 -5.924146146769324
-0.26020067961585797 0.13971815752967312 1.0 -5.385587406153931
-0.031001187263798306 0.11388802999897862 1.0 -4.847028665538538
0.46002558812799127 0.1292076428088064 1.0 -4.308469924923145
0.1185101016878912 0.1449714830626687 1.0 -3.7699111843077517
-0.39709529882438305 0.11510652528206292 1.0 -3.2313524436923586
-0.12110470211644173 0.13185242323943547 1.0 -2.6927937030769655
0.4427773873340071 0.14132231890733923 1.0 -2.1542349624615724
0.11744449952116094 0.11095459524613148 1.0 -1.6156762218461793
-0.19815339718868086 0.12983045151132191 1.0 -1.0771174812307862
-0.03443945243170706 0.13271156756740032 1.0 -0.5385587406153931
0.438841168157302 0.10837682495632217 1.0 0.0
-0.03443945243170706 0.13271156756740032 1.0 0.5385587406153931
-0.19815339718868086 0.12983045151132191 1.0 1.0771174812307862
0.11744449952116094 0.11095459524613148 1.0 1.6156762218461793
0.4427773873340071 0.14132231890733923 1.0 2.1542349624615724
-0.12110470211644173 0.13185242323943547 1.0 2.6927937030769655
-0.39709529882438305 0.11510652528206292 1.0 3.2313524436923586
0.1185101016878912 0.1449714830626687 1.0 3.7699111843077517
0.46002558812799127 0.1292076428088064 1.0 4.308469924923145
-0.031001187263798306 0.11388802999897862 1.0 4.847028665538538
-0.26020067961585797 0.13971815752967312 1.0 5.385587406153931
0.18787792566213468 0.12215431191205488 1.0 5.924146146769324
0.38443085466756866 0.11241693629482168 1.0 6.462704887384717
-0.10380691852045541 0.1382995758217448 1.0 7.00126362800011
-0.22863933862755462 0.11957162862227859 1.0 7.5398223686155035
0.3288328543319292 0.11561165174899742 1.0 8.078381109230897
0.2506736819057121 0.14560055914925144 1.0 8.61693984984629
-0.3637155358270712 0.12071601084669005 1.0 9.155498590461683
-0.3087114103266709 0.1200631695708063 1.0 9.694057331077076
0.46540668038043204 0.15028219685540342 1.0 10.232616071692469
0.42216118411289144 0.11736564435012593 1.0 10.771174812307862
-0.24378736126057304 0.12225251703329285 1.0 11.309733552923255
-0.2809595637095157 0.1435616046564101 1.0 11.848292293538648
0.49303089805043554 0.11305709162542892 1.0 12.386851034154041
0.20434649369788035 0.12173886877090905 1.0 12.925409774769435
-0.22810709346494978 0.13701205465647937 1.0 13.463968515384828
-0.12214394543927339 0.11126136857261869 1.0 14.00252725600022
0.5359460292177385 0.12574829523740255 1.0 14.541085996615614
-0.037990486087577775 0.13928821230517657 1.0 15.079644737231007
-0.5309858854396797 0.11346996361531307 1.0 15.6182034778464
0.07751357585165818 0.13307751896028916 1.0 16.156762218461793
0.7332205049945194 0.1429368806908317 1.0 16.695320959077186
0.03037708039495584 0.11406476007097578 1.0 17.23387969969258
-0.5839039391881344 0.1341675925036135 1.0 17.772438440307972
0.022313135813248473 0.13733285916807145 1.0 18.310997180923366
0.6205249255701404 0.11030178108577429 1.0 18.84955592153876
cvdrift gds2 bmag tgrid
0.6205249255701404 1.4912407727325687 1.1070740207992043 -18.84955592153876
0.022313135813248473 1.5732192550452477 1.0822792980904505 -18.310997180923366
-0.5839039391881344 6.054363293683119 1.2372243421403855 -17.772438440307972
0.03037708039495584 7.8874107157803595 1.2594584740950578 -17.23387969969258
0.7332205049945194 6.203536037823038 1.1064022840377559 -16.695320959077186
0.07751357585165818 2.609785531323708 1.0860136114930503 -16.156762218461793
-0.5309858854396797 1.022382748052756 1.2290076129254317 -15.6182034778464
-0.037990486087577775 1.6090697350598027 1.2477285301060077 -15.079644737231007
0.5359460292177385 3.7167805950685735 1.0846526905962977 -14.541085996615614
-0.12214394543927339 4.619544062857532 1.0992876779298544 -14.00252725600022
-0.22810709346494978 5.271191737304224 1.2444992386092681 -13.463968515384828
0.20434649369788035 1.37787404303832 1.1879399657059804 -12.925409774769435
0.49303089805043554 0.9109886229715592 1.0566302729944541 -12.386851034154041
-0.2809595637095157 2.7701313651702115 1.1699993660033159 -11.848292293538648
-0.24378736126057304 6.130192165552837 1.283460554647736 -11.309733552923255
0.42216118411289144 4.59850096661706 1.1593906950491382 -10.771174812307862
0.46540668038043204 2.601595041196517 1.071495763692778 -10.232616071692469
-0.3087114103266709 0.8616424989342341 1.1789701585272667 -9.694057331077076
-0.3637155358270712 0.7022173008712749 1.2872547897927462 -9.155498590461683
0.2506736819057121 2.2027405727710727 1.1593319969121232 -8.61693984984629
0.3288328543319292 2.8675424918023955 1.06174954848149 -8.078381109230897
-0.22863933862755462 4.1712778044733705 1.1969776261181115 -7.5398223686155035
-0.10380691852045541 2.5043745896443332 1.2426300648757245 -7.00126362800011
0.38443085466756866 0.632227839450848 1.0926681102851936 -6.462704887384717
0.18787792566213468 0.8804731770840495 1.0873183838086433 -5.924146146769324
-0.26020067961585797 3.4942995260647947 1.2510614520618915 -5.385587406153931
-0.031001187263798306 3.8786060240463933 1.2170880813801577 -4.847028665538538
0.46002558812799127 2.5304456562729976 1.0771295977759427 -4.308469924923145
0.1185101016878912 1.216582045229208 1.1225052038845211 -3.7699111843077517
-0.39709529882438305 0.5119395663593903 1.2729519512543284 -3.2313524436923586
-0.12110470211644173 0.8686494658451495 1.224609728093645 -2.6927937030769655
0.4427773873340071 2.0770476444046455 1.0758722860690622 -2.1542349624615724
0.11744449952116094 2.7422047469539303 1.1191536689061785 -1.6156762218461793
-0.19815339718868086 3.65174942152901 1.2602097369793017 -1.0771174812307862
-0.03443945243170706 1.2860064799583826 1.1805677665200678 -0.5385587406153931
0.438841168157302 0.5759597036206974 1.04399940278305 0.0
-0.03443945243170706 1.2860064799583826 1.1805677665200678 0.5385587406153931
-0.19815339718868086 3.65174942152901 1.2602097369793017 1.0771174812307862
0.11744449952116094 2.7422047469539303 1.1191536689061785 1.6156762218461793
0.4427773873340071 2.0770476444046455 1.0758722860690622 2.1542349624615724
-0.12110470211644173 0.8686494658451495 1.224609728093645 2.6927937030769655
-0.39709529882438305 0.5119395663593903 1.2729519512543284 3.2313524436923586
0.1185101016878912 1.216582045229208 1.1225052038845211 3.7699111843077517
0.46002558812799127 2.5304456562729976 1.0771295977759427 4.308469924923145
-0.031001187263798306 3.8786060240463933 1.2170880813801577 4.847028665538538
-0.26020067961585797 3.4942995260647947 1.2510614520618915 5.385587406153931
0.18787792566213468 0.8804731770840495 1.0873183838086433 5.924146146769324
0.38443085466756866 0.632227839450848 1.0926681102851936 6.462704887384717
-0.10380691852045541 2.5043745896443332 1.2426300648757245 7.00126362800011
-0.22863933862755462 4.1712778044733705 1.1969776261181115 7.5398223686155035
0.3288328543319292 2.8675424918023955 1.06174954848149 8.078381109230897
0.2506736819057121 2.2027405727710727 1.1593319969121232 8.61693984984629
-0.3637155358270712 0.7022173008712749 1.2872547897927462 9.155498590461683
-0.3087114103266709 0.8616424989342341 1.1789701585272667 9.694057331077076
0.46540668038043204 2.601595041196517 1.071495763692778 10.232616071692469
0.42216118411289144 4.59850096661706 1.1593906950491382 10.771174812307862
-0.24378736126057304 6.130192165552837 1.283460554647736 11.309733552923255
-0.2809595637095157 2.7701313651702115 1.1699993660033159 11.848292293538648
0.49303089805043554 0.9109886229715592 1.0566302729944541 12.386851034154041
0.20434649369788035 1.37787404303832 1.1879399657059804 12.925409774769435
-0.22810709346494978 5.271191737304224 1.2444992386092681 13.463968515384828
-0.12214394543927339 4.619544062857532 1.0992876779298544 14.00252725600022
0.5359460292177385 3.7167805950685735 1.0846526905962977 14.541085996615614
-0.037990486087577775 1.6090697350598027 1.2477285301060077 15.079644737231007
-0.5309858854396797 1.022382748052756 1.2290076129254317 15.6182034778464
0.07751357585165818 2.609785531323708 1.0860136114930503 16.156762218461793
0.7332205049945194 6.203536037823038 1.1064022840377559 16.695320959077186
0.03037708039495584 7.8874107157803595 1.2594584740950578 17.23387969969258
-0.5839039391881344 6.054363293683119 1.2372243421403855 17.772438440307972
0.022313135813248473 1.5732192550452477 1.0822792980904505 18.310997180923366
0.6205249255701404 1.4912407727325687 1.1070740207992043 18.84955592153876
gds21 gds22 tgrid
-0.022031151987486376 0.0047148870308441485 -18.84955592153876
-0.10374824532586664 0.010832493803601025 -18.310997180923366
-0.3316399110310797 0.019517222107379238 -17.772438440307972
-0.33002621589261244 0.014885177225153961 -17.23387969969258
-0.17506731315015225 0.0059986589563093655 -16.695320959077186
-0.017789506312079977 0.002539612685860552 -16.156762218461793
-0.009779462869563552 0.008015100439050186 -15.6182034778464
-0.1413901085108648 0.01758799603690939 -15.079644737231007
-0.2036767437698337 0.012859526424914655 -14.541085996615614
-0.18431727974607418 0.008751901124366945 -14.00252725600022
-0.08453488543954751 0.0029288501161570716 -13.463968515384828
0.016451996375173205 0.005665348786401522 -12.925409774769435
-0.04758806447281677 0.009049361564377502 -12.386851034154041
-0.20411504787322496 0.017684882195063072 -11.848292293538648
-0.29434131261172014 0.01556775570271304 -11.309733552923255
-0.14052464494503283 0.0058626070614494425 -10.771174812307862
-0.005562320832348483 0.002371291645792896 -10.232616071692469
0.016610923356199014 0.008979515150930583 -9.694057331077076
-0.0615184527375263 0.017976109195544075 -9.155498590461683
-0.17430793948481366 0.017062087072660725 -8.61693984984629
-0.12638677879604926 0.007672863054377212 -8.078381109230897
-0.09128147234899722 0.003833486513258568 -7.5398223686155035
0.05053704599966924 0.0043211737408554276 -7.00126362800011
-0.0029282230327540093 0.010119282357612367 -6.462704887384717
-0.06981364427507916 0.012741637941147691 -5.924146146769324
-0.20447724419278637 0.014357801522119159 -5.385587406153931
-0.09750487543797011 0.0045002847556003 -4.847028665538538
0.005249327331042574 0.002463041129451936 -4.308469924923145
0.0650305786871905 0.009034828750968255 -3.7699111843077517
0.004883393221165886 0.01696658467086658 -3.2313524436923586
-0.08804761888472215 0.01816744917913725 -2.6927937030769655
-0.1034954641252268 0.008143257890232639 -2.1542349624615724
-0.04010838480143398 0.0030282418029028016 -1.6156762218461793
0.06732684110634715 0.0035722909401686726 -1.0771174812307862
0.09121584506617805 0.012264507362036655 -0.5385587406153931
-0.0 0.010169429904334453 0.0
-0.09121584506617805 0.012264507362036655 0.5385587406153931
-0.06732684110634715 0.0035722909401686726 1.0771174812307862
0.04010838480143398 0.0030282418029028016 1.6156762218461793
0.1034954641252268 0.008143257890232639 2.1542349624615724
0.08804761888472215 0.01816744917913725 2.6927937030769655
-0.004883393221165886 0.01696658467086658 3.2313524436923586
-0.0650305786871905 0.009034828750968255 3.7699111843077517
-0.005249327331042574 0.002463041129451936 4.308469924923145
0.09750487543797011 0.0045002847556003 4.847028665538538
0.20447724419278637 0.014357801522119159 5.385587406153931
0.06981364427507916 0.012741637941147691 5.924146146769324
0.0029282230327540093 0.010119282357612367 6.462704887384717
-0.05053704599966924 0.0043211737408554276 7.00126362800011
0.09128147234899722 0.003833486513258568 7.5398223686155035
0.12638677879604926 0.007672863054377212 8.078381109230897
0.17430793948481366 0.017062087072660725 8.61693984984629
0.0615184527375263 0.017976109195544075 9.155498590461683
-0.016610923356199014 0.008979515150930583 9.694057331077076
0.005562320832348483 0.002371291645792896 10.232616071692469
0.14052464494503283 0.0058626070614494425 10.771174812307862
0.29434131261172014 0.01556775570271304 11.309733552923255
0.20411504787322496 0.017684882195063072 11.848292293538648
0.04758806447281677 0.009049361564377502 12.386851034154041
-0.016451996375173205 0.005665348786401522 12.925409774769435
0.08453488543954751 0.0029288501161570716 13.463968515384828
0.18431727974607418 0.008751901124366945 14.00252725600022
0.2036767437698337 0.012859526424914655 14.541085996615614
0.1413901085108648 0.01758799603690939 15.079644737231007
0.009779462869563552 0.008015100439050186 15.6182034778464
0.017789506312079977 0.002539612685860552 16.156762218461793
0.17506731315015225 0.0059986589563093655 16.695320959077186
0.33002621589261244 0.014885177225153961 17.23387969969258
0.3316399110310797 0.019517222107379238 17.772438440307972
0.10374824532586664 0.010832493803601025 18.310997180923366
0.022031151987486376 0.0047148870308441485 18.84955592153876
cvdrift0 gbdrift0 tgrid
0.025352415368597694 0.025352415368597694 -18.84955592153876
-0.019806530177038564 -0.019806530177038564 -18.310997180923366
-0.0214058427230327 -0.0214058427230327 -17.772438440307972
0.02026730835600666 0.02026730835600666 -17.23387969969258
0.028146486095843897 0.028146486095843897 -16.695320959077186
-0.01960678570036619 -0.01960678570036619 -16.156762218461793
-0.024699252485400194 -0.024699252485400194 -15.6182034778464
0.013707772063412867 0.013707772063412867 -15.079644737231007
0.01686680131275636 0.01686680131275636 -14.541085996615614
-0.024608686428727985 -0.024608686428727985 -14.00252725600022
-0.007592116632664564 -0.007592116632664564 -13.463968515384828
0.021196648430777766 0.021196648430777766 -12.925409774769435
0.006969196506751959 0.006969196506751959 -12.386851034154041
-0.024310771167267202 -0.024310771167267202 -11.848292293538648
0.006531821338107163 0.006531821338107163 -11.309733552923255
0.033228552305872947 0.033228552305872947 -10.771174812307862
-0.001593464208637791 -0.001593464208637791 -10.232616071692469
-0.035178774956526146 -0.035178774956526146 -9.694057331077076
-0.0007552982933704819 -0.0007552982933704819 -9.155498590461683
0.02567235296657949 0.02567235296657949 -8.61693984984629
-0.008838149415721452 -0.008838149415721452 -8.078381109230897
-0.022668435564502303 -0.022668435564502303 -7.5398223686155035
0.005312620404634807 0.005312620404634807 -7.00126362800011
0.023649731477420857 0.023649731477420857 -6.462704887384717
-0.017759799964496767 -0.017759799964496767 -5.924146146769324
-0.007958050077865536 -0.007958050077865536 -5.385587406153931
0.02235042597030267 0.02235042597030267 -4.847028665538538
0.0163434172469512 0.0163434172469512 -4.308469924923145
-0.030559817903455272 -0.030559817903455272 -3.7699111843077517
-0.012993482290593184 -0.012993482290593184 -3.2313524436923586
0.024573141467747323 0.024573141467747323 -2.6927937030769655
0.016119203009593804 0.016119203009593804 -2.1542349624615724
-0.028040324325743816 -0.028040324325743816 -1.6156762218461793
-0.008655842620547695 -0.008655842620547695 -1.0771174812307862
0.02094204583595281 0.02094204583595281 -0.5385587406153931
0.0 0.0 0.0
-0.02094204583595281 -0.02094204583595281 0.5385587406153931
0.008655842620547695 0.008655842620547695 1.0771174812307862
0.028040324325743816 0.028040324325743816 1.6156762218461793
-0.016119203009593804 -0.016119203009593804 2.1542349624615724
-0.024573141467747323 -0.024573141467747323 2.6927937030769655
0.012993482290593184 0.012993482290593184 3.2313524436923586
0.030559817903455272 0.030559817903455272 3.7699111843077517
-0.0163434172469512 -0.0163434172469512 4.308469924923145
-0.02235042597030267 -0.02235042597030267 4.847028665538538
0.007958050077865536 0.007958050077865536 5.385587406153931
0.017759799964496767 0.017759799964496767 5.924146146769324
-0.023649731477420857 -0.023649731477420857 6.462704887384717
-0.005312620404634807 -0.005312620404634807 7.00126362800011
0.022668435564502303 0.022668435564502303 7.5398223686155035
0.008838149415721452 0.008838149415721452 8.078381109230897
-0.02567235296657949 -0.02567235296657949 8.61693984984629
0.0007552982933704819 0.0007552982933704819 9.155498590461683
0.035178774956526146 0.035178774956526146 9.694057331077076
0.001593464208637791 0.001593464208637791 10.232616071692469
-0.033228552305872947 -0.033228552305872947 10.771174812307862
-0.006531821338107163 -0.006531821338107163 11.309733552923255
0.024310771167267202 0.024310771167267202 11.848292293538648
-0.006969196506751959 -0.006969196506751959 12.386851034154041
-0.021196648430777766 -0.021196648430777766 12.925409774769435
0.007592116632664564 0.007592116632664564 13.463968515384828
0.024608686428727985 0.024608686428727985 14.00252725600022
-0.01686680131275636 -0.01686680131275636 14.541085996615614
-0.013707772063412867 -0.013707772063412867 15.079644737231007
0.024699252485400194 0.024699252485400194 15.6182034778464
0.01960678570036619 0.01960678570036619 16.156762218461793
-0.028146486095843897 -0.028146486095843897 16.695320959077186
-0.02026730835600666 -0.02026730835600666 17.23387969969258
0.0214058427230327 0.0214058427230327 17.772438440307972
0.019806530177038564 0.019806530177038564 18.310997180923366
-0.025352415368597694 -0.025352415368597694 18.84955592153876
Rplot Rprime tgrid
0.0 0.0 -18.84955592153876
0.0 0.0 -18.310997180923366
0.0 0.0 -17.772438440307972
0.0 0.0 -17.23387969969258
0.0 0.0 -16.695320959077186
0.0 0.0 -16.156762218461793
0.0 0.0 -15.6182034778464
0.0 0.0 -15.079644737231007
0.0 0.0 -14.541085996615614
0.0 0.0 -14.00252725600022
0.0 0.0 -13.463968515384828
0.0 0.0 -12.925409774769435
0.0 0.0 -12.386851034154041
0.0 0.0 -11.848292293538648
0.0 0.0 -11.309733552923255
0.0 0.0 -10.771174812307862
0.0 0.0 -10.232616071692469
0.0 0.0 -9.694057331077076
0.0 0.0 -9.155498590461683
0.0 0.0 -8.61693984984629
0.0 0.0 -8.078381109230897
0.0 0.0 -7.5398223686155035
0.0 0.0 -7.00126362800011
0.0 0.0 -6.462704887384717
0.0 0.0 -5.924146146769324
0.0 0.0 -5.385587406153931
0.0 0.0 -4.847028665538538
0.0 0.0 -4.308469924923145
0.0 0.0 -3.7699111843077517
0.0 0.0 -3.2313524436923586
0.0 0.0 -2.6927937030769655
0.0 0.0 -2.1542349624615724
0.0 0.0 -1.6156762218461793
0.0 0.0 -1.0771174812307862
0.0 0.0 -0.5385587406153931
0.0 0.0 0.0
0.0 0.0 0.5385587406153931
0.0 0.0 1.0771174812307862
0.0 0.0 1.6156762218461793
0.0 0.0 2.1542349624615724
0.0 0.0 2.6927937030769655
0.0 0.0 3.2313524436923586
0.0 0.0 3.7699111843077517
0.0 0.0 4.308469924923145
0.0 0.0 4.847028665538538
0.0 0.0 5.385587406153931
0.0 0.0 5.924146146769324
0.0 0.0 6.462704887384717
0.0 0.0 7.00126362800011
0.0 0.0 7.5398223686155035
0.0 0.0 8.078381109230897
0.0 0.0 8.61693984984629
0.0 0.0 9.155498590461683
0.0 0.0 9.694057331077076
0.0 0.0 10.232616071692469
0.0 0.0 10.771174812307862
0.0 0.0 11.309733552923255
0.0 0.0 11.848292293538648
0.0 0.0 12.386851034154041
0.0 0.0 12.925409774769435
0.0 0.0 13.463968515384828
0.0 0.0 14.00252725600022
0.0 0.0 14.541085996615614
0.0 0.0 15.079644737231007
0.0 0.0 15.6182034778464
0.0 0.0 16.156762218461793
0.0 0.0 16.695320959077186
0.0 0.0 17.23387969969258
0.0 0.0 17.772438440307972
0.0 0.0 18.310997180923366
0.0 0.0 18.84955592153876
Zplot Rprime tgrid
0.0 0.0 -18.84955592153876
0.0 0.0 -18.310997180923366
0.0 0.0 -17.772438440307972
0.0 0.0 -17.23387969969258
0.0 0.0 -16.695320959077186
0.0 0.0 -16.156762218461793
0.0 0.0 -15.6182034778464
0.0 0.0 -15.079644737231007
0.0 0.0 -14.541085996615614
0.0 0.0 -14.00252725600022
0.0 0.0 -13.463968515384828
0.0 0.0 -12.925409774769435
0.0 0.0 -12.386851034154041
0.0 0.0 -11.848292293538648
0.0 0.0 -11.309733552923255
0.0 0.0 -10.771174812307862
0.0 0.0 -10.232616071692469
0.0 0.0 -9.694057331077076
0.0 0.0 -9.155498590461683
0.0 0.0 -8.61693984984629
0.0 0.0 -8.078381109230897
0.0 0.0 -7.5398223686155035
0.0 0.0 -7.00126362800011
0.0 0.0 -6.462704887384717
0.0 0.0 -5.924146146769324
0.0 0.0 -5.385587406153931
0.0 0.0 -4.847028665538538
0.0 0.0 -4.308469924923145
0.0 0.0 -3.7699111843077517
0.0 0.0 -3.2313524436923586
0.0 0.0 -2.6927937030769655
0.0 0.0 -2.1542349624615724
0.0 0.0 -1.6156762218461793
0.0 0.0 -1.0771174812307862
0.0 0.0 -0.5385587406153931
0.0 0.0 0.0
0.0 0.0 0.5385587406153931
0.0 0.0 1.0771174812307862
0.0 0.0 1.6156762218461793
0.0 0.0 2.1542349624615724
0.0 0.0 2.6927937030769655
0.0 0.0 3.2313524436923586
0.0 0.0 3.7699111843077517
0.0 0.0 4.308469924923145
0.0 0.0 4.847028665538538
0.0 0.0 5.385587406153931
0.0 0.0 5.924146146769324
0.0 0.0 6.462704887384717
0.0 0.0 7.00126362800011
0.0 0.0 7.5398223686155035
0.0 0.0 8.078381109230897
0.0 0.0 8.61693984984629
0.0 0.0 9.155498590461683
0.0 0.0 9.694057331077076
0.0 0.0 10.232616071692469
0.0 0.0 10.771174812307862
0.0 0.0 11.309733552923255
0.0 0.0 11.848292293538648
0.0 0.0 12.386851034154041
0.0 0.0 12.925409774769435
0.0 0.0 13.463968515384828
0.0 0.0 14.00252725600022
0.0 0.0 14.541085996615614
0.0 0.0 15.079644737231007
0.0 0.0 15.6182034778464
0.0 0.0 16.156762218461793
0.0 0.0 16.695320959077186
0.0 0.0 17.23387969969258
0.0 0.0 17.772438440307972
0.0 0.0 18.310997180923366
0.0 0.0 18.84955592153876
aplot Rprime tgrid
0.0 0.0 -18.84955592153876
0.0 0.0 -18.310997180923366
0.0 0.0 -17.772438440307972
0.0 0.0 -17.23387969969258
0.0 0.0 -16.695320959077186
0.0 0.0 -16.156762218461793
0.0 0.0 -15.6182034778464
0.0 0.0 -15.079644737231007
0.0 0.0 -14.541085996615614
0.0 0.0 -14.00252725600022
0.0 0.0 -13.463968515384828
0.0 0.0 -12.925409774769435
0.0 0.0 -12.386851034154041
0.0 0.0 -11.848292293538648
0.0 0.0 -11.309733552923255
0.0 0.0 -10.771174812307862
0.0 0.0 -10.232616071692469
0.0 0.0 -9.694057331077076
0.0 0.0 -9.155498590461683
0.0 0.0 -8.61693984984629
0.0 0.0 -8.078381109230897
0.0 0.0 -7.5398223686155035
0.0 0.0 -7.00126362800011
0.0 0.0 -6.462704887384717
0.0 0.0 -5.924146146769324
0.0 0.0 -5.385587406153931
0.0 0.0 -4.847028665538538
0.0 0.0 -4.308469924923145
0.0 0.0 -3.7699111843077517
0.0 0.0 -3.2313524436923586
0.0 0.0 -2.6927937030769655
0.0 0.0 -2.1542349624615724
0.0 0.0 -1.6156762218461793
0.0 0.0 -1.0771174812307862
0.0 0.0 -0.5385587406153931
0.0 0.0 0.0
0.0 0.0 0.5385587406153931
0.0 0.0 1.0771174812307862
0.0 0.0 1.6156762218461793
0.0 0.0 2.1542349624615724
0.0 0.0 2.6927937030769655
0.0 0.0 3.2313524436923586
0.0 0.0 3.7699111843077517
0.0 0.0 4.308469924923145
0.0 0.0 4.847028665538538
0.0 0.0 5.385587406153931
0.0 0.0 5.924146146769324
0.0 0.0 6.462704887384717
0.0 0.0 7.00126362800011
0.0 0.0 7.5398223686155035
0.0 0.0 8.078381109230897
0.0 0.0 8.61693984984629
0.0 0.0 9.155498590461683
0.0 0.0 9.694057331077076
0.0 0.0 10.232616071692469
0.0 0.0 10.771174812307862
0.0 0.0 11.309733552923255
0.0 0.0 11.848292293538648
0.0 0.0 12.386851034154041
0.0 0.0 12.925409774769435
0.0 0.0 13.463968515384828
0.0 0.0 14.00252725600022
0.0 0.0 14.541085996615614
0.0 0.0 15.079644737231007
0.0 0.0 15.6182034778464
0.0 0.0 16.156762218461793
0.0 0.0 16.695320959077186
0.0 0.0 17.23387969969258
0.0 0.0 17.772438440307972
0.0 0.0 18.310997180923366
0.0 0.0 18.84955592153876