nlambda
15
lambda
0.7639386469664767
0.7768662001070799
0.7897937532476831
0.8027213063882861
0.8156488595288893
0.8285764126694924
0.8415039658100956
0.8544315189506988
0.8673590720913019
0.8802866252319049
0.893214178372508
0.9061417315131114
0.9190692846537144
0.9319968377943177
0.9449243909349209
ntgrid nperiod ntheta drhodpsi rmaj shat kxfac q
35 1 70 1.0 1.0 -0.07397419422341892 1.0 -1.0690494897685503
gbdrift gradpar grho tgrid
0.6205847203778047 0.11030185264787463 1.0 -18.84955592153876
0.022651685003557645 0.13733058629286116 1.0 -18.310997180923366
-0.5837963598578262 0.13416608068426414 1.0 -17.772438440307972
0.03026992292723919 0.11406512225771856 1.0 -17.23387969969258
0.7331673138229945 0.14293336042211094 1.0 -16.695320959077186
0.07741690155288768 0.13307600277419845 1.0 -16.156762218461793
-0.5309992234253379 0.11347061458987334 1.0 -15.6182034778464
-0.038059570998182246 0.1392874378069916 1.0 -15.079644737231007
0.5357903739723712 0.1257500003238435 1.0 -14.541085996615614
-0.122137365845051 0.11126231468666507 1.0 -14.00252725600022
-0.22840806368777763 0.1370102114522307 1.0 -13.463968515384828
0.2043869771932892 0.12173942606144754 1.0 -12.925409774769435
0.4929233289010041 0.11305821271718297 1.0 -12.386851034154041
-0.28110166572868606 0.1435576636628559 1.0 -11.848292293538648
-0.24364112167308286 0.12225353686332431 1.0 -11.309733552923255
0.42212143155960696 0.11736759598296147 1.0 -10.771174812307862
0.46566314626872485 0.15028204490450786 1.0 -10.232616071692469
-0.3086589094147293 0.12006520447523934 1.0 -9.694057331077076
-0.36370543555400714 0.12071743080493406 1.0 -9.155498590461683
0.2508345940705547 0.14559721700352335 1.0 -8.61693984984629
0.32882148110956083 0.11561315519954128 1.0 -8.078381109230897
-0.22847965601192435 0.11957250721832835 1.0 -7.5398223686155035
-0.1039915863832182 0.13829734824397427 1.0 -7.00126362800011
0.3843684847208042 0.1124181601037568 1.0 -6.462704887384717
0.18792391458472749 0.12215665835405104 1.0 -5.924146146769324
-0.2604982273455886 0.1397180758328945 1.0 -5.385587406153931
-0.031100605454074472 0.11388958108267952 1.0 -4.847028665538538
0.45997928453255615 0.12920834244564117 1.0 -4.308469924923145
0.1185625661751996 0.1449694307922088 1.0 -3.7699111843077517
-0.3970806081948814 0.11510709269848592 1.0 -3.2313524436923586
-0.12121789813117666 0.1318504482362662 1.0 -2.6927937030769655
0.44270404571186456 0.1413182839376097 1.0 -2.1542349624615724
0.11747767478573358 0.11095391935069383 1.0 -1.6156762218461793
-0.19797177001465832 0.129829344111986 1.0 -1.0771174812307862
-0.03426214691730168 0.1327093170942989 1.0 -0.5385587406153931
0.43887272731441435 0.10837789016984802 1.0 0.0
-0.03426214691730168 0.1327093170942989 1.0 0.5385587406153931
-0.19797177001465832 0.129829344111986 1.0 1.0771174812307862
0.11747767478573358 0.11095391935069383 1.0 1.6156762218461793
0.44270404571186456 0.1413182839376097 1.0 2.1542349624615724
-0.12121789813117666 0.1318504482362662 1.0 2.6927937030769655
-0.3970806081948814 0.11510709269848592 1.0 3.2313524436923586
0.1185625661751996 0.1449694307922088 1.0 3.7699111843077517
0.45997928453255615 0.12920834244564117 1.0 4.308469924923145
-0.031100605454074472 0.11388958108267952 1.0 4.847028665538538
-0.2604982273455886 0.1397180758328945 1.0 5.385587406153931
0.18792391458472749 0.12215665835405104 1.0 5.924146146769324
0.3843684847208042 0.1124181601037568 1.0 6.462704887384717
-0.1039915863832182 0.13829734824397427 1.0 7.00126362800011
-0.22847965601192435 0.11957250721832835 1.0 7.5398223686155035
0.32882148110956083 0.11561315519954128 1.0 8.078381109230897
0.2508345940705547 0.14559721700352335 1.0 8.61693984984629
-0.36370543555400714 0.12071743080493406 1.0 9.155498590461683
-0.3086589094147293 0.12006520447523934 1.0 9.694057331077076
0.46566314626872485 0.15028204490450786 1.0 10.232616071692469
0.42212143155960696 0.11736759598296147 1.0 10.771174812307862
-0.24364112167308286 0.12225353686332431 1.0 11.309733552923255
-0.28110166572868606 0.1435576636628559 1.0 11.848292293538648
0.4929233289010041 0.11305821271718297 1.0 12.386851034154041
0.2043869771932892 0.12173942606144754 1.0 12.925409774769435
-0.22840806368777763 0.1370102114522307 1.0 13.463968515384828
-0.122137365845051 0.11126231468666507 1.0 14.00252725600022
0.5357903739723712 0.1257500003238435 1.0 14.541085996615614
-0.038059570998182246 0.1392874378069916 1.0 15.079644737231007
-0.5309992234253379 0.11347061458987334 1.0 15.6182034778464
0.07741690155288768 0.13307600277419845 1.0 16.156762218461793
0.7331673138229945 0.14293336042211094 1.0 16.695320959077186
0.03026992292723919 0.11406512225771856 1.0 17.23387969969258
-0.5837963598578262 0.13416608068426414 1.0 17.772438440307972
0.022651685003557645 0.13733058629286116 1.0 18.310997180923366
0.6205847203778047 0.11030185264787463 1.0 18.84955592153876
cvdrift gds2 bmag tgrid
0.6205847203778047 1.491614933767917 1.1070921170321504 -18.84955592153876
0.022651685003557645 1.5727980289985184 1.0822104478999368 -18.310997180923366
-0.5837963598578262 6.0521432604218095 1.237145029165798 -17.772438440307972
0.03026992292723919 7.886926500859567 1.259485228241816 -17.23387969969258
0.7331673138229945 6.20351169435881 1.10643034606407 -16.695320959077186
0.07741690155288768 2.6100892176593313 1.0859550413562162 -16.156762218461793
-0.5309992234253379 1.0225625984177584 1.229025765254546 -15.6182034778464
-0.038059570998182246 1.6089583206545768 1.2478217460976437 -15.079644737231007
0.5357903739723712 3.7160375919136395 1.0845726934900646 -14.541085996615614
-0.122137365845051 4.6194739220301955 1.099304136656213 -14.00252725600022
-0.22840806368777763 5.2725013759036 1.2446266848251066 -13.463968515384828
0.2043869771932892 1.377989388363864 1.1878569855122156 -12.925409774769435
0.4929233289010041 0.9108722989290248 1.0566628150216963 -12.386851034154041
-0.28110166572868606 2.770053808013767 1.1700990267145182 -11.848292293538648
-0.24364112167308286 6.129424700732914 1.2833948612220976 -11.309733552923255
0.42212143155960696 4.598957970374637 1.159387946390539 -10.771174812307862
0.46566314626872485 2.601970524490615 1.0715645240662461 -10.232616071692469
-0.3086589094147293 0.8616899434700737 1.1789309323797466 -9.694057331077076
-0.36370543555400714 0.7020777670200355 1.287222947609465 -9.155498590461683
0.2508345940705547 2.202958014517302 1.1594665890478844 -8.61693984984629
0.32882148110956083 2.8678134873974224 1.0617636490900793 -8.078381109230897
-0.22847965601192435 4.1710481236230885 1.1969263724541215 -7.5398223686155035
-0.1039915863832182 2.5053800211305135 1.2428304687495617 -7.00126362800011
0.3843684847208042 0.632252725248126 1.0927020041465283 -6.462704887384717
0.18792391458472749 0.8803603317657285 1.0872596088240383 -5.924146146769324
-0.2604982273455886 3.494635026431818 1.2512188929324202 -5.385587406153931
-0.031100605454074472 3.878618343911368 1.2171253660124006 -4.847028665538538
0.45997928453255615 2.530402902123609 1.0770693077719424 -4.308469924923145
0.1185625661751996 1.2167656202464694 1.1225492810124653 -3.7699111843077517
-0.3970806081948814 0.5119624400358064 1.2729670541767426 -3.2313524436923586
-0.12121789813117666 0.8685272762023722 1.2245345013820308 -2.6927937030769655
0.44270404571186456 2.076778304804785 1.0758538017112496 -2.1542349624615724
0.11747767478573358 2.7421989842021413 1.1191633048055933 -1.6156762218461793
-0.19797177001465832 3.6507007908556224 1.2600532809251628 -1.0771174812307862
-0.03426214691730168 1.2858374104088495 1.1804396240952473 -0.5385587406153931
0.43887272731441435 0.5759572545415415 1.0440026834889973 0.0
-0.03426214691730168 1.2858374104088495 1.1804396240952473 0.5385587406153931
-0.19797177001465832 3.6507007908556224 1.2600532809251628 1.0771174812307862
0.11747767478573358 2.7421989842021413 1.1191633048055933 1.6156762218461793
0.44270404571186456 2.076778304804785 1.0758538017112496 2.1542349624615724
-0.12121789813117666 0.8685272762023722 1.2245345013820308 2.6927937030769655
-0.3970806081948814 0.5119624400358064 1.2729670541767426 3.2313524436923586
0.1185625661751996 1.2167656202464694 1.1225492810124653 3.7699111843077517
0.45997928453255615 2.530402902123609 1.0770693077719424 4.308469924923145
-0.031100605454074472 3.878618343911368 1.2171253660124006 4.847028665538538
-0.2604982273455886 3.494635026431818 1.2512188929324202 5.385587406153931
0.18792391458472749 0.8803603317657285 1.0872596088240383 5.924146146769324
0.3843684847208042 0.632252725248126 1.0927020041465283 6.462704887384717
-0.1039915863832182 2.5053800211305135 1.2428304687495617 7.00126362800011
-0.22847965601192435 4.1710481236230885 1.1969263724541215 7.5398223686155035
0.32882148110956083 2.8678134873974224 1.0617636490900793 8.078381109230897
0.2508345940705547 2.202958014517302 1.1594665890478844 8.61693984984629
-0.36370543555400714 0.7020777670200355 1.287222947609465 9.155498590461683
-0.3086589094147293 0.8616899434700737 1.1789309323797466 9.694057331077076
0.46566314626872485 2.601970524490615 1.0715645240662461 10.232616071692469
0.42212143155960696 4.598957970374637 1.159387946390539 10.771174812307862
-0.24364112167308286 6.129424700732914 1.2833948612220976 11.309733552923255
-0.28110166572868606 2.770053808013767 1.1700990267145182 11.848292293538648
0.4929233289010041 0.9108722989290248 1.0566628150216963 12.386851034154041
0.2043869771932892 1.377989388363864 1.1878569855122156 12.925409774769435
-0.22840806368777763 5.2725013759036 1.2446266848251066 13.463968515384828
-0.122137365845051 4.6194739220301955 1.099304136656213 14.00252725600022
0.5357903739723712 3.7160375919136395 1.0845726934900646 14.541085996615614
-0.038059570998182246 1.6089583206545768 1.2478217460976437 15.079644737231007
-0.5309992234253379 1.0225625984177584 1.229025765254546 15.6182034778464
0.07741690155288768 2.6100892176593313 1.0859550413562162 16.156762218461793
0.7331673138229945 6.20351169435881 1.10643034606407 16.695320959077186
0.03026992292723919 7.886926500859567 1.259485228241816 17.23387969969258
-0.5837963598578262 6.0521432604218095 1.237145029165798 17.772438440307972
0.022651685003557645 1.5727980289985184 1.0822104478999368 18.310997180923366
0.6205847203778047 1.491614933767917 1.1070921170321504 18.84955592153876
gds21 gds22 tgrid
-0.022021499724328458 0.004713595338028154 -18.84955592153876
-0.10370899064686691 0.010829733962453415 -18.310997180923366
-0.3315415479614571 0.01951344017708012 -17.772438440307972
-0.33002903282833784 0.014886377862108884 -17.23387969969258
-0.17508273673760033 0.005999614353835257 -16.695320959077186
-0.017803370556482605 0.0025392598708877424 -16.156762218461793
-0.009767710808865054 0.00801375046584095 -15.6182034778464
-0.14138341399414617 0.017588840432913606 -15.079644737231007
-0.203647622735753 0.012858664424878392 -14.541085996615614
-0.18431980331292544 0.00875228773312753 -14.00252725600022
-0.08455904321699954 0.002929230223797554 -13.463968515384828
0.016451955232541768 0.005664143752549878 -12.925409774769435
-0.04757994152606078 0.009050106595098676 -12.386851034154041
-0.20412763032600523 0.017687704408381404 -11.848292293538648
-0.2943183092568799 0.015567359117785534 -11.309733552923255
-0.140552766207027 0.005863746180439996 -10.771174812307862
-0.0055725639659136295 0.0023713091894690193 -10.232616071692469
0.0166214734964775 0.008978899859429111 -9.694057331077076
-0.06149652928595846 0.017975322195967577 -9.155498590461683
-0.17433681624028532 0.017065757041278332 -8.61693984984629
-0.12640876272982307 0.007674145180032698 -8.078381109230897
-0.09128656815785767 0.003833773861387304 -7.5398223686155035
0.05055726346656016 0.004321339003036103 -7.00126362800011
-0.0029172016329885174 0.01011946891829802 -6.462704887384717
-0.06980511514254552 0.012741179766678393 -5.924146146769324
-0.20452335816718817 0.014362432869209001 -5.385587406153931
-0.09751819057087757 0.0045010762506538715 -4.847028665538538
0.005243493711188348 0.0024628016619751398 -4.308469924923145
0.06503012588143073 0.00903389080368002 -3.7699111843077517
0.004890595864910762 0.016966473977181585 -3.2313524436923586
-0.08802782793616797 0.01816490982565844 -2.6927937030769655
-0.1034849379454673 0.008143179819713721 -2.1542349624615724
-0.040107379992136566 0.003028280498993616 -1.6156762218461793
0.06730803407472662 0.0035720586826017173 -1.0771174812307862
0.09119433677670827 0.012261849518521665 -0.5385587406153931
-0.0 0.010169598670329452 0.0
-0.09119433677670827 0.012261849518521665 0.5385587406153931
-0.06730803407472662 0.0035720586826017173 1.0771174812307862
0.040107379992136566 0.003028280498993616 1.6156762218461793
0.1034849379454673 0.008143179819713721 2.1542349624615724
0.08802782793616797 0.01816490982565844 2.6927937030769655
-0.004890595864910762 0.016966473977181585 3.2313524436923586
-0.06503012588143073 0.00903389080368002 3.7699111843077517
-0.005243493711188348 0.0024628016619751398 4.308469924923145
0.09751819057087757 0.0045010762506538715 4.847028665538538
0.20452335816718817 0.014362432869209001 5.385587406153931
0.06980511514254552 0.012741179766678393 5.924146146769324
0.0029172016329885174 0.01011946891829802 6.462704887384717
-0.05055726346656016 0.004321339003036103 7.00126362800011
0.09128656815785767 0.003833773861387304 7.5398223686155035
0.12640876272982307 0.007674145180032698 8.078381109230897
0.17433681624028532 0.017065757041278332 8.61693984984629
0.06149652928595846 0.017975322195967577 9.155498590461683
-0.0166214734964775 0.008978899859429111 9.694057331077076
0.0055725639659136295 0.0023713091894690193 10.232616071692469
0.140552766207027 0.005863746180439996 10.771174812307862
0.2943183092568799 0.015567359117785534 11.309733552923255
0.20412763032600523 0.017687704408381404 11.848292293538648
0.04757994152606078 0.009050106595098676 12.386851034154041
-0.016451955232541768 0.005664143752549878 12.925409774769435
0.08455904321699954 0.002929230223797554 13.463968515384828
0.18431980331292544 0.00875228773312753 14.00252725600022
0.203647622735753 0.012858664424878392 14.541085996615614
0.14138341399414617 0.017588840432913606 15.079644737231007
0.009767710808865054 0.00801375046584095 15.6182034778464
0.017803370556482605 0.0025392598708877424 16.156762218461793
0.17508273673760033 0.005999614353835257 16.695320959077186
0.33002903282833784 0.014886377862108884 17.23387969969258
0.3315415479614571 0.01951344017708012 17.772438440307972
0.10370899064686691 0.010829733962453415 18.310997180923366
0.022021499724328458 0.004713595338028154 18.84955592153876
cvdrift0 gbdrift0 tgrid
0.025356428427182724 0.025356428427182724 -18.84955592153876
-0.01978812890292064 -0.01978812890292064 -18.310997180923366
-0.02139877603838908 -0.02139877603838908 -17.772438440307972
0.02026340000215065 0.02026340000215065 -17.23387969969258
0.028148824684242648 0.028148824684242648 -16.695320959077186
-0.019607018650723434 -0.019607018650723434 -16.156762218461793
-0.024697805488745454 -0.024697805488745454 -15.6182034778464
0.013714252570789929 0.013714252570789929 -15.079644737231007
0.016856598315150836 0.016856598315150836 -14.541085996615614
-0.0246095663398462 -0.0246095663398462 -14.00252725600022
-0.00760123489230466 -0.00760123489230466 -13.463968515384828
0.02118892334203519 0.02118892334203519 -12.925409774769435
0.006967786807124415 0.006967786807124415 -12.386851034154041
-0.02432683906710038 -0.02432683906710038 -11.848292293538648
0.006536798753277249 0.006536798753277249 -11.309733552923255
0.03322614977137726 0.03322614977137726 -10.771174812307862
-0.001593276560062988 -0.001593276560062988 -10.232616071692469
-0.03517629748576528 -0.03517629748576528 -9.694057331077076
-0.000761289302941172 -0.000761289302941172 -9.155498590461683
0.02569149540394258 0.02569149540394258 -8.61693984984629
-0.008832455699124603 -0.008832455699124603 -8.078381109230897
-0.022662707540245165 -0.022662707540245165 -7.5398223686155035
0.005322523750662644 0.005322523750662644 -7.00126362800011
0.023649007178999263 0.023649007178999263 -6.462704887384717
-0.017750515336901838 -0.017750515336901838 -5.924146146769324
-0.00797168546784462 -0.00797168546784462 -5.385587406153931
0.022348652001362056 0.022348652001362056 -4.847028665538538
0.016347923176523164 0.016347923176523164 -4.308469924923145
-0.0305648579626498 -0.0305648579626498 -3.7699111843077517
-0.012996100197926476 -0.012996100197926476 -3.2313524436923586
0.024561572734291083 0.024561572734291083 -2.6927937030769655
0.016108000451691303 0.016108000451691303 -2.1542349624615724
-0.02804016783804611 -0.02804016783804611 -1.6156762218461793
-0.00866277602665308 -0.00866277602665308 -1.0771174812307862
0.02094121650461528 0.02094121650461528 -0.5385587406153931
0.0 0.0 0.0
-0.02094121650461528 -0.02094121650461528 0.5385587406153931
0.00866277602665308 0.00866277602665308 1.0771174812307862
0.02804016783804611 0.02804016783804611 1.6156762218461793
-0.016108000451691303 -0.016108000451691303 2.1542349624615724
-0.024561572734291083 -0.024561572734291083 2.6927937030769655
0.012996100197926476 0.012996100197926476 3.2313524436923586
0.0305648579626498 0.0305648579626498 3.7699111843077517
-0.016347923176523164 -0.016347923176523164 4.308469924923145
-0.022348652001362056 -0.022348652001362056 4.847028665538538
0.00797168546784462 0.00797168546784462 5.385587406153931
0.017750515336901838 0.017750515336901838 5.924146146769324
-0.023649007178999263 -0.023649007178999263 6.462704887384717
-0.005322523750662644 -0.005322523750662644 7.00126362800011
0.022662707540245165 0.022662707540245165 7.5398223686155035
0.008832455699124603 0.008832455699124603 8.078381109230897
-0.02569149540394258 -0.02569149540394258 8.61693984984629
0.000761289302941172 0.000761289302941172 9.155498590461683
0.03517629748576528 0.03517629748576528 9.694057331077076
0.001593276560062988 0.001593276560062988 10.232616071692469
-0.03322614977137726 -0.03322614977137726 10.771174812307862
-0.006536798753277249 -0.006536798753277249 11.309733552923255
0.02432683906710038 0.02432683906710038 11.848292293538648
-0.006967786807124415 -0.006967786807124415 12.386851034154041
-0.02118892334203519 -0.02118892334203519 12.925409774769435
0.00760123489230466 0.00760123489230466 13.463968515384828
0.0246095663398462 0.0246095663398462 14.00252725600022
-0.016856598315150836 -0.016856598315150836 14.541085996615614
-0.013714252570789929 -0.013714252570789929 15.079644737231007
0.024697805488745454 0.024697805488745454 15.6182034778464
0.019607018650723434 0.019607018650723434 16.156762218461793
-0.028148824684242648 -0.028148824684242648 16.695320959077186
-0.02026340000215065 -0.02026340000215065 17.23387969969258
0.02139877603838908 0.02139877603838908 17.772438440307972
0.01978812890292064 0.01978812890292064 18.310997180923366
-0.025356428427182724 -0.025356428427182724 18.84955592153876
Rplot Rprime tgrid
0.0 0.0 -18.84955592153876
0.0 0.0 -18.310997180923366
0.0 0.0 -17.772438440307972
0.0 0.0 -17.23387969969258
0.0 0.0 -16.695320959077186
0.0 0.0 -16.156762218461793
0.0 0.0 -15.6182034778464
0.0 0.0 -15.079644737231007
0.0 0.0 -14.541085996615614
0.0 0.0 -14.00252725600022
0.0 0.0 -13.463968515384828
0.0 0.0 -12.925409774769435
0.0 0.0 -12.386851034154041
0.0 0.0 -11.848292293538648
0.0 0.0 -11.309733552923255
0.0 0.0 -10.771174812307862
0.0 0.0 -10.232616071692469
0.0 0.0 -9.694057331077076
0.0 0.0 -9.155498590461683
0.0 0.0 -8.61693984984629
0.0 0.0 -8.078381109230897
0.0 0.0 -7.5398223686155035
0.0 0.0 -7.00126362800011
0.0 0.0 -6.462704887384717
0.0 0.0 -5.924146146769324
0.0 0.0 -5.385587406153931
0.0 0.0 -4.847028665538538
0.0 0.0 -4.308469924923145
0.0 0.0 -3.7699111843077517
0.0 0.0 -3.2313524436923586
0.0 0.0 -2.6927937030769655
0.0 0.0 -2.1542349624615724
0.0 0.0 -1.6156762218461793
0.0 0.0 -1.0771174812307862
0.0 0.0 -0.5385587406153931
0.0 0.0 0.0
0.0 0.0 0.5385587406153931
0.0 0.0 1.0771174812307862
0.0 0.0 1.6156762218461793
0.0 0.0 2.1542349624615724
0.0 0.0 2.6927937030769655
0.0 0.0 3.2313524436923586
0.0 0.0 3.7699111843077517
0.0 0.0 4.308469924923145
0.0 0.0 4.847028665538538
0.0 0.0 5.385587406153931
0.0 0.0 5.924146146769324
0.0 0.0 6.462704887384717
0.0 0.0 7.00126362800011
0.0 0.0 7.5398223686155035
0.0 0.0 8.078381109230897
0.0 0.0 8.61693984984629
0.0 0.0 9.155498590461683
0.0 0.0 9.694057331077076
0.0 0.0 10.232616071692469
0.0 0.0 10.771174812307862
0.0 0.0 11.309733552923255
0.0 0.0 11.848292293538648
0.0 0.0 12.386851034154041
0.0 0.0 12.925409774769435
0.0 0.0 13.463968515384828
0.0 0.0 14.00252725600022
0.0 0.0 14.541085996615614
0.0 0.0 15.079644737231007
0.0 0.0 15.6182034778464
0.0 0.0 16.156762218461793
0.0 0.0 16.695320959077186
0.0 0.0 17.23387969969258
0.0 0.0 17.772438440307972
0.0 0.0 18.310997180923366
0.0 0.0 18.84955592153876
Zplot Rprime tgrid
0.0 0.0 -18.84955592153876
0.0 0.0 -18.310997180923366
0.0 0.0 -17.772438440307972
0.0 0.0 -17.23387969969258
0.0 0.0 -16.695320959077186
0.0 0.0 -16.156762218461793
0.0 0.0 -15.6182034778464
0.0 0.0 -15.079644737231007
0.0 0.0 -14.541085996615614
0.0 0.0 -14.00252725600022
0.0 0.0 -13.463968515384828
0.0 0.0 -12.925409774769435
0.0 0.0 -12.386851034154041
0.0 0.0 -11.848292293538648
0.0 0.0 -11.309733552923255
0.0 0.0 -10.771174812307862
0.0 0.0 -10.232616071692469
0.0 0.0 -9.694057331077076
0.0 0.0 -9.155498590461683
0.0 0.0 -8.61693984984629
0.0 0.0 -8.078381109230897
0.0 0.0 -7.5398223686155035
0.0 0.0 -7.00126362800011
0.0 0.0 -6.462704887384717
0.0 0.0 -5.924146146769324
0.0 0.0 -5.385587406153931
0.0 0.0 -4.847028665538538
0.0 0.0 -4.308469924923145
0.0 0.0 -3.7699111843077517
0.0 0.0 -3.2313524436923586
0.0 0.0 -2.6927937030769655
0.0 0.0 -2.1542349624615724
0.0 0.0 -1.6156762218461793
0.0 0.0 -1.0771174812307862
0.0 0.0 -0.5385587406153931
0.0 0.0 0.0
0.0 0.0 0.5385587406153931
0.0 0.0 1.0771174812307862
0.0 0.0 1.6156762218461793
0.0 0.0 2.1542349624615724
0.0 0.0 2.6927937030769655
0.0 0.0 3.2313524436923586
0.0 0.0 3.7699111843077517
0.0 0.0 4.308469924923145
0.0 0.0 4.847028665538538
0.0 0.0 5.385587406153931
0.0 0.0 5.924146146769324
0.0 0.0 6.462704887384717
0.0 0.0 7.00126362800011
0.0 0.0 7.5398223686155035
0.0 0.0 8.078381109230897
0.0 0.0 8.61693984984629
0.0 0.0 9.155498590461683
0.0 0.0 9.694057331077076
0.0 0.0 10.232616071692469
0.0 0.0 10.771174812307862
0.0 0.0 11.309733552923255
0.0 0.0 11.848292293538648
0.0 0.0 12.386851034154041
0.0 0.0 12.925409774769435
0.0 0.0 13.463968515384828
0.0 0.0 14.00252725600022
0.0 0.0 14.541085996615614
0.0 0.0 15.079644737231007
0.0 0.0 15.6182034778464
0.0 0.0 16.156762218461793
0.0 0.0 16.695320959077186
0.0 0.0 17.23387969969258
0.0 0.0 17.772438440307972
0.0 0.0 18.310997180923366
0.0 0.0 18.84955592153876
aplot Rprime tgrid
0.0 0.0 -18.84955592153876
0.0 0.0 -18.310997180923366
0.0 0.0 -17.772438440307972
0.0 0.0 -17.23387969969258
0.0 0.0 -16.695320959077186
0.0 0.0 -16.156762218461793
0.0 0.0 -15.6182034778464
0.0 0.0 -15.079644737231007
0.0 0.0 -14.541085996615614
0.0 0.0 -14.00252725600022
0.0 0.0 -13.463968515384828
0.0 0.0 -12.925409774769435
0.0 0.0 -12.386851034154041
0.0 0.0 -11.848292293538648
0.0 0.0 -11.309733552923255
0.0 0.0 -10.771174812307862
0.0 0.0 -10.232616071692469
0.0 0.0 -9.694057331077076
0.0 0.0 -9.155498590461683
0.0 0.0 -8.61693984984629
0.0 0.0 -8.078381109230897
0.0 0.0 -7.5398223686155035
0.0 0.0 -7.00126362800011
0.0 0.0 -6.462704887384717
0.0 0.0 -5.924146146769324
0.0 0.0 -5.385587406153931
0.0 0.0 -4.847028665538538
0.0 0.0 -4.308469924923145
0.0 0.0 -3.7699111843077517
0.0 0.0 -3.2313524436923586
0.0 0.0 -2.6927937030769655
0.0 0.0 -2.1542349624615724
0.0 0.0 -1.6156762218461793
0.0 0.0 -1.0771174812307862
0.0 0.0 -0.5385587406153931
0.0 0.0 0.0
0.0 0.0 0.5385587406153931
0.0 0.0 1.0771174812307862
0.0 0.0 1.6156762218461793
0.0 0.0 2.1542349624615724
0.0 0.0 2.6927937030769655
0.0 0.0 3.2313524436923586
0.0 0.0 3.7699111843077517
0.0 0.0 4.308469924923145
0.0 0.0 4.847028665538538
0.0 0.0 5.385587406153931
0.0 0.0 5.924146146769324
0.0 0.0 6.462704887384717
0.0 0.0 7.00126362800011
0.0 0.0 7.5398223686155035
0.0 0.0 8.078381109230897
0.0 0.0 8.61693984984629
0.0 0.0 9.155498590461683
0.0 0.0 9.694057331077076
0.0 0.0 10.232616071692469
0.0 0.0 10.771174812307862
0.0 0.0 11.309733552923255
0.0 0.0 11.848292293538648
0.0 0.0 12.386851034154041
0.0 0.0 12.925409774769435
0.0 0.0 13.463968515384828
0.0 0.0 14.00252725600022
0.0 0.0 14.541085996615614
0.0 0.0 15.079644737231007
0.0 0.0 15.6182034778464
0.0 0.0 16.156762218461793
0.0 0.0 16.695320959077186
0.0 0.0 17.23387969969258
0.0 0.0 17.772438440307972
0.0 0.0 18.310997180923366
0.0 0.0 18.84955592153876