Running /m100/home/userexternal/rjorge00/some_optimizations/GX_SIMSOPT/output_MAXITER150_dual_annealing_nfp2_QA_QA_nonlinear/gxRun_wout_nfp2_QA_000_000324 
Version: ce7d4fe-dirty 	 Compiled: Fri Nov 18 18:13:44 CET 2022 
[35mUsing hypercollisions.
Using hyperdiffusion.
[0mREADING NC GEO
set_jtwist_x0: shat_in = 0.076533
Warning: shat was set so small that it was giving jtwist=0
Setting x0=y0 and zero_shat=true
Using no magnetic shear because zero_shat = true. Setting boundary_option='periodic' 
jtwist = 0, x0 = 12.000000
[34m[0mGPU type: Tesla V100-SXM2-16GB
GPU-f2334ff0-312f-dbfe-52fe-f7dc38948a6
GPU memory usage: used = 1041.125000 MB (6.455388 %), free = 15086.875000 MB (93.544612 %)
/m100/home/userexternal/rjorge00/some_optimizations/GX_SIMSOPT/output_MAXITER150_dual_annealing_nfp2_QA_QA_nonlinear/gxRun_wout_nfp2_QA_000_000324: Step 0: Time = 0.000000 	Heat flux = -4.339166e-19 	 Particle flux = 0.000000e+00 	 
ky	kx		omega		gamma
0.0000	-1.3333		4.722148	11.507483
0.0000	-1.2500		-3.397330	4.712826
0.0000	-1.1667		0.069855	1.039601
0.0000	-1.0833		3.483548	-1.143835
0.0000	-1.0000		-3.081335	-2.397977
0.0000	-0.9167		2.915611	-1.375334
0.0000	-0.8333		-0.181248	-6.401078
0.0000	-0.7500		3.728407	0.237770
0.0000	-0.6667		0.286363	-0.703671
0.0000	-0.5833		1.689030	0.232493
0.0000	-0.5000		0.632322	0.941884
0.0000	-0.4167		1.248140	1.166943
0.0000	-0.3333		-0.285465	-0.152507
0.0000	-0.2500		1.092395	0.817100
0.0000	-0.1667		1.539517	-4.805814
0.0000	-0.0833		1.231149	1.613939
0.0000	0.0000
0.0000	0.0833		-1.238108	1.611985
0.0000	0.1667		-1.518085	-4.804123
0.0000	0.2500		-1.099358	0.815545
0.0000	0.3333		0.287983	-0.151622
0.0000	0.4167		-1.240791	1.174664
0.0000	0.5000		-0.630673	0.930615
0.0000	0.5833		-1.684999	0.227854
0.0000	0.6667		-0.288806	-0.709761
0.0000	0.7500		-3.718205	0.250562
0.0000	0.8333		0.241378	-6.344179
0.0000	0.9167		-2.954725	-1.422656
0.0000	1.0000		3.015637	-2.133943
0.0000	1.0833		-3.492788	-1.157041
0.0000	1.1667		-0.072768	1.065107
0.0000	1.2500		3.423056	4.748553
0.0000	1.3333		-4.742260	11.487650

0.0833	-1.3333		-0.401727	-0.884916
0.0833	-1.2500		0.575180	1.499792
0.0833	-1.1667		-0.816736	0.933581
0.0833	-1.0833		0.041914	0.640204
0.0833	-1.0000		-0.768365	0.252593
0.0833	-0.9167		1.261793	-0.318433
0.0833	-0.8333		0.048033	0.297302
0.0833	-0.7500		0.050638	-1.717672
0.0833	-0.6667		1.922365	0.063696
0.0833	-0.5833		1.755782	-1.296940
0.0833	-0.5000		-0.857203	-5.050946
0.0833	-0.4167		3.574908	-1.006830
0.0833	-0.3333		0.552053	-3.339564
0.0833	-0.2500		-0.182530	-0.119080
0.0833	-0.1667		0.230781	0.613571
0.0833	-0.0833		3.919262	3.487988
0.0833	0.0000		-16.727949	1.898695
0.0833	0.0833		-0.614077	0.419364
0.0833	0.1667		11.269058	7.380409
0.0833	0.2500		-0.034038	-2.557500
0.0833	0.3333		-0.428823	0.236292
0.0833	0.4167		-0.841670	-0.338713
0.0833	0.5000		-1.718094	-0.287672
0.0833	0.5833		-1.637161	-1.647953
0.0833	0.6667		-5.556412	5.367177
0.0833	0.7500		-3.121534	0.127253
0.0833	0.8333		-0.041513	-2.284754
0.0833	0.9167		0.630154	-0.029736
0.0833	1.0000		0.640507	-0.808796
0.0833	1.0833		3.716145	2.608890
0.0833	1.1667		0.120579	5.554957
0.0833	1.2500		1.827934	1.001974
0.0833	1.3333		0.056983	-2.009587

0.1667	-1.3333		-6.535610	2.929035
0.1667	-1.2500		0.684989	0.278563
0.1667	-1.1667		-1.153317	-0.901998
0.1667	-1.0833		0.294426	0.540907
0.1667	-1.0000		0.625587	1.999327
0.1667	-0.9167		3.612753	2.609619
0.1667	-0.8333		5.582420	15.967808
0.1667	-0.7500		3.607757	-1.589123
0.1667	-0.6667		-2.521720	1.855048
0.1667	-0.5833		1.996176	1.154994
0.1667	-0.5000		-4.989296	-2.830199
0.1667	-0.4167		-1.061711	-0.093826
0.1667	-0.3333		-0.319634	0.669904
0.1667	-0.2500		-0.710339	-2.522446
0.1667	-0.1667		-1.810284	3.225304
0.1667	-0.0833		-0.247207	2.678867
0.1667	0.0000		-3.766729	3.298704
0.1667	0.0833		-2.771983	-0.217559
0.1667	0.1667		2.542743	0.547588
0.1667	0.2500		1.239490	-1.325696
0.1667	0.3333		3.637416	-1.222152
0.1667	0.4167		-0.258152	0.107591
0.1667	0.5000		2.450823	-0.815748
0.1667	0.5833		-0.735457	0.722859
0.1667	0.6667		-1.974047	-0.109914
0.1667	0.7500		0.943274	-2.270878
0.1667	0.8333		5.462736	-0.569253
0.1667	0.9167		-0.590552	1.250083
0.1667	1.0000		-0.330256	0.989993
0.1667	1.0833		-1.344729	-0.384321
0.1667	1.1667		-0.672801	-1.088240
0.1667	1.2500		-0.117441	1.147520
0.1667	1.3333		-2.778749	1.855434

0.2500	-1.3333		2.080259	3.008034
0.2500	-1.2500		0.657367	3.109837
0.2500	-1.1667		-1.690732	0.375731
0.2500	-1.0833		-3.564929	7.499311
0.2500	-1.0000		-0.306637	1.869957
0.2500	-0.9167		1.323282	-3.612673
0.2500	-0.8333		1.600405	2.519941
0.2500	-0.7500		-1.043043	8.331527
0.2500	-0.6667		1.717647	0.362990
0.2500	-0.5833		1.210259	1.858750
0.2500	-0.5000		0.116186	0.546768
0.2500	-0.4167		4.506365	-5.570680
0.2500	-0.3333		1.903263	0.352773
0.2500	-0.2500		-2.149179	0.929633
0.2500	-0.1667		0.020956	-0.179632
0.2500	-0.0833		0.657358	0.065711
0.2500	0.0000		-2.593485	0.426438
0.2500	0.0833		-2.818312	-1.235249
0.2500	0.1667		0.106070	-1.147892
0.2500	0.2500		-0.261118	0.314811
0.2500	0.3333		2.225897	0.330284
0.2500	0.4167		-10.091109	4.585416
0.2500	0.5000		0.926567	0.192389
0.2500	0.5833		2.242016	0.535188
0.2500	0.6667		1.823140	-0.121775
0.2500	0.7500		14.423848	5.156316
0.2500	0.8333		0.271631	0.268751
0.2500	0.9167		-3.231685	-2.061692
0.2500	1.0000		-1.340140	-2.819059
0.2500	1.0833		1.354445	1.128115
0.2500	1.1667		-0.077630	0.667713
0.2500	1.2500		1.621359	-1.470510
0.2500	1.3333		0.807444	6.639437

0.3333	-1.3333		-0.559471	-2.237517
0.3333	-1.2500		1.070842	7.613825
0.3333	-1.1667		-1.412707	1.909106
0.3333	-1.0833		2.867949	5.976154
0.3333	-1.0000		2.637387	-0.333677
0.3333	-0.9167		-13.933765	7.983043
0.3333	-0.8333		-1.387064	2.409418
0.3333	-0.7500		-2.693841	-1.429217
0.3333	-0.6667		10.498874	-0.403362
0.3333	-0.5833		-1.330223	-1.776649
0.3333	-0.5000		1.086624	-1.376256
0.3333	-0.4167		-0.649026	3.833466
0.3333	-0.3333		-1.820441	-1.773523
0.3333	-0.2500		-0.655057	-0.448832
0.3333	-0.1667		3.192876	-2.936722
0.3333	-0.0833		-3.734875	15.798215
0.3333	0.0000		0.090408	1.808787
0.3333	0.0833		-14.168955	-33.837826
0.3333	0.1667		-0.155034	1.863205
0.3333	0.2500		0.539492	0.583493
0.3333	0.3333		0.035336	2.855359
0.3333	0.4167		1.524686	-1.330959
0.3333	0.5000		-0.156213	1.098246
0.3333	0.5833		-0.637412	0.086795
0.3333	0.6667		-0.950369	-1.301757
0.3333	0.7500		3.729396	4.477626
0.3333	0.8333		0.321567	-0.972523
0.3333	0.9167		-1.032991	-2.863508
0.3333	1.0000		1.748548	-0.729768
0.3333	1.0833		0.690982	-0.818537
0.3333	1.1667		0.971673	-2.735148
0.3333	1.2500		1.524638	0.377763
0.3333	1.3333		2.238864	-0.255443

0.4167	-1.3333		-2.320440	1.547950
0.4167	-1.2500		-0.998224	-0.450048
0.4167	-1.1667		-11.803543	7.158530
0.4167	-1.0833		3.044351	1.170762
0.4167	-1.0000		2.723635	2.172643
0.4167	-0.9167		1.754347	3.036157
0.4167	-0.8333		-0.038777	3.800947
0.4167	-0.7500		-2.692837	2.564331
0.4167	-0.6667		-0.173420	-0.056256
0.4167	-0.5833		-1.939321	2.450775
0.4167	-0.5000		2.594174	0.480618
0.4167	-0.4167		-0.001343	-0.347974
0.4167	-0.3333		2.021564	-2.036766
0.4167	-0.2500		1.194162	0.186823
0.4167	-0.1667		-7.798083	-12.549164
0.4167	-0.0833		-2.088262	3.335291
0.4167	0.0000		-2.215758	1.551394
0.4167	0.0833		-2.412298	1.258838
0.4167	0.1667		-11.689451	9.623016
0.4167	0.2500		0.294032	-1.950280
0.4167	0.3333		-2.102767	3.224336
0.4167	0.4167		-21.900961	4.521574
0.4167	0.5000		-2.825643	1.836171
0.4167	0.5833		1.636354	-1.327675
0.4167	0.6667		-1.822940	-1.786060
0.4167	0.7500		2.069241	-3.932579
0.4167	0.8333		2.659578	-2.607340
0.4167	0.9167		0.947349	0.610928
0.4167	1.0000		2.441630	2.227819
0.4167	1.0833		0.229557	1.190528
0.4167	1.1667		-4.640072	1.433962
0.4167	1.2500		-0.769590	-4.773545
0.4167	1.3333		-1.096170	-1.572243

0.5000	-1.3333		-5.890701	-1.193402
0.5000	-1.2500		-0.076973	-6.260186
0.5000	-1.1667		1.244344	-0.019022
0.5000	-1.0833		-0.465467	2.798503
0.5000	-1.0000		5.632670	1.734648
0.5000	-0.9167		0.718830	3.418723
0.5000	-0.8333		-0.010109	1.858038
0.5000	-0.7500		0.603884	0.454268
0.5000	-0.6667		2.673231	-0.037890
0.5000	-0.5833		-5.418696	-0.647433
0.5000	-0.5000		-12.037534	-7.721666
0.5000	-0.4167		0.420751	-0.318907
0.5000	-0.3333		-0.698312	-1.589092
0.5000	-0.2500		-1.579242	-3.389777
0.5000	-0.1667		1.776984	2.361724
0.5000	-0.0833		-0.251989	1.501585
0.5000	0.0000		-2.863328	-1.232930
0.5000	0.0833		-1.533186	2.863569
0.5000	0.1667		-2.905984	0.132471
0.5000	0.2500		0.355807	3.915613
0.5000	0.3333		1.899955	2.037023
0.5000	0.4167		1.419128	0.402850
0.5000	0.5000		0.104142	-0.475015
0.5000	0.5833		1.349946	1.247286
0.5000	0.6667		-1.010907	0.058846
0.5000	0.7500		-0.599932	-0.352342
0.5000	0.8333		1.833968	-1.714402
0.5000	0.9167		0.475733	0.207874
0.5000	1.0000		-1.166512	-1.194251
0.5000	1.0833		0.763104	-0.491355
0.5000	1.1667		0.069614	-3.104940
0.5000	1.2500		1.452299	0.025999
0.5000	1.3333		-9.707126	0.422193

0.5833	-1.3333		-4.625351	5.377301
0.5833	-1.2500		-1.449933	-0.425704
0.5833	-1.1667		0.677891	-0.319515
0.5833	-1.0833		-0.766343	-1.542118
0.5833	-1.0000		1.332281	3.504530
0.5833	-0.9167		1.094227	3.577006
0.5833	-0.8333		-0.865645	2.668115
0.5833	-0.7500		-2.398292	1.569590
0.5833	-0.6667		0.076904	1.712277
0.5833	-0.5833		-0.355845	2.849676
0.5833	-0.5000		-0.810313	1.652109
0.5833	-0.4167		4.073820	1.721579
0.5833	-0.3333		1.141845	-1.046170
0.5833	-0.2500		0.028859	0.912619
0.5833	-0.1667		-0.540056	-2.938949
0.5833	-0.0833		-0.676640	0.028980
0.5833	0.0000		-0.746520	-1.590700
0.5833	0.0833		-1.068619	0.659313
0.5833	0.1667		-2.366611	-2.033478
0.5833	0.2500		-0.699910	0.689277
0.5833	0.3333		-1.521267	1.691652
0.5833	0.4167		0.246277	0.141511
0.5833	0.5000		-4.227322	-3.462134
0.5833	0.5833		1.735747	-1.503277
0.5833	0.6667		0.103046	0.051817
0.5833	0.7500		0.128204	0.971040
0.5833	0.8333		1.774799	0.110713
0.5833	0.9167		2.283843	0.575932
0.5833	1.0000		0.580607	2.322678
0.5833	1.0833		1.138612	-0.869137
0.5833	1.1667		0.701906	0.138964
0.5833	1.2500		-0.062689	-0.146725
0.5833	1.3333		1.098116	-0.429734

0.6667	-1.3333		-3.642597	3.593599
0.6667	-1.2500		-2.354768	5.160547
0.6667	-1.1667		-3.699225	-2.850432
0.6667	-1.0833		-0.469385	3.871832
0.6667	-1.0000		-4.530261	3.034500
0.6667	-0.9167		-0.371547	2.812522
0.6667	-0.8333		-20.835148	-25.162388
0.6667	-0.7500		6.483135	-7.653753
0.6667	-0.6667		-2.353223	-4.382235
0.6667	-0.5833		0.220032	0.633955
0.6667	-0.5000		1.321648	2.114179
0.6667	-0.4167		1.602244	1.178356
0.6667	-0.3333		1.138746	4.382639
0.6667	-0.2500		2.156069	2.881788
0.6667	-0.1667		-0.072149	0.424571
0.6667	-0.0833		-0.788379	1.310718
0.6667	0.0000		-2.797249	-0.650292
0.6667	0.0833		-2.235364	3.125265
0.6667	0.1667		10.802708	-5.192641
0.6667	0.2500		-2.124915	0.220174
0.6667	0.3333		0.024307	0.759689
0.6667	0.4167		4.578524	-0.796795
0.6667	0.5000		1.484441	-0.164433
0.6667	0.5833		-1.829960	-0.045550
0.6667	0.6667		1.818749	12.901497
0.6667	0.7500		1.348234	2.062177
0.6667	0.8333		0.591261	7.439634
0.6667	0.9167		0.517820	-1.077894
0.6667	1.0000		1.417602	0.336623
0.6667	1.0833		1.065599	0.499848
0.6667	1.1667		-1.384774	-1.384350
0.6667	1.2500		-0.442307	-1.725875
0.6667	1.3333		-0.295928	0.875596

0.7500	-1.3333		-1.486019	-0.365910
0.7500	-1.2500		-5.516407	-3.205443
0.7500	-1.1667		-0.702482	4.138535
0.7500	-1.0833		-1.541810	-0.823381
0.7500	-1.0000		-8.681081	6.018591
0.7500	-0.9167		-0.065226	0.232021
0.7500	-0.8333		-0.045229	-4.487546
0.7500	-0.7500		-2.351616	1.113345
0.7500	-0.6667		-6.686778	12.346992
0.7500	-0.5833		-2.908320	-0.345955
0.7500	-0.5000		-2.248872	-1.124515
0.7500	-0.4167		-0.470812	0.416696
0.7500	-0.3333		0.193313	2.264348
0.7500	-0.2500		-6.726441	2.275326
0.7500	-0.1667		-1.176392	0.714199
0.7500	-0.0833		-2.416686	-0.400220
0.7500	0.0000		-1.920054	-0.836645
0.7500	0.0833		-0.783212	-0.111210
0.7500	0.1667		-2.640177	1.590942
0.7500	0.2500		-1.385155	1.760375
0.7500	0.3333		5.519671	2.176560
0.7500	0.4167		-0.282940	1.078429
0.7500	0.5000		-1.036824	-0.736118
0.7500	0.5833		0.192394	0.505546
0.7500	0.6667		1.383607	0.900592
0.7500	0.7500		-0.134471	-0.399447
0.7500	0.8333		-1.953483	0.261195
0.7500	0.9167		0.928119	0.059381
0.7500	1.0000		0.672527	-0.033406
0.7500	1.0833		2.268884	0.379936
0.7500	1.1667		-0.879438	-0.255453
0.7500	1.2500		-2.111192	-0.728457
0.7500	1.3333		0.111100	-0.193917

0.8333	-1.3333		-1.360030	-0.746856
0.8333	-1.2500		2.424488	-3.520546
0.8333	-1.1667		-1.289279	3.902770
0.8333	-1.0833		-5.306733	2.292269
0.8333	-1.0000		0.068719	2.023510
0.8333	-0.9167		2.055402	1.638524
0.8333	-0.8333		1.760814	-0.053633
0.8333	-0.7500		-3.547473	7.501182
0.8333	-0.6667		3.385693	1.337711
0.8333	-0.5833		0.375907	0.136067
0.8333	-0.5000		0.868311	0.091912
0.8333	-0.4167		-1.222503	-3.048793
0.8333	-0.3333		0.235629	0.731254
0.8333	-0.2500		1.066056	0.517888
0.8333	-0.1667		-1.811249	2.111966
0.8333	-0.0833		1.126050	2.577699
0.8333	0.0000		-0.460134	-0.589140
0.8333	0.0833		-0.346391	-1.442103
0.8333	0.1667		6.644579	4.861430
0.8333	0.2500		0.315057	1.152912
0.8333	0.3333		1.781520	1.122456
0.8333	0.4167		0.545349	-2.003731
0.8333	0.5000		-0.154648	0.611338
0.8333	0.5833		-0.531681	0.506858
0.8333	0.6667		0.101746	-0.157673
0.8333	0.7500		-2.448305	0.021661
0.8333	0.8333		0.434115	-2.511180
0.8333	0.9167		0.873155	-0.477406
0.8333	1.0000		0.785203	-0.101427
0.8333	1.0833		-0.432079	-1.039333
0.8333	1.1667		2.668614	5.311302
0.8333	1.2500		1.708184	-1.721120
0.8333	1.3333		-4.609435	1.558607

0.9167	-1.3333		-5.370113	4.338994
0.9167	-1.2500		-6.907150	4.170066
0.9167	-1.1667		-4.117383	-5.111687
0.9167	-1.0833		-1.574133	-1.991042
0.9167	-1.0000		15.561033	1.173437
0.9167	-0.9167		-4.247046	-0.135942
0.9167	-0.8333		-7.029950	-7.884352
0.9167	-0.7500		2.265395	0.545725
0.9167	-0.6667		-0.060907	0.286794
0.9167	-0.5833		-0.009803	1.012335
0.9167	-0.5000		-5.851968	1.544344
0.9167	-0.4167		0.550989	2.952704
0.9167	-0.3333		0.546410	1.098410
0.9167	-0.2500		-1.673056	2.020015
0.9167	-0.1667		-0.470816	1.772911
0.9167	-0.0833		-0.302899	-1.578561
0.9167	0.0000		-1.237631	1.925517
0.9167	0.0833		-7.050505	5.727441
0.9167	0.1667		-1.232323	-0.347181
0.9167	0.2500		-0.811547	-3.470967
0.9167	0.3333		-2.549189	0.918162
0.9167	0.4167		-0.931356	-0.303870
0.9167	0.5000		-1.814659	-1.302099
0.9167	0.5833		-0.937920	7.193579
0.9167	0.6667		3.098435	-0.807226
0.9167	0.7500		0.205520	-0.738090
0.9167	0.8333		0.126921	-0.327558
0.9167	0.9167		0.375001	1.435103
0.9167	1.0000		-0.894906	-1.551921
0.9167	1.0833		-1.821057	1.648504
0.9167	1.1667		3.182585	-0.380137
0.9167	1.2500		0.769995	-1.411130
0.9167	1.3333		3.078549	0.818963

1.0000	-1.3333		1.074479	7.441702
1.0000	-1.2500		-5.582588	5.962509
1.0000	-1.1667		0.085654	0.800277
1.0000	-1.0833		1.534031	0.637602
1.0000	-1.0000		0.825269	0.538283
1.0000	-0.9167		0.064733	19.353996
1.0000	-0.8333		-0.539651	-0.254588
1.0000	-0.7500		1.815766	-1.138702
1.0000	-0.6667		0.163818	0.693536
1.0000	-0.5833		0.758322	1.237652
1.0000	-0.5000		-0.238742	1.687274
1.0000	-0.4167		1.324210	3.439581
1.0000	-0.3333		-2.543242	-0.324592
1.0000	-0.2500		-1.480689	4.881238
1.0000	-0.1667		0.929576	0.165114
1.0000	-0.0833		-2.076735	-0.661179
1.0000	0.0000		-2.541919	1.147029
1.0000	0.0833		-0.772958	-1.315678
1.0000	0.1667		-0.466617	-0.372936
1.0000	0.2500		0.228733	1.076140
1.0000	0.3333		0.092396	1.095489
1.0000	0.4167		-0.127217	-0.869830
1.0000	0.5000		4.056097	1.001441
1.0000	0.5833		-0.843091	2.135361
1.0000	0.6667		0.233389	-1.266636
1.0000	0.7500		-0.576472	-0.427724
1.0000	0.8333		0.981621	2.175992
1.0000	0.9167		1.160828	-1.264357
1.0000	1.0000		2.755235	1.725672
1.0000	1.0833		-3.162726	4.279355
1.0000	1.1667		1.436367	-2.700002
1.0000	1.2500		0.997865	-1.008226
1.0000	1.3333		3.247177	-0.784752

1.0833	-1.3333		-1.081173	1.708367
1.0833	-1.2500		-2.590439	1.727747
1.0833	-1.1667		-0.449812	-0.577092
1.0833	-1.0833		0.102338	1.944627
1.0833	-1.0000		-1.147124	-0.387680
1.0833	-0.9167		-1.755373	0.841428
1.0833	-0.8333		0.089598	-0.360315
1.0833	-0.7500		1.809404	2.362939
1.0833	-0.6667		-0.278998	0.871728
1.0833	-0.5833		0.313676	-1.401149
1.0833	-0.5000		-4.433406	-4.551467
1.0833	-0.4167		1.098381	-1.382578
1.0833	-0.3333		-1.329984	-0.577380
1.0833	-0.2500		-0.858978	2.032552
1.0833	-0.1667		-1.992536	3.578457
1.0833	-0.0833		10.471040	3.452199
1.0833	0.0000		-0.503161	0.251076
1.0833	0.0833		-0.493645	-0.332008
1.0833	0.1667		-2.046736	0.062999
1.0833	0.2500		0.105246	2.610227
1.0833	0.3333		2.748229	0.359276
1.0833	0.4167		-9.726729	-0.660384
1.0833	0.5000		2.604481	-0.605037
1.0833	0.5833		2.378169	2.217709
1.0833	0.6667		1.233215	1.848702
1.0833	0.7500		3.362055	-6.109662
1.0833	0.8333		0.376060	-0.089022
1.0833	0.9167		-0.608850	0.115070
1.0833	1.0000		0.957206	1.360968
1.0833	1.0833		1.710081	-0.931298
1.0833	1.1667		-1.548051	-1.154298
1.0833	1.2500		-4.092785	2.347343
1.0833	1.3333		0.856377	0.725868

1.1667	-1.3333		-0.170420	-4.404970
1.1667	-1.2500		-2.616495	0.876394
1.1667	-1.1667		-2.577489	2.066890
1.1667	-1.0833		-0.769800	-0.568520
1.1667	-1.0000		-2.211840	1.562071
1.1667	-0.9167		-0.314908	1.486298
1.1667	-0.8333		-4.177886	3.021106
1.1667	-0.7500		-1.927831	-0.740516
1.1667	-0.6667		-1.023796	1.095304
1.1667	-0.5833		-2.448816	0.052351
1.1667	-0.5000		-2.582971	4.773075
1.1667	-0.4167		1.298624	0.506694
1.1667	-0.3333		-60.534592	68.027298
1.1667	-0.2500		-2.186727	0.105494
1.1667	-0.1667		0.731500	1.884621
1.1667	-0.0833		-2.246429	0.474506
1.1667	0.0000		-1.209562	1.108647
1.1667	0.0833		-1.513795	0.587387
1.1667	0.1667		-1.012923	0.429453
1.1667	0.2500		-5.512818	-11.913228
1.1667	0.3333		2.831544	-12.039734
1.1667	0.4167		1.927767	-0.122845
1.1667	0.5000		-1.074418	0.063511
1.1667	0.5833		0.066165	2.417709
1.1667	0.6667		-0.173428	0.953600
1.1667	0.7500		-2.274145	2.737340
1.1667	0.8333		-1.672908	3.462296
1.1667	0.9167		-1.169871	-0.218187
1.1667	1.0000		-2.876102	0.864324
1.1667	1.0833		-0.342218	-0.225578
1.1667	1.1667		-1.482644	0.358640
1.1667	1.2500		0.029481	1.079941
1.1667	1.3333		-0.139813	-1.328701

1.2500	-1.3333		0.296670	0.007517
1.2500	-1.2500		2.390833	2.479069
1.2500	-1.1667		3.873676	-2.200164
1.2500	-1.0833		-1.537652	-0.054034
1.2500	-1.0000		-1.075517	-0.790361
1.2500	-0.9167		-0.792390	0.579108
1.2500	-0.8333		-0.664775	0.262653
1.2500	-0.7500		1.607330	-0.949139
1.2500	-0.6667		0.558738	0.968443
1.2500	-0.5833		0.854542	0.828191
1.2500	-0.5000		10.666873	1.563457
1.2500	-0.4167		-1.402998	-0.533475
1.2500	-0.3333		-3.608762	0.749024
1.2500	-0.2500		-2.904369	-5.451785
1.2500	-0.1667		0.298394	-0.548161
1.2500	-0.0833		-3.180245	-0.861657
1.2500	0.0000		-1.148852	3.122357
1.2500	0.0833		-0.482841	0.509503
1.2500	0.1667		-0.637671	1.076855
1.2500	0.2500		-0.071490	6.060900
1.2500	0.3333		-0.110388	0.633094
1.2500	0.4167		-2.415634	2.796178
1.2500	0.5000		-0.434073	-0.458470
1.2500	0.5833		-3.758504	2.433746
1.2500	0.6667		3.511978	1.143965
1.2500	0.7500		-0.426732	-0.079323
1.2500	0.8333		-0.809109	-0.290174
1.2500	0.9167		-1.858804	0.075596
1.2500	1.0000		0.623328	-1.595971
1.2500	1.0833		-6.420692	10.925236
1.2500	1.1667		-4.738478	2.837866
1.2500	1.2500		-3.901831	2.338643
1.2500	1.3333		2.011255	-2.447051

1.3333	-1.3333		-3.244043	0.382973
1.3333	-1.2500		-1.400054	-4.604970
1.3333	-1.1667		-2.864110	3.572454
1.3333	-1.0833		-1.878717	-1.050452
1.3333	-1.0000		-0.683940	-0.704177
1.3333	-0.9167		1.236844	-0.751543
1.3333	-0.8333		-3.402193	0.648233
1.3333	-0.7500		-157.163681	49.779755
1.3333	-0.6667		4.164922	-13.492326
1.3333	-0.5833		-1.020226	0.898813
1.3333	-0.5000		-0.413521	0.152543
1.3333	-0.4167		-3.746719	6.649271
1.3333	-0.3333		2.369546	0.456688
1.3333	-0.2500		-0.309817	7.723678
1.3333	-0.1667		-2.032444	5.734860
1.3333	-0.0833		0.334768	1.810903
1.3333	0.0000		-5.588798	1.142127
1.3333	0.0833		2.174913	-2.836187
1.3333	0.1667		-3.496447	4.771934
1.3333	0.2500		-1.168304	0.740855
1.3333	0.3333		-1.887184	3.865417
1.3333	0.4167		0.282330	-0.137938
1.3333	0.5000		-1.583873	-1.619506
1.3333	0.5833		-2.202644	-3.931106
1.3333	0.6667		-3.707414	-5.057329
1.3333	0.7500		0.759913	-1.258454
1.3333	0.8333		-1.826749	0.974927
1.3333	0.9167		0.212188	1.880595
1.3333	1.0000		-0.969536	0.209435
1.3333	1.0833		-0.981119	-1.215743
1.3333	1.1667		-0.628909	0.335025
1.3333	1.2500		-1.484631	-0.712383
1.3333	1.3333		-1.692119	-2.765294

/m100/home/userexternal/rjorge00/some_optimizations/GX_SIMSOPT/output_MAXITER150_dual_annealing_nfp2_QA_QA_nonlinear/gxRun_wout_nfp2_QA_000_000324: Step 1000: Time = 6.033643 	Heat flux = 1.958746e+00 	 Particle flux = 0.000000e+00 	 
ky	kx		omega		gamma
0.0000	-1.3333		0.724294	9.004483
0.0000	-1.2500		-1.231279	2.434744
0.0000	-1.1667		-9.267173	-6.018866
0.0000	-1.0833		8.749949	-1.724872
0.0000	-1.0000		3.007616	0.417513
0.0000	-0.9167		1.689685	-2.577914
0.0000	-0.8333		-1.069523	-1.597397
0.0000	-0.7500		0.399065	0.296945
0.0000	-0.6667		0.751872	-1.189666
0.0000	-0.5833		-2.242838	-4.212117
0.0000	-0.5000		-0.507595	-1.749794
0.0000	-0.4167		-10.760795	4.441266
0.0000	-0.3333		0.541761	-0.103904
0.0000	-0.2500		-0.217054	-0.034323
0.0000	-0.1667		-0.599340	-1.085755
0.0000	-0.0833		0.235636	0.179879
0.0000	0.0000
0.0000	0.0833		-0.235981	0.179106
0.0000	0.1667		0.593595	-1.081026
0.0000	0.2500		0.221642	-0.033630
0.0000	0.3333		-0.523854	-0.100548
0.0000	0.4167		10.692573	4.538788
0.0000	0.5000		0.504850	-1.757217
0.0000	0.5833		2.247530	-4.242159
0.0000	0.6667		-0.758870	-1.188072
0.0000	0.7500		-0.416503	0.252071
0.0000	0.8333		1.056125	-1.601745
0.0000	0.9167		-1.681555	-2.564324
0.0000	1.0000		-3.010526	0.418784
0.0000	1.0833		-8.811887	-1.800720
0.0000	1.1667		9.218925	-5.997763
0.0000	1.2500		1.225622	2.423310
0.0000	1.3333		-0.736877	8.987648

0.0833	-1.3333		-1.836136	-1.382276
0.0833	-1.2500		-0.097048	-1.615932
0.0833	-1.1667		-0.592947	-1.195944
0.0833	-1.0833		-0.082909	0.696943
0.0833	-1.0000		1.550343	1.569508
0.0833	-0.9167		-0.107456	-2.311765
0.0833	-0.8333		2.815970	-2.809183
0.0833	-0.7500		2.933205	-2.375693
0.0833	-0.6667		-0.543598	-1.106390
0.0833	-0.5833		-3.518598	5.844450
0.0833	-0.5000		-2.677146	11.812504
0.0833	-0.4167		-1.037430	-2.022807
0.0833	-0.3333		-2.722954	-5.994864
0.0833	-0.2500		6.162683	5.700715
0.0833	-0.1667		2.584721	1.489257
0.0833	-0.0833		-0.974760	-0.543300
0.0833	0.0000		-0.450293	1.458112
0.0833	0.0833		-0.277509	-0.363049
0.0833	0.1667		-0.510703	1.375147
0.0833	0.2500		2.460886	0.606528
0.0833	0.3333		2.480309	4.214635
0.0833	0.4167		4.928093	5.446482
0.0833	0.5000		1.676029	2.869779
0.0833	0.5833		-2.075435	6.406697
0.0833	0.6667		-1.426286	25.111677
0.0833	0.7500		-15.975502	-15.612361
0.0833	0.8333		-6.835114	-4.499630
0.0833	0.9167		2.879741	-2.499805
0.0833	1.0000		4.880696	6.765482
0.0833	1.0833		-0.887110	-1.530655
0.0833	1.1667		0.321208	0.115042
0.0833	1.2500		-2.181848	-0.657448
0.0833	1.3333		0.095584	-0.785905

0.1667	-1.3333		0.801349	-3.084098
0.1667	-1.2500		-1.193090	-0.172439
0.1667	-1.1667		-1.687762	1.854678
0.1667	-1.0833		0.543492	0.750603
0.1667	-1.0000		-0.271209	-0.949743
0.1667	-0.9167		-0.096004	1.099606
0.1667	-0.8333		-0.562409	-1.469341
0.1667	-0.7500		0.069918	2.419367
0.1667	-0.6667		2.843964	1.021940
0.1667	-0.5833		6.476705	-0.315003
0.1667	-0.5000		-13.742101	-7.405328
0.1667	-0.4167		2.833302	-0.203939
0.1667	-0.3333		-3.404073	1.688741
0.1667	-0.2500		1.835202	0.896495
0.1667	-0.1667		0.771972	-1.723141
0.1667	-0.0833		0.362210	0.217839
0.1667	0.0000		-0.769269	1.512983
0.1667	0.0833		-0.290133	-1.739904
0.1667	0.1667		2.610456	-3.095752
0.1667	0.2500		-0.913894	1.189261
0.1667	0.3333		2.476307	-4.453043
0.1667	0.4167		-4.751140	1.625783
0.1667	0.5000		8.575729	2.150385
0.1667	0.5833		0.902877	10.195481
0.1667	0.6667		-2.515508	2.820286
0.1667	0.7500		0.815363	-2.763454
0.1667	0.8333		-0.100331	0.882784
0.1667	0.9167		0.623509	-0.881706
0.1667	1.0000		0.438744	-0.109769
0.1667	1.0833		2.450605	-3.086432
0.1667	1.1667		0.472454	-0.630151
0.1667	1.2500		-0.378930	0.431753
0.1667	1.3333		-2.155549	-0.355532

0.2500	-1.3333		-3.372628	-0.909264
0.2500	-1.2500		-0.628956	0.037376
0.2500	-1.1667		-1.366575	-1.928435
0.2500	-1.0833		1.991753	4.295000
0.2500	-1.0000		-7.649491	-5.854093
0.2500	-0.9167		1.203073	-0.534713
0.2500	-0.8333		6.537005	-2.363060
0.2500	-0.7500		-5.443959	1.758065
0.2500	-0.6667		-0.829611	0.139910
0.2500	-0.5833		8.978165	-1.988084
0.2500	-0.5000		-2.417629	-2.194044
0.2500	-0.4167		-8.807505	-2.106543
0.2500	-0.3333		1.989584	6.328192
0.2500	-0.2500		0.584464	2.907025
0.2500	-0.1667		-2.688738	-2.402121
0.2500	-0.0833		1.257195	0.306035
0.2500	0.0000		4.155062	-4.350310
0.2500	0.0833		-0.732293	0.951997
0.2500	0.1667		-1.512869	1.490518
0.2500	0.2500		0.900873	2.894636
0.2500	0.3333		-0.848948	13.866508
0.2500	0.4167		3.028428	2.727281
0.2500	0.5000		0.394803	5.299747
0.2500	0.5833		-0.034157	-0.857139
0.2500	0.6667		-3.341273	-3.421292
0.2500	0.7500		-0.887311	-0.439828
0.2500	0.8333		1.232728	-0.454119
0.2500	0.9167		1.446046	0.580844
0.2500	1.0000		-0.909333	-0.298262
0.2500	1.0833		-1.525076	0.016566
0.2500	1.1667		-2.227646	-0.322195
0.2500	1.2500		0.487814	-0.804157
0.2500	1.3333		-1.633334	-2.104471

0.3333	-1.3333		-0.952649	1.312777
0.3333	-1.2500		1.093019	-1.827666
0.3333	-1.1667		-2.536216	1.681161
0.3333	-1.0833		-1.407411	0.856495
0.3333	-1.0000		-2.786021	2.285973
0.3333	-0.9167		0.599694	-1.500639
0.3333	-0.8333		0.350007	-1.136985
0.3333	-0.7500		0.284176	0.210032
0.3333	-0.6667		-0.885350	-2.811513
0.3333	-0.5833		1.068733	2.484789
0.3333	-0.5000		-5.619145	2.678905
0.3333	-0.4167		0.180539	-1.421822
0.3333	-0.3333		-0.966360	1.427388
0.3333	-0.2500		2.123186	1.522342
0.3333	-0.1667		0.227855	-3.216918
0.3333	-0.0833		-3.088381	-1.444985
0.3333	0.0000		1.086385	2.072543
0.3333	0.0833		0.145780	-0.834482
0.3333	0.1667		-0.017674	0.205009
0.3333	0.2500		-2.457304	1.699153
0.3333	0.3333		-0.685569	-3.222515
0.3333	0.4167		4.048625	5.539029
0.3333	0.5000		-1.239489	-7.942065
0.3333	0.5833		-1.934783	-0.948282
0.3333	0.6667		3.792238	0.604586
0.3333	0.7500		-0.802329	-0.276345
0.3333	0.8333		0.067764	0.138831
0.3333	0.9167		0.232137	0.601006
0.3333	1.0000		-0.082737	-3.244122
0.3333	1.0833		0.717261	4.916334
0.3333	1.1667		-0.551495	-1.800769
0.3333	1.2500		-0.529424	0.419169
0.3333	1.3333		-0.059269	0.205042

0.4167	-1.3333		-4.059633	4.764337
0.4167	-1.2500		0.839182	1.005314
0.4167	-1.1667		-0.998997	1.002849
0.4167	-1.0833		0.519615	-0.299159
0.4167	-1.0000		-0.331787	0.022757
0.4167	-0.9167		0.786299	-3.199047
0.4167	-0.8333		-1.098964	0.242256
0.4167	-0.7500		-0.925758	2.468832
0.4167	-0.6667		1.235726	1.145784
0.4167	-0.5833		5.673377	1.582144
0.4167	-0.5000		-1.174946	-0.202768
0.4167	-0.4167		1.539199	1.395813
0.4167	-0.3333		2.375924	-0.997445
0.4167	-0.2500		0.229277	-0.997616
0.4167	-0.1667		-1.500183	0.397243
0.4167	-0.0833		3.962865	-3.750380
0.4167	0.0000		0.228918	-0.296259
0.4167	0.0833		-0.751416	-0.156030
0.4167	0.1667		-0.468696	2.024745
0.4167	0.2500		-0.011224	0.632560
0.4167	0.3333		1.625567	-0.271781
0.4167	0.4167		0.690131	0.247629
0.4167	0.5000		0.227849	0.468921
0.4167	0.5833		0.055483	0.284590
0.4167	0.6667		-0.168440	-1.330953
0.4167	0.7500		-1.103032	-0.453416
0.4167	0.8333		-0.249461	-0.080405
0.4167	0.9167		-1.290756	2.217839
0.4167	1.0000		1.109571	-0.413658
0.4167	1.0833		1.919829	-3.527070
0.4167	1.1667		-0.568536	0.607764
0.4167	1.2500		-2.508692	-0.779888
0.4167	1.3333		-0.735392	-0.102355

0.5000	-1.3333		-1.597182	0.085011
0.5000	-1.2500		0.145485	-3.725319
0.5000	-1.1667		-1.069465	0.780534
0.5000	-1.0833		-0.476612	-14.522777
0.5000	-1.0000		-1.841455	2.241167
0.5000	-0.9167		6.036180	1.797257
0.5000	-0.8333		-0.460797	1.094792
0.5000	-0.7500		0.030875	0.373451
0.5000	-0.6667		1.891208	7.910735
0.5000	-0.5833		1.049759	2.406776
0.5000	-0.5000		-2.053436	0.405715
0.5000	-0.4167		-1.116771	0.623124
0.5000	-0.3333		-3.363048	1.652718
0.5000	-0.2500		0.380396	-0.691791
0.5000	-0.1667		-0.189731	-0.119346
0.5000	-0.0833		0.034127	-1.709809
0.5000	0.0000		-2.294447	0.472295
0.5000	0.0833		5.013640	-9.809492
0.5000	0.1667		-1.062512	2.282517
0.5000	0.2500		-0.610197	-1.185510
0.5000	0.3333		-0.638693	-0.927047
0.5000	0.4167		0.999160	3.800438
0.5000	0.5000		-20.479548	-5.672815
0.5000	0.5833		1.551682	2.186607
0.5000	0.6667		0.540243	0.050253
0.5000	0.7500		-0.818311	0.662051
0.5000	0.8333		-2.933081	2.750822
0.5000	0.9167		-0.266176	0.326559
0.5000	1.0000		1.629767	0.155065
0.5000	1.0833		-3.253037	1.293631
0.5000	1.1667		-0.380142	0.517048
0.5000	1.2500		-0.942769	1.512600
0.5000	1.3333		9.063040	-5.299177

0.5833	-1.3333		-0.262177	-15.809739
0.5833	-1.2500		-0.993507	2.990760
0.5833	-1.1667		2.732156	9.869745
0.5833	-1.0833		2.113256	4.464823
0.5833	-1.0000		-12.610636	-3.174221
0.5833	-0.9167		-7.976387	2.878822
0.5833	-0.8333		0.732486	0.849718
0.5833	-0.7500		0.207380	-1.030754
0.5833	-0.6667		0.953160	0.021015
0.5833	-0.5833		2.361649	-0.117757
0.5833	-0.5000		-0.212311	0.537364
0.5833	-0.4167		0.786878	-1.379849
0.5833	-0.3333		0.792022	-3.955688
0.5833	-0.2500		2.587350	0.210628
0.5833	-0.1667		-1.212478	-1.646120
0.5833	-0.0833		-0.843296	0.405860
0.5833	0.0000		-2.115317	-0.993385
0.5833	0.0833		-1.496592	-0.573834
0.5833	0.1667		0.770782	1.117005
0.5833	0.2500		0.683718	0.671806
0.5833	0.3333		-0.853289	-0.630564
0.5833	0.4167		-0.537118	-0.480086
0.5833	0.5000		-1.312528	-1.416429
0.5833	0.5833		-4.411392	2.602871
0.5833	0.6667		1.019888	-0.182787
0.5833	0.7500		0.595766	-1.164482
0.5833	0.8333		-0.213429	2.925281
0.5833	0.9167		-2.625800	-4.447411
0.5833	1.0000		0.979719	-0.763762
0.5833	1.0833		-0.250606	0.313194
0.5833	1.1667		1.917442	2.905131
0.5833	1.2500		-1.803866	-0.279884
0.5833	1.3333		-0.382170	1.107490

0.6667	-1.3333		-10.464540	5.336438
0.6667	-1.2500		-5.040574	-14.317320
0.6667	-1.1667		-3.246248	-0.051862
0.6667	-1.0833		1.079271	-2.223288
0.6667	-1.0000		-8.459796	-12.496511
0.6667	-0.9167		-1.653033	-0.481453
0.6667	-0.8333		0.733142	0.539950
0.6667	-0.7500		2.223663	0.304796
0.6667	-0.6667		-1.008282	-0.492432
0.6667	-0.5833		0.223822	-0.183078
0.6667	-0.5000		-0.795455	-2.004168
0.6667	-0.4167		0.892147	1.493787
0.6667	-0.3333		0.068394	-0.375425
0.6667	-0.2500		-1.581594	-0.481372
0.6667	-0.1667		-0.198697	1.243286
0.6667	-0.0833		-1.312405	1.564184
0.6667	0.0000		-0.160254	1.822010
0.6667	0.0833		-1.559465	-0.064830
0.6667	0.1667		-1.347336	0.369833
0.6667	0.2500		-0.057449	0.017098
0.6667	0.3333		0.127391	0.019517
0.6667	0.4167		-0.292716	0.385220
0.6667	0.5000		0.591562	-5.708187
0.6667	0.5833		0.112454	-3.981347
0.6667	0.6667		-0.048486	0.081048
0.6667	0.7500		-6.894654	2.137786
0.6667	0.8333		-4.243608	-0.203381
0.6667	0.9167		-10.885503	-4.992579
0.6667	1.0000		0.233096	1.670157
0.6667	1.0833		-0.879419	0.190682
0.6667	1.1667		-2.318042	3.458046
0.6667	1.2500		-0.688529	-10.797811
0.6667	1.3333		-2.941446	0.081451

0.7500	-1.3333		-3.984198	2.602095
0.7500	-1.2500		0.893712	18.727528
0.7500	-1.1667		-4.442892	2.456245
0.7500	-1.0833		-9.798425	-3.160249
0.7500	-1.0000		-15.631442	0.851753
0.7500	-0.9167		0.518824	1.189197
0.7500	-0.8333		5.955307	4.776321
0.7500	-0.7500		1.398282	0.016293
0.7500	-0.6667		5.459234	-11.461811
0.7500	-0.5833		0.033791	1.154321
0.7500	-0.5000		-0.422014	0.301450
0.7500	-0.4167		0.697546	-1.139058
0.7500	-0.3333		1.437289	0.464888
0.7500	-0.2500		1.969762	-0.650894
0.7500	-0.1667		0.384142	0.601054
0.7500	-0.0833		0.590992	-3.433239
0.7500	0.0000		-1.847881	0.430837
0.7500	0.0833		-1.926198	-0.195268
0.7500	0.1667		-3.277578	13.736068
0.7500	0.2500		-1.605567	1.995758
0.7500	0.3333		0.040662	-0.432225
0.7500	0.4167		-2.671707	1.164136
0.7500	0.5000		0.989892	1.463773
0.7500	0.5833		-1.664920	-2.751698
0.7500	0.6667		0.551663	-0.124744
0.7500	0.7500		0.273584	0.664442
0.7500	0.8333		-3.067575	-4.206986
0.7500	0.9167		-5.741608	4.789191
0.7500	1.0000		-0.781481	0.143309
0.7500	1.0833		-1.944758	-4.335742
0.7500	1.1667		-0.937182	-0.724157
0.7500	1.2500		-1.563015	-3.189671
0.7500	1.3333		-1.711750	-0.835861

0.8333	-1.3333		-2.473778	-1.277493
0.8333	-1.2500		-3.066890	2.921621
0.8333	-1.1667		2.347161	5.906987
0.8333	-1.0833		-0.469587	2.381939
0.8333	-1.0000		0.330695	0.355233
0.8333	-0.9167		-3.594281	-4.468914
0.8333	-0.8333		2.707999	-10.277328
0.8333	-0.7500		0.159879	2.813495
0.8333	-0.6667		-0.247976	-1.015256
0.8333	-0.5833		-0.992762	1.689458
0.8333	-0.5000		-1.732907	0.547818
0.8333	-0.4167		0.704757	-0.090634
0.8333	-0.3333		0.705261	-0.414758
0.8333	-0.2500		24.214346	10.289525
0.8333	-0.1667		2.673553	0.707048
0.8333	-0.0833		0.067710	1.008482
0.8333	0.0000		-0.615667	-0.071170
0.8333	0.0833		-0.170879	-0.343150
0.8333	0.1667		-0.076972	-0.231359
0.8333	0.2500		1.313150	-0.906448
0.8333	0.3333		0.821488	0.496361
0.8333	0.4167		-1.328463	0.504151
0.8333	0.5000		-0.258235	0.344910
0.8333	0.5833		1.112350	-0.222622
0.8333	0.6667		1.045867	0.035571
0.8333	0.7500		-1.799455	-0.520769
0.8333	0.8333		-2.812105	-0.183466
0.8333	0.9167		-4.118615	-1.510975
0.8333	1.0000		-0.833258	0.331849
0.8333	1.0833		-2.323353	0.565737
0.8333	1.1667		-5.382220	15.244792
0.8333	1.2500		-1.279023	-4.388309
0.8333	1.3333		2.929502	-0.539245

0.9167	-1.3333		-4.106406	-3.707886
0.9167	-1.2500		1.888515	-4.279695
0.9167	-1.1667		-2.948279	-1.775536
0.9167	-1.0833		-9.755923	-4.624122
0.9167	-1.0000		-2.515233	1.340732
0.9167	-0.9167		2.018307	0.685747
0.9167	-0.8333		1.848901	1.495493
0.9167	-0.7500		-0.968012	-9.600149
0.9167	-0.6667		-0.291077	1.221892
0.9167	-0.5833		-0.660667	0.133226
0.9167	-0.5000		0.236358	-0.041935
0.9167	-0.4167		0.818359	0.380718
0.9167	-0.3333		-0.454978	-0.275368
0.9167	-0.2500		-0.335657	1.331951
0.9167	-0.1667		1.250171	1.447439
0.9167	-0.0833		-2.175862	0.211240
0.9167	0.0000		-1.936746	0.079678
0.9167	0.0833		3.474843	1.446371
0.9167	0.1667		-1.893334	0.001010
0.9167	0.2500		-0.866981	-1.515345
0.9167	0.3333		6.894024	0.546373
0.9167	0.4167		-0.259190	-0.502311
0.9167	0.5000		-0.371846	1.031318
0.9167	0.5833		-0.529150	0.662388
0.9167	0.6667		-2.247109	-1.410100
0.9167	0.7500		0.594929	-0.719586
0.9167	0.8333		-1.749159	-1.263985
0.9167	0.9167		-3.749238	-0.877811
0.9167	1.0000		0.173726	-2.682657
0.9167	1.0833		-6.774792	-7.107322
0.9167	1.1667		72.015854	-1.196554
0.9167	1.2500		-0.192427	-4.381431
0.9167	1.3333		2.272372	1.150915

1.0000	-1.3333		0.280967	0.667041
1.0000	-1.2500		-11.168976	-13.550530
1.0000	-1.1667		0.930782	-0.236697
1.0000	-1.0833		-0.603783	0.323101
1.0000	-1.0000		1.242098	0.464646
1.0000	-0.9167		-3.550941	-0.586966
1.0000	-0.8333		-0.370414	-1.203435
1.0000	-0.7500		0.018377	0.154324
1.0000	-0.6667		0.576294	-5.010146
1.0000	-0.5833		-0.757941	1.064722
1.0000	-0.5000		-0.408668	-0.737449
1.0000	-0.4167		0.141970	0.452130
1.0000	-0.3333		-0.404166	-0.524929
1.0000	-0.2500		-0.383768	0.604361
1.0000	-0.1667		0.321334	1.839840
1.0000	-0.0833		-1.112269	0.222604
1.0000	0.0000		-1.027053	0.361618
1.0000	0.0833		-0.679344	-0.729190
1.0000	0.1667		-2.611328	3.041404
1.0000	0.2500		-2.644597	-0.726662
1.0000	0.3333		0.334857	0.094582
1.0000	0.4167		0.302124	-5.612703
1.0000	0.5000		0.996189	0.410008
1.0000	0.5833		-1.454805	1.862200
1.0000	0.6667		-0.071140	1.027461
1.0000	0.7500		6.630921	-2.609461
1.0000	0.8333		1.791764	0.823888
1.0000	0.9167		-0.593139	-0.021382
1.0000	1.0000		0.299622	-0.384333
1.0000	1.0833		-6.294478	2.669405
1.0000	1.1667		-2.265782	8.555827
1.0000	1.2500		-7.604115	7.018400
1.0000	1.3333		-0.771699	7.605438

1.0833	-1.3333		-1.387627	-0.114045
1.0833	-1.2500		1.429588	2.501614
1.0833	-1.1667		2.912997	10.147925
1.0833	-1.0833		1.781941	-0.731824
1.0833	-1.0000		0.514818	1.554845
1.0833	-0.9167		1.452294	-5.961069
1.0833	-0.8333		-3.653656	-0.610836
1.0833	-0.7500		-2.174631	0.528226
1.0833	-0.6667		-0.046825	-0.125737
1.0833	-0.5833		0.055984	1.319434
1.0833	-0.5000		0.546742	0.426129
1.0833	-0.4167		-0.036194	-0.464691
1.0833	-0.3333		0.906925	0.165306
1.0833	-0.2500		-0.462178	-1.133880
1.0833	-0.1667		0.321537	-0.132401
1.0833	-0.0833		1.239317	-2.339099
1.0833	0.0000		-0.084990	-0.097983
1.0833	0.0833		-0.390788	-2.407242
1.0833	0.1667		-0.046969	0.622177
1.0833	0.2500		0.263185	-0.859597
1.0833	0.3333		4.046743	-2.514366
1.0833	0.4167		-0.937716	-0.155175
1.0833	0.5000		-0.941305	0.707177
1.0833	0.5833		0.007471	-0.988480
1.0833	0.6667		4.054277	-0.364617
1.0833	0.7500		-0.646915	-1.515809
1.0833	0.8333		-1.180499	0.320624
1.0833	0.9167		-0.043230	0.721579
1.0833	1.0000		-1.405676	2.151401
1.0833	1.0833		-3.360088	2.351507
1.0833	1.1667		-57.816490	-4.312437
1.0833	1.2500		0.735822	-2.756988
1.0833	1.3333		-1.922649	-5.261624

1.1667	-1.3333		-0.397524	1.419539
1.1667	-1.2500		0.749796	-0.384277
1.1667	-1.1667		-1.267796	1.076751
1.1667	-1.0833		-1.162588	-0.418243
1.1667	-1.0000		38.837769	14.500558
1.1667	-0.9167		-0.052686	-1.217287
1.1667	-0.8333		-0.175534	-0.008547
1.1667	-0.7500		-0.629085	0.466463
1.1667	-0.6667		1.210496	-1.494110
1.1667	-0.5833		0.650969	0.066771
1.1667	-0.5000		-0.879999	1.946469
1.1667	-0.4167		2.032120	5.048158
1.1667	-0.3333		0.066779	-0.140721
1.1667	-0.2500		-0.415337	0.543290
1.1667	-0.1667		-0.204925	-0.030590
1.1667	-0.0833		-1.777283	-0.600528
1.1667	0.0000		-0.871184	-0.042782
1.1667	0.0833		1.623886	0.945368
1.1667	0.1667		-7.403754	3.197211
1.1667	0.2500		-1.551363	1.967779
1.1667	0.3333		0.575306	0.278766
1.1667	0.4167		-0.013441	0.259701
1.1667	0.5000		1.215849	-0.564799
1.1667	0.5833		1.046470	2.754424
1.1667	0.6667		-1.174048	-0.088730
1.1667	0.7500		-0.230645	-4.459616
1.1667	0.8333		-0.856363	0.040197
1.1667	0.9167		-6.407773	5.004428
1.1667	1.0000		-1.325928	-0.302544
1.1667	1.0833		0.950470	-0.065814
1.1667	1.1667		-3.212157	3.133657
1.1667	1.2500		-0.583251	-1.041907
1.1667	1.3333		35.224766	29.943737

1.2500	-1.3333		-2.513376	-1.143131
1.2500	-1.2500		-2.392167	-1.549972
1.2500	-1.1667		-0.081992	-0.604666
1.2500	-1.0833		-0.425202	-8.076863
1.2500	-1.0000		1.104219	0.487364
1.2500	-0.9167		1.635903	1.512952
1.2500	-0.8333		0.703155	1.046917
1.2500	-0.7500		-1.716918	1.507547
1.2500	-0.6667		-1.069116	0.023095
1.2500	-0.5833		0.151047	-0.881024
1.2500	-0.5000		-3.121579	1.351267
1.2500	-0.4167		0.168549	0.087315
1.2500	-0.3333		-0.155195	0.300259
1.2500	-0.2500		-0.477873	0.139523
1.2500	-0.1667		-0.397783	-1.427574
1.2500	-0.0833		0.975029	1.140445
1.2500	0.0000		5.112611	-0.998339
1.2500	0.0833		-0.549693	0.402034
1.2500	0.1667		0.143946	0.570489
1.2500	0.2500		-0.089643	0.764824
1.2500	0.3333		0.964825	0.226917
1.2500	0.4167		0.362565	0.638417
1.2500	0.5000		2.997425	0.492441
1.2500	0.5833		-0.265010	-1.316634
1.2500	0.6667		-1.528737	-0.225553
1.2500	0.7500		-0.784804	0.474480
1.2500	0.8333		-0.979165	-2.896546
1.2500	0.9167		-0.382258	0.089780
1.2500	1.0000		-1.441131	1.890980
1.2500	1.0833		0.351948	-0.688063
1.2500	1.1667		2.030888	-0.297688
1.2500	1.2500		-0.466903	-0.555271
1.2500	1.3333		-0.368011	3.508941

1.3333	-1.3333		1.206127	-2.333883
1.3333	-1.2500		0.293634	-1.207136
1.3333	-1.1667		-3.302754	2.763333
1.3333	-1.0833		-0.152686	3.098839
1.3333	-1.0000		-7.897979	-4.430151
1.3333	-0.9167		1.426433	-0.622490
1.3333	-0.8333		0.032990	3.755676
1.3333	-0.7500		0.913044	-0.576352
1.3333	-0.6667		-0.178528	-1.760189
1.3333	-0.5833		-0.185367	0.858754
1.3333	-0.5000		0.695462	0.247662
1.3333	-0.4167		0.198471	-0.245411
1.3333	-0.3333		-0.605290	-3.019249
1.3333	-0.2500		0.989540	0.644546
1.3333	-0.1667		0.808943	0.326286
1.3333	-0.0833		0.599325	-1.053524
1.3333	0.0000		-1.638306	0.629141
1.3333	0.0833		3.088681	-2.887017
1.3333	0.1667		0.027916	0.813712
1.3333	0.2500		0.700217	-0.241373
1.3333	0.3333		0.444665	-0.344031
1.3333	0.4167		0.231392	0.779765
1.3333	0.5000		-0.172465	0.511876
1.3333	0.5833		0.396032	-0.688963
1.3333	0.6667		-0.054324	-0.898463
1.3333	0.7500		0.132101	0.101251
1.3333	0.8333		0.103043	-0.795156
1.3333	0.9167		1.588607	-0.926601
1.3333	1.0000		-29.813137	-8.689262
1.3333	1.0833		0.229406	-0.251815
1.3333	1.1667		-0.018230	-0.055693
1.3333	1.2500		0.543436	-2.736552
1.3333	1.3333		1.338512	-6.966007

/m100/home/userexternal/rjorge00/some_optimizations/GX_SIMSOPT/output_MAXITER150_dual_annealing_nfp2_QA_QA_nonlinear/gxRun_wout_nfp2_QA_000_000324: Step 2000: Time = 10.938084 	Heat flux = 5.290450e+00 	 Particle flux = 0.000000e+00 	 
ky	kx		omega		gamma
0.0000	-1.3333		3.151607	3.743965
0.0000	-1.2500		-5.259999	-2.466035
0.0000	-1.1667		-3.377639	-0.266685
0.0000	-1.0833		0.926863	9.754717
0.0000	-1.0000		0.802423	-0.412418
0.0000	-0.9167		0.218644	3.121763
0.0000	-0.8333		-4.651046	-2.961568
0.0000	-0.7500		0.463035	1.763889
0.0000	-0.6667		-2.524145	-2.305875
0.0000	-0.5833		-3.398538	-4.254103
0.0000	-0.5000		-6.670427	3.553411
0.0000	-0.4167		2.043395	-1.354015
0.0000	-0.3333		1.015239	-1.482565
0.0000	-0.2500		0.803080	-4.252607
0.0000	-0.1667		-0.159342	-0.405122
0.0000	-0.0833		0.220414	-0.026142
0.0000	0.0000
0.0000	0.0833		-0.220412	-0.026556
0.0000	0.1667		0.158973	-0.404594
0.0000	0.2500		-0.819501	-4.261398
0.0000	0.3333		-1.014218	-1.477683
0.0000	0.4167		-2.043881	-1.353908
0.0000	0.5000		6.661704	3.554034
0.0000	0.5833		3.409525	-4.260804
0.0000	0.6667		2.523090	-2.307761
0.0000	0.7500		-0.462656	1.764989
0.0000	0.8333		4.651763	-2.956133
0.0000	0.9167		-0.221928	3.117891
0.0000	1.0000		-0.811086	-0.402991
0.0000	1.0833		-0.952703	9.748220
0.0000	1.1667		3.366911	-0.274690
0.0000	1.2500		5.264171	-2.470135
0.0000	1.3333		-3.150656	3.743367

0.0833	-1.3333		3.535668	-1.360089
0.0833	-1.2500		0.641139	2.413422
0.0833	-1.1667		0.261914	-1.020462
0.0833	-1.0833		1.337773	-0.439824
0.0833	-1.0000		3.822154	0.305862
0.0833	-0.9167		-2.330279	1.441704
0.0833	-0.8333		1.119304	-2.190466
0.0833	-0.7500		0.730476	1.422838
0.0833	-0.6667		-0.488969	0.271895
0.0833	-0.5833		-0.993786	0.092620
0.0833	-0.5000		0.483158	0.408488
0.0833	-0.4167		0.944990	0.000140
0.0833	-0.3333		0.901468	-0.695360
0.0833	-0.2500		-0.535340	0.337028
0.0833	-0.1667		23.665642	13.464725
0.0833	-0.0833		-0.162261	0.139402
0.0833	0.0000		-2.065111	0.682463
0.0833	0.0833		0.041038	-0.263872
0.0833	0.1667		0.854224	0.957011
0.0833	0.2500		-3.090299	8.618287
0.0833	0.3333		0.255418	0.254574
0.0833	0.4167		10.969081	0.224631
0.0833	0.5000		-0.297285	0.853838
0.0833	0.5833		-2.977835	0.975944
0.0833	0.6667		1.760314	0.240187
0.0833	0.7500		3.485597	12.311519
0.0833	0.8333		1.799666	2.520364
0.0833	0.9167		2.793648	1.584952
0.0833	1.0000		3.072340	2.936629
0.0833	1.0833		2.273250	0.202237
0.0833	1.1667		0.459046	-0.869071
0.0833	1.2500		-3.431258	-3.169336
0.0833	1.3333		-0.909710	-0.112744

0.1667	-1.3333		-8.317652	-5.940566
0.1667	-1.2500		-3.282712	-1.143331
0.1667	-1.1667		-8.703187	-2.418328
0.1667	-1.0833		-1.389141	-2.032024
0.1667	-1.0000		0.728807	1.655127
0.1667	-0.9167		0.875894	-0.989270
0.1667	-0.8333		-1.698188	1.363602
0.1667	-0.7500		-4.346167	7.415608
0.1667	-0.6667		-0.333607	0.178448
0.1667	-0.5833		1.761514	0.525422
0.1667	-0.5000		1.628410	-0.405551
0.1667	-0.4167		0.898285	-2.106230
0.1667	-0.3333		-0.653867	1.731767
0.1667	-0.2500		-0.065164	-0.083367
0.1667	-0.1667		-0.964023	1.730564
0.1667	-0.0833		0.521672	-0.176999
0.1667	0.0000		0.124761	-0.079882
0.1667	0.0833		0.094235	-0.314196
0.1667	0.1667		-0.721785	-0.362096
0.1667	0.2500		0.917444	0.300907
0.1667	0.3333		0.811328	0.933723
0.1667	0.4167		-1.282408	-0.796615
0.1667	0.5000		-1.918945	0.154130
0.1667	0.5833		-0.111718	0.056919
0.1667	0.6667		0.346373	-1.081757
0.1667	0.7500		0.043602	-0.430824
0.1667	0.8333		1.179640	-3.600161
0.1667	0.9167		1.588989	-0.470967
0.1667	1.0000		7.469944	-0.445195
0.1667	1.0833		4.090606	-1.005678
0.1667	1.1667		-11.283539	2.377228
0.1667	1.2500		4.585697	-0.020837
0.1667	1.3333		1.995002	0.024374

0.2500	-1.3333		-0.386989	0.048052
0.2500	-1.2500		-6.465163	10.289271
0.2500	-1.1667		-3.954121	-1.361998
0.2500	-1.0833		-3.514586	-1.063706
0.2500	-1.0000		-2.282247	5.637301
0.2500	-0.9167		-3.568569	-6.792207
0.2500	-0.8333		1.323487	9.334922
0.2500	-0.7500		-0.075328	-1.086297
0.2500	-0.6667		-3.908786	-0.935822
0.2500	-0.5833		0.721234	4.282035
0.2500	-0.5000		0.542552	-2.324997
0.2500	-0.4167		-3.750376	-1.119979
0.2500	-0.3333		0.503166	-1.255383
0.2500	-0.2500		0.962366	0.076952
0.2500	-0.1667		0.119669	-0.373207
0.2500	-0.0833		0.055338	-0.152494
0.2500	0.0000		-0.011475	0.138982
0.2500	0.0833		-0.828260	-0.209871
0.2500	0.1667		-0.154980	0.223384
0.2500	0.2500		-0.099623	0.175876
0.2500	0.3333		-1.309763	1.184841
0.2500	0.4167		2.941773	1.574353
0.2500	0.5000		0.054725	0.031260
0.2500	0.5833		-1.105687	-0.481587
0.2500	0.6667		-0.360068	-1.201565
0.2500	0.7500		0.160059	2.429959
0.2500	0.8333		5.515263	3.288276
0.2500	0.9167		3.160203	-4.297015
0.2500	1.0000		1.262549	1.283718
0.2500	1.0833		-0.927940	-0.334247
0.2500	1.1667		1.628935	-0.743127
0.2500	1.2500		-0.868836	-5.498762
0.2500	1.3333		0.542027	0.130528

0.3333	-1.3333		1.330447	0.724271
0.3333	-1.2500		0.991840	-0.969306
0.3333	-1.1667		-0.773374	0.291391
0.3333	-1.0833		-5.068282	1.964193
0.3333	-1.0000		-7.428038	-3.396071
0.3333	-0.9167		-2.567731	4.985681
0.3333	-0.8333		-6.090951	-2.598707
0.3333	-0.7500		1.408569	-1.937046
0.3333	-0.6667		0.586973	0.673592
0.3333	-0.5833		-1.797867	1.512423
0.3333	-0.5000		1.893880	1.770861
0.3333	-0.4167		-0.154505	1.548111
0.3333	-0.3333		2.960951	-0.704441
0.3333	-0.2500		-0.817838	1.630250
0.3333	-0.1667		-1.733768	1.270334
0.3333	-0.0833		0.221016	-0.182970
0.3333	0.0000		0.310596	-0.622792
0.3333	0.0833		-0.552466	-0.276034
0.3333	0.1667		-1.365452	-1.129122
0.3333	0.2500		0.675824	0.351861
0.3333	0.3333		2.559609	3.747916
0.3333	0.4167		3.784986	-2.707423
0.3333	0.5000		0.751411	-0.469297
0.3333	0.5833		3.136869	-0.255941
0.3333	0.6667		8.160804	-2.029701
0.3333	0.7500		2.777168	-0.141024
0.3333	0.8333		-2.886533	4.237863
0.3333	0.9167		1.613342	7.524733
0.3333	1.0000		0.235232	0.160785
0.3333	1.0833		-1.610723	0.344065
0.3333	1.1667		9.454218	-1.358851
0.3333	1.2500		-3.158183	0.470621
0.3333	1.3333		-2.118512	-10.005226

0.4167	-1.3333		-0.882732	-0.399350
0.4167	-1.2500		0.543653	-0.674648
0.4167	-1.1667		1.173721	-1.788052
0.4167	-1.0833		16.032822	-11.410089
0.4167	-1.0000		-0.466328	2.420045
0.4167	-0.9167		0.815607	-1.435654
0.4167	-0.8333		4.204915	-7.710907
0.4167	-0.7500		5.665757	2.583260
0.4167	-0.6667		3.169064	8.031604
0.4167	-0.5833		-4.282337	-3.127017
0.4167	-0.5000		-2.270841	0.205780
0.4167	-0.4167		-1.843144	-0.234441
0.4167	-0.3333		-0.666713	-0.019812
0.4167	-0.2500		0.222554	-0.732548
0.4167	-0.1667		0.506613	-0.464776
0.4167	-0.0833		0.147189	-0.351262
0.4167	0.0000		0.880034	0.615441
0.4167	0.0833		0.200325	0.229024
0.4167	0.1667		0.405138	0.508231
0.4167	0.2500		0.031083	0.094221
0.4167	0.3333		-1.935275	-0.402695
0.4167	0.4167		0.815308	-2.180800
0.4167	0.5000		3.447783	0.363757
0.4167	0.5833		-12.022504	-2.791595
0.4167	0.6667		2.325847	3.069848
0.4167	0.7500		-5.391699	1.916576
0.4167	0.8333		-1.762265	3.677242
0.4167	0.9167		-0.935133	2.728809
0.4167	1.0000		2.038509	1.507575
0.4167	1.0833		-0.269805	1.040352
0.4167	1.1667		-0.166522	-0.599675
0.4167	1.2500		0.145187	-1.538559
0.4167	1.3333		-3.742435	-0.976612

0.5000	-1.3333		-0.147038	-0.863018
0.5000	-1.2500		0.623800	2.169510
0.5000	-1.1667		-12.605070	-18.486544
0.5000	-1.0833		-10.445280	10.712742
0.5000	-1.0000		-0.986483	-1.702873
0.5000	-0.9167		-6.118615	1.619605
0.5000	-0.8333		1.507197	-5.374186
0.5000	-0.7500		-6.747879	4.181384
0.5000	-0.6667		-2.052518	-8.866927
0.5000	-0.5833		0.517345	1.792317
0.5000	-0.5000		-1.879175	-9.056549
0.5000	-0.4167		5.614884	-7.254986
0.5000	-0.3333		-0.017472	1.119321
0.5000	-0.2500		-3.242681	1.801849
0.5000	-0.1667		-2.298374	-2.627476
0.5000	-0.0833		0.044471	0.059888
0.5000	0.0000		-1.185020	2.155062
0.5000	0.0833		0.003806	0.124291
0.5000	0.1667		-0.360875	0.729571
0.5000	0.2500		0.196650	-0.652214
0.5000	0.3333		1.424390	-0.394990
0.5000	0.4167		0.263670	-4.241221
0.5000	0.5000		1.189917	0.396517
0.5000	0.5833		-1.840448	0.830214
0.5000	0.6667		0.592341	-1.519227
0.5000	0.7500		-2.035847	-3.853033
0.5000	0.8333		1.735133	-1.679969
0.5000	0.9167		1.484272	1.432077
0.5000	1.0000		1.946059	0.002072
0.5000	1.0833		5.961799	4.263132
0.5000	1.1667		-0.048108	1.516067
0.5000	1.2500		0.317070	0.994703
0.5000	1.3333		-2.573163	-3.864814

0.5833	-1.3333		-2.419491	1.225081
0.5833	-1.2500		-22.966429	-0.029172
0.5833	-1.1667		-2.353551	0.261537
0.5833	-1.0833		-1.693164	-0.235192
0.5833	-1.0000		3.495463	-8.734152
0.5833	-0.9167		-2.179646	3.316542
0.5833	-0.8333		-1.408341	0.609584
0.5833	-0.7500		1.486521	-1.085819
0.5833	-0.6667		0.693177	-3.822316
0.5833	-0.5833		0.468887	1.593774
0.5833	-0.5000		1.262708	-0.803163
0.5833	-0.4167		0.073154	0.419068
0.5833	-0.3333		0.780006	2.257683
0.5833	-0.2500		1.127000	-1.055889
0.5833	-0.1667		-1.149799	0.581044
0.5833	-0.0833		0.380146	0.031904
0.5833	0.0000		-0.545590	0.032955
0.5833	0.0833		0.048907	0.108299
0.5833	0.1667		0.017581	-0.055175
0.5833	0.2500		0.360643	-0.212308
0.5833	0.3333		0.110148	2.772386
0.5833	0.4167		-5.269772	0.421661
0.5833	0.5000		0.217007	-0.580236
0.5833	0.5833		0.368578	0.813475
0.5833	0.6667		-0.841131	1.878372
0.5833	0.7500		-3.397413	12.539683
0.5833	0.8333		1.670617	-1.402115
0.5833	0.9167		0.233754	-0.954216
0.5833	1.0000		0.297202	3.972160
0.5833	1.0833		-0.132982	5.059647
0.5833	1.1667		-0.500952	6.892021
0.5833	1.2500		1.969953	-0.922573
0.5833	1.3333		-1.274004	-2.426088

0.6667	-1.3333		0.668138	0.024519
0.6667	-1.2500		0.720070	-5.488503
0.6667	-1.1667		-0.766747	-8.326067
0.6667	-1.0833		14.483925	-0.317834
0.6667	-1.0000		-1.118344	-0.261685
0.6667	-0.9167		0.610803	1.812141
0.6667	-0.8333		-6.745319	15.472279
0.6667	-0.7500		1.373178	-6.003604
0.6667	-0.6667		3.371538	1.596574
0.6667	-0.5833		0.456886	0.711707
0.6667	-0.5000		-0.398652	-0.979729
0.6667	-0.4167		0.586425	1.129001
0.6667	-0.3333		1.357314	0.703388
0.6667	-0.2500		1.078316	0.138483
0.6667	-0.1667		-0.757229	-0.887156
0.6667	-0.0833		0.306744	0.108325
0.6667	0.0000		-0.068243	0.900847
0.6667	0.0833		0.163378	0.310266
0.6667	0.1667		0.141019	0.388083
0.6667	0.2500		-0.609184	-0.611589
0.6667	0.3333		-0.207135	0.120196
0.6667	0.4167		-0.216376	0.696414
0.6667	0.5000		-3.112487	-5.585779
0.6667	0.5833		4.005112	5.765442
0.6667	0.6667		-1.123957	-1.736336
0.6667	0.7500		-1.493129	4.043167
0.6667	0.8333		37.911201	19.985495
0.6667	0.9167		6.203838	12.006507
0.6667	1.0000		-1.593116	4.384983
0.6667	1.0833		5.297872	3.876427
0.6667	1.1667		0.576413	2.054295
0.6667	1.2500		0.701261	-0.617749
0.6667	1.3333		1.572564	0.480045

0.7500	-1.3333		4.584644	2.277101
0.7500	-1.2500		2.506793	-1.569746
0.7500	-1.1667		-7.441432	13.213223
0.7500	-1.0833		-1.603371	0.610225
0.7500	-1.0000		-23.469389	-40.404636
0.7500	-0.9167		1.547238	-4.837869
0.7500	-0.8333		-0.995356	-1.519787
0.7500	-0.7500		17.255150	-12.659140
0.7500	-0.6667		1.921172	-0.666653
0.7500	-0.5833		-2.652228	0.273953
0.7500	-0.5000		-0.665711	-2.684080
0.7500	-0.4167		0.848419	-1.254492
0.7500	-0.3333		0.203144	-0.023992
0.7500	-0.2500		1.019594	0.349502
0.7500	-0.1667		-0.294650	1.405813
0.7500	-0.0833		0.370466	-0.027949
0.7500	0.0000		-1.861619	0.166231
0.7500	0.0833		0.113227	0.200861
0.7500	0.1667		-0.126648	-0.302201
0.7500	0.2500		0.140467	0.280955
0.7500	0.3333		0.130986	0.408199
0.7500	0.4167		-0.315851	0.453370
0.7500	0.5000		-0.214264	-4.805173
0.7500	0.5833		-0.972883	-0.601987
0.7500	0.6667		-1.024551	0.213783
0.7500	0.7500		3.060637	5.160688
0.7500	0.8333		-5.683797	0.683690
0.7500	0.9167		-1.091985	-3.357832
0.7500	1.0000		-0.554453	-0.725754
0.7500	1.0833		3.218714	1.600085
0.7500	1.1667		0.020677	0.976569
0.7500	1.2500		-2.365914	-1.628979
0.7500	1.3333		-8.116694	0.532421

0.8333	-1.3333		1.374799	2.133752
0.8333	-1.2500		-1.395080	-0.004931
0.8333	-1.1667		-3.240869	0.690627
0.8333	-1.0833		2.132974	-4.159191
0.8333	-1.0000		0.809349	-4.781821
0.8333	-0.9167		4.649455	-8.828493
0.8333	-0.8333		1.756260	3.071894
0.8333	-0.7500		1.722341	0.956986
0.8333	-0.6667		-6.115510	-15.614338
0.8333	-0.5833		-0.997004	-1.567060
0.8333	-0.5000		1.278673	-0.237649
0.8333	-0.4167		1.968271	-0.801296
0.8333	-0.3333		0.987767	-1.816571
0.8333	-0.2500		2.014172	1.448773
0.8333	-0.1667		-0.602521	-0.653351
0.8333	-0.0833		-0.278811	-0.072095
0.8333	0.0000		-0.164914	0.001165
0.8333	0.0833		0.087280	0.243846
0.8333	0.1667		0.097143	1.067419
0.8333	0.2500		-1.272663	3.023167
0.8333	0.3333		0.838359	-0.125113
0.8333	0.4167		0.587287	2.661710
0.8333	0.5000		-1.256554	2.003141
0.8333	0.5833		2.044823	-0.799674
0.8333	0.6667		-0.464832	-3.791498
0.8333	0.7500		0.426134	-0.550073
0.8333	0.8333		-3.313913	-1.181940
0.8333	0.9167		-4.155108	1.810124
0.8333	1.0000		-1.355283	4.474518
0.8333	1.0833		10.698284	-5.795443
0.8333	1.1667		-0.540039	0.937099
0.8333	1.2500		-1.464996	13.162269
0.8333	1.3333		-0.493162	-4.102116

0.9167	-1.3333		-1.663773	-0.786150
0.9167	-1.2500		14.222687	4.719053
0.9167	-1.1667		0.573502	2.904153
0.9167	-1.0833		144.231003	74.284668
0.9167	-1.0000		-9.955481	-17.277880
0.9167	-0.9167		0.241887	3.039753
0.9167	-0.8333		2.208335	4.847919
0.9167	-0.7500		-2.148371	-2.484283
0.9167	-0.6667		-3.879888	1.427225
0.9167	-0.5833		-2.785732	-0.259004
0.9167	-0.5000		3.752093	13.720780
0.9167	-0.4167		0.720420	0.579240
0.9167	-0.3333		-0.219986	0.231792
0.9167	-0.2500		-0.176017	0.237380
0.9167	-0.1667		-0.767117	0.567367
0.9167	-0.0833		0.017659	-0.086432
0.9167	0.0000		-0.428111	0.175562
0.9167	0.0833		0.362763	0.105792
0.9167	0.1667		1.256921	-1.067568
0.9167	0.2500		0.410360	-3.818002
0.9167	0.3333		-0.299001	0.284285
0.9167	0.4167		5.921739	-12.727489
0.9167	0.5000		-0.188347	1.361239
0.9167	0.5833		0.035998	-0.081585
0.9167	0.6667		-0.223953	9.416376
0.9167	0.7500		0.452276	0.098490
0.9167	0.8333		1.341960	-2.415769
0.9167	0.9167		13.937309	-4.610643
0.9167	1.0000		13.325560	-11.307489
0.9167	1.0833		-2.431671	12.178223
0.9167	1.1667		-0.099819	21.111820
0.9167	1.2500		-6.322248	1.420074
0.9167	1.3333		4.433928	-1.581366

1.0000	-1.3333		-1.119878	46.446735
1.0000	-1.2500		-12.785838	8.013296
1.0000	-1.1667		26.566597	22.144575
1.0000	-1.0833		-1.500212	3.409285
1.0000	-1.0000		0.139709	0.357809
1.0000	-0.9167		5.232817	-0.752497
1.0000	-0.8333		-2.588073	-0.207455
1.0000	-0.7500		-0.102516	0.611415
1.0000	-0.6667		6.852199	11.480925
1.0000	-0.5833		-5.354635	1.091434
1.0000	-0.5000		6.897944	11.972127
1.0000	-0.4167		1.854544	0.572507
1.0000	-0.3333		-0.250163	-0.156581
1.0000	-0.2500		-0.015793	-0.064703
1.0000	-0.1667		-0.092106	0.474470
1.0000	-0.0833		-0.691521	0.213822
1.0000	0.0000		-0.782779	-0.703931
1.0000	0.0833		-0.653918	-3.238727
1.0000	0.1667		-0.009135	-0.055194
1.0000	0.2500		0.067556	-0.114784
1.0000	0.3333		-0.317037	-0.307519
1.0000	0.4167		-5.050051	-97.110962
1.0000	0.5000		0.572369	0.034295
1.0000	0.5833		-0.249960	-0.349173
1.0000	0.6667		3.074749	-4.189101
1.0000	0.7500		-1.459116	3.501269
1.0000	0.8333		0.954381	-4.969428
1.0000	0.9167		-3.246957	-1.038533
1.0000	1.0000		2.693142	-1.023036
1.0000	1.0833		11.760448	22.645767
1.0000	1.1667		-3.562938	5.600752
1.0000	1.2500		-8.326613	3.043409
1.0000	1.3333		18.237940	93.252357

1.0833	-1.3333		0.098389	8.786554
1.0833	-1.2500		-0.008180	7.886793
1.0833	-1.1667		3.750590	2.196753
1.0833	-1.0833		-1.324306	16.619158
1.0833	-1.0000		-49.043880	-74.497208
1.0833	-0.9167		5.484757	-7.987234
1.0833	-0.8333		0.602095	-0.429914
1.0833	-0.7500		0.231669	0.706705
1.0833	-0.6667		4.441227	-0.728394
1.0833	-0.5833		0.957623	2.996243
1.0833	-0.5000		-0.090618	-2.236955
1.0833	-0.4167		-0.007254	0.858154
1.0833	-0.3333		-3.093533	-5.806090
1.0833	-0.2500		-0.264228	-1.751969
1.0833	-0.1667		0.301157	-0.110554
1.0833	-0.0833		-0.474522	0.033428
1.0833	0.0000		0.025931	0.032376
1.0833	0.0833		0.189923	0.268815
1.0833	0.1667		-0.225847	0.552864
1.0833	0.2500		1.246628	2.164161
1.0833	0.3333		0.914097	0.236763
1.0833	0.4167		-2.136418	0.291837
1.0833	0.5000		0.201531	-0.017991
1.0833	0.5833		-7.261387	-4.074391
1.0833	0.6667		7.391638	-8.668809
1.0833	0.7500		2.014675	2.837983
1.0833	0.8333		1.640646	-3.195021
1.0833	0.9167		1.788756	1.153992
1.0833	1.0000		-0.450010	1.004889
1.0833	1.0833		3.191540	2.795097
1.0833	1.1667		-2.758063	3.436897
1.0833	1.2500		7.485366	-16.722977
1.0833	1.3333		55.214710	-67.460312

1.1667	-1.3333		-27.252218	-2.405592
1.1667	-1.2500		3.707783	-1.440009
1.1667	-1.1667		-2.244024	-4.989408
1.1667	-1.0833		2.849267	-2.620901
1.1667	-1.0000		1.358522	2.696054
1.1667	-0.9167		1.696026	-4.083523
1.1667	-0.8333		0.576241	0.751129
1.1667	-0.7500		-5.965707	-5.582488
1.1667	-0.6667		-4.026350	-0.947276
1.1667	-0.5833		-4.214362	2.578920
1.1667	-0.5000		1.215846	-0.228521
1.1667	-0.4167		0.231439	0.519954
1.1667	-0.3333		0.798267	0.390860
1.1667	-0.2500		-1.781260	-0.585501
1.1667	-0.1667		0.018646	-0.402081
1.1667	-0.0833		1.155072	-0.989078
1.1667	0.0000		0.040610	-0.285120
1.1667	0.0833		-3.407012	4.345855
1.1667	0.1667		-0.052686	0.054370
1.1667	0.2500		0.457101	0.200428
1.1667	0.3333		1.720668	0.093211
1.1667	0.4167		0.678624	-1.708800
1.1667	0.5000		0.695210	-1.439263
1.1667	0.5833		1.159170	-0.308686
1.1667	0.6667		1.498851	2.801929
1.1667	0.7500		-6.901068	0.598512
1.1667	0.8333		-2.098105	1.736541
1.1667	0.9167		12.222099	-18.616930
1.1667	1.0000		0.998797	-0.156502
1.1667	1.0833		5.108819	5.821413
1.1667	1.1667		-3.298484	4.328088
1.1667	1.2500		1.708075	3.878102
1.1667	1.3333		-9.472782	14.312059

1.2500	-1.3333		0.546632	5.889569
1.2500	-1.2500		-7.424285	10.801410
1.2500	-1.1667		-1.195732	-3.777378
1.2500	-1.0833		-20.468901	16.512949
1.2500	-1.0000		-60.009529	38.134502
1.2500	-0.9167		0.744047	-2.267972
1.2500	-0.8333		-1.514882	22.464560
1.2500	-0.7500		3.904123	0.595139
1.2500	-0.6667		1.779380	-2.439606
1.2500	-0.5833		-15.974979	-9.916704
1.2500	-0.5000		0.681035	-0.324128
1.2500	-0.4167		1.897697	-0.996075
1.2500	-0.3333		0.827075	1.213992
1.2500	-0.2500		0.389026	-0.118462
1.2500	-0.1667		0.403864	-0.237636
1.2500	-0.0833		2.467422	-0.069957
1.2500	0.0000		0.352902	-0.896219
1.2500	0.0833		0.536329	-0.064335
1.2500	0.1667		1.476839	1.113374
1.2500	0.2500		-0.016318	1.032786
1.2500	0.3333		0.342377	-0.528014
1.2500	0.4167		0.445560	-1.274389
1.2500	0.5000		4.071098	5.617828
1.2500	0.5833		-0.000555	-0.418962
1.2500	0.6667		2.542689	-0.624702
1.2500	0.7500		-12.467632	5.505812
1.2500	0.8333		-7.932678	12.149806
1.2500	0.9167		-0.051115	0.073904
1.2500	1.0000		-1.564605	1.890674
1.2500	1.0833		1.682163	1.509183
1.2500	1.1667		3.616943	0.854269
1.2500	1.2500		-4.120692	0.101721
1.2500	1.3333		-2.090282	3.384197

1.3333	-1.3333		-2.919974	-1.343390
1.3333	-1.2500		1.674636	3.216796
1.3333	-1.1667		-0.804698	-1.528216
1.3333	-1.0833		1.306333	-1.960532
1.3333	-1.0000		0.952017	3.138678
1.3333	-0.9167		-7.045151	5.696946
1.3333	-0.8333		-17.599470	15.050668
1.3333	-0.7500		-0.285498	-1.533887
1.3333	-0.6667		-2.011841	-4.131178
1.3333	-0.5833		-6.136328	3.652373
1.3333	-0.5000		0.394775	0.230612
1.3333	-0.4167		0.199964	-0.113632
1.3333	-0.3333		0.393645	-0.446311
1.3333	-0.2500		0.247914	-0.880206
1.3333	-0.1667		0.057386	0.650753
1.3333	-0.0833		-0.259542	0.356210
1.3333	0.0000		0.456163	-0.854778
1.3333	0.0833		-0.229397	-0.452632
1.3333	0.1667		-0.069399	-1.636796
1.3333	0.2500		1.125389	-0.639667
1.3333	0.3333		-0.105522	1.905751
1.3333	0.4167		-0.011573	-0.280903
1.3333	0.5000		0.635409	0.020563
1.3333	0.5833		2.887686	3.328264
1.3333	0.6667		-8.695700	3.241546
1.3333	0.7500		4.013264	4.388621
1.3333	0.8333		12.553599	13.212056
1.3333	0.9167		1.011102	-1.989872
1.3333	1.0000		0.286127	7.435023
1.3333	1.0833		-3.397017	-1.164138
1.3333	1.1667		0.516155	0.849925
1.3333	1.2500		2.669777	-3.238253
1.3333	1.3333		-0.411883	-0.782033

/m100/home/userexternal/rjorge00/some_optimizations/GX_SIMSOPT/output_MAXITER150_dual_annealing_nfp2_QA_QA_nonlinear/gxRun_wout_nfp2_QA_000_000324: Step 3000: Time = 19.057017 	Heat flux = 1.005146e+01 	 Particle flux = 0.000000e+00 	 
ky	kx		omega		gamma
0.0000	-1.3333		-2.020789	-6.380085
0.0000	-1.2500		0.599063	6.868958
0.0000	-1.1667		3.434124	-2.290369
0.0000	-1.0833		9.427971	-4.267444
0.0000	-1.0000		18.339748	-1.006527
0.0000	-0.9167		6.602962	14.662713
0.0000	-0.8333		7.209697	10.748394
0.0000	-0.7500		-13.101238	1.545951
0.0000	-0.6667		0.920176	-1.662317
0.0000	-0.5833		0.900865	-1.182137
0.0000	-0.5000		0.311609	-3.129311
0.0000	-0.4167		-0.938569	-2.465470
0.0000	-0.3333		0.206082	-1.497493
0.0000	-0.2500		-0.995330	1.677259
0.0000	-0.1667		0.071132	0.045364
0.0000	-0.0833		0.279474	-0.105368
0.0000	0.0000
0.0000	0.0833		-0.279402	-0.105413
0.0000	0.1667		-0.070748	0.045801
0.0000	0.2500		0.996192	1.678169
0.0000	0.3333		-0.204829	-1.499101
0.0000	0.4167		0.940026	-2.466862
0.0000	0.5000		-0.310174	-3.128683
0.0000	0.5833		-0.900580	-1.185369
0.0000	0.6667		-0.921666	-1.661600
0.0000	0.7500		13.137874	1.538851
0.0000	0.8333		-7.217312	10.738701
0.0000	0.9167		-6.600589	14.660112
0.0000	1.0000		-18.374451	-0.992374
0.0000	1.0833		-9.422504	-4.265808
0.0000	1.1667		-3.431223	-2.293510
0.0000	1.2500		-0.597228	6.860778
0.0000	1.3333		2.025410	-6.387490

0.0833	-1.3333		-3.994833	2.831767
0.0833	-1.2500		2.942495	-0.608009
0.0833	-1.1667		1.522810	-1.458001
0.0833	-1.0833		-0.860387	2.503533
0.0833	-1.0000		1.176079	-4.479325
0.0833	-0.9167		-6.797050	0.155177
0.0833	-0.8333		0.535142	0.042541
0.0833	-0.7500		0.178866	-0.095298
0.0833	-0.6667		-3.434652	0.109776
0.0833	-0.5833		-0.922038	1.275240
0.0833	-0.5000		0.082002	1.466444
0.0833	-0.4167		2.319356	-1.031403
0.0833	-0.3333		-2.073537	3.318818
0.0833	-0.2500		0.010326	-2.205071
0.0833	-0.1667		-0.304708	0.577843
0.0833	-0.0833		0.136256	-0.181192
0.0833	0.0000		-0.085221	-0.234244
0.0833	0.0833		0.350213	0.108429
0.0833	0.1667		-0.148672	-0.395265
0.0833	0.2500		-0.932351	0.464967
0.0833	0.3333		0.418428	4.945651
0.0833	0.4167		-2.095956	1.420566
0.0833	0.5000		0.396831	0.742699
0.0833	0.5833		-0.504995	-1.117528
0.0833	0.6667		0.220662	-0.402032
0.0833	0.7500		-4.119317	4.818387
0.0833	0.8333		0.061596	1.480858
0.0833	0.9167		2.646820	5.960920
0.0833	1.0000		-0.163044	1.094957
0.0833	1.0833		1.114335	-2.382790
0.0833	1.1667		-1.014328	-1.139393
0.0833	1.2500		-2.934033	1.134989
0.0833	1.3333		0.233700	-0.714670

0.1667	-1.3333		-5.692855	1.191061
0.1667	-1.2500		16.915218	-7.264808
0.1667	-1.1667		1.258611	4.520037
0.1667	-1.0833		0.040899	0.392487
0.1667	-1.0000		-0.432353	2.001526
0.1667	-0.9167		1.165537	-0.524676
0.1667	-0.8333		0.633706	-5.204435
0.1667	-0.7500		6.254201	-3.379247
0.1667	-0.6667		1.932622	-1.598163
0.1667	-0.5833		-0.309840	0.276573
0.1667	-0.5000		-1.869922	2.213352
0.1667	-0.4167		-0.938079	-0.507787
0.1667	-0.3333		1.518124	0.044992
0.1667	-0.2500		0.024818	-0.085113
0.1667	-0.1667		-0.346826	-0.001651
0.1667	-0.0833		0.833104	-1.631891
0.1667	0.0000		0.126400	0.457934
0.1667	0.0833		0.061882	-0.083718
0.1667	0.1667		0.037672	-0.385265
0.1667	0.2500		0.252979	-0.107514
0.1667	0.3333		-0.898566	-0.161732
0.1667	0.4167		1.135021	-1.662956
0.1667	0.5000		0.293186	-0.146128
0.1667	0.5833		2.166317	-1.458913
0.1667	0.6667		-2.116034	-0.684136
0.1667	0.7500		-4.901816	0.379359
0.1667	0.8333		-1.798945	-1.205320
0.1667	0.9167		-2.316994	1.131063
0.1667	1.0000		-5.875574	9.048412
0.1667	1.0833		-4.247002	34.937630
0.1667	1.1667		-1.461836	-0.676608
0.1667	1.2500		0.675553	4.405402
0.1667	1.3333		2.715913	2.046452

0.2500	-1.3333		-0.114185	0.226969
0.2500	-1.2500		-1.622860	2.043088
0.2500	-1.1667		-1.351786	-2.931434
0.2500	-1.0833		-2.248450	-1.430561
0.2500	-1.0000		1.289019	2.682256
0.2500	-0.9167		-2.784742	-1.024817
0.2500	-0.8333		3.852704	6.743866
0.2500	-0.7500		0.197737	1.032146
0.2500	-0.6667		0.407816	-0.037234
0.2500	-0.5833		-0.730113	0.263431
0.2500	-0.5000		-0.610779	-1.088274
0.2500	-0.4167		-0.932049	-0.292363
0.2500	-0.3333		-1.128003	-0.277705
0.2500	-0.2500		0.086135	-2.990063
0.2500	-0.1667		0.407458	-0.158485
0.2500	-0.0833		-0.971290	-0.596258
0.2500	0.0000		-0.235707	0.707483
0.2500	0.0833		-0.219711	-0.022321
0.2500	0.1667		-1.981434	-0.195728
0.2500	0.2500		0.120078	0.969780
0.2500	0.3333		-0.865155	0.047007
0.2500	0.4167		-1.078901	0.007340
0.2500	0.5000		0.725801	2.546971
0.2500	0.5833		0.062619	-0.186980
0.2500	0.6667		-0.083428	1.003320
0.2500	0.7500		-0.379724	1.012289
0.2500	0.8333		2.682506	-2.185727
0.2500	0.9167		1.944953	-2.109842
0.2500	1.0000		-1.527698	-0.763407
0.2500	1.0833		0.247423	-1.560948
0.2500	1.1667		1.309230	-3.934708
0.2500	1.2500		-1.571014	2.046956
0.2500	1.3333		-0.612217	-0.682113

0.3333	-1.3333		7.619661	2.721928
0.3333	-1.2500		-0.024005	1.012047
0.3333	-1.1667		-1.367185	-0.310223
0.3333	-1.0833		-0.238166	2.031168
0.3333	-1.0000		-0.839743	0.561264
0.3333	-0.9167		-6.045367	-2.324793
0.3333	-0.8333		2.756333	-1.269182
0.3333	-0.7500		-1.375248	0.908193
0.3333	-0.6667		-0.687164	-0.648746
0.3333	-0.5833		-1.344092	-0.968265
0.3333	-0.5000		-0.225067	0.016173
0.3333	-0.4167		0.201458	1.593622
0.3333	-0.3333		1.816779	-0.736867
0.3333	-0.2500		-0.343524	-1.168947
0.3333	-0.1667		-1.386019	1.606223
0.3333	-0.0833		-0.093520	0.034313
0.3333	0.0000		-0.285135	-0.234424
0.3333	0.0833		-0.017596	-0.541078
0.3333	0.1667		0.591500	-0.768910
0.3333	0.2500		-0.167578	0.210579
0.3333	0.3333		-2.436570	0.041039
0.3333	0.4167		-1.115485	-0.221485
0.3333	0.5000		0.194321	0.429558
0.3333	0.5833		-0.477401	1.030453
0.3333	0.6667		1.108129	-1.850097
0.3333	0.7500		1.448462	1.684654
0.3333	0.8333		0.118996	1.024475
0.3333	0.9167		0.236777	-0.837029
0.3333	1.0000		5.517370	2.309457
0.3333	1.0833		2.432456	1.848892
0.3333	1.1667		-0.042470	-0.324107
0.3333	1.2500		-0.638339	-1.188453
0.3333	1.3333		-1.399852	-0.522709

0.4167	-1.3333		-0.955560	-2.096027
0.4167	-1.2500		6.481987	-3.609073
0.4167	-1.1667		-4.139605	-0.996009
0.4167	-1.0833		-3.575394	6.446108
0.4167	-1.0000		0.144417	1.814352
0.4167	-0.9167		-0.678015	-1.363905
0.4167	-0.8333		-2.482032	2.674616
0.4167	-0.7500		-3.198782	-5.234472
0.4167	-0.6667		-1.086660	1.604680
0.4167	-0.5833		1.074986	-0.124579
0.4167	-0.5000		-1.090911	-1.023301
0.4167	-0.4167		-1.185429	-8.955981
0.4167	-0.3333		-1.150083	0.420220
0.4167	-0.2500		-0.424188	-1.210637
0.4167	-0.1667		-0.527798	-1.178125
0.4167	-0.0833		-0.019877	-0.044896
0.4167	0.0000		-0.056177	0.389992
0.4167	0.0833		0.707287	0.916050
0.4167	0.1667		0.066627	-1.288102
0.4167	0.2500		-0.001638	-0.865178
0.4167	0.3333		-0.953835	-1.009333
0.4167	0.4167		-0.316585	-0.504400
0.4167	0.5000		10.707843	-97.060249
0.4167	0.5833		-0.602187	-0.149458
0.4167	0.6667		-0.954480	0.033196
0.4167	0.7500		-0.292810	-1.775120
0.4167	0.8333		-0.122605	-0.716512
0.4167	0.9167		-0.638810	3.401586
0.4167	1.0000		-0.030996	-1.301390
0.4167	1.0833		-0.690371	0.272513
0.4167	1.1667		0.318738	1.188877
0.4167	1.2500		-1.854905	0.162434
0.4167	1.3333		-2.614991	-1.069850

0.5000	-1.3333		-6.667323	-0.069532
0.5000	-1.2500		1.643318	0.501310
0.5000	-1.1667		4.965915	-5.637554
0.5000	-1.0833		5.220914	0.093934
0.5000	-1.0000		2.478086	6.487270
0.5000	-0.9167		0.986441	-2.025465
0.5000	-0.8333		-2.169686	-0.874926
0.5000	-0.7500		-0.913003	0.715621
0.5000	-0.6667		3.320342	1.485988
0.5000	-0.5833		0.270371	-3.182268
0.5000	-0.5000		0.873895	1.876228
0.5000	-0.4167		-0.216150	4.507982
0.5000	-0.3333		-0.010691	0.433215
0.5000	-0.2500		-0.172059	0.292171
0.5000	-0.1667		-0.290182	-0.052212
0.5000	-0.0833		-1.122474	-0.829200
0.5000	0.0000		0.189588	0.545461
0.5000	0.0833		-0.140807	0.304337
0.5000	0.1667		1.415993	-0.693388
0.5000	0.2500		-0.198623	0.019383
0.5000	0.3333		2.589617	3.551725
0.5000	0.4167		0.177681	-0.254006
0.5000	0.5000		1.193945	-5.089996
0.5000	0.5833		-0.093175	-0.719731
0.5000	0.6667		1.231790	2.429448
0.5000	0.7500		-0.617541	1.009630
0.5000	0.8333		0.419596	2.721453
0.5000	0.9167		-0.121998	-0.826308
0.5000	1.0000		-22.010654	-21.723198
0.5000	1.0833		1.423275	0.014170
0.5000	1.1667		-0.431040	-2.582870
0.5000	1.2500		1.364280	0.171677
0.5000	1.3333		5.069502	-7.831108

0.5833	-1.3333		-4.469678	4.820044
0.5833	-1.2500		0.669628	-7.775825
0.5833	-1.1667		6.530479	1.727815
0.5833	-1.0833		-0.685001	1.653855
0.5833	-1.0000		-1.460925	-6.246396
0.5833	-0.9167		-5.408446	-4.982144
0.5833	-0.8333		-0.685672	2.813704
0.5833	-0.7500		-18.214964	-6.131978
0.5833	-0.6667		-4.129090	-8.623357
0.5833	-0.5833		1.070386	-1.715250
0.5833	-0.5000		10.372960	-13.229445
0.5833	-0.4167		-2.777436	-4.856217
0.5833	-0.3333		-5.014323	-5.678899
0.5833	-0.2500		-0.262667	1.015826
0.5833	-0.1667		-1.123234	-0.198384
0.5833	-0.0833		-0.380760	-0.741334
0.5833	0.0000		-0.446787	0.029948
0.5833	0.0833		-0.154137	-0.274519
0.5833	0.1667		0.633801	-0.192917
0.5833	0.2500		0.574800	0.535662
0.5833	0.3333		-2.675826	-0.183359
0.5833	0.4167		-35.072174	2.027501
0.5833	0.5000		2.222434	-1.731645
0.5833	0.5833		-2.971886	2.304681
0.5833	0.6667		1.076321	-1.246777
0.5833	0.7500		-83.531273	-44.081181
0.5833	0.8333		-2.992304	-3.370251
0.5833	0.9167		0.802227	-0.045551
0.5833	1.0000		-2.556273	-6.668118
0.5833	1.0833		1.213411	-1.690071
0.5833	1.1667		2.517683	1.595533
0.5833	1.2500		-0.581258	-1.124756
0.5833	1.3333		-1.728728	-1.971667

0.6667	-1.3333		-0.967135	-0.676537
0.6667	-1.2500		1.562313	-1.604061
0.6667	-1.1667		0.140386	1.381618
0.6667	-1.0833		8.106490	1.050979
0.6667	-1.0000		0.431790	-0.009080
0.6667	-0.9167		-0.587143	4.176367
0.6667	-0.8333		-35.329487	-11.931399
0.6667	-0.7500		7.238846	4.445922
0.6667	-0.6667		-0.900880	3.298155
0.6667	-0.5833		0.416261	-1.456674
0.6667	-0.5000		-5.256870	-3.174736
0.6667	-0.4167		-1.393699	0.281299
0.6667	-0.3333		-6.581222	-2.176188
0.6667	-0.2500		0.245171	-1.187719
0.6667	-0.1667		0.247800	-0.694487
0.6667	-0.0833		0.073494	0.641138
0.6667	0.0000		-0.919640	0.283079
0.6667	0.0833		-0.007297	-0.200166
0.6667	0.1667		0.270293	-0.331700
0.6667	0.2500		-0.627509	-1.748512
0.6667	0.3333		-1.132113	-0.166992
0.6667	0.4167		-1.611911	-0.808045
0.6667	0.5000		-0.453987	1.171349
0.6667	0.5833		-2.710632	-0.028865
0.6667	0.6667		5.005103	-4.509093
0.6667	0.7500		-4.646017	3.182287
0.6667	0.8333		8.482639	-12.548720
0.6667	0.9167		-14.888670	-5.078588
0.6667	1.0000		-0.414803	1.175833
0.6667	1.0833		1.583468	-2.070610
0.6667	1.1667		-8.487639	-15.607842
0.6667	1.2500		-0.058723	1.215340
0.6667	1.3333		-2.931190	4.039065

0.7500	-1.3333		-0.469010	1.217257
0.7500	-1.2500		0.326817	-0.149079
0.7500	-1.1667		-4.215707	0.231134
0.7500	-1.0833		-2.663649	3.357534
0.7500	-1.0000		2.149880	3.027212
0.7500	-0.9167		14.205527	13.741983
0.7500	-0.8333		-6.333591	4.837035
0.7500	-0.7500		-19.924107	0.767755
0.7500	-0.6667		-3.399198	2.228359
0.7500	-0.5833		-0.166379	-0.274905
0.7500	-0.5000		-2.719445	-3.688886
0.7500	-0.4167		0.260762	1.410340
0.7500	-0.3333		1.572007	0.689404
0.7500	-0.2500		1.199407	0.009908
0.7500	-0.1667		-0.189323	-0.237409
0.7500	-0.0833		-1.601422	-0.893401
0.7500	0.0000		-0.354619	-0.008779
0.7500	0.0833		-0.915455	4.519877
0.7500	0.1667		-0.347702	0.219550
0.7500	0.2500		0.192045	-0.331352
0.7500	0.3333		0.579550	2.319273
0.7500	0.4167		-1.586658	1.483657
0.7500	0.5000		-1.599655	6.573425
0.7500	0.5833		0.207902	0.312442
0.7500	0.6667		-3.934029	2.572428
0.7500	0.7500		0.528321	0.248520
0.7500	0.8333		0.479360	-7.072299
0.7500	0.9167		7.657873	5.978973
0.7500	1.0000		2.999007	0.530435
0.7500	1.0833		0.780507	3.947276
0.7500	1.1667		-12.879603	-1.629225
0.7500	1.2500		-0.112634	-0.466561
0.7500	1.3333		-4.671009	-4.729154

0.8333	-1.3333		7.969193	-1.714559
0.8333	-1.2500		6.567713	-1.998285
0.8333	-1.1667		11.232498	8.617868
0.8333	-1.0833		-2.531078	-3.491272
0.8333	-1.0000		-6.546863	-8.464477
0.8333	-0.9167		-1.518403	-3.277529
0.8333	-0.8333		-0.994827	0.425374
0.8333	-0.7500		-0.773462	-1.108621
0.8333	-0.6667		3.941200	-3.027187
0.8333	-0.5833		0.099028	0.696395
0.8333	-0.5000		5.273164	-5.755486
0.8333	-0.4167		-5.082020	3.068729
0.8333	-0.3333		1.727641	5.267934
0.8333	-0.2500		-0.261660	0.336945
0.8333	-0.1667		-0.018480	-0.389653
0.8333	-0.0833		0.285186	0.206210
0.8333	0.0000		0.048104	0.131414
0.8333	0.0833		0.376190	1.406918
0.8333	0.1667		0.200989	0.104801
0.8333	0.2500		0.249111	2.744764
0.8333	0.3333		0.148335	0.352510
0.8333	0.4167		-0.761264	0.901241
0.8333	0.5000		3.076783	-2.020996
0.8333	0.5833		-0.476969	-0.822814
0.8333	0.6667		4.664552	-0.429095
0.8333	0.7500		-0.123085	-8.899182
0.8333	0.8333		0.519358	-0.231587
0.8333	0.9167		-7.227425	-3.228939
0.8333	1.0000		18.206623	17.291191
0.8333	1.0833		-12.200217	-12.083155
0.8333	1.1667		-11.086974	2.062502
0.8333	1.2500		1.229464	-5.414407
0.8333	1.3333		-0.423986	0.516992

0.9167	-1.3333		-2.237926	0.525643
0.9167	-1.2500		5.208546	0.423661
0.9167	-1.1667		3.594179	17.371424
0.9167	-1.0833		2.374518	-10.920496
0.9167	-1.0000		-1.312081	-1.337684
0.9167	-0.9167		1.524906	0.017598
0.9167	-0.8333		0.721962	6.065320
0.9167	-0.7500		3.917855	0.374906
0.9167	-0.6667		3.601907	-0.629480
0.9167	-0.5833		0.889776	1.123934
0.9167	-0.5000		-9.806618	3.252666
0.9167	-0.4167		-0.545772	-1.625490
0.9167	-0.3333		-0.002328	2.414846
0.9167	-0.2500		-0.951808	-3.050685
0.9167	-0.1667		0.231579	0.289303
0.9167	-0.0833		0.394066	-0.542130
0.9167	0.0000		1.205470	-0.497330
0.9167	0.0833		2.531689	1.876027
0.9167	0.1667		-1.942586	-0.090266
0.9167	0.2500		-3.503645	-0.228987
0.9167	0.3333		0.843025	1.152713
0.9167	0.4167		-1.844377	2.799179
0.9167	0.5000		4.987575	0.276701
0.9167	0.5833		1.166233	1.344061
0.9167	0.6667		-3.209884	4.188756
0.9167	0.7500		1.066274	1.858913
0.9167	0.8333		-8.723495	-8.776443
0.9167	0.9167		0.490059	0.149214
0.9167	1.0000		2.534789	-1.283079
0.9167	1.0833		71.724236	15.431400
0.9167	1.1667		3.795768	13.394500
0.9167	1.2500		8.230939	-3.722424
0.9167	1.3333		-1.401998	0.576044

1.0000	-1.3333		-1.670776	3.914145
1.0000	-1.2500		-5.706665	4.337843
1.0000	-1.1667		8.108610	6.575865
1.0000	-1.0833		-4.955868	-0.190884
1.0000	-1.0000		2.333869	3.319976
1.0000	-0.9167		-1.048234	2.578583
1.0000	-0.8333		-0.543203	-1.779734
1.0000	-0.7500		-11.200554	3.584955
1.0000	-0.6667		-0.941929	1.232924
1.0000	-0.5833		2.808284	-2.416922
1.0000	-0.5000		-1.940833	2.184566
1.0000	-0.4167		2.418401	0.991451
1.0000	-0.3333		0.350421	0.389697
1.0000	-0.2500		-0.079240	-0.649825
1.0000	-0.1667		2.671744	-0.793769
1.0000	-0.0833		-0.480078	0.045082
1.0000	0.0000		0.873106	-0.699676
1.0000	0.0833		-0.250284	-0.731088
1.0000	0.1667		0.193266	-0.051936
1.0000	0.2500		-0.561636	-1.950875
1.0000	0.3333		2.210584	0.360842
1.0000	0.4167		0.245060	-9.018067
1.0000	0.5000		-0.898535	-0.229540
1.0000	0.5833		-0.023739	-1.510840
1.0000	0.6667		-4.516551	-4.056237
1.0000	0.7500		-0.841773	-3.289417
1.0000	0.8333		-5.188491	16.298046
1.0000	0.9167		-1.181204	9.000596
1.0000	1.0000		3.422102	1.418437
1.0000	1.0833		-13.203026	4.690464
1.0000	1.1667		-2.705816	-1.260548
1.0000	1.2500		7.183438	0.546432
1.0000	1.3333		3.267334	-5.145151

1.0833	-1.3333		-3.882746	-46.381065
1.0833	-1.2500		-16.022196	2.765429
1.0833	-1.1667		-0.961079	0.048522
1.0833	-1.0833		-2.287758	-0.475260
1.0833	-1.0000		1.628140	4.851583
1.0833	-0.9167		1.607007	1.515125
1.0833	-0.8333		1.113318	-1.351707
1.0833	-0.7500		-1.101462	0.802991
1.0833	-0.6667		2.091415	-2.095497
1.0833	-0.5833		0.067491	-0.375194
1.0833	-0.5000		-0.028777	1.037448
1.0833	-0.4167		0.019767	-1.282585
1.0833	-0.3333		-0.530637	-0.604083
1.0833	-0.2500		-0.482872	1.870386
1.0833	-0.1667		0.190821	0.171421
1.0833	-0.0833		0.757349	0.086544
1.0833	0.0000		-1.036167	-0.810206
1.0833	0.0833		-0.745815	-0.466941
1.0833	0.1667		0.423623	0.096744
1.0833	0.2500		0.301478	-1.159738
1.0833	0.3333		-0.132119	-0.000316
1.0833	0.4167		0.423812	1.621996
1.0833	0.5000		0.119313	0.085517
1.0833	0.5833		-0.978070	0.857617
1.0833	0.6667		-5.322705	-4.707547
1.0833	0.7500		-1.227169	-1.212800
1.0833	0.8333		16.617990	3.473125
1.0833	0.9167		2.955285	-7.183316
1.0833	1.0000		6.848007	5.549352
1.0833	1.0833		-6.869158	-0.925561
1.0833	1.1667		-10.037370	-8.479472
1.0833	1.2500		14.581815	-4.830798
1.0833	1.3333		-20.193659	32.823700

1.1667	-1.3333		2.351998	5.151864
1.1667	-1.2500		3.045532	2.561769
1.1667	-1.1667		2.765893	0.793609
1.1667	-1.0833		0.638640	-2.903979
1.1667	-1.0000		-3.128836	-6.040349
1.1667	-0.9167		2.179396	-0.624772
1.1667	-0.8333		2.234469	6.666585
1.1667	-0.7500		0.590260	2.077757
1.1667	-0.6667		-5.099560	9.455748
1.1667	-0.5833		-5.317626	-2.296685
1.1667	-0.5000		0.090032	-1.041503
1.1667	-0.4167		2.188238	1.920323
1.1667	-0.3333		8.646117	1.941701
1.1667	-0.2500		-0.183219	0.846878
1.1667	-0.1667		-0.552478	-0.010692
1.1667	-0.0833		0.817740	-2.594642
1.1667	0.0000		-0.849860	-0.478820
1.1667	0.0833		-1.142910	0.841538
1.1667	0.1667		-0.967546	0.682705
1.1667	0.2500		-0.169557	0.821305
1.1667	0.3333		0.626811	0.372781
1.1667	0.4167		-1.532613	0.339403
1.1667	0.5000		-3.072493	0.271463
1.1667	0.5833		-4.695128	-5.590611
1.1667	0.6667		-0.176389	-0.311292
1.1667	0.7500		-9.774571	-1.749875
1.1667	0.8333		-2.968425	4.688741
1.1667	0.9167		1.673407	-0.515973
1.1667	1.0000		4.788105	2.012920
1.1667	1.0833		4.851078	1.590547
1.1667	1.1667		2.831084	-2.345933
1.1667	1.2500		2.468309	-1.333654
1.1667	1.3333		-2.184815	-2.944683

1.2500	-1.3333		-0.254618	0.240718
1.2500	-1.2500		2.085426	2.820672
1.2500	-1.1667		-2.320544	-6.053516
1.2500	-1.0833		0.790228	0.053231
1.2500	-1.0000		0.060162	-3.956533
1.2500	-0.9167		16.984594	-10.929634
1.2500	-0.8333		0.074848	0.097706
1.2500	-0.7500		-2.457159	0.835500
1.2500	-0.6667		-0.362263	-4.356816
1.2500	-0.5833		2.607937	2.697924
1.2500	-0.5000		1.080729	2.450174
1.2500	-0.4167		0.906627	-1.267155
1.2500	-0.3333		-0.552955	0.561954
1.2500	-0.2500		-0.605198	-0.100689
1.2500	-0.1667		0.148739	0.149086
1.2500	-0.0833		-1.120806	1.842479
1.2500	0.0000		2.573532	-0.573696
1.2500	0.0833		-0.782554	-0.681809
1.2500	0.1667		0.116919	-0.008978
1.2500	0.2500		-0.902311	5.990561
1.2500	0.3333		-1.676911	0.255694
1.2500	0.4167		-2.181656	0.192982
1.2500	0.5000		0.119159	-1.583059
1.2500	0.5833		-3.274965	-1.727835
1.2500	0.6667		2.343425	-14.966287
1.2500	0.7500		52.780064	-43.941444
1.2500	0.8333		-4.421869	0.280480
1.2500	0.9167		-4.416145	0.231557
1.2500	1.0000		2.529639	-5.145265
1.2500	1.0833		2.123338	-0.222161
1.2500	1.1667		-6.471033	6.555073
1.2500	1.2500		8.255489	-3.575066
1.2500	1.3333		-1.262562	2.740558

1.3333	-1.3333		-1.745193	0.876228
1.3333	-1.2500		-2.079576	-2.125904
1.3333	-1.1667		-1.608207	-2.035684
1.3333	-1.0833		-4.376967	19.396027
1.3333	-1.0000		2.215300	4.619432
1.3333	-0.9167		-20.790619	-17.267221
1.3333	-0.8333		-28.475224	-5.577662
1.3333	-0.7500		-2.262496	-4.665696
1.3333	-0.6667		3.809154	0.551350
1.3333	-0.5833		-1.124322	-1.693149
1.3333	-0.5000		4.190946	4.054648
1.3333	-0.4167		0.694333	3.905972
1.3333	-0.3333		0.058321	-0.063030
1.3333	-0.2500		0.893494	1.420617
1.3333	-0.1667		-2.434305	0.334283
1.3333	-0.0833		0.020013	-0.425215
1.3333	0.0000		0.070546	0.380984
1.3333	0.0833		0.051219	-0.364029
1.3333	0.1667		1.065103	0.387816
1.3333	0.2500		2.556848	-4.256115
1.3333	0.3333		-0.700668	0.047238
1.3333	0.4167		0.778471	-0.302787
1.3333	0.5000		0.453692	2.257712
1.3333	0.5833		2.957526	2.062225
1.3333	0.6667		0.635439	21.314102
1.3333	0.7500		-4.193602	-10.766253
1.3333	0.8333		-3.407228	-1.426319
1.3333	0.9167		0.177520	0.830607
1.3333	1.0000		5.128692	6.354659
1.3333	1.0833		-3.846797	2.751236
1.3333	1.1667		1.545959	-3.113073
1.3333	1.2500		6.683407	12.815361
1.3333	1.3333		1.376802	-2.315071

/m100/home/userexternal/rjorge00/some_optimizations/GX_SIMSOPT/output_MAXITER150_dual_annealing_nfp2_QA_QA_nonlinear/gxRun_wout_nfp2_QA_000_000324: Step 4000: Time = 27.958469 	Heat flux = 1.071935e+01 	 Particle flux = 0.000000e+00 	 
ky	kx		omega		gamma
0.0000	-1.3333		1.283158	5.035589
0.0000	-1.2500		0.868126	3.404382
0.0000	-1.1667		0.592762	0.590072
0.0000	-1.0833		33.368542	37.097210
0.0000	-1.0000		-12.131784	2.399585
0.0000	-0.9167		-6.067593	-2.897338
0.0000	-0.8333		4.145399	6.496789
0.0000	-0.7500		-2.005636	6.002663
0.0000	-0.6667		-0.922727	-1.837186
0.0000	-0.5833		-1.966141	0.262647
0.0000	-0.5000		-0.228838	-0.487634
0.0000	-0.4167		0.353635	-0.138998
0.0000	-0.3333		-0.484380	-0.350755
0.0000	-0.2500		-0.093162	-0.935919
0.0000	-0.1667		0.143106	-0.131720
0.0000	-0.0833		0.507820	0.065820
0.0000	0.0000
0.0000	0.0833		-0.507753	0.065807
0.0000	0.1667		-0.143042	-0.131251
0.0000	0.2500		0.093608	-0.934672
0.0000	0.3333		0.484565	-0.350292
0.0000	0.4167		-0.354901	-0.141088
0.0000	0.5000		0.228136	-0.487357
0.0000	0.5833		1.964319	0.262430
0.0000	0.6667		0.920641	-1.836417
0.0000	0.7500		2.006716	6.001184
0.0000	0.8333		-4.143766	6.495500
0.0000	0.9167		6.063601	-2.893101
0.0000	1.0000		12.125514	2.393873
0.0000	1.0833		-33.573917	37.210457
0.0000	1.1667		-0.595688	0.591601
0.0000	1.2500		-0.869741	3.404183
0.0000	1.3333		-1.279321	5.033365

0.0833	-1.3333		1.759392	1.197538
0.0833	-1.2500		-0.399227	-1.023412
0.0833	-1.1667		-1.478027	9.341986
0.0833	-1.0833		7.828094	-3.822875
0.0833	-1.0000		2.590056	1.240545
0.0833	-0.9167		1.258394	-0.325263
0.0833	-0.8333		-5.062963	1.087727
0.0833	-0.7500		-0.463253	2.392032
0.0833	-0.6667		-0.810551	-0.159334
0.0833	-0.5833		-0.623195	-0.186352
0.0833	-0.5000		-0.648678	-0.299494
0.0833	-0.4167		0.279414	0.583282
0.0833	-0.3333		-0.571304	-2.085869
0.0833	-0.2500		-1.254491	-1.575279
0.0833	-0.1667		-0.749868	-0.765494
0.0833	-0.0833		0.131469	0.140842
0.0833	0.0000		-0.257233	-0.111409
0.0833	0.0833		-0.939820	-0.057552
0.0833	0.1667		-0.541343	0.437384
0.0833	0.2500		-0.777330	0.334200
0.0833	0.3333		0.780954	-0.082737
0.0833	0.4167		-0.131549	0.046299
0.0833	0.5000		1.260201	1.575682
0.0833	0.5833		-0.511150	-0.151092
0.0833	0.6667		2.440023	0.266340
0.0833	0.7500		2.435138	-3.083216
0.0833	0.8333		4.765215	-0.631180
0.0833	0.9167		-1.518034	-4.210828
0.0833	1.0000		-0.624979	-1.136709
0.0833	1.0833		0.599978	-0.403576
0.0833	1.1667		-0.792413	-2.518606
0.0833	1.2500		0.362477	-0.871859
0.0833	1.3333		-1.274086	1.128027

0.1667	-1.3333		-3.778049	0.154437
0.1667	-1.2500		1.496486	0.755034
0.1667	-1.1667		-2.090854	-0.641977
0.1667	-1.0833		0.251636	-1.283731
0.1667	-1.0000		8.402547	0.622385
0.1667	-0.9167		-1.552050	-0.570296
0.1667	-0.8333		1.412258	-0.010492
0.1667	-0.7500		1.613862	-0.543947
0.1667	-0.6667		1.678950	-2.398116
0.1667	-0.5833		-1.661179	2.437270
0.1667	-0.5000		-5.080603	3.531520
0.1667	-0.4167		2.054258	0.894571
0.1667	-0.3333		0.572036	-0.962648
0.1667	-0.2500		3.315032	0.082677
0.1667	-0.1667		-1.202258	-1.229698
0.1667	-0.0833		0.370907	0.139230
0.1667	0.0000		0.051437	0.003184
0.1667	0.0833		0.391163	-0.151439
0.1667	0.1667		-0.335349	0.318277
0.1667	0.2500		1.419080	-2.892753
0.1667	0.3333		-0.497112	0.050742
0.1667	0.4167		0.170199	0.311266
0.1667	0.5000		2.389340	1.568273
0.1667	0.5833		-0.983304	-0.906464
0.1667	0.6667		3.565509	0.262967
0.1667	0.7500		-1.482718	-0.200094
0.1667	0.8333		-2.055588	0.041549
0.1667	0.9167		-0.405227	-0.618935
0.1667	1.0000		-0.637774	0.204165
0.1667	1.0833		2.938004	1.127115
0.1667	1.1667		1.553144	-1.649897
0.1667	1.2500		0.713754	-0.560574
0.1667	1.3333		1.074021	2.304198

0.2500	-1.3333		-1.065946	0.066703
0.2500	-1.2500		-1.494478	-1.140637
0.2500	-1.1667		1.426246	-1.955543
0.2500	-1.0833		3.912503	0.990787
0.2500	-1.0000		3.565736	20.179031
0.2500	-0.9167		7.968332	29.629108
0.2500	-0.8333		5.420738	-1.558130
0.2500	-0.7500		-0.292838	-1.273458
0.2500	-0.6667		1.115992	-1.930320
0.2500	-0.5833		0.336840	0.320627
0.2500	-0.5000		-0.669709	0.780177
0.2500	-0.4167		-0.295978	-0.632462
0.2500	-0.3333		-0.961626	-0.499073
0.2500	-0.2500		-1.411041	-2.469775
0.2500	-0.1667		0.134353	0.293154
0.2500	-0.0833		-0.226061	0.927210
0.2500	0.0000		-0.419663	-0.025602
0.2500	0.0833		-0.062792	-0.162881
0.2500	0.1667		-1.756072	4.667964
0.2500	0.2500		0.440292	0.693559
0.2500	0.3333		0.182596	-0.848232
0.2500	0.4167		-0.042935	0.829236
0.2500	0.5000		-1.251826	0.424499
0.2500	0.5833		-4.239367	-0.410397
0.2500	0.6667		-0.787228	1.422788
0.2500	0.7500		-0.854535	-0.222585
0.2500	0.8333		-1.582850	-0.333774
0.2500	0.9167		0.334791	-0.943484
0.2500	1.0000		1.023989	-2.485275
0.2500	1.0833		-5.227190	1.941440
0.2500	1.1667		0.746665	6.912588
0.2500	1.2500		1.542083	-2.046137
0.2500	1.3333		2.610914	0.597561

0.3333	-1.3333		-6.066471	-20.268311
0.3333	-1.2500		-10.018469	3.758898
0.3333	-1.1667		0.559289	0.254675
0.3333	-1.0833		1.987448	2.303133
0.3333	-1.0000		4.148075	-2.536191
0.3333	-0.9167		-0.478383	-0.012702
0.3333	-0.8333		2.135576	-1.433459
0.3333	-0.7500		7.202382	-8.757572
0.3333	-0.6667		-0.887077	-1.249878
0.3333	-0.5833		0.927817	-1.851727
0.3333	-0.5000		-7.828993	2.852809
0.3333	-0.4167		4.241476	-3.908814
0.3333	-0.3333		1.530844	4.301832
0.3333	-0.2500		-0.346399	0.054018
0.3333	-0.1667		2.150824	-2.186794
0.3333	-0.0833		-0.316442	-0.199401
0.3333	0.0000		-0.161690	0.211924
0.3333	0.0833		-0.643895	0.239647
0.3333	0.1667		-0.166249	0.330510
0.3333	0.2500		-0.307734	0.175333
0.3333	0.3333		-3.625444	0.660174
0.3333	0.4167		-0.086095	0.114949
0.3333	0.5000		-0.021920	2.455736
0.3333	0.5833		1.191109	-0.203694
0.3333	0.6667		0.223794	-1.456950
0.3333	0.7500		1.785330	-0.786497
0.3333	0.8333		2.020782	-0.829225
0.3333	0.9167		-1.232689	1.287343
0.3333	1.0000		1.979571	-3.080257
0.3333	1.0833		-0.109580	-1.072678
0.3333	1.1667		3.752152	5.217978
0.3333	1.2500		-2.316320	2.364545
0.3333	1.3333		0.473171	-0.311697

0.4167	-1.3333		0.337144	0.524245
0.4167	-1.2500		0.289152	-4.879009
0.4167	-1.1667		-4.081384	-3.941136
0.4167	-1.0833		-0.737440	-8.570803
0.4167	-1.0000		-1.736725	-0.686576
0.4167	-0.9167		-2.801698	0.010715
0.4167	-0.8333		-0.362154	0.735394
0.4167	-0.7500		7.635383	-2.780148
0.4167	-0.6667		-0.206453	-0.865565
0.4167	-0.5833		-7.754532	2.593809
0.4167	-0.5000		-4.790096	3.865679
0.4167	-0.4167		-1.370605	-0.960567
0.4167	-0.3333		-0.255071	-0.773047
0.4167	-0.2500		-0.215786	-1.428591
0.4167	-0.1667		-0.436893	-0.417488
0.4167	-0.0833		-0.348240	-0.754136
0.4167	0.0000		0.082633	0.049691
0.4167	0.0833		0.500703	0.253768
0.4167	0.1667		0.854160	-0.081923
0.4167	0.2500		1.661980	-0.754743
0.4167	0.3333		1.433297	0.339551
0.4167	0.4167		-0.437501	-0.699950
0.4167	0.5000		1.943089	1.307122
0.4167	0.5833		-0.422686	0.146904
0.4167	0.6667		5.659730	-0.123852
0.4167	0.7500		-5.022427	-4.042730
0.4167	0.8333		-0.465317	0.388466
0.4167	0.9167		-2.908042	2.905756
0.4167	1.0000		-3.675624	4.924008
0.4167	1.0833		-0.252098	0.479548
0.4167	1.1667		-1.034289	-5.121910
0.4167	1.2500		-0.892811	0.746245
0.4167	1.3333		1.980114	-1.279252

0.5000	-1.3333		-4.127923	-3.826146
0.5000	-1.2500		3.691435	0.465968
0.5000	-1.1667		-2.404788	-0.780627
0.5000	-1.0833		-0.632455	-1.167249
0.5000	-1.0000		4.067887	44.459373
0.5000	-0.9167		0.542914	1.018006
0.5000	-0.8333		-3.592105	-4.360785
0.5000	-0.7500		-0.463825	2.406011
0.5000	-0.6667		1.453282	-1.022915
0.5000	-0.5833		3.299855	4.825664
0.5000	-0.5000		-15.362330	5.884283
0.5000	-0.4167		-3.022370	-1.770569
0.5000	-0.3333		2.056236	1.218462
0.5000	-0.2500		-0.116787	-0.410911
0.5000	-0.1667		-0.057166	-0.311774
0.5000	-0.0833		-0.334435	-0.299706
0.5000	0.0000		-0.182504	0.117534
0.5000	0.0833		-0.272742	-0.049517
0.5000	0.1667		-1.517416	-1.962913
0.5000	0.2500		-4.015358	2.254641
0.5000	0.3333		-0.520943	0.223581
0.5000	0.4167		-11.435047	1.274029
0.5000	0.5000		0.683647	1.801510
0.5000	0.5833		-0.698522	1.713952
0.5000	0.6667		-1.841083	5.882088
0.5000	0.7500		20.353470	-16.927956
0.5000	0.8333		1.822744	5.633300
0.5000	0.9167		-0.199891	-0.341708
0.5000	1.0000		-0.727845	1.484111
0.5000	1.0833		-4.661210	8.015557
0.5000	1.1667		-0.317989	-0.973504
0.5000	1.2500		1.315159	0.340776
0.5000	1.3333		-0.899479	0.264130

0.5833	-1.3333		3.253370	-1.030208
0.5833	-1.2500		2.743227	3.961408
0.5833	-1.1667		30.775141	1.721224
0.5833	-1.0833		-0.768472	6.589174
0.5833	-1.0000		-2.635788	0.368797
0.5833	-0.9167		4.168078	3.533305
0.5833	-0.8333		3.852094	-6.876478
0.5833	-0.7500		-0.247774	-2.747201
0.5833	-0.6667		-1.936986	2.250553
0.5833	-0.5833		-0.454729	0.463378
0.5833	-0.5000		-0.889253	1.256673
0.5833	-0.4167		-0.849752	-0.794342
0.5833	-0.3333		0.836084	0.012009
0.5833	-0.2500		-0.281724	0.667111
0.5833	-0.1667		-0.115550	-0.873093
0.5833	-0.0833		0.047403	-0.235074
0.5833	0.0000		-0.169291	0.052227
0.5833	0.0833		0.154758	-0.482764
0.5833	0.1667		-0.295569	0.181011
0.5833	0.2500		-0.063652	0.070774
0.5833	0.3333		1.365450	0.389449
0.5833	0.4167		-0.380528	-0.188231
0.5833	0.5000		-1.196652	-0.894885
0.5833	0.5833		-0.558737	2.491071
0.5833	0.6667		-3.440040	-2.482122
0.5833	0.7500		0.756549	1.147140
0.5833	0.8333		-0.766807	4.210780
0.5833	0.9167		2.159135	-0.296296
0.5833	1.0000		-5.079705	3.067127
0.5833	1.0833		2.133510	-0.491455
0.5833	1.1667		5.290874	-4.035003
0.5833	1.2500		0.021571	-3.415792
0.5833	1.3333		6.315162	-2.076558

0.6667	-1.3333		2.819836	2.828285
0.6667	-1.2500		-1.066412	-1.082465
0.6667	-1.1667		0.491452	-3.122246
0.6667	-1.0833		5.504033	5.123158
0.6667	-1.0000		-0.126330	-0.324929
0.6667	-0.9167		-2.595663	3.869312
0.6667	-0.8333		-2.136531	-4.842136
0.6667	-0.7500		1.572116	-0.906038
0.6667	-0.6667		6.825953	17.223969
0.6667	-0.5833		-3.951011	0.862074
0.6667	-0.5000		1.523244	2.124497
0.6667	-0.4167		-1.206424	1.500595
0.6667	-0.3333		2.664045	1.525247
0.6667	-0.2500		-0.255324	-1.045850
0.6667	-0.1667		-0.318034	-0.209501
0.6667	-0.0833		-0.653440	-0.464476
0.6667	0.0000		-1.163755	-2.987182
0.6667	0.0833		0.952813	0.352854
0.6667	0.1667		-0.492326	1.784543
0.6667	0.2500		-0.058673	-1.281073
0.6667	0.3333		-5.570513	-68.601509
0.6667	0.4167		-6.161819	-5.751770
0.6667	0.5000		5.383793	-0.410661
0.6667	0.5833		1.784374	1.685586
0.6667	0.6667		-4.144016	1.008235
0.6667	0.7500		-2.990438	3.767765
0.6667	0.8333		1.008294	-1.812739
0.6667	0.9167		6.401457	6.040228
0.6667	1.0000		-2.403361	5.832953
0.6667	1.0833		-2.776350	-0.402721
0.6667	1.1667		-1.507686	-4.014326
0.6667	1.2500		3.394766	-2.901450
0.6667	1.3333		-3.162182	1.815578

0.7500	-1.3333		3.257657	-2.940342
0.7500	-1.2500		-2.327610	-1.261276
0.7500	-1.1667		-5.215846	4.951447
0.7500	-1.0833		3.047223	5.558124
0.7500	-1.0000		-0.220089	-7.343486
0.7500	-0.9167		-0.526355	-1.922724
0.7500	-0.8333		1.844014	1.263041
0.7500	-0.7500		-0.206056	-1.480517
0.7500	-0.6667		-1.705373	2.115317
0.7500	-0.5833		-0.453246	-2.808477
0.7500	-0.5000		1.448261	-0.456469
0.7500	-0.4167		8.068581	0.090215
0.7500	-0.3333		-0.204912	0.713690
0.7500	-0.2500		1.967835	-0.638750
0.7500	-0.1667		0.437951	-1.362467
0.7500	-0.0833		-0.701211	1.490187
0.7500	0.0000		0.158372	0.647506
0.7500	0.0833		-0.000744	0.502205
0.7500	0.1667		-1.220428	0.823605
0.7500	0.2500		2.313731	2.747598
0.7500	0.3333		-1.127134	-2.114930
0.7500	0.4167		1.075791	-2.035582
0.7500	0.5000		-1.516414	-0.409690
0.7500	0.5833		1.518067	0.848312
0.7500	0.6667		3.584296	1.001497
0.7500	0.7500		0.359534	3.871709
0.7500	0.8333		1.793317	-0.056302
0.7500	0.9167		2.225438	-21.531448
0.7500	1.0000		1.801053	13.196917
0.7500	1.0833		0.928896	4.088719
0.7500	1.1667		-2.376795	-0.226416
0.7500	1.2500		-3.882311	-2.806058
0.7500	1.3333		3.636145	-2.215464

0.8333	-1.3333		0.962526	-0.812331
0.8333	-1.2500		0.816301	0.026735
0.8333	-1.1667		-1.845015	2.888801
0.8333	-1.0833		-13.025518	0.795842
0.8333	-1.0000		90.837181	15.382833
0.8333	-0.9167		-12.225940	-8.258038
0.8333	-0.8333		-0.425995	0.569497
0.8333	-0.7500		-2.014019	0.198873
0.8333	-0.6667		-3.094605	-4.002493
0.8333	-0.5833		2.434813	-1.889713
0.8333	-0.5000		1.934272	10.743773
0.8333	-0.4167		-5.239907	-6.082375
0.8333	-0.3333		2.610902	0.294355
0.8333	-0.2500		1.069010	2.317724
0.8333	-0.1667		-7.438766	0.545083
0.8333	-0.0833		-0.174706	-0.741754
0.8333	0.0000		0.017927	0.353276
0.8333	0.0833		0.225404	0.529101
0.8333	0.1667		-0.275823	-0.061896
0.8333	0.2500		-1.067025	0.981217
0.8333	0.3333		-1.104517	-0.810860
0.8333	0.4167		8.403138	4.070383
0.8333	0.5000		4.292106	-2.082513
0.8333	0.5833		0.242589	-0.697172
0.8333	0.6667		6.957413	-2.821152
0.8333	0.7500		-8.549906	3.742446
0.8333	0.8333		-18.168015	-16.875250
0.8333	0.9167		-3.058039	12.262643
0.8333	1.0000		14.069571	-32.390171
0.8333	1.0833		1.577752	17.485605
0.8333	1.1667		0.710116	2.669863
0.8333	1.2500		3.295218	-2.180846
0.8333	1.3333		-0.512689	0.186330

0.9167	-1.3333		-1.812495	-1.146974
0.9167	-1.2500		1.999939	-5.379379
0.9167	-1.1667		-18.922115	14.893825
0.9167	-1.0833		10.486353	68.342354
0.9167	-1.0000		4.610248	-2.585491
0.9167	-0.9167		1.526789	6.331164
0.9167	-0.8333		3.918504	0.139166
0.9167	-0.7500		-1.663807	5.667910
0.9167	-0.6667		-1.510386	-1.179350
0.9167	-0.5833		1.588445	6.483707
0.9167	-0.5000		-3.167492	-0.926209
0.9167	-0.4167		-3.767511	2.541533
0.9167	-0.3333		-1.540045	-0.131694
0.9167	-0.2500		1.986006	-1.783968
0.9167	-0.1667		-0.613162	0.345027
0.9167	-0.0833		-0.014659	-0.510796
0.9167	0.0000		-0.148607	-0.408147
0.9167	0.0833		1.481113	-0.143916
0.9167	0.1667		2.251933	1.684880
0.9167	0.2500		0.999248	-0.364075
0.9167	0.3333		0.413969	-0.392070
0.9167	0.4167		0.293069	-0.847935
0.9167	0.5000		-5.380204	0.724174
0.9167	0.5833		0.418748	-3.064296
0.9167	0.6667		2.582955	-0.944072
0.9167	0.7500		-0.288662	-1.152768
0.9167	0.8333		-4.939277	-3.918876
0.9167	0.9167		-7.777829	-4.498384
0.9167	1.0000		-21.460260	-3.333612
0.9167	1.0833		-6.052771	2.289215
0.9167	1.1667		1.751497	5.870555
0.9167	1.2500		1.246571	-3.894177
0.9167	1.3333		-1.681450	1.902274

1.0000	-1.3333		-3.123274	-2.417069
1.0000	-1.2500		0.496874	3.720909
1.0000	-1.1667		20.453156	-20.358702
1.0000	-1.0833		3.490166	0.061981
1.0000	-1.0000		-24.459484	-22.102194
1.0000	-0.9167		-3.787015	-5.762581
1.0000	-0.8333		4.075454	-2.407487
1.0000	-0.7500		0.537005	-0.171405
1.0000	-0.6667		-1.342748	1.036782
1.0000	-0.5833		-6.308236	-4.197708
1.0000	-0.5000		6.648314	18.110844
1.0000	-0.4167		-0.146191	-4.485435
1.0000	-0.3333		-0.230093	-1.956593
1.0000	-0.2500		1.247743	0.001596
1.0000	-0.1667		0.552258	1.311285
1.0000	-0.0833		0.040680	0.510619
1.0000	0.0000		1.089225	-0.052509
1.0000	0.0833		0.808532	-0.162265
1.0000	0.1667		-0.313390	0.022894
1.0000	0.2500		1.410292	-1.545480
1.0000	0.3333		-0.387207	0.903424
1.0000	0.4167		-1.359451	2.655919
1.0000	0.5000		-2.857903	-3.086664
1.0000	0.5833		2.186308	1.712855
1.0000	0.6667		-39.305836	17.756891
1.0000	0.7500		0.221407	-1.725857
1.0000	0.8333		-0.185043	0.331864
1.0000	0.9167		2.116735	-2.250191
1.0000	1.0000		2.692659	-5.794417
1.0000	1.0833		-11.489099	5.871889
1.0000	1.1667		14.821765	60.823883
1.0000	1.2500		1.727909	23.917480
1.0000	1.3333		5.377936	1.575682

1.0833	-1.3333		79.869156	-51.018349
1.0833	-1.2500		1.435677	0.804626
1.0833	-1.1667		29.109035	40.491028
1.0833	-1.0833		-3.312441	2.048144
1.0833	-1.0000		1.777158	2.721839
1.0833	-0.9167		-0.656352	-1.233170
1.0833	-0.8333		-1.089269	6.522394
1.0833	-0.7500		-0.306418	-9.758091
1.0833	-0.6667		-3.161867	-5.713171
1.0833	-0.5833		-90.837021	-27.723848
1.0833	-0.5000		-7.729244	18.513363
1.0833	-0.4167		5.771767	7.900107
1.0833	-0.3333		3.778775	1.888457
1.0833	-0.2500		0.274710	-0.149124
1.0833	-0.1667		-0.068692	-0.330742
1.0833	-0.0833		0.112927	0.308852
1.0833	0.0000		-2.604422	-0.775853
1.0833	0.0833		2.405315	-0.977265
1.0833	0.1667		0.275223	0.894495
1.0833	0.2500		-0.063741	-0.548272
1.0833	0.3333		1.182043	0.113490
1.0833	0.4167		-1.843919	0.881906
1.0833	0.5000		-1.956667	1.495796
1.0833	0.5833		-0.380560	7.342802
1.0833	0.6667		-2.458206	-1.447485
1.0833	0.7500		6.958367	3.740467
1.0833	0.8333		-0.502666	-4.148407
1.0833	0.9167		0.704744	0.201480
1.0833	1.0000		-6.994158	0.512034
1.0833	1.0833		-7.790681	1.942647
1.0833	1.1667		6.910102	-18.035328
1.0833	1.2500		2.382154	2.702306
1.0833	1.3333		-4.759107	1.925149

1.1667	-1.3333		-1.231246	1.524426
1.1667	-1.2500		-0.389484	0.871933
1.1667	-1.1667		-3.959459	-2.749152
1.1667	-1.0833		-2.899706	-0.381536
1.1667	-1.0000		0.920594	-0.266233
1.1667	-0.9167		-1.244055	-0.751279
1.1667	-0.8333		-5.871153	20.627337
1.1667	-0.7500		-2.728155	-0.055508
1.1667	-0.6667		-2.558366	-0.156602
1.1667	-0.5833		-3.859036	4.312612
1.1667	-0.5000