Phi_vmec at LCFS = 0.048
Reference Length = 0.162824
Reference B Field = 0.576308
Interpolating using radial indices 8 and 9 of 15 from VMEC's half mesh
Weight for half mesh = 1 and 0
Interpolating using radial indicies 8 and 9 of 16 from VMEC's full mesh
Weight for full mesh = 1.5 and -0.5
iota = -0.863699
ds = 0.0666667
shat = -0.237711
d iota / ds = -0.205311
d pressure / ds = 0
theta pest = [-6.28319, -6.08684, -5.89049, -5.69414, -5.49779, -5.30144, -5.10509, -4.90874, -4.71239, -4.51604, -4.31969, -4.12334, -3.92699, -3.73064, -3.53429, -3.33794, -3.14159, -2.94524, -2.74889, -2.55254, -2.35619, -2.15984, -1.9635, -1.76715, -1.5708, -1.37445, -1.1781, -0.981748, -0.785398, -0.589049, -0.392699, -0.19635, 0, 0.19635, 0.392699, 0.589049, 0.785398, 0.981748, 1.1781, 1.37445, 1.5708, 1.76715, 1.9635, 2.15984, 2.35619, 2.55254, 2.74889, 2.94524, 3.14159, 3.33794, 3.53429, 3.73064, 3.92699, 4.12334, 4.31969, 4.51604, 4.71239, 4.90874, 5.10509, 5.30144, 5.49779, 5.69414, 5.89049, 6.08684, 6.28319, ]


---------------------------------------------
Beginning root solves to determine theta_vmec
Values of theta_vmec from GSL solver:
[-6.14674, -6.14646, -6.13287, -5.99475, -5.70107, -5.35537, -5.10598, -5.0072, -4.99993, -4.9642, -4.78207, -4.41457, -3.98667, -3.67872, -3.52045, -3.43833, -3.32394, -3.07794, -2.66537, -2.21725, -1.928, -1.81928, -1.79242, -1.7241, -1.52343, -1.18111, -0.819944, -0.593838, -0.529647, -0.538247, -0.496147, -0.311053, 0, 0.311053, 0.496147, 0.538247, 0.529647, 0.593838, 0.819944, 1.18111, 1.52343, 1.7241, 1.79242, 1.81928, 1.928, 2.21725, 2.66537, 3.07794, 3.32394, 3.43833, 3.52045, 3.67872, 3.98667, 4.41457, 4.78207, 4.9642, 4.99993, 5.0072, 5.10598, 5.35537, 5.70107, 5.99475, 6.13287, 6.14646, 6.14674, ]
---------------------------------------------

Relative difference between two methods for computing iota = 0.000285004 (should be << 1)
Relative difference between two methods for computing grad_zeta_X = 0.00123627 (should be << 1)
Relative difference between two methods for computing grad_zeta_Y = 0.00110029 (should be << 1)
maxval(abs(grad_zeta_Z)) = 7.3031e-17 (should be < 1.)
Relative difference between two methods for computing sqrt_g = 0.00105269 (should be << 1)
Relative difference between two methods for computing 1/sqrt_g = 0.000920155 (should be << 1)
Relative difference between two methods for computing B_sub_theta_vmec = 0.0010356 (should be << 1)
Relative difference between two methods for computing B_sub_zeta = 0.000201177 (should be << 1)
Relative difference between two methods for computing B_sub_s = 0.00121558 (should be << 1)
Relative difference between two methods for computing B_sup_theta_vmec = 0.00100876 (should be << 1)
Relative difference between two methods for computing B_sup_zeta = 4.78475e-05 (should be << 1)
maxval(abs(B_sup_s)) = 1.33227e-15 (should be < 1.)
Relative difference between two methods for computing B_cross_grad_s_dot_grad_alpha = 0.00107368 (should be << 1)
Relative difference between two methods for computing B_cross_grad_B_dot_grad_alpha = 0.00122574 (should be << 1)



**************************************************
You have chosen not to take a subset of the flux tube. The (unscaled) flux tube will go from [-6.28319,6.28319]
**************************************************
Finished creating grid file
