Running /m100/home/userexternal/rjorge00/some_optimizations/GX_SIMSOPT/output/GX-nfp4_QH_000_000024 
Version: e01db66-dirty 	 Compiled: Mon Oct 31 16:46:05 CET 2022 
[35mUsing hypercollisions.
Using hyperdiffusion.
[0mREADING NC GEO
set_jtwist_x0: shat_in = -0.190909
jtwist = 1, x0 = 16.673376
[34mAllocated a field array of size 0.00 MB
Allocated a field array of size 0.00 MB
Allocated a field array of size 0.00 MB
[0mAllocated a G_lm array of size 0.42 MB
Allocated a field array of size 0.00 MB
Allocated a field array of size 0.00 MB
Allocated a field array of size 0.00 MB
Allocated a G_lm array of size 0.42 MB
Allocated a G_lm array of size 0.42 MB
Allocated a G_lm array of size 0.42 MB
Allocated a G_lm array of size 0.42 MB
GPU memory usage: used = 486.000000 MB (3.013393 %), free = 15642.000000 MB (96.986607 %), total = 16128.000000 MB
/m100/home/userexternal/rjorge00/some_optimizations/GX_SIMSOPT/output/GX-nfp4_QH_000_000024: Step 0: Time = 0.000000 	Heat flux = -2.635592e-19 	 Particle flux = 0.000000e+00 	 
ky	kx		omega		gamma
0.0000	0.0000
0.0500	0.0000		-0.001846	-0.047820
0.1000	0.0000		0.018263	-0.015134
0.1500	0.0000		0.046339	0.012733
0.2000	0.0000		0.069761	0.026556
0.2500	0.0000		0.083479	0.026138
0.3000	0.0000		0.085858	0.021653
0.3500	0.0000		0.083537	0.024185
0.4000	0.0000		0.087086	0.032965
0.4500	0.0000		0.099617	0.039529
0.5000	0.0000		0.118574	0.037694
0.5500	0.0000		0.141129	0.024382
/m100/home/userexternal/rjorge00/some_optimizations/GX_SIMSOPT/output/GX-nfp4_QH_000_000024: Step 1000: Time = 20.000000 	Heat flux = 1.734894e-10 	 Particle flux = 0.000000e+00 	 
ky	kx		omega		gamma
0.0000	0.0000
0.0500	0.0000		0.040541	-0.013247
0.1000	0.0000		0.044166	0.003866
0.1500	0.0000		0.049638	0.010105
0.2000	0.0000		0.050357	0.006291
0.2500	0.0000		0.035550	0.012328
0.3000	0.0000		0.041294	0.037646
0.3500	0.0000		0.059957	0.046270
0.4000	0.0000		0.075701	0.049854
0.4500	0.0000		0.094142	0.050569
0.5000	0.0000		0.115698	0.044156
0.5500	0.0000		0.139257	0.027783
/m100/home/userexternal/rjorge00/some_optimizations/GX_SIMSOPT/output/GX-nfp4_QH_000_000024: Step 2000: Time = 39.999999 	Heat flux = 8.007264e-10 	 Particle flux = 0.000000e+00 	 
ky	kx		omega		gamma
0.0000	0.0000
0.0500	0.0000		0.014024	0.013776
0.1000	0.0000		0.038755	0.011393
0.1500	0.0000		0.041202	0.003848
0.2000	0.0000		0.029691	0.024149
0.2500	0.0000		0.058918	0.037658
0.3000	0.0000		0.067338	0.025233
0.3500	0.0000		0.062127	0.031541
0.4000	0.0000		0.073623	0.045186
0.4500	0.0000		0.093257	0.049306
0.5000	0.0000		0.115482	0.043816
0.5500	0.0000		0.139259	0.027717
/m100/home/userexternal/rjorge00/some_optimizations/GX_SIMSOPT/output/GX-nfp4_QH_000_000024: Step 3000: Time = 59.999999 	Heat flux = 4.135665e-09 	 Particle flux = 0.000000e+00 	 
ky	kx		omega		gamma
0.0000	0.0000
0.0500	0.0000		0.011496	-0.003422
0.1000	0.0000		0.038925	0.002739
0.1500	0.0000		0.037622	-0.000409
0.2000	0.0000		0.046124	0.022606
0.2500	0.0000		0.054791	0.017208
0.3000	0.0000		0.053653	0.023756
0.3500	0.0000		0.058604	0.035806
0.4000	0.0000		0.073627	0.046544
0.4500	0.0000		0.093376	0.049551
0.5000	0.0000		0.115512	0.043846
0.5500	0.0000		0.139267	0.027705
/m100/home/userexternal/rjorge00/some_optimizations/GX_SIMSOPT/output/GX-nfp4_QH_000_000024: Step 4000: Time = 79.999998 	Heat flux = 2.127727e-08 	 Particle flux = 0.000000e+00 	 
ky	kx		omega		gamma
0.0000	0.0000
0.0500	0.0000		0.021346	-0.007324
0.1000	0.0000		0.045090	0.002739
0.1500	0.0000		0.035808	-0.007386
0.2000	0.0000		0.038022	0.019073
0.2500	0.0000		0.057001	0.034276
0.3000	0.0000		0.068312	0.010862
0.3500	0.0000		0.054725	0.034675
0.4000	0.0000		0.073202	0.046550
0.4500	0.0000		0.093283	0.049533
0.5000	0.0000		0.115498	0.043840
0.5500	0.0000		0.139265	0.027717
/m100/home/userexternal/rjorge00/some_optimizations/GX_SIMSOPT/output/GX-nfp4_QH_000_000024: Step 5000: Time = 99.999998 	Heat flux = 1.203233e-07 	 Particle flux = 0.000000e+00 	 
ky	kx		omega		gamma
0.0000	0.0000
0.0500	0.0000		0.023900	-0.005210
0.1000	0.0000		0.048764	0.004945
0.1500	0.0000		0.026766	-0.020294
0.2000	0.0000		0.040523	0.025620
0.2500	0.0000		0.061835	0.024340
0.3000	0.0000		0.054692	0.011834
0.3500	0.0000		0.058300	0.035413
0.4000	0.0000		0.073341	0.046258
0.4500	0.0000		0.093280	0.049521
0.5000	0.0000		0.115500	0.043828
0.5500	0.0000		0.139265	0.027717
/m100/home/userexternal/rjorge00/some_optimizations/GX_SIMSOPT/output/GX-nfp4_QH_000_000024: Step 6000: Time = 119.999997 	Heat flux = 7.298844e-07 	 Particle flux = 0.000000e+00 	 
ky	kx		omega		gamma
0.0000	0.0000
0.0500	0.0000		0.023536	-0.005747
0.1000	0.0000		0.051064	0.008318
0.1500	0.0000		-0.035143	-0.029194
0.2000	0.0000		0.040772	0.024417
0.2500	0.0000		0.058930	0.031196
0.3000	0.0000		0.062740	-0.012573
0.3500	0.0000		0.056854	0.035175
0.4000	0.0000		0.073168	0.046437
0.4500	0.0000		0.093277	0.049533
0.5000	0.0000		0.115499	0.043834
0.5500	0.0000		0.139263	0.027711
/m100/home/userexternal/rjorge00/some_optimizations/GX_SIMSOPT/output/GX-nfp4_QH_000_000024: Step 7000: Time = 139.999997 	Heat flux = 4.616783e-06 	 Particle flux = 0.000000e+00 	 
ky	kx		omega		gamma
0.0000	0.0000
0.0500	0.0000		0.024325	-0.007729
0.1000	0.0000		0.050751	0.012036
0.1500	0.0000		0.013184	0.061720
0.2000	0.0000		0.043931	0.026395
0.2500	0.0000		0.064000	0.023190
0.3000	0.0000		0.039615	0.052385
0.3500	0.0000		0.056507	0.033042
0.4000	0.0000		0.073206	0.046425
0.4500	0.0000		0.093279	0.049521
0.5000	0.0000		0.115495	0.043840
0.5500	0.0000		0.139261	0.027705
/m100/home/userexternal/rjorge00/some_optimizations/GX_SIMSOPT/output/GX-nfp4_QH_000_000024: Step 8000: Time = 159.999996 	Heat flux = 3.014657e-05 	 Particle flux = 0.000000e+00 	 
ky	kx		omega		gamma
0.0000	0.0000
0.0500	0.0000		0.027095	-0.009416
0.1000	0.0000		0.048926	0.013651
0.1500	0.0000		0.041481	0.034812
0.2000	0.0000		0.043650	0.019460
0.2500	0.0000		0.053819	0.029552
0.3000	0.0000		0.060719	0.005582
0.3500	0.0000		0.055499	0.035985
0.4000	0.0000		0.073256	0.046437
0.4500	0.0000		0.093285	0.049527
0.5000	0.0000		0.115498	0.043840
0.5500	0.0000		0.139265	0.027711
/m100/home/userexternal/rjorge00/some_optimizations/GX_SIMSOPT/output/GX-nfp4_QH_000_000024: Step 9000: Time = 179.999996 	Heat flux = 2.017943e-04 	 Particle flux = 0.000000e+00 	 
ky	kx		omega		gamma
0.0000	0.0000
0.0500	0.0000		0.030882	-0.008853
0.1000	0.0000		0.047146	0.013407
0.1500	0.0000		0.045076	0.016005
0.2000	0.0000		0.035175	0.025668
0.2500	0.0000		0.069742	0.028182
0.3000	0.0000		0.077549	0.063726
0.3500	0.0000		0.056379	0.035252
0.4000	0.0000		0.073218	0.046401
0.4500	0.0000		0.093280	0.049521
0.5000	0.0000		0.115495	0.043840
0.5500	0.0000		0.139264	0.027717
/m100/home/userexternal/rjorge00/some_optimizations/GX_SIMSOPT/output/GX-nfp4_QH_000_000024: Step 10000: Time = 199.999996 	Heat flux = 1.373303e-03 	 Particle flux = 0.000000e+00 	 
Total runtime = 3.937709 s (0.000394 s / timestep)
