Phi_vmec at LCFS = 0.048
Reference Length = 0.140212
Reference B Field = 0.777175
Interpolating using radial indices 8 and 9 of 15 from VMEC's half mesh
Weight for half mesh = 1 and 0
Interpolating using radial indicies 8 and 9 of 16 from VMEC's full mesh
Weight for full mesh = 1.5 and -0.5
iota = -1.05766
ds = 0.0666667
shat = -0.193031
d iota / ds = -0.204161
d pressure / ds = 0
theta pest = [-6.28319, -5.89049, -5.49779, -5.10509, -4.71239, -4.31969, -3.92699, -3.53429, -3.14159, -2.74889, -2.35619, -1.9635, -1.5708, -1.1781, -0.785398, -0.392699, 0, 0.392699, 0.785398, 1.1781, 1.5708, 1.9635, 2.35619, 2.74889, 3.14159, 3.53429, 3.92699, 4.31969, 4.71239, 5.10509, 5.49779, 5.89049, 6.28319, ]


---------------------------------------------
Beginning root solves to determine theta_vmec
Values of theta_vmec from GSL solver:
[-6.11586, -5.92109, -5.79104, -5.34579, -4.72903, -4.40435, -4.21486, -3.76313, -3.0295, -2.52645, -2.28943, -1.94935, -1.31449, -0.822914, -0.671635, -0.500985, 0, 0.500985, 0.671635, 0.822914, 1.31449, 1.94935, 2.28943, 2.52645, 3.0295, 3.76313, 4.21486, 4.40435, 4.72903, 5.34579, 5.79104, 5.92109, 6.11586, ]
---------------------------------------------

Relative difference between two methods for computing iota = 3.87693e-06 (should be << 1)
Relative difference between two methods for computing grad_zeta_X = 0.00111906 (should be << 1)
Relative difference between two methods for computing grad_zeta_Y = 0.00081139 (should be << 1)
maxval(abs(grad_zeta_Z)) = 1.72403e-16 (should be < 1.)
Relative difference between two methods for computing sqrt_g = 0.0010358 (should be << 1)
Relative difference between two methods for computing 1/sqrt_g = 0.000890118 (should be << 1)
Relative difference between two methods for computing B_sub_theta_vmec = 0.000752832 (should be << 1)
Relative difference between two methods for computing B_sub_zeta = 0.000120298 (should be << 1)
Relative difference between two methods for computing B_sub_s = 0.0013649 (should be << 1)
Relative difference between two methods for computing B_sup_theta_vmec = 0.000917926 (should be << 1)
Relative difference between two methods for computing B_sup_zeta = 4.26397e-06 (should be << 1)
maxval(abs(B_sup_s)) = 1.9984e-15 (should be < 1.)
Relative difference between two methods for computing B_cross_grad_s_dot_grad_alpha = 0.00101144 (should be << 1)
Relative difference between two methods for computing B_cross_grad_B_dot_grad_alpha = 0.000905619 (should be << 1)



**************************************************
You have chosen not to take a subset of the flux tube. The (unscaled) flux tube will go from [-6.28319,6.28319]
**************************************************
Finished creating grid file
