nlambda
20
lambda
0.8517627354716443
0.8634889567731381
0.8752151780746318
0.8869413993761256
0.8986676206776194
0.9103938419791131
0.9221200632806069
0.9338462845821007
0.9455725058835944
0.9572987271850882
0.969024948486582
0.9807511697880757
0.9924773910895696
1.0042036123910634
1.015929833692557
1.0276560549940508
1.0393822762955447
1.0511084975970384
1.062834718898532
1.074560940200026
ntgrid nperiod ntheta drhodpsi rmaj shat kxfac q
25 1 50 1.0 1.0 -0.6708530557205948 1.0 1.6604083844072075
gbdrift gradpar grho tgrid
-0.346596596362879 0.22766298121740705 1.0 -6.283185307179586
-0.28541951475781285 0.24289114344653961 1.0 -6.031857894892402
-0.38642186248656607 0.2579160680685077 1.0 -5.7805304826052195
-0.5292616611019675 0.26662263019550186 1.0 -5.529203070318036
-0.4713029737697556 0.2701896762528781 1.0 -5.277875658030853
-0.3910708227431846 0.26790855810215963 1.0 -5.026548245743669
-0.3979055117316541 0.260528690682554 1.0 -4.775220833456485
-0.48411055784877755 0.2473423371493104 1.0 -4.523893421169301
-0.5674773246469681 0.23164148741164559 1.0 -4.2725660088821185
-0.6988309074930962 0.21970955728820563 1.0 -4.0212385965949355
-0.8197008460543679 0.21422166304652618 1.0 -3.7699111843077517
-0.6644839418169057 0.2243366651103633 1.0 -3.518583772020568
-0.6611499844543182 0.24425810914890522 1.0 -3.2672563597333846
-0.5751067965192554 0.2603005907623341 1.0 -3.015928947446201
-0.6838315387427156 0.26529565254981935 1.0 -2.7646015351590174
-0.8378093201807718 0.25580351782260874 1.0 -2.513274122871834
-0.6707765645489042 0.23846073884872718 1.0 -2.2619467105846507
-0.748257310305654 0.21946526888160497 1.0 -2.010619298297467
-0.6782876006099611 0.20303664451840492 1.0 -1.759291886010284
-0.22454055876150697 0.1909868192702494 1.0 -1.5079644737231002
-0.28163502766589843 0.19147089660460173 1.0 -1.2566370614359172
-0.3416326842368605 0.2021665029754402 1.0 -1.0053096491487334
-0.12108637062845513 0.20426800575135298 1.0 -0.7539822368615496
-0.06424212199780893 0.19867180825204409 1.0 -0.5026548245743667
-0.01898731169016713 0.19255244032959035 1.0 -0.2513274122871829
0.014964360680204842 0.19011239110787104 1.0 8.881784197001252e-16
-0.01898731169016731 0.1925524403295904 1.0 0.2513274122871838
-0.06424212199780889 0.1986718082520442 1.0 0.5026548245743676
-0.12108637062845615 0.20426800575135282 1.0 0.7539822368615514
-0.34163268423686116 0.20216650297544017 1.0 1.0053096491487343
-0.28163502766589793 0.19147089660460176 1.0 1.2566370614359181
-0.22454055876150752 0.1909868192702493 1.0 1.507964473723101
-0.6782876006099627 0.203036644518405 1.0 1.7592918860102849
-0.7482573103056509 0.21946526888160503 1.0 2.0106192982974687
-0.6707765645489061 0.23846073884872726 1.0 2.2619467105846525
-0.8378093201807718 0.2558035178226087 1.0 2.5132741228718345
-0.6838315387427161 0.26529565254981935 1.0 2.7646015351590183
-0.5751067965192554 0.2603005907623341 1.0 3.015928947446202
-0.661149984454318 0.24425810914890508 1.0 3.267256359733386
-0.6644839418169065 0.22433666511036326 1.0 3.5185837720205697
-0.8197008460543679 0.21422166304652618 1.0 3.7699111843077517
-0.6988309074930962 0.21970955728820563 1.0 4.0212385965949355
-0.567477324646967 0.23164148741164564 1.0 4.272566008882119
-0.48411055784877705 0.24734233714931037 1.0 4.523893421169303
-0.3979055117316533 0.26052869068255413 1.0 4.775220833456487
-0.39107082274318533 0.2679085581021595 1.0 5.026548245743671
-0.4713029737697556 0.2701896762528781 1.0 5.277875658030853
-0.5292616611019678 0.26662263019550175 1.0 5.529203070318037
-0.386421862486566 0.2579160680685077 1.0 5.78053048260522
-0.28541951475781446 0.24289114344653961 1.0 6.031857894892404
-0.346596596362879 0.22766298121740705 1.0 6.283185307179586
cvdrift gds2 bmag tgrid
-0.19723269689959927 34.18278628770799 1.1417237179047193 -6.283185307179586
-0.1334877465693426 27.821536089301237 1.1320342027358945 -6.031857894892402
-0.23329498332300488 18.994320904865297 1.1276079497488167 -5.7805304826052195
-0.3759796398160809 11.286093494267384 1.127037159459699 -5.529203070318036
-0.3177514647377039 6.7500746360780814 1.126047732251647 -5.277875658030853
-0.23746671650811646 4.14023001953529 1.1258549248012744 -5.026548245743669
-0.24491984061781308 2.878108690440935 1.1281282291740893 -4.775220833456485
-0.3314517731944163 2.7732661299114456 1.129335407142757 -4.523893421169301
-0.4175649287625135 3.6023353973769945 1.139633146172847 -4.2725660088821185
-0.5507603818441683 4.7022729072300935 1.1466992689997138 -4.0212385965949355
-0.6741264429368286 5.768400198390678 1.1564885455924432 -3.7699111843077517
-0.5193124750375416 6.421433581121579 1.158092401942237 -3.518583772020568
-0.5071191671661945 7.037071457285903 1.1242943672014474 -3.2672563597333846
-0.41379909226623146 9.645137525885485 1.0986422324960836 -3.015928947446201
-0.519993361178485 12.238380186181352 1.0901249773382125 -2.7646015351590174
-0.6708248058226016 14.123493038761172 1.0798060235463933 -2.513274122871834
-0.49640463059884377 14.675110960071107 1.0566850244527841 -2.2619467105846507
-0.5652684133273422 12.800173422394689 1.0315053268180545 -2.010619298297467
-0.4898335570766451 9.633679674678396 1.0164385186665617 -1.759291886010284
-0.01753871486882705 4.745087787379414 0.9698325091037845 -1.5079644737231002
-0.06485705772553976 1.6798513113025226 0.9477117654621704 -1.2566370614359172
-0.1314047656511547 0.744815255431803 0.9623624064770764 -1.0053096491487334
0.0943785801764755 0.4957922668912707 0.950595003964776 -0.7539822368615496
0.15680491997147117 0.29456347009332823 0.9385155893337863 -0.5026548245743667
0.20737062403321635 0.1896822476666654 0.9274403406142943 -0.2513274122871829
0.2447151345951313 0.15612299830295287 0.920566895605901 8.881784197001252e-16
0.20737062403321616 0.18968224766666528 0.9274403406142943 0.2513274122871838
0.15680491997147106 0.29456347009332867 0.9385155893337866 0.5026548245743676
0.09437858017647441 0.49579226689127215 0.9505950039647763 0.7539822368615514
-0.13140476565115536 0.7448152554318048 0.9623624064770764 1.0053096491487343
-0.06485705772553915 1.67985131130253 0.9477117654621703 1.2566370614359181
-0.01753871486882766 4.745087787379427 0.9698325091037847 1.507964473723101
-0.4898335570766468 9.633679674678406 1.0164385186665617 1.7592918860102849
-0.5652684133273391 12.800173422394707 1.0315053268180545 2.0106192982974687
-0.49640463059884576 14.675110960071134 1.0566850244527846 2.2619467105846525
-0.6708248058226016 14.123493038761168 1.0798060235463933 2.5132741228718345
-0.5199933611784855 12.238380186181345 1.0901249773382125 2.7646015351590183
-0.41379909226623157 9.645137525885461 1.098642232496084 3.015928947446202
-0.5071191671661944 7.037071457285888 1.1242943672014476 3.267256359733386
-0.5193124750375424 6.421433581121589 1.1580924019422372 3.5185837720205697
-0.6741264429368286 5.768400198390678 1.1564885455924432 3.7699111843077517
-0.5507603818441683 4.7022729072300935 1.1466992689997138 4.0212385965949355
-0.4175649287625124 3.6023353973769963 1.139633146172847 4.272566008882119
-0.3314517731944159 2.773266129911444 1.1293354071427573 4.523893421169303
-0.2449198406178122 2.8781086904409343 1.128128229174089 4.775220833456487
-0.23746671650811718 4.1402300195352995 1.1258549248012744 5.026548245743671
-0.3177514647377039 6.7500746360780814 1.126047732251647 5.277875658030853
-0.3759796398160814 11.286093494267433 1.1270371594596995 5.529203070318037
-0.23329498332300483 18.994320904865308 1.1276079497488167 5.78053048260522
-0.13348774656934415 27.82153608930129 1.132034202735894 6.031857894892404
-0.19723269689959927 34.18278628770799 1.1417237179047193 6.283185307179586
gds21 gds22 tgrid
7.023151232510443 1.4600662868741487 -6.283185307179586
5.579541037462878 1.139568734474163 -6.031857894892402
3.8320983693302426 0.8031472591321893 -5.7805304826052195
2.441096300314515 0.5785073812591565 -5.529203070318036
1.6879020841388588 0.5066540762630852 -5.277875658030853
1.2875926628798307 0.5381881001733216 -5.026548245743669
1.2320241039654791 0.7255087792905061 -4.775220833456485
1.5378299263882829 1.0587601287621466 -4.523893421169301
2.135303588549403 1.4274573067915046 -4.2725660088821185
2.6535459082788866 1.6230949214067303 -4.0212385965949355
2.801799704892489 1.4646684097608789 -3.7699111843077517
2.3494914559266205 0.9541850065535884 -3.518583772020568
1.8711226321737302 0.5785610440920704 -3.2672563597333846
2.139477786789369 0.5307144074816188 -3.015928947446201
2.605171505328613 0.5987079678023072 -2.7646015351590174
3.0491218382734937 0.6953831554135267 -2.513274122871834
3.1143275881826065 0.6955322894701447 -2.2619467105846507
2.645377783653117 0.5842347501029476 -2.010619298297467
1.9287179970512933 0.43462561764675595 -1.759291886010284
0.7733896518376339 0.21564340469604953 -1.5079644737231002
0.20330695791653075 0.2651010029913548 -1.2566370614359172
0.3026076573939211 0.682786285397171 -1.0053096491487334
0.37583991126007793 1.1109829061586691 -0.7539822368615496
0.30751712583231816 1.6681241804424165 -0.5026548245743667
0.19584053165578552 2.2542308094877836 -0.2513274122871829
-7.468078158925317e-16 2.4612994458695736 8.881784197001252e-16
-0.19584053165578572 2.254230809487778 0.2513274122871838
-0.3075171258323186 1.6681241804424154 0.5026548245743676
-0.3758399112600782 1.110982906158666 0.7539822368615514
-0.30260765739392065 0.6827862853971698 1.0053096491487343
-0.20330695791653117 0.2651010029913537 1.2566370614359181
-0.7733896518376372 0.2156434046960501 1.507964473723101
-1.9287179970512969 0.43462561764675683 1.7592918860102849
-2.64537778365312 0.5842347501029481 2.0106192982974687
-3.114327588182615 0.6955322894701471 2.2619467105846525
-3.049121838273492 0.6953831554135261 2.5132741228718345
-2.6051715053286126 0.598707967802307 2.7646015351590183
-2.1394777867893646 0.5307144074816177 3.015928947446202
-1.8711226321737293 0.5785610440920709 3.267256359733386
-2.349491455926629 0.9541850065535933 3.5185837720205697
-2.801799704892489 1.4646684097608789 3.7699111843077517
-2.6535459082788866 1.6230949214067303 4.0212385965949355
-2.1353035885494034 1.427457306791505 4.272566008882119
-1.5378299263882804 1.0587601287621449 4.523893421169303
-1.2320241039654751 0.7255087792905034 4.775220833456487
-1.2875926628798302 0.5381881001733202 5.026548245743671
-1.6879020841388588 0.5066540762630852 5.277875658030853
-2.441096300314525 0.5785073812591582 5.529203070318037
-3.8320983693302426 0.803147259132189 5.78053048260522
-5.579541037462893 1.139568734474167 6.031857894892404
-7.023151232510443 1.4600662868741487 6.283185307179586
cvdrift0 gbdrift0 tgrid
-0.04201445820462144 -0.04201445820462144 -6.283185307179586
-0.03580304134972302 -0.03580304134972302 -6.031857894892402
-0.006198562391804562 -0.006198562391804562 -5.7805304826052195
0.024436330093166075 0.024436330093166075 -5.529203070318036
0.004180022991605317 0.004180022991605317 -5.277875658030853
-0.017287481293800887 -0.017287481293800887 -5.026548245743669
-0.013396734023705519 -0.013396734023705519 -4.775220833456485
0.03378679215402118 0.03378679215402118 -4.523893421169301
0.03329645020258004 0.03329645020258004 -4.2725660088821185
0.06074649468194714 0.06074649468194714 -4.0212385965949355
0.0691038638971347 0.0691038638971347 -3.7699111843077517
-0.0195069745054484 -0.0195069745054484 -3.518583772020568
0.05754743133201295 0.05754743133201295 -3.2672563597333846
0.08895483609355495 0.08895483609355495 -3.015928947446201
0.13969437516826688 0.13969437516826688 -2.7646015351590174
0.1795026605567344 0.1795026605567344 -2.513274122871834
0.1733906799166947 0.1733906799166947 -2.2619467105846507
0.22640230622240537 0.22640230622240537 -2.010619298297467
0.21032955389981522 0.21032955389981522 -1.759291886010284
0.19543857905661166 0.19543857905661166 -1.5079644737231002
0.33598113116022615 0.33598113116022615 -1.2566370614359172
0.31446805483065987 0.31446805483065987 -1.0053096491487334
0.12784390384705893 0.12784390384705893 -0.7539822368615496
0.11791170190343574 0.11791170190343574 -0.5026548245743667
0.04040800074075522 0.04040800074075522 -0.2513274122871829
-6.72408968700524e-17 -6.72408968700524e-17 8.881784197001252e-16
-0.04040800074075547 -0.04040800074075547 0.2513274122871838
-0.11791170190343578 -0.11791170190343578 0.5026548245743676
-0.12784390384705943 -0.12784390384705943 0.7539822368615514
-0.3144680548306608 -0.3144680548306608 1.0053096491487343
-0.3359811311602259 -0.3359811311602259 1.2566370614359181
-0.1954385790566112 -0.1954385790566112 1.507964473723101
-0.21032955389981559 -0.21032955389981559 1.7592918860102849
-0.22640230622240462 -0.22640230622240462 2.0106192982974687
-0.17339067991669488 -0.17339067991669488 2.2619467105846525
-0.17950266055673433 -0.17950266055673433 2.5132741228718345
-0.13969437516826697 -0.13969437516826697 2.7646015351590183
-0.0889548360935547 -0.0889548360935547 3.015928947446202
-0.05754743133201274 -0.05754743133201274 3.267256359733386
0.01950697450544843 0.01950697450544843 3.5185837720205697
-0.0691038638971347 -0.0691038638971347 3.7699111843077517
-0.06074649468194714 -0.06074649468194714 4.0212385965949355
-0.03329645020258 -0.03329645020258 4.272566008882119
-0.03378679215402105 -0.03378679215402105 4.523893421169303
0.01339673402370587 0.01339673402370587 4.775220833456487
0.0172874812938007 0.0172874812938007 5.026548245743671
-0.004180022991605317 -0.004180022991605317 5.277875658030853
-0.024436330093166245 -0.024436330093166245 5.529203070318037
0.006198562391804516 0.006198562391804516 5.78053048260522
0.03580304134972296 0.03580304134972296 6.031857894892404
0.04201445820462144 0.04201445820462144 6.283185307179586
Rplot Rprime tgrid
0.0 0.0 -6.283185307179586
0.0 0.0 -6.031857894892402
0.0 0.0 -5.7805304826052195
0.0 0.0 -5.529203070318036
0.0 0.0 -5.277875658030853
0.0 0.0 -5.026548245743669
0.0 0.0 -4.775220833456485
0.0 0.0 -4.523893421169301
0.0 0.0 -4.2725660088821185
0.0 0.0 -4.0212385965949355
0.0 0.0 -3.7699111843077517
0.0 0.0 -3.518583772020568
0.0 0.0 -3.2672563597333846
0.0 0.0 -3.015928947446201
0.0 0.0 -2.7646015351590174
0.0 0.0 -2.513274122871834
0.0 0.0 -2.2619467105846507
0.0 0.0 -2.010619298297467
0.0 0.0 -1.759291886010284
0.0 0.0 -1.5079644737231002
0.0 0.0 -1.2566370614359172
0.0 0.0 -1.0053096491487334
0.0 0.0 -0.7539822368615496
0.0 0.0 -0.5026548245743667
0.0 0.0 -0.2513274122871829
0.0 0.0 8.881784197001252e-16
0.0 0.0 0.2513274122871838
0.0 0.0 0.5026548245743676
0.0 0.0 0.7539822368615514
0.0 0.0 1.0053096491487343
0.0 0.0 1.2566370614359181
0.0 0.0 1.507964473723101
0.0 0.0 1.7592918860102849
0.0 0.0 2.0106192982974687
0.0 0.0 2.2619467105846525
0.0 0.0 2.5132741228718345
0.0 0.0 2.7646015351590183
0.0 0.0 3.015928947446202
0.0 0.0 3.267256359733386
0.0 0.0 3.5185837720205697
0.0 0.0 3.7699111843077517
0.0 0.0 4.0212385965949355
0.0 0.0 4.272566008882119
0.0 0.0 4.523893421169303
0.0 0.0 4.775220833456487
0.0 0.0 5.026548245743671
0.0 0.0 5.277875658030853
0.0 0.0 5.529203070318037
0.0 0.0 5.78053048260522
0.0 0.0 6.031857894892404
0.0 0.0 6.283185307179586
Zplot Rprime tgrid
0.0 0.0 -6.283185307179586
0.0 0.0 -6.031857894892402
0.0 0.0 -5.7805304826052195
0.0 0.0 -5.529203070318036
0.0 0.0 -5.277875658030853
0.0 0.0 -5.026548245743669
0.0 0.0 -4.775220833456485
0.0 0.0 -4.523893421169301
0.0 0.0 -4.2725660088821185
0.0 0.0 -4.0212385965949355
0.0 0.0 -3.7699111843077517
0.0 0.0 -3.518583772020568
0.0 0.0 -3.2672563597333846
0.0 0.0 -3.015928947446201
0.0 0.0 -2.7646015351590174
0.0 0.0 -2.513274122871834
0.0 0.0 -2.2619467105846507
0.0 0.0 -2.010619298297467
0.0 0.0 -1.759291886010284
0.0 0.0 -1.5079644737231002
0.0 0.0 -1.2566370614359172
0.0 0.0 -1.0053096491487334
0.0 0.0 -0.7539822368615496
0.0 0.0 -0.5026548245743667
0.0 0.0 -0.2513274122871829
0.0 0.0 8.881784197001252e-16
0.0 0.0 0.2513274122871838
0.0 0.0 0.5026548245743676
0.0 0.0 0.7539822368615514
0.0 0.0 1.0053096491487343
0.0 0.0 1.2566370614359181
0.0 0.0 1.507964473723101
0.0 0.0 1.7592918860102849
0.0 0.0 2.0106192982974687
0.0 0.0 2.2619467105846525
0.0 0.0 2.5132741228718345
0.0 0.0 2.7646015351590183
0.0 0.0 3.015928947446202
0.0 0.0 3.267256359733386
0.0 0.0 3.5185837720205697
0.0 0.0 3.7699111843077517
0.0 0.0 4.0212385965949355
0.0 0.0 4.272566008882119
0.0 0.0 4.523893421169303
0.0 0.0 4.775220833456487
0.0 0.0 5.026548245743671
0.0 0.0 5.277875658030853
0.0 0.0 5.529203070318037
0.0 0.0 5.78053048260522
0.0 0.0 6.031857894892404
0.0 0.0 6.283185307179586
aplot Rprime tgrid
0.0 0.0 -6.283185307179586
0.0 0.0 -6.031857894892402
0.0 0.0 -5.7805304826052195
0.0 0.0 -5.529203070318036
0.0 0.0 -5.277875658030853
0.0 0.0 -5.026548245743669
0.0 0.0 -4.775220833456485
0.0 0.0 -4.523893421169301
0.0 0.0 -4.2725660088821185
0.0 0.0 -4.0212385965949355
0.0 0.0 -3.7699111843077517
0.0 0.0 -3.518583772020568
0.0 0.0 -3.2672563597333846
0.0 0.0 -3.015928947446201
0.0 0.0 -2.7646015351590174
0.0 0.0 -2.513274122871834
0.0 0.0 -2.2619467105846507
0.0 0.0 -2.010619298297467
0.0 0.0 -1.759291886010284
0.0 0.0 -1.5079644737231002
0.0 0.0 -1.2566370614359172
0.0 0.0 -1.0053096491487334
0.0 0.0 -0.7539822368615496
0.0 0.0 -0.5026548245743667
0.0 0.0 -0.2513274122871829
0.0 0.0 8.881784197001252e-16
0.0 0.0 0.2513274122871838
0.0 0.0 0.5026548245743676
0.0 0.0 0.7539822368615514
0.0 0.0 1.0053096491487343
0.0 0.0 1.2566370614359181
0.0 0.0 1.507964473723101
0.0 0.0 1.7592918860102849
0.0 0.0 2.0106192982974687
0.0 0.0 2.2619467105846525
0.0 0.0 2.5132741228718345
0.0 0.0 2.7646015351590183
0.0 0.0 3.015928947446202
0.0 0.0 3.267256359733386
0.0 0.0 3.5185837720205697
0.0 0.0 3.7699111843077517
0.0 0.0 4.0212385965949355
0.0 0.0 4.272566008882119
0.0 0.0 4.523893421169303
0.0 0.0 4.775220833456487
0.0 0.0 5.026548245743671
0.0 0.0 5.277875658030853
0.0 0.0 5.529203070318037
0.0 0.0 5.78053048260522
0.0 0.0 6.031857894892404
0.0 0.0 6.283185307179586